compute004
4
/home/zihan/anaconda3/envs/exp/lib/python3.6/site-packages/tensorboard/compat/tensorflow_stub/dtypes.py:541: FutureWarning: Passing (type, 1) or '1type' as a synonym of type is deprecated; in a future version of numpy, it will be understood as (type, (1,)) / '(1,)type'.
  _np_qint8 = np.dtype([("qint8", np.int8, 1)])
/home/zihan/anaconda3/envs/exp/lib/python3.6/site-packages/tensorboard/compat/tensorflow_stub/dtypes.py:542: FutureWarning: Passing (type, 1) or '1type' as a synonym of type is deprecated; in a future version of numpy, it will be understood as (type, (1,)) / '(1,)type'.
  _np_quint8 = np.dtype([("quint8", np.uint8, 1)])
/home/zihan/anaconda3/envs/exp/lib/python3.6/site-packages/tensorboard/compat/tensorflow_stub/dtypes.py:543: FutureWarning: Passing (type, 1) or '1type' as a synonym of type is deprecated; in a future version of numpy, it will be understood as (type, (1,)) / '(1,)type'.
  _np_qint16 = np.dtype([("qint16", np.int16, 1)])
/home/zihan/anaconda3/envs/exp/lib/python3.6/site-packages/tensorboard/compat/tensorflow_stub/dtypes.py:544: FutureWarning: Passing (type, 1) or '1type' as a synonym of type is deprecated; in a future version of numpy, it will be understood as (type, (1,)) / '(1,)type'.
  _np_quint16 = np.dtype([("quint16", np.uint16, 1)])
/home/zihan/anaconda3/envs/exp/lib/python3.6/site-packages/tensorboard/compat/tensorflow_stub/dtypes.py:545: FutureWarning: Passing (type, 1) or '1type' as a synonym of type is deprecated; in a future version of numpy, it will be understood as (type, (1,)) / '(1,)type'.
  _np_qint32 = np.dtype([("qint32", np.int32, 1)])
/home/zihan/anaconda3/envs/exp/lib/python3.6/site-packages/tensorboard/compat/tensorflow_stub/dtypes.py:550: FutureWarning: Passing (type, 1) or '1type' as a synonym of type is deprecated; in a future version of numpy, it will be understood as (type, (1,)) / '(1,)type'.
  np_resource = np.dtype([("resource", np.ubyte, 1)])
Epoch: 01 | Batch: 000 | CrossEntropy-loss: 1.38917 | Correct: 200/1280 | Difference: 0.9724784218460235
Epoch: 01 | Batch: 100 | CrossEntropy-loss: 1.27475 | Correct: 515/1280 | Difference: 0.9509643090842838
Epoch: 01 | Batch: 200 | CrossEntropy-loss: 1.16180 | Correct: 864/1280 | Difference: 0.9334603066967151
Epoch: 01 | Batch: 300 | CrossEntropy-loss: 1.08904 | Correct: 861/1280 | Difference: 0.9237085513853409
Epoch: 01 | Batch: 400 | CrossEntropy-loss: 1.03800 | Correct: 784/1280 | Difference: 0.9112338532837473
Epoch: 01 | Batch: 500 | CrossEntropy-loss: 0.95978 | Correct: 797/1280 | Difference: 0.8972763913132318
Epoch: 01 | Batch: 600 | CrossEntropy-loss: 0.88176 | Correct: 873/1280 | Difference: 0.8847052035567193
Epoch: 01 | Batch: 700 | CrossEntropy-loss: 0.86306 | Correct: 881/1280 | Difference: 0.8756922775906423
Epoch: 01 | Batch: 800 | CrossEntropy-loss: 0.85592 | Correct: 897/1280 | Difference: 0.8697261435697796
Epoch: 01 | Batch: 900 | CrossEntropy-loss: 0.81504 | Correct: 929/1280 | Difference: 0.8633815030024886
Epoch: 01 | Batch: 1000 | CrossEntropy-loss: 0.76894 | Correct: 944/1280 | Difference: 0.8554386994919722
Epoch: 01 | Batch: 1100 | CrossEntropy-loss: 0.77391 | Correct: 924/1280 | Difference: 0.8476370115972092
Epoch: 01 | Batch: 1200 | CrossEntropy-loss: 0.74832 | Correct: 987/1280 | Difference: 0.8428542963729486
Epoch: 01 | Batch: 1300 | CrossEntropy-loss: 0.77917 | Correct: 956/1280 | Difference: 0.8370569309272631
Epoch: 01 | Batch: 1400 | CrossEntropy-loss: 0.74152 | Correct: 960/1280 | Difference: 0.8303437913792033
Epoch: 01 | Batch: 1500 | CrossEntropy-loss: 0.71352 | Correct: 965/1280 | Difference: 0.8241185641690106

Epoch: 01 | Testing Accuracy: 384167/504607 (76.132%) | Historical Best: 76.132% 

Epoch: 02 | Batch: 000 | CrossEntropy-loss: 0.69708 | Correct: 976/1280 | Difference: 0.8206489067715084
Epoch: 02 | Batch: 100 | CrossEntropy-loss: 0.69243 | Correct: 975/1280 | Difference: 0.8181419361809977
Epoch: 02 | Batch: 200 | CrossEntropy-loss: 0.70272 | Correct: 970/1280 | Difference: 0.8155794264683317
Epoch: 02 | Batch: 300 | CrossEntropy-loss: 0.66504 | Correct: 988/1280 | Difference: 0.812611107746098
Epoch: 02 | Batch: 400 | CrossEntropy-loss: 0.64349 | Correct: 997/1280 | Difference: 0.8100582820422563
Epoch: 02 | Batch: 500 | CrossEntropy-loss: 0.65816 | Correct: 991/1280 | Difference: 0.8101740424063569
Epoch: 02 | Batch: 600 | CrossEntropy-loss: 0.64632 | Correct: 983/1280 | Difference: 0.8086160005671346
Epoch: 02 | Batch: 700 | CrossEntropy-loss: 0.63151 | Correct: 984/1280 | Difference: 0.8063866569968506
Epoch: 02 | Batch: 800 | CrossEntropy-loss: 0.60376 | Correct: 1002/1280 | Difference: 0.8033263132790195
Epoch: 02 | Batch: 900 | CrossEntropy-loss: 0.62241 | Correct: 983/1280 | Difference: 0.8008466203991446
Epoch: 02 | Batch: 1000 | CrossEntropy-loss: 0.58065 | Correct: 1026/1280 | Difference: 0.7983258424168231
Epoch: 02 | Batch: 1100 | CrossEntropy-loss: 0.62231 | Correct: 995/1280 | Difference: 0.7955425149984388
Epoch: 02 | Batch: 1200 | CrossEntropy-loss: 0.58762 | Correct: 1001/1280 | Difference: 0.7928005611529141
Epoch: 02 | Batch: 1300 | CrossEntropy-loss: 0.56910 | Correct: 1016/1280 | Difference: 0.7902647978432848
Epoch: 02 | Batch: 1400 | CrossEntropy-loss: 0.58836 | Correct: 1017/1280 | Difference: 0.7888688545775878
Epoch: 02 | Batch: 1500 | CrossEntropy-loss: 0.60330 | Correct: 1009/1280 | Difference: 0.7882589511614766

Epoch: 02 | Testing Accuracy: 394804/504607 (78.240%) | Historical Best: 78.240% 

Epoch: 03 | Batch: 000 | CrossEntropy-loss: 0.57281 | Correct: 1008/1280 | Difference: 0.7875416463781574
Epoch: 03 | Batch: 100 | CrossEntropy-loss: 0.54842 | Correct: 1018/1280 | Difference: 0.7878642824994335
Epoch: 03 | Batch: 200 | CrossEntropy-loss: 0.55071 | Correct: 1012/1280 | Difference: 0.7892110844390093
Epoch: 03 | Batch: 300 | CrossEntropy-loss: 0.57813 | Correct: 1014/1280 | Difference: 0.7898458756633332
Epoch: 03 | Batch: 400 | CrossEntropy-loss: 0.57335 | Correct: 1003/1280 | Difference: 0.789993710401335
Epoch: 03 | Batch: 500 | CrossEntropy-loss: 0.53673 | Correct: 1020/1280 | Difference: 0.7902697664587904
Epoch: 03 | Batch: 600 | CrossEntropy-loss: 0.53972 | Correct: 1007/1280 | Difference: 0.7900503374481571
Epoch: 03 | Batch: 700 | CrossEntropy-loss: 0.53930 | Correct: 1011/1280 | Difference: 0.7898130365669049
Epoch: 03 | Batch: 800 | CrossEntropy-loss: 0.52960 | Correct: 1012/1280 | Difference: 0.7897395798826425
Epoch: 03 | Batch: 900 | CrossEntropy-loss: 0.51938 | Correct: 1021/1280 | Difference: 0.7901866727742443
Epoch: 03 | Batch: 1000 | CrossEntropy-loss: 0.51759 | Correct: 1033/1280 | Difference: 0.790280992996629
Epoch: 03 | Batch: 1100 | CrossEntropy-loss: 0.54194 | Correct: 996/1280 | Difference: 0.7910139096396362
Epoch: 03 | Batch: 1200 | CrossEntropy-loss: 0.51929 | Correct: 1031/1280 | Difference: 0.7911983786434582
Epoch: 03 | Batch: 1300 | CrossEntropy-loss: 0.53610 | Correct: 1020/1280 | Difference: 0.7913961978547448
Epoch: 03 | Batch: 1400 | CrossEntropy-loss: 0.49047 | Correct: 1033/1280 | Difference: 0.7922244484858559
Epoch: 03 | Batch: 1500 | CrossEntropy-loss: 0.48639 | Correct: 1047/1280 | Difference: 0.7925919938386009

Epoch: 03 | Testing Accuracy: 404893/504607 (80.239%) | Historical Best: 80.239% 

Epoch: 04 | Batch: 000 | CrossEntropy-loss: 0.51156 | Correct: 1032/1280 | Difference: 0.7924500685626171
Epoch: 04 | Batch: 100 | CrossEntropy-loss: 0.48425 | Correct: 1040/1280 | Difference: 0.7921027967457522
Epoch: 04 | Batch: 200 | CrossEntropy-loss: 0.51248 | Correct: 1036/1280 | Difference: 0.7916652398194288
Epoch: 04 | Batch: 300 | CrossEntropy-loss: 0.53899 | Correct: 1028/1280 | Difference: 0.7914554392143806
Epoch: 04 | Batch: 400 | CrossEntropy-loss: 0.52004 | Correct: 1018/1280 | Difference: 0.7908984363979916
Epoch: 04 | Batch: 500 | CrossEntropy-loss: 0.52806 | Correct: 1031/1280 | Difference: 0.7902832279770172
Epoch: 04 | Batch: 600 | CrossEntropy-loss: 0.52212 | Correct: 1019/1280 | Difference: 0.7895472035082524
Epoch: 04 | Batch: 700 | CrossEntropy-loss: 0.47146 | Correct: 1042/1280 | Difference: 0.7898179533353413
Epoch: 04 | Batch: 800 | CrossEntropy-loss: 0.50875 | Correct: 1057/1280 | Difference: 0.7900386102342886
Epoch: 04 | Batch: 900 | CrossEntropy-loss: 0.48050 | Correct: 1047/1280 | Difference: 0.7904739859200491
Epoch: 04 | Batch: 1000 | CrossEntropy-loss: 0.50217 | Correct: 1042/1280 | Difference: 0.7908223605817059
Epoch: 04 | Batch: 1100 | CrossEntropy-loss: 0.52897 | Correct: 1024/1280 | Difference: 0.7909521309317032
Epoch: 04 | Batch: 1200 | CrossEntropy-loss: 0.50550 | Correct: 1056/1280 | Difference: 0.7907456507721328
Epoch: 04 | Batch: 1300 | CrossEntropy-loss: 0.49052 | Correct: 1043/1280 | Difference: 0.7904207853451051
Epoch: 04 | Batch: 1400 | CrossEntropy-loss: 0.45376 | Correct: 1064/1280 | Difference: 0.7904956034687797
Epoch: 04 | Batch: 1500 | CrossEntropy-loss: 0.48314 | Correct: 1066/1280 | Difference: 0.7902959623938003

Epoch: 04 | Testing Accuracy: 411194/504607 (81.488%) | Historical Best: 81.488% 

Epoch: 05 | Batch: 000 | CrossEntropy-loss: 0.50732 | Correct: 1037/1280 | Difference: 0.7902148426196629
Epoch: 05 | Batch: 100 | CrossEntropy-loss: 0.46185 | Correct: 1058/1280 | Difference: 0.7899194695433323
Epoch: 05 | Batch: 200 | CrossEntropy-loss: 0.47383 | Correct: 1038/1280 | Difference: 0.7902082479311229
Epoch: 05 | Batch: 300 | CrossEntropy-loss: 0.47054 | Correct: 1043/1280 | Difference: 0.7901863914183184
Epoch: 05 | Batch: 400 | CrossEntropy-loss: 0.46884 | Correct: 1051/1280 | Difference: 0.7897353513218668
Epoch: 05 | Batch: 500 | CrossEntropy-loss: 0.49662 | Correct: 1028/1280 | Difference: 0.7896700666388132
Epoch: 05 | Batch: 600 | CrossEntropy-loss: 0.46929 | Correct: 1054/1280 | Difference: 0.789182667592431
Epoch: 05 | Batch: 700 | CrossEntropy-loss: 0.46126 | Correct: 1053/1280 | Difference: 0.7888288384456462
Epoch: 05 | Batch: 800 | CrossEntropy-loss: 0.43918 | Correct: 1075/1280 | Difference: 0.7880772565103868
Epoch: 05 | Batch: 900 | CrossEntropy-loss: 0.46281 | Correct: 1044/1280 | Difference: 0.7876428714624736
Epoch: 05 | Batch: 1000 | CrossEntropy-loss: 0.45812 | Correct: 1056/1280 | Difference: 0.7870261798515832
Epoch: 05 | Batch: 1100 | CrossEntropy-loss: 0.46692 | Correct: 1040/1280 | Difference: 0.7862108737421112
Epoch: 05 | Batch: 1200 | CrossEntropy-loss: 0.48374 | Correct: 1026/1280 | Difference: 0.7856857883605873
Epoch: 05 | Batch: 1300 | CrossEntropy-loss: 0.43542 | Correct: 1073/1280 | Difference: 0.7851884828390018
Epoch: 05 | Batch: 1400 | CrossEntropy-loss: 0.46703 | Correct: 1053/1280 | Difference: 0.7842928965874
Epoch: 05 | Batch: 1500 | CrossEntropy-loss: 0.48004 | Correct: 1023/1280 | Difference: 0.7831842864342762

Epoch: 05 | Testing Accuracy: 413664/504607 (81.977%) | Historical Best: 81.977% 

Epoch: 06 | Batch: 000 | CrossEntropy-loss: 0.44057 | Correct: 1059/1280 | Difference: 0.7826649034831996
Epoch: 06 | Batch: 100 | CrossEntropy-loss: 0.44688 | Correct: 1045/1280 | Difference: 0.7820999521422635
Epoch: 06 | Batch: 200 | CrossEntropy-loss: 0.44530 | Correct: 1053/1280 | Difference: 0.7813809596370003
Epoch: 06 | Batch: 300 | CrossEntropy-loss: 0.45869 | Correct: 1033/1280 | Difference: 0.7808221525401952
Epoch: 06 | Batch: 400 | CrossEntropy-loss: 0.45122 | Correct: 1038/1280 | Difference: 0.7802209566245062
Epoch: 06 | Batch: 500 | CrossEntropy-loss: 0.44937 | Correct: 1055/1280 | Difference: 0.7796561664430709
Epoch: 06 | Batch: 600 | CrossEntropy-loss: 0.42913 | Correct: 1038/1280 | Difference: 0.7796047959820427
Epoch: 06 | Batch: 700 | CrossEntropy-loss: 0.41031 | Correct: 1074/1280 | Difference: 0.7796488754766453
Epoch: 06 | Batch: 800 | CrossEntropy-loss: 0.41946 | Correct: 1069/1280 | Difference: 0.7795810381135325
Epoch: 06 | Batch: 900 | CrossEntropy-loss: 0.46071 | Correct: 1038/1280 | Difference: 0.7792482241971779
Epoch: 06 | Batch: 1000 | CrossEntropy-loss: 0.46718 | Correct: 1044/1280 | Difference: 0.7786238009211194
Epoch: 06 | Batch: 1100 | CrossEntropy-loss: 0.40814 | Correct: 1057/1280 | Difference: 0.7782814516322042
Epoch: 06 | Batch: 1200 | CrossEntropy-loss: 0.44350 | Correct: 1028/1280 | Difference: 0.7781127582035368
Epoch: 06 | Batch: 1300 | CrossEntropy-loss: 0.44121 | Correct: 1060/1280 | Difference: 0.7776593725224001
Epoch: 06 | Batch: 1400 | CrossEntropy-loss: 0.43578 | Correct: 1045/1280 | Difference: 0.7772810275561037
Epoch: 06 | Batch: 1500 | CrossEntropy-loss: 0.43730 | Correct: 1043/1280 | Difference: 0.7773442127957759

Epoch: 06 | Testing Accuracy: 415038/504607 (82.250%) | Historical Best: 82.250% 

Epoch: 07 | Batch: 000 | CrossEntropy-loss: 0.39684 | Correct: 1074/1280 | Difference: 0.7773111210312137
Epoch: 07 | Batch: 100 | CrossEntropy-loss: 0.43154 | Correct: 1056/1280 | Difference: 0.7774007163346521
Epoch: 07 | Batch: 200 | CrossEntropy-loss: 0.43562 | Correct: 1061/1280 | Difference: 0.7773400974911814
Epoch: 07 | Batch: 300 | CrossEntropy-loss: 0.40453 | Correct: 1077/1280 | Difference: 0.7773027937712472
Epoch: 07 | Batch: 400 | CrossEntropy-loss: 0.40738 | Correct: 1078/1280 | Difference: 0.7776552348487196
Epoch: 07 | Batch: 500 | CrossEntropy-loss: 0.40896 | Correct: 1065/1280 | Difference: 0.7779922048055786
Epoch: 07 | Batch: 600 | CrossEntropy-loss: 0.42069 | Correct: 1049/1280 | Difference: 0.7783501056803581
Epoch: 07 | Batch: 700 | CrossEntropy-loss: 0.44160 | Correct: 1058/1280 | Difference: 0.7786746714850524
Epoch: 07 | Batch: 800 | CrossEntropy-loss: 0.38523 | Correct: 1081/1280 | Difference: 0.7792251088111817
Epoch: 07 | Batch: 900 | CrossEntropy-loss: 0.42120 | Correct: 1059/1280 | Difference: 0.7794971261861786
Epoch: 07 | Batch: 1000 | CrossEntropy-loss: 0.44743 | Correct: 1035/1280 | Difference: 0.7797713455422969
Epoch: 07 | Batch: 1100 | CrossEntropy-loss: 0.45302 | Correct: 1034/1280 | Difference: 0.779992599197663
Epoch: 07 | Batch: 1200 | CrossEntropy-loss: 0.40438 | Correct: 1066/1280 | Difference: 0.7804259988636301
Epoch: 07 | Batch: 1300 | CrossEntropy-loss: 0.40927 | Correct: 1072/1280 | Difference: 0.7807770159444095
Epoch: 07 | Batch: 1400 | CrossEntropy-loss: 0.41455 | Correct: 1070/1280 | Difference: 0.7806497836169947
Epoch: 07 | Batch: 1500 | CrossEntropy-loss: 0.40126 | Correct: 1081/1280 | Difference: 0.7806920776186584

Epoch: 07 | Testing Accuracy: 419702/504607 (83.174%) | Historical Best: 83.174% 

Epoch: 08 | Batch: 000 | CrossEntropy-loss: 0.41187 | Correct: 1057/1280 | Difference: 0.780865909170312
Epoch: 08 | Batch: 100 | CrossEntropy-loss: 0.42309 | Correct: 1069/1280 | Difference: 0.7806688880619613
Epoch: 08 | Batch: 200 | CrossEntropy-loss: 0.40682 | Correct: 1072/1280 | Difference: 0.7805788128781846
Epoch: 08 | Batch: 300 | CrossEntropy-loss: 0.43008 | Correct: 1044/1280 | Difference: 0.7804725991219075
Epoch: 08 | Batch: 400 | CrossEntropy-loss: 0.41535 | Correct: 1057/1280 | Difference: 0.7802877607216149
Epoch: 08 | Batch: 500 | CrossEntropy-loss: 0.43786 | Correct: 1057/1280 | Difference: 0.7802641746041956
Epoch: 08 | Batch: 600 | CrossEntropy-loss: 0.39543 | Correct: 1088/1280 | Difference: 0.7806678096546613
Epoch: 08 | Batch: 700 | CrossEntropy-loss: 0.38744 | Correct: 1082/1280 | Difference: 0.7806071086647625
Epoch: 08 | Batch: 800 | CrossEntropy-loss: 0.39423 | Correct: 1077/1280 | Difference: 0.7807082546059558
Epoch: 08 | Batch: 900 | CrossEntropy-loss: 0.40092 | Correct: 1072/1280 | Difference: 0.7809748170750969
Epoch: 08 | Batch: 1000 | CrossEntropy-loss: 0.42670 | Correct: 1065/1280 | Difference: 0.7809295293375538
Epoch: 08 | Batch: 1100 | CrossEntropy-loss: 0.44055 | Correct: 1033/1280 | Difference: 0.780878678075394
Epoch: 08 | Batch: 1200 | CrossEntropy-loss: 0.39988 | Correct: 1070/1280 | Difference: 0.7807201560242641
Epoch: 08 | Batch: 1300 | CrossEntropy-loss: 0.41278 | Correct: 1072/1280 | Difference: 0.7803907372212123
Epoch: 08 | Batch: 1400 | CrossEntropy-loss: 0.39581 | Correct: 1085/1280 | Difference: 0.780288038468031
Epoch: 08 | Batch: 1500 | CrossEntropy-loss: 0.41611 | Correct: 1075/1280 | Difference: 0.7802146766076169

Epoch: 08 | Testing Accuracy: 422890/504607 (83.806%) | Historical Best: 83.806% 

Epoch: 09 | Batch: 000 | CrossEntropy-loss: 0.38188 | Correct: 1078/1280 | Difference: 0.7803227839569236
Epoch: 09 | Batch: 100 | CrossEntropy-loss: 0.37552 | Correct: 1098/1280 | Difference: 0.7801341292585182
Epoch: 09 | Batch: 200 | CrossEntropy-loss: 0.41529 | Correct: 1067/1280 | Difference: 0.7801132075824236
Epoch: 09 | Batch: 300 | CrossEntropy-loss: 0.43719 | Correct: 1045/1280 | Difference: 0.7801165039095563
Epoch: 09 | Batch: 400 | CrossEntropy-loss: 0.40207 | Correct: 1057/1280 | Difference: 0.7802056917621207
Epoch: 09 | Batch: 500 | CrossEntropy-loss: 0.38270 | Correct: 1093/1280 | Difference: 0.7801875575224366
Epoch: 09 | Batch: 600 | CrossEntropy-loss: 0.40305 | Correct: 1072/1280 | Difference: 0.7803933421178085
Epoch: 09 | Batch: 700 | CrossEntropy-loss: 0.38493 | Correct: 1087/1280 | Difference: 0.7803301122611063
Epoch: 09 | Batch: 800 | CrossEntropy-loss: 0.40024 | Correct: 1074/1280 | Difference: 0.7806715668555789
Epoch: 09 | Batch: 900 | CrossEntropy-loss: 0.40218 | Correct: 1046/1280 | Difference: 0.780724333279133
Epoch: 09 | Batch: 1000 | CrossEntropy-loss: 0.39231 | Correct: 1066/1280 | Difference: 0.7809178159632473
Epoch: 09 | Batch: 1100 | CrossEntropy-loss: 0.38057 | Correct: 1086/1280 | Difference: 0.7808708287117245
Epoch: 09 | Batch: 1200 | CrossEntropy-loss: 0.41545 | Correct: 1060/1280 | Difference: 0.7807838743316589
Epoch: 09 | Batch: 1300 | CrossEntropy-loss: 0.40213 | Correct: 1071/1280 | Difference: 0.7808534631404616
Epoch: 09 | Batch: 1400 | CrossEntropy-loss: 0.40812 | Correct: 1062/1280 | Difference: 0.780694101571672
Epoch: 09 | Batch: 1500 | CrossEntropy-loss: 0.38727 | Correct: 1079/1280 | Difference: 0.7808868716665702

Epoch: 09 | Testing Accuracy: 424144/504607 (84.054%) | Historical Best: 84.054% 

Epoch: 10 | Batch: 000 | CrossEntropy-loss: 0.39071 | Correct: 1088/1280 | Difference: 0.7808052918224753
Epoch: 10 | Batch: 100 | CrossEntropy-loss: 0.37772 | Correct: 1062/1280 | Difference: 0.7808470625874382
Epoch: 10 | Batch: 200 | CrossEntropy-loss: 0.37740 | Correct: 1078/1280 | Difference: 0.7809718147731329
Epoch: 10 | Batch: 300 | CrossEntropy-loss: 0.40053 | Correct: 1058/1280 | Difference: 0.7807541493575512
Epoch: 10 | Batch: 400 | CrossEntropy-loss: 0.41190 | Correct: 1064/1280 | Difference: 0.780677400935324
Epoch: 10 | Batch: 500 | CrossEntropy-loss: 0.37623 | Correct: 1088/1280 | Difference: 0.780653762699488
Epoch: 10 | Batch: 600 | CrossEntropy-loss: 0.36527 | Correct: 1093/1280 | Difference: 0.7807579940812751
Epoch: 10 | Batch: 700 | CrossEntropy-loss: 0.38614 | Correct: 1076/1280 | Difference: 0.7807288950088327
Epoch: 10 | Batch: 800 | CrossEntropy-loss: 0.39472 | Correct: 1081/1280 | Difference: 0.7805267302245482
Epoch: 10 | Batch: 900 | CrossEntropy-loss: 0.35321 | Correct: 1091/1280 | Difference: 0.7803632767659615
Epoch: 10 | Batch: 1000 | CrossEntropy-loss: 0.38372 | Correct: 1086/1280 | Difference: 0.7801213633512089
Epoch: 10 | Batch: 1100 | CrossEntropy-loss: 0.37932 | Correct: 1081/1280 | Difference: 0.7801244418804788
Epoch: 10 | Batch: 1200 | CrossEntropy-loss: 0.40339 | Correct: 1066/1280 | Difference: 0.7800876739738881
Epoch: 10 | Batch: 1300 | CrossEntropy-loss: 0.39070 | Correct: 1072/1280 | Difference: 0.7800345499050116
Epoch: 10 | Batch: 1400 | CrossEntropy-loss: 0.38452 | Correct: 1055/1280 | Difference: 0.7801024437505745
Epoch: 10 | Batch: 1500 | CrossEntropy-loss: 0.36471 | Correct: 1086/1280 | Difference: 0.7800787164429536

Epoch: 10 | Testing Accuracy: 425335/504607 (84.290%) | Historical Best: 84.290% 

Epoch: 11 | Batch: 000 | CrossEntropy-loss: 0.38815 | Correct: 1063/1280 | Difference: 0.7799554367676758
Epoch: 11 | Batch: 100 | CrossEntropy-loss: 0.37984 | Correct: 1079/1280 | Difference: 0.7798603960370417
Epoch: 11 | Batch: 200 | CrossEntropy-loss: 0.36518 | Correct: 1074/1280 | Difference: 0.779761770425409
Epoch: 11 | Batch: 300 | CrossEntropy-loss: 0.37580 | Correct: 1088/1280 | Difference: 0.7796319837299225
Epoch: 11 | Batch: 400 | CrossEntropy-loss: 0.38893 | Correct: 1065/1280 | Difference: 0.7795366958663259
Epoch: 11 | Batch: 500 | CrossEntropy-loss: 0.36884 | Correct: 1089/1280 | Difference: 0.7795636566861193
Epoch: 11 | Batch: 600 | CrossEntropy-loss: 0.38725 | Correct: 1081/1280 | Difference: 0.7793714668929546
Epoch: 11 | Batch: 700 | CrossEntropy-loss: 0.37812 | Correct: 1067/1280 | Difference: 0.7793463594752388
Epoch: 11 | Batch: 800 | CrossEntropy-loss: 0.34727 | Correct: 1088/1280 | Difference: 0.7791225586360425
Epoch: 11 | Batch: 900 | CrossEntropy-loss: 0.35350 | Correct: 1090/1280 | Difference: 0.7789460488944168
Epoch: 11 | Batch: 1000 | CrossEntropy-loss: 0.37507 | Correct: 1089/1280 | Difference: 0.7790811454999941
Epoch: 11 | Batch: 1100 | CrossEntropy-loss: 0.36717 | Correct: 1079/1280 | Difference: 0.7789409935055939
Epoch: 11 | Batch: 1200 | CrossEntropy-loss: 0.39061 | Correct: 1059/1280 | Difference: 0.7787920323092791
Epoch: 11 | Batch: 1300 | CrossEntropy-loss: 0.34961 | Correct: 1098/1280 | Difference: 0.7787810522415636
Epoch: 11 | Batch: 1400 | CrossEntropy-loss: 0.37272 | Correct: 1076/1280 | Difference: 0.7787225571318546
Epoch: 11 | Batch: 1500 | CrossEntropy-loss: 0.35554 | Correct: 1092/1280 | Difference: 0.7785665767961951

Epoch: 11 | Testing Accuracy: 426786/504607 (84.578%) | Historical Best: 84.578% 

Epoch: 12 | Batch: 000 | CrossEntropy-loss: 0.38298 | Correct: 1089/1280 | Difference: 0.7785377848316252
Epoch: 12 | Batch: 100 | CrossEntropy-loss: 0.39015 | Correct: 1049/1280 | Difference: 0.778602225519162
Epoch: 12 | Batch: 200 | CrossEntropy-loss: 0.39241 | Correct: 1062/1280 | Difference: 0.7784881578273996
Epoch: 12 | Batch: 300 | CrossEntropy-loss: 0.38676 | Correct: 1077/1280 | Difference: 0.7782845034116147
Epoch: 12 | Batch: 400 | CrossEntropy-loss: 0.39580 | Correct: 1064/1280 | Difference: 0.7780746261020267
Epoch: 12 | Batch: 500 | CrossEntropy-loss: 0.37597 | Correct: 1075/1280 | Difference: 0.7779116354996362
Epoch: 12 | Batch: 600 | CrossEntropy-loss: 0.39818 | Correct: 1060/1280 | Difference: 0.7778722709582441
Epoch: 12 | Batch: 700 | CrossEntropy-loss: 0.37846 | Correct: 1075/1280 | Difference: 0.7777524813518779
Epoch: 12 | Batch: 800 | CrossEntropy-loss: 0.32732 | Correct: 1098/1280 | Difference: 0.7774701046216621
Epoch: 12 | Batch: 900 | CrossEntropy-loss: 0.37473 | Correct: 1073/1280 | Difference: 0.777472098142921
Epoch: 12 | Batch: 1000 | CrossEntropy-loss: 0.35467 | Correct: 1084/1280 | Difference: 0.7772470356810677
Epoch: 12 | Batch: 1100 | CrossEntropy-loss: 0.34995 | Correct: 1091/1280 | Difference: 0.7769851297361025
Epoch: 12 | Batch: 1200 | CrossEntropy-loss: 0.33779 | Correct: 1089/1280 | Difference: 0.7768895223549288
Epoch: 12 | Batch: 1300 | CrossEntropy-loss: 0.37492 | Correct: 1057/1280 | Difference: 0.7766905720367024
Epoch: 12 | Batch: 1400 | CrossEntropy-loss: 0.36564 | Correct: 1090/1280 | Difference: 0.7764364279981321
Epoch: 12 | Batch: 1500 | CrossEntropy-loss: 0.35432 | Correct: 1075/1280 | Difference: 0.7762820536940671

Epoch: 12 | Testing Accuracy: 427789/504607 (84.777%) | Historical Best: 84.777% 

Epoch: 13 | Batch: 000 | CrossEntropy-loss: 0.39388 | Correct: 1065/1280 | Difference: 0.776146991111971
Epoch: 13 | Batch: 100 | CrossEntropy-loss: 0.34448 | Correct: 1103/1280 | Difference: 0.776025994488745
Epoch: 13 | Batch: 200 | CrossEntropy-loss: 0.38445 | Correct: 1067/1280 | Difference: 0.7759284630052954
Epoch: 13 | Batch: 300 | CrossEntropy-loss: 0.36033 | Correct: 1091/1280 | Difference: 0.7755415872043444
Epoch: 13 | Batch: 400 | CrossEntropy-loss: 0.34517 | Correct: 1086/1280 | Difference: 0.775060946398168
Epoch: 13 | Batch: 500 | CrossEntropy-loss: 0.34763 | Correct: 1115/1280 | Difference: 0.7746517232265444
Epoch: 13 | Batch: 600 | CrossEntropy-loss: 0.35324 | Correct: 1086/1280 | Difference: 0.7743833420881614
Epoch: 13 | Batch: 700 | CrossEntropy-loss: 0.36286 | Correct: 1083/1280 | Difference: 0.7740066527664599
Epoch: 13 | Batch: 800 | CrossEntropy-loss: 0.32773 | Correct: 1122/1280 | Difference: 0.773693070026874
Epoch: 13 | Batch: 900 | CrossEntropy-loss: 0.34015 | Correct: 1085/1280 | Difference: 0.7734886706687911
Epoch: 13 | Batch: 1000 | CrossEntropy-loss: 0.35392 | Correct: 1072/1280 | Difference: 0.773192309571139
Epoch: 13 | Batch: 1100 | CrossEntropy-loss: 0.34657 | Correct: 1075/1280 | Difference: 0.7728275566967794
Epoch: 13 | Batch: 1200 | CrossEntropy-loss: 0.36588 | Correct: 1068/1280 | Difference: 0.7726203014588757
Epoch: 13 | Batch: 1300 | CrossEntropy-loss: 0.36159 | Correct: 1091/1280 | Difference: 0.7724704153163747
Epoch: 13 | Batch: 1400 | CrossEntropy-loss: 0.37458 | Correct: 1078/1280 | Difference: 0.7721115327344709
Epoch: 13 | Batch: 1500 | CrossEntropy-loss: 0.35220 | Correct: 1103/1280 | Difference: 0.7718723489315888

Epoch: 13 | Testing Accuracy: 428533/504607 (84.924%) | Historical Best: 84.924% 

Epoch: 14 | Batch: 000 | CrossEntropy-loss: 0.35498 | Correct: 1080/1280 | Difference: 0.7716980574799207
Epoch: 14 | Batch: 100 | CrossEntropy-loss: 0.36406 | Correct: 1098/1280 | Difference: 0.7713906142081526
Epoch: 14 | Batch: 200 | CrossEntropy-loss: 0.36823 | Correct: 1092/1280 | Difference: 0.7711565755979589
Epoch: 14 | Batch: 300 | CrossEntropy-loss: 0.36711 | Correct: 1078/1280 | Difference: 0.7708850162405422
Epoch: 14 | Batch: 400 | CrossEntropy-loss: 0.35467 | Correct: 1106/1280 | Difference: 0.7706876851695345
Epoch: 14 | Batch: 500 | CrossEntropy-loss: 0.37106 | Correct: 1063/1280 | Difference: 0.7705218479407947
Epoch: 14 | Batch: 600 | CrossEntropy-loss: 0.34183 | Correct: 1097/1280 | Difference: 0.7700386122151907
Epoch: 14 | Batch: 700 | CrossEntropy-loss: 0.35654 | Correct: 1089/1280 | Difference: 0.7698585459310289
Epoch: 14 | Batch: 800 | CrossEntropy-loss: 0.34270 | Correct: 1085/1280 | Difference: 0.7696743793703439
Epoch: 14 | Batch: 900 | CrossEntropy-loss: 0.35504 | Correct: 1081/1280 | Difference: 0.7692205317232611
Epoch: 14 | Batch: 1000 | CrossEntropy-loss: 0.35156 | Correct: 1087/1280 | Difference: 0.7689308599887221
Epoch: 14 | Batch: 1100 | CrossEntropy-loss: 0.35730 | Correct: 1083/1280 | Difference: 0.768553754931651
Epoch: 14 | Batch: 1200 | CrossEntropy-loss: 0.37716 | Correct: 1082/1280 | Difference: 0.7684183519781397
Epoch: 14 | Batch: 1300 | CrossEntropy-loss: 0.37645 | Correct: 1082/1280 | Difference: 0.7679732732978497
Epoch: 14 | Batch: 1400 | CrossEntropy-loss: 0.31721 | Correct: 1116/1280 | Difference: 0.7677242425764548
Epoch: 14 | Batch: 1500 | CrossEntropy-loss: 0.34781 | Correct: 1104/1280 | Difference: 0.7674104678467427

Epoch: 14 | Testing Accuracy: 429589/504607 (85.133%) | Historical Best: 85.133% 

Epoch: 15 | Batch: 000 | CrossEntropy-loss: 0.38133 | Correct: 1089/1280 | Difference: 0.7671018932639854
Epoch: 15 | Batch: 100 | CrossEntropy-loss: 0.33785 | Correct: 1093/1280 | Difference: 0.7669109448482285
Epoch: 15 | Batch: 200 | CrossEntropy-loss: 0.36553 | Correct: 1082/1280 | Difference: 0.766739244722066
Epoch: 15 | Batch: 300 | CrossEntropy-loss: 0.38169 | Correct: 1082/1280 | Difference: 0.7664901714906053
Epoch: 15 | Batch: 400 | CrossEntropy-loss: 0.34657 | Correct: 1086/1280 | Difference: 0.7662714025207443
Epoch: 15 | Batch: 500 | CrossEntropy-loss: 0.37476 | Correct: 1078/1280 | Difference: 0.765961837324038
Epoch: 15 | Batch: 600 | CrossEntropy-loss: 0.35274 | Correct: 1094/1280 | Difference: 0.765595513999094
Epoch: 15 | Batch: 700 | CrossEntropy-loss: 0.36747 | Correct: 1089/1280 | Difference: 0.7653277314187253
Epoch: 15 | Batch: 800 | CrossEntropy-loss: 0.36441 | Correct: 1064/1280 | Difference: 0.7650524084261925
Epoch: 15 | Batch: 900 | CrossEntropy-loss: 0.35724 | Correct: 1083/1280 | Difference: 0.7647550894096844
Epoch: 15 | Batch: 1000 | CrossEntropy-loss: 0.36975 | Correct: 1072/1280 | Difference: 0.7646185179251774
Epoch: 15 | Batch: 1100 | CrossEntropy-loss: 0.38136 | Correct: 1060/1280 | Difference: 0.7643458416103802
Epoch: 15 | Batch: 1200 | CrossEntropy-loss: 0.35629 | Correct: 1103/1280 | Difference: 0.7640798425059333
Epoch: 15 | Batch: 1300 | CrossEntropy-loss: 0.35762 | Correct: 1068/1280 | Difference: 0.7638904283416172
Epoch: 15 | Batch: 1400 | CrossEntropy-loss: 0.35846 | Correct: 1076/1280 | Difference: 0.7636910966390938
Epoch: 15 | Batch: 1500 | CrossEntropy-loss: 0.36545 | Correct: 1091/1280 | Difference: 0.7635964933406999

Epoch: 15 | Testing Accuracy: 430754/504607 (85.364%) | Historical Best: 85.364% 

Epoch: 16 | Batch: 000 | CrossEntropy-loss: 0.37354 | Correct: 1068/1280 | Difference: 0.7635138506978226
Epoch: 16 | Batch: 100 | CrossEntropy-loss: 0.36799 | Correct: 1087/1280 | Difference: 0.7634564369931968
Epoch: 16 | Batch: 200 | CrossEntropy-loss: 0.36128 | Correct: 1089/1280 | Difference: 0.7631887107098833
Epoch: 16 | Batch: 300 | CrossEntropy-loss: 0.33760 | Correct: 1083/1280 | Difference: 0.7629309523713144
Epoch: 16 | Batch: 400 | CrossEntropy-loss: 0.36358 | Correct: 1081/1280 | Difference: 0.7627351324480861
Epoch: 16 | Batch: 500 | CrossEntropy-loss: 0.36106 | Correct: 1081/1280 | Difference: 0.7625070774946143
Epoch: 16 | Batch: 600 | CrossEntropy-loss: 0.34808 | Correct: 1097/1280 | Difference: 0.7623316906543567
Epoch: 16 | Batch: 700 | CrossEntropy-loss: 0.35902 | Correct: 1100/1280 | Difference: 0.7620022194818912
Epoch: 16 | Batch: 800 | CrossEntropy-loss: 0.32483 | Correct: 1111/1280 | Difference: 0.7615976760916375
Epoch: 16 | Batch: 900 | CrossEntropy-loss: 0.32856 | Correct: 1107/1280 | Difference: 0.7613756645016968
Epoch: 16 | Batch: 1000 | CrossEntropy-loss: 0.36676 | Correct: 1083/1280 | Difference: 0.7612714299108845
Epoch: 16 | Batch: 1100 | CrossEntropy-loss: 0.37810 | Correct: 1083/1280 | Difference: 0.7610714132508757
Epoch: 16 | Batch: 1200 | CrossEntropy-loss: 0.34581 | Correct: 1089/1280 | Difference: 0.7607831300253656
Epoch: 16 | Batch: 1300 | CrossEntropy-loss: 0.31682 | Correct: 1110/1280 | Difference: 0.7605009611377702
Epoch: 16 | Batch: 1400 | CrossEntropy-loss: 0.35038 | Correct: 1118/1280 | Difference: 0.7603086962424661
Epoch: 16 | Batch: 1500 | CrossEntropy-loss: 0.34369 | Correct: 1076/1280 | Difference: 0.7600717799577335

Epoch: 16 | Testing Accuracy: 431860/504607 (85.583%) | Historical Best: 85.583% 

Epoch: 17 | Batch: 000 | CrossEntropy-loss: 0.33485 | Correct: 1106/1280 | Difference: 0.7598420090592247
Epoch: 17 | Batch: 100 | CrossEntropy-loss: 0.34839 | Correct: 1083/1280 | Difference: 0.7595496860280072
Epoch: 17 | Batch: 200 | CrossEntropy-loss: 0.33946 | Correct: 1104/1280 | Difference: 0.7593180833098675
Epoch: 17 | Batch: 300 | CrossEntropy-loss: 0.35175 | Correct: 1081/1280 | Difference: 0.7589441035794205
Epoch: 17 | Batch: 400 | CrossEntropy-loss: 0.34160 | Correct: 1099/1280 | Difference: 0.7584266383548104
Epoch: 17 | Batch: 500 | CrossEntropy-loss: 0.33529 | Correct: 1100/1280 | Difference: 0.7582266135665753
Epoch: 17 | Batch: 600 | CrossEntropy-loss: 0.34134 | Correct: 1096/1280 | Difference: 0.7577470922544822
Epoch: 17 | Batch: 700 | CrossEntropy-loss: 0.34088 | Correct: 1098/1280 | Difference: 0.7574748214556623
Epoch: 17 | Batch: 800 | CrossEntropy-loss: 0.33522 | Correct: 1097/1280 | Difference: 0.7572085980036453
Epoch: 17 | Batch: 900 | CrossEntropy-loss: 0.33720 | Correct: 1098/1280 | Difference: 0.7570379514306017
Epoch: 17 | Batch: 1000 | CrossEntropy-loss: 0.34720 | Correct: 1093/1280 | Difference: 0.7566029812384562
Epoch: 17 | Batch: 1100 | CrossEntropy-loss: 0.33679 | Correct: 1092/1280 | Difference: 0.7562704622160834
Epoch: 17 | Batch: 1200 | CrossEntropy-loss: 0.32784 | Correct: 1108/1280 | Difference: 0.7558833388291498
Epoch: 17 | Batch: 1300 | CrossEntropy-loss: 0.33412 | Correct: 1092/1280 | Difference: 0.7556926902201113
Epoch: 17 | Batch: 1400 | CrossEntropy-loss: 0.34023 | Correct: 1107/1280 | Difference: 0.7552106384131139
Epoch: 17 | Batch: 1500 | CrossEntropy-loss: 0.35478 | Correct: 1089/1280 | Difference: 0.7547642893278728

Epoch: 17 | Testing Accuracy: 432834/504607 (85.776%) | Historical Best: 85.776% 

Epoch: 18 | Batch: 000 | CrossEntropy-loss: 0.33303 | Correct: 1089/1280 | Difference: 0.7544919067359275
Epoch: 18 | Batch: 100 | CrossEntropy-loss: 0.33754 | Correct: 1106/1280 | Difference: 0.7541133722604337
Epoch: 18 | Batch: 200 | CrossEntropy-loss: 0.33143 | Correct: 1103/1280 | Difference: 0.7538064907588855
Epoch: 18 | Batch: 300 | CrossEntropy-loss: 0.32817 | Correct: 1110/1280 | Difference: 0.7533095773367239
Epoch: 18 | Batch: 400 | CrossEntropy-loss: 0.36422 | Correct: 1081/1280 | Difference: 0.7529434311931419
Epoch: 18 | Batch: 500 | CrossEntropy-loss: 0.32639 | Correct: 1101/1280 | Difference: 0.7525725662621136
Epoch: 18 | Batch: 600 | CrossEntropy-loss: 0.35344 | Correct: 1090/1280 | Difference: 0.7520025638993523
Epoch: 18 | Batch: 700 | CrossEntropy-loss: 0.33277 | Correct: 1090/1280 | Difference: 0.7517131733414077
Epoch: 18 | Batch: 800 | CrossEntropy-loss: 0.31950 | Correct: 1108/1280 | Difference: 0.7513787292447272
Epoch: 18 | Batch: 900 | CrossEntropy-loss: 0.33482 | Correct: 1082/1280 | Difference: 0.7509891643167959
Epoch: 18 | Batch: 1000 | CrossEntropy-loss: 0.35218 | Correct: 1084/1280 | Difference: 0.7506031139117498
Epoch: 18 | Batch: 1100 | CrossEntropy-loss: 0.34665 | Correct: 1081/1280 | Difference: 0.7503108602008037
Epoch: 18 | Batch: 1200 | CrossEntropy-loss: 0.33390 | Correct: 1094/1280 | Difference: 0.7499512816197929
Epoch: 18 | Batch: 1300 | CrossEntropy-loss: 0.33258 | Correct: 1106/1280 | Difference: 0.7494269809405577
Epoch: 18 | Batch: 1400 | CrossEntropy-loss: 0.34477 | Correct: 1101/1280 | Difference: 0.7490481751777958
Epoch: 18 | Batch: 1500 | CrossEntropy-loss: 0.35215 | Correct: 1071/1280 | Difference: 0.7485943782305094

Epoch: 18 | Testing Accuracy: 433682/504607 (85.945%) | Historical Best: 85.945% 

Epoch: 19 | Batch: 000 | CrossEntropy-loss: 0.34099 | Correct: 1104/1280 | Difference: 0.748384874606407
Epoch: 19 | Batch: 100 | CrossEntropy-loss: 0.33863 | Correct: 1086/1280 | Difference: 0.7478669518883783
Epoch: 19 | Batch: 200 | CrossEntropy-loss: 0.35446 | Correct: 1078/1280 | Difference: 0.7474165459338222
Epoch: 19 | Batch: 300 | CrossEntropy-loss: 0.33764 | Correct: 1106/1280 | Difference: 0.7470086394458205
Epoch: 19 | Batch: 400 | CrossEntropy-loss: 0.33357 | Correct: 1088/1280 | Difference: 0.7465917460998162
Epoch: 19 | Batch: 500 | CrossEntropy-loss: 0.32718 | Correct: 1098/1280 | Difference: 0.7462137030443926
Epoch: 19 | Batch: 600 | CrossEntropy-loss: 0.34712 | Correct: 1092/1280 | Difference: 0.7458699608609997
Epoch: 19 | Batch: 700 | CrossEntropy-loss: 0.33132 | Correct: 1105/1280 | Difference: 0.7454616533296057
Epoch: 19 | Batch: 800 | CrossEntropy-loss: 0.32484 | Correct: 1089/1280 | Difference: 0.7449665567473769
Epoch: 19 | Batch: 900 | CrossEntropy-loss: 0.33786 | Correct: 1094/1280 | Difference: 0.744771499632566
Epoch: 19 | Batch: 1000 | CrossEntropy-loss: 0.35902 | Correct: 1093/1280 | Difference: 0.7443159296421313
Epoch: 19 | Batch: 1100 | CrossEntropy-loss: 0.32731 | Correct: 1090/1280 | Difference: 0.744115285709921
Epoch: 19 | Batch: 1200 | CrossEntropy-loss: 0.38327 | Correct: 1078/1280 | Difference: 0.7437616871760501
Epoch: 19 | Batch: 1300 | CrossEntropy-loss: 0.32619 | Correct: 1107/1280 | Difference: 0.743423415130841
Epoch: 19 | Batch: 1400 | CrossEntropy-loss: 0.33221 | Correct: 1092/1280 | Difference: 0.7431786414696085
Epoch: 19 | Batch: 1500 | CrossEntropy-loss: 0.34272 | Correct: 1092/1280 | Difference: 0.7428641194070691

Epoch: 19 | Testing Accuracy: 434778/504607 (86.162%) | Historical Best: 86.162% 

Epoch: 20 | Batch: 000 | CrossEntropy-loss: 0.33175 | Correct: 1104/1280 | Difference: 0.7426386679522006
Epoch: 20 | Batch: 100 | CrossEntropy-loss: 0.33322 | Correct: 1086/1280 | Difference: 0.7422412197159411
Epoch: 20 | Batch: 200 | CrossEntropy-loss: 0.33588 | Correct: 1097/1280 | Difference: 0.7417757901409161
Epoch: 20 | Batch: 300 | CrossEntropy-loss: 0.32293 | Correct: 1108/1280 | Difference: 0.741537396497503
Epoch: 20 | Batch: 400 | CrossEntropy-loss: 0.34841 | Correct: 1086/1280 | Difference: 0.7411044592501848
Epoch: 20 | Batch: 500 | CrossEntropy-loss: 0.30263 | Correct: 1126/1280 | Difference: 0.7408295534764808
Epoch: 20 | Batch: 600 | CrossEntropy-loss: 0.35492 | Correct: 1078/1280 | Difference: 0.7404492230324714
Epoch: 20 | Batch: 700 | CrossEntropy-loss: 0.31967 | Correct: 1094/1280 | Difference: 0.7398702707062097
Epoch: 20 | Batch: 800 | CrossEntropy-loss: 0.31265 | Correct: 1119/1280 | Difference: 0.7396026342602212
Epoch: 20 | Batch: 900 | CrossEntropy-loss: 0.32356 | Correct: 1096/1280 | Difference: 0.7391719499150669
Epoch: 20 | Batch: 1000 | CrossEntropy-loss: 0.33463 | Correct: 1099/1280 | Difference: 0.7388585400768782
Epoch: 20 | Batch: 1100 | CrossEntropy-loss: 0.32270 | Correct: 1109/1280 | Difference: 0.7384550025967731
Epoch: 20 | Batch: 1200 | CrossEntropy-loss: 0.32991 | Correct: 1117/1280 | Difference: 0.7380052043344308
Epoch: 20 | Batch: 1300 | CrossEntropy-loss: 0.35577 | Correct: 1085/1280 | Difference: 0.7376938264424864
Epoch: 20 | Batch: 1400 | CrossEntropy-loss: 0.33103 | Correct: 1109/1280 | Difference: 0.7373489592143588
Epoch: 20 | Batch: 1500 | CrossEntropy-loss: 0.32557 | Correct: 1107/1280 | Difference: 0.7370964235005352

Epoch: 20 | Testing Accuracy: 435512/504607 (86.307%) | Historical Best: 86.307% 

Epoch: 21 | Batch: 000 | CrossEntropy-loss: 0.34048 | Correct: 1106/1280 | Difference: 0.7367188622598334
Epoch: 21 | Batch: 100 | CrossEntropy-loss: 0.33690 | Correct: 1090/1280 | Difference: 0.736234665488465
Epoch: 21 | Batch: 200 | CrossEntropy-loss: 0.30360 | Correct: 1119/1280 | Difference: 0.7357536185212374
Epoch: 21 | Batch: 300 | CrossEntropy-loss: 0.31672 | Correct: 1114/1280 | Difference: 0.7352686118143449
Epoch: 21 | Batch: 400 | CrossEntropy-loss: 0.31358 | Correct: 1106/1280 | Difference: 0.7348447971458607
Epoch: 21 | Batch: 500 | CrossEntropy-loss: 0.35384 | Correct: 1097/1280 | Difference: 0.7344836776035013
Epoch: 21 | Batch: 600 | CrossEntropy-loss: 0.36628 | Correct: 1077/1280 | Difference: 0.7340863349296541
Epoch: 21 | Batch: 700 | CrossEntropy-loss: 0.33252 | Correct: 1098/1280 | Difference: 0.7336454693224019
Epoch: 21 | Batch: 800 | CrossEntropy-loss: 0.33162 | Correct: 1094/1280 | Difference: 0.733226389723749
Epoch: 21 | Batch: 900 | CrossEntropy-loss: 0.32764 | Correct: 1093/1280 | Difference: 0.7327594962089016
Epoch: 21 | Batch: 1000 | CrossEntropy-loss: 0.31523 | Correct: 1116/1280 | Difference: 0.7325104530884718
Epoch: 21 | Batch: 1100 | CrossEntropy-loss: 0.34560 | Correct: 1088/1280 | Difference: 0.7320692363327644
Epoch: 21 | Batch: 1200 | CrossEntropy-loss: 0.33752 | Correct: 1075/1280 | Difference: 0.73159216965929
Epoch: 21 | Batch: 1300 | CrossEntropy-loss: 0.31910 | Correct: 1087/1280 | Difference: 0.7312962241562915
Epoch: 21 | Batch: 1400 | CrossEntropy-loss: 0.29705 | Correct: 1137/1280 | Difference: 0.7308759884989809
Epoch: 21 | Batch: 1500 | CrossEntropy-loss: 0.33014 | Correct: 1112/1280 | Difference: 0.730596381562293

Epoch: 21 | Testing Accuracy: 436106/504607 (86.425%) | Historical Best: 86.425% 

Epoch: 22 | Batch: 000 | CrossEntropy-loss: 0.33906 | Correct: 1094/1280 | Difference: 0.7303471846507555
Epoch: 22 | Batch: 100 | CrossEntropy-loss: 0.33698 | Correct: 1083/1280 | Difference: 0.7298667599531851
Epoch: 22 | Batch: 200 | CrossEntropy-loss: 0.32570 | Correct: 1119/1280 | Difference: 0.7294145843664347
Epoch: 22 | Batch: 300 | CrossEntropy-loss: 0.33304 | Correct: 1106/1280 | Difference: 0.7290849887396119
Epoch: 22 | Batch: 400 | CrossEntropy-loss: 0.31485 | Correct: 1116/1280 | Difference: 0.7286692684473557
Epoch: 22 | Batch: 500 | CrossEntropy-loss: 0.31760 | Correct: 1109/1280 | Difference: 0.7282900083297981
Epoch: 22 | Batch: 600 | CrossEntropy-loss: 0.33955 | Correct: 1084/1280 | Difference: 0.7277724550975722
Epoch: 22 | Batch: 700 | CrossEntropy-loss: 0.31418 | Correct: 1111/1280 | Difference: 0.7274301635053181
Epoch: 22 | Batch: 800 | CrossEntropy-loss: 0.32886 | Correct: 1094/1280 | Difference: 0.7270146707885771
Epoch: 22 | Batch: 900 | CrossEntropy-loss: 0.30727 | Correct: 1116/1280 | Difference: 0.7265748164924797
Epoch: 22 | Batch: 1000 | CrossEntropy-loss: 0.31736 | Correct: 1103/1280 | Difference: 0.726310103601099
Epoch: 22 | Batch: 1100 | CrossEntropy-loss: 0.32542 | Correct: 1095/1280 | Difference: 0.725649784796974
Epoch: 22 | Batch: 1200 | CrossEntropy-loss: 0.31399 | Correct: 1118/1280 | Difference: 0.7251991512826859
Epoch: 22 | Batch: 1300 | CrossEntropy-loss: 0.30726 | Correct: 1109/1280 | Difference: 0.7248381172393825
Epoch: 22 | Batch: 1400 | CrossEntropy-loss: 0.33776 | Correct: 1089/1280 | Difference: 0.7245881100527211
Epoch: 22 | Batch: 1500 | CrossEntropy-loss: 0.31293 | Correct: 1106/1280 | Difference: 0.724329384132709

Epoch: 22 | Testing Accuracy: 436681/504607 (86.539%) | Historical Best: 86.539% 

Epoch: 23 | Batch: 000 | CrossEntropy-loss: 0.33065 | Correct: 1096/1280 | Difference: 0.7240406273695654
Epoch: 23 | Batch: 100 | CrossEntropy-loss: 0.30670 | Correct: 1108/1280 | Difference: 0.7234625944372874
Epoch: 23 | Batch: 200 | CrossEntropy-loss: 0.31638 | Correct: 1106/1280 | Difference: 0.7230651731415473
Epoch: 23 | Batch: 300 | CrossEntropy-loss: 0.33778 | Correct: 1092/1280 | Difference: 0.7225976921697587
Epoch: 23 | Batch: 400 | CrossEntropy-loss: 0.32151 | Correct: 1115/1280 | Difference: 0.7223263346174177
Epoch: 23 | Batch: 500 | CrossEntropy-loss: 0.33440 | Correct: 1091/1280 | Difference: 0.7219002539631135
Epoch: 23 | Batch: 600 | CrossEntropy-loss: 0.30414 | Correct: 1123/1280 | Difference: 0.7214360186223677
Epoch: 23 | Batch: 700 | CrossEntropy-loss: 0.33397 | Correct: 1095/1280 | Difference: 0.7210310311617942
Epoch: 23 | Batch: 800 | CrossEntropy-loss: 0.31079 | Correct: 1113/1280 | Difference: 0.7208222715185921
Epoch: 23 | Batch: 900 | CrossEntropy-loss: 0.32840 | Correct: 1088/1280 | Difference: 0.7204319357729705
Epoch: 23 | Batch: 1000 | CrossEntropy-loss: 0.31498 | Correct: 1106/1280 | Difference: 0.7202090528917305
Epoch: 23 | Batch: 1100 | CrossEntropy-loss: 0.32398 | Correct: 1119/1280 | Difference: 0.7199710987016019
Epoch: 23 | Batch: 1200 | CrossEntropy-loss: 0.30701 | Correct: 1117/1280 | Difference: 0.7196663774963425
Epoch: 23 | Batch: 1300 | CrossEntropy-loss: 0.33115 | Correct: 1090/1280 | Difference: 0.7194288333496804
Epoch: 23 | Batch: 1400 | CrossEntropy-loss: 0.31080 | Correct: 1096/1280 | Difference: 0.7189901773823848
Epoch: 23 | Batch: 1500 | CrossEntropy-loss: 0.31251 | Correct: 1117/1280 | Difference: 0.7186826821148264

Epoch: 23 | Testing Accuracy: 436922/504607 (86.587%) | Historical Best: 86.587% 

Epoch: 24 | Batch: 000 | CrossEntropy-loss: 0.30628 | Correct: 1100/1280 | Difference: 0.7183383986517923
Epoch: 24 | Batch: 100 | CrossEntropy-loss: 0.29780 | Correct: 1112/1280 | Difference: 0.7179242244798053
Epoch: 24 | Batch: 200 | CrossEntropy-loss: 0.29951 | Correct: 1116/1280 | Difference: 0.717599209322408
Epoch: 24 | Batch: 300 | CrossEntropy-loss: 0.31830 | Correct: 1115/1280 | Difference: 0.7172353564085046
Epoch: 24 | Batch: 400 | CrossEntropy-loss: 0.31683 | Correct: 1105/1280 | Difference: 0.7168749415581323
Epoch: 24 | Batch: 500 | CrossEntropy-loss: 0.30900 | Correct: 1108/1280 | Difference: 0.7164451074115715
Epoch: 24 | Batch: 600 | CrossEntropy-loss: 0.32703 | Correct: 1111/1280 | Difference: 0.7160657295875433
Epoch: 24 | Batch: 700 | CrossEntropy-loss: 0.31655 | Correct: 1101/1280 | Difference: 0.7156985574321052
Epoch: 24 | Batch: 800 | CrossEntropy-loss: 0.30175 | Correct: 1113/1280 | Difference: 0.7154089440164296
Epoch: 24 | Batch: 900 | CrossEntropy-loss: 0.31419 | Correct: 1111/1280 | Difference: 0.7150335730713816
Epoch: 24 | Batch: 1000 | CrossEntropy-loss: 0.31904 | Correct: 1098/1280 | Difference: 0.7145940252806785
Epoch: 24 | Batch: 1100 | CrossEntropy-loss: 0.31240 | Correct: 1095/1280 | Difference: 0.7142149553764019
Epoch: 24 | Batch: 1200 | CrossEntropy-loss: 0.35854 | Correct: 1096/1280 | Difference: 0.7138187921876696
Epoch: 24 | Batch: 1300 | CrossEntropy-loss: 0.30919 | Correct: 1097/1280 | Difference: 0.7134676616461485
Epoch: 24 | Batch: 1400 | CrossEntropy-loss: 0.31768 | Correct: 1105/1280 | Difference: 0.7131706759160816
Epoch: 24 | Batch: 1500 | CrossEntropy-loss: 0.31964 | Correct: 1119/1280 | Difference: 0.7129954604971543

Epoch: 24 | Testing Accuracy: 437510/504607 (86.703%) | Historical Best: 86.703% 

Epoch: 25 | Batch: 000 | CrossEntropy-loss: 0.31359 | Correct: 1112/1280 | Difference: 0.7126312472317939
Epoch: 25 | Batch: 100 | CrossEntropy-loss: 0.30569 | Correct: 1111/1280 | Difference: 0.7123138879283519
Epoch: 25 | Batch: 200 | CrossEntropy-loss: 0.33182 | Correct: 1110/1280 | Difference: 0.7118411975573647
Epoch: 25 | Batch: 300 | CrossEntropy-loss: 0.31059 | Correct: 1117/1280 | Difference: 0.711402064268771
Epoch: 25 | Batch: 400 | CrossEntropy-loss: 0.34599 | Correct: 1081/1280 | Difference: 0.7111258054499048
Epoch: 25 | Batch: 500 | CrossEntropy-loss: 0.31412 | Correct: 1118/1280 | Difference: 0.7107027956889277
Epoch: 25 | Batch: 600 | CrossEntropy-loss: 0.31886 | Correct: 1107/1280 | Difference: 0.7104650667128467
Epoch: 25 | Batch: 700 | CrossEntropy-loss: 0.28641 | Correct: 1109/1280 | Difference: 0.7102238806207102
Epoch: 25 | Batch: 800 | CrossEntropy-loss: 0.32216 | Correct: 1102/1280 | Difference: 0.7098073439779053
Epoch: 25 | Batch: 900 | CrossEntropy-loss: 0.33219 | Correct: 1089/1280 | Difference: 0.7094317138031483
Epoch: 25 | Batch: 1000 | CrossEntropy-loss: 0.31240 | Correct: 1104/1280 | Difference: 0.7089919710276806
Epoch: 25 | Batch: 1100 | CrossEntropy-loss: 0.32304 | Correct: 1103/1280 | Difference: 0.7088022898741246
Epoch: 25 | Batch: 1200 | CrossEntropy-loss: 0.32711 | Correct: 1097/1280 | Difference: 0.7084206335000778
Epoch: 25 | Batch: 1300 | CrossEntropy-loss: 0.30659 | Correct: 1117/1280 | Difference: 0.7080291985900913
Epoch: 25 | Batch: 1400 | CrossEntropy-loss: 0.30853 | Correct: 1100/1280 | Difference: 0.7075642383069555
Epoch: 25 | Batch: 1500 | CrossEntropy-loss: 0.29102 | Correct: 1120/1280 | Difference: 0.7072656823094409

Epoch: 25 | Testing Accuracy: 437774/504607 (86.755%) | Historical Best: 86.755% 

Epoch: 26 | Batch: 000 | CrossEntropy-loss: 0.31931 | Correct: 1101/1280 | Difference: 0.7069158652579175
Epoch: 26 | Batch: 100 | CrossEntropy-loss: 0.32139 | Correct: 1112/1280 | Difference: 0.7064344631738252
Epoch: 26 | Batch: 200 | CrossEntropy-loss: 0.32925 | Correct: 1112/1280 | Difference: 0.706160050528726
Epoch: 26 | Batch: 300 | CrossEntropy-loss: 0.30734 | Correct: 1125/1280 | Difference: 0.7058851052332146
Epoch: 26 | Batch: 400 | CrossEntropy-loss: 0.29699 | Correct: 1110/1280 | Difference: 0.7054718510630091
Epoch: 26 | Batch: 500 | CrossEntropy-loss: 0.30769 | Correct: 1109/1280 | Difference: 0.7051841024285385
Epoch: 26 | Batch: 600 | CrossEntropy-loss: 0.32329 | Correct: 1109/1280 | Difference: 0.7048757473651759
Epoch: 26 | Batch: 700 | CrossEntropy-loss: 0.32869 | Correct: 1100/1280 | Difference: 0.7044623970920747
Epoch: 26 | Batch: 800 | CrossEntropy-loss: 0.32957 | Correct: 1100/1280 | Difference: 0.7041993836174721
Epoch: 26 | Batch: 900 | CrossEntropy-loss: 0.32924 | Correct: 1118/1280 | Difference: 0.7039253890579059
Epoch: 26 | Batch: 1000 | CrossEntropy-loss: 0.29299 | Correct: 1115/1280 | Difference: 0.7035782955294958
Epoch: 26 | Batch: 1100 | CrossEntropy-loss: 0.31338 | Correct: 1109/1280 | Difference: 0.7033156660115651
Epoch: 26 | Batch: 1200 | CrossEntropy-loss: 0.31606 | Correct: 1103/1280 | Difference: 0.7030428336511029
Epoch: 26 | Batch: 1300 | CrossEntropy-loss: 0.28152 | Correct: 1123/1280 | Difference: 0.7027178848771174
Epoch: 26 | Batch: 1400 | CrossEntropy-loss: 0.30523 | Correct: 1107/1280 | Difference: 0.7023754052103632
Epoch: 26 | Batch: 1500 | CrossEntropy-loss: 0.31951 | Correct: 1083/1280 | Difference: 0.7020658124872079

Epoch: 26 | Testing Accuracy: 438459/504607 (86.891%) | Historical Best: 86.891% 

Epoch: 27 | Batch: 000 | CrossEntropy-loss: 0.33345 | Correct: 1101/1280 | Difference: 0.7019078379002639
Epoch: 27 | Batch: 100 | CrossEntropy-loss: 0.30823 | Correct: 1116/1280 | Difference: 0.7016106138380921
Epoch: 27 | Batch: 200 | CrossEntropy-loss: 0.32730 | Correct: 1093/1280 | Difference: 0.7012172469264784
Epoch: 27 | Batch: 300 | CrossEntropy-loss: 0.31030 | Correct: 1103/1280 | Difference: 0.7009231620275107
Epoch: 27 | Batch: 400 | CrossEntropy-loss: 0.32534 | Correct: 1110/1280 | Difference: 0.700594407875555
Epoch: 27 | Batch: 500 | CrossEntropy-loss: 0.34114 | Correct: 1089/1280 | Difference: 0.7001718434283609
Epoch: 27 | Batch: 600 | CrossEntropy-loss: 0.30170 | Correct: 1113/1280 | Difference: 0.7001126564360257
Epoch: 27 | Batch: 700 | CrossEntropy-loss: 0.30895 | Correct: 1094/1280 | Difference: 0.6997897966809404
Epoch: 27 | Batch: 800 | CrossEntropy-loss: 0.30829 | Correct: 1111/1280 | Difference: 0.6993373878671799
Epoch: 27 | Batch: 900 | CrossEntropy-loss: 0.30550 | Correct: 1128/1280 | Difference: 0.6990322831426617
Epoch: 27 | Batch: 1000 | CrossEntropy-loss: 0.29378 | Correct: 1119/1280 | Difference: 0.6987241762016958
Epoch: 27 | Batch: 1100 | CrossEntropy-loss: 0.29788 | Correct: 1122/1280 | Difference: 0.6983467992024823
Epoch: 27 | Batch: 1200 | CrossEntropy-loss: 0.31017 | Correct: 1121/1280 | Difference: 0.6980147602789395
Epoch: 27 | Batch: 1300 | CrossEntropy-loss: 0.30797 | Correct: 1109/1280 | Difference: 0.697675409173251
Epoch: 27 | Batch: 1400 | CrossEntropy-loss: 0.30079 | Correct: 1113/1280 | Difference: 0.6973185895161226
Epoch: 27 | Batch: 1500 | CrossEntropy-loss: 0.29970 | Correct: 1120/1280 | Difference: 0.6971019077010153

Epoch: 27 | Testing Accuracy: 438411/504607 (86.882%) | Historical Best: 86.891% 

Epoch: 28 | Batch: 000 | CrossEntropy-loss: 0.31034 | Correct: 1111/1280 | Difference: 0.6967362278331207
Epoch: 28 | Batch: 100 | CrossEntropy-loss: 0.30763 | Correct: 1114/1280 | Difference: 0.6963264376626966
Epoch: 28 | Batch: 200 | CrossEntropy-loss: 0.31652 | Correct: 1098/1280 | Difference: 0.6959716657198098
Epoch: 28 | Batch: 300 | CrossEntropy-loss: 0.30032 | Correct: 1126/1280 | Difference: 0.6956912289064525
Epoch: 28 | Batch: 400 | CrossEntropy-loss: 0.32596 | Correct: 1091/1280 | Difference: 0.695360341468332
Epoch: 28 | Batch: 500 | CrossEntropy-loss: 0.33287 | Correct: 1098/1280 | Difference: 0.6952114334303865
Epoch: 28 | Batch: 600 | CrossEntropy-loss: 0.29384 | Correct: 1121/1280 | Difference: 0.6948052584519696
Epoch: 28 | Batch: 700 | CrossEntropy-loss: 0.29876 | Correct: 1126/1280 | Difference: 0.6944694343122867
Epoch: 28 | Batch: 800 | CrossEntropy-loss: 0.30185 | Correct: 1095/1280 | Difference: 0.6941716942842006
Epoch: 28 | Batch: 900 | CrossEntropy-loss: 0.28070 | Correct: 1112/1280 | Difference: 0.6938374786307021
Epoch: 28 | Batch: 1000 | CrossEntropy-loss: 0.30362 | Correct: 1096/1280 | Difference: 0.6934756577335238
Epoch: 28 | Batch: 1100 | CrossEntropy-loss: 0.29069 | Correct: 1114/1280 | Difference: 0.6930251835057251
Epoch: 28 | Batch: 1200 | CrossEntropy-loss: 0.29386 | Correct: 1102/1280 | Difference: 0.692583378075853
Epoch: 28 | Batch: 1300 | CrossEntropy-loss: 0.30997 | Correct: 1111/1280 | Difference: 0.692327706494627
Epoch: 28 | Batch: 1400 | CrossEntropy-loss: 0.29806 | Correct: 1124/1280 | Difference: 0.6920464845018734
Epoch: 28 | Batch: 1500 | CrossEntropy-loss: 0.30292 | Correct: 1109/1280 | Difference: 0.6918157831150773

Epoch: 28 | Testing Accuracy: 438663/504607 (86.932%) | Historical Best: 86.932% 

Epoch: 29 | Batch: 000 | CrossEntropy-loss: 0.28813 | Correct: 1128/1280 | Difference: 0.6915509474826164
Epoch: 29 | Batch: 100 | CrossEntropy-loss: 0.31062 | Correct: 1105/1280 | Difference: 0.6911690084309177
Epoch: 29 | Batch: 200 | CrossEntropy-loss: 0.31924 | Correct: 1091/1280 | Difference: 0.6908894222862089
Epoch: 29 | Batch: 300 | CrossEntropy-loss: 0.30228 | Correct: 1107/1280 | Difference: 0.6905355426846361
Epoch: 29 | Batch: 400 | CrossEntropy-loss: 0.30964 | Correct: 1105/1280 | Difference: 0.6901650227019076
Epoch: 29 | Batch: 500 | CrossEntropy-loss: 0.31558 | Correct: 1112/1280 | Difference: 0.6898691057723001
Epoch: 29 | Batch: 600 | CrossEntropy-loss: 0.29607 | Correct: 1125/1280 | Difference: 0.6894904522049011
Epoch: 29 | Batch: 700 | CrossEntropy-loss: 0.28147 | Correct: 1125/1280 | Difference: 0.6892150144161351
Epoch: 29 | Batch: 800 | CrossEntropy-loss: 0.28915 | Correct: 1112/1280 | Difference: 0.6888220307370263
Epoch: 29 | Batch: 900 | CrossEntropy-loss: 0.32861 | Correct: 1091/1280 | Difference: 0.6885380422122469
Epoch: 29 | Batch: 1000 | CrossEntropy-loss: 0.30522 | Correct: 1112/1280 | Difference: 0.6882331011046076
Epoch: 29 | Batch: 1100 | CrossEntropy-loss: 0.31041 | Correct: 1106/1280 | Difference: 0.6878857925413913
Epoch: 29 | Batch: 1200 | CrossEntropy-loss: 0.30812 | Correct: 1098/1280 | Difference: 0.6875676310965949
Epoch: 29 | Batch: 1300 | CrossEntropy-loss: 0.31021 | Correct: 1112/1280 | Difference: 0.6873853951992518
Epoch: 29 | Batch: 1400 | CrossEntropy-loss: 0.30858 | Correct: 1103/1280 | Difference: 0.6870395267651711
Epoch: 29 | Batch: 1500 | CrossEntropy-loss: 0.31057 | Correct: 1110/1280 | Difference: 0.6867929927162237

Epoch: 29 | Testing Accuracy: 439397/504607 (87.077%) | Historical Best: 87.077% 

Epoch: 30 | Batch: 000 | CrossEntropy-loss: 0.31606 | Correct: 1095/1280 | Difference: 0.6865813495509203
Epoch: 30 | Batch: 100 | CrossEntropy-loss: 0.31473 | Correct: 1100/1280 | Difference: 0.6863701229167222
Epoch: 30 | Batch: 200 | CrossEntropy-loss: 0.30568 | Correct: 1112/1280 | Difference: 0.6860901744158631
Epoch: 30 | Batch: 300 | CrossEntropy-loss: 0.30724 | Correct: 1122/1280 | Difference: 0.6858460638165459
Epoch: 30 | Batch: 400 | CrossEntropy-loss: 0.30740 | Correct: 1096/1280 | Difference: 0.6854329742855857
Epoch: 30 | Batch: 500 | CrossEntropy-loss: 0.29297 | Correct: 1119/1280 | Difference: 0.6851484317092867
Epoch: 30 | Batch: 600 | CrossEntropy-loss: 0.30247 | Correct: 1102/1280 | Difference: 0.6847377048529222
Epoch: 30 | Batch: 700 | CrossEntropy-loss: 0.31374 | Correct: 1095/1280 | Difference: 0.6844058297380154
Epoch: 30 | Batch: 800 | CrossEntropy-loss: 0.32732 | Correct: 1112/1280 | Difference: 0.6840570960596141
Epoch: 30 | Batch: 900 | CrossEntropy-loss: 0.29811 | Correct: 1099/1280 | Difference: 0.6837642087389211
Epoch: 30 | Batch: 1000 | CrossEntropy-loss: 0.32408 | Correct: 1102/1280 | Difference: 0.683467545641864
Epoch: 30 | Batch: 1100 | CrossEntropy-loss: 0.31917 | Correct: 1110/1280 | Difference: 0.6832314125831024
Epoch: 30 | Batch: 1200 | CrossEntropy-loss: 0.29347 | Correct: 1116/1280 | Difference: 0.6828830795574315
Epoch: 30 | Batch: 1300 | CrossEntropy-loss: 0.29394 | Correct: 1131/1280 | Difference: 0.6824583630619108
Epoch: 30 | Batch: 1400 | CrossEntropy-loss: 0.28525 | Correct: 1133/1280 | Difference: 0.6821949438046112
Epoch: 30 | Batch: 1500 | CrossEntropy-loss: 0.29590 | Correct: 1134/1280 | Difference: 0.6818791453994851

Epoch: 30 | Testing Accuracy: 440165/504607 (87.229%) | Historical Best: 87.229% 

Epoch: 31 | Batch: 000 | CrossEntropy-loss: 0.30383 | Correct: 1104/1280 | Difference: 0.6816250293991769
Epoch: 31 | Batch: 100 | CrossEntropy-loss: 0.31936 | Correct: 1080/1280 | Difference: 0.6813312750223078
Epoch: 31 | Batch: 200 | CrossEntropy-loss: 0.28417 | Correct: 1124/1280 | Difference: 0.6809837876684864
Epoch: 31 | Batch: 300 | CrossEntropy-loss: 0.27982 | Correct: 1138/1280 | Difference: 0.6806595014949415
Epoch: 31 | Batch: 400 | CrossEntropy-loss: 0.29757 | Correct: 1108/1280 | Difference: 0.6803448705284686
Epoch: 31 | Batch: 500 | CrossEntropy-loss: 0.30381 | Correct: 1111/1280 | Difference: 0.6798668178968386
Epoch: 31 | Batch: 600 | CrossEntropy-loss: 0.30295 | Correct: 1098/1280 | Difference: 0.6795683794876409
Epoch: 31 | Batch: 700 | CrossEntropy-loss: 0.30840 | Correct: 1110/1280 | Difference: 0.6792458427095424
Epoch: 31 | Batch: 800 | CrossEntropy-loss: 0.30938 | Correct: 1110/1280 | Difference: 0.678821114075761
Epoch: 31 | Batch: 900 | CrossEntropy-loss: 0.29926 | Correct: 1109/1280 | Difference: 0.6786189530459861
Epoch: 31 | Batch: 1000 | CrossEntropy-loss: 0.30063 | Correct: 1126/1280 | Difference: 0.6783273384707929
Epoch: 31 | Batch: 1100 | CrossEntropy-loss: 0.33219 | Correct: 1099/1280 | Difference: 0.6780805521258285
Epoch: 31 | Batch: 1200 | CrossEntropy-loss: 0.28694 | Correct: 1124/1280 | Difference: 0.6777481482638481
Epoch: 31 | Batch: 1300 | CrossEntropy-loss: 0.28652 | Correct: 1130/1280 | Difference: 0.6775095860776698
Epoch: 31 | Batch: 1400 | CrossEntropy-loss: 0.29589 | Correct: 1124/1280 | Difference: 0.6772323807419506
Epoch: 31 | Batch: 1500 | CrossEntropy-loss: 0.28108 | Correct: 1121/1280 | Difference: 0.6768678251245369

Epoch: 31 | Testing Accuracy: 440766/504607 (87.348%) | Historical Best: 87.348% 

Epoch: 32 | Batch: 000 | CrossEntropy-loss: 0.29376 | Correct: 1123/1280 | Difference: 0.676694460885287
Epoch: 32 | Batch: 100 | CrossEntropy-loss: 0.29557 | Correct: 1126/1280 | Difference: 0.6764347646155204
Epoch: 32 | Batch: 200 | CrossEntropy-loss: 0.29676 | Correct: 1120/1280 | Difference: 0.6759696748029945
Epoch: 32 | Batch: 300 | CrossEntropy-loss: 0.30418 | Correct: 1116/1280 | Difference: 0.6755068007682793
Epoch: 32 | Batch: 400 | CrossEntropy-loss: 0.30520 | Correct: 1111/1280 | Difference: 0.6751362319765716
Epoch: 32 | Batch: 500 | CrossEntropy-loss: 0.29447 | Correct: 1125/1280 | Difference: 0.6748556159621604
Epoch: 32 | Batch: 600 | CrossEntropy-loss: 0.29107 | Correct: 1113/1280 | Difference: 0.67458482573615
Epoch: 32 | Batch: 700 | CrossEntropy-loss: 0.28602 | Correct: 1123/1280 | Difference: 0.6742257317810794
Epoch: 32 | Batch: 800 | CrossEntropy-loss: 0.29323 | Correct: 1119/1280 | Difference: 0.6739363632747217
Epoch: 32 | Batch: 900 | CrossEntropy-loss: 0.32476 | Correct: 1092/1280 | Difference: 0.6736052306690453
Epoch: 32 | Batch: 1000 | CrossEntropy-loss: 0.29820 | Correct: 1115/1280 | Difference: 0.6733641749072686
Epoch: 32 | Batch: 1100 | CrossEntropy-loss: 0.31326 | Correct: 1093/1280 | Difference: 0.6730250294991383
Epoch: 32 | Batch: 1200 | CrossEntropy-loss: 0.32904 | Correct: 1103/1280 | Difference: 0.6727473745741894
Epoch: 32 | Batch: 1300 | CrossEntropy-loss: 0.28877 | Correct: 1109/1280 | Difference: 0.6723914759253306
Epoch: 32 | Batch: 1400 | CrossEntropy-loss: 0.27364 | Correct: 1124/1280 | Difference: 0.672039908671594
Epoch: 32 | Batch: 1500 | CrossEntropy-loss: 0.28544 | Correct: 1115/1280 | Difference: 0.6718198620181679

Epoch: 32 | Testing Accuracy: 441315/504607 (87.457%) | Historical Best: 87.457% 

Epoch: 33 | Batch: 000 | CrossEntropy-loss: 0.29909 | Correct: 1108/1280 | Difference: 0.6716423916080093
Epoch: 33 | Batch: 100 | CrossEntropy-loss: 0.31244 | Correct: 1111/1280 | Difference: 0.6713656171215654
Epoch: 33 | Batch: 200 | CrossEntropy-loss: 0.30137 | Correct: 1115/1280 | Difference: 0.671001907668155
Epoch: 33 | Batch: 300 | CrossEntropy-loss: 0.28401 | Correct: 1124/1280 | Difference: 0.6707642690146157
Epoch: 33 | Batch: 400 | CrossEntropy-loss: 0.29717 | Correct: 1122/1280 | Difference: 0.670423077593457
Epoch: 33 | Batch: 500 | CrossEntropy-loss: 0.30245 | Correct: 1125/1280 | Difference: 0.6700585312118195
Epoch: 33 | Batch: 600 | CrossEntropy-loss: 0.28356 | Correct: 1120/1280 | Difference: 0.6695744635709682
Epoch: 33 | Batch: 700 | CrossEntropy-loss: 0.30691 | Correct: 1119/1280 | Difference: 0.6691925855800336
Epoch: 33 | Batch: 800 | CrossEntropy-loss: 0.29970 | Correct: 1121/1280 | Difference: 0.6689136679175584
Epoch: 33 | Batch: 900 | CrossEntropy-loss: 0.30576 | Correct: 1107/1280 | Difference: 0.6685892059985699
Epoch: 33 | Batch: 1000 | CrossEntropy-loss: 0.27701 | Correct: 1126/1280 | Difference: 0.6683920820058664
Epoch: 33 | Batch: 1100 | CrossEntropy-loss: 0.27129 | Correct: 1136/1280 | Difference: 0.6680322504142857
Epoch: 33 | Batch: 1200 | CrossEntropy-loss: 0.29920 | Correct: 1108/1280 | Difference: 0.6678360907804038
Epoch: 33 | Batch: 1300 | CrossEntropy-loss: 0.29348 | Correct: 1113/1280 | Difference: 0.6675137010978546
Epoch: 33 | Batch: 1400 | CrossEntropy-loss: 0.29728 | Correct: 1122/1280 | Difference: 0.6671704688268938
Epoch: 33 | Batch: 1500 | CrossEntropy-loss: 0.28319 | Correct: 1118/1280 | Difference: 0.6669354442669375

Epoch: 33 | Testing Accuracy: 442092/504607 (87.611%) | Historical Best: 87.611% 

Epoch: 34 | Batch: 000 | CrossEntropy-loss: 0.27974 | Correct: 1113/1280 | Difference: 0.6666265612214296
Epoch: 34 | Batch: 100 | CrossEntropy-loss: 0.29456 | Correct: 1112/1280 | Difference: 0.6663266457441643
Epoch: 34 | Batch: 200 | CrossEntropy-loss: 0.31683 | Correct: 1100/1280 | Difference: 0.665928006410422
Epoch: 34 | Batch: 300 | CrossEntropy-loss: 0.30093 | Correct: 1111/1280 | Difference: 0.6656563465731907
Epoch: 34 | Batch: 400 | CrossEntropy-loss: 0.33308 | Correct: 1104/1280 | Difference: 0.6653684953584159
Epoch: 34 | Batch: 500 | CrossEntropy-loss: 0.28008 | Correct: 1137/1280 | Difference: 0.6651239384772667
Epoch: 34 | Batch: 600 | CrossEntropy-loss: 0.26139 | Correct: 1134/1280 | Difference: 0.6647674750081194
Epoch: 34 | Batch: 700 | CrossEntropy-loss: 0.28668 | Correct: 1119/1280 | Difference: 0.66445929282509
Epoch: 34 | Batch: 800 | CrossEntropy-loss: 0.29854 | Correct: 1103/1280 | Difference: 0.6641596709054006
Epoch: 34 | Batch: 900 | CrossEntropy-loss: 0.30288 | Correct: 1115/1280 | Difference: 0.6638948075479095
Epoch: 34 | Batch: 1000 | CrossEntropy-loss: 0.32775 | Correct: 1095/1280 | Difference: 0.6636317490940299
Epoch: 34 | Batch: 1100 | CrossEntropy-loss: 0.29345 | Correct: 1094/1280 | Difference: 0.6632966305537851
Epoch: 34 | Batch: 1200 | CrossEntropy-loss: 0.30026 | Correct: 1117/1280 | Difference: 0.6630193394994318
Epoch: 34 | Batch: 1300 | CrossEntropy-loss: 0.29064 | Correct: 1117/1280 | Difference: 0.6627340453171732
Epoch: 34 | Batch: 1400 | CrossEntropy-loss: 0.30150 | Correct: 1104/1280 | Difference: 0.6623275627049727
Epoch: 34 | Batch: 1500 | CrossEntropy-loss: 0.29869 | Correct: 1125/1280 | Difference: 0.6618868527097809

Epoch: 34 | Testing Accuracy: 442457/504607 (87.683%) | Historical Best: 87.683% 

Epoch: 35 | Batch: 000 | CrossEntropy-loss: 0.29004 | Correct: 1129/1280 | Difference: 0.661745166771151
Epoch: 35 | Batch: 100 | CrossEntropy-loss: 0.31012 | Correct: 1104/1280 | Difference: 0.6613119591688814
Epoch: 35 | Batch: 200 | CrossEntropy-loss: 0.29308 | Correct: 1114/1280 | Difference: 0.6610555858049176
Epoch: 35 | Batch: 300 | CrossEntropy-loss: 0.28704 | Correct: 1114/1280 | Difference: 0.6607468030773521
Epoch: 35 | Batch: 400 | CrossEntropy-loss: 0.28264 | Correct: 1109/1280 | Difference: 0.6603530128261269
Epoch: 35 | Batch: 500 | CrossEntropy-loss: 0.30960 | Correct: 1111/1280 | Difference: 0.6601169496851613
Epoch: 35 | Batch: 600 | CrossEntropy-loss: 0.28038 | Correct: 1109/1280 | Difference: 0.659790309306351
Epoch: 35 | Batch: 700 | CrossEntropy-loss: 0.29489 | Correct: 1111/1280 | Difference: 0.6595038156450604
Epoch: 35 | Batch: 800 | CrossEntropy-loss: 0.28375 | Correct: 1120/1280 | Difference: 0.6591095939878718
Epoch: 35 | Batch: 900 | CrossEntropy-loss: 0.28082 | Correct: 1132/1280 | Difference: 0.6588091418049635
Epoch: 35 | Batch: 1000 | CrossEntropy-loss: 0.26753 | Correct: 1140/1280 | Difference: 0.658493952928455
Epoch: 35 | Batch: 1100 | CrossEntropy-loss: 0.30396 | Correct: 1114/1280 | Difference: 0.6582081438706784
Epoch: 35 | Batch: 1200 | CrossEntropy-loss: 0.30772 | Correct: 1100/1280 | Difference: 0.6579532831004614
Epoch: 35 | Batch: 1300 | CrossEntropy-loss: 0.28472 | Correct: 1123/1280 | Difference: 0.6575912273354249
Epoch: 35 | Batch: 1400 | CrossEntropy-loss: 0.31093 | Correct: 1110/1280 | Difference: 0.657211604673761
Epoch: 35 | Batch: 1500 | CrossEntropy-loss: 0.28789 | Correct: 1124/1280 | Difference: 0.6569883352678403

Epoch: 35 | Testing Accuracy: 442907/504607 (87.773%) | Historical Best: 87.773% 

Epoch: 36 | Batch: 000 | CrossEntropy-loss: 0.30578 | Correct: 1103/1280 | Difference: 0.6567190779953482
Epoch: 36 | Batch: 100 | CrossEntropy-loss: 0.30142 | Correct: 1113/1280 | Difference: 0.6563457794493541
Epoch: 36 | Batch: 200 | CrossEntropy-loss: 0.30238 | Correct: 1118/1280 | Difference: 0.6559798401215184
Epoch: 36 | Batch: 300 | CrossEntropy-loss: 0.29095 | Correct: 1121/1280 | Difference: 0.6556968060683567
Epoch: 36 | Batch: 400 | CrossEntropy-loss: 0.27339 | Correct: 1138/1280 | Difference: 0.6553976533927286
Epoch: 36 | Batch: 500 | CrossEntropy-loss: 0.28493 | Correct: 1114/1280 | Difference: 0.6551105586752048
Epoch: 36 | Batch: 600 | CrossEntropy-loss: 0.28432 | Correct: 1130/1280 | Difference: 0.6547658465359617
Epoch: 36 | Batch: 700 | CrossEntropy-loss: 0.27807 | Correct: 1128/1280 | Difference: 0.6544133103314006
Epoch: 36 | Batch: 800 | CrossEntropy-loss: 0.28132 | Correct: 1129/1280 | Difference: 0.6541015311348223
Epoch: 36 | Batch: 900 | CrossEntropy-loss: 0.29664 | Correct: 1109/1280 | Difference: 0.6537667909795405
Epoch: 36 | Batch: 1000 | CrossEntropy-loss: 0.30091 | Correct: 1120/1280 | Difference: 0.6535584824950831
Epoch: 36 | Batch: 1100 | CrossEntropy-loss: 0.28510 | Correct: 1117/1280 | Difference: 0.6531790600380865
Epoch: 36 | Batch: 1200 | CrossEntropy-loss: 0.28739 | Correct: 1122/1280 | Difference: 0.6529694662516166
Epoch: 36 | Batch: 1300 | CrossEntropy-loss: 0.29972 | Correct: 1102/1280 | Difference: 0.6526884268518626
Epoch: 36 | Batch: 1400 | CrossEntropy-loss: 0.28662 | Correct: 1120/1280 | Difference: 0.6523553998984715
Epoch: 36 | Batch: 1500 | CrossEntropy-loss: 0.28155 | Correct: 1115/1280 | Difference: 0.6520644045128718

Epoch: 36 | Testing Accuracy: 443197/504607 (87.830%) | Historical Best: 87.830% 

Epoch: 37 | Batch: 000 | CrossEntropy-loss: 0.29141 | Correct: 1109/1280 | Difference: 0.6517848960328814
Epoch: 37 | Batch: 100 | CrossEntropy-loss: 0.29715 | Correct: 1109/1280 | Difference: 0.6515413579120849
Epoch: 37 | Batch: 200 | CrossEntropy-loss: 0.29177 | Correct: 1123/1280 | Difference: 0.651199630138171
Epoch: 37 | Batch: 300 | CrossEntropy-loss: 0.30032 | Correct: 1115/1280 | Difference: 0.6509909992551653
Epoch: 37 | Batch: 400 | CrossEntropy-loss: 0.28902 | Correct: 1130/1280 | Difference: 0.6507477924304923
Epoch: 37 | Batch: 500 | CrossEntropy-loss: 0.30263 | Correct: 1109/1280 | Difference: 0.6504942264620899
Epoch: 37 | Batch: 600 | CrossEntropy-loss: 0.29136 | Correct: 1118/1280 | Difference: 0.6500997581536901
Epoch: 37 | Batch: 700 | CrossEntropy-loss: 0.28809 | Correct: 1122/1280 | Difference: 0.6496974851381025
Epoch: 37 | Batch: 800 | CrossEntropy-loss: 0.30199 | Correct: 1126/1280 | Difference: 0.6494156309477022
Epoch: 37 | Batch: 900 | CrossEntropy-loss: 0.27890 | Correct: 1124/1280 | Difference: 0.649198309422779
Epoch: 37 | Batch: 1000 | CrossEntropy-loss: 0.29834 | Correct: 1113/1280 | Difference: 0.6489534392113407
Epoch: 37 | Batch: 1100 | CrossEntropy-loss: 0.27613 | Correct: 1106/1280 | Difference: 0.6485583524350633
Epoch: 37 | Batch: 1200 | CrossEntropy-loss: 0.28260 | Correct: 1120/1280 | Difference: 0.6482613348617102
Epoch: 37 | Batch: 1300 | CrossEntropy-loss: 0.27947 | Correct: 1134/1280 | Difference: 0.6480272435809628
Epoch: 37 | Batch: 1400 | CrossEntropy-loss: 0.30844 | Correct: 1103/1280 | Difference: 0.6477410504386651
Epoch: 37 | Batch: 1500 | CrossEntropy-loss: 0.29594 | Correct: 1117/1280 | Difference: 0.6475145173857877

Epoch: 37 | Testing Accuracy: 443791/504607 (87.948%) | Historical Best: 87.948% 

Epoch: 38 | Batch: 000 | CrossEntropy-loss: 0.26671 | Correct: 1138/1280 | Difference: 0.6472353834447833
Epoch: 38 | Batch: 100 | CrossEntropy-loss: 0.27954 | Correct: 1141/1280 | Difference: 0.6470844013794852
Epoch: 38 | Batch: 200 | CrossEntropy-loss: 0.28542 | Correct: 1118/1280 | Difference: 0.6467839074402025
Epoch: 38 | Batch: 300 | CrossEntropy-loss: 0.30537 | Correct: 1116/1280 | Difference: 0.6465012525747268
Epoch: 38 | Batch: 400 | CrossEntropy-loss: 0.27643 | Correct: 1125/1280 | Difference: 0.6462391591048889
Epoch: 38 | Batch: 500 | CrossEntropy-loss: 0.27326 | Correct: 1126/1280 | Difference: 0.6459400485116674
Epoch: 38 | Batch: 600 | CrossEntropy-loss: 0.28826 | Correct: 1123/1280 | Difference: 0.6457604231535542
Epoch: 38 | Batch: 700 | CrossEntropy-loss: 0.28492 | Correct: 1132/1280 | Difference: 0.6455060773091374
Epoch: 38 | Batch: 800 | CrossEntropy-loss: 0.29233 | Correct: 1125/1280 | Difference: 0.6453007504825445
Epoch: 38 | Batch: 900 | CrossEntropy-loss: 0.27646 | Correct: 1123/1280 | Difference: 0.6450154793279989
Epoch: 38 | Batch: 1000 | CrossEntropy-loss: 0.28170 | Correct: 1132/1280 | Difference: 0.6447257027857
Epoch: 38 | Batch: 1100 | CrossEntropy-loss: 0.28284 | Correct: 1124/1280 | Difference: 0.6444786148659706
Epoch: 38 | Batch: 1200 | CrossEntropy-loss: 0.27849 | Correct: 1119/1280 | Difference: 0.6442462719784353
Epoch: 38 | Batch: 1300 | CrossEntropy-loss: 0.30192 | Correct: 1111/1280 | Difference: 0.6439058834064245
Epoch: 38 | Batch: 1400 | CrossEntropy-loss: 0.27970 | Correct: 1127/1280 | Difference: 0.6436646240040489
Epoch: 38 | Batch: 1500 | CrossEntropy-loss: 0.29703 | Correct: 1092/1280 | Difference: 0.6433975288849183

Epoch: 38 | Testing Accuracy: 443991/504607 (87.987%) | Historical Best: 87.987% 

Epoch: 39 | Batch: 000 | CrossEntropy-loss: 0.26253 | Correct: 1156/1280 | Difference: 0.643161273784577
Epoch: 39 | Batch: 100 | CrossEntropy-loss: 0.27594 | Correct: 1120/1280 | Difference: 0.6429533484640008
Epoch: 39 | Batch: 200 | CrossEntropy-loss: 0.26944 | Correct: 1127/1280 | Difference: 0.6426634341591536
Epoch: 39 | Batch: 300 | CrossEntropy-loss: 0.28279 | Correct: 1124/1280 | Difference: 0.6423913242237155
Epoch: 39 | Batch: 400 | CrossEntropy-loss: 0.28348 | Correct: 1121/1280 | Difference: 0.6421917233681547
Epoch: 39 | Batch: 500 | CrossEntropy-loss: 0.27110 | Correct: 1129/1280 | Difference: 0.6420188547159232
Epoch: 39 | Batch: 600 | CrossEntropy-loss: 0.27628 | Correct: 1140/1280 | Difference: 0.6417436713206363
Epoch: 39 | Batch: 700 | CrossEntropy-loss: 0.30943 | Correct: 1112/1280 | Difference: 0.6415235973435063
Epoch: 39 | Batch: 800 | CrossEntropy-loss: 0.27377 | Correct: 1116/1280 | Difference: 0.6412589450795333
Epoch: 39 | Batch: 900 | CrossEntropy-loss: 0.27465 | Correct: 1113/1280 | Difference: 0.6410651164920095
Epoch: 39 | Batch: 1000 | CrossEntropy-loss: 0.28292 | Correct: 1122/1280 | Difference: 0.640854062801968
Epoch: 39 | Batch: 1100 | CrossEntropy-loss: 0.27145 | Correct: 1144/1280 | Difference: 0.6406537126731571
Epoch: 39 | Batch: 1200 | CrossEntropy-loss: 0.30693 | Correct: 1107/1280 | Difference: 0.6404080887581511
Epoch: 39 | Batch: 1300 | CrossEntropy-loss: 0.26257 | Correct: 1136/1280 | Difference: 0.640136999558448
Epoch: 39 | Batch: 1400 | CrossEntropy-loss: 0.30649 | Correct: 1094/1280 | Difference: 0.6399696552559159
Epoch: 39 | Batch: 1500 | CrossEntropy-loss: 0.27685 | Correct: 1131/1280 | Difference: 0.6397251000100093

Epoch: 39 | Testing Accuracy: 444404/504607 (88.069%) | Historical Best: 88.069% 

Epoch: 40 | Batch: 000 | CrossEntropy-loss: 0.29892 | Correct: 1106/1280 | Difference: 0.6396507403054998
Epoch: 40 | Batch: 100 | CrossEntropy-loss: 0.28953 | Correct: 1118/1280 | Difference: 0.6393526889583143
Epoch: 40 | Batch: 200 | CrossEntropy-loss: 0.28490 | Correct: 1115/1280 | Difference: 0.6392303558254491
Epoch: 40 | Batch: 300 | CrossEntropy-loss: 0.29074 | Correct: 1126/1280 | Difference: 0.638979900218836
Epoch: 40 | Batch: 400 | CrossEntropy-loss: 0.26632 | Correct: 1129/1280 | Difference: 0.6386799939475338
Epoch: 40 | Batch: 500 | CrossEntropy-loss: 0.28275 | Correct: 1138/1280 | Difference: 0.6385192981581012
Epoch: 40 | Batch: 600 | CrossEntropy-loss: 0.27276 | Correct: 1129/1280 | Difference: 0.6383684609265585
Epoch: 40 | Batch: 700 | CrossEntropy-loss: 0.29923 | Correct: 1097/1280 | Difference: 0.6381330617733161
Epoch: 40 | Batch: 800 | CrossEntropy-loss: 0.26977 | Correct: 1147/1280 | Difference: 0.6378274679326936
Epoch: 40 | Batch: 900 | CrossEntropy-loss: 0.28765 | Correct: 1135/1280 | Difference: 0.6375704752467378
Epoch: 40 | Batch: 1000 | CrossEntropy-loss: 0.28214 | Correct: 1121/1280 | Difference: 0.6373515229004421
Epoch: 40 | Batch: 1100 | CrossEntropy-loss: 0.30042 | Correct: 1107/1280 | Difference: 0.6371528499774067
Epoch: 40 | Batch: 1200 | CrossEntropy-loss: 0.28607 | Correct: 1126/1280 | Difference: 0.636949490998121
Epoch: 40 | Batch: 1300 | CrossEntropy-loss: 0.28882 | Correct: 1114/1280 | Difference: 0.6367235779163105
Epoch: 40 | Batch: 1400 | CrossEntropy-loss: 0.28834 | Correct: 1126/1280 | Difference: 0.6364949743205329
Epoch: 40 | Batch: 1500 | CrossEntropy-loss: 0.30889 | Correct: 1102/1280 | Difference: 0.6362614745149684

Epoch: 40 | Testing Accuracy: 444936/504607 (88.175%) | Historical Best: 88.175% 

