compute002
1
/home/zihan/anaconda3/envs/exp/lib/python3.6/site-packages/gym/envs/registration.py:14: PkgResourcesDeprecationWarning: Parameters to load are deprecated.  Call .resolve and .require separately.
  result = entry_point.load(False)
8 4
# of episode :20, reward : -74.3, episode length: 61
# of episode :40, reward : -290.7, episode length: 101
# of episode :60, reward : -392.1, episode length: 125
# of episode :80, reward : -132.1, episode length: 137
# of episode :100, reward : -302.0, episode length: 85
# of episode :120, reward : -70.4, episode length: 63
# of episode :140, reward : -62.9, episode length: 92
# of episode :160, reward : -226.5, episode length: 96
# of episode :180, reward : -156.9, episode length: 106
# of episode :200, reward : -103.7, episode length: 77
# of episode :220, reward : -69.9, episode length: 95
# of episode :240, reward : -39.0, episode length: 79
# of episode :260, reward : -246.2, episode length: 129
# of episode :280, reward : -71.6, episode length: 61
# of episode :300, reward : -281.1, episode length: 82
# of episode :320, reward : -90.7, episode length: 104
# of episode :340, reward : -145.7, episode length: 113
# of episode :360, reward : -104.2, episode length: 135
# of episode :380, reward : -86.8, episode length: 98
# of episode :400, reward : -93.1, episode length: 86
# of episode :420, reward : -256.9, episode length: 122
# of episode :440, reward : -115.9, episode length: 111
# of episode :460, reward : -139.0, episode length: 133
# of episode :480, reward : -87.4, episode length: 100
# of episode :500, reward : -212.2, episode length: 90
# of episode :520, reward : -186.7, episode length: 136
# of episode :540, reward : -151.0, episode length: 76
# of episode :560, reward : -340.3, episode length: 108
# of episode :580, reward : -54.5, episode length: 95
# of episode :600, reward : -86.1, episode length: 132
# of episode :620, reward : -130.7, episode length: 172
# of episode :640, reward : 14.5, episode length: 111
# of episode :660, reward : -221.7, episode length: 112
# of episode :680, reward : -181.1, episode length: 151
# of episode :700, reward : -94.9, episode length: 73
# of episode :720, reward : -119.8, episode length: 102
# of episode :740, reward : -164.6, episode length: 138
# of episode :760, reward : -73.9, episode length: 80
# of episode :780, reward : -151.0, episode length: 111
# of episode :800, reward : -105.0, episode length: 145
# of episode :820, reward : -72.2, episode length: 156
# of episode :840, reward : -249.5, episode length: 172
# of episode :860, reward : -348.7, episode length: 149
# of episode :880, reward : -94.7, episode length: 97
# of episode :900, reward : -49.2, episode length: 162
# of episode :920, reward : -234.6, episode length: 602
# of episode :940, reward : -140.8, episode length: 108
# of episode :960, reward : -131.1, episode length: 164
# of episode :980, reward : -35.6, episode length: 144
# of episode :1000, reward : -156.3, episode length: 108
# of episode :1020, reward : -45.3, episode length: 170
# of episode :1040, reward : 9.3, episode length: 146
# of episode :1060, reward : 1.6, episode length: 139
# of episode :1080, reward : -168.5, episode length: 172
# of episode :1100, reward : -149.0, episode length: 107
# of episode :1120, reward : -164.4, episode length: 140
# of episode :1140, reward : -41.1, episode length: 120
# of episode :1160, reward : -42.8, episode length: 199
# of episode :1180, reward : -198.5, episode length: 129
# of episode :1200, reward : -81.0, episode length: 75
# of episode :1220, reward : -55.8, episode length: 143
# of episode :1240, reward : 39.0, episode length: 174
# of episode :1260, reward : -163.4, episode length: 141
# of episode :1280, reward : -59.2, episode length: 168
# of episode :1300, reward : -21.8, episode length: 247
# of episode :1320, reward : -123.3, episode length: 156
# of episode :1340, reward : -205.8, episode length: 185
# of episode :1360, reward : -11.1, episode length: 238
# of episode :1380, reward : -14.2, episode length: 1000
# of episode :1400, reward : -36.6, episode length: 80
# of episode :1420, reward : 10.8, episode length: 223
# of episode :1440, reward : 11.9, episode length: 119
# of episode :1460, reward : 12.4, episode length: 119
# of episode :1480, reward : 10.4, episode length: 125
# of episode :1500, reward : -48.8, episode length: 253
# of episode :1520, reward : -76.2, episode length: 251
# of episode :1540, reward : -81.4, episode length: 163
# of episode :1560, reward : -39.2, episode length: 129
# of episode :1580, reward : -309.0, episode length: 661
# of episode :1600, reward : -114.2, episode length: 191
# of episode :1620, reward : -12.0, episode length: 181
# of episode :1640, reward : 20.9, episode length: 120
# of episode :1660, reward : -242.2, episode length: 749
# of episode :1680, reward : -89.6, episode length: 228
# of episode :1700, reward : -208.5, episode length: 948
# of episode :1720, reward : -177.1, episode length: 807
# of episode :1740, reward : -119.7, episode length: 405
# of episode :1760, reward : -46.0, episode length: 318
# of episode :1780, reward : -50.9, episode length: 311
# of episode :1800, reward : -59.5, episode length: 217
# of episode :1820, reward : -126.3, episode length: 547
# of episode :1840, reward : -3.6, episode length: 188
# of episode :1860, reward : -268.6, episode length: 782
# of episode :1880, reward : 2.2, episode length: 1000
# of episode :1900, reward : -200.4, episode length: 610
# of episode :1920, reward : -63.0, episode length: 1000
# of episode :1940, reward : -68.0, episode length: 1000
# of episode :1960, reward : -98.4, episode length: 415
# of episode :1980, reward : -85.6, episode length: 1000
# of episode :2000, reward : -29.4, episode length: 1000
# of episode :2020, reward : -23.9, episode length: 229
# of episode :2040, reward : 22.9, episode length: 1000
# of episode :2060, reward : -20.1, episode length: 157
# of episode :2080, reward : 48.4, episode length: 165
# of episode :2100, reward : 31.5, episode length: 277
# of episode :2120, reward : -129.4, episode length: 562
# of episode :2140, reward : -50.8, episode length: 652
# of episode :2160, reward : -64.0, episode length: 1000
# of episode :2180, reward : -58.8, episode length: 1000
# of episode :2200, reward : -52.4, episode length: 712
# of episode :2220, reward : -33.4, episode length: 1000
# of episode :2240, reward : -37.6, episode length: 210
# of episode :2260, reward : -20.7, episode length: 1000
# of episode :2280, reward : -13.5, episode length: 145
# of episode :2300, reward : -48.5, episode length: 265
# of episode :2320, reward : -41.2, episode length: 1000
# of episode :2340, reward : -78.7, episode length: 1000
# of episode :2360, reward : -132.9, episode length: 553
# of episode :2380, reward : -6.2, episode length: 1000
# of episode :2400, reward : 25.2, episode length: 189
# of episode :2420, reward : -70.0, episode length: 1000
# of episode :2440, reward : -61.2, episode length: 1000
# of episode :2460, reward : 0.2, episode length: 267
# of episode :2480, reward : -6.6, episode length: 206
# of episode :2500, reward : -52.8, episode length: 177
# of episode :2520, reward : -73.2, episode length: 1000
# of episode :2540, reward : -22.1, episode length: 1000
# of episode :2560, reward : -57.2, episode length: 450
# of episode :2580, reward : -117.5, episode length: 164
# of episode :2600, reward : -25.4, episode length: 265
# of episode :2620, reward : 30.7, episode length: 1000
# of episode :2640, reward : -33.8, episode length: 1000
# of episode :2660, reward : 37.0, episode length: 1000
# of episode :2680, reward : -47.1, episode length: 1000
# of episode :2700, reward : 46.9, episode length: 275
# of episode :2720, reward : 42.6, episode length: 1000
# of episode :2740, reward : -1.8, episode length: 1000
# of episode :2760, reward : -24.8, episode length: 186
# of episode :2780, reward : 25.6, episode length: 1000
# of episode :2800, reward : 39.4, episode length: 217
# of episode :2820, reward : 30.2, episode length: 1000
# of episode :2840, reward : -107.9, episode length: 1000
# of episode :2860, reward : -55.7, episode length: 1000
# of episode :2880, reward : 49.8, episode length: 1000
# of episode :2900, reward : 19.3, episode length: 1000
# of episode :2920, reward : 15.1, episode length: 1000
# of episode :2940, reward : -133.8, episode length: 861
# of episode :2960, reward : 8.9, episode length: 173
# of episode :2980, reward : 96.5, episode length: 1000
# of episode :3000, reward : 14.5, episode length: 253
# of episode :3020, reward : 119.1, episode length: 1000
# of episode :3040, reward : 44.8, episode length: 1000
# of episode :3060, reward : 86.0, episode length: 1000
# of episode :3080, reward : -39.3, episode length: 1000
# of episode :3100, reward : 84.9, episode length: 1000
# of episode :3120, reward : 24.4, episode length: 1000
# of episode :3140, reward : 43.6, episode length: 1000
# of episode :3160, reward : 84.1, episode length: 1000
# of episode :3180, reward : 11.6, episode length: 1000
# of episode :3200, reward : 0.4, episode length: 310
# of episode :3220, reward : -27.7, episode length: 244
# of episode :3240, reward : -3.8, episode length: 266
# of episode :3260, reward : 42.8, episode length: 1000
# of episode :3280, reward : 78.4, episode length: 1000
# of episode :3300, reward : 62.4, episode length: 1000
# of episode :3320, reward : 86.5, episode length: 1000
# of episode :3340, reward : -35.1, episode length: 372
# of episode :3360, reward : 54.1, episode length: 1000
# of episode :3380, reward : 93.4, episode length: 1000
# of episode :3400, reward : -2.2, episode length: 238
# of episode :3420, reward : 12.0, episode length: 475
# of episode :3440, reward : 61.2, episode length: 1000
# of episode :3460, reward : -65.4, episode length: 431
# of episode :3480, reward : 63.5, episode length: 1000
# of episode :3500, reward : 72.2, episode length: 1000
# of episode :3520, reward : 85.8, episode length: 1000
# of episode :3540, reward : 12.2, episode length: 398
# of episode :3560, reward : 103.0, episode length: 1000
# of episode :3580, reward : 25.8, episode length: 1000
# of episode :3600, reward : 114.9, episode length: 1000
# of episode :3620, reward : -8.2, episode length: 286
# of episode :3640, reward : 88.3, episode length: 1000
# of episode :3660, reward : -10.7, episode length: 221
# of episode :3680, reward : 119.6, episode length: 1000
# of episode :3700, reward : -6.6, episode length: 312
# of episode :3720, reward : 91.2, episode length: 1000
# of episode :3740, reward : 50.0, episode length: 1000
# of episode :3760, reward : -52.0, episode length: 293
# of episode :3780, reward : 81.5, episode length: 1000
# of episode :3800, reward : 132.3, episode length: 1000
# of episode :3820, reward : 103.5, episode length: 1000
# of episode :3840, reward : 102.7, episode length: 1000
# of episode :3860, reward : 94.2, episode length: 1000
# of episode :3880, reward : 101.0, episode length: 1000
# of episode :3900, reward : 81.2, episode length: 1000
# of episode :3920, reward : 121.0, episode length: 1000
# of episode :3940, reward : 105.6, episode length: 1000
# of episode :3960, reward : 124.1, episode length: 1000
# of episode :3980, reward : 68.0, episode length: 1000
# of episode :4000, reward : 51.6, episode length: 1000
# of episode :4020, reward : 60.0, episode length: 1000
# of episode :4040, reward : 105.1, episode length: 1000
# of episode :4060, reward : 48.4, episode length: 1000
# of episode :4080, reward : -29.5, episode length: 416
# of episode :4100, reward : 81.5, episode length: 1000
# of episode :4120, reward : 117.8, episode length: 1000
# of episode :4140, reward : 69.8, episode length: 1000
# of episode :4160, reward : 63.9, episode length: 1000
# of episode :4180, reward : 90.1, episode length: 1000
# of episode :4200, reward : 83.0, episode length: 1000
# of episode :4220, reward : 122.6, episode length: 1000
# of episode :4240, reward : 121.5, episode length: 1000
# of episode :4260, reward : -53.4, episode length: 391
# of episode :4280, reward : 92.3, episode length: 1000
# of episode :4300, reward : 138.1, episode length: 1000
# of episode :4320, reward : 89.3, episode length: 1000
# of episode :4340, reward : 39.4, episode length: 1000
# of episode :4360, reward : -43.1, episode length: 410
# of episode :4380, reward : 50.6, episode length: 1000
# of episode :4400, reward : 172.8, episode length: 553
# of episode :4420, reward : 115.8, episode length: 1000
# of episode :4440, reward : 100.7, episode length: 1000
# of episode :4460, reward : 82.1, episode length: 1000
# of episode :4480, reward : 85.6, episode length: 1000
# of episode :4500, reward : 52.5, episode length: 1000
# of episode :4520, reward : 130.7, episode length: 1000
# of episode :4540, reward : 80.2, episode length: 1000
# of episode :4560, reward : 100.3, episode length: 1000
# of episode :4580, reward : 80.8, episode length: 1000
# of episode :4600, reward : 16.2, episode length: 322
# of episode :4620, reward : 84.2, episode length: 1000
# of episode :4640, reward : 92.0, episode length: 1000
# of episode :4660, reward : 73.0, episode length: 1000
# of episode :4680, reward : 105.2, episode length: 1000
# of episode :4700, reward : 98.1, episode length: 1000
# of episode :4720, reward : 84.4, episode length: 1000
# of episode :4740, reward : 104.8, episode length: 1000
# of episode :4760, reward : 134.4, episode length: 1000
# of episode :4780, reward : 24.4, episode length: 220
# of episode :4800, reward : 65.7, episode length: 1000
# of episode :4820, reward : -48.6, episode length: 401
# of episode :4840, reward : 104.1, episode length: 1000
# of episode :4860, reward : 73.2, episode length: 1000
# of episode :4880, reward : 168.5, episode length: 609
# of episode :4900, reward : 169.4, episode length: 1000
# of episode :4920, reward : 19.4, episode length: 308
# of episode :4940, reward : 81.3, episode length: 1000
# of episode :4960, reward : 104.2, episode length: 1000
# of episode :4980, reward : 182.2, episode length: 941
/home/zihan/anaconda3/envs/exp/lib/python3.6/site-packages/gym/envs/registration.py:14: PkgResourcesDeprecationWarning: Parameters to load are deprecated.  Call .resolve and .require separately.
  result = entry_point.load(False)
8 4
# of episode :20, reward : -379.7, episode length: 150
# of episode :40, reward : -217.3, episode length: 75
# of episode :60, reward : -189.8, episode length: 90
# of episode :80, reward : -200.0, episode length: 85
# of episode :100, reward : -117.2, episode length: 82
# of episode :120, reward : -152.8, episode length: 137
# of episode :140, reward : -285.4, episode length: 112
# of episode :160, reward : -81.6, episode length: 82
# of episode :180, reward : -222.1, episode length: 166
# of episode :200, reward : -332.7, episode length: 192
# of episode :220, reward : -65.6, episode length: 102
# of episode :240, reward : -34.2, episode length: 113
# of episode :260, reward : -164.8, episode length: 75
# of episode :280, reward : -113.0, episode length: 100
# of episode :300, reward : -71.0, episode length: 134
# of episode :320, reward : -185.6, episode length: 141
# of episode :340, reward : -195.6, episode length: 91
# of episode :360, reward : 45.7, episode length: 1000
# of episode :380, reward : -17.0, episode length: 171
# of episode :400, reward : -132.4, episode length: 114
# of episode :420, reward : -21.6, episode length: 135
# of episode :440, reward : -109.4, episode length: 109
# of episode :460, reward : -94.4, episode length: 76
# of episode :480, reward : -197.2, episode length: 173
# of episode :500, reward : -209.7, episode length: 115
# of episode :520, reward : -33.8, episode length: 139
# of episode :540, reward : -367.4, episode length: 102
# of episode :560, reward : -65.0, episode length: 128
# of episode :580, reward : -103.3, episode length: 107
# of episode :600, reward : -102.0, episode length: 88
# of episode :620, reward : -81.3, episode length: 93
# of episode :640, reward : -103.3, episode length: 92
# of episode :660, reward : -20.5, episode length: 88
# of episode :680, reward : -332.7, episode length: 184
# of episode :700, reward : -193.0, episode length: 133
# of episode :720, reward : -69.7, episode length: 73
# of episode :740, reward : -266.1, episode length: 119
# of episode :760, reward : -123.4, episode length: 188
# of episode :780, reward : -287.3, episode length: 156
# of episode :800, reward : -131.3, episode length: 177
# of episode :820, reward : -131.9, episode length: 142
# of episode :840, reward : -52.9, episode length: 73
# of episode :860, reward : -45.0, episode length: 125
# of episode :880, reward : -86.6, episode length: 85
# of episode :900, reward : -163.3, episode length: 99
# of episode :920, reward : -73.8, episode length: 181
# of episode :940, reward : -10.8, episode length: 82
# of episode :960, reward : -103.1, episode length: 151
# of episode :980, reward : -161.5, episode length: 112
# of episode :1000, reward : -87.3, episode length: 101
# of episode :1020, reward : -46.9, episode length: 215
# of episode :1040, reward : -59.5, episode length: 102
# of episode :1060, reward : -22.1, episode length: 160
# of episode :1080, reward : -199.1, episode length: 195
# of episode :1100, reward : -53.1, episode length: 136
# of episode :1120, reward : -82.7, episode length: 117
# of episode :1140, reward : -247.9, episode length: 216
# of episode :1160, reward : -63.8, episode length: 110
# of episode :1180, reward : -100.4, episode length: 119
# of episode :1200, reward : -30.2, episode length: 1000
# of episode :1220, reward : -217.2, episode length: 126
# of episode :1240, reward : -25.7, episode length: 140
# of episode :1260, reward : -184.5, episode length: 103
# of episode :1280, reward : -78.8, episode length: 141
# of episode :1300, reward : -54.6, episode length: 101
# of episode :1320, reward : -33.3, episode length: 105
# of episode :1340, reward : -77.1, episode length: 150
# of episode :1360, reward : -174.8, episode length: 209
# of episode :1380, reward : -13.1, episode length: 262
# of episode :1400, reward : -31.5, episode length: 188
# of episode :1420, reward : -260.8, episode length: 256
# of episode :1440, reward : -66.4, episode length: 282
# of episode :1460, reward : 0.9, episode length: 279
# of episode :1480, reward : -206.2, episode length: 846
# of episode :1500, reward : -73.1, episode length: 159
# of episode :1520, reward : -19.8, episode length: 227
# of episode :1540, reward : -58.2, episode length: 183
# of episode :1560, reward : -66.9, episode length: 138
# of episode :1580, reward : -238.3, episode length: 689
# of episode :1600, reward : -84.3, episode length: 1000
# of episode :1620, reward : -72.4, episode length: 270
# of episode :1640, reward : -23.2, episode length: 1000
# of episode :1660, reward : -59.0, episode length: 286
# of episode :1680, reward : 7.5, episode length: 141
# of episode :1700, reward : 24.2, episode length: 119
# of episode :1720, reward : -265.4, episode length: 532
# of episode :1740, reward : -19.4, episode length: 1000
# of episode :1760, reward : -17.0, episode length: 128
# of episode :1780, reward : -79.1, episode length: 1000
# of episode :1800, reward : -25.5, episode length: 305
# of episode :1820, reward : 17.7, episode length: 531
# of episode :1840, reward : -15.2, episode length: 1000
# of episode :1860, reward : 25.4, episode length: 184
# of episode :1880, reward : -134.1, episode length: 471
# of episode :1900, reward : -32.4, episode length: 1000
# of episode :1920, reward : -37.5, episode length: 1000
# of episode :1940, reward : -28.0, episode length: 188
# of episode :1960, reward : -57.3, episode length: 1000
# of episode :1980, reward : -36.4, episode length: 1000
# of episode :2000, reward : -33.4, episode length: 1000
# of episode :2020, reward : 28.6, episode length: 1000
# of episode :2040, reward : -27.2, episode length: 1000
# of episode :2060, reward : -22.5, episode length: 319
# of episode :2080, reward : -34.5, episode length: 629
# of episode :2100, reward : -237.2, episode length: 842
# of episode :2120, reward : -117.3, episode length: 622
# of episode :2140, reward : -36.7, episode length: 442
# of episode :2160, reward : 6.6, episode length: 1000
# of episode :2180, reward : -34.2, episode length: 230
# of episode :2200, reward : -187.3, episode length: 604
# of episode :2220, reward : 1.2, episode length: 1000
# of episode :2240, reward : -13.8, episode length: 1000
# of episode :2260, reward : -1.3, episode length: 1000
# of episode :2280, reward : -71.9, episode length: 1000
# of episode :2300, reward : -42.1, episode length: 321
# of episode :2320, reward : -2.9, episode length: 274
# of episode :2340, reward : -62.6, episode length: 175
# of episode :2360, reward : -27.1, episode length: 188
# of episode :2380, reward : -55.8, episode length: 266
# of episode :2400, reward : -74.3, episode length: 478
# of episode :2420, reward : -19.6, episode length: 191
# of episode :2440, reward : 48.8, episode length: 1000
# of episode :2460, reward : 22.6, episode length: 124
# of episode :2480, reward : -49.6, episode length: 1000
# of episode :2500, reward : 10.8, episode length: 1000
# of episode :2520, reward : 12.1, episode length: 1000
# of episode :2540, reward : -28.0, episode length: 185
# of episode :2560, reward : -1.7, episode length: 267
# of episode :2580, reward : -9.3, episode length: 1000
# of episode :2600, reward : 5.9, episode length: 1000
# of episode :2620, reward : -12.3, episode length: 272
# of episode :2640, reward : 69.7, episode length: 1000
# of episode :2660, reward : -26.6, episode length: 221
# of episode :2680, reward : -22.9, episode length: 1000
# of episode :2700, reward : 22.9, episode length: 1000
# of episode :2720, reward : 77.4, episode length: 1000
# of episode :2740, reward : 6.4, episode length: 217
# of episode :2760, reward : -0.9, episode length: 220
# of episode :2780, reward : -5.6, episode length: 256
# of episode :2800, reward : -7.6, episode length: 224
# of episode :2820, reward : -27.9, episode length: 194
# of episode :2840, reward : 82.3, episode length: 1000
# of episode :2860, reward : 1.3, episode length: 279
# of episode :2880, reward : 21.7, episode length: 288
# of episode :2900, reward : 5.5, episode length: 1000
# of episode :2920, reward : 2.7, episode length: 279
# of episode :2940, reward : 50.0, episode length: 1000
# of episode :2960, reward : 7.7, episode length: 1000
# of episode :2980, reward : -35.2, episode length: 1000
# of episode :3000, reward : -43.7, episode length: 226
# of episode :3020, reward : -37.3, episode length: 237
# of episode :3040, reward : 78.2, episode length: 1000
# of episode :3060, reward : 99.8, episode length: 1000
# of episode :3080, reward : 45.9, episode length: 1000
# of episode :3100, reward : 42.7, episode length: 1000
# of episode :3120, reward : 99.0, episode length: 1000
# of episode :3140, reward : 67.1, episode length: 1000
# of episode :3160, reward : 95.8, episode length: 1000
# of episode :3180, reward : 30.8, episode length: 1000
# of episode :3200, reward : 114.8, episode length: 1000
# of episode :3220, reward : 99.3, episode length: 1000
# of episode :3240, reward : -23.3, episode length: 241
# of episode :3260, reward : 74.2, episode length: 1000
# of episode :3280, reward : -41.5, episode length: 297
# of episode :3300, reward : 80.7, episode length: 1000
# of episode :3320, reward : 56.0, episode length: 1000
# of episode :3340, reward : 155.4, episode length: 1000
# of episode :3360, reward : 112.9, episode length: 1000
# of episode :3380, reward : 134.2, episode length: 1000
# of episode :3400, reward : 48.6, episode length: 1000
# of episode :3420, reward : 96.0, episode length: 1000
# of episode :3440, reward : 99.7, episode length: 1000
# of episode :3460, reward : 62.4, episode length: 1000
# of episode :3480, reward : -5.1, episode length: 332
# of episode :3500, reward : 28.5, episode length: 1000
# of episode :3520, reward : 75.7, episode length: 1000
# of episode :3540, reward : 99.9, episode length: 1000
# of episode :3560, reward : 74.6, episode length: 1000
# of episode :3580, reward : 6.2, episode length: 249
# of episode :3600, reward : 137.5, episode length: 1000
# of episode :3620, reward : 15.5, episode length: 273
# of episode :3640, reward : 65.7, episode length: 1000
# of episode :3660, reward : 138.4, episode length: 1000
# of episode :3680, reward : -28.5, episode length: 358
# of episode :3700, reward : 92.3, episode length: 1000
# of episode :3720, reward : 15.8, episode length: 393
# of episode :3740, reward : -32.0, episode length: 319
# of episode :3760, reward : -25.1, episode length: 304
# of episode :3780, reward : 91.6, episode length: 1000
# of episode :3800, reward : 93.8, episode length: 1000
# of episode :3820, reward : -55.4, episode length: 470
# of episode :3840, reward : 123.5, episode length: 1000
# of episode :3860, reward : 68.7, episode length: 1000
# of episode :3880, reward : 172.3, episode length: 420
# of episode :3900, reward : 11.8, episode length: 344
# of episode :3920, reward : 103.1, episode length: 1000
# of episode :3940, reward : 116.2, episode length: 1000
# of episode :3960, reward : -6.8, episode length: 473
# of episode :3980, reward : 144.2, episode length: 1000
# of episode :4000, reward : -7.9, episode length: 215
# of episode :4020, reward : 92.2, episode length: 1000
# of episode :4040, reward : 89.9, episode length: 1000
# of episode :4060, reward : 131.3, episode length: 1000
# of episode :4080, reward : 154.0, episode length: 1000
# of episode :4100, reward : 106.3, episode length: 1000
# of episode :4120, reward : 77.5, episode length: 1000
# of episode :4140, reward : 176.1, episode length: 983
# of episode :4160, reward : 109.7, episode length: 1000
# of episode :4180, reward : 136.4, episode length: 1000
# of episode :4200, reward : 106.5, episode length: 1000
# of episode :4220, reward : -55.2, episode length: 392
# of episode :4240, reward : 89.2, episode length: 1000
# of episode :4260, reward : -18.6, episode length: 253
# of episode :4280, reward : 48.1, episode length: 1000
# of episode :4300, reward : 89.5, episode length: 1000
# of episode :4320, reward : 182.5, episode length: 824
# of episode :4340, reward : 80.0, episode length: 1000
# of episode :4360, reward : 149.7, episode length: 841
# of episode :4380, reward : 97.0, episode length: 1000
# of episode :4400, reward : -41.3, episode length: 379
# of episode :4420, reward : 113.5, episode length: 1000
# of episode :4440, reward : 3.0, episode length: 453
# of episode :4460, reward : 156.5, episode length: 1000
# of episode :4480, reward : 92.8, episode length: 1000
# of episode :4500, reward : 121.5, episode length: 1000
# of episode :4520, reward : 121.1, episode length: 1000
# of episode :4540, reward : 89.3, episode length: 1000
# of episode :4560, reward : 22.9, episode length: 286
# of episode :4580, reward : -35.6, episode length: 240
# of episode :4600, reward : 118.7, episode length: 1000
# of episode :4620, reward : 71.8, episode length: 1000
# of episode :4640, reward : 42.0, episode length: 1000
# of episode :4660, reward : 48.5, episode length: 1000
# of episode :4680, reward : -66.5, episode length: 454
# of episode :4700, reward : 116.8, episode length: 1000
# of episode :4720, reward : -42.8, episode length: 341
# of episode :4740, reward : 121.1, episode length: 1000
# of episode :4760, reward : 65.9, episode length: 1000
# of episode :4780, reward : 189.8, episode length: 804
# of episode :4800, reward : 118.6, episode length: 1000
# of episode :4820, reward : 125.7, episode length: 1000
# of episode :4840, reward : 88.4, episode length: 1000
# of episode :4860, reward : 165.2, episode length: 440
# of episode :4880, reward : 125.0, episode length: 1000
# of episode :4900, reward : 131.1, episode length: 1000
# of episode :4920, reward : 186.9, episode length: 414
# of episode :4940, reward : 107.6, episode length: 1000
# of episode :4960, reward : 91.3, episode length: 1000
# of episode :4980, reward : 199.3, episode length: 545
/home/zihan/anaconda3/envs/exp/lib/python3.6/site-packages/gym/envs/registration.py:14: PkgResourcesDeprecationWarning: Parameters to load are deprecated.  Call .resolve and .require separately.
  result = entry_point.load(False)
8 4
# of episode :20, reward : -122.6, episode length: 85
# of episode :40, reward : -187.8, episode length: 79
# of episode :60, reward : -98.8, episode length: 97
# of episode :80, reward : -215.4, episode length: 89
# of episode :100, reward : -344.1, episode length: 92
# of episode :120, reward : -133.3, episode length: 90
# of episode :140, reward : -262.6, episode length: 86
# of episode :160, reward : -96.7, episode length: 66
# of episode :180, reward : 21.3, episode length: 81
# of episode :200, reward : -143.2, episode length: 82
# of episode :220, reward : -93.1, episode length: 76
# of episode :240, reward : -106.7, episode length: 81
# of episode :260, reward : -287.9, episode length: 111
# of episode :280, reward : -204.4, episode length: 99
# of episode :300, reward : -295.5, episode length: 95
# of episode :320, reward : -84.3, episode length: 72
# of episode :340, reward : -138.6, episode length: 87
# of episode :360, reward : -89.5, episode length: 66
# of episode :380, reward : -77.0, episode length: 66
# of episode :400, reward : -100.4, episode length: 90
# of episode :420, reward : -309.1, episode length: 136
# of episode :440, reward : -90.1, episode length: 131
# of episode :460, reward : -112.5, episode length: 120
# of episode :480, reward : -94.9, episode length: 71
# of episode :500, reward : -326.6, episode length: 138
# of episode :520, reward : -219.3, episode length: 106
# of episode :540, reward : -127.6, episode length: 101
# of episode :560, reward : -158.6, episode length: 140
# of episode :580, reward : -113.1, episode length: 92
# of episode :600, reward : -151.5, episode length: 159
# of episode :620, reward : -127.1, episode length: 64
# of episode :640, reward : -257.3, episode length: 114
# of episode :660, reward : -190.6, episode length: 123
# of episode :680, reward : -74.9, episode length: 67
# of episode :700, reward : -38.7, episode length: 101
# of episode :720, reward : -52.9, episode length: 82
# of episode :740, reward : -228.6, episode length: 115
# of episode :760, reward : -121.4, episode length: 116
# of episode :780, reward : -68.8, episode length: 72
# of episode :800, reward : -91.0, episode length: 98
# of episode :820, reward : -248.6, episode length: 159
# of episode :840, reward : -75.3, episode length: 75
# of episode :860, reward : -45.0, episode length: 115
# of episode :880, reward : -221.8, episode length: 151
# of episode :900, reward : -96.3, episode length: 128
# of episode :920, reward : -231.0, episode length: 161
# of episode :940, reward : -72.2, episode length: 125
# of episode :960, reward : -37.3, episode length: 74
# of episode :980, reward : -98.1, episode length: 152
# of episode :1000, reward : -209.7, episode length: 138
# of episode :1020, reward : -194.6, episode length: 136
# of episode :1040, reward : -37.3, episode length: 155
# of episode :1060, reward : -26.6, episode length: 109
# of episode :1080, reward : -208.0, episode length: 120
# of episode :1100, reward : -88.9, episode length: 101
# of episode :1120, reward : -104.1, episode length: 188
# of episode :1140, reward : -57.9, episode length: 103
# of episode :1160, reward : -179.2, episode length: 245
# of episode :1180, reward : -24.4, episode length: 102
# of episode :1200, reward : -201.1, episode length: 121
# of episode :1220, reward : -56.9, episode length: 155
# of episode :1240, reward : -12.0, episode length: 100
# of episode :1260, reward : -77.3, episode length: 198
# of episode :1280, reward : -277.8, episode length: 126
# of episode :1300, reward : -159.5, episode length: 130
# of episode :1320, reward : -55.6, episode length: 90
# of episode :1340, reward : -209.4, episode length: 125
# of episode :1360, reward : -33.8, episode length: 174
# of episode :1380, reward : -266.2, episode length: 209
# of episode :1400, reward : -59.9, episode length: 109
# of episode :1420, reward : -209.5, episode length: 223
# of episode :1440, reward : -167.3, episode length: 114
# of episode :1460, reward : -22.6, episode length: 125
# of episode :1480, reward : -64.0, episode length: 101
# of episode :1500, reward : -88.4, episode length: 191
# of episode :1520, reward : -53.3, episode length: 129
# of episode :1540, reward : -119.7, episode length: 114
# of episode :1560, reward : -1.3, episode length: 122
# of episode :1580, reward : -20.0, episode length: 96
# of episode :1600, reward : -85.8, episode length: 152
# of episode :1620, reward : -183.8, episode length: 651
# of episode :1640, reward : -60.6, episode length: 1000
# of episode :1660, reward : -5.4, episode length: 126
# of episode :1680, reward : -383.2, episode length: 740
# of episode :1700, reward : -32.5, episode length: 191
# of episode :1720, reward : -188.2, episode length: 263
# of episode :1740, reward : -151.3, episode length: 200
# of episode :1760, reward : -45.4, episode length: 223
# of episode :1780, reward : -281.5, episode length: 172
# of episode :1800, reward : -8.6, episode length: 169
# of episode :1820, reward : -154.1, episode length: 294
# of episode :1840, reward : -198.2, episode length: 240
# of episode :1860, reward : -84.0, episode length: 141
# of episode :1880, reward : -60.0, episode length: 173
# of episode :1900, reward : -0.8, episode length: 182
# of episode :1920, reward : -7.4, episode length: 195
# of episode :1940, reward : -143.7, episode length: 295
# of episode :1960, reward : -5.0, episode length: 114
# of episode :1980, reward : -37.1, episode length: 150
# of episode :2000, reward : -81.2, episode length: 223
# of episode :2020, reward : -4.8, episode length: 197
# of episode :2040, reward : -100.9, episode length: 298
# of episode :2060, reward : 30.2, episode length: 121
# of episode :2080, reward : -39.6, episode length: 262
# of episode :2100, reward : -115.9, episode length: 1000
# of episode :2120, reward : 44.5, episode length: 130
# of episode :2140, reward : -118.6, episode length: 277
# of episode :2160, reward : -51.2, episode length: 1000
# of episode :2180, reward : -136.4, episode length: 219
# of episode :2200, reward : -81.1, episode length: 1000
# of episode :2220, reward : -75.5, episode length: 584
# of episode :2240, reward : -29.8, episode length: 1000
# of episode :2260, reward : -222.2, episode length: 1000
# of episode :2280, reward : -130.5, episode length: 1000
# of episode :2300, reward : -63.4, episode length: 339
# of episode :2320, reward : -220.1, episode length: 386
# of episode :2340, reward : -35.1, episode length: 1000
# of episode :2360, reward : -270.6, episode length: 777
# of episode :2380, reward : -282.5, episode length: 545
# of episode :2400, reward : -41.6, episode length: 1000
# of episode :2420, reward : -53.8, episode length: 1000
# of episode :2440, reward : -145.4, episode length: 283
# of episode :2460, reward : -105.4, episode length: 1000
# of episode :2480, reward : 42.7, episode length: 113
# of episode :2500, reward : -2.0, episode length: 1000
# of episode :2520, reward : -198.4, episode length: 682
# of episode :2540, reward : -70.0, episode length: 1000
# of episode :2560, reward : -61.9, episode length: 1000
# of episode :2580, reward : -27.1, episode length: 1000
# of episode :2600, reward : -226.5, episode length: 372
# of episode :2620, reward : -83.2, episode length: 1000
# of episode :2640, reward : -262.2, episode length: 819
# of episode :2660, reward : -105.3, episode length: 314
# of episode :2680, reward : -35.2, episode length: 1000
# of episode :2700, reward : -44.4, episode length: 1000
# of episode :2720, reward : -157.9, episode length: 482
# of episode :2740, reward : -241.2, episode length: 532
# of episode :2760, reward : -37.3, episode length: 1000
# of episode :2780, reward : -54.6, episode length: 1000
# of episode :2800, reward : -53.8, episode length: 224
# of episode :2820, reward : -76.9, episode length: 1000
# of episode :2840, reward : -19.1, episode length: 221
# of episode :2860, reward : -5.4, episode length: 1000
# of episode :2880, reward : -27.4, episode length: 1000
# of episode :2900, reward : -218.3, episode length: 925
# of episode :2920, reward : -69.7, episode length: 1000
# of episode :2940, reward : -69.6, episode length: 774
# of episode :2960, reward : 11.0, episode length: 1000
# of episode :2980, reward : -22.7, episode length: 1000
# of episode :3000, reward : 8.3, episode length: 1000
# of episode :3020, reward : 15.0, episode length: 191
# of episode :3040, reward : -49.2, episode length: 1000
# of episode :3060, reward : 2.8, episode length: 1000
# of episode :3080, reward : -167.7, episode length: 388
# of episode :3100, reward : -11.7, episode length: 209
# of episode :3120, reward : -50.3, episode length: 1000
# of episode :3140, reward : 19.3, episode length: 1000
# of episode :3160, reward : 79.9, episode length: 163
# of episode :3180, reward : 36.5, episode length: 1000
# of episode :3200, reward : -28.8, episode length: 1000
# of episode :3220, reward : -9.8, episode length: 231
# of episode :3240, reward : -11.3, episode length: 187
# of episode :3260, reward : -30.5, episode length: 328
# of episode :3280, reward : -54.3, episode length: 204
# of episode :3300, reward : 61.4, episode length: 1000
# of episode :3320, reward : 24.4, episode length: 1000
# of episode :3340, reward : 57.9, episode length: 1000
# of episode :3360, reward : 38.3, episode length: 1000
# of episode :3380, reward : 5.1, episode length: 1000
# of episode :3400, reward : 50.4, episode length: 1000
# of episode :3420, reward : -48.6, episode length: 295
# of episode :3440, reward : 57.9, episode length: 1000
# of episode :3460, reward : -24.1, episode length: 1000
# of episode :3480, reward : 14.1, episode length: 1000
# of episode :3500, reward : 33.8, episode length: 305
# of episode :3520, reward : -17.4, episode length: 215
# of episode :3540, reward : -2.1, episode length: 229
# of episode :3560, reward : 100.2, episode length: 1000
# of episode :3580, reward : -42.5, episode length: 207
# of episode :3600, reward : 48.0, episode length: 1000
# of episode :3620, reward : -29.8, episode length: 817
# of episode :3640, reward : 91.7, episode length: 1000
# of episode :3660, reward : 71.9, episode length: 1000
# of episode :3680, reward : -21.1, episode length: 364
# of episode :3700, reward : -28.9, episode length: 307
# of episode :3720, reward : 54.0, episode length: 1000
# of episode :3740, reward : 61.2, episode length: 1000
# of episode :3760, reward : -12.6, episode length: 315
# of episode :3780, reward : 86.1, episode length: 1000
# of episode :3800, reward : 73.7, episode length: 1000
# of episode :3820, reward : 133.3, episode length: 1000
# of episode :3840, reward : 45.5, episode length: 177
# of episode :3860, reward : 92.4, episode length: 1000
# of episode :3880, reward : 98.8, episode length: 1000
# of episode :3900, reward : -22.2, episode length: 206
# of episode :3920, reward : -9.4, episode length: 275
# of episode :3940, reward : 76.8, episode length: 1000
# of episode :3960, reward : 126.4, episode length: 1000
# of episode :3980, reward : 52.6, episode length: 1000
# of episode :4000, reward : 59.1, episode length: 1000
# of episode :4020, reward : 112.3, episode length: 1000
# of episode :4040, reward : 61.2, episode length: 182
# of episode :4060, reward : 119.0, episode length: 1000
# of episode :4080, reward : 54.2, episode length: 1000
# of episode :4100, reward : 25.9, episode length: 1000
# of episode :4120, reward : 103.4, episode length: 1000
# of episode :4140, reward : 107.7, episode length: 1000
# of episode :4160, reward : 147.4, episode length: 1000
# of episode :4180, reward : 75.7, episode length: 1000
# of episode :4200, reward : 114.0, episode length: 1000
# of episode :4220, reward : -14.9, episode length: 237
# of episode :4240, reward : 115.7, episode length: 1000
# of episode :4260, reward : -33.2, episode length: 383
# of episode :4280, reward : 106.1, episode length: 1000
# of episode :4300, reward : 47.5, episode length: 1000
# of episode :4320, reward : 103.0, episode length: 1000
# of episode :4340, reward : 140.0, episode length: 1000
# of episode :4360, reward : 86.9, episode length: 1000
# of episode :4380, reward : -27.4, episode length: 351
# of episode :4400, reward : 45.5, episode length: 1000
# of episode :4420, reward : 113.3, episode length: 1000
# of episode :4440, reward : 70.2, episode length: 1000
# of episode :4460, reward : 53.6, episode length: 1000
# of episode :4480, reward : 135.8, episode length: 1000
# of episode :4500, reward : 135.3, episode length: 1000
# of episode :4520, reward : -15.7, episode length: 288
# of episode :4540, reward : 91.1, episode length: 1000
# of episode :4560, reward : 32.8, episode length: 297
# of episode :4580, reward : 9.4, episode length: 238
# of episode :4600, reward : 70.9, episode length: 1000
# of episode :4620, reward : 160.0, episode length: 1000
# of episode :4640, reward : -26.2, episode length: 330
# of episode :4660, reward : 159.6, episode length: 1000
# of episode :4680, reward : 163.8, episode length: 1000
# of episode :4700, reward : 145.9, episode length: 1000
# of episode :4720, reward : 118.9, episode length: 1000
# of episode :4740, reward : 97.4, episode length: 1000
# of episode :4760, reward : 138.2, episode length: 1000
# of episode :4780, reward : 94.5, episode length: 1000
# of episode :4800, reward : 49.7, episode length: 1000
# of episode :4820, reward : -37.4, episode length: 323
# of episode :4840, reward : 116.3, episode length: 1000
# of episode :4860, reward : 5.1, episode length: 278
# of episode :4880, reward : 87.0, episode length: 1000
# of episode :4900, reward : 152.6, episode length: 1000
# of episode :4920, reward : 143.5, episode length: 1000
# of episode :4940, reward : 40.6, episode length: 1000
# of episode :4960, reward : 74.2, episode length: 1000
# of episode :4980, reward : 54.9, episode length: 1000
