NoDevFiles
/home/zihan/anaconda3/envs/exp/lib/python3.6/site-packages/tensorboard/compat/tensorflow_stub/dtypes.py:541: FutureWarning: Passing (type, 1) or '1type' as a synonym of type is deprecated; in a future version of numpy, it will be understood as (type, (1,)) / '(1,)type'.
  _np_qint8 = np.dtype([("qint8", np.int8, 1)])
/home/zihan/anaconda3/envs/exp/lib/python3.6/site-packages/tensorboard/compat/tensorflow_stub/dtypes.py:542: FutureWarning: Passing (type, 1) or '1type' as a synonym of type is deprecated; in a future version of numpy, it will be understood as (type, (1,)) / '(1,)type'.
  _np_quint8 = np.dtype([("quint8", np.uint8, 1)])
/home/zihan/anaconda3/envs/exp/lib/python3.6/site-packages/tensorboard/compat/tensorflow_stub/dtypes.py:543: FutureWarning: Passing (type, 1) or '1type' as a synonym of type is deprecated; in a future version of numpy, it will be understood as (type, (1,)) / '(1,)type'.
  _np_qint16 = np.dtype([("qint16", np.int16, 1)])
/home/zihan/anaconda3/envs/exp/lib/python3.6/site-packages/tensorboard/compat/tensorflow_stub/dtypes.py:544: FutureWarning: Passing (type, 1) or '1type' as a synonym of type is deprecated; in a future version of numpy, it will be understood as (type, (1,)) / '(1,)type'.
  _np_quint16 = np.dtype([("quint16", np.uint16, 1)])
/home/zihan/anaconda3/envs/exp/lib/python3.6/site-packages/tensorboard/compat/tensorflow_stub/dtypes.py:545: FutureWarning: Passing (type, 1) or '1type' as a synonym of type is deprecated; in a future version of numpy, it will be understood as (type, (1,)) / '(1,)type'.
  _np_qint32 = np.dtype([("qint32", np.int32, 1)])
/home/zihan/anaconda3/envs/exp/lib/python3.6/site-packages/tensorboard/compat/tensorflow_stub/dtypes.py:550: FutureWarning: Passing (type, 1) or '1type' as a synonym of type is deprecated; in a future version of numpy, it will be understood as (type, (1,)) / '(1,)type'.
  np_resource = np.dtype([("resource", np.ubyte, 1)])
Epoch: 01 | Batch: 000 | CrossEntropy-loss: 1.45730 | Correct: 177/1280
Epoch: 01 | Batch: 100 | CrossEntropy-loss: 1.33926 | Correct: 593/1280
Epoch: 01 | Batch: 200 | CrossEntropy-loss: 1.23847 | Correct: 714/1280
Epoch: 01 | Batch: 300 | CrossEntropy-loss: 1.15364 | Correct: 811/1280
Epoch: 01 | Batch: 400 | CrossEntropy-loss: 1.07626 | Correct: 781/1280
Epoch: 01 | Batch: 500 | CrossEntropy-loss: 0.97303 | Correct: 836/1280
Epoch: 01 | Batch: 600 | CrossEntropy-loss: 0.90410 | Correct: 856/1280
Epoch: 01 | Batch: 700 | CrossEntropy-loss: 0.83699 | Correct: 910/1280
Epoch: 01 | Batch: 800 | CrossEntropy-loss: 0.82887 | Correct: 947/1280
Epoch: 01 | Batch: 900 | CrossEntropy-loss: 0.78943 | Correct: 960/1280
Epoch: 01 | Batch: 1000 | CrossEntropy-loss: 0.73200 | Correct: 989/1280
Epoch: 01 | Batch: 1100 | CrossEntropy-loss: 0.75572 | Correct: 963/1280
Epoch: 01 | Batch: 1200 | CrossEntropy-loss: 0.69713 | Correct: 986/1280
Epoch: 01 | Batch: 1300 | CrossEntropy-loss: 0.72185 | Correct: 969/1280
Epoch: 01 | Batch: 1400 | CrossEntropy-loss: 0.66075 | Correct: 1012/1280
Epoch: 01 | Batch: 1500 | CrossEntropy-loss: 0.67685 | Correct: 996/1280

Epoch: 01 | Testing Accuracy: 391927/504607 (77.670%) | Historical Best: 77.670%

Epoch: 02 | Batch: 000 | CrossEntropy-loss: 0.63642 | Correct: 1012/1280
Epoch: 02 | Batch: 100 | CrossEntropy-loss: 0.64499 | Correct: 1000/1280
Epoch: 02 | Batch: 200 | CrossEntropy-loss: 0.59093 | Correct: 1007/1280
Epoch: 02 | Batch: 300 | CrossEntropy-loss: 0.58283 | Correct: 1019/1280
Epoch: 02 | Batch: 400 | CrossEntropy-loss: 0.58659 | Correct: 1010/1280
Epoch: 02 | Batch: 500 | CrossEntropy-loss: 0.59949 | Correct: 1001/1280
Epoch: 02 | Batch: 600 | CrossEntropy-loss: 0.58054 | Correct: 1006/1280
Epoch: 02 | Batch: 700 | CrossEntropy-loss: 0.55380 | Correct: 1013/1280
Epoch: 02 | Batch: 800 | CrossEntropy-loss: 0.53873 | Correct: 1012/1280
Epoch: 02 | Batch: 900 | CrossEntropy-loss: 0.58138 | Correct: 987/1280
Epoch: 02 | Batch: 1000 | CrossEntropy-loss: 0.52021 | Correct: 1025/1280
Epoch: 02 | Batch: 1100 | CrossEntropy-loss: 0.53166 | Correct: 1002/1280
Epoch: 02 | Batch: 1200 | CrossEntropy-loss: 0.50747 | Correct: 1024/1280
Epoch: 02 | Batch: 1300 | CrossEntropy-loss: 0.52858 | Correct: 1017/1280
Epoch: 02 | Batch: 1400 | CrossEntropy-loss: 0.50312 | Correct: 1015/1280
Epoch: 02 | Batch: 1500 | CrossEntropy-loss: 0.47476 | Correct: 1036/1280

Epoch: 02 | Testing Accuracy: 404844/504607 (80.230%) | Historical Best: 80.230%

Epoch: 03 | Batch: 000 | CrossEntropy-loss: 0.47151 | Correct: 1056/1280
Epoch: 03 | Batch: 100 | CrossEntropy-loss: 0.49590 | Correct: 1012/1280
Epoch: 03 | Batch: 200 | CrossEntropy-loss: 0.50432 | Correct: 1004/1280
Epoch: 03 | Batch: 300 | CrossEntropy-loss: 0.48988 | Correct: 1026/1280
Epoch: 03 | Batch: 400 | CrossEntropy-loss: 0.48187 | Correct: 1022/1280
Epoch: 03 | Batch: 500 | CrossEntropy-loss: 0.45847 | Correct: 1032/1280
Epoch: 03 | Batch: 600 | CrossEntropy-loss: 0.45962 | Correct: 1044/1280
Epoch: 03 | Batch: 700 | CrossEntropy-loss: 0.46302 | Correct: 1041/1280
Epoch: 03 | Batch: 800 | CrossEntropy-loss: 0.44658 | Correct: 1046/1280
Epoch: 03 | Batch: 900 | CrossEntropy-loss: 0.49282 | Correct: 1005/1280
Epoch: 03 | Batch: 1000 | CrossEntropy-loss: 0.42637 | Correct: 1045/1280
Epoch: 03 | Batch: 1100 | CrossEntropy-loss: 0.41759 | Correct: 1039/1280
Epoch: 03 | Batch: 1200 | CrossEntropy-loss: 0.44184 | Correct: 1053/1280
Epoch: 03 | Batch: 1300 | CrossEntropy-loss: 0.42515 | Correct: 1070/1280
Epoch: 03 | Batch: 1400 | CrossEntropy-loss: 0.41817 | Correct: 1042/1280
Epoch: 03 | Batch: 1500 | CrossEntropy-loss: 0.44974 | Correct: 1024/1280

Epoch: 03 | Testing Accuracy: 412478/504607 (81.742%) | Historical Best: 81.742%

Epoch: 04 | Batch: 000 | CrossEntropy-loss: 0.44828 | Correct: 1043/1280
Epoch: 04 | Batch: 100 | CrossEntropy-loss: 0.42466 | Correct: 1050/1280
Epoch: 04 | Batch: 200 | CrossEntropy-loss: 0.42126 | Correct: 1043/1280
Epoch: 04 | Batch: 300 | CrossEntropy-loss: 0.43295 | Correct: 1036/1280
Epoch: 04 | Batch: 400 | CrossEntropy-loss: 0.42906 | Correct: 1041/1280
Epoch: 04 | Batch: 500 | CrossEntropy-loss: 0.42753 | Correct: 1040/1280
Epoch: 04 | Batch: 600 | CrossEntropy-loss: 0.43000 | Correct: 1028/1280
Epoch: 04 | Batch: 700 | CrossEntropy-loss: 0.42002 | Correct: 1038/1280
Epoch: 04 | Batch: 800 | CrossEntropy-loss: 0.41775 | Correct: 1048/1280
Epoch: 04 | Batch: 900 | CrossEntropy-loss: 0.41539 | Correct: 1040/1280
Epoch: 04 | Batch: 1000 | CrossEntropy-loss: 0.41797 | Correct: 1061/1280
Epoch: 04 | Batch: 1100 | CrossEntropy-loss: 0.43276 | Correct: 1036/1280
Epoch: 04 | Batch: 1200 | CrossEntropy-loss: 0.40445 | Correct: 1051/1280
Epoch: 04 | Batch: 1300 | CrossEntropy-loss: 0.39897 | Correct: 1053/1280
Epoch: 04 | Batch: 1400 | CrossEntropy-loss: 0.36509 | Correct: 1065/1280
Epoch: 04 | Batch: 1500 | CrossEntropy-loss: 0.37710 | Correct: 1052/1280

Epoch: 04 | Testing Accuracy: 417466/504607 (82.731%) | Historical Best: 82.731%

Epoch: 05 | Batch: 000 | CrossEntropy-loss: 0.41000 | Correct: 1060/1280
Epoch: 05 | Batch: 100 | CrossEntropy-loss: 0.38560 | Correct: 1042/1280
Epoch: 05 | Batch: 200 | CrossEntropy-loss: 0.36778 | Correct: 1069/1280
Epoch: 05 | Batch: 300 | CrossEntropy-loss: 0.36850 | Correct: 1073/1280
Epoch: 05 | Batch: 400 | CrossEntropy-loss: 0.37461 | Correct: 1079/1280
Epoch: 05 | Batch: 500 | CrossEntropy-loss: 0.38641 | Correct: 1066/1280
Epoch: 05 | Batch: 600 | CrossEntropy-loss: 0.41920 | Correct: 1052/1280
Epoch: 05 | Batch: 700 | CrossEntropy-loss: 0.39702 | Correct: 1039/1280
Epoch: 05 | Batch: 800 | CrossEntropy-loss: 0.39705 | Correct: 1044/1280
Epoch: 05 | Batch: 900 | CrossEntropy-loss: 0.36891 | Correct: 1061/1280
Epoch: 05 | Batch: 1000 | CrossEntropy-loss: 0.38371 | Correct: 1059/1280
Epoch: 05 | Batch: 1100 | CrossEntropy-loss: 0.36920 | Correct: 1078/1280
Epoch: 05 | Batch: 1200 | CrossEntropy-loss: 0.38710 | Correct: 1066/1280
Epoch: 05 | Batch: 1300 | CrossEntropy-loss: 0.38360 | Correct: 1020/1280
Epoch: 05 | Batch: 1400 | CrossEntropy-loss: 0.40628 | Correct: 1042/1280
Epoch: 05 | Batch: 1500 | CrossEntropy-loss: 0.36201 | Correct: 1060/1280

Epoch: 05 | Testing Accuracy: 421514/504607 (83.533%) | Historical Best: 83.533%

Epoch: 06 | Batch: 000 | CrossEntropy-loss: 0.36318 | Correct: 1092/1280
Epoch: 06 | Batch: 100 | CrossEntropy-loss: 0.35549 | Correct: 1070/1280
Epoch: 06 | Batch: 200 | CrossEntropy-loss: 0.35312 | Correct: 1077/1280
Epoch: 06 | Batch: 300 | CrossEntropy-loss: 0.37220 | Correct: 1053/1280
Epoch: 06 | Batch: 400 | CrossEntropy-loss: 0.36603 | Correct: 1065/1280
Epoch: 06 | Batch: 500 | CrossEntropy-loss: 0.34753 | Correct: 1096/1280
Epoch: 06 | Batch: 600 | CrossEntropy-loss: 0.34881 | Correct: 1086/1280
Epoch: 06 | Batch: 700 | CrossEntropy-loss: 0.37481 | Correct: 1069/1280
Epoch: 06 | Batch: 800 | CrossEntropy-loss: 0.36016 | Correct: 1074/1280
Epoch: 06 | Batch: 900 | CrossEntropy-loss: 0.36070 | Correct: 1070/1280
Epoch: 06 | Batch: 1000 | CrossEntropy-loss: 0.35473 | Correct: 1074/1280
Epoch: 06 | Batch: 1100 | CrossEntropy-loss: 0.32934 | Correct: 1079/1280
Epoch: 06 | Batch: 1200 | CrossEntropy-loss: 0.36696 | Correct: 1069/1280
Epoch: 06 | Batch: 1300 | CrossEntropy-loss: 0.36072 | Correct: 1086/1280
Epoch: 06 | Batch: 1400 | CrossEntropy-loss: 0.34562 | Correct: 1087/1280
Epoch: 06 | Batch: 1500 | CrossEntropy-loss: 0.37518 | Correct: 1058/1280

Epoch: 06 | Testing Accuracy: 425765/504607 (84.376%) | Historical Best: 84.376%

Epoch: 07 | Batch: 000 | CrossEntropy-loss: 0.33228 | Correct: 1087/1280
Epoch: 07 | Batch: 100 | CrossEntropy-loss: 0.36824 | Correct: 1082/1280
Epoch: 07 | Batch: 200 | CrossEntropy-loss: 0.35459 | Correct: 1063/1280
Epoch: 07 | Batch: 300 | CrossEntropy-loss: 0.34298 | Correct: 1092/1280
Epoch: 07 | Batch: 400 | CrossEntropy-loss: 0.35570 | Correct: 1060/1280
Epoch: 07 | Batch: 500 | CrossEntropy-loss: 0.34962 | Correct: 1087/1280
Epoch: 07 | Batch: 600 | CrossEntropy-loss: 0.34463 | Correct: 1085/1280
Epoch: 07 | Batch: 700 | CrossEntropy-loss: 0.33327 | Correct: 1072/1280
Epoch: 07 | Batch: 800 | CrossEntropy-loss: 0.35724 | Correct: 1082/1280
Epoch: 07 | Batch: 900 | CrossEntropy-loss: 0.33138 | Correct: 1082/1280
Epoch: 07 | Batch: 1000 | CrossEntropy-loss: 0.36119 | Correct: 1076/1280
Epoch: 07 | Batch: 1100 | CrossEntropy-loss: 0.35819 | Correct: 1076/1280
Epoch: 07 | Batch: 1200 | CrossEntropy-loss: 0.34089 | Correct: 1083/1280
Epoch: 07 | Batch: 1300 | CrossEntropy-loss: 0.33950 | Correct: 1076/1280
Epoch: 07 | Batch: 1400 | CrossEntropy-loss: 0.34404 | Correct: 1081/1280
Epoch: 07 | Batch: 1500 | CrossEntropy-loss: 0.33216 | Correct: 1095/1280

Epoch: 07 | Testing Accuracy: 429421/504607 (85.100%) | Historical Best: 85.100%

Epoch: 08 | Batch: 000 | CrossEntropy-loss: 0.32470 | Correct: 1087/1280
Epoch: 08 | Batch: 100 | CrossEntropy-loss: 0.32134 | Correct: 1091/1280
Epoch: 08 | Batch: 200 | CrossEntropy-loss: 0.35813 | Correct: 1076/1280
Epoch: 08 | Batch: 300 | CrossEntropy-loss: 0.30756 | Correct: 1102/1280
Epoch: 08 | Batch: 400 | CrossEntropy-loss: 0.37011 | Correct: 1070/1280
Epoch: 08 | Batch: 500 | CrossEntropy-loss: 0.32428 | Correct: 1105/1280
Epoch: 08 | Batch: 600 | CrossEntropy-loss: 0.34578 | Correct: 1081/1280
Epoch: 08 | Batch: 700 | CrossEntropy-loss: 0.35036 | Correct: 1064/1280
Epoch: 08 | Batch: 800 | CrossEntropy-loss: 0.33051 | Correct: 1086/1280
Epoch: 08 | Batch: 900 | CrossEntropy-loss: 0.30486 | Correct: 1118/1280
Epoch: 08 | Batch: 1000 | CrossEntropy-loss: 0.33282 | Correct: 1086/1280
Epoch: 08 | Batch: 1100 | CrossEntropy-loss: 0.33118 | Correct: 1088/1280
Epoch: 08 | Batch: 1200 | CrossEntropy-loss: 0.33168 | Correct: 1089/1280
Epoch: 08 | Batch: 1300 | CrossEntropy-loss: 0.29247 | Correct: 1118/1280
Epoch: 08 | Batch: 1400 | CrossEntropy-loss: 0.32827 | Correct: 1109/1280
Epoch: 08 | Batch: 1500 | CrossEntropy-loss: 0.31970 | Correct: 1100/1280

Epoch: 08 | Testing Accuracy: 431836/504607 (85.579%) | Historical Best: 85.579%

Epoch: 09 | Batch: 000 | CrossEntropy-loss: 0.32232 | Correct: 1099/1280
Epoch: 09 | Batch: 100 | CrossEntropy-loss: 0.33881 | Correct: 1093/1280
Epoch: 09 | Batch: 200 | CrossEntropy-loss: 0.32448 | Correct: 1081/1280
Epoch: 09 | Batch: 300 | CrossEntropy-loss: 0.35985 | Correct: 1057/1280
Epoch: 09 | Batch: 400 | CrossEntropy-loss: 0.29748 | Correct: 1109/1280
Epoch: 09 | Batch: 500 | CrossEntropy-loss: 0.32841 | Correct: 1078/1280
Epoch: 09 | Batch: 600 | CrossEntropy-loss: 0.33535 | Correct: 1084/1280
Epoch: 09 | Batch: 700 | CrossEntropy-loss: 0.30739 | Correct: 1103/1280
Epoch: 09 | Batch: 800 | CrossEntropy-loss: 0.30822 | Correct: 1108/1280
Epoch: 09 | Batch: 900 | CrossEntropy-loss: 0.32987 | Correct: 1090/1280
Epoch: 09 | Batch: 1000 | CrossEntropy-loss: 0.31898 | Correct: 1106/1280
Epoch: 09 | Batch: 1100 | CrossEntropy-loss: 0.31183 | Correct: 1098/1280
Epoch: 09 | Batch: 1200 | CrossEntropy-loss: 0.32652 | Correct: 1094/1280
Epoch: 09 | Batch: 1300 | CrossEntropy-loss: 0.29164 | Correct: 1123/1280
Epoch: 09 | Batch: 1400 | CrossEntropy-loss: 0.32147 | Correct: 1083/1280
Epoch: 09 | Batch: 1500 | CrossEntropy-loss: 0.31532 | Correct: 1092/1280

Epoch: 09 | Testing Accuracy: 433763/504607 (85.961%) | Historical Best: 85.961%

Epoch: 10 | Batch: 000 | CrossEntropy-loss: 0.30733 | Correct: 1097/1280
Epoch: 10 | Batch: 100 | CrossEntropy-loss: 0.35423 | Correct: 1075/1280
Epoch: 10 | Batch: 200 | CrossEntropy-loss: 0.30247 | Correct: 1092/1280
Epoch: 10 | Batch: 300 | CrossEntropy-loss: 0.30954 | Correct: 1101/1280
Epoch: 10 | Batch: 400 | CrossEntropy-loss: 0.29627 | Correct: 1107/1280
Epoch: 10 | Batch: 500 | CrossEntropy-loss: 0.30661 | Correct: 1091/1280
Epoch: 10 | Batch: 600 | CrossEntropy-loss: 0.32333 | Correct: 1108/1280
Epoch: 10 | Batch: 700 | CrossEntropy-loss: 0.32798 | Correct: 1088/1280
Epoch: 10 | Batch: 800 | CrossEntropy-loss: 0.30035 | Correct: 1098/1280
Epoch: 10 | Batch: 900 | CrossEntropy-loss: 0.31037 | Correct: 1117/1280
Epoch: 10 | Batch: 1000 | CrossEntropy-loss: 0.31472 | Correct: 1105/1280
Epoch: 10 | Batch: 1100 | CrossEntropy-loss: 0.31781 | Correct: 1112/1280
Epoch: 10 | Batch: 1200 | CrossEntropy-loss: 0.31888 | Correct: 1101/1280
Epoch: 10 | Batch: 1300 | CrossEntropy-loss: 0.30146 | Correct: 1099/1280
Epoch: 10 | Batch: 1400 | CrossEntropy-loss: 0.30785 | Correct: 1093/1280
Epoch: 10 | Batch: 1500 | CrossEntropy-loss: 0.29456 | Correct: 1112/1280

Epoch: 10 | Testing Accuracy: 435680/504607 (86.340%) | Historical Best: 86.340%

Epoch: 11 | Batch: 000 | CrossEntropy-loss: 0.30068 | Correct: 1118/1280
Epoch: 11 | Batch: 100 | CrossEntropy-loss: 0.29210 | Correct: 1121/1280
Epoch: 11 | Batch: 200 | CrossEntropy-loss: 0.31329 | Correct: 1107/1280
Epoch: 11 | Batch: 300 | CrossEntropy-loss: 0.30891 | Correct: 1099/1280
Epoch: 11 | Batch: 400 | CrossEntropy-loss: 0.28478 | Correct: 1106/1280
Epoch: 11 | Batch: 500 | CrossEntropy-loss: 0.32042 | Correct: 1096/1280
Epoch: 11 | Batch: 600 | CrossEntropy-loss: 0.30088 | Correct: 1101/1280
Epoch: 11 | Batch: 700 | CrossEntropy-loss: 0.31445 | Correct: 1103/1280
Epoch: 11 | Batch: 800 | CrossEntropy-loss: 0.30828 | Correct: 1099/1280
Epoch: 11 | Batch: 900 | CrossEntropy-loss: 0.30975 | Correct: 1108/1280
Epoch: 11 | Batch: 1000 | CrossEntropy-loss: 0.28835 | Correct: 1108/1280
Epoch: 11 | Batch: 1100 | CrossEntropy-loss: 0.28827 | Correct: 1116/1280
Epoch: 11 | Batch: 1200 | CrossEntropy-loss: 0.30428 | Correct: 1110/1280
Epoch: 11 | Batch: 1300 | CrossEntropy-loss: 0.29591 | Correct: 1108/1280
Epoch: 11 | Batch: 1400 | CrossEntropy-loss: 0.31933 | Correct: 1097/1280
Epoch: 11 | Batch: 1500 | CrossEntropy-loss: 0.28570 | Correct: 1122/1280

Epoch: 11 | Testing Accuracy: 438071/504607 (86.814%) | Historical Best: 86.814%

Epoch: 12 | Batch: 000 | CrossEntropy-loss: 0.31379 | Correct: 1105/1280
Epoch: 12 | Batch: 100 | CrossEntropy-loss: 0.31296 | Correct: 1102/1280
Epoch: 12 | Batch: 200 | CrossEntropy-loss: 0.28757 | Correct: 1113/1280
Epoch: 12 | Batch: 300 | CrossEntropy-loss: 0.29840 | Correct: 1099/1280
Epoch: 12 | Batch: 400 | CrossEntropy-loss: 0.29954 | Correct: 1090/1280
Epoch: 12 | Batch: 500 | CrossEntropy-loss: 0.29782 | Correct: 1119/1280
Epoch: 12 | Batch: 600 | CrossEntropy-loss: 0.30390 | Correct: 1101/1280
Epoch: 12 | Batch: 700 | CrossEntropy-loss: 0.30777 | Correct: 1110/1280
Epoch: 12 | Batch: 800 | CrossEntropy-loss: 0.28098 | Correct: 1116/1280
Epoch: 12 | Batch: 900 | CrossEntropy-loss: 0.26730 | Correct: 1128/1280
Epoch: 12 | Batch: 1000 | CrossEntropy-loss: 0.29917 | Correct: 1127/1280
Epoch: 12 | Batch: 1100 | CrossEntropy-loss: 0.30133 | Correct: 1117/1280
Epoch: 12 | Batch: 1200 | CrossEntropy-loss: 0.28445 | Correct: 1120/1280
Epoch: 12 | Batch: 1300 | CrossEntropy-loss: 0.31158 | Correct: 1112/1280
Epoch: 12 | Batch: 1400 | CrossEntropy-loss: 0.28373 | Correct: 1126/1280
Epoch: 12 | Batch: 1500 | CrossEntropy-loss: 0.30839 | Correct: 1105/1280

Epoch: 12 | Testing Accuracy: 441861/504607 (87.565%) | Historical Best: 87.565%

Epoch: 13 | Batch: 000 | CrossEntropy-loss: 0.27947 | Correct: 1122/1280
Epoch: 13 | Batch: 100 | CrossEntropy-loss: 0.29870 | Correct: 1128/1280
Epoch: 13 | Batch: 200 | CrossEntropy-loss: 0.29485 | Correct: 1114/1280
Epoch: 13 | Batch: 300 | CrossEntropy-loss: 0.28973 | Correct: 1123/1280
Epoch: 13 | Batch: 400 | CrossEntropy-loss: 0.28570 | Correct: 1133/1280
Epoch: 13 | Batch: 500 | CrossEntropy-loss: 0.29349 | Correct: 1125/1280
Epoch: 13 | Batch: 600 | CrossEntropy-loss: 0.26732 | Correct: 1130/1280
Epoch: 13 | Batch: 700 | CrossEntropy-loss: 0.26341 | Correct: 1141/1280
Epoch: 13 | Batch: 800 | CrossEntropy-loss: 0.28957 | Correct: 1117/1280
Epoch: 13 | Batch: 900 | CrossEntropy-loss: 0.30099 | Correct: 1105/1280
Epoch: 13 | Batch: 1000 | CrossEntropy-loss: 0.27946 | Correct: 1137/1280
Epoch: 13 | Batch: 1100 | CrossEntropy-loss: 0.29133 | Correct: 1115/1280
Epoch: 13 | Batch: 1200 | CrossEntropy-loss: 0.27584 | Correct: 1125/1280
Epoch: 13 | Batch: 1300 | CrossEntropy-loss: 0.27715 | Correct: 1132/1280
Epoch: 13 | Batch: 1400 | CrossEntropy-loss: 0.27516 | Correct: 1126/1280
Epoch: 13 | Batch: 1500 | CrossEntropy-loss: 0.26896 | Correct: 1154/1280

Epoch: 13 | Testing Accuracy: 445284/504607 (88.244%) | Historical Best: 88.244%

Epoch: 14 | Batch: 000 | CrossEntropy-loss: 0.30413 | Correct: 1109/1280
Epoch: 14 | Batch: 100 | CrossEntropy-loss: 0.29176 | Correct: 1135/1280
Epoch: 14 | Batch: 200 | CrossEntropy-loss: 0.25814 | Correct: 1141/1280
Epoch: 14 | Batch: 300 | CrossEntropy-loss: 0.29432 | Correct: 1128/1280
Epoch: 14 | Batch: 400 | CrossEntropy-loss: 0.30368 | Correct: 1106/1280
Epoch: 14 | Batch: 500 | CrossEntropy-loss: 0.26525 | Correct: 1151/1280
Epoch: 14 | Batch: 600 | CrossEntropy-loss: 0.30162 | Correct: 1125/1280
Epoch: 14 | Batch: 700 | CrossEntropy-loss: 0.27707 | Correct: 1139/1280
Epoch: 14 | Batch: 800 | CrossEntropy-loss: 0.29954 | Correct: 1119/1280
Epoch: 14 | Batch: 900 | CrossEntropy-loss: 0.27061 | Correct: 1140/1280
Epoch: 14 | Batch: 1000 | CrossEntropy-loss: 0.26235 | Correct: 1137/1280
Epoch: 14 | Batch: 1100 | CrossEntropy-loss: 0.27915 | Correct: 1139/1280
Epoch: 14 | Batch: 1200 | CrossEntropy-loss: 0.26986 | Correct: 1151/1280
Epoch: 14 | Batch: 1300 | CrossEntropy-loss: 0.27470 | Correct: 1129/1280
Epoch: 14 | Batch: 1400 | CrossEntropy-loss: 0.26270 | Correct: 1140/1280
Epoch: 14 | Batch: 1500 | CrossEntropy-loss: 0.27767 | Correct: 1144/1280

Epoch: 14 | Testing Accuracy: 446737/504607 (88.532%) | Historical Best: 88.532%

Epoch: 15 | Batch: 000 | CrossEntropy-loss: 0.27238 | Correct: 1135/1280
Epoch: 15 | Batch: 100 | CrossEntropy-loss: 0.28098 | Correct: 1138/1280
Epoch: 15 | Batch: 200 | CrossEntropy-loss: 0.29614 | Correct: 1123/1280
Epoch: 15 | Batch: 300 | CrossEntropy-loss: 0.29114 | Correct: 1126/1280
Epoch: 15 | Batch: 400 | CrossEntropy-loss: 0.29520 | Correct: 1117/1280
Epoch: 15 | Batch: 500 | CrossEntropy-loss: 0.27240 | Correct: 1134/1280
Epoch: 15 | Batch: 600 | CrossEntropy-loss: 0.25985 | Correct: 1142/1280
Epoch: 15 | Batch: 700 | CrossEntropy-loss: 0.27443 | Correct: 1135/1280
Epoch: 15 | Batch: 800 | CrossEntropy-loss: 0.26985 | Correct: 1128/1280
Epoch: 15 | Batch: 900 | CrossEntropy-loss: 0.27614 | Correct: 1121/1280
Epoch: 15 | Batch: 1000 | CrossEntropy-loss: 0.27022 | Correct: 1145/1280
Epoch: 15 | Batch: 1100 | CrossEntropy-loss: 0.28420 | Correct: 1131/1280
Epoch: 15 | Batch: 1200 | CrossEntropy-loss: 0.26434 | Correct: 1149/1280
Epoch: 15 | Batch: 1300 | CrossEntropy-loss: 0.26368 | Correct: 1142/1280
Epoch: 15 | Batch: 1400 | CrossEntropy-loss: 0.25923 | Correct: 1151/1280
Epoch: 15 | Batch: 1500 | CrossEntropy-loss: 0.26178 | Correct: 1134/1280

Epoch: 15 | Testing Accuracy: 447743/504607 (88.731%) | Historical Best: 88.731%

Epoch: 16 | Batch: 000 | CrossEntropy-loss: 0.25953 | Correct: 1149/1280
Epoch: 16 | Batch: 100 | CrossEntropy-loss: 0.29968 | Correct: 1117/1280
Epoch: 16 | Batch: 200 | CrossEntropy-loss: 0.25105 | Correct: 1136/1280
Epoch: 16 | Batch: 300 | CrossEntropy-loss: 0.26429 | Correct: 1136/1280
Epoch: 16 | Batch: 400 | CrossEntropy-loss: 0.26227 | Correct: 1146/1280
Epoch: 16 | Batch: 500 | CrossEntropy-loss: 0.25536 | Correct: 1157/1280
Epoch: 16 | Batch: 600 | CrossEntropy-loss: 0.28551 | Correct: 1130/1280
Epoch: 16 | Batch: 700 | CrossEntropy-loss: 0.26693 | Correct: 1131/1280
Epoch: 16 | Batch: 800 | CrossEntropy-loss: 0.28564 | Correct: 1123/1280
Epoch: 16 | Batch: 900 | CrossEntropy-loss: 0.27736 | Correct: 1129/1280
Epoch: 16 | Batch: 1000 | CrossEntropy-loss: 0.27418 | Correct: 1134/1280
Epoch: 16 | Batch: 1100 | CrossEntropy-loss: 0.26667 | Correct: 1137/1280
Epoch: 16 | Batch: 1200 | CrossEntropy-loss: 0.27209 | Correct: 1138/1280
Epoch: 16 | Batch: 1300 | CrossEntropy-loss: 0.27381 | Correct: 1126/1280
Epoch: 16 | Batch: 1400 | CrossEntropy-loss: 0.26409 | Correct: 1138/1280
Epoch: 16 | Batch: 1500 | CrossEntropy-loss: 0.26531 | Correct: 1137/1280

Epoch: 16 | Testing Accuracy: 448425/504607 (88.866%) | Historical Best: 88.866%

Epoch: 17 | Batch: 000 | CrossEntropy-loss: 0.25847 | Correct: 1142/1280
Epoch: 17 | Batch: 100 | CrossEntropy-loss: 0.24683 | Correct: 1157/1280
Epoch: 17 | Batch: 200 | CrossEntropy-loss: 0.26130 | Correct: 1138/1280
Epoch: 17 | Batch: 300 | CrossEntropy-loss: 0.26678 | Correct: 1129/1280
Epoch: 17 | Batch: 400 | CrossEntropy-loss: 0.26295 | Correct: 1149/1280
Epoch: 17 | Batch: 500 | CrossEntropy-loss: 0.24461 | Correct: 1168/1280
Epoch: 17 | Batch: 600 | CrossEntropy-loss: 0.28077 | Correct: 1141/1280
Epoch: 17 | Batch: 700 | CrossEntropy-loss: 0.25817 | Correct: 1142/1280
Epoch: 17 | Batch: 800 | CrossEntropy-loss: 0.24723 | Correct: 1137/1280
Epoch: 17 | Batch: 900 | CrossEntropy-loss: 0.26312 | Correct: 1137/1280
Epoch: 17 | Batch: 1000 | CrossEntropy-loss: 0.26521 | Correct: 1127/1280
Epoch: 17 | Batch: 1100 | CrossEntropy-loss: 0.24645 | Correct: 1131/1280
Epoch: 17 | Batch: 1200 | CrossEntropy-loss: 0.27461 | Correct: 1131/1280
Epoch: 17 | Batch: 1300 | CrossEntropy-loss: 0.26593 | Correct: 1150/1280
Epoch: 17 | Batch: 1400 | CrossEntropy-loss: 0.28104 | Correct: 1138/1280
Epoch: 17 | Batch: 1500 | CrossEntropy-loss: 0.27568 | Correct: 1135/1280

Epoch: 17 | Testing Accuracy: 447983/504607 (88.779%) | Historical Best: 88.866%

Epoch: 18 | Batch: 000 | CrossEntropy-loss: 0.27944 | Correct: 1137/1280
Epoch: 18 | Batch: 100 | CrossEntropy-loss: 0.25532 | Correct: 1144/1280
Epoch: 18 | Batch: 200 | CrossEntropy-loss: 0.25668 | Correct: 1153/1280
Epoch: 18 | Batch: 300 | CrossEntropy-loss: 0.25271 | Correct: 1156/1280
Epoch: 18 | Batch: 400 | CrossEntropy-loss: 0.25314 | Correct: 1153/1280
Epoch: 18 | Batch: 500 | CrossEntropy-loss: 0.25412 | Correct: 1148/1280
Epoch: 18 | Batch: 600 | CrossEntropy-loss: 0.26681 | Correct: 1136/1280
Epoch: 18 | Batch: 700 | CrossEntropy-loss: 0.26512 | Correct: 1139/1280
Epoch: 18 | Batch: 800 | CrossEntropy-loss: 0.27085 | Correct: 1136/1280
Epoch: 18 | Batch: 900 | CrossEntropy-loss: 0.27594 | Correct: 1125/1280
Epoch: 18 | Batch: 1000 | CrossEntropy-loss: 0.26337 | Correct: 1140/1280
Epoch: 18 | Batch: 1100 | CrossEntropy-loss: 0.26461 | Correct: 1142/1280
Epoch: 18 | Batch: 1200 | CrossEntropy-loss: 0.26142 | Correct: 1141/1280
Epoch: 18 | Batch: 1300 | CrossEntropy-loss: 0.25879 | Correct: 1139/1280
Epoch: 18 | Batch: 1400 | CrossEntropy-loss: 0.25570 | Correct: 1158/1280
Epoch: 18 | Batch: 1500 | CrossEntropy-loss: 0.24855 | Correct: 1151/1280

Epoch: 18 | Testing Accuracy: 448053/504607 (88.792%) | Historical Best: 88.866%

Epoch: 19 | Batch: 000 | CrossEntropy-loss: 0.24608 | Correct: 1148/1280
Epoch: 19 | Batch: 100 | CrossEntropy-loss: 0.27056 | Correct: 1119/1280
Epoch: 19 | Batch: 200 | CrossEntropy-loss: 0.25192 | Correct: 1134/1280
Epoch: 19 | Batch: 300 | CrossEntropy-loss: 0.26662 | Correct: 1133/1280
Epoch: 19 | Batch: 400 | CrossEntropy-loss: 0.24036 | Correct: 1149/1280
Epoch: 19 | Batch: 500 | CrossEntropy-loss: 0.27171 | Correct: 1138/1280
Epoch: 19 | Batch: 600 | CrossEntropy-loss: 0.23675 | Correct: 1158/1280
Epoch: 19 | Batch: 700 | CrossEntropy-loss: 0.24724 | Correct: 1153/1280
Epoch: 19 | Batch: 800 | CrossEntropy-loss: 0.25519 | Correct: 1141/1280
Epoch: 19 | Batch: 900 | CrossEntropy-loss: 0.22710 | Correct: 1148/1280
Epoch: 19 | Batch: 1000 | CrossEntropy-loss: 0.25563 | Correct: 1142/1280
Epoch: 19 | Batch: 1100 | CrossEntropy-loss: 0.25505 | Correct: 1137/1280
Epoch: 19 | Batch: 1200 | CrossEntropy-loss: 0.26741 | Correct: 1132/1280
Epoch: 19 | Batch: 1300 | CrossEntropy-loss: 0.25784 | Correct: 1136/1280
Epoch: 19 | Batch: 1400 | CrossEntropy-loss: 0.21888 | Correct: 1165/1280
Epoch: 19 | Batch: 1500 | CrossEntropy-loss: 0.26425 | Correct: 1126/1280

Epoch: 19 | Testing Accuracy: 448880/504607 (88.956%) | Historical Best: 88.956%

Epoch: 20 | Batch: 000 | CrossEntropy-loss: 0.24841 | Correct: 1145/1280
Epoch: 20 | Batch: 100 | CrossEntropy-loss: 0.25106 | Correct: 1130/1280
Epoch: 20 | Batch: 200 | CrossEntropy-loss: 0.24918 | Correct: 1143/1280
Epoch: 20 | Batch: 300 | CrossEntropy-loss: 0.24801 | Correct: 1140/1280
Epoch: 20 | Batch: 400 | CrossEntropy-loss: 0.23919 | Correct: 1152/1280
Epoch: 20 | Batch: 500 | CrossEntropy-loss: 0.27217 | Correct: 1143/1280
Epoch: 20 | Batch: 600 | CrossEntropy-loss: 0.26950 | Correct: 1121/1280
Epoch: 20 | Batch: 700 | CrossEntropy-loss: 0.24255 | Correct: 1155/1280
Epoch: 20 | Batch: 800 | CrossEntropy-loss: 0.23322 | Correct: 1147/1280
Epoch: 20 | Batch: 900 | CrossEntropy-loss: 0.25182 | Correct: 1142/1280
Epoch: 20 | Batch: 1000 | CrossEntropy-loss: 0.24025 | Correct: 1160/1280
Epoch: 20 | Batch: 1100 | CrossEntropy-loss: 0.22889 | Correct: 1157/1280
Epoch: 20 | Batch: 1200 | CrossEntropy-loss: 0.25450 | Correct: 1127/1280
Epoch: 20 | Batch: 1300 | CrossEntropy-loss: 0.24881 | Correct: 1140/1280
Epoch: 20 | Batch: 1400 | CrossEntropy-loss: 0.27157 | Correct: 1142/1280
Epoch: 20 | Batch: 1500 | CrossEntropy-loss: 0.26899 | Correct: 1128/1280

Epoch: 20 | Testing Accuracy: 449287/504607 (89.037%) | Historical Best: 89.037%

Epoch: 21 | Batch: 000 | CrossEntropy-loss: 0.25116 | Correct: 1130/1280
Epoch: 21 | Batch: 100 | CrossEntropy-loss: 0.25777 | Correct: 1123/1280
Epoch: 21 | Batch: 200 | CrossEntropy-loss: 0.23687 | Correct: 1158/1280
Epoch: 21 | Batch: 300 | CrossEntropy-loss: 0.27777 | Correct: 1123/1280
Epoch: 21 | Batch: 400 | CrossEntropy-loss: 0.22654 | Correct: 1150/1280
Epoch: 21 | Batch: 500 | CrossEntropy-loss: 0.27454 | Correct: 1122/1280
Epoch: 21 | Batch: 600 | CrossEntropy-loss: 0.20793 | Correct: 1172/1280
Epoch: 21 | Batch: 700 | CrossEntropy-loss: 0.27462 | Correct: 1114/1280
Epoch: 21 | Batch: 800 | CrossEntropy-loss: 0.26789 | Correct: 1124/1280
Epoch: 21 | Batch: 900 | CrossEntropy-loss: 0.25300 | Correct: 1129/1280
Epoch: 21 | Batch: 1000 | CrossEntropy-loss: 0.22410 | Correct: 1159/1280
Epoch: 21 | Batch: 1100 | CrossEntropy-loss: 0.26824 | Correct: 1129/1280
Epoch: 21 | Batch: 1200 | CrossEntropy-loss: 0.23638 | Correct: 1159/1280
Epoch: 21 | Batch: 1300 | CrossEntropy-loss: 0.25031 | Correct: 1137/1280
Epoch: 21 | Batch: 1400 | CrossEntropy-loss: 0.27301 | Correct: 1122/1280
Epoch: 21 | Batch: 1500 | CrossEntropy-loss: 0.24082 | Correct: 1146/1280

Epoch: 21 | Testing Accuracy: 449468/504607 (89.073%) | Historical Best: 89.073%

Epoch: 22 | Batch: 000 | CrossEntropy-loss: 0.22801 | Correct: 1153/1280
Epoch: 22 | Batch: 100 | CrossEntropy-loss: 0.23647 | Correct: 1149/1280
Epoch: 22 | Batch: 200 | CrossEntropy-loss: 0.24975 | Correct: 1130/1280
Epoch: 22 | Batch: 300 | CrossEntropy-loss: 0.25900 | Correct: 1136/1280
Epoch: 22 | Batch: 400 | CrossEntropy-loss: 0.25155 | Correct: 1156/1280
Epoch: 22 | Batch: 500 | CrossEntropy-loss: 0.24586 | Correct: 1138/1280
Epoch: 22 | Batch: 600 | CrossEntropy-loss: 0.24478 | Correct: 1146/1280
Epoch: 22 | Batch: 700 | CrossEntropy-loss: 0.24821 | Correct: 1135/1280
Epoch: 22 | Batch: 800 | CrossEntropy-loss: 0.25803 | Correct: 1141/1280
Epoch: 22 | Batch: 900 | CrossEntropy-loss: 0.24525 | Correct: 1135/1280
Epoch: 22 | Batch: 1000 | CrossEntropy-loss: 0.25955 | Correct: 1140/1280
Epoch: 22 | Batch: 1100 | CrossEntropy-loss: 0.24645 | Correct: 1140/1280
Epoch: 22 | Batch: 1200 | CrossEntropy-loss: 0.25873 | Correct: 1137/1280
Epoch: 22 | Batch: 1300 | CrossEntropy-loss: 0.24641 | Correct: 1132/1280
Epoch: 22 | Batch: 1400 | CrossEntropy-loss: 0.21331 | Correct: 1179/1280
Epoch: 22 | Batch: 1500 | CrossEntropy-loss: 0.23770 | Correct: 1130/1280

Epoch: 22 | Testing Accuracy: 450551/504607 (89.288%) | Historical Best: 89.288%

Epoch: 23 | Batch: 000 | CrossEntropy-loss: 0.23256 | Correct: 1162/1280
Epoch: 23 | Batch: 100 | CrossEntropy-loss: 0.26136 | Correct: 1139/1280
Epoch: 23 | Batch: 200 | CrossEntropy-loss: 0.23641 | Correct: 1143/1280
Epoch: 23 | Batch: 300 | CrossEntropy-loss: 0.25562 | Correct: 1130/1280
Epoch: 23 | Batch: 400 | CrossEntropy-loss: 0.23338 | Correct: 1162/1280
Epoch: 23 | Batch: 500 | CrossEntropy-loss: 0.26523 | Correct: 1119/1280
Epoch: 23 | Batch: 600 | CrossEntropy-loss: 0.22765 | Correct: 1159/1280
Epoch: 23 | Batch: 700 | CrossEntropy-loss: 0.24186 | Correct: 1141/1280
Epoch: 23 | Batch: 800 | CrossEntropy-loss: 0.24754 | Correct: 1119/1280
Epoch: 23 | Batch: 900 | CrossEntropy-loss: 0.24146 | Correct: 1148/1280
Epoch: 23 | Batch: 1000 | CrossEntropy-loss: 0.24977 | Correct: 1142/1280
Epoch: 23 | Batch: 1100 | CrossEntropy-loss: 0.24285 | Correct: 1137/1280
Epoch: 23 | Batch: 1200 | CrossEntropy-loss: 0.24546 | Correct: 1145/1280
Epoch: 23 | Batch: 1300 | CrossEntropy-loss: 0.26434 | Correct: 1118/1280
Epoch: 23 | Batch: 1400 | CrossEntropy-loss: 0.23406 | Correct: 1159/1280
Epoch: 23 | Batch: 1500 | CrossEntropy-loss: 0.24938 | Correct: 1144/1280

Epoch: 23 | Testing Accuracy: 452402/504607 (89.654%) | Historical Best: 89.654%

Epoch: 24 | Batch: 000 | CrossEntropy-loss: 0.23661 | Correct: 1143/1280
Epoch: 24 | Batch: 100 | CrossEntropy-loss: 0.25523 | Correct: 1146/1280
Epoch: 24 | Batch: 200 | CrossEntropy-loss: 0.23837 | Correct: 1150/1280
Epoch: 24 | Batch: 300 | CrossEntropy-loss: 0.24557 | Correct: 1137/1280
Epoch: 24 | Batch: 400 | CrossEntropy-loss: 0.24671 | Correct: 1146/1280
Epoch: 24 | Batch: 500 | CrossEntropy-loss: 0.20925 | Correct: 1168/1280
Epoch: 24 | Batch: 600 | CrossEntropy-loss: 0.26447 | Correct: 1124/1280
Epoch: 24 | Batch: 700 | CrossEntropy-loss: 0.24744 | Correct: 1139/1280
Epoch: 24 | Batch: 800 | CrossEntropy-loss: 0.24183 | Correct: 1142/1280
Epoch: 24 | Batch: 900 | CrossEntropy-loss: 0.23942 | Correct: 1151/1280
Epoch: 24 | Batch: 1000 | CrossEntropy-loss: 0.24151 | Correct: 1138/1280
Epoch: 24 | Batch: 1100 | CrossEntropy-loss: 0.23118 | Correct: 1148/1280
Epoch: 24 | Batch: 1200 | CrossEntropy-loss: 0.24039 | Correct: 1139/1280
Epoch: 24 | Batch: 1300 | CrossEntropy-loss: 0.23495 | Correct: 1140/1280
Epoch: 24 | Batch: 1400 | CrossEntropy-loss: 0.24325 | Correct: 1151/1280
Epoch: 24 | Batch: 1500 | CrossEntropy-loss: 0.25463 | Correct: 1132/1280

Epoch: 24 | Testing Accuracy: 452991/504607 (89.771%) | Historical Best: 89.771%

Epoch: 25 | Batch: 000 | CrossEntropy-loss: 0.25791 | Correct: 1137/1280
Epoch: 25 | Batch: 100 | CrossEntropy-loss: 0.24528 | Correct: 1143/1280
Epoch: 25 | Batch: 200 | CrossEntropy-loss: 0.24014 | Correct: 1138/1280
Epoch: 25 | Batch: 300 | CrossEntropy-loss: 0.22122 | Correct: 1162/1280
Epoch: 25 | Batch: 400 | CrossEntropy-loss: 0.23417 | Correct: 1147/1280
Epoch: 25 | Batch: 500 | CrossEntropy-loss: 0.23529 | Correct: 1141/1280
Epoch: 25 | Batch: 600 | CrossEntropy-loss: 0.25016 | Correct: 1141/1280
Epoch: 25 | Batch: 700 | CrossEntropy-loss: 0.22836 | Correct: 1156/1280
Epoch: 25 | Batch: 800 | CrossEntropy-loss: 0.23310 | Correct: 1158/1280
Epoch: 25 | Batch: 900 | CrossEntropy-loss: 0.21681 | Correct: 1149/1280
Epoch: 25 | Batch: 1000 | CrossEntropy-loss: 0.23062 | Correct: 1142/1280
Epoch: 25 | Batch: 1100 | CrossEntropy-loss: 0.20181 | Correct: 1171/1280
Epoch: 25 | Batch: 1200 | CrossEntropy-loss: 0.22140 | Correct: 1153/1280
Epoch: 25 | Batch: 1300 | CrossEntropy-loss: 0.25869 | Correct: 1126/1280
Epoch: 25 | Batch: 1400 | CrossEntropy-loss: 0.23361 | Correct: 1153/1280
Epoch: 25 | Batch: 1500 | CrossEntropy-loss: 0.23924 | Correct: 1138/1280

Epoch: 25 | Testing Accuracy: 451990/504607 (89.573%) | Historical Best: 89.771%

Epoch: 26 | Batch: 000 | CrossEntropy-loss: 0.24387 | Correct: 1134/1280
Epoch: 26 | Batch: 100 | CrossEntropy-loss: 0.22362 | Correct: 1155/1280
Epoch: 26 | Batch: 200 | CrossEntropy-loss: 0.22851 | Correct: 1140/1280
Epoch: 26 | Batch: 300 | CrossEntropy-loss: 0.23959 | Correct: 1148/1280
Epoch: 26 | Batch: 400 | CrossEntropy-loss: 0.25562 | Correct: 1126/1280
Epoch: 26 | Batch: 500 | CrossEntropy-loss: 0.23072 | Correct: 1146/1280
Epoch: 26 | Batch: 600 | CrossEntropy-loss: 0.22814 | Correct: 1157/1280
Epoch: 26 | Batch: 700 | CrossEntropy-loss: 0.25733 | Correct: 1142/1280
Epoch: 26 | Batch: 800 | CrossEntropy-loss: 0.24973 | Correct: 1144/1280
Epoch: 26 | Batch: 900 | CrossEntropy-loss: 0.24008 | Correct: 1134/1280
Epoch: 26 | Batch: 1000 | CrossEntropy-loss: 0.22692 | Correct: 1145/1280
Epoch: 26 | Batch: 1100 | CrossEntropy-loss: 0.21352 | Correct: 1166/1280
Epoch: 26 | Batch: 1200 | CrossEntropy-loss: 0.23151 | Correct: 1145/1280
Epoch: 26 | Batch: 1300 | CrossEntropy-loss: 0.22769 | Correct: 1160/1280
Epoch: 26 | Batch: 1400 | CrossEntropy-loss: 0.23573 | Correct: 1127/1280
Epoch: 26 | Batch: 1500 | CrossEntropy-loss: 0.23464 | Correct: 1144/1280

Epoch: 26 | Testing Accuracy: 452518/504607 (89.677%) | Historical Best: 89.771%

Epoch: 27 | Batch: 000 | CrossEntropy-loss: 0.21693 | Correct: 1154/1280
Epoch: 27 | Batch: 100 | CrossEntropy-loss: 0.21143 | Correct: 1165/1280
Epoch: 27 | Batch: 200 | CrossEntropy-loss: 0.23760 | Correct: 1146/1280
Epoch: 27 | Batch: 300 | CrossEntropy-loss: 0.22615 | Correct: 1160/1280
Epoch: 27 | Batch: 400 | CrossEntropy-loss: 0.25406 | Correct: 1142/1280
Epoch: 27 | Batch: 500 | CrossEntropy-loss: 0.23336 | Correct: 1149/1280
Epoch: 27 | Batch: 600 | CrossEntropy-loss: 0.24109 | Correct: 1139/1280
Epoch: 27 | Batch: 700 | CrossEntropy-loss: 0.24521 | Correct: 1130/1280
Epoch: 27 | Batch: 800 | CrossEntropy-loss: 0.21550 | Correct: 1159/1280
Epoch: 27 | Batch: 900 | CrossEntropy-loss: 0.23612 | Correct: 1139/1280
Epoch: 27 | Batch: 1000 | CrossEntropy-loss: 0.23627 | Correct: 1159/1280
Epoch: 27 | Batch: 1100 | CrossEntropy-loss: 0.24391 | Correct: 1124/1280
Epoch: 27 | Batch: 1200 | CrossEntropy-loss: 0.22718 | Correct: 1158/1280
Epoch: 27 | Batch: 1300 | CrossEntropy-loss: 0.22594 | Correct: 1157/1280
Epoch: 27 | Batch: 1400 | CrossEntropy-loss: 0.22885 | Correct: 1144/1280
Epoch: 27 | Batch: 1500 | CrossEntropy-loss: 0.25127 | Correct: 1141/1280

Epoch: 27 | Testing Accuracy: 452392/504607 (89.652%) | Historical Best: 89.771%

Epoch: 28 | Batch: 000 | CrossEntropy-loss: 0.22782 | Correct: 1160/1280
Epoch: 28 | Batch: 100 | CrossEntropy-loss: 0.22124 | Correct: 1146/1280
Epoch: 28 | Batch: 200 | CrossEntropy-loss: 0.22504 | Correct: 1152/1280
Epoch: 28 | Batch: 300 | CrossEntropy-loss: 0.24633 | Correct: 1156/1280
Epoch: 28 | Batch: 400 | CrossEntropy-loss: 0.23688 | Correct: 1133/1280
Epoch: 28 | Batch: 500 | CrossEntropy-loss: 0.23273 | Correct: 1150/1280
Epoch: 28 | Batch: 600 | CrossEntropy-loss: 0.21854 | Correct: 1154/1280
Epoch: 28 | Batch: 700 | CrossEntropy-loss: 0.24144 | Correct: 1141/1280
Epoch: 28 | Batch: 800 | CrossEntropy-loss: 0.22631 | Correct: 1155/1280
Epoch: 28 | Batch: 900 | CrossEntropy-loss: 0.25367 | Correct: 1143/1280
Epoch: 28 | Batch: 1000 | CrossEntropy-loss: 0.22187 | Correct: 1151/1280
Epoch: 28 | Batch: 1100 | CrossEntropy-loss: 0.21498 | Correct: 1142/1280
Epoch: 28 | Batch: 1200 | CrossEntropy-loss: 0.22920 | Correct: 1149/1280
Epoch: 28 | Batch: 1300 | CrossEntropy-loss: 0.22943 | Correct: 1141/1280
Epoch: 28 | Batch: 1400 | CrossEntropy-loss: 0.24010 | Correct: 1132/1280
Epoch: 28 | Batch: 1500 | CrossEntropy-loss: 0.21879 | Correct: 1161/1280

Epoch: 28 | Testing Accuracy: 453213/504607 (89.815%) | Historical Best: 89.815%

Epoch: 29 | Batch: 000 | CrossEntropy-loss: 0.21215 | Correct: 1157/1280
Epoch: 29 | Batch: 100 | CrossEntropy-loss: 0.20978 | Correct: 1155/1280
Epoch: 29 | Batch: 200 | CrossEntropy-loss: 0.22732 | Correct: 1136/1280
Epoch: 29 | Batch: 300 | CrossEntropy-loss: 0.22610 | Correct: 1157/1280
Epoch: 29 | Batch: 400 | CrossEntropy-loss: 0.22375 | Correct: 1153/1280
Epoch: 29 | Batch: 500 | CrossEntropy-loss: 0.23768 | Correct: 1145/1280
Epoch: 29 | Batch: 600 | CrossEntropy-loss: 0.23597 | Correct: 1141/1280
Epoch: 29 | Batch: 700 | CrossEntropy-loss: 0.23801 | Correct: 1139/1280
Epoch: 29 | Batch: 800 | CrossEntropy-loss: 0.22200 | Correct: 1159/1280
Epoch: 29 | Batch: 900 | CrossEntropy-loss: 0.21795 | Correct: 1151/1280
Epoch: 29 | Batch: 1000 | CrossEntropy-loss: 0.24472 | Correct: 1138/1280
Epoch: 29 | Batch: 1100 | CrossEntropy-loss: 0.23017 | Correct: 1135/1280
Epoch: 29 | Batch: 1200 | CrossEntropy-loss: 0.22750 | Correct: 1144/1280
Epoch: 29 | Batch: 1300 | CrossEntropy-loss: 0.26903 | Correct: 1114/1280
Epoch: 29 | Batch: 1400 | CrossEntropy-loss: 0.19680 | Correct: 1176/1280
Epoch: 29 | Batch: 1500 | CrossEntropy-loss: 0.21177 | Correct: 1150/1280

Epoch: 29 | Testing Accuracy: 453833/504607 (89.938%) | Historical Best: 89.938%

Epoch: 30 | Batch: 000 | CrossEntropy-loss: 0.23402 | Correct: 1151/1280
Epoch: 30 | Batch: 100 | CrossEntropy-loss: 0.23894 | Correct: 1124/1280
Epoch: 30 | Batch: 200 | CrossEntropy-loss: 0.23432 | Correct: 1143/1280
Epoch: 30 | Batch: 300 | CrossEntropy-loss: 0.20845 | Correct: 1159/1280
Epoch: 30 | Batch: 400 | CrossEntropy-loss: 0.22708 | Correct: 1143/1280
Epoch: 30 | Batch: 500 | CrossEntropy-loss: 0.21912 | Correct: 1153/1280
Epoch: 30 | Batch: 600 | CrossEntropy-loss: 0.23001 | Correct: 1146/1280
Epoch: 30 | Batch: 700 | CrossEntropy-loss: 0.23095 | Correct: 1136/1280
Epoch: 30 | Batch: 800 | CrossEntropy-loss: 0.24819 | Correct: 1146/1280
Epoch: 30 | Batch: 900 | CrossEntropy-loss: 0.21523 | Correct: 1164/1280
Epoch: 30 | Batch: 1000 | CrossEntropy-loss: 0.25579 | Correct: 1123/1280
Epoch: 30 | Batch: 1100 | CrossEntropy-loss: 0.25187 | Correct: 1131/1280
Epoch: 30 | Batch: 1200 | CrossEntropy-loss: 0.21665 | Correct: 1139/1280
Epoch: 30 | Batch: 1300 | CrossEntropy-loss: 0.23263 | Correct: 1140/1280
Epoch: 30 | Batch: 1400 | CrossEntropy-loss: 0.21605 | Correct: 1155/1280
Epoch: 30 | Batch: 1500 | CrossEntropy-loss: 0.22723 | Correct: 1149/1280

Epoch: 30 | Testing Accuracy: 454169/504607 (90.004%) | Historical Best: 90.004%

Epoch: 31 | Batch: 000 | CrossEntropy-loss: 0.23766 | Correct: 1151/1280
Epoch: 31 | Batch: 100 | CrossEntropy-loss: 0.22501 | Correct: 1151/1280
Epoch: 31 | Batch: 200 | CrossEntropy-loss: 0.21478 | Correct: 1140/1280
Epoch: 31 | Batch: 300 | CrossEntropy-loss: 0.22189 | Correct: 1152/1280
Epoch: 31 | Batch: 400 | CrossEntropy-loss: 0.22469 | Correct: 1149/1280
Epoch: 31 | Batch: 500 | CrossEntropy-loss: 0.24659 | Correct: 1140/1280
Epoch: 31 | Batch: 600 | CrossEntropy-loss: 0.23333 | Correct: 1133/1280
Epoch: 31 | Batch: 700 | CrossEntropy-loss: 0.20281 | Correct: 1164/1280
Epoch: 31 | Batch: 800 | CrossEntropy-loss: 0.23601 | Correct: 1127/1280
Epoch: 31 | Batch: 900 | CrossEntropy-loss: 0.23870 | Correct: 1143/1280
Epoch: 31 | Batch: 1000 | CrossEntropy-loss: 0.23588 | Correct: 1150/1280
Epoch: 31 | Batch: 1100 | CrossEntropy-loss: 0.21794 | Correct: 1145/1280
Epoch: 31 | Batch: 1200 | CrossEntropy-loss: 0.20490 | Correct: 1162/1280
Epoch: 31 | Batch: 1300 | CrossEntropy-loss: 0.24099 | Correct: 1148/1280
Epoch: 31 | Batch: 1400 | CrossEntropy-loss: 0.22104 | Correct: 1150/1280
Epoch: 31 | Batch: 1500 | CrossEntropy-loss: 0.25233 | Correct: 1125/1280

Epoch: 31 | Testing Accuracy: 453999/504607 (89.971%) | Historical Best: 90.004%

Epoch: 32 | Batch: 000 | CrossEntropy-loss: 0.22067 | Correct: 1160/1280
Epoch: 32 | Batch: 100 | CrossEntropy-loss: 0.24342 | Correct: 1124/1280
Epoch: 32 | Batch: 200 | CrossEntropy-loss: 0.22915 | Correct: 1148/1280
Epoch: 32 | Batch: 300 | CrossEntropy-loss: 0.23543 | Correct: 1157/1280
Epoch: 32 | Batch: 400 | CrossEntropy-loss: 0.22978 | Correct: 1151/1280
Epoch: 32 | Batch: 500 | CrossEntropy-loss: 0.21411 | Correct: 1149/1280
Epoch: 32 | Batch: 600 | CrossEntropy-loss: 0.22438 | Correct: 1149/1280
Epoch: 32 | Batch: 700 | CrossEntropy-loss: 0.20853 | Correct: 1170/1280
Epoch: 32 | Batch: 800 | CrossEntropy-loss: 0.23462 | Correct: 1136/1280
Epoch: 32 | Batch: 900 | CrossEntropy-loss: 0.20487 | Correct: 1163/1280
Epoch: 32 | Batch: 1000 | CrossEntropy-loss: 0.23688 | Correct: 1143/1280
Epoch: 32 | Batch: 1100 | CrossEntropy-loss: 0.21169 | Correct: 1154/1280
Epoch: 32 | Batch: 1200 | CrossEntropy-loss: 0.22499 | Correct: 1141/1280
Epoch: 32 | Batch: 1300 | CrossEntropy-loss: 0.23478 | Correct: 1136/1280
Epoch: 32 | Batch: 1400 | CrossEntropy-loss: 0.22986 | Correct: 1145/1280
Epoch: 32 | Batch: 1500 | CrossEntropy-loss: 0.21313 | Correct: 1150/1280

Epoch: 32 | Testing Accuracy: 453352/504607 (89.843%) | Historical Best: 90.004%

Epoch: 33 | Batch: 000 | CrossEntropy-loss: 0.21374 | Correct: 1155/1280
Epoch: 33 | Batch: 100 | CrossEntropy-loss: 0.22499 | Correct: 1142/1280
Epoch: 33 | Batch: 200 | CrossEntropy-loss: 0.21331 | Correct: 1155/1280
Epoch: 33 | Batch: 300 | CrossEntropy-loss: 0.21858 | Correct: 1147/1280
Epoch: 33 | Batch: 400 | CrossEntropy-loss: 0.21946 | Correct: 1151/1280
Epoch: 33 | Batch: 500 | CrossEntropy-loss: 0.21840 | Correct: 1142/1280
Epoch: 33 | Batch: 600 | CrossEntropy-loss: 0.23788 | Correct: 1142/1280
Epoch: 33 | Batch: 700 | CrossEntropy-loss: 0.22669 | Correct: 1137/1280
Epoch: 33 | Batch: 800 | CrossEntropy-loss: 0.21307 | Correct: 1153/1280
Epoch: 33 | Batch: 900 | CrossEntropy-loss: 0.24430 | Correct: 1139/1280
Epoch: 33 | Batch: 1000 | CrossEntropy-loss: 0.22561 | Correct: 1139/1280
Epoch: 33 | Batch: 1100 | CrossEntropy-loss: 0.22739 | Correct: 1144/1280
Epoch: 33 | Batch: 1200 | CrossEntropy-loss: 0.20574 | Correct: 1163/1280
Epoch: 33 | Batch: 1300 | CrossEntropy-loss: 0.20858 | Correct: 1153/1280
Epoch: 33 | Batch: 1400 | CrossEntropy-loss: 0.22194 | Correct: 1151/1280
Epoch: 33 | Batch: 1500 | CrossEntropy-loss: 0.21112 | Correct: 1158/1280

Epoch: 33 | Testing Accuracy: 454894/504607 (90.148%) | Historical Best: 90.148%

Epoch: 34 | Batch: 000 | CrossEntropy-loss: 0.24781 | Correct: 1138/1280
Epoch: 34 | Batch: 100 | CrossEntropy-loss: 0.21521 | Correct: 1142/1280
Epoch: 34 | Batch: 200 | CrossEntropy-loss: 0.23930 | Correct: 1149/1280
Epoch: 34 | Batch: 300 | CrossEntropy-loss: 0.21153 | Correct: 1156/1280
Epoch: 34 | Batch: 400 | CrossEntropy-loss: 0.21543 | Correct: 1150/1280
Epoch: 34 | Batch: 500 | CrossEntropy-loss: 0.22718 | Correct: 1146/1280
Epoch: 34 | Batch: 600 | CrossEntropy-loss: 0.24297 | Correct: 1140/1280
Epoch: 34 | Batch: 700 | CrossEntropy-loss: 0.22538 | Correct: 1149/1280
Epoch: 34 | Batch: 800 | CrossEntropy-loss: 0.21236 | Correct: 1153/1280
Epoch: 34 | Batch: 900 | CrossEntropy-loss: 0.21243 | Correct: 1155/1280
Epoch: 34 | Batch: 1000 | CrossEntropy-loss: 0.21809 | Correct: 1147/1280
Epoch: 34 | Batch: 1100 | CrossEntropy-loss: 0.20398 | Correct: 1170/1280
Epoch: 34 | Batch: 1200 | CrossEntropy-loss: 0.22222 | Correct: 1148/1280
Epoch: 34 | Batch: 1300 | CrossEntropy-loss: 0.21929 | Correct: 1157/1280
Epoch: 34 | Batch: 1400 | CrossEntropy-loss: 0.22305 | Correct: 1157/1280
Epoch: 34 | Batch: 1500 | CrossEntropy-loss: 0.22321 | Correct: 1147/1280

Epoch: 34 | Testing Accuracy: 454788/504607 (90.127%) | Historical Best: 90.148%

Epoch: 35 | Batch: 000 | CrossEntropy-loss: 0.23968 | Correct: 1137/1280
Epoch: 35 | Batch: 100 | CrossEntropy-loss: 0.24436 | Correct: 1139/1280
Epoch: 35 | Batch: 200 | CrossEntropy-loss: 0.23675 | Correct: 1147/1280
Epoch: 35 | Batch: 300 | CrossEntropy-loss: 0.24246 | Correct: 1150/1280
Epoch: 35 | Batch: 400 | CrossEntropy-loss: 0.21595 | Correct: 1158/1280
Epoch: 35 | Batch: 500 | CrossEntropy-loss: 0.22422 | Correct: 1150/1280
Epoch: 35 | Batch: 600 | CrossEntropy-loss: 0.21826 | Correct: 1149/1280
Epoch: 35 | Batch: 700 | CrossEntropy-loss: 0.22463 | Correct: 1145/1280
Epoch: 35 | Batch: 800 | CrossEntropy-loss: 0.21366 | Correct: 1138/1280
Epoch: 35 | Batch: 900 | CrossEntropy-loss: 0.23881 | Correct: 1144/1280
Epoch: 35 | Batch: 1000 | CrossEntropy-loss: 0.21124 | Correct: 1157/1280
Epoch: 35 | Batch: 1100 | CrossEntropy-loss: 0.21325 | Correct: 1160/1280
Epoch: 35 | Batch: 1200 | CrossEntropy-loss: 0.24443 | Correct: 1143/1280
Epoch: 35 | Batch: 1300 | CrossEntropy-loss: 0.22172 | Correct: 1152/1280
Epoch: 35 | Batch: 1400 | CrossEntropy-loss: 0.23402 | Correct: 1138/1280
Epoch: 35 | Batch: 1500 | CrossEntropy-loss: 0.22026 | Correct: 1146/1280

Epoch: 35 | Testing Accuracy: 454511/504607 (90.072%) | Historical Best: 90.148%

Epoch: 36 | Batch: 000 | CrossEntropy-loss: 0.25498 | Correct: 1125/1280
Epoch: 36 | Batch: 100 | CrossEntropy-loss: 0.21838 | Correct: 1158/1280
Epoch: 36 | Batch: 200 | CrossEntropy-loss: 0.23672 | Correct: 1141/1280
Epoch: 36 | Batch: 300 | CrossEntropy-loss: 0.22983 | Correct: 1150/1280
Epoch: 36 | Batch: 400 | CrossEntropy-loss: 0.21699 | Correct: 1160/1280
Epoch: 36 | Batch: 500 | CrossEntropy-loss: 0.20140 | Correct: 1153/1280
Epoch: 36 | Batch: 600 | CrossEntropy-loss: 0.22470 | Correct: 1149/1280
Epoch: 36 | Batch: 700 | CrossEntropy-loss: 0.20396 | Correct: 1153/1280
Epoch: 36 | Batch: 800 | CrossEntropy-loss: 0.21483 | Correct: 1142/1280
Epoch: 36 | Batch: 900 | CrossEntropy-loss: 0.23433 | Correct: 1141/1280
Epoch: 36 | Batch: 1000 | CrossEntropy-loss: 0.21951 | Correct: 1155/1280
Epoch: 36 | Batch: 1100 | CrossEntropy-loss: 0.22245 | Correct: 1125/1280
Epoch: 36 | Batch: 1200 | CrossEntropy-loss: 0.20851 | Correct: 1151/1280
Epoch: 36 | Batch: 1300 | CrossEntropy-loss: 0.21214 | Correct: 1165/1280
Epoch: 36 | Batch: 1400 | CrossEntropy-loss: 0.20117 | Correct: 1158/1280
Epoch: 36 | Batch: 1500 | CrossEntropy-loss: 0.21468 | Correct: 1154/1280

Epoch: 36 | Testing Accuracy: 454732/504607 (90.116%) | Historical Best: 90.148%

Epoch: 37 | Batch: 000 | CrossEntropy-loss: 0.21771 | Correct: 1153/1280
Epoch: 37 | Batch: 100 | CrossEntropy-loss: 0.21006 | Correct: 1168/1280
Epoch: 37 | Batch: 200 | CrossEntropy-loss: 0.22507 | Correct: 1135/1280
Epoch: 37 | Batch: 300 | CrossEntropy-loss: 0.24616 | Correct: 1130/1280
Epoch: 37 | Batch: 400 | CrossEntropy-loss: 0.22206 | Correct: 1147/1280
Epoch: 37 | Batch: 500 | CrossEntropy-loss: 0.23602 | Correct: 1141/1280
Epoch: 37 | Batch: 600 | CrossEntropy-loss: 0.18965 | Correct: 1176/1280
Epoch: 37 | Batch: 700 | CrossEntropy-loss: 0.20059 | Correct: 1167/1280
Epoch: 37 | Batch: 800 | CrossEntropy-loss: 0.22154 | Correct: 1141/1280
Epoch: 37 | Batch: 900 | CrossEntropy-loss: 0.22235 | Correct: 1145/1280
Epoch: 37 | Batch: 1000 | CrossEntropy-loss: 0.21520 | Correct: 1150/1280
Epoch: 37 | Batch: 1100 | CrossEntropy-loss: 0.22730 | Correct: 1146/1280
Epoch: 37 | Batch: 1200 | CrossEntropy-loss: 0.23497 | Correct: 1145/1280
Epoch: 37 | Batch: 1300 | CrossEntropy-loss: 0.20639 | Correct: 1156/1280
Epoch: 37 | Batch: 1400 | CrossEntropy-loss: 0.21806 | Correct: 1161/1280
Epoch: 37 | Batch: 1500 | CrossEntropy-loss: 0.21313 | Correct: 1166/1280

Epoch: 37 | Testing Accuracy: 454791/504607 (90.128%) | Historical Best: 90.148%

Epoch: 38 | Batch: 000 | CrossEntropy-loss: 0.24275 | Correct: 1136/1280
Epoch: 38 | Batch: 100 | CrossEntropy-loss: 0.22813 | Correct: 1138/1280
Epoch: 38 | Batch: 200 | CrossEntropy-loss: 0.20736 | Correct: 1159/1280
Epoch: 38 | Batch: 300 | CrossEntropy-loss: 0.19812 | Correct: 1174/1280
Epoch: 38 | Batch: 400 | CrossEntropy-loss: 0.22364 | Correct: 1148/1280
Epoch: 38 | Batch: 500 | CrossEntropy-loss: 0.22048 | Correct: 1164/1280
Epoch: 38 | Batch: 600 | CrossEntropy-loss: 0.20103 | Correct: 1156/1280
Epoch: 38 | Batch: 700 | CrossEntropy-loss: 0.22987 | Correct: 1131/1280
Epoch: 38 | Batch: 800 | CrossEntropy-loss: 0.23170 | Correct: 1152/1280
Epoch: 38 | Batch: 900 | CrossEntropy-loss: 0.20098 | Correct: 1166/1280
Epoch: 38 | Batch: 1000 | CrossEntropy-loss: 0.21112 | Correct: 1163/1280
Epoch: 38 | Batch: 1100 | CrossEntropy-loss: 0.22969 | Correct: 1139/1280
Epoch: 38 | Batch: 1200 | CrossEntropy-loss: 0.21884 | Correct: 1146/1280
Epoch: 38 | Batch: 1300 | CrossEntropy-loss: 0.20931 | Correct: 1153/1280
Epoch: 38 | Batch: 1400 | CrossEntropy-loss: 0.22052 | Correct: 1157/1280
Epoch: 38 | Batch: 1500 | CrossEntropy-loss: 0.21906 | Correct: 1150/1280

Epoch: 38 | Testing Accuracy: 455085/504607 (90.186%) | Historical Best: 90.186%

Epoch: 39 | Batch: 000 | CrossEntropy-loss: 0.22437 | Correct: 1139/1280
Epoch: 39 | Batch: 100 | CrossEntropy-loss: 0.23124 | Correct: 1143/1280
Epoch: 39 | Batch: 200 | CrossEntropy-loss: 0.20801 | Correct: 1151/1280
Epoch: 39 | Batch: 300 | CrossEntropy-loss: 0.21143 | Correct: 1153/1280
Epoch: 39 | Batch: 400 | CrossEntropy-loss: 0.22327 | Correct: 1148/1280
Epoch: 39 | Batch: 500 | CrossEntropy-loss: 0.21828 | Correct: 1152/1280
Epoch: 39 | Batch: 600 | CrossEntropy-loss: 0.21881 | Correct: 1153/1280
Epoch: 39 | Batch: 700 | CrossEntropy-loss: 0.22265 | Correct: 1146/1280
Epoch: 39 | Batch: 800 | CrossEntropy-loss: 0.21517 | Correct: 1149/1280
Epoch: 39 | Batch: 900 | CrossEntropy-loss: 0.22187 | Correct: 1157/1280
Epoch: 39 | Batch: 1000 | CrossEntropy-loss: 0.21746 | Correct: 1155/1280
Epoch: 39 | Batch: 1100 | CrossEntropy-loss: 0.21888 | Correct: 1150/1280
Epoch: 39 | Batch: 1200 | CrossEntropy-loss: 0.22676 | Correct: 1149/1280
Epoch: 39 | Batch: 1300 | CrossEntropy-loss: 0.20551 | Correct: 1157/1280
Epoch: 39 | Batch: 1400 | CrossEntropy-loss: 0.22347 | Correct: 1157/1280
Epoch: 39 | Batch: 1500 | CrossEntropy-loss: 0.21666 | Correct: 1159/1280

Epoch: 39 | Testing Accuracy: 454415/504607 (90.053%) | Historical Best: 90.186%

Epoch: 40 | Batch: 000 | CrossEntropy-loss: 0.22999 | Correct: 1130/1280
Epoch: 40 | Batch: 100 | CrossEntropy-loss: 0.21774 | Correct: 1147/1280
Epoch: 40 | Batch: 200 | CrossEntropy-loss: 0.21753 | Correct: 1143/1280
Epoch: 40 | Batch: 300 | CrossEntropy-loss: 0.22392 | Correct: 1145/1280
Epoch: 40 | Batch: 400 | CrossEntropy-loss: 0.23470 | Correct: 1139/1280
Epoch: 40 | Batch: 500 | CrossEntropy-loss: 0.21000 | Correct: 1154/1280
Epoch: 40 | Batch: 600 | CrossEntropy-loss: 0.22498 | Correct: 1148/1280
Epoch: 40 | Batch: 700 | CrossEntropy-loss: 0.25010 | Correct: 1123/1280
Epoch: 40 | Batch: 800 | CrossEntropy-loss: 0.23875 | Correct: 1130/1280
Epoch: 40 | Batch: 900 | CrossEntropy-loss: 0.24095 | Correct: 1135/1280
Epoch: 40 | Batch: 1000 | CrossEntropy-loss: 0.22957 | Correct: 1147/1280
Epoch: 40 | Batch: 1100 | CrossEntropy-loss: 0.22862 | Correct: 1134/1280
Epoch: 40 | Batch: 1200 | CrossEntropy-loss: 0.22850 | Correct: 1144/1280
Epoch: 40 | Batch: 1300 | CrossEntropy-loss: 0.20233 | Correct: 1162/1280
Epoch: 40 | Batch: 1400 | CrossEntropy-loss: 0.21843 | Correct: 1148/1280
Epoch: 40 | Batch: 1500 | CrossEntropy-loss: 0.21463 | Correct: 1152/1280

Epoch: 40 | Testing Accuracy: 454593/504607 (90.089%) | Historical Best: 90.186%

