compute003
4
/home/zihan/anaconda3/envs/exp/lib/python3.6/site-packages/gym/envs/registration.py:14: PkgResourcesDeprecationWarning: Parameters to load are deprecated.  Call .resolve and .require separately.
  result = entry_point.load(False)
4 2
# of episode :20, reward : 25.0, episode length: 25
# of episode :40, reward : 59.0, episode length: 59
# of episode :60, reward : 15.0, episode length: 15
# of episode :80, reward : 36.0, episode length: 36
# of episode :100, reward : 29.0, episode length: 29
# of episode :120, reward : 18.0, episode length: 18
# of episode :140, reward : 20.0, episode length: 20
# of episode :160, reward : 24.0, episode length: 24
# of episode :180, reward : 16.0, episode length: 16
# of episode :200, reward : 41.0, episode length: 41
# of episode :220, reward : 60.0, episode length: 60
# of episode :240, reward : 32.0, episode length: 32
# of episode :260, reward : 14.0, episode length: 14
# of episode :280, reward : 39.0, episode length: 39
# of episode :300, reward : 28.0, episode length: 28
# of episode :320, reward : 83.0, episode length: 83
# of episode :340, reward : 206.0, episode length: 206
# of episode :360, reward : 127.0, episode length: 127
# of episode :380, reward : 112.0, episode length: 112
# of episode :400, reward : 157.0, episode length: 157
# of episode :420, reward : 215.0, episode length: 215
# of episode :440, reward : 205.0, episode length: 205
# of episode :460, reward : 154.0, episode length: 154
# of episode :480, reward : 204.0, episode length: 204
# of episode :500, reward : 122.0, episode length: 122
# of episode :520, reward : 35.0, episode length: 35
# of episode :540, reward : 288.0, episode length: 288
# of episode :560, reward : 353.0, episode length: 353
# of episode :580, reward : 170.0, episode length: 170
# of episode :600, reward : 198.0, episode length: 198
# of episode :620, reward : 438.0, episode length: 438
# of episode :640, reward : 137.0, episode length: 137
# of episode :660, reward : 236.0, episode length: 236
# of episode :680, reward : 277.0, episode length: 277
# of episode :700, reward : 121.0, episode length: 121
# of episode :720, reward : 216.0, episode length: 216
# of episode :740, reward : 264.0, episode length: 264
# of episode :760, reward : 156.0, episode length: 156
# of episode :780, reward : 190.0, episode length: 190
# of episode :800, reward : 348.0, episode length: 348
# of episode :820, reward : 198.0, episode length: 198
# of episode :840, reward : 163.0, episode length: 163
# of episode :860, reward : 425.0, episode length: 425
# of episode :880, reward : 216.0, episode length: 216
# of episode :900, reward : 483.0, episode length: 483
# of episode :920, reward : 327.0, episode length: 327
# of episode :940, reward : 500.0, episode length: 500
# of episode :960, reward : 224.0, episode length: 224
# of episode :980, reward : 232.0, episode length: 232
# of episode :1000, reward : 158.0, episode length: 158
# of episode :1020, reward : 271.0, episode length: 271
# of episode :1040, reward : 296.0, episode length: 296
# of episode :1060, reward : 258.0, episode length: 258
# of episode :1080, reward : 500.0, episode length: 500
# of episode :1100, reward : 175.0, episode length: 175
# of episode :1120, reward : 441.0, episode length: 441
# of episode :1140, reward : 500.0, episode length: 500
# of episode :1160, reward : 500.0, episode length: 500
# of episode :1180, reward : 500.0, episode length: 500
# of episode :1200, reward : 500.0, episode length: 500
# of episode :1220, reward : 492.0, episode length: 492
# of episode :1240, reward : 304.0, episode length: 304
# of episode :1260, reward : 500.0, episode length: 500
# of episode :1280, reward : 244.0, episode length: 244
# of episode :1300, reward : 500.0, episode length: 500
# of episode :1320, reward : 500.0, episode length: 500
# of episode :1340, reward : 121.0, episode length: 121
# of episode :1360, reward : 336.0, episode length: 336
# of episode :1380, reward : 500.0, episode length: 500
# of episode :1400, reward : 500.0, episode length: 500
# of episode :1420, reward : 500.0, episode length: 500
# of episode :1440, reward : 500.0, episode length: 500
# of episode :1460, reward : 500.0, episode length: 500
# of episode :1480, reward : 500.0, episode length: 500
# of episode :1500, reward : 500.0, episode length: 500
# of episode :1520, reward : 500.0, episode length: 500
# of episode :1540, reward : 500.0, episode length: 500
# of episode :1560, reward : 189.0, episode length: 189
# of episode :1580, reward : 500.0, episode length: 500
# of episode :1600, reward : 500.0, episode length: 500
# of episode :1620, reward : 500.0, episode length: 500
# of episode :1640, reward : 500.0, episode length: 500
# of episode :1660, reward : 500.0, episode length: 500
# of episode :1680, reward : 500.0, episode length: 500
# of episode :1700, reward : 500.0, episode length: 500
# of episode :1720, reward : 500.0, episode length: 500
# of episode :1740, reward : 500.0, episode length: 500
# of episode :1760, reward : 500.0, episode length: 500
# of episode :1780, reward : 500.0, episode length: 500
# of episode :1800, reward : 500.0, episode length: 500
# of episode :1820, reward : 500.0, episode length: 500
# of episode :1840, reward : 500.0, episode length: 500
# of episode :1860, reward : 500.0, episode length: 500
# of episode :1880, reward : 500.0, episode length: 500
# of episode :1900, reward : 500.0, episode length: 500
# of episode :1920, reward : 500.0, episode length: 500
# of episode :1940, reward : 500.0, episode length: 500
# of episode :1960, reward : 500.0, episode length: 500
# of episode :1980, reward : 500.0, episode length: 500
# of episode :2000, reward : 500.0, episode length: 500
# of episode :2020, reward : 500.0, episode length: 500
# of episode :2040, reward : 500.0, episode length: 500
# of episode :2060, reward : 500.0, episode length: 500
# of episode :2080, reward : 500.0, episode length: 500
# of episode :2100, reward : 500.0, episode length: 500
# of episode :2120, reward : 500.0, episode length: 500
# of episode :2140, reward : 500.0, episode length: 500
# of episode :2160, reward : 500.0, episode length: 500
# of episode :2180, reward : 500.0, episode length: 500
# of episode :2200, reward : 500.0, episode length: 500
# of episode :2220, reward : 500.0, episode length: 500
# of episode :2240, reward : 500.0, episode length: 500
# of episode :2260, reward : 500.0, episode length: 500
# of episode :2280, reward : 500.0, episode length: 500
# of episode :2300, reward : 500.0, episode length: 500
# of episode :2320, reward : 500.0, episode length: 500
# of episode :2340, reward : 500.0, episode length: 500
# of episode :2360, reward : 500.0, episode length: 500
# of episode :2380, reward : 500.0, episode length: 500
# of episode :2400, reward : 500.0, episode length: 500
# of episode :2420, reward : 500.0, episode length: 500
# of episode :2440, reward : 500.0, episode length: 500
# of episode :2460, reward : 500.0, episode length: 500
# of episode :2480, reward : 500.0, episode length: 500
# of episode :2500, reward : 500.0, episode length: 500
# of episode :2520, reward : 500.0, episode length: 500
# of episode :2540, reward : 500.0, episode length: 500
# of episode :2560, reward : 500.0, episode length: 500
# of episode :2580, reward : 500.0, episode length: 500
# of episode :2600, reward : 500.0, episode length: 500
# of episode :2620, reward : 500.0, episode length: 500
# of episode :2640, reward : 500.0, episode length: 500
# of episode :2660, reward : 390.0, episode length: 390
# of episode :2680, reward : 500.0, episode length: 500
# of episode :2700, reward : 500.0, episode length: 500
# of episode :2720, reward : 500.0, episode length: 500
# of episode :2740, reward : 500.0, episode length: 500
# of episode :2760, reward : 500.0, episode length: 500
# of episode :2780, reward : 500.0, episode length: 500
# of episode :2800, reward : 500.0, episode length: 500
# of episode :2820, reward : 500.0, episode length: 500
# of episode :2840, reward : 500.0, episode length: 500
# of episode :2860, reward : 500.0, episode length: 500
# of episode :2880, reward : 500.0, episode length: 500
# of episode :2900, reward : 500.0, episode length: 500
# of episode :2920, reward : 500.0, episode length: 500
# of episode :2940, reward : 500.0, episode length: 500
# of episode :2960, reward : 500.0, episode length: 500
# of episode :2980, reward : 500.0, episode length: 500
/home/zihan/anaconda3/envs/exp/lib/python3.6/site-packages/gym/envs/registration.py:14: PkgResourcesDeprecationWarning: Parameters to load are deprecated.  Call .resolve and .require separately.
  result = entry_point.load(False)
4 2
# of episode :20, reward : 20.0, episode length: 20
# of episode :40, reward : 17.0, episode length: 17
# of episode :60, reward : 12.0, episode length: 12
# of episode :80, reward : 22.0, episode length: 22
# of episode :100, reward : 8.0, episode length: 8
# of episode :120, reward : 9.0, episode length: 9
# of episode :140, reward : 12.0, episode length: 12
# of episode :160, reward : 18.0, episode length: 18
# of episode :180, reward : 18.0, episode length: 18
# of episode :200, reward : 45.0, episode length: 45
# of episode :220, reward : 16.0, episode length: 16
# of episode :240, reward : 30.0, episode length: 30
# of episode :260, reward : 13.0, episode length: 13
# of episode :280, reward : 35.0, episode length: 35
# of episode :300, reward : 22.0, episode length: 22
# of episode :320, reward : 42.0, episode length: 42
# of episode :340, reward : 31.0, episode length: 31
# of episode :360, reward : 14.0, episode length: 14
# of episode :380, reward : 26.0, episode length: 26
# of episode :400, reward : 37.0, episode length: 37
# of episode :420, reward : 28.0, episode length: 28
# of episode :440, reward : 26.0, episode length: 26
# of episode :460, reward : 18.0, episode length: 18
# of episode :480, reward : 24.0, episode length: 24
# of episode :500, reward : 24.0, episode length: 24
# of episode :520, reward : 33.0, episode length: 33
# of episode :540, reward : 55.0, episode length: 55
# of episode :560, reward : 52.0, episode length: 52
# of episode :580, reward : 51.0, episode length: 51
# of episode :600, reward : 59.0, episode length: 59
# of episode :620, reward : 100.0, episode length: 100
# of episode :640, reward : 68.0, episode length: 68
# of episode :660, reward : 61.0, episode length: 61
# of episode :680, reward : 57.0, episode length: 57
# of episode :700, reward : 105.0, episode length: 105
# of episode :720, reward : 130.0, episode length: 130
# of episode :740, reward : 132.0, episode length: 132
# of episode :760, reward : 190.0, episode length: 190
# of episode :780, reward : 156.0, episode length: 156
# of episode :800, reward : 171.0, episode length: 171
# of episode :820, reward : 197.0, episode length: 197
# of episode :840, reward : 46.0, episode length: 46
# of episode :860, reward : 288.0, episode length: 288
# of episode :880, reward : 318.0, episode length: 318
# of episode :900, reward : 287.0, episode length: 287
# of episode :920, reward : 261.0, episode length: 261
# of episode :940, reward : 200.0, episode length: 200
# of episode :960, reward : 134.0, episode length: 134
# of episode :980, reward : 423.0, episode length: 423
# of episode :1000, reward : 364.0, episode length: 364
# of episode :1020, reward : 418.0, episode length: 418
# of episode :1040, reward : 247.0, episode length: 247
# of episode :1060, reward : 189.0, episode length: 189
# of episode :1080, reward : 195.0, episode length: 195
# of episode :1100, reward : 440.0, episode length: 440
# of episode :1120, reward : 203.0, episode length: 203
# of episode :1140, reward : 375.0, episode length: 375
# of episode :1160, reward : 220.0, episode length: 220
# of episode :1180, reward : 309.0, episode length: 309
# of episode :1200, reward : 500.0, episode length: 500
# of episode :1220, reward : 314.0, episode length: 314
# of episode :1240, reward : 500.0, episode length: 500
# of episode :1260, reward : 422.0, episode length: 422
# of episode :1280, reward : 353.0, episode length: 353
# of episode :1300, reward : 471.0, episode length: 471
# of episode :1320, reward : 400.0, episode length: 400
# of episode :1340, reward : 489.0, episode length: 489
# of episode :1360, reward : 500.0, episode length: 500
# of episode :1380, reward : 500.0, episode length: 500
# of episode :1400, reward : 476.0, episode length: 476
# of episode :1420, reward : 484.0, episode length: 484
# of episode :1440, reward : 500.0, episode length: 500
# of episode :1460, reward : 500.0, episode length: 500
# of episode :1480, reward : 500.0, episode length: 500
# of episode :1500, reward : 333.0, episode length: 333
# of episode :1520, reward : 301.0, episode length: 301
# of episode :1540, reward : 500.0, episode length: 500
# of episode :1560, reward : 500.0, episode length: 500
# of episode :1580, reward : 500.0, episode length: 500
# of episode :1600, reward : 448.0, episode length: 448
# of episode :1620, reward : 500.0, episode length: 500
# of episode :1640, reward : 500.0, episode length: 500
# of episode :1660, reward : 500.0, episode length: 500
# of episode :1680, reward : 320.0, episode length: 320
# of episode :1700, reward : 500.0, episode length: 500
# of episode :1720, reward : 428.0, episode length: 428
# of episode :1740, reward : 500.0, episode length: 500
# of episode :1760, reward : 500.0, episode length: 500
# of episode :1780, reward : 440.0, episode length: 440
# of episode :1800, reward : 500.0, episode length: 500
# of episode :1820, reward : 500.0, episode length: 500
# of episode :1840, reward : 500.0, episode length: 500
# of episode :1860, reward : 500.0, episode length: 500
# of episode :1880, reward : 500.0, episode length: 500
# of episode :1900, reward : 500.0, episode length: 500
# of episode :1920, reward : 500.0, episode length: 500
# of episode :1940, reward : 230.0, episode length: 230
# of episode :1960, reward : 367.0, episode length: 367
# of episode :1980, reward : 500.0, episode length: 500
# of episode :2000, reward : 500.0, episode length: 500
# of episode :2020, reward : 500.0, episode length: 500
# of episode :2040, reward : 500.0, episode length: 500
# of episode :2060, reward : 500.0, episode length: 500
# of episode :2080, reward : 500.0, episode length: 500
# of episode :2100, reward : 500.0, episode length: 500
# of episode :2120, reward : 500.0, episode length: 500
# of episode :2140, reward : 500.0, episode length: 500
# of episode :2160, reward : 500.0, episode length: 500
# of episode :2180, reward : 500.0, episode length: 500
# of episode :2200, reward : 500.0, episode length: 500
# of episode :2220, reward : 500.0, episode length: 500
# of episode :2240, reward : 500.0, episode length: 500
# of episode :2260, reward : 500.0, episode length: 500
# of episode :2280, reward : 500.0, episode length: 500
# of episode :2300, reward : 500.0, episode length: 500
# of episode :2320, reward : 500.0, episode length: 500
# of episode :2340, reward : 500.0, episode length: 500
# of episode :2360, reward : 500.0, episode length: 500
# of episode :2380, reward : 500.0, episode length: 500
# of episode :2400, reward : 500.0, episode length: 500
# of episode :2420, reward : 500.0, episode length: 500
# of episode :2440, reward : 296.0, episode length: 296
# of episode :2460, reward : 500.0, episode length: 500
# of episode :2480, reward : 500.0, episode length: 500
# of episode :2500, reward : 500.0, episode length: 500
# of episode :2520, reward : 500.0, episode length: 500
# of episode :2540, reward : 500.0, episode length: 500
# of episode :2560, reward : 500.0, episode length: 500
# of episode :2580, reward : 500.0, episode length: 500
# of episode :2600, reward : 500.0, episode length: 500
# of episode :2620, reward : 500.0, episode length: 500
# of episode :2640, reward : 500.0, episode length: 500
# of episode :2660, reward : 500.0, episode length: 500
# of episode :2680, reward : 500.0, episode length: 500
# of episode :2700, reward : 500.0, episode length: 500
# of episode :2720, reward : 500.0, episode length: 500
# of episode :2740, reward : 500.0, episode length: 500
# of episode :2760, reward : 500.0, episode length: 500
# of episode :2780, reward : 500.0, episode length: 500
# of episode :2800, reward : 500.0, episode length: 500
# of episode :2820, reward : 500.0, episode length: 500
# of episode :2840, reward : 500.0, episode length: 500
# of episode :2860, reward : 500.0, episode length: 500
# of episode :2880, reward : 500.0, episode length: 500
# of episode :2900, reward : 500.0, episode length: 500
# of episode :2920, reward : 500.0, episode length: 500
# of episode :2940, reward : 500.0, episode length: 500
# of episode :2960, reward : 500.0, episode length: 500
# of episode :2980, reward : 500.0, episode length: 500
/home/zihan/anaconda3/envs/exp/lib/python3.6/site-packages/gym/envs/registration.py:14: PkgResourcesDeprecationWarning: Parameters to load are deprecated.  Call .resolve and .require separately.
  result = entry_point.load(False)
4 2
# of episode :20, reward : 14.0, episode length: 14
# of episode :40, reward : 17.0, episode length: 17
# of episode :60, reward : 11.0, episode length: 11
# of episode :80, reward : 31.0, episode length: 31
# of episode :100, reward : 17.0, episode length: 17
# of episode :120, reward : 9.0, episode length: 9
# of episode :140, reward : 19.0, episode length: 19
# of episode :160, reward : 18.0, episode length: 18
# of episode :180, reward : 34.0, episode length: 34
# of episode :200, reward : 21.0, episode length: 21
# of episode :220, reward : 36.0, episode length: 36
# of episode :240, reward : 24.0, episode length: 24
# of episode :260, reward : 24.0, episode length: 24
# of episode :280, reward : 97.0, episode length: 97
# of episode :300, reward : 29.0, episode length: 29
# of episode :320, reward : 27.0, episode length: 27
# of episode :340, reward : 41.0, episode length: 41
# of episode :360, reward : 20.0, episode length: 20
# of episode :380, reward : 32.0, episode length: 32
# of episode :400, reward : 38.0, episode length: 38
# of episode :420, reward : 49.0, episode length: 49
# of episode :440, reward : 65.0, episode length: 65
# of episode :460, reward : 83.0, episode length: 83
# of episode :480, reward : 89.0, episode length: 89
# of episode :500, reward : 57.0, episode length: 57
# of episode :520, reward : 77.0, episode length: 77
# of episode :540, reward : 68.0, episode length: 68
# of episode :560, reward : 115.0, episode length: 115
# of episode :580, reward : 46.0, episode length: 46
# of episode :600, reward : 90.0, episode length: 90
# of episode :620, reward : 161.0, episode length: 161
# of episode :640, reward : 159.0, episode length: 159
# of episode :660, reward : 99.0, episode length: 99
# of episode :680, reward : 181.0, episode length: 181
# of episode :700, reward : 82.0, episode length: 82
# of episode :720, reward : 207.0, episode length: 207
# of episode :740, reward : 154.0, episode length: 154
# of episode :760, reward : 155.0, episode length: 155
# of episode :780, reward : 267.0, episode length: 267
# of episode :800, reward : 212.0, episode length: 212
# of episode :820, reward : 234.0, episode length: 234
# of episode :840, reward : 250.0, episode length: 250
# of episode :860, reward : 250.0, episode length: 250
# of episode :880, reward : 478.0, episode length: 478
# of episode :900, reward : 295.0, episode length: 295
# of episode :920, reward : 374.0, episode length: 374
# of episode :940, reward : 122.0, episode length: 122
# of episode :960, reward : 371.0, episode length: 371
# of episode :980, reward : 500.0, episode length: 500
# of episode :1000, reward : 415.0, episode length: 415
# of episode :1020, reward : 500.0, episode length: 500
# of episode :1040, reward : 219.0, episode length: 219
# of episode :1060, reward : 500.0, episode length: 500
# of episode :1080, reward : 500.0, episode length: 500
# of episode :1100, reward : 500.0, episode length: 500
# of episode :1120, reward : 500.0, episode length: 500
# of episode :1140, reward : 153.0, episode length: 153
# of episode :1160, reward : 500.0, episode length: 500
# of episode :1180, reward : 500.0, episode length: 500
# of episode :1200, reward : 500.0, episode length: 500
# of episode :1220, reward : 500.0, episode length: 500
# of episode :1240, reward : 500.0, episode length: 500
# of episode :1260, reward : 500.0, episode length: 500
# of episode :1280, reward : 500.0, episode length: 500
# of episode :1300, reward : 500.0, episode length: 500
# of episode :1320, reward : 500.0, episode length: 500
# of episode :1340, reward : 500.0, episode length: 500
# of episode :1360, reward : 500.0, episode length: 500
# of episode :1380, reward : 500.0, episode length: 500
# of episode :1400, reward : 500.0, episode length: 500
# of episode :1420, reward : 500.0, episode length: 500
# of episode :1440, reward : 500.0, episode length: 500
# of episode :1460, reward : 500.0, episode length: 500
# of episode :1480, reward : 500.0, episode length: 500
# of episode :1500, reward : 500.0, episode length: 500
# of episode :1520, reward : 500.0, episode length: 500
# of episode :1540, reward : 500.0, episode length: 500
# of episode :1560, reward : 500.0, episode length: 500
# of episode :1580, reward : 500.0, episode length: 500
# of episode :1600, reward : 500.0, episode length: 500
# of episode :1620, reward : 500.0, episode length: 500
# of episode :1640, reward : 500.0, episode length: 500
# of episode :1660, reward : 500.0, episode length: 500
# of episode :1680, reward : 500.0, episode length: 500
# of episode :1700, reward : 500.0, episode length: 500
# of episode :1720, reward : 500.0, episode length: 500
# of episode :1740, reward : 500.0, episode length: 500
# of episode :1760, reward : 500.0, episode length: 500
# of episode :1780, reward : 500.0, episode length: 500
# of episode :1800, reward : 500.0, episode length: 500
# of episode :1820, reward : 500.0, episode length: 500
# of episode :1840, reward : 500.0, episode length: 500
# of episode :1860, reward : 500.0, episode length: 500
# of episode :1880, reward : 500.0, episode length: 500
# of episode :1900, reward : 500.0, episode length: 500
# of episode :1920, reward : 500.0, episode length: 500
# of episode :1940, reward : 500.0, episode length: 500
# of episode :1960, reward : 500.0, episode length: 500
# of episode :1980, reward : 500.0, episode length: 500
# of episode :2000, reward : 500.0, episode length: 500
# of episode :2020, reward : 500.0, episode length: 500
# of episode :2040, reward : 500.0, episode length: 500
# of episode :2060, reward : 500.0, episode length: 500
# of episode :2080, reward : 500.0, episode length: 500
# of episode :2100, reward : 500.0, episode length: 500
# of episode :2120, reward : 500.0, episode length: 500
# of episode :2140, reward : 500.0, episode length: 500
# of episode :2160, reward : 500.0, episode length: 500
# of episode :2180, reward : 500.0, episode length: 500
# of episode :2200, reward : 500.0, episode length: 500
# of episode :2220, reward : 500.0, episode length: 500
# of episode :2240, reward : 500.0, episode length: 500
# of episode :2260, reward : 500.0, episode length: 500
# of episode :2280, reward : 500.0, episode length: 500
# of episode :2300, reward : 500.0, episode length: 500
# of episode :2320, reward : 500.0, episode length: 500
# of episode :2340, reward : 500.0, episode length: 500
# of episode :2360, reward : 500.0, episode length: 500
# of episode :2380, reward : 500.0, episode length: 500
# of episode :2400, reward : 500.0, episode length: 500
# of episode :2420, reward : 500.0, episode length: 500
# of episode :2440, reward : 500.0, episode length: 500
# of episode :2460, reward : 500.0, episode length: 500
# of episode :2480, reward : 500.0, episode length: 500
# of episode :2500, reward : 500.0, episode length: 500
# of episode :2520, reward : 500.0, episode length: 500
# of episode :2540, reward : 500.0, episode length: 500
# of episode :2560, reward : 500.0, episode length: 500
# of episode :2580, reward : 500.0, episode length: 500
# of episode :2600, reward : 500.0, episode length: 500
# of episode :2620, reward : 500.0, episode length: 500
# of episode :2640, reward : 500.0, episode length: 500
# of episode :2660, reward : 500.0, episode length: 500
# of episode :2680, reward : 500.0, episode length: 500
# of episode :2700, reward : 500.0, episode length: 500
# of episode :2720, reward : 500.0, episode length: 500
# of episode :2740, reward : 500.0, episode length: 500
# of episode :2760, reward : 500.0, episode length: 500
# of episode :2780, reward : 500.0, episode length: 500
# of episode :2800, reward : 500.0, episode length: 500
# of episode :2820, reward : 500.0, episode length: 500
# of episode :2840, reward : 500.0, episode length: 500
# of episode :2860, reward : 500.0, episode length: 500
# of episode :2880, reward : 500.0, episode length: 500
# of episode :2900, reward : 500.0, episode length: 500
# of episode :2920, reward : 500.0, episode length: 500
# of episode :2940, reward : 500.0, episode length: 500
# of episode :2960, reward : 500.0, episode length: 500
# of episode :2980, reward : 500.0, episode length: 500
