NoDevFiles
/home/zihan/anaconda3/envs/exp/lib/python3.6/site-packages/tensorboard/compat/tensorflow_stub/dtypes.py:541: FutureWarning: Passing (type, 1) or '1type' as a synonym of type is deprecated; in a future version of numpy, it will be understood as (type, (1,)) / '(1,)type'.
  _np_qint8 = np.dtype([("qint8", np.int8, 1)])
/home/zihan/anaconda3/envs/exp/lib/python3.6/site-packages/tensorboard/compat/tensorflow_stub/dtypes.py:542: FutureWarning: Passing (type, 1) or '1type' as a synonym of type is deprecated; in a future version of numpy, it will be understood as (type, (1,)) / '(1,)type'.
  _np_quint8 = np.dtype([("quint8", np.uint8, 1)])
/home/zihan/anaconda3/envs/exp/lib/python3.6/site-packages/tensorboard/compat/tensorflow_stub/dtypes.py:543: FutureWarning: Passing (type, 1) or '1type' as a synonym of type is deprecated; in a future version of numpy, it will be understood as (type, (1,)) / '(1,)type'.
  _np_qint16 = np.dtype([("qint16", np.int16, 1)])
/home/zihan/anaconda3/envs/exp/lib/python3.6/site-packages/tensorboard/compat/tensorflow_stub/dtypes.py:544: FutureWarning: Passing (type, 1) or '1type' as a synonym of type is deprecated; in a future version of numpy, it will be understood as (type, (1,)) / '(1,)type'.
  _np_quint16 = np.dtype([("quint16", np.uint16, 1)])
/home/zihan/anaconda3/envs/exp/lib/python3.6/site-packages/tensorboard/compat/tensorflow_stub/dtypes.py:545: FutureWarning: Passing (type, 1) or '1type' as a synonym of type is deprecated; in a future version of numpy, it will be understood as (type, (1,)) / '(1,)type'.
  _np_qint32 = np.dtype([("qint32", np.int32, 1)])
/home/zihan/anaconda3/envs/exp/lib/python3.6/site-packages/tensorboard/compat/tensorflow_stub/dtypes.py:550: FutureWarning: Passing (type, 1) or '1type' as a synonym of type is deprecated; in a future version of numpy, it will be understood as (type, (1,)) / '(1,)type'.
  np_resource = np.dtype([("resource", np.ubyte, 1)])
Epoch: 01 | Batch: 000 | CrossEntropy-loss: 1.32273 | Correct: 300/1280 | Difference: 7.429381834043753
Epoch: 01 | Batch: 100 | CrossEntropy-loss: 1.24332 | Correct: 543/1280 | Difference: 7.675238083365897
Epoch: 01 | Batch: 200 | CrossEntropy-loss: 1.16186 | Correct: 473/1280 | Difference: 7.3402729668935445
Epoch: 01 | Batch: 300 | CrossEntropy-loss: 1.08652 | Correct: 684/1280 | Difference: 7.100296754051338
Epoch: 01 | Batch: 400 | CrossEntropy-loss: 1.02483 | Correct: 737/1280 | Difference: 7.062993582457397
Epoch: 01 | Batch: 500 | CrossEntropy-loss: 0.96339 | Correct: 831/1280 | Difference: 6.947784145252994
Epoch: 01 | Batch: 600 | CrossEntropy-loss: 0.92945 | Correct: 841/1280 | Difference: 6.5240478432541975
Epoch: 01 | Batch: 700 | CrossEntropy-loss: 0.87281 | Correct: 878/1280 | Difference: 6.216494220790015
Epoch: 01 | Batch: 800 | CrossEntropy-loss: 0.85474 | Correct: 888/1280 | Difference: 5.998104101548073
Epoch: 01 | Batch: 900 | CrossEntropy-loss: 0.80735 | Correct: 904/1280 | Difference: 5.859353078849301
Epoch: 01 | Batch: 1000 | CrossEntropy-loss: 0.75203 | Correct: 937/1280 | Difference: 5.730002088030104
Epoch: 01 | Batch: 1100 | CrossEntropy-loss: 0.74685 | Correct: 919/1280 | Difference: 5.6457151860457095
Epoch: 01 | Batch: 1200 | CrossEntropy-loss: 0.74580 | Correct: 929/1280 | Difference: 5.589937630714122
Epoch: 01 | Batch: 1300 | CrossEntropy-loss: 0.72432 | Correct: 934/1280 | Difference: 5.5428253828074965
Epoch: 01 | Batch: 1400 | CrossEntropy-loss: 0.71956 | Correct: 932/1280 | Difference: 5.475300715909544
Epoch: 01 | Batch: 1500 | CrossEntropy-loss: 0.66051 | Correct: 969/1280 | Difference: 5.420882856146637

Epoch: 01 | Testing Accuracy: 370123/504607 (73.349%) | Historical Best: 73.349% 

Epoch: 02 | Batch: 000 | CrossEntropy-loss: 0.69358 | Correct: 931/1280 | Difference: 5.3868449420195255
Epoch: 02 | Batch: 100 | CrossEntropy-loss: 0.65533 | Correct: 977/1280 | Difference: 5.360627475799266
Epoch: 02 | Batch: 200 | CrossEntropy-loss: 0.61685 | Correct: 963/1280 | Difference: 5.328639456675592
Epoch: 02 | Batch: 300 | CrossEntropy-loss: 0.65671 | Correct: 957/1280 | Difference: 5.319530959845725
Epoch: 02 | Batch: 400 | CrossEntropy-loss: 0.62455 | Correct: 970/1280 | Difference: 5.303003859427425
Epoch: 02 | Batch: 500 | CrossEntropy-loss: 0.66909 | Correct: 941/1280 | Difference: 5.279650838364897
Epoch: 02 | Batch: 600 | CrossEntropy-loss: 0.61271 | Correct: 973/1280 | Difference: 5.256713263562697
Epoch: 02 | Batch: 700 | CrossEntropy-loss: 0.60690 | Correct: 968/1280 | Difference: 5.2416824682327485
Epoch: 02 | Batch: 800 | CrossEntropy-loss: 0.62572 | Correct: 947/1280 | Difference: 5.232888509769974
Epoch: 02 | Batch: 900 | CrossEntropy-loss: 0.57826 | Correct: 991/1280 | Difference: 5.230038300407169
Epoch: 02 | Batch: 1000 | CrossEntropy-loss: 0.57046 | Correct: 1003/1280 | Difference: 5.2218769213827825
Epoch: 02 | Batch: 1100 | CrossEntropy-loss: 0.60562 | Correct: 978/1280 | Difference: 5.237620947661675
Epoch: 02 | Batch: 1200 | CrossEntropy-loss: 0.50603 | Correct: 1050/1280 | Difference: 5.252742548019491
Epoch: 02 | Batch: 1300 | CrossEntropy-loss: 0.56756 | Correct: 998/1280 | Difference: 5.273417694506101
Epoch: 02 | Batch: 1400 | CrossEntropy-loss: 0.53231 | Correct: 1023/1280 | Difference: 5.291574321699194
Epoch: 02 | Batch: 1500 | CrossEntropy-loss: 0.55859 | Correct: 998/1280 | Difference: 5.2976522691961785

Epoch: 02 | Testing Accuracy: 397814/504607 (78.836%) | Historical Best: 78.836% 

Epoch: 03 | Batch: 000 | CrossEntropy-loss: 0.54918 | Correct: 1006/1280 | Difference: 5.281201154407527
Epoch: 03 | Batch: 100 | CrossEntropy-loss: 0.52618 | Correct: 1024/1280 | Difference: 5.253202339116897
Epoch: 03 | Batch: 200 | CrossEntropy-loss: 0.55491 | Correct: 1004/1280 | Difference: 5.228395256627764
Epoch: 03 | Batch: 300 | CrossEntropy-loss: 0.52686 | Correct: 1036/1280 | Difference: 5.2144957668561895
Epoch: 03 | Batch: 400 | CrossEntropy-loss: 0.51406 | Correct: 1022/1280 | Difference: 5.189649800019752
Epoch: 03 | Batch: 500 | CrossEntropy-loss: 0.53551 | Correct: 1025/1280 | Difference: 5.177138254926022
Epoch: 03 | Batch: 600 | CrossEntropy-loss: 0.50304 | Correct: 1045/1280 | Difference: 5.166028646234836
Epoch: 03 | Batch: 700 | CrossEntropy-loss: 0.52918 | Correct: 1027/1280 | Difference: 5.154933480261307
Epoch: 03 | Batch: 800 | CrossEntropy-loss: 0.51753 | Correct: 1020/1280 | Difference: 5.13254276853796
Epoch: 03 | Batch: 900 | CrossEntropy-loss: 0.52833 | Correct: 1017/1280 | Difference: 5.110836041156079
Epoch: 03 | Batch: 1000 | CrossEntropy-loss: 0.50239 | Correct: 1029/1280 | Difference: 5.113221785759799
Epoch: 03 | Batch: 1100 | CrossEntropy-loss: 0.48472 | Correct: 1055/1280 | Difference: 5.133411343450934
Epoch: 03 | Batch: 1200 | CrossEntropy-loss: 0.47077 | Correct: 1042/1280 | Difference: 5.15790867314492
Epoch: 03 | Batch: 1300 | CrossEntropy-loss: 0.52485 | Correct: 1019/1280 | Difference: 5.1932359434518
Epoch: 03 | Batch: 1400 | CrossEntropy-loss: 0.49436 | Correct: 1045/1280 | Difference: 5.224915514592357
Epoch: 03 | Batch: 1500 | CrossEntropy-loss: 0.48162 | Correct: 1047/1280 | Difference: 5.253899779761486

Epoch: 03 | Testing Accuracy: 403761/504607 (80.015%) | Historical Best: 80.015% 

Epoch: 04 | Batch: 000 | CrossEntropy-loss: 0.51431 | Correct: 1015/1280 | Difference: 5.260421865089956
Epoch: 04 | Batch: 100 | CrossEntropy-loss: 0.48377 | Correct: 1030/1280 | Difference: 5.267799196423277
Epoch: 04 | Batch: 200 | CrossEntropy-loss: 0.50208 | Correct: 1013/1280 | Difference: 5.283108473995946
Epoch: 04 | Batch: 300 | CrossEntropy-loss: 0.49946 | Correct: 1034/1280 | Difference: 5.300500096295274
Epoch: 04 | Batch: 400 | CrossEntropy-loss: 0.46986 | Correct: 1050/1280 | Difference: 5.309055493220932
Epoch: 04 | Batch: 500 | CrossEntropy-loss: 0.48033 | Correct: 1056/1280 | Difference: 5.321233822971828
Epoch: 04 | Batch: 600 | CrossEntropy-loss: 0.45590 | Correct: 1066/1280 | Difference: 5.336800255820401
Epoch: 04 | Batch: 700 | CrossEntropy-loss: 0.47832 | Correct: 1032/1280 | Difference: 5.338922757663078
Epoch: 04 | Batch: 800 | CrossEntropy-loss: 0.51881 | Correct: 990/1280 | Difference: 5.347876142200742
Epoch: 04 | Batch: 900 | CrossEntropy-loss: 0.48535 | Correct: 1030/1280 | Difference: 5.354910631154392
Epoch: 04 | Batch: 1000 | CrossEntropy-loss: 0.53074 | Correct: 992/1280 | Difference: 5.361199231308613
Epoch: 04 | Batch: 1100 | CrossEntropy-loss: 0.49494 | Correct: 1024/1280 | Difference: 5.3665257039970795
Epoch: 04 | Batch: 1200 | CrossEntropy-loss: 0.49091 | Correct: 1015/1280 | Difference: 5.378738446344165
Epoch: 04 | Batch: 1300 | CrossEntropy-loss: 0.44731 | Correct: 1036/1280 | Difference: 5.3921018883316965
Epoch: 04 | Batch: 1400 | CrossEntropy-loss: 0.49240 | Correct: 1024/1280 | Difference: 5.39103980818402
Epoch: 04 | Batch: 1500 | CrossEntropy-loss: 0.45541 | Correct: 1057/1280 | Difference: 5.398840464685806

Epoch: 04 | Testing Accuracy: 410184/504607 (81.288%) | Historical Best: 81.288% 

Epoch: 05 | Batch: 000 | CrossEntropy-loss: 0.49557 | Correct: 1048/1280 | Difference: 5.406783617121279
Epoch: 05 | Batch: 100 | CrossEntropy-loss: 0.47613 | Correct: 1029/1280 | Difference: 5.424761143416278
Epoch: 05 | Batch: 200 | CrossEntropy-loss: 0.46992 | Correct: 1047/1280 | Difference: 5.4352630247791485
Epoch: 05 | Batch: 300 | CrossEntropy-loss: 0.47593 | Correct: 1028/1280 | Difference: 5.444663475293726
Epoch: 05 | Batch: 400 | CrossEntropy-loss: 0.52687 | Correct: 1006/1280 | Difference: 5.45915450327151
Epoch: 05 | Batch: 500 | CrossEntropy-loss: 0.44425 | Correct: 1069/1280 | Difference: 5.46944212141965
Epoch: 05 | Batch: 600 | CrossEntropy-loss: 0.45735 | Correct: 1045/1280 | Difference: 5.4778867765241905
Epoch: 05 | Batch: 700 | CrossEntropy-loss: 0.46708 | Correct: 1046/1280 | Difference: 5.492135897479546
Epoch: 05 | Batch: 800 | CrossEntropy-loss: 0.48753 | Correct: 1024/1280 | Difference: 5.507128989757565
Epoch: 05 | Batch: 900 | CrossEntropy-loss: 0.46503 | Correct: 1037/1280 | Difference: 5.516172404782855
Epoch: 05 | Batch: 1000 | CrossEntropy-loss: 0.48678 | Correct: 1022/1280 | Difference: 5.530441566985109
Epoch: 05 | Batch: 1100 | CrossEntropy-loss: 0.46682 | Correct: 1054/1280 | Difference: 5.540034962734216
Epoch: 05 | Batch: 1200 | CrossEntropy-loss: 0.45867 | Correct: 1030/1280 | Difference: 5.556865214984873
Epoch: 05 | Batch: 1300 | CrossEntropy-loss: 0.46668 | Correct: 1031/1280 | Difference: 5.567576850214982
Epoch: 05 | Batch: 1400 | CrossEntropy-loss: 0.41271 | Correct: 1067/1280 | Difference: 5.579427260939071
Epoch: 05 | Batch: 1500 | CrossEntropy-loss: 0.46051 | Correct: 1046/1280 | Difference: 5.591347583603153

Epoch: 05 | Testing Accuracy: 410569/504607 (81.364%) | Historical Best: 81.364% 

Epoch: 06 | Batch: 000 | CrossEntropy-loss: 0.45793 | Correct: 1020/1280 | Difference: 5.597879325073252
Epoch: 06 | Batch: 100 | CrossEntropy-loss: 0.44329 | Correct: 1044/1280 | Difference: 5.612404553253243
Epoch: 06 | Batch: 200 | CrossEntropy-loss: 0.45079 | Correct: 1042/1280 | Difference: 5.63167371231694
Epoch: 06 | Batch: 300 | CrossEntropy-loss: 0.47054 | Correct: 1024/1280 | Difference: 5.639355023049034
Epoch: 06 | Batch: 400 | CrossEntropy-loss: 0.45779 | Correct: 1052/1280 | Difference: 5.648000240681909
Epoch: 06 | Batch: 500 | CrossEntropy-loss: 0.45599 | Correct: 1039/1280 | Difference: 5.660699300591118
Epoch: 06 | Batch: 600 | CrossEntropy-loss: 0.45772 | Correct: 1043/1280 | Difference: 5.668642282609112
Epoch: 06 | Batch: 700 | CrossEntropy-loss: 0.47494 | Correct: 1022/1280 | Difference: 5.672555956418034
Epoch: 06 | Batch: 800 | CrossEntropy-loss: 0.45403 | Correct: 1041/1280 | Difference: 5.673109027451243
Epoch: 06 | Batch: 900 | CrossEntropy-loss: 0.47404 | Correct: 1052/1280 | Difference: 5.680361283138733
Epoch: 06 | Batch: 1000 | CrossEntropy-loss: 0.44733 | Correct: 1050/1280 | Difference: 5.681175992718305
Epoch: 06 | Batch: 1100 | CrossEntropy-loss: 0.45920 | Correct: 1049/1280 | Difference: 5.686448164644059
Epoch: 06 | Batch: 1200 | CrossEntropy-loss: 0.43781 | Correct: 1051/1280 | Difference: 5.687248714506811
Epoch: 06 | Batch: 1300 | CrossEntropy-loss: 0.46822 | Correct: 1023/1280 | Difference: 5.689275312010384
Epoch: 06 | Batch: 1400 | CrossEntropy-loss: 0.48098 | Correct: 1043/1280 | Difference: 5.690643688436783
Epoch: 06 | Batch: 1500 | CrossEntropy-loss: 0.47872 | Correct: 1041/1280 | Difference: 5.695920724194682

Epoch: 06 | Testing Accuracy: 411454/504607 (81.539%) | Historical Best: 81.539% 

Epoch: 07 | Batch: 000 | CrossEntropy-loss: 0.44568 | Correct: 1042/1280 | Difference: 5.695867612265236
Epoch: 07 | Batch: 100 | CrossEntropy-loss: 0.45873 | Correct: 1029/1280 | Difference: 5.694475512724555
Epoch: 07 | Batch: 200 | CrossEntropy-loss: 0.45515 | Correct: 1036/1280 | Difference: 5.693972465122304
Epoch: 07 | Batch: 300 | CrossEntropy-loss: 0.45572 | Correct: 1057/1280 | Difference: 5.6967002637761315
Epoch: 07 | Batch: 400 | CrossEntropy-loss: 0.46425 | Correct: 1039/1280 | Difference: 5.706464878756799
Epoch: 07 | Batch: 500 | CrossEntropy-loss: 0.44525 | Correct: 1022/1280 | Difference: 5.7107153623441835
Epoch: 07 | Batch: 600 | CrossEntropy-loss: 0.45195 | Correct: 1055/1280 | Difference: 5.713860282914959
Epoch: 07 | Batch: 700 | CrossEntropy-loss: 0.47644 | Correct: 1030/1280 | Difference: 5.720825461445623
Epoch: 07 | Batch: 800 | CrossEntropy-loss: 0.45556 | Correct: 1049/1280 | Difference: 5.725260795219147
Epoch: 07 | Batch: 900 | CrossEntropy-loss: 0.44096 | Correct: 1061/1280 | Difference: 5.736367226703369
Epoch: 07 | Batch: 1000 | CrossEntropy-loss: 0.41246 | Correct: 1071/1280 | Difference: 5.746579945212507
Epoch: 07 | Batch: 1100 | CrossEntropy-loss: 0.41449 | Correct: 1071/1280 | Difference: 5.753665931182259
Epoch: 07 | Batch: 1200 | CrossEntropy-loss: 0.46352 | Correct: 1035/1280 | Difference: 5.763511323960775
Epoch: 07 | Batch: 1300 | CrossEntropy-loss: 0.43156 | Correct: 1058/1280 | Difference: 5.772406463752778
Epoch: 07 | Batch: 1400 | CrossEntropy-loss: 0.47663 | Correct: 1022/1280 | Difference: 5.781310624568069
Epoch: 07 | Batch: 1500 | CrossEntropy-loss: 0.44249 | Correct: 1044/1280 | Difference: 5.788477638628611

Epoch: 07 | Testing Accuracy: 413107/504607 (81.867%) | Historical Best: 81.867% 

Epoch: 08 | Batch: 000 | CrossEntropy-loss: 0.47116 | Correct: 1040/1280 | Difference: 5.7926735904852835
Epoch: 08 | Batch: 100 | CrossEntropy-loss: 0.43577 | Correct: 1058/1280 | Difference: 5.805169048844182
Epoch: 08 | Batch: 200 | CrossEntropy-loss: 0.42232 | Correct: 1071/1280 | Difference: 5.813795434668937
Epoch: 08 | Batch: 300 | CrossEntropy-loss: 0.44478 | Correct: 1063/1280 | Difference: 5.818326396759876
Epoch: 08 | Batch: 400 | CrossEntropy-loss: 0.44332 | Correct: 1034/1280 | Difference: 5.821827622954079
Epoch: 08 | Batch: 500 | CrossEntropy-loss: 0.43434 | Correct: 1052/1280 | Difference: 5.824109810296723
Epoch: 08 | Batch: 600 | CrossEntropy-loss: 0.44594 | Correct: 1050/1280 | Difference: 5.8282772068719355
Epoch: 08 | Batch: 700 | CrossEntropy-loss: 0.46851 | Correct: 1033/1280 | Difference: 5.835956042059043
Epoch: 08 | Batch: 800 | CrossEntropy-loss: 0.45139 | Correct: 1044/1280 | Difference: 5.846207864474782
Epoch: 08 | Batch: 900 | CrossEntropy-loss: 0.46200 | Correct: 1045/1280 | Difference: 5.8580918012971965
Epoch: 08 | Batch: 1000 | CrossEntropy-loss: 0.42031 | Correct: 1067/1280 | Difference: 5.865715816276425
Epoch: 08 | Batch: 1100 | CrossEntropy-loss: 0.48016 | Correct: 1025/1280 | Difference: 5.8708800549007
Epoch: 08 | Batch: 1200 | CrossEntropy-loss: 0.46302 | Correct: 1041/1280 | Difference: 5.8740026160462735
Epoch: 08 | Batch: 1300 | CrossEntropy-loss: 0.40978 | Correct: 1076/1280 | Difference: 5.879663430279398
Epoch: 08 | Batch: 1400 | CrossEntropy-loss: 0.44929 | Correct: 1044/1280 | Difference: 5.890430978857258
Epoch: 08 | Batch: 1500 | CrossEntropy-loss: 0.45610 | Correct: 1036/1280 | Difference: 5.899185446914562

Epoch: 08 | Testing Accuracy: 414945/504607 (82.231%) | Historical Best: 82.231% 

Epoch: 09 | Batch: 000 | CrossEntropy-loss: 0.44699 | Correct: 1049/1280 | Difference: 5.908259732308143
Epoch: 09 | Batch: 100 | CrossEntropy-loss: 0.47288 | Correct: 1020/1280 | Difference: 5.910995163148546
Epoch: 09 | Batch: 200 | CrossEntropy-loss: 0.45056 | Correct: 1053/1280 | Difference: 5.9139117839599935
Epoch: 09 | Batch: 300 | CrossEntropy-loss: 0.42751 | Correct: 1060/1280 | Difference: 5.916704428972953
Epoch: 09 | Batch: 400 | CrossEntropy-loss: 0.44944 | Correct: 1046/1280 | Difference: 5.925632758423963
Epoch: 09 | Batch: 500 | CrossEntropy-loss: 0.44328 | Correct: 1045/1280 | Difference: 5.927590397777313
Epoch: 09 | Batch: 600 | CrossEntropy-loss: 0.42967 | Correct: 1064/1280 | Difference: 5.938496010268322
Epoch: 09 | Batch: 700 | CrossEntropy-loss: 0.45175 | Correct: 1047/1280 | Difference: 5.950095914427406
Epoch: 09 | Batch: 800 | CrossEntropy-loss: 0.40556 | Correct: 1077/1280 | Difference: 5.954682982417038
Epoch: 09 | Batch: 900 | CrossEntropy-loss: 0.45425 | Correct: 1046/1280 | Difference: 5.959322625428653
Epoch: 09 | Batch: 1000 | CrossEntropy-loss: 0.44453 | Correct: 1055/1280 | Difference: 5.961496278533927
Epoch: 09 | Batch: 1100 | CrossEntropy-loss: 0.43293 | Correct: 1060/1280 | Difference: 5.970582870656839
Epoch: 09 | Batch: 1200 | CrossEntropy-loss: 0.42251 | Correct: 1065/1280 | Difference: 5.980563805561728
Epoch: 09 | Batch: 1300 | CrossEntropy-loss: 0.45649 | Correct: 1051/1280 | Difference: 5.985068485962442
Epoch: 09 | Batch: 1400 | CrossEntropy-loss: 0.42576 | Correct: 1068/1280 | Difference: 5.9880399523603085
Epoch: 09 | Batch: 1500 | CrossEntropy-loss: 0.43614 | Correct: 1061/1280 | Difference: 5.995667521732143

Epoch: 09 | Testing Accuracy: 415785/504607 (82.398%) | Historical Best: 82.398% 

Epoch: 10 | Batch: 000 | CrossEntropy-loss: 0.41133 | Correct: 1066/1280 | Difference: 5.99847525719761
Epoch: 10 | Batch: 100 | CrossEntropy-loss: 0.43170 | Correct: 1053/1280 | Difference: 6.006467830629303
Epoch: 10 | Batch: 200 | CrossEntropy-loss: 0.41260 | Correct: 1051/1280 | Difference: 6.010914520367264
Epoch: 10 | Batch: 300 | CrossEntropy-loss: 0.42429 | Correct: 1065/1280 | Difference: 6.016882147530309
Epoch: 10 | Batch: 400 | CrossEntropy-loss: 0.44870 | Correct: 1062/1280 | Difference: 6.021701553261122
Epoch: 10 | Batch: 500 | CrossEntropy-loss: 0.44521 | Correct: 1051/1280 | Difference: 6.023241870228416
Epoch: 10 | Batch: 600 | CrossEntropy-loss: 0.43242 | Correct: 1065/1280 | Difference: 6.026586285449779
Epoch: 10 | Batch: 700 | CrossEntropy-loss: 0.46001 | Correct: 1053/1280 | Difference: 6.031372283010027
Epoch: 10 | Batch: 800 | CrossEntropy-loss: 0.42714 | Correct: 1054/1280 | Difference: 6.039080910042143
Epoch: 10 | Batch: 900 | CrossEntropy-loss: 0.44448 | Correct: 1039/1280 | Difference: 6.046113430994778
Epoch: 10 | Batch: 1000 | CrossEntropy-loss: 0.50527 | Correct: 1021/1280 | Difference: 6.0513962423496235
Epoch: 10 | Batch: 1100 | CrossEntropy-loss: 0.43686 | Correct: 1058/1280 | Difference: 6.056305426179646
Epoch: 10 | Batch: 1200 | CrossEntropy-loss: 0.44293 | Correct: 1054/1280 | Difference: 6.058665376454341
Epoch: 10 | Batch: 1300 | CrossEntropy-loss: 0.43832 | Correct: 1052/1280 | Difference: 6.066239239305473
Epoch: 10 | Batch: 1400 | CrossEntropy-loss: 0.40711 | Correct: 1073/1280 | Difference: 6.070582897641911
Epoch: 10 | Batch: 1500 | CrossEntropy-loss: 0.45086 | Correct: 1047/1280 | Difference: 6.075449007395404

Epoch: 10 | Testing Accuracy: 416332/504607 (82.506%) | Historical Best: 82.506% 

Epoch: 11 | Batch: 000 | CrossEntropy-loss: 0.44445 | Correct: 1036/1280 | Difference: 6.075154993573419
Epoch: 11 | Batch: 100 | CrossEntropy-loss: 0.41992 | Correct: 1051/1280 | Difference: 6.0832246045096365
Epoch: 11 | Batch: 200 | CrossEntropy-loss: 0.42497 | Correct: 1055/1280 | Difference: 6.08849292781761
Epoch: 11 | Batch: 300 | CrossEntropy-loss: 0.40640 | Correct: 1067/1280 | Difference: 6.09420318087305
Epoch: 11 | Batch: 400 | CrossEntropy-loss: 0.45446 | Correct: 1055/1280 | Difference: 6.097617726517823
Epoch: 11 | Batch: 500 | CrossEntropy-loss: 0.46030 | Correct: 1041/1280 | Difference: 6.108884474629489
Epoch: 11 | Batch: 600 | CrossEntropy-loss: 0.44662 | Correct: 1052/1280 | Difference: 6.11263855947564
Epoch: 11 | Batch: 700 | CrossEntropy-loss: 0.44969 | Correct: 1040/1280 | Difference: 6.120003897325118
Epoch: 11 | Batch: 800 | CrossEntropy-loss: 0.47255 | Correct: 1036/1280 | Difference: 6.125612674160406
Epoch: 11 | Batch: 900 | CrossEntropy-loss: 0.47264 | Correct: 1044/1280 | Difference: 6.1263803868854705
Epoch: 11 | Batch: 1000 | CrossEntropy-loss: 0.41619 | Correct: 1072/1280 | Difference: 6.1278361503276795
Epoch: 11 | Batch: 1100 | CrossEntropy-loss: 0.39901 | Correct: 1082/1280 | Difference: 6.130151947530434
Epoch: 11 | Batch: 1200 | CrossEntropy-loss: 0.42193 | Correct: 1066/1280 | Difference: 6.132730553166224
Epoch: 11 | Batch: 1300 | CrossEntropy-loss: 0.42820 | Correct: 1056/1280 | Difference: 6.134090774916646
Epoch: 11 | Batch: 1400 | CrossEntropy-loss: 0.42780 | Correct: 1054/1280 | Difference: 6.136988096353347
Epoch: 11 | Batch: 1500 | CrossEntropy-loss: 0.40618 | Correct: 1055/1280 | Difference: 6.139321653995379

Epoch: 11 | Testing Accuracy: 415489/504607 (82.339%) | Historical Best: 82.506% 

Epoch: 12 | Batch: 000 | CrossEntropy-loss: 0.42157 | Correct: 1081/1280 | Difference: 6.137510657141635
Epoch: 12 | Batch: 100 | CrossEntropy-loss: 0.41836 | Correct: 1051/1280 | Difference: 6.1434008442214205
Epoch: 12 | Batch: 200 | CrossEntropy-loss: 0.44938 | Correct: 1047/1280 | Difference: 6.148656839814277
Epoch: 12 | Batch: 300 | CrossEntropy-loss: 0.42885 | Correct: 1056/1280 | Difference: 6.154479019696947
Epoch: 12 | Batch: 400 | CrossEntropy-loss: 0.42389 | Correct: 1046/1280 | Difference: 6.162637097008184
Epoch: 12 | Batch: 500 | CrossEntropy-loss: 0.43108 | Correct: 1056/1280 | Difference: 6.166243124000386
Epoch: 12 | Batch: 600 | CrossEntropy-loss: 0.41531 | Correct: 1057/1280 | Difference: 6.169068408464438
Epoch: 12 | Batch: 700 | CrossEntropy-loss: 0.40494 | Correct: 1086/1280 | Difference: 6.1724455188416245
Epoch: 12 | Batch: 800 | CrossEntropy-loss: 0.42199 | Correct: 1070/1280 | Difference: 6.17535143632652
Epoch: 12 | Batch: 900 | CrossEntropy-loss: 0.43468 | Correct: 1050/1280 | Difference: 6.179848469841301
Epoch: 12 | Batch: 1000 | CrossEntropy-loss: 0.42043 | Correct: 1049/1280 | Difference: 6.187162396734704
Epoch: 12 | Batch: 1100 | CrossEntropy-loss: 0.43311 | Correct: 1045/1280 | Difference: 6.190296839688875
Epoch: 12 | Batch: 1200 | CrossEntropy-loss: 0.47524 | Correct: 1013/1280 | Difference: 6.194102830427203
Epoch: 12 | Batch: 1300 | CrossEntropy-loss: 0.44468 | Correct: 1038/1280 | Difference: 6.197766108204581
Epoch: 12 | Batch: 1400 | CrossEntropy-loss: 0.42365 | Correct: 1046/1280 | Difference: 6.20013310026747
Epoch: 12 | Batch: 1500 | CrossEntropy-loss: 0.46239 | Correct: 1029/1280 | Difference: 6.198413765755451

Epoch: 12 | Testing Accuracy: 413861/504607 (82.016%) | Historical Best: 82.506% 

Epoch: 13 | Batch: 000 | CrossEntropy-loss: 0.43529 | Correct: 1047/1280 | Difference: 6.201489774537444
Epoch: 13 | Batch: 100 | CrossEntropy-loss: 0.46250 | Correct: 1028/1280 | Difference: 6.205978067998278
Epoch: 13 | Batch: 200 | CrossEntropy-loss: 0.41545 | Correct: 1056/1280 | Difference: 6.206741627711276
Epoch: 13 | Batch: 300 | CrossEntropy-loss: 0.42286 | Correct: 1058/1280 | Difference: 6.207754817382868
Epoch: 13 | Batch: 400 | CrossEntropy-loss: 0.45400 | Correct: 1033/1280 | Difference: 6.208673066866088
Epoch: 13 | Batch: 500 | CrossEntropy-loss: 0.43936 | Correct: 1037/1280 | Difference: 6.213437325581149
Epoch: 13 | Batch: 600 | CrossEntropy-loss: 0.42740 | Correct: 1049/1280 | Difference: 6.219277403490091
Epoch: 13 | Batch: 700 | CrossEntropy-loss: 0.43300 | Correct: 1049/1280 | Difference: 6.226486016121166
Epoch: 13 | Batch: 800 | CrossEntropy-loss: 0.47154 | Correct: 1048/1280 | Difference: 6.228602611545179
Epoch: 13 | Batch: 900 | CrossEntropy-loss: 0.42927 | Correct: 1044/1280 | Difference: 6.232367851405693
Epoch: 13 | Batch: 1000 | CrossEntropy-loss: 0.40419 | Correct: 1071/1280 | Difference: 6.230938868420603
Epoch: 13 | Batch: 1100 | CrossEntropy-loss: 0.41984 | Correct: 1053/1280 | Difference: 6.233972097861519
Epoch: 13 | Batch: 1200 | CrossEntropy-loss: 0.44050 | Correct: 1058/1280 | Difference: 6.239418016599197
Epoch: 13 | Batch: 1300 | CrossEntropy-loss: 0.39930 | Correct: 1064/1280 | Difference: 6.240593397726011
Epoch: 13 | Batch: 1400 | CrossEntropy-loss: 0.41152 | Correct: 1058/1280 | Difference: 6.243824624076192
Epoch: 13 | Batch: 1500 | CrossEntropy-loss: 0.42702 | Correct: 1032/1280 | Difference: 6.244992345278556

Epoch: 13 | Testing Accuracy: 413571/504607 (81.959%) | Historical Best: 82.506% 

Epoch: 14 | Batch: 000 | CrossEntropy-loss: 0.43087 | Correct: 1034/1280 | Difference: 6.247221263066369
Epoch: 14 | Batch: 100 | CrossEntropy-loss: 0.46573 | Correct: 1031/1280 | Difference: 6.245925506400349
Epoch: 14 | Batch: 200 | CrossEntropy-loss: 0.45997 | Correct: 1030/1280 | Difference: 6.247378710218877
Epoch: 14 | Batch: 300 | CrossEntropy-loss: 0.42646 | Correct: 1045/1280 | Difference: 6.246135274630328
Epoch: 14 | Batch: 400 | CrossEntropy-loss: 0.47369 | Correct: 1024/1280 | Difference: 6.246661073991968
Epoch: 14 | Batch: 500 | CrossEntropy-loss: 0.46814 | Correct: 1030/1280 | Difference: 6.244401160465609
Epoch: 14 | Batch: 600 | CrossEntropy-loss: 0.42920 | Correct: 1054/1280 | Difference: 6.246804164284081
Epoch: 14 | Batch: 700 | CrossEntropy-loss: 0.41539 | Correct: 1058/1280 | Difference: 6.2484426473200845
Epoch: 14 | Batch: 800 | CrossEntropy-loss: 0.45304 | Correct: 1025/1280 | Difference: 6.248668659170912
Epoch: 14 | Batch: 900 | CrossEntropy-loss: 0.42544 | Correct: 1063/1280 | Difference: 6.249816768946298
Epoch: 14 | Batch: 1000 | CrossEntropy-loss: 0.43320 | Correct: 1043/1280 | Difference: 6.249201147560493
Epoch: 14 | Batch: 1100 | CrossEntropy-loss: 0.39559 | Correct: 1062/1280 | Difference: 6.25132531393127
Epoch: 14 | Batch: 1200 | CrossEntropy-loss: 0.42669 | Correct: 1053/1280 | Difference: 6.248250438058571
Epoch: 14 | Batch: 1300 | CrossEntropy-loss: 0.39827 | Correct: 1070/1280 | Difference: 6.251340373820365
Epoch: 14 | Batch: 1400 | CrossEntropy-loss: 0.45082 | Correct: 1033/1280 | Difference: 6.24745238137353
Epoch: 14 | Batch: 1500 | CrossEntropy-loss: 0.43389 | Correct: 1043/1280 | Difference: 6.246149196988934

Epoch: 14 | Testing Accuracy: 414037/504607 (82.051%) | Historical Best: 82.506% 

Epoch: 15 | Batch: 000 | CrossEntropy-loss: 0.41667 | Correct: 1062/1280 | Difference: 6.2428206215564
Epoch: 15 | Batch: 100 | CrossEntropy-loss: 0.43478 | Correct: 1042/1280 | Difference: 6.241467472908933
Epoch: 15 | Batch: 200 | CrossEntropy-loss: 0.42799 | Correct: 1046/1280 | Difference: 6.237988005073073
Epoch: 15 | Batch: 300 | CrossEntropy-loss: 0.46808 | Correct: 1039/1280 | Difference: 6.237863112212888
Epoch: 15 | Batch: 400 | CrossEntropy-loss: 0.44305 | Correct: 1034/1280 | Difference: 6.238955200949074
Epoch: 15 | Batch: 500 | CrossEntropy-loss: 0.43120 | Correct: 1061/1280 | Difference: 6.240002974956094
Epoch: 15 | Batch: 600 | CrossEntropy-loss: 0.43796 | Correct: 1035/1280 | Difference: 6.235447765328952
Epoch: 15 | Batch: 700 | CrossEntropy-loss: 0.40175 | Correct: 1062/1280 | Difference: 6.233700838116524
Epoch: 15 | Batch: 800 | CrossEntropy-loss: 0.42899 | Correct: 1046/1280 | Difference: 6.231924871624974
Epoch: 15 | Batch: 900 | CrossEntropy-loss: 0.45763 | Correct: 1029/1280 | Difference: 6.232108112078252
Epoch: 15 | Batch: 1000 | CrossEntropy-loss: 0.43516 | Correct: 1045/1280 | Difference: 6.233279068667098
Epoch: 15 | Batch: 1100 | CrossEntropy-loss: 0.44654 | Correct: 1052/1280 | Difference: 6.229700818065094
Epoch: 15 | Batch: 1200 | CrossEntropy-loss: 0.44564 | Correct: 1039/1280 | Difference: 6.233237147502432
Epoch: 15 | Batch: 1300 | CrossEntropy-loss: 0.45212 | Correct: 1036/1280 | Difference: 6.233842261277669
Epoch: 15 | Batch: 1400 | CrossEntropy-loss: 0.42614 | Correct: 1047/1280 | Difference: 6.234779001330235
Epoch: 15 | Batch: 1500 | CrossEntropy-loss: 0.42257 | Correct: 1057/1280 | Difference: 6.233481043931743

Epoch: 15 | Testing Accuracy: 414032/504607 (82.050%) | Historical Best: 82.506% 

Epoch: 16 | Batch: 000 | CrossEntropy-loss: 0.40995 | Correct: 1047/1280 | Difference: 6.234423154445022
Epoch: 16 | Batch: 100 | CrossEntropy-loss: 0.41181 | Correct: 1054/1280 | Difference: 6.236522473078576
Epoch: 16 | Batch: 200 | CrossEntropy-loss: 0.42234 | Correct: 1055/1280 | Difference: 6.238317751591449
Epoch: 16 | Batch: 300 | CrossEntropy-loss: 0.40721 | Correct: 1062/1280 | Difference: 6.237530411617836
Epoch: 16 | Batch: 400 | CrossEntropy-loss: 0.41764 | Correct: 1066/1280 | Difference: 6.236224650772993
Epoch: 16 | Batch: 500 | CrossEntropy-loss: 0.42729 | Correct: 1059/1280 | Difference: 6.237353555307191
Epoch: 16 | Batch: 600 | CrossEntropy-loss: 0.45726 | Correct: 1023/1280 | Difference: 6.237535744647385
Epoch: 16 | Batch: 700 | CrossEntropy-loss: 0.40777 | Correct: 1055/1280 | Difference: 6.236986730469862
Epoch: 16 | Batch: 800 | CrossEntropy-loss: 0.43493 | Correct: 1045/1280 | Difference: 6.236354297627468
Epoch: 16 | Batch: 900 | CrossEntropy-loss: 0.42096 | Correct: 1066/1280 | Difference: 6.235692633698118
Epoch: 16 | Batch: 1000 | CrossEntropy-loss: 0.44682 | Correct: 1032/1280 | Difference: 6.2378979377865384
Epoch: 16 | Batch: 1100 | CrossEntropy-loss: 0.45507 | Correct: 1024/1280 | Difference: 6.2353350252999284
Epoch: 16 | Batch: 1200 | CrossEntropy-loss: 0.42620 | Correct: 1047/1280 | Difference: 6.235842234520742
Epoch: 16 | Batch: 1300 | CrossEntropy-loss: 0.40203 | Correct: 1055/1280 | Difference: 6.232607287751517
Epoch: 16 | Batch: 1400 | CrossEntropy-loss: 0.40747 | Correct: 1066/1280 | Difference: 6.239071093701778
Epoch: 16 | Batch: 1500 | CrossEntropy-loss: 0.40799 | Correct: 1069/1280 | Difference: 6.241080238182104

Epoch: 16 | Testing Accuracy: 414745/504607 (82.192%) | Historical Best: 82.506% 

Epoch: 17 | Batch: 000 | CrossEntropy-loss: 0.41611 | Correct: 1054/1280 | Difference: 6.243473705432034
Epoch: 17 | Batch: 100 | CrossEntropy-loss: 0.42531 | Correct: 1036/1280 | Difference: 6.24419867940399
Epoch: 17 | Batch: 200 | CrossEntropy-loss: 0.42357 | Correct: 1061/1280 | Difference: 6.245346587183331
Epoch: 17 | Batch: 300 | CrossEntropy-loss: 0.42485 | Correct: 1055/1280 | Difference: 6.243739246816613
Epoch: 17 | Batch: 400 | CrossEntropy-loss: 0.39411 | Correct: 1076/1280 | Difference: 6.243348846434156
Epoch: 17 | Batch: 500 | CrossEntropy-loss: 0.42729 | Correct: 1062/1280 | Difference: 6.240089733564883
Epoch: 17 | Batch: 600 | CrossEntropy-loss: 0.39447 | Correct: 1060/1280 | Difference: 6.240998866229557
Epoch: 17 | Batch: 700 | CrossEntropy-loss: 0.41140 | Correct: 1047/1280 | Difference: 6.241307812615769
Epoch: 17 | Batch: 800 | CrossEntropy-loss: 0.43240 | Correct: 1042/1280 | Difference: 6.24312416524138
Epoch: 17 | Batch: 900 | CrossEntropy-loss: 0.45385 | Correct: 1030/1280 | Difference: 6.243639787662897
Epoch: 17 | Batch: 1000 | CrossEntropy-loss: 0.41356 | Correct: 1067/1280 | Difference: 6.243411056512041
Epoch: 17 | Batch: 1100 | CrossEntropy-loss: 0.44686 | Correct: 1035/1280 | Difference: 6.242817003009105
Epoch: 17 | Batch: 1200 | CrossEntropy-loss: 0.42541 | Correct: 1042/1280 | Difference: 6.244990305673337
Epoch: 17 | Batch: 1300 | CrossEntropy-loss: 0.39178 | Correct: 1081/1280 | Difference: 6.2451681288841705
Epoch: 17 | Batch: 1400 | CrossEntropy-loss: 0.43320 | Correct: 1055/1280 | Difference: 6.24273779440794
Epoch: 17 | Batch: 1500 | CrossEntropy-loss: 0.44024 | Correct: 1051/1280 | Difference: 6.239538603487954

Epoch: 17 | Testing Accuracy: 414535/504607 (82.150%) | Historical Best: 82.506% 

Epoch: 18 | Batch: 000 | CrossEntropy-loss: 0.40603 | Correct: 1059/1280 | Difference: 6.245033747400367
Epoch: 18 | Batch: 100 | CrossEntropy-loss: 0.41989 | Correct: 1048/1280 | Difference: 6.245052849746781
Epoch: 18 | Batch: 200 | CrossEntropy-loss: 0.39815 | Correct: 1070/1280 | Difference: 6.242340817323775
Epoch: 18 | Batch: 300 | CrossEntropy-loss: 0.39509 | Correct: 1073/1280 | Difference: 6.243846891480853
Epoch: 18 | Batch: 400 | CrossEntropy-loss: 0.41292 | Correct: 1050/1280 | Difference: 6.2459823094252265
Epoch: 18 | Batch: 500 | CrossEntropy-loss: 0.44269 | Correct: 1039/1280 | Difference: 6.2438020203010005
Epoch: 18 | Batch: 600 | CrossEntropy-loss: 0.43328 | Correct: 1041/1280 | Difference: 6.248207236352965
Epoch: 18 | Batch: 700 | CrossEntropy-loss: 0.39885 | Correct: 1061/1280 | Difference: 6.243984936027328
Epoch: 18 | Batch: 800 | CrossEntropy-loss: 0.41761 | Correct: 1047/1280 | Difference: 6.243525490263192
Epoch: 18 | Batch: 900 | CrossEntropy-loss: 0.39869 | Correct: 1067/1280 | Difference: 6.244857900546986
Epoch: 18 | Batch: 1000 | CrossEntropy-loss: 0.40919 | Correct: 1057/1280 | Difference: 6.241809503777613
Epoch: 18 | Batch: 1100 | CrossEntropy-loss: 0.43472 | Correct: 1045/1280 | Difference: 6.242030200930667
Epoch: 18 | Batch: 1200 | CrossEntropy-loss: 0.40890 | Correct: 1064/1280 | Difference: 6.242227434155421
Epoch: 18 | Batch: 1300 | CrossEntropy-loss: 0.39295 | Correct: 1050/1280 | Difference: 6.241013706578297
Epoch: 18 | Batch: 1400 | CrossEntropy-loss: 0.43466 | Correct: 1038/1280 | Difference: 6.241567953260738
Epoch: 18 | Batch: 1500 | CrossEntropy-loss: 0.40012 | Correct: 1056/1280 | Difference: 6.241945101505035

Epoch: 18 | Testing Accuracy: 415764/504607 (82.394%) | Historical Best: 82.506% 

Epoch: 19 | Batch: 000 | CrossEntropy-loss: 0.41443 | Correct: 1042/1280 | Difference: 6.24361464681736
Epoch: 19 | Batch: 100 | CrossEntropy-loss: 0.41466 | Correct: 1076/1280 | Difference: 6.244422150605015
Epoch: 19 | Batch: 200 | CrossEntropy-loss: 0.45460 | Correct: 1031/1280 | Difference: 6.244692327269359
Epoch: 19 | Batch: 300 | CrossEntropy-loss: 0.41685 | Correct: 1055/1280 | Difference: 6.245598356650799
Epoch: 19 | Batch: 400 | CrossEntropy-loss: 0.40585 | Correct: 1074/1280 | Difference: 6.244260348554445
Epoch: 19 | Batch: 500 | CrossEntropy-loss: 0.43045 | Correct: 1056/1280 | Difference: 6.245354884949148
Epoch: 19 | Batch: 600 | CrossEntropy-loss: 0.41862 | Correct: 1057/1280 | Difference: 6.242355155569594
Epoch: 19 | Batch: 700 | CrossEntropy-loss: 0.43103 | Correct: 1043/1280 | Difference: 6.241583322262368
Epoch: 19 | Batch: 800 | CrossEntropy-loss: 0.43838 | Correct: 1056/1280 | Difference: 6.243199558474071
Epoch: 19 | Batch: 900 | CrossEntropy-loss: 0.41891 | Correct: 1062/1280 | Difference: 6.244144154658198
Epoch: 19 | Batch: 1000 | CrossEntropy-loss: 0.41178 | Correct: 1059/1280 | Difference: 6.2403054083590455
Epoch: 19 | Batch: 1100 | CrossEntropy-loss: 0.40131 | Correct: 1054/1280 | Difference: 6.23841822860798
Epoch: 19 | Batch: 1200 | CrossEntropy-loss: 0.44575 | Correct: 1042/1280 | Difference: 6.241768504729617
Epoch: 19 | Batch: 1300 | CrossEntropy-loss: 0.40528 | Correct: 1061/1280 | Difference: 6.241056299030088
Epoch: 19 | Batch: 1400 | CrossEntropy-loss: 0.42872 | Correct: 1057/1280 | Difference: 6.237814265892876
Epoch: 19 | Batch: 1500 | CrossEntropy-loss: 0.46485 | Correct: 1033/1280 | Difference: 6.23977812715405

Epoch: 19 | Testing Accuracy: 415711/504607 (82.383%) | Historical Best: 82.506% 

Epoch: 20 | Batch: 000 | CrossEntropy-loss: 0.41539 | Correct: 1043/1280 | Difference: 6.2382451387277165
Epoch: 20 | Batch: 100 | CrossEntropy-loss: 0.42159 | Correct: 1056/1280 | Difference: 6.240309859746258
Epoch: 20 | Batch: 200 | CrossEntropy-loss: 0.45958 | Correct: 1021/1280 | Difference: 6.241834427190252
Epoch: 20 | Batch: 300 | CrossEntropy-loss: 0.45140 | Correct: 1038/1280 | Difference: 6.239576708842133
Epoch: 20 | Batch: 400 | CrossEntropy-loss: 0.40029 | Correct: 1065/1280 | Difference: 6.236488368169585
Epoch: 20 | Batch: 500 | CrossEntropy-loss: 0.41788 | Correct: 1050/1280 | Difference: 6.238285200761521
Epoch: 20 | Batch: 600 | CrossEntropy-loss: 0.42789 | Correct: 1041/1280 | Difference: 6.234788738311391
Epoch: 20 | Batch: 700 | CrossEntropy-loss: 0.40352 | Correct: 1067/1280 | Difference: 6.235746579226753
Epoch: 20 | Batch: 800 | CrossEntropy-loss: 0.40183 | Correct: 1065/1280 | Difference: 6.23755314943649
Epoch: 20 | Batch: 900 | CrossEntropy-loss: 0.45291 | Correct: 1020/1280 | Difference: 6.235525926404289
Epoch: 20 | Batch: 1000 | CrossEntropy-loss: 0.45057 | Correct: 1036/1280 | Difference: 6.2344072788293765
Epoch: 20 | Batch: 1100 | CrossEntropy-loss: 0.48341 | Correct: 1023/1280 | Difference: 6.236314861238707
Epoch: 20 | Batch: 1200 | CrossEntropy-loss: 0.43242 | Correct: 1059/1280 | Difference: 6.234449045208958
Epoch: 20 | Batch: 1300 | CrossEntropy-loss: 0.46141 | Correct: 1032/1280 | Difference: 6.2360662149915065
Epoch: 20 | Batch: 1400 | CrossEntropy-loss: 0.38314 | Correct: 1067/1280 | Difference: 6.23410215709394
Epoch: 20 | Batch: 1500 | CrossEntropy-loss: 0.43428 | Correct: 1051/1280 | Difference: 6.232222972943628

Epoch: 20 | Testing Accuracy: 414696/504607 (82.182%) | Historical Best: 82.506% 

Epoch: 21 | Batch: 000 | CrossEntropy-loss: 0.41426 | Correct: 1074/1280 | Difference: 6.2331959188197565
Epoch: 21 | Batch: 100 | CrossEntropy-loss: 0.41061 | Correct: 1046/1280 | Difference: 6.230448020858812
Epoch: 21 | Batch: 200 | CrossEntropy-loss: 0.43410 | Correct: 1052/1280 | Difference: 6.228907685956283
Epoch: 21 | Batch: 300 | CrossEntropy-loss: 0.42318 | Correct: 1069/1280 | Difference: 6.233265316219541
Epoch: 21 | Batch: 400 | CrossEntropy-loss: 0.41993 | Correct: 1054/1280 | Difference: 6.234518021949253
Epoch: 21 | Batch: 500 | CrossEntropy-loss: 0.41321 | Correct: 1062/1280 | Difference: 6.236469520812744
Epoch: 21 | Batch: 600 | CrossEntropy-loss: 0.42767 | Correct: 1048/1280 | Difference: 6.2353379201633565
Epoch: 21 | Batch: 700 | CrossEntropy-loss: 0.39215 | Correct: 1074/1280 | Difference: 6.235689011399
Epoch: 21 | Batch: 800 | CrossEntropy-loss: 0.42895 | Correct: 1044/1280 | Difference: 6.237057038583071
Epoch: 21 | Batch: 900 | CrossEntropy-loss: 0.44350 | Correct: 1035/1280 | Difference: 6.233148949821253
Epoch: 21 | Batch: 1000 | CrossEntropy-loss: 0.41524 | Correct: 1049/1280 | Difference: 6.235292779853108
Epoch: 21 | Batch: 1100 | CrossEntropy-loss: 0.42543 | Correct: 1056/1280 | Difference: 6.234664932784863
Epoch: 21 | Batch: 1200 | CrossEntropy-loss: 0.42531 | Correct: 1054/1280 | Difference: 6.230088509419357
Epoch: 21 | Batch: 1300 | CrossEntropy-loss: 0.40290 | Correct: 1061/1280 | Difference: 6.227533336990955
Epoch: 21 | Batch: 1400 | CrossEntropy-loss: 0.42212 | Correct: 1048/1280 | Difference: 6.22811920730258
Epoch: 21 | Batch: 1500 | CrossEntropy-loss: 0.41103 | Correct: 1055/1280 | Difference: 6.226200318598995

Epoch: 21 | Testing Accuracy: 416528/504607 (82.545%) | Historical Best: 82.545% 

Epoch: 22 | Batch: 000 | CrossEntropy-loss: 0.39616 | Correct: 1078/1280 | Difference: 6.226081776785787
Epoch: 22 | Batch: 100 | CrossEntropy-loss: 0.43317 | Correct: 1061/1280 | Difference: 6.22561670819071
Epoch: 22 | Batch: 200 | CrossEntropy-loss: 0.42014 | Correct: 1052/1280 | Difference: 6.222522933313694
Epoch: 22 | Batch: 300 | CrossEntropy-loss: 0.43085 | Correct: 1059/1280 | Difference: 6.224337567433604
Epoch: 22 | Batch: 400 | CrossEntropy-loss: 0.42286 | Correct: 1043/1280 | Difference: 6.223065137008444
Epoch: 22 | Batch: 500 | CrossEntropy-loss: 0.42504 | Correct: 1062/1280 | Difference: 6.221954189302988
Epoch: 22 | Batch: 600 | CrossEntropy-loss: 0.43652 | Correct: 1028/1280 | Difference: 6.2209660981500114
Epoch: 22 | Batch: 700 | CrossEntropy-loss: 0.42620 | Correct: 1060/1280 | Difference: 6.218028761308442
Epoch: 22 | Batch: 800 | CrossEntropy-loss: 0.44343 | Correct: 1064/1280 | Difference: 6.218362738091155
Epoch: 22 | Batch: 900 | CrossEntropy-loss: 0.42154 | Correct: 1058/1280 | Difference: 6.219546183772973
Epoch: 22 | Batch: 1000 | CrossEntropy-loss: 0.42393 | Correct: 1058/1280 | Difference: 6.212923734121642
Epoch: 22 | Batch: 1100 | CrossEntropy-loss: 0.39527 | Correct: 1062/1280 | Difference: 6.209247167273343
Epoch: 22 | Batch: 1200 | CrossEntropy-loss: 0.41048 | Correct: 1060/1280 | Difference: 6.208338708722504
Epoch: 22 | Batch: 1300 | CrossEntropy-loss: 0.38786 | Correct: 1081/1280 | Difference: 6.2035639171192365
Epoch: 22 | Batch: 1400 | CrossEntropy-loss: 0.42050 | Correct: 1054/1280 | Difference: 6.201745871283702
Epoch: 22 | Batch: 1500 | CrossEntropy-loss: 0.43514 | Correct: 1039/1280 | Difference: 6.199115818333876

Epoch: 22 | Testing Accuracy: 416311/504607 (82.502%) | Historical Best: 82.545% 

Epoch: 23 | Batch: 000 | CrossEntropy-loss: 0.41898 | Correct: 1055/1280 | Difference: 6.198467060432659
Epoch: 23 | Batch: 100 | CrossEntropy-loss: 0.45606 | Correct: 1031/1280 | Difference: 6.197977829888469
Epoch: 23 | Batch: 200 | CrossEntropy-loss: 0.40606 | Correct: 1081/1280 | Difference: 6.1945868218083255
Epoch: 23 | Batch: 300 | CrossEntropy-loss: 0.42966 | Correct: 1059/1280 | Difference: 6.194849175965128
Epoch: 23 | Batch: 400 | CrossEntropy-loss: 0.41584 | Correct: 1061/1280 | Difference: 6.196706072023726
Epoch: 23 | Batch: 500 | CrossEntropy-loss: 0.39254 | Correct: 1066/1280 | Difference: 6.190330571935402
Epoch: 23 | Batch: 600 | CrossEntropy-loss: 0.40898 | Correct: 1053/1280 | Difference: 6.186887064937974
Epoch: 23 | Batch: 700 | CrossEntropy-loss: 0.38649 | Correct: 1067/1280 | Difference: 6.186754270895317
Epoch: 23 | Batch: 800 | CrossEntropy-loss: 0.41651 | Correct: 1062/1280 | Difference: 6.188618277086999
Epoch: 23 | Batch: 900 | CrossEntropy-loss: 0.43024 | Correct: 1027/1280 | Difference: 6.185116790073703
Epoch: 23 | Batch: 1000 | CrossEntropy-loss: 0.40865 | Correct: 1072/1280 | Difference: 6.18086589435573
Epoch: 23 | Batch: 1100 | CrossEntropy-loss: 0.40011 | Correct: 1066/1280 | Difference: 6.181613156081067
Epoch: 23 | Batch: 1200 | CrossEntropy-loss: 0.45340 | Correct: 1047/1280 | Difference: 6.17984915285545
Epoch: 23 | Batch: 1300 | CrossEntropy-loss: 0.45157 | Correct: 1034/1280 | Difference: 6.177609050610652
Epoch: 23 | Batch: 1400 | CrossEntropy-loss: 0.42311 | Correct: 1055/1280 | Difference: 6.175352582086116
Epoch: 23 | Batch: 1500 | CrossEntropy-loss: 0.43876 | Correct: 1062/1280 | Difference: 6.172749095200043

Epoch: 23 | Testing Accuracy: 416285/504607 (82.497%) | Historical Best: 82.545% 

Epoch: 24 | Batch: 000 | CrossEntropy-loss: 0.40043 | Correct: 1070/1280 | Difference: 6.169715521060635
Epoch: 24 | Batch: 100 | CrossEntropy-loss: 0.44044 | Correct: 1055/1280 | Difference: 6.169308995482634
Epoch: 24 | Batch: 200 | CrossEntropy-loss: 0.43386 | Correct: 1054/1280 | Difference: 6.166918232447852
Epoch: 24 | Batch: 300 | CrossEntropy-loss: 0.42619 | Correct: 1050/1280 | Difference: 6.167674799824663
Epoch: 24 | Batch: 400 | CrossEntropy-loss: 0.43075 | Correct: 1052/1280 | Difference: 6.167642699296476
Epoch: 24 | Batch: 500 | CrossEntropy-loss: 0.42325 | Correct: 1042/1280 | Difference: 6.165366185170779
Epoch: 24 | Batch: 600 | CrossEntropy-loss: 0.44474 | Correct: 1037/1280 | Difference: 6.161671735990449
Epoch: 24 | Batch: 700 | CrossEntropy-loss: 0.37965 | Correct: 1080/1280 | Difference: 6.15952239026613
Epoch: 24 | Batch: 800 | CrossEntropy-loss: 0.41236 | Correct: 1057/1280 | Difference: 6.1571049114101974
Epoch: 24 | Batch: 900 | CrossEntropy-loss: 0.41900 | Correct: 1062/1280 | Difference: 6.1554777284220386
Epoch: 24 | Batch: 1000 | CrossEntropy-loss: 0.41804 | Correct: 1070/1280 | Difference: 6.153888643086457
Epoch: 24 | Batch: 1100 | CrossEntropy-loss: 0.41692 | Correct: 1059/1280 | Difference: 6.147607775350689
Epoch: 24 | Batch: 1200 | CrossEntropy-loss: 0.44034 | Correct: 1052/1280 | Difference: 6.1465839901249915
Epoch: 24 | Batch: 1300 | CrossEntropy-loss: 0.41391 | Correct: 1046/1280 | Difference: 6.146469238891068
Epoch: 24 | Batch: 1400 | CrossEntropy-loss: 0.39569 | Correct: 1053/1280 | Difference: 6.144772759526159
Epoch: 24 | Batch: 1500 | CrossEntropy-loss: 0.42009 | Correct: 1037/1280 | Difference: 6.14334583431285

Epoch: 24 | Testing Accuracy: 415942/504607 (82.429%) | Historical Best: 82.545% 

Epoch: 25 | Batch: 000 | CrossEntropy-loss: 0.43232 | Correct: 1056/1280 | Difference: 6.142882073898573
Epoch: 25 | Batch: 100 | CrossEntropy-loss: 0.43222 | Correct: 1050/1280 | Difference: 6.14347127563472
Epoch: 25 | Batch: 200 | CrossEntropy-loss: 0.42877 | Correct: 1054/1280 | Difference: 6.1428974476623175
Epoch: 25 | Batch: 300 | CrossEntropy-loss: 0.44583 | Correct: 1047/1280 | Difference: 6.137476236548746
Epoch: 25 | Batch: 400 | CrossEntropy-loss: 0.39189 | Correct: 1070/1280 | Difference: 6.133886421452399
Epoch: 25 | Batch: 500 | CrossEntropy-loss: 0.41673 | Correct: 1044/1280 | Difference: 6.1317326586833865
Epoch: 25 | Batch: 600 | CrossEntropy-loss: 0.43823 | Correct: 1046/1280 | Difference: 6.13227748423763
Epoch: 25 | Batch: 700 | CrossEntropy-loss: 0.42081 | Correct: 1059/1280 | Difference: 6.131219298873685
Epoch: 25 | Batch: 800 | CrossEntropy-loss: 0.39368 | Correct: 1069/1280 | Difference: 6.128158878931782
Epoch: 25 | Batch: 900 | CrossEntropy-loss: 0.41048 | Correct: 1061/1280 | Difference: 6.1299305529430335
Epoch: 25 | Batch: 1000 | CrossEntropy-loss: 0.44962 | Correct: 1044/1280 | Difference: 6.127424225222267
Epoch: 25 | Batch: 1100 | CrossEntropy-loss: 0.41616 | Correct: 1064/1280 | Difference: 6.123637175015784
Epoch: 25 | Batch: 1200 | CrossEntropy-loss: 0.41966 | Correct: 1055/1280 | Difference: 6.119419173326815
Epoch: 25 | Batch: 1300 | CrossEntropy-loss: 0.43291 | Correct: 1037/1280 | Difference: 6.119148709786014
Epoch: 25 | Batch: 1400 | CrossEntropy-loss: 0.40946 | Correct: 1045/1280 | Difference: 6.115802385644411
Epoch: 25 | Batch: 1500 | CrossEntropy-loss: 0.43281 | Correct: 1055/1280 | Difference: 6.1154863383746765

Epoch: 25 | Testing Accuracy: 415983/504607 (82.437%) | Historical Best: 82.545% 

Epoch: 26 | Batch: 000 | CrossEntropy-loss: 0.42168 | Correct: 1064/1280 | Difference: 6.112553152965329
Epoch: 26 | Batch: 100 | CrossEntropy-loss: 0.42614 | Correct: 1059/1280 | Difference: 6.114013968781574
Epoch: 26 | Batch: 200 | CrossEntropy-loss: 0.41188 | Correct: 1059/1280 | Difference: 6.111626997186459
Epoch: 26 | Batch: 300 | CrossEntropy-loss: 0.39653 | Correct: 1063/1280 | Difference: 6.111623790177173
Epoch: 26 | Batch: 400 | CrossEntropy-loss: 0.41413 | Correct: 1056/1280 | Difference: 6.110976508909726
Epoch: 26 | Batch: 500 | CrossEntropy-loss: 0.43713 | Correct: 1048/1280 | Difference: 6.1113275434438314
Epoch: 26 | Batch: 600 | CrossEntropy-loss: 0.40081 | Correct: 1048/1280 | Difference: 6.110994142658665
Epoch: 26 | Batch: 700 | CrossEntropy-loss: 0.40704 | Correct: 1059/1280 | Difference: 6.108707956886274
Epoch: 26 | Batch: 800 | CrossEntropy-loss: 0.41028 | Correct: 1071/1280 | Difference: 6.103012886809875
Epoch: 26 | Batch: 900 | CrossEntropy-loss: 0.40599 | Correct: 1064/1280 | Difference: 6.094062095162581
Epoch: 26 | Batch: 1000 | CrossEntropy-loss: 0.39606 | Correct: 1073/1280 | Difference: 6.091248836670484
Epoch: 26 | Batch: 1100 | CrossEntropy-loss: 0.40671 | Correct: 1055/1280 | Difference: 6.090206317210896
Epoch: 26 | Batch: 1200 | CrossEntropy-loss: 0.41705 | Correct: 1034/1280 | Difference: 6.088116121409467
Epoch: 26 | Batch: 1300 | CrossEntropy-loss: 0.44596 | Correct: 1034/1280 | Difference: 6.089023318465689
Epoch: 26 | Batch: 1400 | CrossEntropy-loss: 0.44309 | Correct: 1035/1280 | Difference: 6.087553361405508
Epoch: 26 | Batch: 1500 | CrossEntropy-loss: 0.37361 | Correct: 1078/1280 | Difference: 6.086883149572014

Epoch: 26 | Testing Accuracy: 416438/504607 (82.527%) | Historical Best: 82.545% 

Epoch: 27 | Batch: 000 | CrossEntropy-loss: 0.44630 | Correct: 1034/1280 | Difference: 6.0842709390242184
Epoch: 27 | Batch: 100 | CrossEntropy-loss: 0.41981 | Correct: 1053/1280 | Difference: 6.080801144770003
Epoch: 27 | Batch: 200 | CrossEntropy-loss: 0.40948 | Correct: 1081/1280 | Difference: 6.079981302620791
Epoch: 27 | Batch: 300 | CrossEntropy-loss: 0.42111 | Correct: 1050/1280 | Difference: 6.076793145595939
Epoch: 27 | Batch: 400 | CrossEntropy-loss: 0.40561 | Correct: 1060/1280 | Difference: 6.076419966641179
Epoch: 27 | Batch: 500 | CrossEntropy-loss: 0.41191 | Correct: 1059/1280 | Difference: 6.075155510483665
Epoch: 27 | Batch: 600 | CrossEntropy-loss: 0.41058 | Correct: 1051/1280 | Difference: 6.075293989972334
Epoch: 27 | Batch: 700 | CrossEntropy-loss: 0.42211 | Correct: 1056/1280 | Difference: 6.072586399339553
Epoch: 27 | Batch: 800 | CrossEntropy-loss: 0.42246 | Correct: 1061/1280 | Difference: 6.07288841364446
Epoch: 27 | Batch: 900 | CrossEntropy-loss: 0.41902 | Correct: 1054/1280 | Difference: 6.073519760775735
Epoch: 27 | Batch: 1000 | CrossEntropy-loss: 0.41703 | Correct: 1066/1280 | Difference: 6.071158780880278
Epoch: 27 | Batch: 1100 | CrossEntropy-loss: 0.40121 | Correct: 1075/1280 | Difference: 6.070022672855185
Epoch: 27 | Batch: 1200 | CrossEntropy-loss: 0.40686 | Correct: 1081/1280 | Difference: 6.067699770614336
Epoch: 27 | Batch: 1300 | CrossEntropy-loss: 0.40605 | Correct: 1070/1280 | Difference: 6.06905626007595
Epoch: 27 | Batch: 1400 | CrossEntropy-loss: 0.41221 | Correct: 1073/1280 | Difference: 6.063384450386575
Epoch: 27 | Batch: 1500 | CrossEntropy-loss: 0.39120 | Correct: 1077/1280 | Difference: 6.061633197544989

Epoch: 27 | Testing Accuracy: 416321/504607 (82.504%) | Historical Best: 82.545% 

Epoch: 28 | Batch: 000 | CrossEntropy-loss: 0.40834 | Correct: 1055/1280 | Difference: 6.057537450386217
Epoch: 28 | Batch: 100 | CrossEntropy-loss: 0.37642 | Correct: 1086/1280 | Difference: 6.059335883215891
Epoch: 28 | Batch: 200 | CrossEntropy-loss: 0.41191 | Correct: 1057/1280 | Difference: 6.057506049885188
Epoch: 28 | Batch: 300 | CrossEntropy-loss: 0.41683 | Correct: 1061/1280 | Difference: 6.051724414894334
Epoch: 28 | Batch: 400 | CrossEntropy-loss: 0.40346 | Correct: 1065/1280 | Difference: 6.051460671140585
Epoch: 28 | Batch: 500 | CrossEntropy-loss: 0.43821 | Correct: 1051/1280 | Difference: 6.049961817986723
Epoch: 28 | Batch: 600 | CrossEntropy-loss: 0.42541 | Correct: 1057/1280 | Difference: 6.05086587975914
Epoch: 28 | Batch: 700 | CrossEntropy-loss: 0.43890 | Correct: 1052/1280 | Difference: 6.048728454585426
Epoch: 28 | Batch: 800 | CrossEntropy-loss: 0.41981 | Correct: 1044/1280 | Difference: 6.047659786858485
Epoch: 28 | Batch: 900 | CrossEntropy-loss: 0.38984 | Correct: 1086/1280 | Difference: 6.043843755960761
Epoch: 28 | Batch: 1000 | CrossEntropy-loss: 0.44422 | Correct: 1044/1280 | Difference: 6.040341348776774
Epoch: 28 | Batch: 1100 | CrossEntropy-loss: 0.43499 | Correct: 1052/1280 | Difference: 6.03816299805133
Epoch: 28 | Batch: 1200 | CrossEntropy-loss: 0.42833 | Correct: 1046/1280 | Difference: 6.03821678368352
Epoch: 28 | Batch: 1300 | CrossEntropy-loss: 0.42757 | Correct: 1054/1280 | Difference: 6.0366101471774805
Epoch: 28 | Batch: 1400 | CrossEntropy-loss: 0.41998 | Correct: 1054/1280 | Difference: 6.032123132881889
Epoch: 28 | Batch: 1500 | CrossEntropy-loss: 0.41504 | Correct: 1056/1280 | Difference: 6.028063094276359

Epoch: 28 | Testing Accuracy: 415655/504607 (82.372%) | Historical Best: 82.545% 

Epoch: 29 | Batch: 000 | CrossEntropy-loss: 0.42059 | Correct: 1043/1280 | Difference: 6.02527057455357
Epoch: 29 | Batch: 100 | CrossEntropy-loss: 0.41818 | Correct: 1036/1280 | Difference: 6.024822775771309
Epoch: 29 | Batch: 200 | CrossEntropy-loss: 0.39001 | Correct: 1065/1280 | Difference: 6.0258444302055345
Epoch: 29 | Batch: 300 | CrossEntropy-loss: 0.43595 | Correct: 1056/1280 | Difference: 6.020317742404796
Epoch: 29 | Batch: 400 | CrossEntropy-loss: 0.46604 | Correct: 1047/1280 | Difference: 6.017772908559191
Epoch: 29 | Batch: 500 | CrossEntropy-loss: 0.43500 | Correct: 1048/1280 | Difference: 6.011284378590272
Epoch: 29 | Batch: 600 | CrossEntropy-loss: 0.42849 | Correct: 1041/1280 | Difference: 6.009440426485735
Epoch: 29 | Batch: 700 | CrossEntropy-loss: 0.42121 | Correct: 1057/1280 | Difference: 6.008347758226801
Epoch: 29 | Batch: 800 | CrossEntropy-loss: 0.41579 | Correct: 1062/1280 | Difference: 6.008425165088038
Epoch: 29 | Batch: 900 | CrossEntropy-loss: 0.39081 | Correct: 1075/1280 | Difference: 6.007696513839829
Epoch: 29 | Batch: 1000 | CrossEntropy-loss: 0.42393 | Correct: 1037/1280 | Difference: 6.006499700488103
Epoch: 29 | Batch: 1100 | CrossEntropy-loss: 0.41710 | Correct: 1064/1280 | Difference: 6.0064736904644
Epoch: 29 | Batch: 1200 | CrossEntropy-loss: 0.41926 | Correct: 1074/1280 | Difference: 6.0052572936230995
Epoch: 29 | Batch: 1300 | CrossEntropy-loss: 0.42290 | Correct: 1062/1280 | Difference: 6.000772300340241
Epoch: 29 | Batch: 1400 | CrossEntropy-loss: 0.44666 | Correct: 1036/1280 | Difference: 6.002974814280815
Epoch: 29 | Batch: 1500 | CrossEntropy-loss: 0.42303 | Correct: 1061/1280 | Difference: 6.000995046915914

Epoch: 29 | Testing Accuracy: 415907/504607 (82.422%) | Historical Best: 82.545% 

Epoch: 30 | Batch: 000 | CrossEntropy-loss: 0.43721 | Correct: 1041/1280 | Difference: 6.000704501672072
Epoch: 30 | Batch: 100 | CrossEntropy-loss: 0.42815 | Correct: 1051/1280 | Difference: 6.00224098297279
Epoch: 30 | Batch: 200 | CrossEntropy-loss: 0.42042 | Correct: 1044/1280 | Difference: 6.001971115740371
Epoch: 30 | Batch: 300 | CrossEntropy-loss: 0.44245 | Correct: 1046/1280 | Difference: 6.000794024792622
Epoch: 30 | Batch: 400 | CrossEntropy-loss: 0.43810 | Correct: 1037/1280 | Difference: 5.996183441408203
Epoch: 30 | Batch: 500 | CrossEntropy-loss: 0.38861 | Correct: 1076/1280 | Difference: 5.994141759998666
Epoch: 30 | Batch: 600 | CrossEntropy-loss: 0.41643 | Correct: 1058/1280 | Difference: 5.98938244252734
Epoch: 30 | Batch: 700 | CrossEntropy-loss: 0.41963 | Correct: 1065/1280 | Difference: 5.980906015998909
Epoch: 30 | Batch: 800 | CrossEntropy-loss: 0.41363 | Correct: 1041/1280 | Difference: 5.977979903618899
Epoch: 30 | Batch: 900 | CrossEntropy-loss: 0.38901 | Correct: 1064/1280 | Difference: 5.972627926861816
Epoch: 30 | Batch: 1000 | CrossEntropy-loss: 0.41523 | Correct: 1069/1280 | Difference: 5.970462287023776
Epoch: 30 | Batch: 1100 | CrossEntropy-loss: 0.39712 | Correct: 1059/1280 | Difference: 5.967316686397891
Epoch: 30 | Batch: 1200 | CrossEntropy-loss: 0.43343 | Correct: 1049/1280 | Difference: 5.965619150316553
Epoch: 30 | Batch: 1300 | CrossEntropy-loss: 0.38805 | Correct: 1065/1280 | Difference: 5.968073900061637
Epoch: 30 | Batch: 1400 | CrossEntropy-loss: 0.41564 | Correct: 1049/1280 | Difference: 5.964727299713769
Epoch: 30 | Batch: 1500 | CrossEntropy-loss: 0.41095 | Correct: 1062/1280 | Difference: 5.9660060629105205

Epoch: 30 | Testing Accuracy: 415774/504607 (82.396%) | Historical Best: 82.545% 

Epoch: 31 | Batch: 000 | CrossEntropy-loss: 0.44053 | Correct: 1054/1280 | Difference: 5.9640012937727365
Epoch: 31 | Batch: 100 | CrossEntropy-loss: 0.43111 | Correct: 1040/1280 | Difference: 5.9654366953948115
Epoch: 31 | Batch: 200 | CrossEntropy-loss: 0.39423 | Correct: 1075/1280 | Difference: 5.9630412954540875
Epoch: 31 | Batch: 300 | CrossEntropy-loss: 0.43009 | Correct: 1048/1280 | Difference: 5.959968870378572
Epoch: 31 | Batch: 400 | CrossEntropy-loss: 0.42439 | Correct: 1050/1280 | Difference: 5.959631971567643
Epoch: 31 | Batch: 500 | CrossEntropy-loss: 0.44712 | Correct: 1046/1280 | Difference: 5.958265433411936
Epoch: 31 | Batch: 600 | CrossEntropy-loss: 0.40912 | Correct: 1074/1280 | Difference: 5.9556285649198175
Epoch: 31 | Batch: 700 | CrossEntropy-loss: 0.43587 | Correct: 1046/1280 | Difference: 5.952035331825965
Epoch: 31 | Batch: 800 | CrossEntropy-loss: 0.44635 | Correct: 1062/1280 | Difference: 5.948542243106414
Epoch: 31 | Batch: 900 | CrossEntropy-loss: 0.37343 | Correct: 1079/1280 | Difference: 5.94789838453674
Epoch: 31 | Batch: 1000 | CrossEntropy-loss: 0.40428 | Correct: 1075/1280 | Difference: 5.946716734881403
Epoch: 31 | Batch: 1100 | CrossEntropy-loss: 0.42837 | Correct: 1041/1280 | Difference: 5.945598378417555
Epoch: 31 | Batch: 1200 | CrossEntropy-loss: 0.43739 | Correct: 1056/1280 | Difference: 5.945778519095467
Epoch: 31 | Batch: 1300 | CrossEntropy-loss: 0.40760 | Correct: 1063/1280 | Difference: 5.946496733468149
Epoch: 31 | Batch: 1400 | CrossEntropy-loss: 0.41226 | Correct: 1053/1280 | Difference: 5.943410380107008
Epoch: 31 | Batch: 1500 | CrossEntropy-loss: 0.39180 | Correct: 1065/1280 | Difference: 5.940512748653629

Epoch: 31 | Testing Accuracy: 415274/504607 (82.297%) | Historical Best: 82.545% 

Epoch: 32 | Batch: 000 | CrossEntropy-loss: 0.42541 | Correct: 1050/1280 | Difference: 5.940016818942451
Epoch: 32 | Batch: 100 | CrossEntropy-loss: 0.42181 | Correct: 1056/1280 | Difference: 5.936067208142259
Epoch: 32 | Batch: 200 | CrossEntropy-loss: 0.39400 | Correct: 1059/1280 | Difference: 5.933394926267494
Epoch: 32 | Batch: 300 | CrossEntropy-loss: 0.44266 | Correct: 1042/1280 | Difference: 5.932329744610098
Epoch: 32 | Batch: 400 | CrossEntropy-loss: 0.39448 | Correct: 1072/1280 | Difference: 5.9293148729231975
Epoch: 32 | Batch: 500 | CrossEntropy-loss: 0.40925 | Correct: 1062/1280 | Difference: 5.9274011995478135
Epoch: 32 | Batch: 600 | CrossEntropy-loss: 0.41287 | Correct: 1073/1280 | Difference: 5.928841647390283
Epoch: 32 | Batch: 700 | CrossEntropy-loss: 0.43089 | Correct: 1045/1280 | Difference: 5.926043698646237
Epoch: 32 | Batch: 800 | CrossEntropy-loss: 0.41722 | Correct: 1060/1280 | Difference: 5.92522246871543
Epoch: 32 | Batch: 900 | CrossEntropy-loss: 0.39498 | Correct: 1069/1280 | Difference: 5.924107597082394
Epoch: 32 | Batch: 1000 | CrossEntropy-loss: 0.41411 | Correct: 1052/1280 | Difference: 5.925154423554187
Epoch: 32 | Batch: 1100 | CrossEntropy-loss: 0.42956 | Correct: 1032/1280 | Difference: 5.924898428869921
Epoch: 32 | Batch: 1200 | CrossEntropy-loss: 0.38834 | Correct: 1071/1280 | Difference: 5.919719190675306
Epoch: 32 | Batch: 1300 | CrossEntropy-loss: 0.41252 | Correct: 1065/1280 | Difference: 5.91932495463355
Epoch: 32 | Batch: 1400 | CrossEntropy-loss: 0.39241 | Correct: 1081/1280 | Difference: 5.919346617633193
Epoch: 32 | Batch: 1500 | CrossEntropy-loss: 0.41372 | Correct: 1051/1280 | Difference: 5.917050135336678

Epoch: 32 | Testing Accuracy: 415940/504607 (82.429%) | Historical Best: 82.545% 

Epoch: 33 | Batch: 000 | CrossEntropy-loss: 0.43445 | Correct: 1033/1280 | Difference: 5.917092296844413
Epoch: 33 | Batch: 100 | CrossEntropy-loss: 0.42705 | Correct: 1050/1280 | Difference: 5.919222192064109
Epoch: 33 | Batch: 200 | CrossEntropy-loss: 0.46111 | Correct: 1026/1280 | Difference: 5.9193846980672165
Epoch: 33 | Batch: 300 | CrossEntropy-loss: 0.42104 | Correct: 1059/1280 | Difference: 5.91636445783318
Epoch: 33 | Batch: 400 | CrossEntropy-loss: 0.45364 | Correct: 1035/1280 | Difference: 5.914973604987819
Epoch: 33 | Batch: 500 | CrossEntropy-loss: 0.39903 | Correct: 1075/1280 | Difference: 5.914744218207699
Epoch: 33 | Batch: 600 | CrossEntropy-loss: 0.40221 | Correct: 1063/1280 | Difference: 5.911343203684948
Epoch: 33 | Batch: 700 | CrossEntropy-loss: 0.40093 | Correct: 1066/1280 | Difference: 5.908545541325322
Epoch: 33 | Batch: 800 | CrossEntropy-loss: 0.46099 | Correct: 1037/1280 | Difference: 5.9097115197694
Epoch: 33 | Batch: 900 | CrossEntropy-loss: 0.40148 | Correct: 1046/1280 | Difference: 5.905475421870716
Epoch: 33 | Batch: 1000 | CrossEntropy-loss: 0.40565 | Correct: 1069/1280 | Difference: 5.902412604644479
Epoch: 33 | Batch: 1100 | CrossEntropy-loss: 0.43367 | Correct: 1050/1280 | Difference: 5.901077344260767
Epoch: 33 | Batch: 1200 | CrossEntropy-loss: 0.42265 | Correct: 1061/1280 | Difference: 5.9026962137033765
Epoch: 33 | Batch: 1300 | CrossEntropy-loss: 0.40318 | Correct: 1076/1280 | Difference: 5.898521255400039
Epoch: 33 | Batch: 1400 | CrossEntropy-loss: 0.40819 | Correct: 1064/1280 | Difference: 5.897776961141273
Epoch: 33 | Batch: 1500 | CrossEntropy-loss: 0.42424 | Correct: 1062/1280 | Difference: 5.895572864046909

Epoch: 33 | Testing Accuracy: 416129/504607 (82.466%) | Historical Best: 82.545% 

Epoch: 34 | Batch: 000 | CrossEntropy-loss: 0.42186 | Correct: 1042/1280 | Difference: 5.895378983812617
Epoch: 34 | Batch: 100 | CrossEntropy-loss: 0.43478 | Correct: 1056/1280 | Difference: 5.8960098112913615
Epoch: 34 | Batch: 200 | CrossEntropy-loss: 0.37473 | Correct: 1079/1280 | Difference: 5.894568822033972
Epoch: 34 | Batch: 300 | CrossEntropy-loss: 0.39946 | Correct: 1069/1280 | Difference: 5.894651533309326
Epoch: 34 | Batch: 400 | CrossEntropy-loss: 0.42253 | Correct: 1049/1280 | Difference: 5.892440800379274
Epoch: 34 | Batch: 500 | CrossEntropy-loss: 0.43759 | Correct: 1046/1280 | Difference: 5.889721750423843
Epoch: 34 | Batch: 600 | CrossEntropy-loss: 0.43049 | Correct: 1034/1280 | Difference: 5.886900160738361
Epoch: 34 | Batch: 700 | CrossEntropy-loss: 0.39546 | Correct: 1069/1280 | Difference: 5.885129095946678
Epoch: 34 | Batch: 800 | CrossEntropy-loss: 0.41152 | Correct: 1062/1280 | Difference: 5.88388032599708
Epoch: 34 | Batch: 900 | CrossEntropy-loss: 0.41535 | Correct: 1054/1280 | Difference: 5.881417765431462
Epoch: 34 | Batch: 1000 | CrossEntropy-loss: 0.41641 | Correct: 1060/1280 | Difference: 5.883675637564221
Epoch: 34 | Batch: 1100 | CrossEntropy-loss: 0.41073 | Correct: 1074/1280 | Difference: 5.883935525813496
Epoch: 34 | Batch: 1200 | CrossEntropy-loss: 0.41543 | Correct: 1057/1280 | Difference: 5.883145500996972
Epoch: 34 | Batch: 1300 | CrossEntropy-loss: 0.43443 | Correct: 1048/1280 | Difference: 5.880568217067986
Epoch: 34 | Batch: 1400 | CrossEntropy-loss: 0.42068 | Correct: 1059/1280 | Difference: 5.882540120676123
Epoch: 34 | Batch: 1500 | CrossEntropy-loss: 0.43419 | Correct: 1053/1280 | Difference: 5.878073439062274

Epoch: 34 | Testing Accuracy: 415894/504607 (82.419%) | Historical Best: 82.545% 

Epoch: 35 | Batch: 000 | CrossEntropy-loss: 0.42341 | Correct: 1060/1280 | Difference: 5.8755139635070295
Epoch: 35 | Batch: 100 | CrossEntropy-loss: 0.43114 | Correct: 1061/1280 | Difference: 5.871698550185312
Epoch: 35 | Batch: 200 | CrossEntropy-loss: 0.41890 | Correct: 1047/1280 | Difference: 5.870503612823296
Epoch: 35 | Batch: 300 | CrossEntropy-loss: 0.41697 | Correct: 1055/1280 | Difference: 5.867317546213809
Epoch: 35 | Batch: 400 | CrossEntropy-loss: 0.39517 | Correct: 1056/1280 | Difference: 5.869101083084598
Epoch: 35 | Batch: 500 | CrossEntropy-loss: 0.37801 | Correct: 1082/1280 | Difference: 5.863976273493091
Epoch: 35 | Batch: 600 | CrossEntropy-loss: 0.40003 | Correct: 1071/1280 | Difference: 5.861599267675257
Epoch: 35 | Batch: 700 | CrossEntropy-loss: 0.38482 | Correct: 1068/1280 | Difference: 5.859828760680313
Epoch: 35 | Batch: 800 | CrossEntropy-loss: 0.39348 | Correct: 1060/1280 | Difference: 5.857851759068791
Epoch: 35 | Batch: 900 | CrossEntropy-loss: 0.39917 | Correct: 1058/1280 | Difference: 5.856523183723977
Epoch: 35 | Batch: 1000 | CrossEntropy-loss: 0.41975 | Correct: 1049/1280 | Difference: 5.854705175530609
Epoch: 35 | Batch: 1100 | CrossEntropy-loss: 0.41170 | Correct: 1058/1280 | Difference: 5.854425908099285
Epoch: 35 | Batch: 1200 | CrossEntropy-loss: 0.41974 | Correct: 1054/1280 | Difference: 5.854831055916503
Epoch: 35 | Batch: 1300 | CrossEntropy-loss: 0.43286 | Correct: 1057/1280 | Difference: 5.856354967127328
Epoch: 35 | Batch: 1400 | CrossEntropy-loss: 0.37112 | Correct: 1083/1280 | Difference: 5.855506316262887
Epoch: 35 | Batch: 1500 | CrossEntropy-loss: 0.42408 | Correct: 1056/1280 | Difference: 5.855696814928007

Epoch: 35 | Testing Accuracy: 415550/504607 (82.351%) | Historical Best: 82.545% 

Epoch: 36 | Batch: 000 | CrossEntropy-loss: 0.45995 | Correct: 1041/1280 | Difference: 5.85427474769038
Epoch: 36 | Batch: 100 | CrossEntropy-loss: 0.40457 | Correct: 1049/1280 | Difference: 5.853282089516353
Epoch: 36 | Batch: 200 | CrossEntropy-loss: 0.36181 | Correct: 1095/1280 | Difference: 5.852356608714314
Epoch: 36 | Batch: 300 | CrossEntropy-loss: 0.43381 | Correct: 1038/1280 | Difference: 5.852330108890084
Epoch: 36 | Batch: 400 | CrossEntropy-loss: 0.40564 | Correct: 1062/1280 | Difference: 5.850036473162828
Epoch: 36 | Batch: 500 | CrossEntropy-loss: 0.42402 | Correct: 1048/1280 | Difference: 5.845224907653557
Epoch: 36 | Batch: 600 | CrossEntropy-loss: 0.38321 | Correct: 1074/1280 | Difference: 5.844227372683446
Epoch: 36 | Batch: 700 | CrossEntropy-loss: 0.40584 | Correct: 1053/1280 | Difference: 5.842623914177449
Epoch: 36 | Batch: 800 | CrossEntropy-loss: 0.44760 | Correct: 1053/1280 | Difference: 5.840275829625381
Epoch: 36 | Batch: 900 | CrossEntropy-loss: 0.43355 | Correct: 1048/1280 | Difference: 5.838201610353491
Epoch: 36 | Batch: 1000 | CrossEntropy-loss: 0.43027 | Correct: 1049/1280 | Difference: 5.835573436081387
Epoch: 36 | Batch: 1100 | CrossEntropy-loss: 0.44413 | Correct: 1052/1280 | Difference: 5.8348000225525825
Epoch: 36 | Batch: 1200 | CrossEntropy-loss: 0.42299 | Correct: 1054/1280 | Difference: 5.835930774021318
Epoch: 36 | Batch: 1300 | CrossEntropy-loss: 0.41660 | Correct: 1029/1280 | Difference: 5.832793389872887
Epoch: 36 | Batch: 1400 | CrossEntropy-loss: 0.41769 | Correct: 1055/1280 | Difference: 5.830374992452772
Epoch: 36 | Batch: 1500 | CrossEntropy-loss: 0.39915 | Correct: 1065/1280 | Difference: 5.831957494611044

Epoch: 36 | Testing Accuracy: 415760/504607 (82.393%) | Historical Best: 82.545% 

Epoch: 37 | Batch: 000 | CrossEntropy-loss: 0.39950 | Correct: 1050/1280 | Difference: 5.82876592885462
Epoch: 37 | Batch: 100 | CrossEntropy-loss: 0.42031 | Correct: 1060/1280 | Difference: 5.828932790843493
Epoch: 37 | Batch: 200 | CrossEntropy-loss: 0.37874 | Correct: 1085/1280 | Difference: 5.827909831905555
Epoch: 37 | Batch: 300 | CrossEntropy-loss: 0.43420 | Correct: 1040/1280 | Difference: 5.829051963966987
Epoch: 37 | Batch: 400 | CrossEntropy-loss: 0.41600 | Correct: 1053/1280 | Difference: 5.82871068070038
Epoch: 37 | Batch: 500 | CrossEntropy-loss: 0.40467 | Correct: 1080/1280 | Difference: 5.8217990663253945
Epoch: 37 | Batch: 600 | CrossEntropy-loss: 0.42099 | Correct: 1055/1280 | Difference: 5.820208074587055
Epoch: 37 | Batch: 700 | CrossEntropy-loss: 0.40942 | Correct: 1068/1280 | Difference: 5.817301277999133
Epoch: 37 | Batch: 800 | CrossEntropy-loss: 0.43710 | Correct: 1053/1280 | Difference: 5.814508835454245
Epoch: 37 | Batch: 900 | CrossEntropy-loss: 0.40744 | Correct: 1060/1280 | Difference: 5.813455187435676
Epoch: 37 | Batch: 1000 | CrossEntropy-loss: 0.42550 | Correct: 1059/1280 | Difference: 5.811641140102648
Epoch: 37 | Batch: 1100 | CrossEntropy-loss: 0.42892 | Correct: 1053/1280 | Difference: 5.814461383797817
Epoch: 37 | Batch: 1200 | CrossEntropy-loss: 0.41122 | Correct: 1060/1280 | Difference: 5.813381269054145
Epoch: 37 | Batch: 1300 | CrossEntropy-loss: 0.40044 | Correct: 1059/1280 | Difference: 5.810648134556897
Epoch: 37 | Batch: 1400 | CrossEntropy-loss: 0.44769 | Correct: 1042/1280 | Difference: 5.81012420373757
Epoch: 37 | Batch: 1500 | CrossEntropy-loss: 0.40574 | Correct: 1075/1280 | Difference: 5.811252783638548

Epoch: 37 | Testing Accuracy: 415868/504607 (82.414%) | Historical Best: 82.545% 

Epoch: 38 | Batch: 000 | CrossEntropy-loss: 0.42700 | Correct: 1048/1280 | Difference: 5.811730253509023
Epoch: 38 | Batch: 100 | CrossEntropy-loss: 0.39179 | Correct: 1083/1280 | Difference: 5.8118336197551175
Epoch: 38 | Batch: 200 | CrossEntropy-loss: 0.42706 | Correct: 1041/1280 | Difference: 5.807879271455232
Epoch: 38 | Batch: 300 | CrossEntropy-loss: 0.41527 | Correct: 1047/1280 | Difference: 5.804314116303641
Epoch: 38 | Batch: 400 | CrossEntropy-loss: 0.41598 | Correct: 1041/1280 | Difference: 5.801206837389583
Epoch: 38 | Batch: 500 | CrossEntropy-loss: 0.43225 | Correct: 1040/1280 | Difference: 5.79723410155587
Epoch: 38 | Batch: 600 | CrossEntropy-loss: 0.40843 | Correct: 1050/1280 | Difference: 5.801059310175543
Epoch: 38 | Batch: 700 | CrossEntropy-loss: 0.42817 | Correct: 1040/1280 | Difference: 5.800417400565704
Epoch: 38 | Batch: 800 | CrossEntropy-loss: 0.42677 | Correct: 1056/1280 | Difference: 5.79974060866719
Epoch: 38 | Batch: 900 | CrossEntropy-loss: 0.38143 | Correct: 1074/1280 | Difference: 5.796124629269099
Epoch: 38 | Batch: 1000 | CrossEntropy-loss: 0.44519 | Correct: 1034/1280 | Difference: 5.795853317180655
Epoch: 38 | Batch: 1100 | CrossEntropy-loss: 0.44740 | Correct: 1035/1280 | Difference: 5.7944091342326205
Epoch: 38 | Batch: 1200 | CrossEntropy-loss: 0.45237 | Correct: 1032/1280 | Difference: 5.789704498339444
Epoch: 38 | Batch: 1300 | CrossEntropy-loss: 0.42118 | Correct: 1065/1280 | Difference: 5.789347596486761
Epoch: 38 | Batch: 1400 | CrossEntropy-loss: 0.43325 | Correct: 1049/1280 | Difference: 5.787543751143159
Epoch: 38 | Batch: 1500 | CrossEntropy-loss: 0.43526 | Correct: 1044/1280 | Difference: 5.789989876637475

Epoch: 38 | Testing Accuracy: 415293/504607 (82.300%) | Historical Best: 82.545% 

Epoch: 39 | Batch: 000 | CrossEntropy-loss: 0.42091 | Correct: 1042/1280 | Difference: 5.790487699891156
Epoch: 39 | Batch: 100 | CrossEntropy-loss: 0.47310 | Correct: 1023/1280 | Difference: 5.789038319850289
Epoch: 39 | Batch: 200 | CrossEntropy-loss: 0.41867 | Correct: 1059/1280 | Difference: 5.783107036393841
Epoch: 39 | Batch: 300 | CrossEntropy-loss: 0.40816 | Correct: 1056/1280 | Difference: 5.783778196240957
Epoch: 39 | Batch: 400 | CrossEntropy-loss: 0.43385 | Correct: 1040/1280 | Difference: 5.783926947409992
Epoch: 39 | Batch: 500 | CrossEntropy-loss: 0.43811 | Correct: 1069/1280 | Difference: 5.783531926654388
Epoch: 39 | Batch: 600 | CrossEntropy-loss: 0.37367 | Correct: 1086/1280 | Difference: 5.780886215263519
Epoch: 39 | Batch: 700 | CrossEntropy-loss: 0.44609 | Correct: 1050/1280 | Difference: 5.783984926791374
Epoch: 39 | Batch: 800 | CrossEntropy-loss: 0.42276 | Correct: 1053/1280 | Difference: 5.781035882308271
Epoch: 39 | Batch: 900 | CrossEntropy-loss: 0.43120 | Correct: 1044/1280 | Difference: 5.777358026767826
Epoch: 39 | Batch: 1000 | CrossEntropy-loss: 0.37930 | Correct: 1064/1280 | Difference: 5.774452342149954
Epoch: 39 | Batch: 1100 | CrossEntropy-loss: 0.43233 | Correct: 1032/1280 | Difference: 5.774380300488912
Epoch: 39 | Batch: 1200 | CrossEntropy-loss: 0.43614 | Correct: 1047/1280 | Difference: 5.770841892898017
Epoch: 39 | Batch: 1300 | CrossEntropy-loss: 0.40466 | Correct: 1040/1280 | Difference: 5.768634989388585
Epoch: 39 | Batch: 1400 | CrossEntropy-loss: 0.43086 | Correct: 1048/1280 | Difference: 5.768691028152017
Epoch: 39 | Batch: 1500 | CrossEntropy-loss: 0.39996 | Correct: 1051/1280 | Difference: 5.768223919309304

Epoch: 39 | Testing Accuracy: 415959/504607 (82.432%) | Historical Best: 82.545% 

Epoch: 40 | Batch: 000 | CrossEntropy-loss: 0.43450 | Correct: 1051/1280 | Difference: 5.766779065019574
Epoch: 40 | Batch: 100 | CrossEntropy-loss: 0.43864 | Correct: 1048/1280 | Difference: 5.766412104120019
Epoch: 40 | Batch: 200 | CrossEntropy-loss: 0.45173 | Correct: 1038/1280 | Difference: 5.7643612469075665
Epoch: 40 | Batch: 300 | CrossEntropy-loss: 0.42147 | Correct: 1040/1280 | Difference: 5.760029194211012
Epoch: 40 | Batch: 400 | CrossEntropy-loss: 0.41355 | Correct: 1057/1280 | Difference: 5.758862406227519
Epoch: 40 | Batch: 500 | CrossEntropy-loss: 0.40134 | Correct: 1066/1280 | Difference: 5.760849575665799
Epoch: 40 | Batch: 600 | CrossEntropy-loss: 0.45922 | Correct: 1056/1280 | Difference: 5.760392272848759
Epoch: 40 | Batch: 700 | CrossEntropy-loss: 0.44078 | Correct: 1040/1280 | Difference: 5.75704336411057
Epoch: 40 | Batch: 800 | CrossEntropy-loss: 0.43219 | Correct: 1053/1280 | Difference: 5.754155871542236
Epoch: 40 | Batch: 900 | CrossEntropy-loss: 0.42594 | Correct: 1051/1280 | Difference: 5.753105920612353
Epoch: 40 | Batch: 1000 | CrossEntropy-loss: 0.43902 | Correct: 1029/1280 | Difference: 5.753732898453014
Epoch: 40 | Batch: 1100 | CrossEntropy-loss: 0.42954 | Correct: 1046/1280 | Difference: 5.754463502922801
Epoch: 40 | Batch: 1200 | CrossEntropy-loss: 0.42731 | Correct: 1043/1280 | Difference: 5.75410115169164
Epoch: 40 | Batch: 1300 | CrossEntropy-loss: 0.41630 | Correct: 1059/1280 | Difference: 5.749206847951638
Epoch: 40 | Batch: 1400 | CrossEntropy-loss: 0.41747 | Correct: 1053/1280 | Difference: 5.750570892360185
Epoch: 40 | Batch: 1500 | CrossEntropy-loss: 0.42235 | Correct: 1047/1280 | Difference: 5.750343102543622

Epoch: 40 | Testing Accuracy: 415713/504607 (82.384%) | Historical Best: 82.545% 

