compute003
5
/home/zihan/anaconda3/envs/exp/lib/python3.6/site-packages/tensorboard/compat/tensorflow_stub/dtypes.py:541: FutureWarning: Passing (type, 1) or '1type' as a synonym of type is deprecated; in a future version of numpy, it will be understood as (type, (1,)) / '(1,)type'.
  _np_qint8 = np.dtype([("qint8", np.int8, 1)])
/home/zihan/anaconda3/envs/exp/lib/python3.6/site-packages/tensorboard/compat/tensorflow_stub/dtypes.py:542: FutureWarning: Passing (type, 1) or '1type' as a synonym of type is deprecated; in a future version of numpy, it will be understood as (type, (1,)) / '(1,)type'.
  _np_quint8 = np.dtype([("quint8", np.uint8, 1)])
/home/zihan/anaconda3/envs/exp/lib/python3.6/site-packages/tensorboard/compat/tensorflow_stub/dtypes.py:543: FutureWarning: Passing (type, 1) or '1type' as a synonym of type is deprecated; in a future version of numpy, it will be understood as (type, (1,)) / '(1,)type'.
  _np_qint16 = np.dtype([("qint16", np.int16, 1)])
/home/zihan/anaconda3/envs/exp/lib/python3.6/site-packages/tensorboard/compat/tensorflow_stub/dtypes.py:544: FutureWarning: Passing (type, 1) or '1type' as a synonym of type is deprecated; in a future version of numpy, it will be understood as (type, (1,)) / '(1,)type'.
  _np_quint16 = np.dtype([("quint16", np.uint16, 1)])
/home/zihan/anaconda3/envs/exp/lib/python3.6/site-packages/tensorboard/compat/tensorflow_stub/dtypes.py:545: FutureWarning: Passing (type, 1) or '1type' as a synonym of type is deprecated; in a future version of numpy, it will be understood as (type, (1,)) / '(1,)type'.
  _np_qint32 = np.dtype([("qint32", np.int32, 1)])
/home/zihan/anaconda3/envs/exp/lib/python3.6/site-packages/tensorboard/compat/tensorflow_stub/dtypes.py:550: FutureWarning: Passing (type, 1) or '1type' as a synonym of type is deprecated; in a future version of numpy, it will be understood as (type, (1,)) / '(1,)type'.
  np_resource = np.dtype([("resource", np.ubyte, 1)])
Epoch: 01 | Batch: 000 | CrossEntropy-loss: 1.38848 | Correct: 522/1280
Epoch: 01 | Batch: 100 | CrossEntropy-loss: 1.26289 | Correct: 654/1280
Epoch: 01 | Batch: 200 | CrossEntropy-loss: 1.14298 | Correct: 669/1280
Epoch: 01 | Batch: 300 | CrossEntropy-loss: 1.02625 | Correct: 640/1280
Epoch: 01 | Batch: 400 | CrossEntropy-loss: 0.92303 | Correct: 672/1280
Epoch: 01 | Batch: 500 | CrossEntropy-loss: 0.87245 | Correct: 699/1280
Epoch: 01 | Batch: 600 | CrossEntropy-loss: 0.81034 | Correct: 866/1280
Epoch: 01 | Batch: 700 | CrossEntropy-loss: 0.74494 | Correct: 930/1280
Epoch: 01 | Batch: 800 | CrossEntropy-loss: 0.68018 | Correct: 946/1280
Epoch: 01 | Batch: 900 | CrossEntropy-loss: 0.68548 | Correct: 944/1280
Epoch: 01 | Batch: 1000 | CrossEntropy-loss: 0.65979 | Correct: 968/1280
Epoch: 01 | Batch: 1100 | CrossEntropy-loss: 0.63463 | Correct: 979/1280
Epoch: 01 | Batch: 1200 | CrossEntropy-loss: 0.64242 | Correct: 942/1280
Epoch: 01 | Batch: 1300 | CrossEntropy-loss: 0.59759 | Correct: 959/1280
Epoch: 01 | Batch: 1400 | CrossEntropy-loss: 0.56684 | Correct: 963/1280
Epoch: 01 | Batch: 1500 | CrossEntropy-loss: 0.56122 | Correct: 982/1280

Epoch: 01 | Testing Accuracy: 387747/504607 (76.841%) | Historical Best: 76.841%

Epoch: 02 | Batch: 000 | CrossEntropy-loss: 0.54739 | Correct: 960/1280
Epoch: 02 | Batch: 100 | CrossEntropy-loss: 0.54510 | Correct: 1008/1280
Epoch: 02 | Batch: 200 | CrossEntropy-loss: 0.54997 | Correct: 986/1280
Epoch: 02 | Batch: 300 | CrossEntropy-loss: 0.53368 | Correct: 1016/1280
Epoch: 02 | Batch: 400 | CrossEntropy-loss: 0.52792 | Correct: 1016/1280
Epoch: 02 | Batch: 500 | CrossEntropy-loss: 0.51532 | Correct: 1026/1280
Epoch: 02 | Batch: 600 | CrossEntropy-loss: 0.51762 | Correct: 1020/1280
Epoch: 02 | Batch: 700 | CrossEntropy-loss: 0.49959 | Correct: 1023/1280
Epoch: 02 | Batch: 800 | CrossEntropy-loss: 0.48349 | Correct: 1034/1280
Epoch: 02 | Batch: 900 | CrossEntropy-loss: 0.47052 | Correct: 1061/1280
Epoch: 02 | Batch: 1000 | CrossEntropy-loss: 0.46956 | Correct: 1044/1280
Epoch: 02 | Batch: 1100 | CrossEntropy-loss: 0.46755 | Correct: 1051/1280
Epoch: 02 | Batch: 1200 | CrossEntropy-loss: 0.45890 | Correct: 1054/1280
Epoch: 02 | Batch: 1300 | CrossEntropy-loss: 0.50101 | Correct: 1030/1280
Epoch: 02 | Batch: 1400 | CrossEntropy-loss: 0.46150 | Correct: 1052/1280
Epoch: 02 | Batch: 1500 | CrossEntropy-loss: 0.44778 | Correct: 1048/1280

Epoch: 02 | Testing Accuracy: 417085/504607 (82.655%) | Historical Best: 82.655%

Epoch: 03 | Batch: 000 | CrossEntropy-loss: 0.45022 | Correct: 1050/1280
Epoch: 03 | Batch: 100 | CrossEntropy-loss: 0.41209 | Correct: 1088/1280
Epoch: 03 | Batch: 200 | CrossEntropy-loss: 0.43907 | Correct: 1056/1280
Epoch: 03 | Batch: 300 | CrossEntropy-loss: 0.44553 | Correct: 1040/1280
Epoch: 03 | Batch: 400 | CrossEntropy-loss: 0.42680 | Correct: 1053/1280
Epoch: 03 | Batch: 500 | CrossEntropy-loss: 0.43009 | Correct: 1069/1280
Epoch: 03 | Batch: 600 | CrossEntropy-loss: 0.40554 | Correct: 1075/1280
Epoch: 03 | Batch: 700 | CrossEntropy-loss: 0.40366 | Correct: 1066/1280
Epoch: 03 | Batch: 800 | CrossEntropy-loss: 0.39368 | Correct: 1088/1280
Epoch: 03 | Batch: 900 | CrossEntropy-loss: 0.37915 | Correct: 1096/1280
Epoch: 03 | Batch: 1000 | CrossEntropy-loss: 0.44011 | Correct: 1041/1280
Epoch: 03 | Batch: 1100 | CrossEntropy-loss: 0.40639 | Correct: 1048/1280
Epoch: 03 | Batch: 1200 | CrossEntropy-loss: 0.39694 | Correct: 1062/1280
Epoch: 03 | Batch: 1300 | CrossEntropy-loss: 0.37833 | Correct: 1081/1280
Epoch: 03 | Batch: 1400 | CrossEntropy-loss: 0.38057 | Correct: 1065/1280
Epoch: 03 | Batch: 1500 | CrossEntropy-loss: 0.39443 | Correct: 1078/1280

Epoch: 03 | Testing Accuracy: 423132/504607 (83.854%) | Historical Best: 83.854%

Epoch: 04 | Batch: 000 | CrossEntropy-loss: 0.38459 | Correct: 1076/1280
Epoch: 04 | Batch: 100 | CrossEntropy-loss: 0.38387 | Correct: 1072/1280
Epoch: 04 | Batch: 200 | CrossEntropy-loss: 0.38857 | Correct: 1074/1280
Epoch: 04 | Batch: 300 | CrossEntropy-loss: 0.39227 | Correct: 1066/1280
Epoch: 04 | Batch: 400 | CrossEntropy-loss: 0.38506 | Correct: 1066/1280
Epoch: 04 | Batch: 500 | CrossEntropy-loss: 0.35673 | Correct: 1093/1280
Epoch: 04 | Batch: 600 | CrossEntropy-loss: 0.39112 | Correct: 1074/1280
Epoch: 04 | Batch: 700 | CrossEntropy-loss: 0.36139 | Correct: 1078/1280
Epoch: 04 | Batch: 800 | CrossEntropy-loss: 0.31473 | Correct: 1108/1280
Epoch: 04 | Batch: 900 | CrossEntropy-loss: 0.40281 | Correct: 1058/1280
Epoch: 04 | Batch: 1000 | CrossEntropy-loss: 0.37285 | Correct: 1083/1280
Epoch: 04 | Batch: 1100 | CrossEntropy-loss: 0.38412 | Correct: 1061/1280
Epoch: 04 | Batch: 1200 | CrossEntropy-loss: 0.34749 | Correct: 1089/1280
Epoch: 04 | Batch: 1300 | CrossEntropy-loss: 0.36545 | Correct: 1067/1280
Epoch: 04 | Batch: 1400 | CrossEntropy-loss: 0.34657 | Correct: 1094/1280
Epoch: 04 | Batch: 1500 | CrossEntropy-loss: 0.37712 | Correct: 1078/1280

Epoch: 04 | Testing Accuracy: 429681/504607 (85.152%) | Historical Best: 85.152%

Epoch: 05 | Batch: 000 | CrossEntropy-loss: 0.34297 | Correct: 1105/1280
Epoch: 05 | Batch: 100 | CrossEntropy-loss: 0.34638 | Correct: 1108/1280
Epoch: 05 | Batch: 200 | CrossEntropy-loss: 0.35356 | Correct: 1069/1280
Epoch: 05 | Batch: 300 | CrossEntropy-loss: 0.34274 | Correct: 1107/1280
Epoch: 05 | Batch: 400 | CrossEntropy-loss: 0.36689 | Correct: 1080/1280
Epoch: 05 | Batch: 500 | CrossEntropy-loss: 0.33901 | Correct: 1102/1280
Epoch: 05 | Batch: 600 | CrossEntropy-loss: 0.33844 | Correct: 1107/1280
Epoch: 05 | Batch: 700 | CrossEntropy-loss: 0.36621 | Correct: 1087/1280
Epoch: 05 | Batch: 800 | CrossEntropy-loss: 0.33885 | Correct: 1101/1280
Epoch: 05 | Batch: 900 | CrossEntropy-loss: 0.33690 | Correct: 1093/1280
Epoch: 05 | Batch: 1000 | CrossEntropy-loss: 0.33862 | Correct: 1101/1280
Epoch: 05 | Batch: 1100 | CrossEntropy-loss: 0.32741 | Correct: 1115/1280
Epoch: 05 | Batch: 1200 | CrossEntropy-loss: 0.30891 | Correct: 1104/1280
Epoch: 05 | Batch: 1300 | CrossEntropy-loss: 0.35072 | Correct: 1090/1280
Epoch: 05 | Batch: 1400 | CrossEntropy-loss: 0.31911 | Correct: 1131/1280
Epoch: 05 | Batch: 1500 | CrossEntropy-loss: 0.32528 | Correct: 1112/1280

Epoch: 05 | Testing Accuracy: 435667/504607 (86.338%) | Historical Best: 86.338%

Epoch: 06 | Batch: 000 | CrossEntropy-loss: 0.33740 | Correct: 1102/1280
Epoch: 06 | Batch: 100 | CrossEntropy-loss: 0.31887 | Correct: 1098/1280
Epoch: 06 | Batch: 200 | CrossEntropy-loss: 0.34777 | Correct: 1106/1280
Epoch: 06 | Batch: 300 | CrossEntropy-loss: 0.29740 | Correct: 1125/1280
Epoch: 06 | Batch: 400 | CrossEntropy-loss: 0.29338 | Correct: 1122/1280
Epoch: 06 | Batch: 500 | CrossEntropy-loss: 0.32845 | Correct: 1110/1280
Epoch: 06 | Batch: 600 | CrossEntropy-loss: 0.34748 | Correct: 1097/1280
Epoch: 06 | Batch: 700 | CrossEntropy-loss: 0.29850 | Correct: 1122/1280
Epoch: 06 | Batch: 800 | CrossEntropy-loss: 0.30078 | Correct: 1113/1280
Epoch: 06 | Batch: 900 | CrossEntropy-loss: 0.30498 | Correct: 1113/1280
Epoch: 06 | Batch: 1000 | CrossEntropy-loss: 0.33338 | Correct: 1109/1280
Epoch: 06 | Batch: 1100 | CrossEntropy-loss: 0.31640 | Correct: 1110/1280
Epoch: 06 | Batch: 1200 | CrossEntropy-loss: 0.33508 | Correct: 1079/1280
Epoch: 06 | Batch: 1300 | CrossEntropy-loss: 0.32218 | Correct: 1099/1280
Epoch: 06 | Batch: 1400 | CrossEntropy-loss: 0.32559 | Correct: 1095/1280
Epoch: 06 | Batch: 1500 | CrossEntropy-loss: 0.30010 | Correct: 1143/1280

Epoch: 06 | Testing Accuracy: 438588/504607 (86.917%) | Historical Best: 86.917%

Epoch: 07 | Batch: 000 | CrossEntropy-loss: 0.30184 | Correct: 1111/1280
Epoch: 07 | Batch: 100 | CrossEntropy-loss: 0.32228 | Correct: 1110/1280
Epoch: 07 | Batch: 200 | CrossEntropy-loss: 0.28990 | Correct: 1117/1280
Epoch: 07 | Batch: 300 | CrossEntropy-loss: 0.30821 | Correct: 1110/1280
Epoch: 07 | Batch: 400 | CrossEntropy-loss: 0.30048 | Correct: 1132/1280
Epoch: 07 | Batch: 500 | CrossEntropy-loss: 0.28732 | Correct: 1126/1280
Epoch: 07 | Batch: 600 | CrossEntropy-loss: 0.30130 | Correct: 1131/1280
Epoch: 07 | Batch: 700 | CrossEntropy-loss: 0.31056 | Correct: 1111/1280
Epoch: 07 | Batch: 800 | CrossEntropy-loss: 0.29002 | Correct: 1113/1280
Epoch: 07 | Batch: 900 | CrossEntropy-loss: 0.28969 | Correct: 1116/1280
Epoch: 07 | Batch: 1000 | CrossEntropy-loss: 0.31505 | Correct: 1102/1280
Epoch: 07 | Batch: 1100 | CrossEntropy-loss: 0.30737 | Correct: 1117/1280
Epoch: 07 | Batch: 1200 | CrossEntropy-loss: 0.29029 | Correct: 1138/1280
Epoch: 07 | Batch: 1300 | CrossEntropy-loss: 0.27476 | Correct: 1144/1280
Epoch: 07 | Batch: 1400 | CrossEntropy-loss: 0.27640 | Correct: 1136/1280
Epoch: 07 | Batch: 1500 | CrossEntropy-loss: 0.28408 | Correct: 1126/1280

Epoch: 07 | Testing Accuracy: 445029/504607 (88.193%) | Historical Best: 88.193%

Epoch: 08 | Batch: 000 | CrossEntropy-loss: 0.28064 | Correct: 1132/1280
Epoch: 08 | Batch: 100 | CrossEntropy-loss: 0.28341 | Correct: 1136/1280
Epoch: 08 | Batch: 200 | CrossEntropy-loss: 0.27335 | Correct: 1137/1280
Epoch: 08 | Batch: 300 | CrossEntropy-loss: 0.28223 | Correct: 1127/1280
Epoch: 08 | Batch: 400 | CrossEntropy-loss: 0.27048 | Correct: 1140/1280
Epoch: 08 | Batch: 500 | CrossEntropy-loss: 0.28927 | Correct: 1142/1280
Epoch: 08 | Batch: 600 | CrossEntropy-loss: 0.27702 | Correct: 1149/1280
Epoch: 08 | Batch: 700 | CrossEntropy-loss: 0.27908 | Correct: 1139/1280
Epoch: 08 | Batch: 800 | CrossEntropy-loss: 0.26107 | Correct: 1156/1280
Epoch: 08 | Batch: 900 | CrossEntropy-loss: 0.26377 | Correct: 1144/1280
Epoch: 08 | Batch: 1000 | CrossEntropy-loss: 0.27763 | Correct: 1133/1280
Epoch: 08 | Batch: 1100 | CrossEntropy-loss: 0.26729 | Correct: 1144/1280
Epoch: 08 | Batch: 1200 | CrossEntropy-loss: 0.27291 | Correct: 1145/1280
Epoch: 08 | Batch: 1300 | CrossEntropy-loss: 0.29526 | Correct: 1124/1280
Epoch: 08 | Batch: 1400 | CrossEntropy-loss: 0.24293 | Correct: 1154/1280
Epoch: 08 | Batch: 1500 | CrossEntropy-loss: 0.26819 | Correct: 1158/1280

Epoch: 08 | Testing Accuracy: 453624/504607 (89.896%) | Historical Best: 89.896%

Epoch: 09 | Batch: 000 | CrossEntropy-loss: 0.26217 | Correct: 1160/1280
Epoch: 09 | Batch: 100 | CrossEntropy-loss: 0.27855 | Correct: 1130/1280
Epoch: 09 | Batch: 200 | CrossEntropy-loss: 0.26362 | Correct: 1155/1280
Epoch: 09 | Batch: 300 | CrossEntropy-loss: 0.27522 | Correct: 1142/1280
Epoch: 09 | Batch: 400 | CrossEntropy-loss: 0.27624 | Correct: 1142/1280
Epoch: 09 | Batch: 500 | CrossEntropy-loss: 0.25102 | Correct: 1158/1280
Epoch: 09 | Batch: 600 | CrossEntropy-loss: 0.26769 | Correct: 1144/1280
Epoch: 09 | Batch: 700 | CrossEntropy-loss: 0.25198 | Correct: 1162/1280
Epoch: 09 | Batch: 800 | CrossEntropy-loss: 0.25503 | Correct: 1167/1280
Epoch: 09 | Batch: 900 | CrossEntropy-loss: 0.28377 | Correct: 1138/1280
Epoch: 09 | Batch: 1000 | CrossEntropy-loss: 0.24503 | Correct: 1176/1280
Epoch: 09 | Batch: 1100 | CrossEntropy-loss: 0.24223 | Correct: 1160/1280
Epoch: 09 | Batch: 1200 | CrossEntropy-loss: 0.23767 | Correct: 1168/1280
Epoch: 09 | Batch: 1300 | CrossEntropy-loss: 0.25297 | Correct: 1165/1280
Epoch: 09 | Batch: 1400 | CrossEntropy-loss: 0.25824 | Correct: 1164/1280
Epoch: 09 | Batch: 1500 | CrossEntropy-loss: 0.24180 | Correct: 1171/1280

Epoch: 09 | Testing Accuracy: 458245/504607 (90.812%) | Historical Best: 90.812%

Epoch: 10 | Batch: 000 | CrossEntropy-loss: 0.25877 | Correct: 1153/1280
Epoch: 10 | Batch: 100 | CrossEntropy-loss: 0.26167 | Correct: 1163/1280
Epoch: 10 | Batch: 200 | CrossEntropy-loss: 0.26126 | Correct: 1158/1280
Epoch: 10 | Batch: 300 | CrossEntropy-loss: 0.26181 | Correct: 1157/1280
Epoch: 10 | Batch: 400 | CrossEntropy-loss: 0.26554 | Correct: 1153/1280
Epoch: 10 | Batch: 500 | CrossEntropy-loss: 0.24857 | Correct: 1163/1280
Epoch: 10 | Batch: 600 | CrossEntropy-loss: 0.24123 | Correct: 1169/1280
Epoch: 10 | Batch: 700 | CrossEntropy-loss: 0.23655 | Correct: 1174/1280
Epoch: 10 | Batch: 800 | CrossEntropy-loss: 0.23339 | Correct: 1181/1280
Epoch: 10 | Batch: 900 | CrossEntropy-loss: 0.24195 | Correct: 1158/1280
Epoch: 10 | Batch: 1000 | CrossEntropy-loss: 0.24852 | Correct: 1151/1280
Epoch: 10 | Batch: 1100 | CrossEntropy-loss: 0.23793 | Correct: 1173/1280
Epoch: 10 | Batch: 1200 | CrossEntropy-loss: 0.24539 | Correct: 1162/1280
Epoch: 10 | Batch: 1300 | CrossEntropy-loss: 0.24233 | Correct: 1158/1280
Epoch: 10 | Batch: 1400 | CrossEntropy-loss: 0.24445 | Correct: 1154/1280
Epoch: 10 | Batch: 1500 | CrossEntropy-loss: 0.25638 | Correct: 1159/1280

Epoch: 10 | Testing Accuracy: 461297/504607 (91.417%) | Historical Best: 91.417%

Epoch: 11 | Batch: 000 | CrossEntropy-loss: 0.22299 | Correct: 1173/1280
Epoch: 11 | Batch: 100 | CrossEntropy-loss: 0.23233 | Correct: 1168/1280
Epoch: 11 | Batch: 200 | CrossEntropy-loss: 0.22321 | Correct: 1183/1280
Epoch: 11 | Batch: 300 | CrossEntropy-loss: 0.21858 | Correct: 1187/1280
Epoch: 11 | Batch: 400 | CrossEntropy-loss: 0.24069 | Correct: 1161/1280
Epoch: 11 | Batch: 500 | CrossEntropy-loss: 0.22059 | Correct: 1182/1280
Epoch: 11 | Batch: 600 | CrossEntropy-loss: 0.23609 | Correct: 1179/1280
Epoch: 11 | Batch: 700 | CrossEntropy-loss: 0.22649 | Correct: 1170/1280
Epoch: 11 | Batch: 800 | CrossEntropy-loss: 0.21905 | Correct: 1190/1280
Epoch: 11 | Batch: 900 | CrossEntropy-loss: 0.21874 | Correct: 1172/1280
Epoch: 11 | Batch: 1000 | CrossEntropy-loss: 0.22292 | Correct: 1180/1280
Epoch: 11 | Batch: 1100 | CrossEntropy-loss: 0.21520 | Correct: 1168/1280
Epoch: 11 | Batch: 1200 | CrossEntropy-loss: 0.22265 | Correct: 1171/1280
Epoch: 11 | Batch: 1300 | CrossEntropy-loss: 0.23734 | Correct: 1155/1280
Epoch: 11 | Batch: 1400 | CrossEntropy-loss: 0.23857 | Correct: 1165/1280
Epoch: 11 | Batch: 1500 | CrossEntropy-loss: 0.22151 | Correct: 1181/1280

Epoch: 11 | Testing Accuracy: 463424/504607 (91.839%) | Historical Best: 91.839%

Epoch: 12 | Batch: 000 | CrossEntropy-loss: 0.22207 | Correct: 1180/1280
Epoch: 12 | Batch: 100 | CrossEntropy-loss: 0.21800 | Correct: 1185/1280
Epoch: 12 | Batch: 200 | CrossEntropy-loss: 0.22787 | Correct: 1172/1280
Epoch: 12 | Batch: 300 | CrossEntropy-loss: 0.20807 | Correct: 1176/1280
Epoch: 12 | Batch: 400 | CrossEntropy-loss: 0.23037 | Correct: 1168/1280
Epoch: 12 | Batch: 500 | CrossEntropy-loss: 0.21334 | Correct: 1179/1280
Epoch: 12 | Batch: 600 | CrossEntropy-loss: 0.22004 | Correct: 1172/1280
Epoch: 12 | Batch: 700 | CrossEntropy-loss: 0.23134 | Correct: 1166/1280
Epoch: 12 | Batch: 800 | CrossEntropy-loss: 0.22412 | Correct: 1177/1280
Epoch: 12 | Batch: 900 | CrossEntropy-loss: 0.22349 | Correct: 1174/1280
Epoch: 12 | Batch: 1000 | CrossEntropy-loss: 0.22610 | Correct: 1171/1280
Epoch: 12 | Batch: 1100 | CrossEntropy-loss: 0.22233 | Correct: 1184/1280
Epoch: 12 | Batch: 1200 | CrossEntropy-loss: 0.21613 | Correct: 1178/1280
Epoch: 12 | Batch: 1300 | CrossEntropy-loss: 0.21626 | Correct: 1186/1280
Epoch: 12 | Batch: 1400 | CrossEntropy-loss: 0.21038 | Correct: 1180/1280
Epoch: 12 | Batch: 1500 | CrossEntropy-loss: 0.23295 | Correct: 1174/1280

Epoch: 12 | Testing Accuracy: 465165/504607 (92.184%) | Historical Best: 92.184%

Epoch: 13 | Batch: 000 | CrossEntropy-loss: 0.20881 | Correct: 1182/1280
Epoch: 13 | Batch: 100 | CrossEntropy-loss: 0.22406 | Correct: 1190/1280
Epoch: 13 | Batch: 200 | CrossEntropy-loss: 0.22014 | Correct: 1177/1280
Epoch: 13 | Batch: 300 | CrossEntropy-loss: 0.21076 | Correct: 1178/1280
Epoch: 13 | Batch: 400 | CrossEntropy-loss: 0.23254 | Correct: 1165/1280
Epoch: 13 | Batch: 500 | CrossEntropy-loss: 0.19739 | Correct: 1188/1280
Epoch: 13 | Batch: 600 | CrossEntropy-loss: 0.23509 | Correct: 1178/1280
Epoch: 13 | Batch: 700 | CrossEntropy-loss: 0.21906 | Correct: 1173/1280
Epoch: 13 | Batch: 800 | CrossEntropy-loss: 0.20152 | Correct: 1180/1280
Epoch: 13 | Batch: 900 | CrossEntropy-loss: 0.21639 | Correct: 1179/1280
Epoch: 13 | Batch: 1000 | CrossEntropy-loss: 0.19986 | Correct: 1192/1280
Epoch: 13 | Batch: 1100 | CrossEntropy-loss: 0.19900 | Correct: 1188/1280
Epoch: 13 | Batch: 1200 | CrossEntropy-loss: 0.21246 | Correct: 1175/1280
Epoch: 13 | Batch: 1300 | CrossEntropy-loss: 0.22188 | Correct: 1174/1280
Epoch: 13 | Batch: 1400 | CrossEntropy-loss: 0.21026 | Correct: 1184/1280
Epoch: 13 | Batch: 1500 | CrossEntropy-loss: 0.22081 | Correct: 1181/1280

Epoch: 13 | Testing Accuracy: 467179/504607 (92.583%) | Historical Best: 92.583%

Epoch: 14 | Batch: 000 | CrossEntropy-loss: 0.20202 | Correct: 1188/1280
Epoch: 14 | Batch: 100 | CrossEntropy-loss: 0.22004 | Correct: 1172/1280
Epoch: 14 | Batch: 200 | CrossEntropy-loss: 0.20996 | Correct: 1168/1280
Epoch: 14 | Batch: 300 | CrossEntropy-loss: 0.19507 | Correct: 1191/1280
Epoch: 14 | Batch: 400 | CrossEntropy-loss: 0.19226 | Correct: 1190/1280
Epoch: 14 | Batch: 500 | CrossEntropy-loss: 0.20688 | Correct: 1189/1280
Epoch: 14 | Batch: 600 | CrossEntropy-loss: 0.20884 | Correct: 1182/1280
Epoch: 14 | Batch: 700 | CrossEntropy-loss: 0.19760 | Correct: 1185/1280
Epoch: 14 | Batch: 800 | CrossEntropy-loss: 0.22049 | Correct: 1164/1280
Epoch: 14 | Batch: 900 | CrossEntropy-loss: 0.18995 | Correct: 1191/1280
Epoch: 14 | Batch: 1000 | CrossEntropy-loss: 0.20651 | Correct: 1172/1280
Epoch: 14 | Batch: 1100 | CrossEntropy-loss: 0.19536 | Correct: 1190/1280
Epoch: 14 | Batch: 1200 | CrossEntropy-loss: 0.19499 | Correct: 1181/1280
Epoch: 14 | Batch: 1300 | CrossEntropy-loss: 0.19427 | Correct: 1195/1280
Epoch: 14 | Batch: 1400 | CrossEntropy-loss: 0.20083 | Correct: 1178/1280
Epoch: 14 | Batch: 1500 | CrossEntropy-loss: 0.20338 | Correct: 1194/1280

Epoch: 14 | Testing Accuracy: 469279/504607 (92.999%) | Historical Best: 92.999%

Epoch: 15 | Batch: 000 | CrossEntropy-loss: 0.21054 | Correct: 1177/1280
Epoch: 15 | Batch: 100 | CrossEntropy-loss: 0.19552 | Correct: 1186/1280
Epoch: 15 | Batch: 200 | CrossEntropy-loss: 0.19820 | Correct: 1190/1280
Epoch: 15 | Batch: 300 | CrossEntropy-loss: 0.20458 | Correct: 1180/1280
Epoch: 15 | Batch: 400 | CrossEntropy-loss: 0.19572 | Correct: 1190/1280
Epoch: 15 | Batch: 500 | CrossEntropy-loss: 0.19708 | Correct: 1195/1280
Epoch: 15 | Batch: 600 | CrossEntropy-loss: 0.18756 | Correct: 1179/1280
Epoch: 15 | Batch: 700 | CrossEntropy-loss: 0.19034 | Correct: 1186/1280
Epoch: 15 | Batch: 800 | CrossEntropy-loss: 0.19971 | Correct: 1186/1280
Epoch: 15 | Batch: 900 | CrossEntropy-loss: 0.19392 | Correct: 1189/1280
Epoch: 15 | Batch: 1000 | CrossEntropy-loss: 0.19204 | Correct: 1196/1280
Epoch: 15 | Batch: 1100 | CrossEntropy-loss: 0.18569 | Correct: 1197/1280
Epoch: 15 | Batch: 1200 | CrossEntropy-loss: 0.19618 | Correct: 1173/1280
Epoch: 15 | Batch: 1300 | CrossEntropy-loss: 0.17768 | Correct: 1194/1280
Epoch: 15 | Batch: 1400 | CrossEntropy-loss: 0.19500 | Correct: 1186/1280
Epoch: 15 | Batch: 1500 | CrossEntropy-loss: 0.17955 | Correct: 1192/1280

Epoch: 15 | Testing Accuracy: 470614/504607 (93.263%) | Historical Best: 93.263%

Epoch: 16 | Batch: 000 | CrossEntropy-loss: 0.18432 | Correct: 1192/1280
Epoch: 16 | Batch: 100 | CrossEntropy-loss: 0.18493 | Correct: 1196/1280
Epoch: 16 | Batch: 200 | CrossEntropy-loss: 0.16913 | Correct: 1211/1280
Epoch: 16 | Batch: 300 | CrossEntropy-loss: 0.18265 | Correct: 1204/1280
Epoch: 16 | Batch: 400 | CrossEntropy-loss: 0.18157 | Correct: 1193/1280
Epoch: 16 | Batch: 500 | CrossEntropy-loss: 0.17472 | Correct: 1209/1280
Epoch: 16 | Batch: 600 | CrossEntropy-loss: 0.19044 | Correct: 1198/1280
Epoch: 16 | Batch: 700 | CrossEntropy-loss: 0.19337 | Correct: 1188/1280
Epoch: 16 | Batch: 800 | CrossEntropy-loss: 0.18873 | Correct: 1182/1280
Epoch: 16 | Batch: 900 | CrossEntropy-loss: 0.18287 | Correct: 1189/1280
Epoch: 16 | Batch: 1000 | CrossEntropy-loss: 0.20356 | Correct: 1191/1280
Epoch: 16 | Batch: 1100 | CrossEntropy-loss: 0.18177 | Correct: 1200/1280
Epoch: 16 | Batch: 1200 | CrossEntropy-loss: 0.18006 | Correct: 1203/1280
Epoch: 16 | Batch: 1300 | CrossEntropy-loss: 0.19039 | Correct: 1194/1280
Epoch: 16 | Batch: 1400 | CrossEntropy-loss: 0.18513 | Correct: 1191/1280
Epoch: 16 | Batch: 1500 | CrossEntropy-loss: 0.18776 | Correct: 1188/1280

Epoch: 16 | Testing Accuracy: 471966/504607 (93.531%) | Historical Best: 93.531%

Epoch: 17 | Batch: 000 | CrossEntropy-loss: 0.17428 | Correct: 1194/1280
Epoch: 17 | Batch: 100 | CrossEntropy-loss: 0.16386 | Correct: 1205/1280
Epoch: 17 | Batch: 200 | CrossEntropy-loss: 0.18350 | Correct: 1192/1280
Epoch: 17 | Batch: 300 | CrossEntropy-loss: 0.16180 | Correct: 1220/1280
Epoch: 17 | Batch: 400 | CrossEntropy-loss: 0.16234 | Correct: 1208/1280
Epoch: 17 | Batch: 500 | CrossEntropy-loss: 0.16626 | Correct: 1200/1280
Epoch: 17 | Batch: 600 | CrossEntropy-loss: 0.17287 | Correct: 1203/1280
Epoch: 17 | Batch: 700 | CrossEntropy-loss: 0.17666 | Correct: 1196/1280
Epoch: 17 | Batch: 800 | CrossEntropy-loss: 0.18424 | Correct: 1190/1280
Epoch: 17 | Batch: 900 | CrossEntropy-loss: 0.17287 | Correct: 1205/1280
Epoch: 17 | Batch: 1000 | CrossEntropy-loss: 0.16661 | Correct: 1205/1280
Epoch: 17 | Batch: 1100 | CrossEntropy-loss: 0.17657 | Correct: 1201/1280
Epoch: 17 | Batch: 1200 | CrossEntropy-loss: 0.16671 | Correct: 1205/1280
Epoch: 17 | Batch: 1300 | CrossEntropy-loss: 0.16820 | Correct: 1201/1280
Epoch: 17 | Batch: 1400 | CrossEntropy-loss: 0.15881 | Correct: 1204/1280
Epoch: 17 | Batch: 1500 | CrossEntropy-loss: 0.15199 | Correct: 1211/1280

Epoch: 17 | Testing Accuracy: 473927/504607 (93.920%) | Historical Best: 93.920%

Epoch: 18 | Batch: 000 | CrossEntropy-loss: 0.18913 | Correct: 1192/1280
Epoch: 18 | Batch: 100 | CrossEntropy-loss: 0.18897 | Correct: 1187/1280
Epoch: 18 | Batch: 200 | CrossEntropy-loss: 0.17226 | Correct: 1185/1280
Epoch: 18 | Batch: 300 | CrossEntropy-loss: 0.18132 | Correct: 1190/1280
Epoch: 18 | Batch: 400 | CrossEntropy-loss: 0.16555 | Correct: 1201/1280
Epoch: 18 | Batch: 500 | CrossEntropy-loss: 0.16490 | Correct: 1207/1280
Epoch: 18 | Batch: 600 | CrossEntropy-loss: 0.16803 | Correct: 1202/1280
Epoch: 18 | Batch: 700 | CrossEntropy-loss: 0.14620 | Correct: 1230/1280
Epoch: 18 | Batch: 800 | CrossEntropy-loss: 0.17887 | Correct: 1201/1280
Epoch: 18 | Batch: 900 | CrossEntropy-loss: 0.17513 | Correct: 1203/1280
Epoch: 18 | Batch: 1000 | CrossEntropy-loss: 0.17131 | Correct: 1207/1280
Epoch: 18 | Batch: 1100 | CrossEntropy-loss: 0.16373 | Correct: 1198/1280
Epoch: 18 | Batch: 1200 | CrossEntropy-loss: 0.15911 | Correct: 1214/1280
Epoch: 18 | Batch: 1300 | CrossEntropy-loss: 0.15850 | Correct: 1202/1280
Epoch: 18 | Batch: 1400 | CrossEntropy-loss: 0.17636 | Correct: 1196/1280
Epoch: 18 | Batch: 1500 | CrossEntropy-loss: 0.18451 | Correct: 1183/1280

Epoch: 18 | Testing Accuracy: 474649/504607 (94.063%) | Historical Best: 94.063%

Epoch: 19 | Batch: 000 | CrossEntropy-loss: 0.17978 | Correct: 1204/1280
Epoch: 19 | Batch: 100 | CrossEntropy-loss: 0.13822 | Correct: 1217/1280
Epoch: 19 | Batch: 200 | CrossEntropy-loss: 0.16980 | Correct: 1202/1280
Epoch: 19 | Batch: 300 | CrossEntropy-loss: 0.15753 | Correct: 1210/1280
Epoch: 19 | Batch: 400 | CrossEntropy-loss: 0.16194 | Correct: 1200/1280
Epoch: 19 | Batch: 500 | CrossEntropy-loss: 0.15518 | Correct: 1213/1280
Epoch: 19 | Batch: 600 | CrossEntropy-loss: 0.16021 | Correct: 1202/1280
Epoch: 19 | Batch: 700 | CrossEntropy-loss: 0.17291 | Correct: 1204/1280
Epoch: 19 | Batch: 800 | CrossEntropy-loss: 0.15955 | Correct: 1204/1280
Epoch: 19 | Batch: 900 | CrossEntropy-loss: 0.17253 | Correct: 1197/1280
Epoch: 19 | Batch: 1000 | CrossEntropy-loss: 0.16142 | Correct: 1197/1280
Epoch: 19 | Batch: 1100 | CrossEntropy-loss: 0.16147 | Correct: 1204/1280
Epoch: 19 | Batch: 1200 | CrossEntropy-loss: 0.16469 | Correct: 1203/1280
Epoch: 19 | Batch: 1300 | CrossEntropy-loss: 0.17493 | Correct: 1198/1280
Epoch: 19 | Batch: 1400 | CrossEntropy-loss: 0.15959 | Correct: 1206/1280
Epoch: 19 | Batch: 1500 | CrossEntropy-loss: 0.16876 | Correct: 1204/1280

Epoch: 19 | Testing Accuracy: 475055/504607 (94.144%) | Historical Best: 94.144%

Epoch: 20 | Batch: 000 | CrossEntropy-loss: 0.15475 | Correct: 1213/1280
Epoch: 20 | Batch: 100 | CrossEntropy-loss: 0.16596 | Correct: 1194/1280
Epoch: 20 | Batch: 200 | CrossEntropy-loss: 0.15035 | Correct: 1212/1280
Epoch: 20 | Batch: 300 | CrossEntropy-loss: 0.15945 | Correct: 1206/1280
Epoch: 20 | Batch: 400 | CrossEntropy-loss: 0.15146 | Correct: 1216/1280
Epoch: 20 | Batch: 500 | CrossEntropy-loss: 0.14003 | Correct: 1213/1280
Epoch: 20 | Batch: 600 | CrossEntropy-loss: 0.15207 | Correct: 1212/1280
Epoch: 20 | Batch: 700 | CrossEntropy-loss: 0.16547 | Correct: 1210/1280
Epoch: 20 | Batch: 800 | CrossEntropy-loss: 0.15590 | Correct: 1203/1280
Epoch: 20 | Batch: 900 | CrossEntropy-loss: 0.15714 | Correct: 1207/1280
Epoch: 20 | Batch: 1000 | CrossEntropy-loss: 0.14458 | Correct: 1213/1280
Epoch: 20 | Batch: 1100 | CrossEntropy-loss: 0.14848 | Correct: 1200/1280
Epoch: 20 | Batch: 1200 | CrossEntropy-loss: 0.13944 | Correct: 1216/1280
Epoch: 20 | Batch: 1300 | CrossEntropy-loss: 0.16635 | Correct: 1195/1280
Epoch: 20 | Batch: 1400 | CrossEntropy-loss: 0.16858 | Correct: 1193/1280
Epoch: 20 | Batch: 1500 | CrossEntropy-loss: 0.17012 | Correct: 1186/1280

Epoch: 20 | Testing Accuracy: 475864/504607 (94.304%) | Historical Best: 94.304%

Epoch: 21 | Batch: 000 | CrossEntropy-loss: 0.14656 | Correct: 1211/1280
Epoch: 21 | Batch: 100 | CrossEntropy-loss: 0.14622 | Correct: 1209/1280
Epoch: 21 | Batch: 200 | CrossEntropy-loss: 0.15200 | Correct: 1201/1280
Epoch: 21 | Batch: 300 | CrossEntropy-loss: 0.15190 | Correct: 1203/1280
Epoch: 21 | Batch: 400 | CrossEntropy-loss: 0.16844 | Correct: 1186/1280
Epoch: 21 | Batch: 500 | CrossEntropy-loss: 0.14920 | Correct: 1209/1280
Epoch: 21 | Batch: 600 | CrossEntropy-loss: 0.14016 | Correct: 1215/1280
Epoch: 21 | Batch: 700 | CrossEntropy-loss: 0.16302 | Correct: 1197/1280
Epoch: 21 | Batch: 800 | CrossEntropy-loss: 0.14529 | Correct: 1212/1280
Epoch: 21 | Batch: 900 | CrossEntropy-loss: 0.15295 | Correct: 1206/1280
Epoch: 21 | Batch: 1000 | CrossEntropy-loss: 0.12560 | Correct: 1227/1280
Epoch: 21 | Batch: 1100 | CrossEntropy-loss: 0.13669 | Correct: 1215/1280
Epoch: 21 | Batch: 1200 | CrossEntropy-loss: 0.14515 | Correct: 1214/1280
Epoch: 21 | Batch: 1300 | CrossEntropy-loss: 0.14929 | Correct: 1202/1280
Epoch: 21 | Batch: 1400 | CrossEntropy-loss: 0.15646 | Correct: 1201/1280
Epoch: 21 | Batch: 1500 | CrossEntropy-loss: 0.15492 | Correct: 1212/1280

Epoch: 21 | Testing Accuracy: 477228/504607 (94.574%) | Historical Best: 94.574%

Epoch: 22 | Batch: 000 | CrossEntropy-loss: 0.14691 | Correct: 1207/1280
Epoch: 22 | Batch: 100 | CrossEntropy-loss: 0.16573 | Correct: 1211/1280
Epoch: 22 | Batch: 200 | CrossEntropy-loss: 0.14998 | Correct: 1203/1280
Epoch: 22 | Batch: 300 | CrossEntropy-loss: 0.13485 | Correct: 1213/1280
Epoch: 22 | Batch: 400 | CrossEntropy-loss: 0.15814 | Correct: 1203/1280
Epoch: 22 | Batch: 500 | CrossEntropy-loss: 0.14481 | Correct: 1211/1280
Epoch: 22 | Batch: 600 | CrossEntropy-loss: 0.15078 | Correct: 1209/1280
Epoch: 22 | Batch: 700 | CrossEntropy-loss: 0.15005 | Correct: 1202/1280
Epoch: 22 | Batch: 800 | CrossEntropy-loss: 0.16029 | Correct: 1195/1280
Epoch: 22 | Batch: 900 | CrossEntropy-loss: 0.16154 | Correct: 1199/1280
Epoch: 22 | Batch: 1000 | CrossEntropy-loss: 0.14008 | Correct: 1219/1280
Epoch: 22 | Batch: 1100 | CrossEntropy-loss: 0.12795 | Correct: 1219/1280
Epoch: 22 | Batch: 1200 | CrossEntropy-loss: 0.15954 | Correct: 1202/1280
Epoch: 22 | Batch: 1300 | CrossEntropy-loss: 0.13989 | Correct: 1211/1280
Epoch: 22 | Batch: 1400 | CrossEntropy-loss: 0.13702 | Correct: 1215/1280
Epoch: 22 | Batch: 1500 | CrossEntropy-loss: 0.14956 | Correct: 1203/1280

Epoch: 22 | Testing Accuracy: 477227/504607 (94.574%) | Historical Best: 94.574%

Epoch: 23 | Batch: 000 | CrossEntropy-loss: 0.14771 | Correct: 1214/1280
Epoch: 23 | Batch: 100 | CrossEntropy-loss: 0.15043 | Correct: 1212/1280
Epoch: 23 | Batch: 200 | CrossEntropy-loss: 0.15486 | Correct: 1196/1280
Epoch: 23 | Batch: 300 | CrossEntropy-loss: 0.16493 | Correct: 1198/1280
Epoch: 23 | Batch: 400 | CrossEntropy-loss: 0.12464 | Correct: 1222/1280
Epoch: 23 | Batch: 500 | CrossEntropy-loss: 0.13864 | Correct: 1207/1280
Epoch: 23 | Batch: 600 | CrossEntropy-loss: 0.13135 | Correct: 1222/1280
Epoch: 23 | Batch: 700 | CrossEntropy-loss: 0.14074 | Correct: 1203/1280
Epoch: 23 | Batch: 800 | CrossEntropy-loss: 0.14058 | Correct: 1205/1280
Epoch: 23 | Batch: 900 | CrossEntropy-loss: 0.14805 | Correct: 1207/1280
Epoch: 23 | Batch: 1000 | CrossEntropy-loss: 0.12976 | Correct: 1222/1280
Epoch: 23 | Batch: 1100 | CrossEntropy-loss: 0.13440 | Correct: 1219/1280
Epoch: 23 | Batch: 1200 | CrossEntropy-loss: 0.13387 | Correct: 1216/1280
Epoch: 23 | Batch: 1300 | CrossEntropy-loss: 0.13072 | Correct: 1222/1280
Epoch: 23 | Batch: 1400 | CrossEntropy-loss: 0.13918 | Correct: 1207/1280
Epoch: 23 | Batch: 1500 | CrossEntropy-loss: 0.13406 | Correct: 1215/1280

Epoch: 23 | Testing Accuracy: 478679/504607 (94.862%) | Historical Best: 94.862%

Epoch: 24 | Batch: 000 | CrossEntropy-loss: 0.13472 | Correct: 1209/1280
Epoch: 24 | Batch: 100 | CrossEntropy-loss: 0.14531 | Correct: 1213/1280
Epoch: 24 | Batch: 200 | CrossEntropy-loss: 0.14132 | Correct: 1208/1280
Epoch: 24 | Batch: 300 | CrossEntropy-loss: 0.14353 | Correct: 1214/1280
Epoch: 24 | Batch: 400 | CrossEntropy-loss: 0.12662 | Correct: 1218/1280
Epoch: 24 | Batch: 500 | CrossEntropy-loss: 0.12698 | Correct: 1220/1280
Epoch: 24 | Batch: 600 | CrossEntropy-loss: 0.15491 | Correct: 1202/1280
Epoch: 24 | Batch: 700 | CrossEntropy-loss: 0.14063 | Correct: 1203/1280
Epoch: 24 | Batch: 800 | CrossEntropy-loss: 0.14018 | Correct: 1200/1280
Epoch: 24 | Batch: 900 | CrossEntropy-loss: 0.14029 | Correct: 1207/1280
Epoch: 24 | Batch: 1000 | CrossEntropy-loss: 0.13985 | Correct: 1214/1280
Epoch: 24 | Batch: 1100 | CrossEntropy-loss: 0.14472 | Correct: 1203/1280
Epoch: 24 | Batch: 1200 | CrossEntropy-loss: 0.13779 | Correct: 1212/1280
Epoch: 24 | Batch: 1300 | CrossEntropy-loss: 0.13896 | Correct: 1208/1280
Epoch: 24 | Batch: 1400 | CrossEntropy-loss: 0.14031 | Correct: 1216/1280
Epoch: 24 | Batch: 1500 | CrossEntropy-loss: 0.13084 | Correct: 1205/1280

Epoch: 24 | Testing Accuracy: 478791/504607 (94.884%) | Historical Best: 94.884%

Epoch: 25 | Batch: 000 | CrossEntropy-loss: 0.13952 | Correct: 1208/1280
Epoch: 25 | Batch: 100 | CrossEntropy-loss: 0.13088 | Correct: 1207/1280
Epoch: 25 | Batch: 200 | CrossEntropy-loss: 0.14108 | Correct: 1204/1280
Epoch: 25 | Batch: 300 | CrossEntropy-loss: 0.13758 | Correct: 1209/1280
Epoch: 25 | Batch: 400 | CrossEntropy-loss: 0.13582 | Correct: 1212/1280
Epoch: 25 | Batch: 500 | CrossEntropy-loss: 0.15484 | Correct: 1206/1280
Epoch: 25 | Batch: 600 | CrossEntropy-loss: 0.13036 | Correct: 1212/1280
Epoch: 25 | Batch: 700 | CrossEntropy-loss: 0.14122 | Correct: 1211/1280
Epoch: 25 | Batch: 800 | CrossEntropy-loss: 0.12594 | Correct: 1215/1280
Epoch: 25 | Batch: 900 | CrossEntropy-loss: 0.13117 | Correct: 1214/1280
Epoch: 25 | Batch: 1000 | CrossEntropy-loss: 0.12820 | Correct: 1220/1280
Epoch: 25 | Batch: 1100 | CrossEntropy-loss: 0.14928 | Correct: 1192/1280
Epoch: 25 | Batch: 1200 | CrossEntropy-loss: 0.14342 | Correct: 1212/1280
Epoch: 25 | Batch: 1300 | CrossEntropy-loss: 0.13451 | Correct: 1213/1280
Epoch: 25 | Batch: 1400 | CrossEntropy-loss: 0.14015 | Correct: 1204/1280
Epoch: 25 | Batch: 1500 | CrossEntropy-loss: 0.12968 | Correct: 1209/1280

Epoch: 25 | Testing Accuracy: 479706/504607 (95.065%) | Historical Best: 95.065%

Epoch: 26 | Batch: 000 | CrossEntropy-loss: 0.13187 | Correct: 1224/1280
Epoch: 26 | Batch: 100 | CrossEntropy-loss: 0.12817 | Correct: 1206/1280
Epoch: 26 | Batch: 200 | CrossEntropy-loss: 0.13371 | Correct: 1212/1280
Epoch: 26 | Batch: 300 | CrossEntropy-loss: 0.12687 | Correct: 1217/1280
Epoch: 26 | Batch: 400 | CrossEntropy-loss: 0.12128 | Correct: 1220/1280
Epoch: 26 | Batch: 500 | CrossEntropy-loss: 0.15463 | Correct: 1202/1280
Epoch: 26 | Batch: 600 | CrossEntropy-loss: 0.12043 | Correct: 1220/1280
Epoch: 26 | Batch: 700 | CrossEntropy-loss: 0.13408 | Correct: 1213/1280
Epoch: 26 | Batch: 800 | CrossEntropy-loss: 0.12180 | Correct: 1216/1280
Epoch: 26 | Batch: 900 | CrossEntropy-loss: 0.14565 | Correct: 1202/1280
Epoch: 26 | Batch: 1000 | CrossEntropy-loss: 0.12542 | Correct: 1221/1280
Epoch: 26 | Batch: 1100 | CrossEntropy-loss: 0.11923 | Correct: 1227/1280
Epoch: 26 | Batch: 1200 | CrossEntropy-loss: 0.12889 | Correct: 1217/1280
Epoch: 26 | Batch: 1300 | CrossEntropy-loss: 0.14629 | Correct: 1204/1280
Epoch: 26 | Batch: 1400 | CrossEntropy-loss: 0.11825 | Correct: 1226/1280
Epoch: 26 | Batch: 1500 | CrossEntropy-loss: 0.14360 | Correct: 1208/1280

Epoch: 26 | Testing Accuracy: 479579/504607 (95.040%) | Historical Best: 95.065%

Epoch: 27 | Batch: 000 | CrossEntropy-loss: 0.11952 | Correct: 1218/1280
Epoch: 27 | Batch: 100 | CrossEntropy-loss: 0.12375 | Correct: 1215/1280
Epoch: 27 | Batch: 200 | CrossEntropy-loss: 0.10753 | Correct: 1233/1280
Epoch: 27 | Batch: 300 | CrossEntropy-loss: 0.13261 | Correct: 1213/1280
Epoch: 27 | Batch: 400 | CrossEntropy-loss: 0.11989 | Correct: 1226/1280
Epoch: 27 | Batch: 500 | CrossEntropy-loss: 0.12452 | Correct: 1220/1280
Epoch: 27 | Batch: 600 | CrossEntropy-loss: 0.14159 | Correct: 1201/1280
Epoch: 27 | Batch: 700 | CrossEntropy-loss: 0.10987 | Correct: 1226/1280
Epoch: 27 | Batch: 800 | CrossEntropy-loss: 0.12876 | Correct: 1216/1280
Epoch: 27 | Batch: 900 | CrossEntropy-loss: 0.13086 | Correct: 1220/1280
Epoch: 27 | Batch: 1000 | CrossEntropy-loss: 0.12510 | Correct: 1217/1280
Epoch: 27 | Batch: 1100 | CrossEntropy-loss: 0.11700 | Correct: 1224/1280
Epoch: 27 | Batch: 1200 | CrossEntropy-loss: 0.12188 | Correct: 1218/1280
Epoch: 27 | Batch: 1300 | CrossEntropy-loss: 0.12598 | Correct: 1221/1280
Epoch: 27 | Batch: 1400 | CrossEntropy-loss: 0.12076 | Correct: 1220/1280
Epoch: 27 | Batch: 1500 | CrossEntropy-loss: 0.11309 | Correct: 1225/1280

Epoch: 27 | Testing Accuracy: 480256/504607 (95.174%) | Historical Best: 95.174%

Epoch: 28 | Batch: 000 | CrossEntropy-loss: 0.11454 | Correct: 1230/1280
Epoch: 28 | Batch: 100 | CrossEntropy-loss: 0.12126 | Correct: 1222/1280
Epoch: 28 | Batch: 200 | CrossEntropy-loss: 0.12566 | Correct: 1216/1280
Epoch: 28 | Batch: 300 | CrossEntropy-loss: 0.12132 | Correct: 1217/1280
Epoch: 28 | Batch: 400 | CrossEntropy-loss: 0.13458 | Correct: 1206/1280
Epoch: 28 | Batch: 500 | CrossEntropy-loss: 0.12856 | Correct: 1215/1280
Epoch: 28 | Batch: 600 | CrossEntropy-loss: 0.11925 | Correct: 1225/1280
Epoch: 28 | Batch: 700 | CrossEntropy-loss: 0.12942 | Correct: 1217/1280
Epoch: 28 | Batch: 800 | CrossEntropy-loss: 0.12729 | Correct: 1213/1280
Epoch: 28 | Batch: 900 | CrossEntropy-loss: 0.12301 | Correct: 1213/1280
Epoch: 28 | Batch: 1000 | CrossEntropy-loss: 0.13677 | Correct: 1206/1280
Epoch: 28 | Batch: 1100 | CrossEntropy-loss: 0.11018 | Correct: 1224/1280
Epoch: 28 | Batch: 1200 | CrossEntropy-loss: 0.10779 | Correct: 1226/1280
Epoch: 28 | Batch: 1300 | CrossEntropy-loss: 0.12174 | Correct: 1221/1280
Epoch: 28 | Batch: 1400 | CrossEntropy-loss: 0.11160 | Correct: 1226/1280
Epoch: 28 | Batch: 1500 | CrossEntropy-loss: 0.11020 | Correct: 1233/1280

Epoch: 28 | Testing Accuracy: 480593/504607 (95.241%) | Historical Best: 95.241%

Epoch: 29 | Batch: 000 | CrossEntropy-loss: 0.12195 | Correct: 1215/1280
Epoch: 29 | Batch: 100 | CrossEntropy-loss: 0.11240 | Correct: 1233/1280
Epoch: 29 | Batch: 200 | CrossEntropy-loss: 0.11358 | Correct: 1224/1280
Epoch: 29 | Batch: 300 | CrossEntropy-loss: 0.10676 | Correct: 1231/1280
Epoch: 29 | Batch: 400 | CrossEntropy-loss: 0.13387 | Correct: 1217/1280
Epoch: 29 | Batch: 500 | CrossEntropy-loss: 0.13230 | Correct: 1220/1280
Epoch: 29 | Batch: 600 | CrossEntropy-loss: 0.13260 | Correct: 1211/1280
Epoch: 29 | Batch: 700 | CrossEntropy-loss: 0.11351 | Correct: 1223/1280
Epoch: 29 | Batch: 800 | CrossEntropy-loss: 0.13312 | Correct: 1204/1280
Epoch: 29 | Batch: 900 | CrossEntropy-loss: 0.14141 | Correct: 1222/1280
Epoch: 29 | Batch: 1000 | CrossEntropy-loss: 0.10824 | Correct: 1234/1280
Epoch: 29 | Batch: 1100 | CrossEntropy-loss: 0.11649 | Correct: 1217/1280
Epoch: 29 | Batch: 1200 | CrossEntropy-loss: 0.12882 | Correct: 1208/1280
Epoch: 29 | Batch: 1300 | CrossEntropy-loss: 0.12090 | Correct: 1216/1280
Epoch: 29 | Batch: 1400 | CrossEntropy-loss: 0.14000 | Correct: 1202/1280
Epoch: 29 | Batch: 1500 | CrossEntropy-loss: 0.12670 | Correct: 1215/1280

Epoch: 29 | Testing Accuracy: 480583/504607 (95.239%) | Historical Best: 95.241%

Epoch: 30 | Batch: 000 | CrossEntropy-loss: 0.13127 | Correct: 1218/1280
Epoch: 30 | Batch: 100 | CrossEntropy-loss: 0.11689 | Correct: 1226/1280
Epoch: 30 | Batch: 200 | CrossEntropy-loss: 0.10505 | Correct: 1241/1280
Epoch: 30 | Batch: 300 | CrossEntropy-loss: 0.12368 | Correct: 1220/1280
Epoch: 30 | Batch: 400 | CrossEntropy-loss: 0.11045 | Correct: 1230/1280
Epoch: 30 | Batch: 500 | CrossEntropy-loss: 0.11946 | Correct: 1214/1280
Epoch: 30 | Batch: 600 | CrossEntropy-loss: 0.12322 | Correct: 1219/1280
Epoch: 30 | Batch: 700 | CrossEntropy-loss: 0.12820 | Correct: 1217/1280
Epoch: 30 | Batch: 800 | CrossEntropy-loss: 0.12551 | Correct: 1225/1280
Epoch: 30 | Batch: 900 | CrossEntropy-loss: 0.12932 | Correct: 1215/1280
Epoch: 30 | Batch: 1000 | CrossEntropy-loss: 0.11562 | Correct: 1220/1280
Epoch: 30 | Batch: 1100 | CrossEntropy-loss: 0.11740 | Correct: 1225/1280
Epoch: 30 | Batch: 1200 | CrossEntropy-loss: 0.13204 | Correct: 1218/1280
Epoch: 30 | Batch: 1300 | CrossEntropy-loss: 0.13125 | Correct: 1209/1280
Epoch: 30 | Batch: 1400 | CrossEntropy-loss: 0.13233 | Correct: 1214/1280
Epoch: 30 | Batch: 1500 | CrossEntropy-loss: 0.12492 | Correct: 1210/1280

Epoch: 30 | Testing Accuracy: 481084/504607 (95.338%) | Historical Best: 95.338%

Epoch: 31 | Batch: 000 | CrossEntropy-loss: 0.12310 | Correct: 1217/1280
Epoch: 31 | Batch: 100 | CrossEntropy-loss: 0.13556 | Correct: 1213/1280
Epoch: 31 | Batch: 200 | CrossEntropy-loss: 0.11694 | Correct: 1215/1280
Epoch: 31 | Batch: 300 | CrossEntropy-loss: 0.12485 | Correct: 1223/1280
Epoch: 31 | Batch: 400 | CrossEntropy-loss: 0.12195 | Correct: 1222/1280
Epoch: 31 | Batch: 500 | CrossEntropy-loss: 0.12735 | Correct: 1216/1280
Epoch: 31 | Batch: 600 | CrossEntropy-loss: 0.11268 | Correct: 1219/1280
Epoch: 31 | Batch: 700 | CrossEntropy-loss: 0.12464 | Correct: 1216/1280
Epoch: 31 | Batch: 800 | CrossEntropy-loss: 0.12433 | Correct: 1214/1280
Epoch: 31 | Batch: 900 | CrossEntropy-loss: 0.13732 | Correct: 1210/1280
Epoch: 31 | Batch: 1000 | CrossEntropy-loss: 0.10852 | Correct: 1225/1280
Epoch: 31 | Batch: 1100 | CrossEntropy-loss: 0.12702 | Correct: 1215/1280
Epoch: 31 | Batch: 1200 | CrossEntropy-loss: 0.11401 | Correct: 1226/1280
Epoch: 31 | Batch: 1300 | CrossEntropy-loss: 0.13667 | Correct: 1215/1280
Epoch: 31 | Batch: 1400 | CrossEntropy-loss: 0.12073 | Correct: 1210/1280
Epoch: 31 | Batch: 1500 | CrossEntropy-loss: 0.11349 | Correct: 1221/1280

Epoch: 31 | Testing Accuracy: 481822/504607 (95.485%) | Historical Best: 95.485%

Epoch: 32 | Batch: 000 | CrossEntropy-loss: 0.12291 | Correct: 1219/1280
Epoch: 32 | Batch: 100 | CrossEntropy-loss: 0.11454 | Correct: 1232/1280
Epoch: 32 | Batch: 200 | CrossEntropy-loss: 0.10065 | Correct: 1236/1280
Epoch: 32 | Batch: 300 | CrossEntropy-loss: 0.11923 | Correct: 1223/1280
Epoch: 32 | Batch: 400 | CrossEntropy-loss: 0.11237 | Correct: 1220/1280
Epoch: 32 | Batch: 500 | CrossEntropy-loss: 0.11458 | Correct: 1223/1280
Epoch: 32 | Batch: 600 | CrossEntropy-loss: 0.11456 | Correct: 1215/1280
Epoch: 32 | Batch: 700 | CrossEntropy-loss: 0.12684 | Correct: 1208/1280
Epoch: 32 | Batch: 800 | CrossEntropy-loss: 0.11699 | Correct: 1220/1280
Epoch: 32 | Batch: 900 | CrossEntropy-loss: 0.11149 | Correct: 1220/1280
Epoch: 32 | Batch: 1000 | CrossEntropy-loss: 0.11612 | Correct: 1223/1280
Epoch: 32 | Batch: 1100 | CrossEntropy-loss: 0.12373 | Correct: 1217/1280
Epoch: 32 | Batch: 1200 | CrossEntropy-loss: 0.12047 | Correct: 1224/1280
Epoch: 32 | Batch: 1300 | CrossEntropy-loss: 0.11215 | Correct: 1224/1280
Epoch: 32 | Batch: 1400 | CrossEntropy-loss: 0.11854 | Correct: 1218/1280
Epoch: 32 | Batch: 1500 | CrossEntropy-loss: 0.10102 | Correct: 1227/1280

Epoch: 32 | Testing Accuracy: 482183/504607 (95.556%) | Historical Best: 95.556%

Epoch: 33 | Batch: 000 | CrossEntropy-loss: 0.12021 | Correct: 1219/1280
Epoch: 33 | Batch: 100 | CrossEntropy-loss: 0.11491 | Correct: 1214/1280
Epoch: 33 | Batch: 200 | CrossEntropy-loss: 0.12526 | Correct: 1213/1280
Epoch: 33 | Batch: 300 | CrossEntropy-loss: 0.12427 | Correct: 1215/1280
Epoch: 33 | Batch: 400 | CrossEntropy-loss: 0.12800 | Correct: 1200/1280
Epoch: 33 | Batch: 500 | CrossEntropy-loss: 0.10780 | Correct: 1230/1280
Epoch: 33 | Batch: 600 | CrossEntropy-loss: 0.11356 | Correct: 1224/1280
Epoch: 33 | Batch: 700 | CrossEntropy-loss: 0.10426 | Correct: 1230/1280
Epoch: 33 | Batch: 800 | CrossEntropy-loss: 0.10752 | Correct: 1221/1280
Epoch: 33 | Batch: 900 | CrossEntropy-loss: 0.10537 | Correct: 1227/1280
Epoch: 33 | Batch: 1000 | CrossEntropy-loss: 0.11953 | Correct: 1215/1280
Epoch: 33 | Batch: 1100 | CrossEntropy-loss: 0.10658 | Correct: 1225/1280
Epoch: 33 | Batch: 1200 | CrossEntropy-loss: 0.12041 | Correct: 1223/1280
Epoch: 33 | Batch: 1300 | CrossEntropy-loss: 0.10960 | Correct: 1219/1280
Epoch: 33 | Batch: 1400 | CrossEntropy-loss: 0.11014 | Correct: 1219/1280
Epoch: 33 | Batch: 1500 | CrossEntropy-loss: 0.12157 | Correct: 1223/1280

Epoch: 33 | Testing Accuracy: 481932/504607 (95.506%) | Historical Best: 95.556%

Epoch: 34 | Batch: 000 | CrossEntropy-loss: 0.11800 | Correct: 1216/1280
Epoch: 34 | Batch: 100 | CrossEntropy-loss: 0.11084 | Correct: 1227/1280
Epoch: 34 | Batch: 200 | CrossEntropy-loss: 0.12357 | Correct: 1214/1280
Epoch: 34 | Batch: 300 | CrossEntropy-loss: 0.11464 | Correct: 1229/1280
Epoch: 34 | Batch: 400 | CrossEntropy-loss: 0.10064 | Correct: 1239/1280
Epoch: 34 | Batch: 500 | CrossEntropy-loss: 0.09028 | Correct: 1240/1280
Epoch: 34 | Batch: 600 | CrossEntropy-loss: 0.12317 | Correct: 1206/1280
Epoch: 34 | Batch: 700 | CrossEntropy-loss: 0.10749 | Correct: 1227/1280
Epoch: 34 | Batch: 800 | CrossEntropy-loss: 0.10424 | Correct: 1223/1280
Epoch: 34 | Batch: 900 | CrossEntropy-loss: 0.11306 | Correct: 1224/1280
Epoch: 34 | Batch: 1000 | CrossEntropy-loss: 0.11072 | Correct: 1224/1280
Epoch: 34 | Batch: 1100 | CrossEntropy-loss: 0.10173 | Correct: 1237/1280
Epoch: 34 | Batch: 1200 | CrossEntropy-loss: 0.11281 | Correct: 1221/1280
Epoch: 34 | Batch: 1300 | CrossEntropy-loss: 0.10030 | Correct: 1230/1280
Epoch: 34 | Batch: 1400 | CrossEntropy-loss: 0.12359 | Correct: 1211/1280
Epoch: 34 | Batch: 1500 | CrossEntropy-loss: 0.11980 | Correct: 1219/1280

Epoch: 34 | Testing Accuracy: 482770/504607 (95.672%) | Historical Best: 95.672%

Epoch: 35 | Batch: 000 | CrossEntropy-loss: 0.12172 | Correct: 1223/1280
Epoch: 35 | Batch: 100 | CrossEntropy-loss: 0.10378 | Correct: 1222/1280
Epoch: 35 | Batch: 200 | CrossEntropy-loss: 0.10569 | Correct: 1231/1280
Epoch: 35 | Batch: 300 | CrossEntropy-loss: 0.10603 | Correct: 1228/1280
Epoch: 35 | Batch: 400 | CrossEntropy-loss: 0.11408 | Correct: 1225/1280
Epoch: 35 | Batch: 500 | CrossEntropy-loss: 0.11773 | Correct: 1230/1280
Epoch: 35 | Batch: 600 | CrossEntropy-loss: 0.11147 | Correct: 1223/1280
Epoch: 35 | Batch: 700 | CrossEntropy-loss: 0.12541 | Correct: 1206/1280
Epoch: 35 | Batch: 800 | CrossEntropy-loss: 0.08969 | Correct: 1223/1280
Epoch: 35 | Batch: 900 | CrossEntropy-loss: 0.10466 | Correct: 1225/1280
Epoch: 35 | Batch: 1000 | CrossEntropy-loss: 0.12292 | Correct: 1221/1280
Epoch: 35 | Batch: 1100 | CrossEntropy-loss: 0.09917 | Correct: 1229/1280
Epoch: 35 | Batch: 1200 | CrossEntropy-loss: 0.10515 | Correct: 1234/1280
Epoch: 35 | Batch: 1300 | CrossEntropy-loss: 0.09980 | Correct: 1233/1280
Epoch: 35 | Batch: 1400 | CrossEntropy-loss: 0.12524 | Correct: 1207/1280
Epoch: 35 | Batch: 1500 | CrossEntropy-loss: 0.10912 | Correct: 1213/1280

Epoch: 35 | Testing Accuracy: 482705/504607 (95.660%) | Historical Best: 95.672%

Epoch: 36 | Batch: 000 | CrossEntropy-loss: 0.09936 | Correct: 1232/1280
Epoch: 36 | Batch: 100 | CrossEntropy-loss: 0.11825 | Correct: 1225/1280
Epoch: 36 | Batch: 200 | CrossEntropy-loss: 0.10362 | Correct: 1218/1280
Epoch: 36 | Batch: 300 | CrossEntropy-loss: 0.09337 | Correct: 1233/1280
Epoch: 36 | Batch: 400 | CrossEntropy-loss: 0.11667 | Correct: 1230/1280
Epoch: 36 | Batch: 500 | CrossEntropy-loss: 0.10418 | Correct: 1224/1280
Epoch: 36 | Batch: 600 | CrossEntropy-loss: 0.10271 | Correct: 1227/1280
Epoch: 36 | Batch: 700 | CrossEntropy-loss: 0.08992 | Correct: 1240/1280
Epoch: 36 | Batch: 800 | CrossEntropy-loss: 0.10156 | Correct: 1224/1280
Epoch: 36 | Batch: 900 | CrossEntropy-loss: 0.10300 | Correct: 1221/1280
Epoch: 36 | Batch: 1000 | CrossEntropy-loss: 0.10072 | Correct: 1226/1280
Epoch: 36 | Batch: 1100 | CrossEntropy-loss: 0.11073 | Correct: 1223/1280
Epoch: 36 | Batch: 1200 | CrossEntropy-loss: 0.10313 | Correct: 1227/1280
Epoch: 36 | Batch: 1300 | CrossEntropy-loss: 0.10986 | Correct: 1215/1280
Epoch: 36 | Batch: 1400 | CrossEntropy-loss: 0.10672 | Correct: 1224/1280
Epoch: 36 | Batch: 1500 | CrossEntropy-loss: 0.11686 | Correct: 1221/1280

Epoch: 36 | Testing Accuracy: 483258/504607 (95.769%) | Historical Best: 95.769%

Epoch: 37 | Batch: 000 | CrossEntropy-loss: 0.10660 | Correct: 1221/1280
Epoch: 37 | Batch: 100 | CrossEntropy-loss: 0.10101 | Correct: 1221/1280
Epoch: 37 | Batch: 200 | CrossEntropy-loss: 0.10278 | Correct: 1221/1280
Epoch: 37 | Batch: 300 | CrossEntropy-loss: 0.10134 | Correct: 1224/1280
Epoch: 37 | Batch: 400 | CrossEntropy-loss: 0.09794 | Correct: 1230/1280
Epoch: 37 | Batch: 500 | CrossEntropy-loss: 0.11438 | Correct: 1221/1280
Epoch: 37 | Batch: 600 | CrossEntropy-loss: 0.09552 | Correct: 1220/1280
Epoch: 37 | Batch: 700 | CrossEntropy-loss: 0.09828 | Correct: 1229/1280
Epoch: 37 | Batch: 800 | CrossEntropy-loss: 0.10765 | Correct: 1228/1280
Epoch: 37 | Batch: 900 | CrossEntropy-loss: 0.09735 | Correct: 1237/1280
Epoch: 37 | Batch: 1000 | CrossEntropy-loss: 0.10116 | Correct: 1231/1280
Epoch: 37 | Batch: 1100 | CrossEntropy-loss: 0.11157 | Correct: 1232/1280
Epoch: 37 | Batch: 1200 | CrossEntropy-loss: 0.09442 | Correct: 1230/1280
Epoch: 37 | Batch: 1300 | CrossEntropy-loss: 0.10266 | Correct: 1237/1280
Epoch: 37 | Batch: 1400 | CrossEntropy-loss: 0.10213 | Correct: 1226/1280
Epoch: 37 | Batch: 1500 | CrossEntropy-loss: 0.10167 | Correct: 1226/1280

Epoch: 37 | Testing Accuracy: 483455/504607 (95.808%) | Historical Best: 95.808%

Epoch: 38 | Batch: 000 | CrossEntropy-loss: 0.09274 | Correct: 1237/1280
Epoch: 38 | Batch: 100 | CrossEntropy-loss: 0.11613 | Correct: 1215/1280
Epoch: 38 | Batch: 200 | CrossEntropy-loss: 0.09210 | Correct: 1238/1280
Epoch: 38 | Batch: 300 | CrossEntropy-loss: 0.11270 | Correct: 1220/1280
Epoch: 38 | Batch: 400 | CrossEntropy-loss: 0.11609 | Correct: 1213/1280
Epoch: 38 | Batch: 500 | CrossEntropy-loss: 0.11336 | Correct: 1210/1280
Epoch: 38 | Batch: 600 | CrossEntropy-loss: 0.09786 | Correct: 1220/1280
Epoch: 38 | Batch: 700 | CrossEntropy-loss: 0.09676 | Correct: 1225/1280
Epoch: 38 | Batch: 800 | CrossEntropy-loss: 0.11337 | Correct: 1219/1280
Epoch: 38 | Batch: 900 | CrossEntropy-loss: 0.11073 | Correct: 1216/1280
Epoch: 38 | Batch: 1000 | CrossEntropy-loss: 0.09039 | Correct: 1239/1280
Epoch: 38 | Batch: 1100 | CrossEntropy-loss: 0.09896 | Correct: 1226/1280
Epoch: 38 | Batch: 1200 | CrossEntropy-loss: 0.09794 | Correct: 1230/1280
Epoch: 38 | Batch: 1300 | CrossEntropy-loss: 0.10033 | Correct: 1231/1280
Epoch: 38 | Batch: 1400 | CrossEntropy-loss: 0.09579 | Correct: 1226/1280
Epoch: 38 | Batch: 1500 | CrossEntropy-loss: 0.09540 | Correct: 1234/1280

Epoch: 38 | Testing Accuracy: 482978/504607 (95.714%) | Historical Best: 95.808%

Epoch: 39 | Batch: 000 | CrossEntropy-loss: 0.10768 | Correct: 1228/1280
Epoch: 39 | Batch: 100 | CrossEntropy-loss: 0.08937 | Correct: 1234/1280
Epoch: 39 | Batch: 200 | CrossEntropy-loss: 0.09315 | Correct: 1229/1280
Epoch: 39 | Batch: 300 | CrossEntropy-loss: 0.09729 | Correct: 1238/1280
Epoch: 39 | Batch: 400 | CrossEntropy-loss: 0.09206 | Correct: 1229/1280
Epoch: 39 | Batch: 500 | CrossEntropy-loss: 0.08831 | Correct: 1234/1280
Epoch: 39 | Batch: 600 | CrossEntropy-loss: 0.08273 | Correct: 1235/1280
Epoch: 39 | Batch: 700 | CrossEntropy-loss: 0.10794 | Correct: 1224/1280
Epoch: 39 | Batch: 800 | CrossEntropy-loss: 0.11248 | Correct: 1215/1280
Epoch: 39 | Batch: 900 | CrossEntropy-loss: 0.08493 | Correct: 1231/1280
Epoch: 39 | Batch: 1000 | CrossEntropy-loss: nan | Correct: 666/1280
Epoch: 39 | Batch: 1100 | CrossEntropy-loss: nan | Correct: 677/1280
Epoch: 39 | Batch: 1200 | CrossEntropy-loss: nan | Correct: 684/1280
Epoch: 39 | Batch: 1300 | CrossEntropy-loss: nan | Correct: 661/1280
Epoch: 39 | Batch: 1400 | CrossEntropy-loss: nan | Correct: 639/1280
Epoch: 39 | Batch: 1500 | CrossEntropy-loss: nan | Correct: 615/1280

Epoch: 39 | Testing Accuracy: 259943/504607 (51.514%) | Historical Best: 95.808%

Epoch: 40 | Batch: 000 | CrossEntropy-loss: nan | Correct: 637/1280
Epoch: 40 | Batch: 100 | CrossEntropy-loss: nan | Correct: 660/1280
Epoch: 40 | Batch: 200 | CrossEntropy-loss: nan | Correct: 658/1280
Epoch: 40 | Batch: 300 | CrossEntropy-loss: nan | Correct: 668/1280
Epoch: 40 | Batch: 400 | CrossEntropy-loss: nan | Correct: 680/1280
Epoch: 40 | Batch: 500 | CrossEntropy-loss: nan | Correct: 653/1280
Epoch: 40 | Batch: 600 | CrossEntropy-loss: nan | Correct: 665/1280
Epoch: 40 | Batch: 700 | CrossEntropy-loss: nan | Correct: 607/1280
Epoch: 40 | Batch: 800 | CrossEntropy-loss: nan | Correct: 657/1280
Epoch: 40 | Batch: 900 | CrossEntropy-loss: nan | Correct: 672/1280
Epoch: 40 | Batch: 1000 | CrossEntropy-loss: nan | Correct: 650/1280
Epoch: 40 | Batch: 1100 | CrossEntropy-loss: nan | Correct: 671/1280
Epoch: 40 | Batch: 1200 | CrossEntropy-loss: nan | Correct: 670/1280
Epoch: 40 | Batch: 1300 | CrossEntropy-loss: nan | Correct: 657/1280
Epoch: 40 | Batch: 1400 | CrossEntropy-loss: nan | Correct: 671/1280
Epoch: 40 | Batch: 1500 | CrossEntropy-loss: nan | Correct: 655/1280

Epoch: 40 | Testing Accuracy: 259943/504607 (51.514%) | Historical Best: 95.808%

