compute007
6
/home/zihan/anaconda3/envs/exp/lib/python3.6/site-packages/tensorboard/compat/tensorflow_stub/dtypes.py:541: FutureWarning: Passing (type, 1) or '1type' as a synonym of type is deprecated; in a future version of numpy, it will be understood as (type, (1,)) / '(1,)type'.
  _np_qint8 = np.dtype([("qint8", np.int8, 1)])
/home/zihan/anaconda3/envs/exp/lib/python3.6/site-packages/tensorboard/compat/tensorflow_stub/dtypes.py:542: FutureWarning: Passing (type, 1) or '1type' as a synonym of type is deprecated; in a future version of numpy, it will be understood as (type, (1,)) / '(1,)type'.
  _np_quint8 = np.dtype([("quint8", np.uint8, 1)])
/home/zihan/anaconda3/envs/exp/lib/python3.6/site-packages/tensorboard/compat/tensorflow_stub/dtypes.py:543: FutureWarning: Passing (type, 1) or '1type' as a synonym of type is deprecated; in a future version of numpy, it will be understood as (type, (1,)) / '(1,)type'.
  _np_qint16 = np.dtype([("qint16", np.int16, 1)])
/home/zihan/anaconda3/envs/exp/lib/python3.6/site-packages/tensorboard/compat/tensorflow_stub/dtypes.py:544: FutureWarning: Passing (type, 1) or '1type' as a synonym of type is deprecated; in a future version of numpy, it will be understood as (type, (1,)) / '(1,)type'.
  _np_quint16 = np.dtype([("quint16", np.uint16, 1)])
/home/zihan/anaconda3/envs/exp/lib/python3.6/site-packages/tensorboard/compat/tensorflow_stub/dtypes.py:545: FutureWarning: Passing (type, 1) or '1type' as a synonym of type is deprecated; in a future version of numpy, it will be understood as (type, (1,)) / '(1,)type'.
  _np_qint32 = np.dtype([("qint32", np.int32, 1)])
/home/zihan/anaconda3/envs/exp/lib/python3.6/site-packages/tensorboard/compat/tensorflow_stub/dtypes.py:550: FutureWarning: Passing (type, 1) or '1type' as a synonym of type is deprecated; in a future version of numpy, it will be understood as (type, (1,)) / '(1,)type'.
  np_resource = np.dtype([("resource", np.ubyte, 1)])
Epoch: 01 | Batch: 000 | CrossEntropy-loss: 1.34390 | Correct: 627/1280 | Difference: 0
Epoch: 01 | Batch: 100 | CrossEntropy-loss: 1.24443 | Correct: 781/1280 | Difference: 0
Epoch: 01 | Batch: 200 | CrossEntropy-loss: 1.14306 | Correct: 855/1280 | Difference: 0
Epoch: 01 | Batch: 300 | CrossEntropy-loss: 1.07207 | Correct: 910/1280 | Difference: 0
Epoch: 01 | Batch: 400 | CrossEntropy-loss: 1.00817 | Correct: 907/1280 | Difference: 0
Epoch: 01 | Batch: 500 | CrossEntropy-loss: 0.92326 | Correct: 938/1280 | Difference: 0
Epoch: 01 | Batch: 600 | CrossEntropy-loss: 0.87985 | Correct: 939/1280 | Difference: 0
Epoch: 01 | Batch: 700 | CrossEntropy-loss: 0.84187 | Correct: 940/1280 | Difference: 0
Epoch: 01 | Batch: 800 | CrossEntropy-loss: 0.81187 | Correct: 959/1280 | Difference: 0
Epoch: 01 | Batch: 900 | CrossEntropy-loss: 0.75053 | Correct: 980/1280 | Difference: 0
Epoch: 01 | Batch: 1000 | CrossEntropy-loss: 0.73233 | Correct: 985/1280 | Difference: 0
Epoch: 01 | Batch: 1100 | CrossEntropy-loss: 0.72141 | Correct: 974/1280 | Difference: 0
Epoch: 01 | Batch: 1200 | CrossEntropy-loss: 0.72346 | Correct: 967/1280 | Difference: 0
Epoch: 01 | Batch: 1300 | CrossEntropy-loss: 0.67680 | Correct: 973/1280 | Difference: 0
Epoch: 01 | Batch: 1400 | CrossEntropy-loss: 0.64906 | Correct: 996/1280 | Difference: 0
Epoch: 01 | Batch: 1500 | CrossEntropy-loss: 0.67355 | Correct: 960/1280 | Difference: 0

Epoch: 01 | Testing Accuracy: 384352/504607 (76.169%) | Historical Best: 76.169% 

Epoch: 02 | Batch: 000 | CrossEntropy-loss: 0.70492 | Correct: 952/1280 | Difference: 0
Epoch: 02 | Batch: 100 | CrossEntropy-loss: 0.62184 | Correct: 996/1280 | Difference: 0
Epoch: 02 | Batch: 200 | CrossEntropy-loss: 0.64221 | Correct: 965/1280 | Difference: 0
Epoch: 02 | Batch: 300 | CrossEntropy-loss: 0.62010 | Correct: 998/1280 | Difference: 0
Epoch: 02 | Batch: 400 | CrossEntropy-loss: 0.62164 | Correct: 981/1280 | Difference: 0
Epoch: 02 | Batch: 500 | CrossEntropy-loss: 0.60756 | Correct: 992/1280 | Difference: 0
Epoch: 02 | Batch: 600 | CrossEntropy-loss: 0.59972 | Correct: 976/1280 | Difference: 0
Epoch: 02 | Batch: 700 | CrossEntropy-loss: 0.64535 | Correct: 958/1280 | Difference: 0
Epoch: 02 | Batch: 800 | CrossEntropy-loss: 0.57593 | Correct: 993/1280 | Difference: 0
Epoch: 02 | Batch: 900 | CrossEntropy-loss: 0.56292 | Correct: 986/1280 | Difference: 0
Epoch: 02 | Batch: 1000 | CrossEntropy-loss: 0.58235 | Correct: 1003/1280 | Difference: 0
Epoch: 02 | Batch: 1100 | CrossEntropy-loss: 0.54635 | Correct: 1003/1280 | Difference: 0
Epoch: 02 | Batch: 1200 | CrossEntropy-loss: 0.51244 | Correct: 1004/1280 | Difference: 0
Epoch: 02 | Batch: 1300 | CrossEntropy-loss: 0.55348 | Correct: 984/1280 | Difference: 0
Epoch: 02 | Batch: 1400 | CrossEntropy-loss: 0.50526 | Correct: 1018/1280 | Difference: 0
Epoch: 02 | Batch: 1500 | CrossEntropy-loss: 0.55920 | Correct: 988/1280 | Difference: 0

Epoch: 02 | Testing Accuracy: 397623/504607 (78.799%) | Historical Best: 78.799% 

Epoch: 03 | Batch: 000 | CrossEntropy-loss: 0.52230 | Correct: 990/1280 | Difference: 0
Epoch: 03 | Batch: 100 | CrossEntropy-loss: 0.48986 | Correct: 1034/1280 | Difference: 0
Epoch: 03 | Batch: 200 | CrossEntropy-loss: 0.50897 | Correct: 1001/1280 | Difference: 0
Epoch: 03 | Batch: 300 | CrossEntropy-loss: 0.50952 | Correct: 1009/1280 | Difference: 0
Epoch: 03 | Batch: 400 | CrossEntropy-loss: 0.50398 | Correct: 1012/1280 | Difference: 0
Epoch: 03 | Batch: 500 | CrossEntropy-loss: 0.50550 | Correct: 1015/1280 | Difference: 0
Epoch: 03 | Batch: 600 | CrossEntropy-loss: 0.46064 | Correct: 1025/1280 | Difference: 0
Epoch: 03 | Batch: 700 | CrossEntropy-loss: 0.46909 | Correct: 1027/1280 | Difference: 0
Epoch: 03 | Batch: 800 | CrossEntropy-loss: 0.45910 | Correct: 1020/1280 | Difference: 0
Epoch: 03 | Batch: 900 | CrossEntropy-loss: 0.47822 | Correct: 1023/1280 | Difference: 0
Epoch: 03 | Batch: 1000 | CrossEntropy-loss: 0.42451 | Correct: 1063/1280 | Difference: 0
Epoch: 03 | Batch: 1100 | CrossEntropy-loss: 0.44479 | Correct: 1039/1280 | Difference: 0
Epoch: 03 | Batch: 1200 | CrossEntropy-loss: 0.46038 | Correct: 1042/1280 | Difference: 0
Epoch: 03 | Batch: 1300 | CrossEntropy-loss: 0.43169 | Correct: 1063/1280 | Difference: 0
Epoch: 03 | Batch: 1400 | CrossEntropy-loss: 0.45656 | Correct: 1047/1280 | Difference: 0
Epoch: 03 | Batch: 1500 | CrossEntropy-loss: 0.44034 | Correct: 1047/1280 | Difference: 0

Epoch: 03 | Testing Accuracy: 415112/504607 (82.264%) | Historical Best: 82.264% 

Epoch: 04 | Batch: 000 | CrossEntropy-loss: 0.42599 | Correct: 1071/1280 | Difference: 0
Epoch: 04 | Batch: 100 | CrossEntropy-loss: 0.44289 | Correct: 1042/1280 | Difference: 0
Epoch: 04 | Batch: 200 | CrossEntropy-loss: 0.45399 | Correct: 1054/1280 | Difference: 0
Epoch: 04 | Batch: 300 | CrossEntropy-loss: 0.42378 | Correct: 1068/1280 | Difference: 0
Epoch: 04 | Batch: 400 | CrossEntropy-loss: 0.40783 | Correct: 1068/1280 | Difference: 0
Epoch: 04 | Batch: 500 | CrossEntropy-loss: 0.42077 | Correct: 1054/1280 | Difference: 0
Epoch: 04 | Batch: 600 | CrossEntropy-loss: 0.42698 | Correct: 1055/1280 | Difference: 0
Epoch: 04 | Batch: 700 | CrossEntropy-loss: 0.38995 | Correct: 1090/1280 | Difference: 0
Epoch: 04 | Batch: 800 | CrossEntropy-loss: 0.38881 | Correct: 1077/1280 | Difference: 0
Epoch: 04 | Batch: 900 | CrossEntropy-loss: 0.39905 | Correct: 1079/1280 | Difference: 0
Epoch: 04 | Batch: 1000 | CrossEntropy-loss: 0.38658 | Correct: 1080/1280 | Difference: 0
Epoch: 04 | Batch: 1100 | CrossEntropy-loss: 0.40771 | Correct: 1072/1280 | Difference: 0
Epoch: 04 | Batch: 1200 | CrossEntropy-loss: 0.37482 | Correct: 1076/1280 | Difference: 0
Epoch: 04 | Batch: 1300 | CrossEntropy-loss: 0.39596 | Correct: 1077/1280 | Difference: 0
Epoch: 04 | Batch: 1400 | CrossEntropy-loss: 0.39125 | Correct: 1075/1280 | Difference: 0
Epoch: 04 | Batch: 1500 | CrossEntropy-loss: 0.39698 | Correct: 1079/1280 | Difference: 0

Epoch: 04 | Testing Accuracy: 426786/504607 (84.578%) | Historical Best: 84.578% 

Epoch: 05 | Batch: 000 | CrossEntropy-loss: 0.39272 | Correct: 1093/1280 | Difference: 0
Epoch: 05 | Batch: 100 | CrossEntropy-loss: 0.37888 | Correct: 1087/1280 | Difference: 0
Epoch: 05 | Batch: 200 | CrossEntropy-loss: 0.39922 | Correct: 1066/1280 | Difference: 0
Epoch: 05 | Batch: 300 | CrossEntropy-loss: 0.36573 | Correct: 1092/1280 | Difference: 0
Epoch: 05 | Batch: 400 | CrossEntropy-loss: 0.36774 | Correct: 1101/1280 | Difference: 0
Epoch: 05 | Batch: 500 | CrossEntropy-loss: 0.38472 | Correct: 1097/1280 | Difference: 0
Epoch: 05 | Batch: 600 | CrossEntropy-loss: 0.38022 | Correct: 1081/1280 | Difference: 0
Epoch: 05 | Batch: 700 | CrossEntropy-loss: 0.37655 | Correct: 1074/1280 | Difference: 0
Epoch: 05 | Batch: 800 | CrossEntropy-loss: 0.35550 | Correct: 1101/1280 | Difference: 0
Epoch: 05 | Batch: 900 | CrossEntropy-loss: 0.35299 | Correct: 1100/1280 | Difference: 0
Epoch: 05 | Batch: 1000 | CrossEntropy-loss: 0.35400 | Correct: 1076/1280 | Difference: 0
Epoch: 05 | Batch: 1100 | CrossEntropy-loss: 0.37523 | Correct: 1085/1280 | Difference: 0
Epoch: 05 | Batch: 1200 | CrossEntropy-loss: 0.35337 | Correct: 1101/1280 | Difference: 0
Epoch: 05 | Batch: 1300 | CrossEntropy-loss: 0.37747 | Correct: 1082/1280 | Difference: 0
Epoch: 05 | Batch: 1400 | CrossEntropy-loss: 0.37902 | Correct: 1079/1280 | Difference: 0
Epoch: 05 | Batch: 1500 | CrossEntropy-loss: 0.33580 | Correct: 1111/1280 | Difference: 0

Epoch: 05 | Testing Accuracy: 430849/504607 (85.383%) | Historical Best: 85.383% 

Epoch: 06 | Batch: 000 | CrossEntropy-loss: 0.36229 | Correct: 1086/1280 | Difference: 0
Epoch: 06 | Batch: 100 | CrossEntropy-loss: 0.34968 | Correct: 1101/1280 | Difference: 0
Epoch: 06 | Batch: 200 | CrossEntropy-loss: 0.35086 | Correct: 1095/1280 | Difference: 0
Epoch: 06 | Batch: 300 | CrossEntropy-loss: 0.34910 | Correct: 1100/1280 | Difference: 0
Epoch: 06 | Batch: 400 | CrossEntropy-loss: 0.35034 | Correct: 1095/1280 | Difference: 0
Epoch: 06 | Batch: 500 | CrossEntropy-loss: 0.33860 | Correct: 1103/1280 | Difference: 0
Epoch: 06 | Batch: 600 | CrossEntropy-loss: 0.34010 | Correct: 1100/1280 | Difference: 0
Epoch: 06 | Batch: 700 | CrossEntropy-loss: 0.36503 | Correct: 1089/1280 | Difference: 0
Epoch: 06 | Batch: 800 | CrossEntropy-loss: 0.32893 | Correct: 1107/1280 | Difference: 0
Epoch: 06 | Batch: 900 | CrossEntropy-loss: 0.35834 | Correct: 1098/1280 | Difference: 0
Epoch: 06 | Batch: 1000 | CrossEntropy-loss: 0.33800 | Correct: 1098/1280 | Difference: 0
Epoch: 06 | Batch: 1100 | CrossEntropy-loss: 0.33410 | Correct: 1109/1280 | Difference: 0
Epoch: 06 | Batch: 1200 | CrossEntropy-loss: 0.36160 | Correct: 1073/1280 | Difference: 0
Epoch: 06 | Batch: 1300 | CrossEntropy-loss: 0.34377 | Correct: 1103/1280 | Difference: 0
Epoch: 06 | Batch: 1400 | CrossEntropy-loss: 0.33353 | Correct: 1099/1280 | Difference: 0
Epoch: 06 | Batch: 1500 | CrossEntropy-loss: 0.32933 | Correct: 1110/1280 | Difference: 0

Epoch: 06 | Testing Accuracy: 434830/504607 (86.172%) | Historical Best: 86.172% 

Epoch: 07 | Batch: 000 | CrossEntropy-loss: 0.33008 | Correct: 1107/1280 | Difference: 0
Epoch: 07 | Batch: 100 | CrossEntropy-loss: 0.33214 | Correct: 1122/1280 | Difference: 0
Epoch: 07 | Batch: 200 | CrossEntropy-loss: 0.32196 | Correct: 1114/1280 | Difference: 0
Epoch: 07 | Batch: 300 | CrossEntropy-loss: 0.34869 | Correct: 1106/1280 | Difference: 0
Epoch: 07 | Batch: 400 | CrossEntropy-loss: 0.33187 | Correct: 1118/1280 | Difference: 0
Epoch: 07 | Batch: 500 | CrossEntropy-loss: 0.33995 | Correct: 1104/1280 | Difference: 0
Epoch: 07 | Batch: 600 | CrossEntropy-loss: 0.38105 | Correct: 1082/1280 | Difference: 0
Epoch: 07 | Batch: 700 | CrossEntropy-loss: 0.33843 | Correct: 1105/1280 | Difference: 0
Epoch: 07 | Batch: 800 | CrossEntropy-loss: 0.33057 | Correct: 1094/1280 | Difference: 0
Epoch: 07 | Batch: 900 | CrossEntropy-loss: 0.30640 | Correct: 1139/1280 | Difference: 0
Epoch: 07 | Batch: 1000 | CrossEntropy-loss: 0.35964 | Correct: 1083/1280 | Difference: 0
Epoch: 07 | Batch: 1100 | CrossEntropy-loss: 0.33104 | Correct: 1107/1280 | Difference: 0
Epoch: 07 | Batch: 1200 | CrossEntropy-loss: 0.31470 | Correct: 1114/1280 | Difference: 0
Epoch: 07 | Batch: 1300 | CrossEntropy-loss: 0.30544 | Correct: 1114/1280 | Difference: 0
Epoch: 07 | Batch: 1400 | CrossEntropy-loss: 0.31571 | Correct: 1115/1280 | Difference: 0
Epoch: 07 | Batch: 1500 | CrossEntropy-loss: 0.33451 | Correct: 1099/1280 | Difference: 0

Epoch: 07 | Testing Accuracy: 438518/504607 (86.903%) | Historical Best: 86.903% 

Epoch: 08 | Batch: 000 | CrossEntropy-loss: 0.31425 | Correct: 1123/1280 | Difference: 0
Epoch: 08 | Batch: 100 | CrossEntropy-loss: 0.35597 | Correct: 1082/1280 | Difference: 0
Epoch: 08 | Batch: 200 | CrossEntropy-loss: 0.33065 | Correct: 1109/1280 | Difference: 0
Epoch: 08 | Batch: 300 | CrossEntropy-loss: 0.34107 | Correct: 1104/1280 | Difference: 0
Epoch: 08 | Batch: 400 | CrossEntropy-loss: 0.29832 | Correct: 1133/1280 | Difference: 0
Epoch: 08 | Batch: 500 | CrossEntropy-loss: 0.31010 | Correct: 1125/1280 | Difference: 0
Epoch: 08 | Batch: 600 | CrossEntropy-loss: 0.30701 | Correct: 1109/1280 | Difference: 0
Epoch: 08 | Batch: 700 | CrossEntropy-loss: 0.33355 | Correct: 1105/1280 | Difference: 0
Epoch: 08 | Batch: 800 | CrossEntropy-loss: 0.29226 | Correct: 1128/1280 | Difference: 0
Epoch: 08 | Batch: 900 | CrossEntropy-loss: 0.32869 | Correct: 1107/1280 | Difference: 0
Epoch: 08 | Batch: 1000 | CrossEntropy-loss: 0.30965 | Correct: 1120/1280 | Difference: 0
Epoch: 08 | Batch: 1100 | CrossEntropy-loss: 0.33408 | Correct: 1118/1280 | Difference: 0
Epoch: 08 | Batch: 1200 | CrossEntropy-loss: 0.29994 | Correct: 1131/1280 | Difference: 0
Epoch: 08 | Batch: 1300 | CrossEntropy-loss: 0.33466 | Correct: 1099/1280 | Difference: 0
Epoch: 08 | Batch: 1400 | CrossEntropy-loss: 0.33030 | Correct: 1111/1280 | Difference: 0
Epoch: 08 | Batch: 1500 | CrossEntropy-loss: 0.31737 | Correct: 1126/1280 | Difference: 0

Epoch: 08 | Testing Accuracy: 441306/504607 (87.455%) | Historical Best: 87.455% 

Epoch: 09 | Batch: 000 | CrossEntropy-loss: 0.28266 | Correct: 1139/1280 | Difference: 0
Epoch: 09 | Batch: 100 | CrossEntropy-loss: 0.30939 | Correct: 1107/1280 | Difference: 0
Epoch: 09 | Batch: 200 | CrossEntropy-loss: 0.32925 | Correct: 1096/1280 | Difference: 0
Epoch: 09 | Batch: 300 | CrossEntropy-loss: 0.31841 | Correct: 1133/1280 | Difference: 0
Epoch: 09 | Batch: 400 | CrossEntropy-loss: 0.32523 | Correct: 1113/1280 | Difference: 0
Epoch: 09 | Batch: 500 | CrossEntropy-loss: 0.30669 | Correct: 1122/1280 | Difference: 0
Epoch: 09 | Batch: 600 | CrossEntropy-loss: 0.31113 | Correct: 1115/1280 | Difference: 0
Epoch: 09 | Batch: 700 | CrossEntropy-loss: 0.31168 | Correct: 1113/1280 | Difference: 0
Epoch: 09 | Batch: 800 | CrossEntropy-loss: 0.31004 | Correct: 1110/1280 | Difference: 0
Epoch: 09 | Batch: 900 | CrossEntropy-loss: 0.30174 | Correct: 1109/1280 | Difference: 0
Epoch: 09 | Batch: 1000 | CrossEntropy-loss: 0.29831 | Correct: 1132/1280 | Difference: 0
Epoch: 09 | Batch: 1100 | CrossEntropy-loss: 0.30453 | Correct: 1136/1280 | Difference: 0
Epoch: 09 | Batch: 1200 | CrossEntropy-loss: 0.31648 | Correct: 1120/1280 | Difference: 0
Epoch: 09 | Batch: 1300 | CrossEntropy-loss: 0.30065 | Correct: 1126/1280 | Difference: 0
Epoch: 09 | Batch: 1400 | CrossEntropy-loss: 0.27899 | Correct: 1134/1280 | Difference: 0
Epoch: 09 | Batch: 1500 | CrossEntropy-loss: 0.31074 | Correct: 1124/1280 | Difference: 0

Epoch: 09 | Testing Accuracy: 443837/504607 (87.957%) | Historical Best: 87.957% 

Epoch: 10 | Batch: 000 | CrossEntropy-loss: 0.33190 | Correct: 1112/1280 | Difference: 0
Epoch: 10 | Batch: 100 | CrossEntropy-loss: 0.29977 | Correct: 1126/1280 | Difference: 0
Epoch: 10 | Batch: 200 | CrossEntropy-loss: 0.32444 | Correct: 1113/1280 | Difference: 0
Epoch: 10 | Batch: 300 | CrossEntropy-loss: 0.28695 | Correct: 1147/1280 | Difference: 0
Epoch: 10 | Batch: 400 | CrossEntropy-loss: 0.28839 | Correct: 1140/1280 | Difference: 0
Epoch: 10 | Batch: 500 | CrossEntropy-loss: 0.29007 | Correct: 1122/1280 | Difference: 0
Epoch: 10 | Batch: 600 | CrossEntropy-loss: 0.31104 | Correct: 1115/1280 | Difference: 0
Epoch: 10 | Batch: 700 | CrossEntropy-loss: 0.29854 | Correct: 1123/1280 | Difference: 0
Epoch: 10 | Batch: 800 | CrossEntropy-loss: 0.31881 | Correct: 1119/1280 | Difference: 0
Epoch: 10 | Batch: 900 | CrossEntropy-loss: 0.28708 | Correct: 1137/1280 | Difference: 0
Epoch: 10 | Batch: 1000 | CrossEntropy-loss: 0.28331 | Correct: 1136/1280 | Difference: 0
Epoch: 10 | Batch: 1100 | CrossEntropy-loss: 0.29722 | Correct: 1122/1280 | Difference: 0
Epoch: 10 | Batch: 1200 | CrossEntropy-loss: 0.29429 | Correct: 1124/1280 | Difference: 0
Epoch: 10 | Batch: 1300 | CrossEntropy-loss: 0.30209 | Correct: 1132/1280 | Difference: 0
Epoch: 10 | Batch: 1400 | CrossEntropy-loss: 0.29136 | Correct: 1145/1280 | Difference: 0
Epoch: 10 | Batch: 1500 | CrossEntropy-loss: 0.29919 | Correct: 1125/1280 | Difference: 0

Epoch: 10 | Testing Accuracy: 446739/504607 (88.532%) | Historical Best: 88.532% 

Epoch: 11 | Batch: 000 | CrossEntropy-loss: 0.28368 | Correct: 1141/1280 | Difference: 0
Epoch: 11 | Batch: 100 | CrossEntropy-loss: 0.31295 | Correct: 1123/1280 | Difference: 0
Epoch: 11 | Batch: 200 | CrossEntropy-loss: 0.28362 | Correct: 1124/1280 | Difference: 0
Epoch: 11 | Batch: 300 | CrossEntropy-loss: 0.27242 | Correct: 1149/1280 | Difference: 0
Epoch: 11 | Batch: 400 | CrossEntropy-loss: 0.33876 | Correct: 1116/1280 | Difference: 0
Epoch: 11 | Batch: 500 | CrossEntropy-loss: 0.30839 | Correct: 1114/1280 | Difference: 0
Epoch: 11 | Batch: 600 | CrossEntropy-loss: 0.27650 | Correct: 1133/1280 | Difference: 0
Epoch: 11 | Batch: 700 | CrossEntropy-loss: 0.30882 | Correct: 1138/1280 | Difference: 0
Epoch: 11 | Batch: 800 | CrossEntropy-loss: 0.29157 | Correct: 1112/1280 | Difference: 0
Epoch: 11 | Batch: 900 | CrossEntropy-loss: 0.27264 | Correct: 1134/1280 | Difference: 0
Epoch: 11 | Batch: 1000 | CrossEntropy-loss: 0.27381 | Correct: 1147/1280 | Difference: 0
Epoch: 11 | Batch: 1100 | CrossEntropy-loss: 0.30608 | Correct: 1125/1280 | Difference: 0
Epoch: 11 | Batch: 1200 | CrossEntropy-loss: 0.28384 | Correct: 1136/1280 | Difference: 0
Epoch: 11 | Batch: 1300 | CrossEntropy-loss: 0.26980 | Correct: 1146/1280 | Difference: 0
Epoch: 11 | Batch: 1400 | CrossEntropy-loss: 0.29877 | Correct: 1128/1280 | Difference: 0
Epoch: 11 | Batch: 1500 | CrossEntropy-loss: 0.27591 | Correct: 1140/1280 | Difference: 0

Epoch: 11 | Testing Accuracy: 448183/504607 (88.818%) | Historical Best: 88.818% 

Epoch: 12 | Batch: 000 | CrossEntropy-loss: 0.27501 | Correct: 1145/1280 | Difference: 0
Epoch: 12 | Batch: 100 | CrossEntropy-loss: 0.27977 | Correct: 1140/1280 | Difference: 0
Epoch: 12 | Batch: 200 | CrossEntropy-loss: 0.31145 | Correct: 1116/1280 | Difference: 0
Epoch: 12 | Batch: 300 | CrossEntropy-loss: 0.29391 | Correct: 1133/1280 | Difference: 0
Epoch: 12 | Batch: 400 | CrossEntropy-loss: 0.27631 | Correct: 1136/1280 | Difference: 0
Epoch: 12 | Batch: 500 | CrossEntropy-loss: 0.30527 | Correct: 1129/1280 | Difference: 0
Epoch: 12 | Batch: 600 | CrossEntropy-loss: 0.28872 | Correct: 1137/1280 | Difference: 0
Epoch: 12 | Batch: 700 | CrossEntropy-loss: 0.28090 | Correct: 1149/1280 | Difference: 0
Epoch: 12 | Batch: 800 | CrossEntropy-loss: 0.27791 | Correct: 1145/1280 | Difference: 0
Epoch: 12 | Batch: 900 | CrossEntropy-loss: 0.30002 | Correct: 1122/1280 | Difference: 0
Epoch: 12 | Batch: 1000 | CrossEntropy-loss: 0.28205 | Correct: 1145/1280 | Difference: 0
Epoch: 12 | Batch: 1100 | CrossEntropy-loss: 0.28523 | Correct: 1141/1280 | Difference: 0
Epoch: 12 | Batch: 1200 | CrossEntropy-loss: 0.27888 | Correct: 1141/1280 | Difference: 0
Epoch: 12 | Batch: 1300 | CrossEntropy-loss: 0.26220 | Correct: 1153/1280 | Difference: 0
Epoch: 12 | Batch: 1400 | CrossEntropy-loss: 0.28582 | Correct: 1129/1280 | Difference: 0
Epoch: 12 | Batch: 1500 | CrossEntropy-loss: 0.27775 | Correct: 1136/1280 | Difference: 0

Epoch: 12 | Testing Accuracy: 449732/504607 (89.125%) | Historical Best: 89.125% 

Epoch: 13 | Batch: 000 | CrossEntropy-loss: 0.30671 | Correct: 1139/1280 | Difference: 0
Epoch: 13 | Batch: 100 | CrossEntropy-loss: 0.28995 | Correct: 1121/1280 | Difference: 0
Epoch: 13 | Batch: 200 | CrossEntropy-loss: 0.26470 | Correct: 1145/1280 | Difference: 0
Epoch: 13 | Batch: 300 | CrossEntropy-loss: 0.27150 | Correct: 1145/1280 | Difference: 0
Epoch: 13 | Batch: 400 | CrossEntropy-loss: 0.30410 | Correct: 1137/1280 | Difference: 0
Epoch: 13 | Batch: 500 | CrossEntropy-loss: 0.27516 | Correct: 1149/1280 | Difference: 0
Epoch: 13 | Batch: 600 | CrossEntropy-loss: 0.28079 | Correct: 1140/1280 | Difference: 0
Epoch: 13 | Batch: 700 | CrossEntropy-loss: 0.27165 | Correct: 1150/1280 | Difference: 0
Epoch: 13 | Batch: 800 | CrossEntropy-loss: 0.29128 | Correct: 1137/1280 | Difference: 0
Epoch: 13 | Batch: 900 | CrossEntropy-loss: 0.25835 | Correct: 1148/1280 | Difference: 0
Epoch: 13 | Batch: 1000 | CrossEntropy-loss: 0.28231 | Correct: 1137/1280 | Difference: 0
Epoch: 13 | Batch: 1100 | CrossEntropy-loss: 0.25241 | Correct: 1161/1280 | Difference: 0
Epoch: 13 | Batch: 1200 | CrossEntropy-loss: 0.26538 | Correct: 1147/1280 | Difference: 0
Epoch: 13 | Batch: 1300 | CrossEntropy-loss: 0.27223 | Correct: 1154/1280 | Difference: 0
Epoch: 13 | Batch: 1400 | CrossEntropy-loss: 0.29108 | Correct: 1137/1280 | Difference: 0
Epoch: 13 | Batch: 1500 | CrossEntropy-loss: 0.25736 | Correct: 1146/1280 | Difference: 0

Epoch: 13 | Testing Accuracy: 450711/504607 (89.319%) | Historical Best: 89.319% 

Epoch: 14 | Batch: 000 | CrossEntropy-loss: 0.27216 | Correct: 1147/1280 | Difference: 0
Epoch: 14 | Batch: 100 | CrossEntropy-loss: 0.28374 | Correct: 1133/1280 | Difference: 0
Epoch: 14 | Batch: 200 | CrossEntropy-loss: 0.28307 | Correct: 1127/1280 | Difference: 0
Epoch: 14 | Batch: 300 | CrossEntropy-loss: 0.27661 | Correct: 1142/1280 | Difference: 0
Epoch: 14 | Batch: 400 | CrossEntropy-loss: 0.26947 | Correct: 1148/1280 | Difference: 0
Epoch: 14 | Batch: 500 | CrossEntropy-loss: 0.26297 | Correct: 1154/1280 | Difference: 0
Epoch: 14 | Batch: 600 | CrossEntropy-loss: 0.27158 | Correct: 1135/1280 | Difference: 0
Epoch: 14 | Batch: 700 | CrossEntropy-loss: 0.26890 | Correct: 1141/1280 | Difference: 0
Epoch: 14 | Batch: 800 | CrossEntropy-loss: 0.25611 | Correct: 1156/1280 | Difference: 0
Epoch: 14 | Batch: 900 | CrossEntropy-loss: 0.25866 | Correct: 1153/1280 | Difference: 0
Epoch: 14 | Batch: 1000 | CrossEntropy-loss: 0.26952 | Correct: 1144/1280 | Difference: 0
Epoch: 14 | Batch: 1100 | CrossEntropy-loss: 0.26940 | Correct: 1154/1280 | Difference: 0
Epoch: 14 | Batch: 1200 | CrossEntropy-loss: 0.25504 | Correct: 1153/1280 | Difference: 0
Epoch: 14 | Batch: 1300 | CrossEntropy-loss: 0.28018 | Correct: 1136/1280 | Difference: 0
Epoch: 14 | Batch: 1400 | CrossEntropy-loss: 0.26725 | Correct: 1149/1280 | Difference: 0
Epoch: 14 | Batch: 1500 | CrossEntropy-loss: 0.27447 | Correct: 1145/1280 | Difference: 0

Epoch: 14 | Testing Accuracy: 452268/504607 (89.628%) | Historical Best: 89.628% 

Epoch: 15 | Batch: 000 | CrossEntropy-loss: 0.25795 | Correct: 1164/1280 | Difference: 0
Epoch: 15 | Batch: 100 | CrossEntropy-loss: 0.25661 | Correct: 1159/1280 | Difference: 0
Epoch: 15 | Batch: 200 | CrossEntropy-loss: 0.26662 | Correct: 1145/1280 | Difference: 0
Epoch: 15 | Batch: 300 | CrossEntropy-loss: 0.25742 | Correct: 1148/1280 | Difference: 0
Epoch: 15 | Batch: 400 | CrossEntropy-loss: 0.25460 | Correct: 1147/1280 | Difference: 0
Epoch: 15 | Batch: 500 | CrossEntropy-loss: 0.25600 | Correct: 1143/1280 | Difference: 0
Epoch: 15 | Batch: 600 | CrossEntropy-loss: 0.27259 | Correct: 1148/1280 | Difference: 0
Epoch: 15 | Batch: 700 | CrossEntropy-loss: 0.24988 | Correct: 1159/1280 | Difference: 0
Epoch: 15 | Batch: 800 | CrossEntropy-loss: 0.24703 | Correct: 1161/1280 | Difference: 0
Epoch: 15 | Batch: 900 | CrossEntropy-loss: 0.24783 | Correct: 1157/1280 | Difference: 0
Epoch: 15 | Batch: 1000 | CrossEntropy-loss: 0.25623 | Correct: 1153/1280 | Difference: 0
Epoch: 15 | Batch: 1100 | CrossEntropy-loss: 0.28543 | Correct: 1136/1280 | Difference: 0
Epoch: 15 | Batch: 1200 | CrossEntropy-loss: 0.29372 | Correct: 1124/1280 | Difference: 0
Epoch: 15 | Batch: 1300 | CrossEntropy-loss: 0.25556 | Correct: 1167/1280 | Difference: 0
Epoch: 15 | Batch: 1400 | CrossEntropy-loss: 0.28552 | Correct: 1132/1280 | Difference: 0
Epoch: 15 | Batch: 1500 | CrossEntropy-loss: 0.25416 | Correct: 1153/1280 | Difference: 0

Epoch: 15 | Testing Accuracy: 453139/504607 (89.800%) | Historical Best: 89.800% 

Epoch: 16 | Batch: 000 | CrossEntropy-loss: 0.25736 | Correct: 1158/1280 | Difference: 0
Epoch: 16 | Batch: 100 | CrossEntropy-loss: 0.25329 | Correct: 1155/1280 | Difference: 0
Epoch: 16 | Batch: 200 | CrossEntropy-loss: 0.23950 | Correct: 1161/1280 | Difference: 0
Epoch: 16 | Batch: 300 | CrossEntropy-loss: 0.24890 | Correct: 1156/1280 | Difference: 0
Epoch: 16 | Batch: 400 | CrossEntropy-loss: 0.24715 | Correct: 1163/1280 | Difference: 0
Epoch: 16 | Batch: 500 | CrossEntropy-loss: 0.26723 | Correct: 1150/1280 | Difference: 0
Epoch: 16 | Batch: 600 | CrossEntropy-loss: 0.25186 | Correct: 1149/1280 | Difference: 0
Epoch: 16 | Batch: 700 | CrossEntropy-loss: 0.25257 | Correct: 1161/1280 | Difference: 0
Epoch: 16 | Batch: 800 | CrossEntropy-loss: 0.25328 | Correct: 1161/1280 | Difference: 0
Epoch: 16 | Batch: 900 | CrossEntropy-loss: 0.23011 | Correct: 1173/1280 | Difference: 0
Epoch: 16 | Batch: 1000 | CrossEntropy-loss: 0.25180 | Correct: 1147/1280 | Difference: 0
Epoch: 16 | Batch: 1100 | CrossEntropy-loss: 0.26319 | Correct: 1148/1280 | Difference: 0
Epoch: 16 | Batch: 1200 | CrossEntropy-loss: 0.27910 | Correct: 1137/1280 | Difference: 0
Epoch: 16 | Batch: 1300 | CrossEntropy-loss: 0.27289 | Correct: 1138/1280 | Difference: 0
Epoch: 16 | Batch: 1400 | CrossEntropy-loss: 0.26935 | Correct: 1147/1280 | Difference: 0
Epoch: 16 | Batch: 1500 | CrossEntropy-loss: 0.24467 | Correct: 1167/1280 | Difference: 0

Epoch: 16 | Testing Accuracy: 454080/504607 (89.987%) | Historical Best: 89.987% 

Epoch: 17 | Batch: 000 | CrossEntropy-loss: 0.27019 | Correct: 1153/1280 | Difference: 0
Epoch: 17 | Batch: 100 | CrossEntropy-loss: 0.25317 | Correct: 1152/1280 | Difference: 0
Epoch: 17 | Batch: 200 | CrossEntropy-loss: 0.28251 | Correct: 1135/1280 | Difference: 0
Epoch: 17 | Batch: 300 | CrossEntropy-loss: 0.26749 | Correct: 1150/1280 | Difference: 0
Epoch: 17 | Batch: 400 | CrossEntropy-loss: 0.24123 | Correct: 1162/1280 | Difference: 0
Epoch: 17 | Batch: 500 | CrossEntropy-loss: 0.25022 | Correct: 1170/1280 | Difference: 0
Epoch: 17 | Batch: 600 | CrossEntropy-loss: 0.26454 | Correct: 1155/1280 | Difference: 0
Epoch: 17 | Batch: 700 | CrossEntropy-loss: 0.24260 | Correct: 1165/1280 | Difference: 0
Epoch: 17 | Batch: 800 | CrossEntropy-loss: 0.25585 | Correct: 1157/1280 | Difference: 0
Epoch: 17 | Batch: 900 | CrossEntropy-loss: 0.22891 | Correct: 1175/1280 | Difference: 0
Epoch: 17 | Batch: 1000 | CrossEntropy-loss: 0.25960 | Correct: 1155/1280 | Difference: 0
Epoch: 17 | Batch: 1100 | CrossEntropy-loss: 0.22951 | Correct: 1157/1280 | Difference: 0
Epoch: 17 | Batch: 1200 | CrossEntropy-loss: 0.25143 | Correct: 1161/1280 | Difference: 0
Epoch: 17 | Batch: 1300 | CrossEntropy-loss: 0.24823 | Correct: 1159/1280 | Difference: 0
Epoch: 17 | Batch: 1400 | CrossEntropy-loss: 0.25129 | Correct: 1166/1280 | Difference: 0
Epoch: 17 | Batch: 1500 | CrossEntropy-loss: 0.25205 | Correct: 1163/1280 | Difference: 0

Epoch: 17 | Testing Accuracy: 454653/504607 (90.100%) | Historical Best: 90.100% 

Epoch: 18 | Batch: 000 | CrossEntropy-loss: 0.21975 | Correct: 1169/1280 | Difference: 0
Epoch: 18 | Batch: 100 | CrossEntropy-loss: 0.26976 | Correct: 1161/1280 | Difference: 0
Epoch: 18 | Batch: 200 | CrossEntropy-loss: 0.26218 | Correct: 1164/1280 | Difference: 0
Epoch: 18 | Batch: 300 | CrossEntropy-loss: 0.26635 | Correct: 1139/1280 | Difference: 0
Epoch: 18 | Batch: 400 | CrossEntropy-loss: 0.25682 | Correct: 1146/1280 | Difference: 0
Epoch: 18 | Batch: 500 | CrossEntropy-loss: 0.26145 | Correct: 1149/1280 | Difference: 0
Epoch: 18 | Batch: 600 | CrossEntropy-loss: 0.26970 | Correct: 1137/1280 | Difference: 0
Epoch: 18 | Batch: 700 | CrossEntropy-loss: 0.24862 | Correct: 1166/1280 | Difference: 0
Epoch: 18 | Batch: 800 | CrossEntropy-loss: 0.23966 | Correct: 1166/1280 | Difference: 0
Epoch: 18 | Batch: 900 | CrossEntropy-loss: 0.24215 | Correct: 1156/1280 | Difference: 0
Epoch: 18 | Batch: 1000 | CrossEntropy-loss: 0.25269 | Correct: 1172/1280 | Difference: 0
Epoch: 18 | Batch: 1100 | CrossEntropy-loss: 0.25485 | Correct: 1161/1280 | Difference: 0
Epoch: 18 | Batch: 1200 | CrossEntropy-loss: 0.22617 | Correct: 1165/1280 | Difference: 0
Epoch: 18 | Batch: 1300 | CrossEntropy-loss: 0.25899 | Correct: 1149/1280 | Difference: 0
Epoch: 18 | Batch: 1400 | CrossEntropy-loss: 0.23913 | Correct: 1155/1280 | Difference: 0
Epoch: 18 | Batch: 1500 | CrossEntropy-loss: 0.24517 | Correct: 1155/1280 | Difference: 0

Epoch: 18 | Testing Accuracy: 455834/504607 (90.334%) | Historical Best: 90.334% 

Epoch: 19 | Batch: 000 | CrossEntropy-loss: 0.24554 | Correct: 1172/1280 | Difference: 0
Epoch: 19 | Batch: 100 | CrossEntropy-loss: 0.25061 | Correct: 1158/1280 | Difference: 0
Epoch: 19 | Batch: 200 | CrossEntropy-loss: 0.25681 | Correct: 1155/1280 | Difference: 0
Epoch: 19 | Batch: 300 | CrossEntropy-loss: 0.24593 | Correct: 1145/1280 | Difference: 0
Epoch: 19 | Batch: 400 | CrossEntropy-loss: 0.24930 | Correct: 1148/1280 | Difference: 0
Epoch: 19 | Batch: 500 | CrossEntropy-loss: 0.26739 | Correct: 1161/1280 | Difference: 0
Epoch: 19 | Batch: 600 | CrossEntropy-loss: 0.22874 | Correct: 1162/1280 | Difference: 0
Epoch: 19 | Batch: 700 | CrossEntropy-loss: 0.26369 | Correct: 1150/1280 | Difference: 0
Epoch: 19 | Batch: 800 | CrossEntropy-loss: 0.23990 | Correct: 1157/1280 | Difference: 0
Epoch: 19 | Batch: 900 | CrossEntropy-loss: 0.25833 | Correct: 1149/1280 | Difference: 0
Epoch: 19 | Batch: 1000 | CrossEntropy-loss: 0.26863 | Correct: 1151/1280 | Difference: 0
Epoch: 19 | Batch: 1100 | CrossEntropy-loss: 0.23554 | Correct: 1169/1280 | Difference: 0
Epoch: 19 | Batch: 1200 | CrossEntropy-loss: 0.26827 | Correct: 1145/1280 | Difference: 0
Epoch: 19 | Batch: 1300 | CrossEntropy-loss: 0.24366 | Correct: 1157/1280 | Difference: 0
Epoch: 19 | Batch: 1400 | CrossEntropy-loss: 0.24411 | Correct: 1163/1280 | Difference: 0
Epoch: 19 | Batch: 1500 | CrossEntropy-loss: 0.26332 | Correct: 1150/1280 | Difference: 0

Epoch: 19 | Testing Accuracy: 456174/504607 (90.402%) | Historical Best: 90.402% 

Epoch: 20 | Batch: 000 | CrossEntropy-loss: 0.27334 | Correct: 1140/1280 | Difference: 0
Epoch: 20 | Batch: 100 | CrossEntropy-loss: 0.26247 | Correct: 1149/1280 | Difference: 0
Epoch: 20 | Batch: 200 | CrossEntropy-loss: 0.23921 | Correct: 1167/1280 | Difference: 0
Epoch: 20 | Batch: 300 | CrossEntropy-loss: 0.22408 | Correct: 1162/1280 | Difference: 0
Epoch: 20 | Batch: 400 | CrossEntropy-loss: 0.22185 | Correct: 1170/1280 | Difference: 0
Epoch: 20 | Batch: 500 | CrossEntropy-loss: 0.26044 | Correct: 1159/1280 | Difference: 0
Epoch: 20 | Batch: 600 | CrossEntropy-loss: 0.25336 | Correct: 1161/1280 | Difference: 0
Epoch: 20 | Batch: 700 | CrossEntropy-loss: 0.25467 | Correct: 1144/1280 | Difference: 0
Epoch: 20 | Batch: 800 | CrossEntropy-loss: 0.23661 | Correct: 1155/1280 | Difference: 0
Epoch: 20 | Batch: 900 | CrossEntropy-loss: 0.24610 | Correct: 1160/1280 | Difference: 0
Epoch: 20 | Batch: 1000 | CrossEntropy-loss: 0.25223 | Correct: 1154/1280 | Difference: 0
Epoch: 20 | Batch: 1100 | CrossEntropy-loss: 0.23698 | Correct: 1157/1280 | Difference: 0
Epoch: 20 | Batch: 1200 | CrossEntropy-loss: 0.26026 | Correct: 1148/1280 | Difference: 0
Epoch: 20 | Batch: 1300 | CrossEntropy-loss: 0.23718 | Correct: 1165/1280 | Difference: 0
Epoch: 20 | Batch: 1400 | CrossEntropy-loss: 0.23334 | Correct: 1161/1280 | Difference: 0
Epoch: 20 | Batch: 1500 | CrossEntropy-loss: 0.26994 | Correct: 1136/1280 | Difference: 0

Epoch: 20 | Testing Accuracy: 456891/504607 (90.544%) | Historical Best: 90.544% 

Epoch: 21 | Batch: 000 | CrossEntropy-loss: 0.23364 | Correct: 1170/1280 | Difference: 0
Epoch: 21 | Batch: 100 | CrossEntropy-loss: 0.25034 | Correct: 1166/1280 | Difference: 0
Epoch: 21 | Batch: 200 | CrossEntropy-loss: 0.24402 | Correct: 1157/1280 | Difference: 0
Epoch: 21 | Batch: 300 | CrossEntropy-loss: 0.23493 | Correct: 1166/1280 | Difference: 0
Epoch: 21 | Batch: 400 | CrossEntropy-loss: 0.27554 | Correct: 1146/1280 | Difference: 0
Epoch: 21 | Batch: 500 | CrossEntropy-loss: 0.23576 | Correct: 1166/1280 | Difference: 0
Epoch: 21 | Batch: 600 | CrossEntropy-loss: 0.23555 | Correct: 1157/1280 | Difference: 0
Epoch: 21 | Batch: 700 | CrossEntropy-loss: 0.23923 | Correct: 1182/1280 | Difference: 0
Epoch: 21 | Batch: 800 | CrossEntropy-loss: 0.22716 | Correct: 1165/1280 | Difference: 0
Epoch: 21 | Batch: 900 | CrossEntropy-loss: 0.23986 | Correct: 1163/1280 | Difference: 0
Epoch: 21 | Batch: 1000 | CrossEntropy-loss: 0.24858 | Correct: 1149/1280 | Difference: 0
Epoch: 21 | Batch: 1100 | CrossEntropy-loss: 0.23086 | Correct: 1148/1280 | Difference: 0
Epoch: 21 | Batch: 1200 | CrossEntropy-loss: 0.23583 | Correct: 1156/1280 | Difference: 0
Epoch: 21 | Batch: 1300 | CrossEntropy-loss: 0.24457 | Correct: 1161/1280 | Difference: 0
Epoch: 21 | Batch: 1400 | CrossEntropy-loss: 0.26319 | Correct: 1148/1280 | Difference: 0
Epoch: 21 | Batch: 1500 | CrossEntropy-loss: 0.23098 | Correct: 1168/1280 | Difference: 0

Epoch: 21 | Testing Accuracy: 457188/504607 (90.603%) | Historical Best: 90.603% 

Epoch: 22 | Batch: 000 | CrossEntropy-loss: 0.22909 | Correct: 1168/1280 | Difference: 0
Epoch: 22 | Batch: 100 | CrossEntropy-loss: 0.22943 | Correct: 1157/1280 | Difference: 0
Epoch: 22 | Batch: 200 | CrossEntropy-loss: 0.23854 | Correct: 1165/1280 | Difference: 0
Epoch: 22 | Batch: 300 | CrossEntropy-loss: 0.26453 | Correct: 1147/1280 | Difference: 0
Epoch: 22 | Batch: 400 | CrossEntropy-loss: 0.26292 | Correct: 1158/1280 | Difference: 0
Epoch: 22 | Batch: 500 | CrossEntropy-loss: 0.24427 | Correct: 1162/1280 | Difference: 0
Epoch: 22 | Batch: 600 | CrossEntropy-loss: 0.25404 | Correct: 1158/1280 | Difference: 0
Epoch: 22 | Batch: 700 | CrossEntropy-loss: 0.21287 | Correct: 1163/1280 | Difference: 0
Epoch: 22 | Batch: 800 | CrossEntropy-loss: 0.25771 | Correct: 1146/1280 | Difference: 0
Epoch: 22 | Batch: 900 | CrossEntropy-loss: 0.25991 | Correct: 1163/1280 | Difference: 0
Epoch: 22 | Batch: 1000 | CrossEntropy-loss: 0.24629 | Correct: 1155/1280 | Difference: 0
Epoch: 22 | Batch: 1100 | CrossEntropy-loss: 0.24222 | Correct: 1163/1280 | Difference: 0
Epoch: 22 | Batch: 1200 | CrossEntropy-loss: 0.22821 | Correct: 1168/1280 | Difference: 0
Epoch: 22 | Batch: 1300 | CrossEntropy-loss: 0.22488 | Correct: 1184/1280 | Difference: 0
Epoch: 22 | Batch: 1400 | CrossEntropy-loss: 0.22962 | Correct: 1165/1280 | Difference: 0
Epoch: 22 | Batch: 1500 | CrossEntropy-loss: 0.25541 | Correct: 1154/1280 | Difference: 0

Epoch: 22 | Testing Accuracy: 457513/504607 (90.667%) | Historical Best: 90.667% 

Epoch: 23 | Batch: 000 | CrossEntropy-loss: 0.25657 | Correct: 1152/1280 | Difference: 0
Epoch: 23 | Batch: 100 | CrossEntropy-loss: 0.23493 | Correct: 1174/1280 | Difference: 0
Epoch: 23 | Batch: 200 | CrossEntropy-loss: 0.25174 | Correct: 1144/1280 | Difference: 0
Epoch: 23 | Batch: 300 | CrossEntropy-loss: 0.24136 | Correct: 1166/1280 | Difference: 0
Epoch: 23 | Batch: 400 | CrossEntropy-loss: 0.26836 | Correct: 1155/1280 | Difference: 0
Epoch: 23 | Batch: 500 | CrossEntropy-loss: 0.24574 | Correct: 1164/1280 | Difference: 0
Epoch: 23 | Batch: 600 | CrossEntropy-loss: 0.25725 | Correct: 1156/1280 | Difference: 0
Epoch: 23 | Batch: 700 | CrossEntropy-loss: 0.24555 | Correct: 1160/1280 | Difference: 0
Epoch: 23 | Batch: 800 | CrossEntropy-loss: 0.23177 | Correct: 1158/1280 | Difference: 0
Epoch: 23 | Batch: 900 | CrossEntropy-loss: 0.24048 | Correct: 1156/1280 | Difference: 0
Epoch: 23 | Batch: 1000 | CrossEntropy-loss: 0.24207 | Correct: 1164/1280 | Difference: 0
Epoch: 23 | Batch: 1100 | CrossEntropy-loss: 0.28524 | Correct: 1137/1280 | Difference: 0
Epoch: 23 | Batch: 1200 | CrossEntropy-loss: 0.21360 | Correct: 1171/1280 | Difference: 0
Epoch: 23 | Batch: 1300 | CrossEntropy-loss: 0.23644 | Correct: 1172/1280 | Difference: 0
Epoch: 23 | Batch: 1400 | CrossEntropy-loss: 0.25196 | Correct: 1158/1280 | Difference: 0
Epoch: 23 | Batch: 1500 | CrossEntropy-loss: 0.24380 | Correct: 1164/1280 | Difference: 0

Epoch: 23 | Testing Accuracy: 457943/504607 (90.752%) | Historical Best: 90.752% 

Epoch: 24 | Batch: 000 | CrossEntropy-loss: 0.24699 | Correct: 1163/1280 | Difference: 0
Epoch: 24 | Batch: 100 | CrossEntropy-loss: 0.21157 | Correct: 1184/1280 | Difference: 0
Epoch: 24 | Batch: 200 | CrossEntropy-loss: 0.22596 | Correct: 1175/1280 | Difference: 0
Epoch: 24 | Batch: 300 | CrossEntropy-loss: 0.24809 | Correct: 1162/1280 | Difference: 0
Epoch: 24 | Batch: 400 | CrossEntropy-loss: 0.27098 | Correct: 1151/1280 | Difference: 0
Epoch: 24 | Batch: 500 | CrossEntropy-loss: 0.25544 | Correct: 1146/1280 | Difference: 0
Epoch: 24 | Batch: 600 | CrossEntropy-loss: 0.24272 | Correct: 1159/1280 | Difference: 0
Epoch: 24 | Batch: 700 | CrossEntropy-loss: 0.23938 | Correct: 1153/1280 | Difference: 0
Epoch: 24 | Batch: 800 | CrossEntropy-loss: 0.23304 | Correct: 1160/1280 | Difference: 0
Epoch: 24 | Batch: 900 | CrossEntropy-loss: 0.24491 | Correct: 1156/1280 | Difference: 0
Epoch: 24 | Batch: 1000 | CrossEntropy-loss: 0.21990 | Correct: 1171/1280 | Difference: 0
Epoch: 24 | Batch: 1100 | CrossEntropy-loss: 0.22815 | Correct: 1158/1280 | Difference: 0
Epoch: 24 | Batch: 1200 | CrossEntropy-loss: 0.22028 | Correct: 1173/1280 | Difference: 0
Epoch: 24 | Batch: 1300 | CrossEntropy-loss: 0.23798 | Correct: 1166/1280 | Difference: 0
Epoch: 24 | Batch: 1400 | CrossEntropy-loss: 0.24984 | Correct: 1153/1280 | Difference: 0
Epoch: 24 | Batch: 1500 | CrossEntropy-loss: 0.23648 | Correct: 1170/1280 | Difference: 0

Epoch: 24 | Testing Accuracy: 458396/504607 (90.842%) | Historical Best: 90.842% 

Epoch: 25 | Batch: 000 | CrossEntropy-loss: 0.23173 | Correct: 1164/1280 | Difference: 0
Epoch: 25 | Batch: 100 | CrossEntropy-loss: 0.25001 | Correct: 1158/1280 | Difference: 0
Epoch: 25 | Batch: 200 | CrossEntropy-loss: 0.23147 | Correct: 1171/1280 | Difference: 0
Epoch: 25 | Batch: 300 | CrossEntropy-loss: 0.23822 | Correct: 1173/1280 | Difference: 0
Epoch: 25 | Batch: 400 | CrossEntropy-loss: 0.22039 | Correct: 1186/1280 | Difference: 0
Epoch: 25 | Batch: 500 | CrossEntropy-loss: 0.23533 | Correct: 1166/1280 | Difference: 0
Epoch: 25 | Batch: 600 | CrossEntropy-loss: 0.21452 | Correct: 1167/1280 | Difference: 0
Epoch: 25 | Batch: 700 | CrossEntropy-loss: 0.24629 | Correct: 1169/1280 | Difference: 0
Epoch: 25 | Batch: 800 | CrossEntropy-loss: 0.24249 | Correct: 1152/1280 | Difference: 0
Epoch: 25 | Batch: 900 | CrossEntropy-loss: 0.22889 | Correct: 1165/1280 | Difference: 0
Epoch: 25 | Batch: 1000 | CrossEntropy-loss: 0.22476 | Correct: 1168/1280 | Difference: 0
Epoch: 25 | Batch: 1100 | CrossEntropy-loss: 0.25352 | Correct: 1164/1280 | Difference: 0
Epoch: 25 | Batch: 1200 | CrossEntropy-loss: 0.23372 | Correct: 1174/1280 | Difference: 0
Epoch: 25 | Batch: 1300 | CrossEntropy-loss: 0.22500 | Correct: 1178/1280 | Difference: 0
Epoch: 25 | Batch: 1400 | CrossEntropy-loss: 0.22719 | Correct: 1174/1280 | Difference: 0
Epoch: 25 | Batch: 1500 | CrossEntropy-loss: 0.21925 | Correct: 1183/1280 | Difference: 0

Epoch: 25 | Testing Accuracy: 459015/504607 (90.965%) | Historical Best: 90.965% 

Epoch: 26 | Batch: 000 | CrossEntropy-loss: 0.24134 | Correct: 1158/1280 | Difference: 0
Epoch: 26 | Batch: 100 | CrossEntropy-loss: 0.24922 | Correct: 1160/1280 | Difference: 0
Epoch: 26 | Batch: 200 | CrossEntropy-loss: 0.24490 | Correct: 1166/1280 | Difference: 0
Epoch: 26 | Batch: 300 | CrossEntropy-loss: 0.22910 | Correct: 1162/1280 | Difference: 0
Epoch: 26 | Batch: 400 | CrossEntropy-loss: 0.23864 | Correct: 1164/1280 | Difference: 0
Epoch: 26 | Batch: 500 | CrossEntropy-loss: 0.24167 | Correct: 1167/1280 | Difference: 0
Epoch: 26 | Batch: 600 | CrossEntropy-loss: 0.21844 | Correct: 1172/1280 | Difference: 0
Epoch: 26 | Batch: 700 | CrossEntropy-loss: 0.24848 | Correct: 1155/1280 | Difference: 0
Epoch: 26 | Batch: 800 | CrossEntropy-loss: 0.22792 | Correct: 1168/1280 | Difference: 0
Epoch: 26 | Batch: 900 | CrossEntropy-loss: 0.23287 | Correct: 1177/1280 | Difference: 0
Epoch: 26 | Batch: 1000 | CrossEntropy-loss: 0.22809 | Correct: 1185/1280 | Difference: 0
Epoch: 26 | Batch: 1100 | CrossEntropy-loss: 0.22551 | Correct: 1174/1280 | Difference: 0
Epoch: 26 | Batch: 1200 | CrossEntropy-loss: 0.23514 | Correct: 1174/1280 | Difference: 0
Epoch: 26 | Batch: 1300 | CrossEntropy-loss: 0.24277 | Correct: 1165/1280 | Difference: 0
Epoch: 26 | Batch: 1400 | CrossEntropy-loss: 0.23748 | Correct: 1151/1280 | Difference: 0
Epoch: 26 | Batch: 1500 | CrossEntropy-loss: 0.24489 | Correct: 1170/1280 | Difference: 0

Epoch: 26 | Testing Accuracy: 459243/504607 (91.010%) | Historical Best: 91.010% 

Epoch: 27 | Batch: 000 | CrossEntropy-loss: 0.21886 | Correct: 1176/1280 | Difference: 0
Epoch: 27 | Batch: 100 | CrossEntropy-loss: 0.20434 | Correct: 1183/1280 | Difference: 0
Epoch: 27 | Batch: 200 | CrossEntropy-loss: 0.23033 | Correct: 1162/1280 | Difference: 0
Epoch: 27 | Batch: 300 | CrossEntropy-loss: 0.23185 | Correct: 1172/1280 | Difference: 0
Epoch: 27 | Batch: 400 | CrossEntropy-loss: 0.22668 | Correct: 1168/1280 | Difference: 0
Epoch: 27 | Batch: 500 | CrossEntropy-loss: 0.22843 | Correct: 1169/1280 | Difference: 0
Epoch: 27 | Batch: 600 | CrossEntropy-loss: 0.25414 | Correct: 1162/1280 | Difference: 0
Epoch: 27 | Batch: 700 | CrossEntropy-loss: 0.23076 | Correct: 1165/1280 | Difference: 0
Epoch: 27 | Batch: 800 | CrossEntropy-loss: 0.21225 | Correct: 1184/1280 | Difference: 0
Epoch: 27 | Batch: 900 | CrossEntropy-loss: 0.24171 | Correct: 1161/1280 | Difference: 0
Epoch: 27 | Batch: 1000 | CrossEntropy-loss: 0.25664 | Correct: 1153/1280 | Difference: 0
Epoch: 27 | Batch: 1100 | CrossEntropy-loss: 0.22131 | Correct: 1163/1280 | Difference: 0
Epoch: 27 | Batch: 1200 | CrossEntropy-loss: 0.22040 | Correct: 1164/1280 | Difference: 0
Epoch: 27 | Batch: 1300 | CrossEntropy-loss: 0.22740 | Correct: 1175/1280 | Difference: 0
Epoch: 27 | Batch: 1400 | CrossEntropy-loss: 0.19865 | Correct: 1193/1280 | Difference: 0
Epoch: 27 | Batch: 1500 | CrossEntropy-loss: 0.23779 | Correct: 1174/1280 | Difference: 0

Epoch: 27 | Testing Accuracy: 459408/504607 (91.043%) | Historical Best: 91.043% 

Epoch: 28 | Batch: 000 | CrossEntropy-loss: 0.22713 | Correct: 1159/1280 | Difference: 0
Epoch: 28 | Batch: 100 | CrossEntropy-loss: 0.23238 | Correct: 1169/1280 | Difference: 0
Epoch: 28 | Batch: 200 | CrossEntropy-loss: 0.20955 | Correct: 1183/1280 | Difference: 0
Epoch: 28 | Batch: 300 | CrossEntropy-loss: 0.21753 | Correct: 1178/1280 | Difference: 0
Epoch: 28 | Batch: 400 | CrossEntropy-loss: 0.25579 | Correct: 1157/1280 | Difference: 0
Epoch: 28 | Batch: 500 | CrossEntropy-loss: 0.22909 | Correct: 1178/1280 | Difference: 0
Epoch: 28 | Batch: 600 | CrossEntropy-loss: 0.23705 | Correct: 1174/1280 | Difference: 0
Epoch: 28 | Batch: 700 | CrossEntropy-loss: 0.22305 | Correct: 1179/1280 | Difference: 0
Epoch: 28 | Batch: 800 | CrossEntropy-loss: 0.21589 | Correct: 1178/1280 | Difference: 0
Epoch: 28 | Batch: 900 | CrossEntropy-loss: 0.22197 | Correct: 1179/1280 | Difference: 0
Epoch: 28 | Batch: 1000 | CrossEntropy-loss: 0.25390 | Correct: 1168/1280 | Difference: 0
Epoch: 28 | Batch: 1100 | CrossEntropy-loss: 0.22365 | Correct: 1165/1280 | Difference: 0
Epoch: 28 | Batch: 1200 | CrossEntropy-loss: 0.22259 | Correct: 1166/1280 | Difference: 0
Epoch: 28 | Batch: 1300 | CrossEntropy-loss: 0.22054 | Correct: 1183/1280 | Difference: 0
Epoch: 28 | Batch: 1400 | CrossEntropy-loss: 0.22875 | Correct: 1164/1280 | Difference: 0
Epoch: 28 | Batch: 1500 | CrossEntropy-loss: 0.25426 | Correct: 1162/1280 | Difference: 0

Epoch: 28 | Testing Accuracy: 459992/504607 (91.158%) | Historical Best: 91.158% 

Epoch: 29 | Batch: 000 | CrossEntropy-loss: 0.24134 | Correct: 1162/1280 | Difference: 0
Epoch: 29 | Batch: 100 | CrossEntropy-loss: 0.24234 | Correct: 1160/1280 | Difference: 0
Epoch: 29 | Batch: 200 | CrossEntropy-loss: 0.24327 | Correct: 1163/1280 | Difference: 0
Epoch: 29 | Batch: 300 | CrossEntropy-loss: 0.26208 | Correct: 1148/1280 | Difference: 0
Epoch: 29 | Batch: 400 | CrossEntropy-loss: 0.23770 | Correct: 1169/1280 | Difference: 0
Epoch: 29 | Batch: 500 | CrossEntropy-loss: 0.24891 | Correct: 1159/1280 | Difference: 0
Epoch: 29 | Batch: 600 | CrossEntropy-loss: 0.22825 | Correct: 1162/1280 | Difference: 0
Epoch: 29 | Batch: 700 | CrossEntropy-loss: 0.25032 | Correct: 1166/1280 | Difference: 0
Epoch: 29 | Batch: 800 | CrossEntropy-loss: 0.24219 | Correct: 1172/1280 | Difference: 0
Epoch: 29 | Batch: 900 | CrossEntropy-loss: 0.22755 | Correct: 1170/1280 | Difference: 0
Epoch: 29 | Batch: 1000 | CrossEntropy-loss: 0.22850 | Correct: 1176/1280 | Difference: 0
Epoch: 29 | Batch: 1100 | CrossEntropy-loss: 0.25348 | Correct: 1152/1280 | Difference: 0
Epoch: 29 | Batch: 1200 | CrossEntropy-loss: 0.24091 | Correct: 1160/1280 | Difference: 0
Epoch: 29 | Batch: 1300 | CrossEntropy-loss: 0.22177 | Correct: 1163/1280 | Difference: 0
Epoch: 29 | Batch: 1400 | CrossEntropy-loss: 0.22968 | Correct: 1163/1280 | Difference: 0
Epoch: 29 | Batch: 1500 | CrossEntropy-loss: 0.24031 | Correct: 1175/1280 | Difference: 0

Epoch: 29 | Testing Accuracy: 460399/504607 (91.239%) | Historical Best: 91.239% 

Epoch: 30 | Batch: 000 | CrossEntropy-loss: 0.22440 | Correct: 1176/1280 | Difference: 0
Epoch: 30 | Batch: 100 | CrossEntropy-loss: 0.25860 | Correct: 1159/1280 | Difference: 0
Epoch: 30 | Batch: 200 | CrossEntropy-loss: 0.23828 | Correct: 1159/1280 | Difference: 0
Epoch: 30 | Batch: 300 | CrossEntropy-loss: 0.22778 | Correct: 1182/1280 | Difference: 0
Epoch: 30 | Batch: 400 | CrossEntropy-loss: 0.22807 | Correct: 1169/1280 | Difference: 0
Epoch: 30 | Batch: 500 | CrossEntropy-loss: 0.18808 | Correct: 1187/1280 | Difference: 0
Epoch: 30 | Batch: 600 | CrossEntropy-loss: 0.23282 | Correct: 1156/1280 | Difference: 0
Epoch: 30 | Batch: 700 | CrossEntropy-loss: 0.21969 | Correct: 1174/1280 | Difference: 0
Epoch: 30 | Batch: 800 | CrossEntropy-loss: 0.23622 | Correct: 1162/1280 | Difference: 0
Epoch: 30 | Batch: 900 | CrossEntropy-loss: 0.23060 | Correct: 1169/1280 | Difference: 0
Epoch: 30 | Batch: 1000 | CrossEntropy-loss: 0.18419 | Correct: 1190/1280 | Difference: 0
Epoch: 30 | Batch: 1100 | CrossEntropy-loss: 0.20305 | Correct: 1169/1280 | Difference: 0
Epoch: 30 | Batch: 1200 | CrossEntropy-loss: 0.19030 | Correct: 1190/1280 | Difference: 0
Epoch: 30 | Batch: 1300 | CrossEntropy-loss: 0.19798 | Correct: 1181/1280 | Difference: 0
Epoch: 30 | Batch: 1400 | CrossEntropy-loss: 0.22463 | Correct: 1176/1280 | Difference: 0
Epoch: 30 | Batch: 1500 | CrossEntropy-loss: 0.24337 | Correct: 1168/1280 | Difference: 0

Epoch: 30 | Testing Accuracy: 460672/504607 (91.293%) | Historical Best: 91.293% 

Epoch: 31 | Batch: 000 | CrossEntropy-loss: 0.21953 | Correct: 1172/1280 | Difference: 0
Epoch: 31 | Batch: 100 | CrossEntropy-loss: 0.21141 | Correct: 1178/1280 | Difference: 0
Epoch: 31 | Batch: 200 | CrossEntropy-loss: 0.23778 | Correct: 1181/1280 | Difference: 0
Epoch: 31 | Batch: 300 | CrossEntropy-loss: 0.23904 | Correct: 1171/1280 | Difference: 0
Epoch: 31 | Batch: 400 | CrossEntropy-loss: 0.23478 | Correct: 1159/1280 | Difference: 0
Epoch: 31 | Batch: 500 | CrossEntropy-loss: 0.26007 | Correct: 1156/1280 | Difference: 0
Epoch: 31 | Batch: 600 | CrossEntropy-loss: 0.21233 | Correct: 1170/1280 | Difference: 0
Epoch: 31 | Batch: 700 | CrossEntropy-loss: 0.23888 | Correct: 1157/1280 | Difference: 0
Epoch: 31 | Batch: 800 | CrossEntropy-loss: 0.23877 | Correct: 1159/1280 | Difference: 0
Epoch: 31 | Batch: 900 | CrossEntropy-loss: 0.22035 | Correct: 1174/1280 | Difference: 0
Epoch: 31 | Batch: 1000 | CrossEntropy-loss: 0.22940 | Correct: 1177/1280 | Difference: 0
Epoch: 31 | Batch: 1100 | CrossEntropy-loss: 0.20329 | Correct: 1186/1280 | Difference: 0
Epoch: 31 | Batch: 1200 | CrossEntropy-loss: 0.23948 | Correct: 1157/1280 | Difference: 0
Epoch: 31 | Batch: 1300 | CrossEntropy-loss: 0.22160 | Correct: 1176/1280 | Difference: 0
Epoch: 31 | Batch: 1400 | CrossEntropy-loss: 0.20828 | Correct: 1182/1280 | Difference: 0
Epoch: 31 | Batch: 1500 | CrossEntropy-loss: 0.25023 | Correct: 1166/1280 | Difference: 0

Epoch: 31 | Testing Accuracy: 460952/504607 (91.349%) | Historical Best: 91.349% 

Epoch: 32 | Batch: 000 | CrossEntropy-loss: 0.22562 | Correct: 1165/1280 | Difference: 0
Epoch: 32 | Batch: 100 | CrossEntropy-loss: 0.23409 | Correct: 1170/1280 | Difference: 0
Epoch: 32 | Batch: 200 | CrossEntropy-loss: 0.23750 | Correct: 1169/1280 | Difference: 0
Epoch: 32 | Batch: 300 | CrossEntropy-loss: 0.22375 | Correct: 1170/1280 | Difference: 0
Epoch: 32 | Batch: 400 | CrossEntropy-loss: 0.23968 | Correct: 1169/1280 | Difference: 0
Epoch: 32 | Batch: 500 | CrossEntropy-loss: 0.22510 | Correct: 1172/1280 | Difference: 0
Epoch: 32 | Batch: 600 | CrossEntropy-loss: 0.25424 | Correct: 1166/1280 | Difference: 0
Epoch: 32 | Batch: 700 | CrossEntropy-loss: 0.22005 | Correct: 1182/1280 | Difference: 0
Epoch: 32 | Batch: 800 | CrossEntropy-loss: 0.23859 | Correct: 1159/1280 | Difference: 0
Epoch: 32 | Batch: 900 | CrossEntropy-loss: 0.27260 | Correct: 1147/1280 | Difference: 0
Epoch: 32 | Batch: 1000 | CrossEntropy-loss: 0.23447 | Correct: 1162/1280 | Difference: 0
Epoch: 32 | Batch: 1100 | CrossEntropy-loss: 0.22308 | Correct: 1176/1280 | Difference: 0
Epoch: 32 | Batch: 1200 | CrossEntropy-loss: 0.23760 | Correct: 1168/1280 | Difference: 0
Epoch: 32 | Batch: 1300 | CrossEntropy-loss: 0.22715 | Correct: 1173/1280 | Difference: 0
Epoch: 32 | Batch: 1400 | CrossEntropy-loss: 0.23576 | Correct: 1162/1280 | Difference: 0
Epoch: 32 | Batch: 1500 | CrossEntropy-loss: 0.20788 | Correct: 1180/1280 | Difference: 0

Epoch: 32 | Testing Accuracy: 461247/504607 (91.407%) | Historical Best: 91.407% 

Epoch: 33 | Batch: 000 | CrossEntropy-loss: 0.23307 | Correct: 1168/1280 | Difference: 0
Epoch: 33 | Batch: 100 | CrossEntropy-loss: 0.23784 | Correct: 1172/1280 | Difference: 0
Epoch: 33 | Batch: 200 | CrossEntropy-loss: 0.23187 | Correct: 1163/1280 | Difference: 0
Epoch: 33 | Batch: 300 | CrossEntropy-loss: 0.22479 | Correct: 1177/1280 | Difference: 0
Epoch: 33 | Batch: 400 | CrossEntropy-loss: 0.18674 | Correct: 1202/1280 | Difference: 0
Epoch: 33 | Batch: 500 | CrossEntropy-loss: 0.23161 | Correct: 1155/1280 | Difference: 0
Epoch: 33 | Batch: 600 | CrossEntropy-loss: 0.22643 | Correct: 1172/1280 | Difference: 0
Epoch: 33 | Batch: 700 | CrossEntropy-loss: 0.21132 | Correct: 1185/1280 | Difference: 0
Epoch: 33 | Batch: 800 | CrossEntropy-loss: 0.22594 | Correct: 1169/1280 | Difference: 0
Epoch: 33 | Batch: 900 | CrossEntropy-loss: 0.20864 | Correct: 1183/1280 | Difference: 0
Epoch: 33 | Batch: 1000 | CrossEntropy-loss: 0.22732 | Correct: 1178/1280 | Difference: 0
Epoch: 33 | Batch: 1100 | CrossEntropy-loss: 0.21395 | Correct: 1173/1280 | Difference: 0
Epoch: 33 | Batch: 1200 | CrossEntropy-loss: 0.19407 | Correct: 1192/1280 | Difference: 0
Epoch: 33 | Batch: 1300 | CrossEntropy-loss: 0.23686 | Correct: 1179/1280 | Difference: 0
Epoch: 33 | Batch: 1400 | CrossEntropy-loss: 0.20853 | Correct: 1168/1280 | Difference: 0
Epoch: 33 | Batch: 1500 | CrossEntropy-loss: 0.25667 | Correct: 1150/1280 | Difference: 0

Epoch: 33 | Testing Accuracy: 461767/504607 (91.510%) | Historical Best: 91.510% 

Epoch: 34 | Batch: 000 | CrossEntropy-loss: 0.21849 | Correct: 1174/1280 | Difference: 0
Epoch: 34 | Batch: 100 | CrossEntropy-loss: 0.25444 | Correct: 1150/1280 | Difference: 0
Epoch: 34 | Batch: 200 | CrossEntropy-loss: 0.24138 | Correct: 1169/1280 | Difference: 0
Epoch: 34 | Batch: 300 | CrossEntropy-loss: 0.20577 | Correct: 1192/1280 | Difference: 0
Epoch: 34 | Batch: 400 | CrossEntropy-loss: 0.21948 | Correct: 1184/1280 | Difference: 0
Epoch: 34 | Batch: 500 | CrossEntropy-loss: 0.24446 | Correct: 1167/1280 | Difference: 0
Epoch: 34 | Batch: 600 | CrossEntropy-loss: 0.23785 | Correct: 1173/1280 | Difference: 0
Epoch: 34 | Batch: 700 | CrossEntropy-loss: 0.21846 | Correct: 1163/1280 | Difference: 0
Epoch: 34 | Batch: 800 | CrossEntropy-loss: 0.22239 | Correct: 1175/1280 | Difference: 0
Epoch: 34 | Batch: 900 | CrossEntropy-loss: 0.21340 | Correct: 1184/1280 | Difference: 0
Epoch: 34 | Batch: 1000 | CrossEntropy-loss: 0.22287 | Correct: 1174/1280 | Difference: 0
Epoch: 34 | Batch: 1100 | CrossEntropy-loss: 0.22120 | Correct: 1165/1280 | Difference: 0
Epoch: 34 | Batch: 1200 | CrossEntropy-loss: 0.19079 | Correct: 1183/1280 | Difference: 0
Epoch: 34 | Batch: 1300 | CrossEntropy-loss: 0.19834 | Correct: 1188/1280 | Difference: 0
Epoch: 34 | Batch: 1400 | CrossEntropy-loss: 0.24012 | Correct: 1156/1280 | Difference: 0
Epoch: 34 | Batch: 1500 | CrossEntropy-loss: 0.23967 | Correct: 1170/1280 | Difference: 0

Epoch: 34 | Testing Accuracy: 461751/504607 (91.507%) | Historical Best: 91.510% 

Epoch: 35 | Batch: 000 | CrossEntropy-loss: 0.23042 | Correct: 1165/1280 | Difference: 0
Epoch: 35 | Batch: 100 | CrossEntropy-loss: 0.20526 | Correct: 1179/1280 | Difference: 0
Epoch: 35 | Batch: 200 | CrossEntropy-loss: 0.18796 | Correct: 1186/1280 | Difference: 0
Epoch: 35 | Batch: 300 | CrossEntropy-loss: 0.20590 | Correct: 1177/1280 | Difference: 0
Epoch: 35 | Batch: 400 | CrossEntropy-loss: 0.23198 | Correct: 1180/1280 | Difference: 0
Epoch: 35 | Batch: 500 | CrossEntropy-loss: 0.19963 | Correct: 1184/1280 | Difference: 0
Epoch: 35 | Batch: 600 | CrossEntropy-loss: 0.21765 | Correct: 1173/1280 | Difference: 0
Epoch: 35 | Batch: 700 | CrossEntropy-loss: 0.23138 | Correct: 1170/1280 | Difference: 0
Epoch: 35 | Batch: 800 | CrossEntropy-loss: 0.25189 | Correct: 1169/1280 | Difference: 0
Epoch: 35 | Batch: 900 | CrossEntropy-loss: 0.23568 | Correct: 1154/1280 | Difference: 0
Epoch: 35 | Batch: 1000 | CrossEntropy-loss: 0.20929 | Correct: 1173/1280 | Difference: 0
Epoch: 35 | Batch: 1100 | CrossEntropy-loss: 0.23287 | Correct: 1162/1280 | Difference: 0
Epoch: 35 | Batch: 1200 | CrossEntropy-loss: 0.22288 | Correct: 1176/1280 | Difference: 0
Epoch: 35 | Batch: 1300 | CrossEntropy-loss: 0.21821 | Correct: 1181/1280 | Difference: 0
Epoch: 35 | Batch: 1400 | CrossEntropy-loss: 0.21626 | Correct: 1176/1280 | Difference: 0
Epoch: 35 | Batch: 1500 | CrossEntropy-loss: 0.23406 | Correct: 1173/1280 | Difference: 0

Epoch: 35 | Testing Accuracy: 462520/504607 (91.659%) | Historical Best: 91.659% 

Epoch: 36 | Batch: 000 | CrossEntropy-loss: 0.23048 | Correct: 1173/1280 | Difference: 0
Epoch: 36 | Batch: 100 | CrossEntropy-loss: 0.22134 | Correct: 1167/1280 | Difference: 0
Epoch: 36 | Batch: 200 | CrossEntropy-loss: 0.21830 | Correct: 1175/1280 | Difference: 0
Epoch: 36 | Batch: 300 | CrossEntropy-loss: 0.21950 | Correct: 1192/1280 | Difference: 0
Epoch: 36 | Batch: 400 | CrossEntropy-loss: 0.22296 | Correct: 1173/1280 | Difference: 0
Epoch: 36 | Batch: 500 | CrossEntropy-loss: 0.22202 | Correct: 1181/1280 | Difference: 0
Epoch: 36 | Batch: 600 | CrossEntropy-loss: 0.22677 | Correct: 1170/1280 | Difference: 0
Epoch: 36 | Batch: 700 | CrossEntropy-loss: 0.21086 | Correct: 1190/1280 | Difference: 0
Epoch: 36 | Batch: 800 | CrossEntropy-loss: 0.21685 | Correct: 1182/1280 | Difference: 0
Epoch: 36 | Batch: 900 | CrossEntropy-loss: 0.20309 | Correct: 1182/1280 | Difference: 0
Epoch: 36 | Batch: 1000 | CrossEntropy-loss: 0.20920 | Correct: 1174/1280 | Difference: 0
Epoch: 36 | Batch: 1100 | CrossEntropy-loss: 0.23711 | Correct: 1173/1280 | Difference: 0
Epoch: 36 | Batch: 1200 | CrossEntropy-loss: 0.20326 | Correct: 1184/1280 | Difference: 0
Epoch: 36 | Batch: 1300 | CrossEntropy-loss: 0.20621 | Correct: 1178/1280 | Difference: 0
Epoch: 36 | Batch: 1400 | CrossEntropy-loss: 0.22973 | Correct: 1173/1280 | Difference: 0
Epoch: 36 | Batch: 1500 | CrossEntropy-loss: 0.23715 | Correct: 1165/1280 | Difference: 0

Epoch: 36 | Testing Accuracy: 462453/504607 (91.646%) | Historical Best: 91.659% 

Epoch: 37 | Batch: 000 | CrossEntropy-loss: 0.21712 | Correct: 1184/1280 | Difference: 0
Epoch: 37 | Batch: 100 | CrossEntropy-loss: 0.21446 | Correct: 1183/1280 | Difference: 0
Epoch: 37 | Batch: 200 | CrossEntropy-loss: 0.22068 | Correct: 1176/1280 | Difference: 0
Epoch: 37 | Batch: 300 | CrossEntropy-loss: 0.20955 | Correct: 1174/1280 | Difference: 0
Epoch: 37 | Batch: 400 | CrossEntropy-loss: 0.21164 | Correct: 1165/1280 | Difference: 0
Epoch: 37 | Batch: 500 | CrossEntropy-loss: 0.23300 | Correct: 1174/1280 | Difference: 0
Epoch: 37 | Batch: 600 | CrossEntropy-loss: 0.21605 | Correct: 1166/1280 | Difference: 0
Epoch: 37 | Batch: 700 | CrossEntropy-loss: 0.23182 | Correct: 1173/1280 | Difference: 0
Epoch: 37 | Batch: 800 | CrossEntropy-loss: 0.24486 | Correct: 1149/1280 | Difference: 0
Epoch: 37 | Batch: 900 | CrossEntropy-loss: 0.21682 | Correct: 1187/1280 | Difference: 0
Epoch: 37 | Batch: 1000 | CrossEntropy-loss: 0.22531 | Correct: 1174/1280 | Difference: 0
Epoch: 37 | Batch: 1100 | CrossEntropy-loss: 0.22320 | Correct: 1178/1280 | Difference: 0
Epoch: 37 | Batch: 1200 | CrossEntropy-loss: 0.25011 | Correct: 1168/1280 | Difference: 0
Epoch: 37 | Batch: 1300 | CrossEntropy-loss: 0.18801 | Correct: 1195/1280 | Difference: 0
Epoch: 37 | Batch: 1400 | CrossEntropy-loss: 0.21686 | Correct: 1178/1280 | Difference: 0
Epoch: 37 | Batch: 1500 | CrossEntropy-loss: 0.20462 | Correct: 1183/1280 | Difference: 0

Epoch: 37 | Testing Accuracy: 462775/504607 (91.710%) | Historical Best: 91.710% 

Epoch: 38 | Batch: 000 | CrossEntropy-loss: 0.23366 | Correct: 1161/1280 | Difference: 0
Epoch: 38 | Batch: 100 | CrossEntropy-loss: 0.21279 | Correct: 1178/1280 | Difference: 0
Epoch: 38 | Batch: 200 | CrossEntropy-loss: 0.21964 | Correct: 1186/1280 | Difference: 0
Epoch: 38 | Batch: 300 | CrossEntropy-loss: 0.21606 | Correct: 1173/1280 | Difference: 0
Epoch: 38 | Batch: 400 | CrossEntropy-loss: 0.24521 | Correct: 1173/1280 | Difference: 0
Epoch: 38 | Batch: 500 | CrossEntropy-loss: 0.22354 | Correct: 1176/1280 | Difference: 0
Epoch: 38 | Batch: 600 | CrossEntropy-loss: 0.21471 | Correct: 1175/1280 | Difference: 0
Epoch: 38 | Batch: 700 | CrossEntropy-loss: 0.23550 | Correct: 1178/1280 | Difference: 0
Epoch: 38 | Batch: 800 | CrossEntropy-loss: 0.20069 | Correct: 1193/1280 | Difference: 0
Epoch: 38 | Batch: 900 | CrossEntropy-loss: 0.20604 | Correct: 1175/1280 | Difference: 0
Epoch: 38 | Batch: 1000 | CrossEntropy-loss: 0.22453 | Correct: 1171/1280 | Difference: 0
Epoch: 38 | Batch: 1100 | CrossEntropy-loss: 0.20222 | Correct: 1176/1280 | Difference: 0
Epoch: 38 | Batch: 1200 | CrossEntropy-loss: 0.22078 | Correct: 1166/1280 | Difference: 0
Epoch: 38 | Batch: 1300 | CrossEntropy-loss: 0.21540 | Correct: 1176/1280 | Difference: 0
Epoch: 38 | Batch: 1400 | CrossEntropy-loss: 0.23327 | Correct: 1173/1280 | Difference: 0
Epoch: 38 | Batch: 1500 | CrossEntropy-loss: 0.24194 | Correct: 1167/1280 | Difference: 0

Epoch: 38 | Testing Accuracy: 462764/504607 (91.708%) | Historical Best: 91.710% 

Epoch: 39 | Batch: 000 | CrossEntropy-loss: 0.20024 | Correct: 1187/1280 | Difference: 0
Epoch: 39 | Batch: 100 | CrossEntropy-loss: 0.21505 | Correct: 1170/1280 | Difference: 0
Epoch: 39 | Batch: 200 | CrossEntropy-loss: 0.20958 | Correct: 1178/1280 | Difference: 0
Epoch: 39 | Batch: 300 | CrossEntropy-loss: 0.22403 | Correct: 1170/1280 | Difference: 0
Epoch: 39 | Batch: 400 | CrossEntropy-loss: 0.21386 | Correct: 1186/1280 | Difference: 0
Epoch: 39 | Batch: 500 | CrossEntropy-loss: 0.22628 | Correct: 1181/1280 | Difference: 0
Epoch: 39 | Batch: 600 | CrossEntropy-loss: 0.22639 | Correct: 1179/1280 | Difference: 0
Epoch: 39 | Batch: 700 | CrossEntropy-loss: 0.19390 | Correct: 1188/1280 | Difference: 0
Epoch: 39 | Batch: 800 | CrossEntropy-loss: 0.24741 | Correct: 1164/1280 | Difference: 0
Epoch: 39 | Batch: 900 | CrossEntropy-loss: 0.20071 | Correct: 1180/1280 | Difference: 0
Epoch: 39 | Batch: 1000 | CrossEntropy-loss: 0.19699 | Correct: 1182/1280 | Difference: 0
Epoch: 39 | Batch: 1100 | CrossEntropy-loss: 0.19993 | Correct: 1197/1280 | Difference: 0
Epoch: 39 | Batch: 1200 | CrossEntropy-loss: 0.20332 | Correct: 1196/1280 | Difference: 0
Epoch: 39 | Batch: 1300 | CrossEntropy-loss: 0.23504 | Correct: 1173/1280 | Difference: 0
Epoch: 39 | Batch: 1400 | CrossEntropy-loss: 0.23410 | Correct: 1161/1280 | Difference: 0
Epoch: 39 | Batch: 1500 | CrossEntropy-loss: 0.21763 | Correct: 1172/1280 | Difference: 0

Epoch: 39 | Testing Accuracy: 463187/504607 (91.792%) | Historical Best: 91.792% 

Epoch: 40 | Batch: 000 | CrossEntropy-loss: 0.21662 | Correct: 1174/1280 | Difference: 0
Epoch: 40 | Batch: 100 | CrossEntropy-loss: 0.21496 | Correct: 1192/1280 | Difference: 0
Epoch: 40 | Batch: 200 | CrossEntropy-loss: 0.21051 | Correct: 1185/1280 | Difference: 0
Epoch: 40 | Batch: 300 | CrossEntropy-loss: 0.23342 | Correct: 1173/1280 | Difference: 0
Epoch: 40 | Batch: 400 | CrossEntropy-loss: 0.22452 | Correct: 1178/1280 | Difference: 0
Epoch: 40 | Batch: 500 | CrossEntropy-loss: 0.24104 | Correct: 1174/1280 | Difference: 0
Epoch: 40 | Batch: 600 | CrossEntropy-loss: 0.22694 | Correct: 1169/1280 | Difference: 0
Epoch: 40 | Batch: 700 | CrossEntropy-loss: 0.25066 | Correct: 1165/1280 | Difference: 0
Epoch: 40 | Batch: 800 | CrossEntropy-loss: 0.17661 | Correct: 1200/1280 | Difference: 0
Epoch: 40 | Batch: 900 | CrossEntropy-loss: 0.24429 | Correct: 1150/1280 | Difference: 0
Epoch: 40 | Batch: 1000 | CrossEntropy-loss: 0.23026 | Correct: 1171/1280 | Difference: 0
Epoch: 40 | Batch: 1100 | CrossEntropy-loss: 0.22278 | Correct: 1181/1280 | Difference: 0
Epoch: 40 | Batch: 1200 | CrossEntropy-loss: 0.19216 | Correct: 1195/1280 | Difference: 0
Epoch: 40 | Batch: 1300 | CrossEntropy-loss: 0.23048 | Correct: 1169/1280 | Difference: 0
Epoch: 40 | Batch: 1400 | CrossEntropy-loss: 0.23167 | Correct: 1171/1280 | Difference: 0
Epoch: 40 | Batch: 1500 | CrossEntropy-loss: 0.22153 | Correct: 1184/1280 | Difference: 0

Epoch: 40 | Testing Accuracy: 463224/504607 (91.799%) | Historical Best: 91.799% 

