compute002
1
/home/zihan/anaconda3/envs/exp/lib/python3.6/site-packages/gym/envs/registration.py:14: PkgResourcesDeprecationWarning: Parameters to load are deprecated.  Call .resolve and .require separately.
  result = entry_point.load(False)
4 2
# of episode :20, reward : 15.0, episode length: 15
# of episode :40, reward : 12.0, episode length: 12
# of episode :60, reward : 26.0, episode length: 26
# of episode :80, reward : 16.0, episode length: 16
# of episode :100, reward : 21.0, episode length: 21
# of episode :120, reward : 15.0, episode length: 15
# of episode :140, reward : 17.0, episode length: 17
# of episode :160, reward : 83.0, episode length: 83
# of episode :180, reward : 23.0, episode length: 23
# of episode :200, reward : 18.0, episode length: 18
# of episode :220, reward : 14.0, episode length: 14
# of episode :240, reward : 18.0, episode length: 18
# of episode :260, reward : 28.0, episode length: 28
# of episode :280, reward : 16.0, episode length: 16
# of episode :300, reward : 25.0, episode length: 25
# of episode :320, reward : 40.0, episode length: 40
# of episode :340, reward : 70.0, episode length: 70
# of episode :360, reward : 29.0, episode length: 29
# of episode :380, reward : 23.0, episode length: 23
# of episode :400, reward : 27.0, episode length: 27
# of episode :420, reward : 37.0, episode length: 37
# of episode :440, reward : 18.0, episode length: 18
# of episode :460, reward : 37.0, episode length: 37
# of episode :480, reward : 44.0, episode length: 44
# of episode :500, reward : 39.0, episode length: 39
# of episode :520, reward : 25.0, episode length: 25
# of episode :540, reward : 47.0, episode length: 47
# of episode :560, reward : 50.0, episode length: 50
# of episode :580, reward : 26.0, episode length: 26
# of episode :600, reward : 52.0, episode length: 52
# of episode :620, reward : 41.0, episode length: 41
# of episode :640, reward : 19.0, episode length: 19
# of episode :660, reward : 17.0, episode length: 17
# of episode :680, reward : 28.0, episode length: 28
# of episode :700, reward : 51.0, episode length: 51
# of episode :720, reward : 54.0, episode length: 54
# of episode :740, reward : 45.0, episode length: 45
# of episode :760, reward : 16.0, episode length: 16
# of episode :780, reward : 16.0, episode length: 16
# of episode :800, reward : 116.0, episode length: 116
# of episode :820, reward : 38.0, episode length: 38
# of episode :840, reward : 50.0, episode length: 50
# of episode :860, reward : 46.0, episode length: 46
# of episode :880, reward : 47.0, episode length: 47
# of episode :900, reward : 68.0, episode length: 68
# of episode :920, reward : 24.0, episode length: 24
# of episode :940, reward : 45.0, episode length: 45
# of episode :960, reward : 85.0, episode length: 85
# of episode :980, reward : 75.0, episode length: 75
# of episode :1000, reward : 37.0, episode length: 37
# of episode :1020, reward : 51.0, episode length: 51
# of episode :1040, reward : 73.0, episode length: 73
# of episode :1060, reward : 46.0, episode length: 46
# of episode :1080, reward : 70.0, episode length: 70
# of episode :1100, reward : 85.0, episode length: 85
# of episode :1120, reward : 29.0, episode length: 29
# of episode :1140, reward : 36.0, episode length: 36
# of episode :1160, reward : 61.0, episode length: 61
# of episode :1180, reward : 62.0, episode length: 62
# of episode :1200, reward : 69.0, episode length: 69
# of episode :1220, reward : 22.0, episode length: 22
# of episode :1240, reward : 38.0, episode length: 38
# of episode :1260, reward : 69.0, episode length: 69
# of episode :1280, reward : 94.0, episode length: 94
# of episode :1300, reward : 146.0, episode length: 146
# of episode :1320, reward : 59.0, episode length: 59
# of episode :1340, reward : 40.0, episode length: 40
# of episode :1360, reward : 63.0, episode length: 63
# of episode :1380, reward : 109.0, episode length: 109
# of episode :1400, reward : 107.0, episode length: 107
# of episode :1420, reward : 94.0, episode length: 94
# of episode :1440, reward : 141.0, episode length: 141
# of episode :1460, reward : 139.0, episode length: 139
# of episode :1480, reward : 363.0, episode length: 363
# of episode :1500, reward : 178.0, episode length: 178
# of episode :1520, reward : 230.0, episode length: 230
# of episode :1540, reward : 147.0, episode length: 147
# of episode :1560, reward : 428.0, episode length: 428
# of episode :1580, reward : 111.0, episode length: 111
# of episode :1600, reward : 130.0, episode length: 130
# of episode :1620, reward : 114.0, episode length: 114
# of episode :1640, reward : 100.0, episode length: 100
# of episode :1660, reward : 123.0, episode length: 123
# of episode :1680, reward : 156.0, episode length: 156
# of episode :1700, reward : 162.0, episode length: 162
# of episode :1720, reward : 178.0, episode length: 178
# of episode :1740, reward : 36.0, episode length: 36
# of episode :1760, reward : 137.0, episode length: 137
# of episode :1780, reward : 288.0, episode length: 288
# of episode :1800, reward : 178.0, episode length: 178
# of episode :1820, reward : 195.0, episode length: 195
# of episode :1840, reward : 143.0, episode length: 143
# of episode :1860, reward : 165.0, episode length: 165
# of episode :1880, reward : 102.0, episode length: 102
# of episode :1900, reward : 239.0, episode length: 239
# of episode :1920, reward : 208.0, episode length: 208
# of episode :1940, reward : 212.0, episode length: 212
# of episode :1960, reward : 221.0, episode length: 221
# of episode :1980, reward : 120.0, episode length: 120
# of episode :2000, reward : 492.0, episode length: 492
# of episode :2020, reward : 189.0, episode length: 189
# of episode :2040, reward : 381.0, episode length: 381
# of episode :2060, reward : 284.0, episode length: 284
# of episode :2080, reward : 121.0, episode length: 121
# of episode :2100, reward : 115.0, episode length: 115
# of episode :2120, reward : 500.0, episode length: 500
# of episode :2140, reward : 449.0, episode length: 449
# of episode :2160, reward : 217.0, episode length: 217
# of episode :2180, reward : 293.0, episode length: 293
# of episode :2200, reward : 354.0, episode length: 354
# of episode :2220, reward : 330.0, episode length: 330
# of episode :2240, reward : 194.0, episode length: 194
# of episode :2260, reward : 500.0, episode length: 500
# of episode :2280, reward : 161.0, episode length: 161
# of episode :2300, reward : 500.0, episode length: 500
# of episode :2320, reward : 416.0, episode length: 416
# of episode :2340, reward : 194.0, episode length: 194
# of episode :2360, reward : 500.0, episode length: 500
# of episode :2380, reward : 192.0, episode length: 192
# of episode :2400, reward : 500.0, episode length: 500
# of episode :2420, reward : 500.0, episode length: 500
# of episode :2440, reward : 500.0, episode length: 500
# of episode :2460, reward : 143.0, episode length: 143
# of episode :2480, reward : 500.0, episode length: 500
# of episode :2500, reward : 497.0, episode length: 497
# of episode :2520, reward : 210.0, episode length: 210
# of episode :2540, reward : 493.0, episode length: 493
# of episode :2560, reward : 152.0, episode length: 152
# of episode :2580, reward : 405.0, episode length: 405
# of episode :2600, reward : 213.0, episode length: 213
# of episode :2620, reward : 388.0, episode length: 388
# of episode :2640, reward : 352.0, episode length: 352
# of episode :2660, reward : 500.0, episode length: 500
# of episode :2680, reward : 500.0, episode length: 500
# of episode :2700, reward : 180.0, episode length: 180
# of episode :2720, reward : 399.0, episode length: 399
# of episode :2740, reward : 500.0, episode length: 500
# of episode :2760, reward : 436.0, episode length: 436
# of episode :2780, reward : 500.0, episode length: 500
# of episode :2800, reward : 137.0, episode length: 137
# of episode :2820, reward : 329.0, episode length: 329
# of episode :2840, reward : 407.0, episode length: 407
# of episode :2860, reward : 500.0, episode length: 500
# of episode :2880, reward : 500.0, episode length: 500
# of episode :2900, reward : 424.0, episode length: 424
# of episode :2920, reward : 283.0, episode length: 283
# of episode :2940, reward : 109.0, episode length: 109
# of episode :2960, reward : 405.0, episode length: 405
# of episode :2980, reward : 298.0, episode length: 298
