compute008
3
/home/zihan/anaconda3/envs/exp/lib/python3.6/site-packages/tensorboard/compat/tensorflow_stub/dtypes.py:541: FutureWarning: Passing (type, 1) or '1type' as a synonym of type is deprecated; in a future version of numpy, it will be understood as (type, (1,)) / '(1,)type'.
  _np_qint8 = np.dtype([("qint8", np.int8, 1)])
/home/zihan/anaconda3/envs/exp/lib/python3.6/site-packages/tensorboard/compat/tensorflow_stub/dtypes.py:542: FutureWarning: Passing (type, 1) or '1type' as a synonym of type is deprecated; in a future version of numpy, it will be understood as (type, (1,)) / '(1,)type'.
  _np_quint8 = np.dtype([("quint8", np.uint8, 1)])
/home/zihan/anaconda3/envs/exp/lib/python3.6/site-packages/tensorboard/compat/tensorflow_stub/dtypes.py:543: FutureWarning: Passing (type, 1) or '1type' as a synonym of type is deprecated; in a future version of numpy, it will be understood as (type, (1,)) / '(1,)type'.
  _np_qint16 = np.dtype([("qint16", np.int16, 1)])
/home/zihan/anaconda3/envs/exp/lib/python3.6/site-packages/tensorboard/compat/tensorflow_stub/dtypes.py:544: FutureWarning: Passing (type, 1) or '1type' as a synonym of type is deprecated; in a future version of numpy, it will be understood as (type, (1,)) / '(1,)type'.
  _np_quint16 = np.dtype([("quint16", np.uint16, 1)])
/home/zihan/anaconda3/envs/exp/lib/python3.6/site-packages/tensorboard/compat/tensorflow_stub/dtypes.py:545: FutureWarning: Passing (type, 1) or '1type' as a synonym of type is deprecated; in a future version of numpy, it will be understood as (type, (1,)) / '(1,)type'.
  _np_qint32 = np.dtype([("qint32", np.int32, 1)])
/home/zihan/anaconda3/envs/exp/lib/python3.6/site-packages/tensorboard/compat/tensorflow_stub/dtypes.py:550: FutureWarning: Passing (type, 1) or '1type' as a synonym of type is deprecated; in a future version of numpy, it will be understood as (type, (1,)) / '(1,)type'.
  np_resource = np.dtype([("resource", np.ubyte, 1)])
/home/zihan/anaconda3/envs/exp/lib/python3.6/site-packages/torch/nn/functional.py:1992: UserWarning: reduction: 'mean' divides the total loss by both the batch size and the support size.'batchmean' divides only by the batch size, and aligns with the KL div math definition.'mean' will be changed to behave the same as 'batchmean' in the next major release.
  warnings.warn("reduction: 'mean' divides the total loss by both the batch size and the support size."
Epoch: 01 | Batch: 000 | CrossEntropy-loss: -0.24532 | Difference: 1280
Epoch: 01 | Batch: 100 | CrossEntropy-loss: -0.24750 | Difference: 1280
Epoch: 01 | Batch: 200 | CrossEntropy-loss: -0.25599 | Difference: 1280
Epoch: 01 | Batch: 300 | CrossEntropy-loss: -0.26518 | Difference: 1280
Epoch: 01 | Batch: 400 | CrossEntropy-loss: -0.28033 | Difference: 1280
Epoch: 01 | Batch: 500 | CrossEntropy-loss: -0.29400 | Difference: 1280
Epoch: 01 | Batch: 600 | CrossEntropy-loss: -0.30284 | Difference: 1280
Epoch: 01 | Batch: 700 | CrossEntropy-loss: -0.30469 | Difference: 1280
Epoch: 01 | Batch: 800 | CrossEntropy-loss: -0.31106 | Difference: 1280
Epoch: 01 | Batch: 900 | CrossEntropy-loss: -0.31241 | Difference: 1280
Epoch: 01 | Batch: 1000 | CrossEntropy-loss: -0.31206 | Difference: 1280
Epoch: 01 | Batch: 1100 | CrossEntropy-loss: -0.31513 | Difference: 1280
Epoch: 01 | Batch: 1200 | CrossEntropy-loss: -0.31893 | Difference: 1280
Epoch: 01 | Batch: 1300 | CrossEntropy-loss: -0.31611 | Difference: 1280
Epoch: 01 | Batch: 1400 | CrossEntropy-loss: -0.31793 | Difference: 1280
Epoch: 02 | Batch: 000 | CrossEntropy-loss: -0.31863 | Difference: 1280
Epoch: 02 | Batch: 100 | CrossEntropy-loss: -0.32070 | Difference: 1280
Epoch: 02 | Batch: 200 | CrossEntropy-loss: -0.31855 | Difference: 1280
Epoch: 02 | Batch: 300 | CrossEntropy-loss: -0.32225 | Difference: 1280
Epoch: 02 | Batch: 400 | CrossEntropy-loss: -0.32117 | Difference: 1280
Epoch: 02 | Batch: 500 | CrossEntropy-loss: -0.32084 | Difference: 1280
Epoch: 02 | Batch: 600 | CrossEntropy-loss: -0.32142 | Difference: 1280
Epoch: 02 | Batch: 700 | CrossEntropy-loss: -0.32067 | Difference: 1280
Epoch: 02 | Batch: 800 | CrossEntropy-loss: -0.32260 | Difference: 1280
Epoch: 02 | Batch: 900 | CrossEntropy-loss: -0.32118 | Difference: 1280
Epoch: 02 | Batch: 1000 | CrossEntropy-loss: -0.32463 | Difference: 1280
Epoch: 02 | Batch: 1100 | CrossEntropy-loss: -0.32365 | Difference: 1280
Epoch: 02 | Batch: 1200 | CrossEntropy-loss: -0.32292 | Difference: 1280
Epoch: 02 | Batch: 1300 | CrossEntropy-loss: -0.32697 | Difference: 1280
Epoch: 02 | Batch: 1400 | CrossEntropy-loss: -0.32395 | Difference: 1280
Epoch: 03 | Batch: 000 | CrossEntropy-loss: -0.32747 | Difference: 1280
Epoch: 03 | Batch: 100 | CrossEntropy-loss: -0.32475 | Difference: 1280
Epoch: 03 | Batch: 200 | CrossEntropy-loss: -0.32423 | Difference: 1280
Epoch: 03 | Batch: 300 | CrossEntropy-loss: -0.32401 | Difference: 1280
Epoch: 03 | Batch: 400 | CrossEntropy-loss: -0.32319 | Difference: 1280
Epoch: 03 | Batch: 500 | CrossEntropy-loss: -0.32706 | Difference: 1280
Epoch: 03 | Batch: 600 | CrossEntropy-loss: -0.32715 | Difference: 1280
Epoch: 03 | Batch: 700 | CrossEntropy-loss: -0.32776 | Difference: 1280
Epoch: 03 | Batch: 800 | CrossEntropy-loss: -0.32657 | Difference: 1280
Epoch: 03 | Batch: 900 | CrossEntropy-loss: -0.32267 | Difference: 1280
Epoch: 03 | Batch: 1000 | CrossEntropy-loss: -0.32640 | Difference: 1280
Epoch: 03 | Batch: 1100 | CrossEntropy-loss: -0.32527 | Difference: 1280
Epoch: 03 | Batch: 1200 | CrossEntropy-loss: -0.32598 | Difference: 1280
Epoch: 03 | Batch: 1300 | CrossEntropy-loss: -0.32606 | Difference: 1280
Epoch: 03 | Batch: 1400 | CrossEntropy-loss: -0.32520 | Difference: 1280
Epoch: 04 | Batch: 000 | CrossEntropy-loss: -0.32553 | Difference: 1280
Epoch: 04 | Batch: 100 | CrossEntropy-loss: -0.32777 | Difference: 1280
Epoch: 04 | Batch: 200 | CrossEntropy-loss: -0.32872 | Difference: 1280
Epoch: 04 | Batch: 300 | CrossEntropy-loss: -0.32778 | Difference: 1280
Epoch: 04 | Batch: 400 | CrossEntropy-loss: -0.32735 | Difference: 1280
Epoch: 04 | Batch: 500 | CrossEntropy-loss: -0.32910 | Difference: 1280
Epoch: 04 | Batch: 600 | CrossEntropy-loss: -0.33009 | Difference: 1280
Epoch: 04 | Batch: 700 | CrossEntropy-loss: -0.33003 | Difference: 1280
Epoch: 04 | Batch: 800 | CrossEntropy-loss: -0.33214 | Difference: 1280
Epoch: 04 | Batch: 900 | CrossEntropy-loss: -0.32939 | Difference: 1280
Epoch: 04 | Batch: 1000 | CrossEntropy-loss: -0.33098 | Difference: 1280
Epoch: 04 | Batch: 1100 | CrossEntropy-loss: -0.33222 | Difference: 1280
Epoch: 04 | Batch: 1200 | CrossEntropy-loss: -0.33487 | Difference: 1280
Epoch: 04 | Batch: 1300 | CrossEntropy-loss: -0.33390 | Difference: 1280
Epoch: 04 | Batch: 1400 | CrossEntropy-loss: -0.33526 | Difference: 1280
Epoch: 05 | Batch: 000 | CrossEntropy-loss: -0.33525 | Difference: 1280
Epoch: 05 | Batch: 100 | CrossEntropy-loss: -0.33474 | Difference: 1280
Epoch: 05 | Batch: 200 | CrossEntropy-loss: -0.33571 | Difference: 1280
Epoch: 05 | Batch: 300 | CrossEntropy-loss: -0.33616 | Difference: 1280
Epoch: 05 | Batch: 400 | CrossEntropy-loss: -0.33683 | Difference: 1280
Epoch: 05 | Batch: 500 | CrossEntropy-loss: -0.33789 | Difference: 1280
Epoch: 05 | Batch: 600 | CrossEntropy-loss: -0.33881 | Difference: 1280
Epoch: 05 | Batch: 700 | CrossEntropy-loss: -0.33593 | Difference: 1280
Epoch: 05 | Batch: 800 | CrossEntropy-loss: -0.33830 | Difference: 1280
Epoch: 05 | Batch: 900 | CrossEntropy-loss: -0.33598 | Difference: 1280
Epoch: 05 | Batch: 1000 | CrossEntropy-loss: -0.33751 | Difference: 1280
Epoch: 05 | Batch: 1100 | CrossEntropy-loss: -0.33740 | Difference: 1280
Epoch: 05 | Batch: 1200 | CrossEntropy-loss: -0.33671 | Difference: 1280
Epoch: 05 | Batch: 1300 | CrossEntropy-loss: -0.33927 | Difference: 1280
Epoch: 05 | Batch: 1400 | CrossEntropy-loss: -0.33844 | Difference: 1280
Epoch: 06 | Batch: 000 | CrossEntropy-loss: -0.34013 | Difference: 1280
Epoch: 06 | Batch: 100 | CrossEntropy-loss: -0.33939 | Difference: 1280
Epoch: 06 | Batch: 200 | CrossEntropy-loss: -0.34063 | Difference: 1280
Epoch: 06 | Batch: 300 | CrossEntropy-loss: -0.33767 | Difference: 1280
Epoch: 06 | Batch: 400 | CrossEntropy-loss: -0.33916 | Difference: 1280
Epoch: 06 | Batch: 500 | CrossEntropy-loss: -0.33700 | Difference: 1280
Epoch: 06 | Batch: 600 | CrossEntropy-loss: -0.33935 | Difference: 1280
Epoch: 06 | Batch: 700 | CrossEntropy-loss: -0.34076 | Difference: 1280
Epoch: 06 | Batch: 800 | CrossEntropy-loss: -0.33863 | Difference: 1280
Epoch: 06 | Batch: 900 | CrossEntropy-loss: -0.34291 | Difference: 1280
Epoch: 06 | Batch: 1000 | CrossEntropy-loss: -0.34022 | Difference: 1280
Epoch: 06 | Batch: 1100 | CrossEntropy-loss: -0.33963 | Difference: 1280
Epoch: 06 | Batch: 1200 | CrossEntropy-loss: -0.33971 | Difference: 1280
Epoch: 06 | Batch: 1300 | CrossEntropy-loss: -0.33930 | Difference: 1280
Epoch: 06 | Batch: 1400 | CrossEntropy-loss: -0.34150 | Difference: 1280
Epoch: 07 | Batch: 000 | CrossEntropy-loss: -0.34148 | Difference: 1280
Epoch: 07 | Batch: 100 | CrossEntropy-loss: -0.33990 | Difference: 1280
Epoch: 07 | Batch: 200 | CrossEntropy-loss: -0.34119 | Difference: 1280
Epoch: 07 | Batch: 300 | CrossEntropy-loss: -0.34221 | Difference: 1280
Epoch: 07 | Batch: 400 | CrossEntropy-loss: -0.34081 | Difference: 1280
Epoch: 07 | Batch: 500 | CrossEntropy-loss: -0.34004 | Difference: 1280
Epoch: 07 | Batch: 600 | CrossEntropy-loss: -0.34175 | Difference: 1280
Epoch: 07 | Batch: 700 | CrossEntropy-loss: -0.34117 | Difference: 1280
Epoch: 07 | Batch: 800 | CrossEntropy-loss: -0.34213 | Difference: 1280
Epoch: 07 | Batch: 900 | CrossEntropy-loss: -0.34040 | Difference: 1280
Epoch: 07 | Batch: 1000 | CrossEntropy-loss: -0.34141 | Difference: 1280
Epoch: 07 | Batch: 1100 | CrossEntropy-loss: -0.34256 | Difference: 1280
Epoch: 07 | Batch: 1200 | CrossEntropy-loss: -0.34315 | Difference: 1280
Epoch: 07 | Batch: 1300 | CrossEntropy-loss: -0.34249 | Difference: 1280
Epoch: 07 | Batch: 1400 | CrossEntropy-loss: -0.34394 | Difference: 1280
Epoch: 08 | Batch: 000 | CrossEntropy-loss: -0.34170 | Difference: 1280
Epoch: 08 | Batch: 100 | CrossEntropy-loss: -0.34197 | Difference: 1280
Epoch: 08 | Batch: 200 | CrossEntropy-loss: -0.34247 | Difference: 1280
Epoch: 08 | Batch: 300 | CrossEntropy-loss: -0.34201 | Difference: 1280
Epoch: 08 | Batch: 400 | CrossEntropy-loss: -0.34194 | Difference: 1280
Epoch: 08 | Batch: 500 | CrossEntropy-loss: -0.34266 | Difference: 1280
Epoch: 08 | Batch: 600 | CrossEntropy-loss: -0.34332 | Difference: 1280
Epoch: 08 | Batch: 700 | CrossEntropy-loss: -0.34271 | Difference: 1280
Epoch: 08 | Batch: 800 | CrossEntropy-loss: -0.34152 | Difference: 1280
Epoch: 08 | Batch: 900 | CrossEntropy-loss: -0.34254 | Difference: 1280
Epoch: 08 | Batch: 1000 | CrossEntropy-loss: -0.34188 | Difference: 1280
Epoch: 08 | Batch: 1100 | CrossEntropy-loss: -0.34188 | Difference: 1280
Epoch: 08 | Batch: 1200 | CrossEntropy-loss: -0.34284 | Difference: 1280
Epoch: 08 | Batch: 1300 | CrossEntropy-loss: -0.34288 | Difference: 1280
Epoch: 08 | Batch: 1400 | CrossEntropy-loss: -0.34270 | Difference: 1280
Epoch: 09 | Batch: 000 | CrossEntropy-loss: -0.34420 | Difference: 1280
Epoch: 09 | Batch: 100 | CrossEntropy-loss: -0.34341 | Difference: 1280
Epoch: 09 | Batch: 200 | CrossEntropy-loss: -0.34367 | Difference: 1280
Epoch: 09 | Batch: 300 | CrossEntropy-loss: -0.34301 | Difference: 1280
Epoch: 09 | Batch: 400 | CrossEntropy-loss: -0.34163 | Difference: 1280
Epoch: 09 | Batch: 500 | CrossEntropy-loss: -0.34449 | Difference: 1280
Epoch: 09 | Batch: 600 | CrossEntropy-loss: -0.34202 | Difference: 1280
Epoch: 09 | Batch: 700 | CrossEntropy-loss: -0.34256 | Difference: 1280
Epoch: 09 | Batch: 800 | CrossEntropy-loss: -0.34483 | Difference: 1280
Epoch: 09 | Batch: 900 | CrossEntropy-loss: -0.34455 | Difference: 1280
Epoch: 09 | Batch: 1000 | CrossEntropy-loss: -0.34428 | Difference: 1280
Epoch: 09 | Batch: 1100 | CrossEntropy-loss: -0.34181 | Difference: 1280
Epoch: 09 | Batch: 1200 | CrossEntropy-loss: -0.34539 | Difference: 1280
Epoch: 09 | Batch: 1300 | CrossEntropy-loss: -0.34327 | Difference: 1280
Epoch: 09 | Batch: 1400 | CrossEntropy-loss: -0.34358 | Difference: 1280
Epoch: 10 | Batch: 000 | CrossEntropy-loss: -0.34429 | Difference: 1280
Epoch: 10 | Batch: 100 | CrossEntropy-loss: -0.34612 | Difference: 1280
Epoch: 10 | Batch: 200 | CrossEntropy-loss: -0.34441 | Difference: 1280
Epoch: 10 | Batch: 300 | CrossEntropy-loss: -0.34384 | Difference: 1280
Epoch: 10 | Batch: 400 | CrossEntropy-loss: -0.34512 | Difference: 1280
Epoch: 10 | Batch: 500 | CrossEntropy-loss: -0.34466 | Difference: 1280
Epoch: 10 | Batch: 600 | CrossEntropy-loss: -0.34407 | Difference: 1280
Epoch: 10 | Batch: 700 | CrossEntropy-loss: -0.34450 | Difference: 1280
Epoch: 10 | Batch: 800 | CrossEntropy-loss: -0.34549 | Difference: 1280
Epoch: 10 | Batch: 900 | CrossEntropy-loss: -0.34324 | Difference: 1280
Epoch: 10 | Batch: 1000 | CrossEntropy-loss: -0.34455 | Difference: 1280
Epoch: 10 | Batch: 1100 | CrossEntropy-loss: -0.34400 | Difference: 1280
Epoch: 10 | Batch: 1200 | CrossEntropy-loss: -0.34385 | Difference: 1280
Epoch: 10 | Batch: 1300 | CrossEntropy-loss: -0.34267 | Difference: 1280
Epoch: 10 | Batch: 1400 | CrossEntropy-loss: -0.34435 | Difference: 1280
Epoch: 11 | Batch: 000 | CrossEntropy-loss: -0.34326 | Difference: 1280
Epoch: 11 | Batch: 100 | CrossEntropy-loss: -0.34399 | Difference: 1280
Epoch: 11 | Batch: 200 | CrossEntropy-loss: -0.34324 | Difference: 1280
Epoch: 11 | Batch: 300 | CrossEntropy-loss: -0.34184 | Difference: 1280
Epoch: 11 | Batch: 400 | CrossEntropy-loss: -0.34577 | Difference: 1280
Epoch: 11 | Batch: 500 | CrossEntropy-loss: -0.34518 | Difference: 1280
Epoch: 11 | Batch: 600 | CrossEntropy-loss: -0.34483 | Difference: 1280
Epoch: 11 | Batch: 700 | CrossEntropy-loss: -0.34422 | Difference: 1280
Epoch: 11 | Batch: 800 | CrossEntropy-loss: -0.34401 | Difference: 1280
Epoch: 11 | Batch: 900 | CrossEntropy-loss: -0.34210 | Difference: 1280
Epoch: 11 | Batch: 1000 | CrossEntropy-loss: -0.34598 | Difference: 1280
Epoch: 11 | Batch: 1100 | CrossEntropy-loss: -0.34264 | Difference: 1280
Epoch: 11 | Batch: 1200 | CrossEntropy-loss: -0.34419 | Difference: 1280
Epoch: 11 | Batch: 1300 | CrossEntropy-loss: -0.34443 | Difference: 1280
Epoch: 11 | Batch: 1400 | CrossEntropy-loss: -0.34449 | Difference: 1280
Epoch: 12 | Batch: 000 | CrossEntropy-loss: -0.34349 | Difference: 1280
Epoch: 12 | Batch: 100 | CrossEntropy-loss: -0.34400 | Difference: 1280
Epoch: 12 | Batch: 200 | CrossEntropy-loss: -0.34305 | Difference: 1280
Epoch: 12 | Batch: 300 | CrossEntropy-loss: -0.34420 | Difference: 1280
Epoch: 12 | Batch: 400 | CrossEntropy-loss: -0.34344 | Difference: 1280
Epoch: 12 | Batch: 500 | CrossEntropy-loss: -0.34419 | Difference: 1280
Epoch: 12 | Batch: 600 | CrossEntropy-loss: -0.34466 | Difference: 1280
Epoch: 12 | Batch: 700 | CrossEntropy-loss: -0.34546 | Difference: 1280
Epoch: 12 | Batch: 800 | CrossEntropy-loss: -0.34408 | Difference: 1280
Epoch: 12 | Batch: 900 | CrossEntropy-loss: -0.34445 | Difference: 1280
Epoch: 12 | Batch: 1000 | CrossEntropy-loss: -0.34461 | Difference: 1280
Epoch: 12 | Batch: 1100 | CrossEntropy-loss: -0.34406 | Difference: 1280
Epoch: 12 | Batch: 1200 | CrossEntropy-loss: -0.34591 | Difference: 1280
Epoch: 12 | Batch: 1300 | CrossEntropy-loss: -0.34492 | Difference: 1280
Epoch: 12 | Batch: 1400 | CrossEntropy-loss: -0.34333 | Difference: 1280
Epoch: 13 | Batch: 000 | CrossEntropy-loss: -0.34487 | Difference: 1280
Epoch: 13 | Batch: 100 | CrossEntropy-loss: -0.34536 | Difference: 1280
Epoch: 13 | Batch: 200 | CrossEntropy-loss: -0.34350 | Difference: 1280
Epoch: 13 | Batch: 300 | CrossEntropy-loss: -0.34475 | Difference: 1280
Epoch: 13 | Batch: 400 | CrossEntropy-loss: -0.34265 | Difference: 1280
Epoch: 13 | Batch: 500 | CrossEntropy-loss: -0.34594 | Difference: 1280
Epoch: 13 | Batch: 600 | CrossEntropy-loss: -0.34424 | Difference: 1280
Epoch: 13 | Batch: 700 | CrossEntropy-loss: -0.34651 | Difference: 1280
Epoch: 13 | Batch: 800 | CrossEntropy-loss: -0.34612 | Difference: 1280
Epoch: 13 | Batch: 900 | CrossEntropy-loss: -0.34541 | Difference: 1280
Epoch: 13 | Batch: 1000 | CrossEntropy-loss: -0.34474 | Difference: 1280
Epoch: 13 | Batch: 1100 | CrossEntropy-loss: -0.34335 | Difference: 1280
Epoch: 13 | Batch: 1200 | CrossEntropy-loss: -0.34528 | Difference: 1280
Epoch: 13 | Batch: 1300 | CrossEntropy-loss: -0.34430 | Difference: 1280
Epoch: 13 | Batch: 1400 | CrossEntropy-loss: -0.34424 | Difference: 1280
Epoch: 14 | Batch: 000 | CrossEntropy-loss: -0.34590 | Difference: 1280
Epoch: 14 | Batch: 100 | CrossEntropy-loss: -0.34400 | Difference: 1280
Epoch: 14 | Batch: 200 | CrossEntropy-loss: -0.34415 | Difference: 1280
Epoch: 14 | Batch: 300 | CrossEntropy-loss: -0.34500 | Difference: 1280
Epoch: 14 | Batch: 400 | CrossEntropy-loss: -0.34407 | Difference: 1280
Epoch: 14 | Batch: 500 | CrossEntropy-loss: -0.34386 | Difference: 1280
Epoch: 14 | Batch: 600 | CrossEntropy-loss: -0.34506 | Difference: 1280
Epoch: 14 | Batch: 700 | CrossEntropy-loss: -0.34397 | Difference: 1280
Epoch: 14 | Batch: 800 | CrossEntropy-loss: -0.34646 | Difference: 1280
Epoch: 14 | Batch: 900 | CrossEntropy-loss: -0.34513 | Difference: 1280
Epoch: 14 | Batch: 1000 | CrossEntropy-loss: -0.34482 | Difference: 1280
Epoch: 14 | Batch: 1100 | CrossEntropy-loss: -0.34443 | Difference: 1280
Epoch: 14 | Batch: 1200 | CrossEntropy-loss: -0.34400 | Difference: 1280
Epoch: 14 | Batch: 1300 | CrossEntropy-loss: -0.34648 | Difference: 1280
Epoch: 14 | Batch: 1400 | CrossEntropy-loss: -0.34519 | Difference: 1280
Epoch: 15 | Batch: 000 | CrossEntropy-loss: -0.34345 | Difference: 1280
Epoch: 15 | Batch: 100 | CrossEntropy-loss: -0.34555 | Difference: 1280
Epoch: 15 | Batch: 200 | CrossEntropy-loss: -0.34399 | Difference: 1280
Epoch: 15 | Batch: 300 | CrossEntropy-loss: -0.34469 | Difference: 1280
Epoch: 15 | Batch: 400 | CrossEntropy-loss: -0.34506 | Difference: 1280
Epoch: 15 | Batch: 500 | CrossEntropy-loss: -0.34310 | Difference: 1280
Epoch: 15 | Batch: 600 | CrossEntropy-loss: -0.34412 | Difference: 1280
Epoch: 15 | Batch: 700 | CrossEntropy-loss: -0.34438 | Difference: 1280
Epoch: 15 | Batch: 800 | CrossEntropy-loss: -0.34372 | Difference: 1280
Epoch: 15 | Batch: 900 | CrossEntropy-loss: -0.34455 | Difference: 1280
Epoch: 15 | Batch: 1000 | CrossEntropy-loss: -0.34515 | Difference: 1280
Epoch: 15 | Batch: 1100 | CrossEntropy-loss: -0.34656 | Difference: 1280
Epoch: 15 | Batch: 1200 | CrossEntropy-loss: -0.34305 | Difference: 1280
Epoch: 15 | Batch: 1300 | CrossEntropy-loss: -0.34390 | Difference: 1280
Epoch: 15 | Batch: 1400 | CrossEntropy-loss: -0.34501 | Difference: 1280
Epoch: 16 | Batch: 000 | CrossEntropy-loss: -0.34590 | Difference: 1280
Epoch: 16 | Batch: 100 | CrossEntropy-loss: -0.34572 | Difference: 1280
Epoch: 16 | Batch: 200 | CrossEntropy-loss: -0.34527 | Difference: 1280
Epoch: 16 | Batch: 300 | CrossEntropy-loss: -0.34408 | Difference: 1280
Epoch: 16 | Batch: 400 | CrossEntropy-loss: -0.34524 | Difference: 1280
Epoch: 16 | Batch: 500 | CrossEntropy-loss: -0.34454 | Difference: 1280
Epoch: 16 | Batch: 600 | CrossEntropy-loss: -0.34413 | Difference: 1280
Epoch: 16 | Batch: 700 | CrossEntropy-loss: -0.34735 | Difference: 1280
Epoch: 16 | Batch: 800 | CrossEntropy-loss: -0.34477 | Difference: 1280
Epoch: 16 | Batch: 900 | CrossEntropy-loss: -0.34551 | Difference: 1280
Epoch: 16 | Batch: 1000 | CrossEntropy-loss: -0.34440 | Difference: 1280
Epoch: 16 | Batch: 1100 | CrossEntropy-loss: -0.34634 | Difference: 1280
Epoch: 16 | Batch: 1200 | CrossEntropy-loss: -0.34508 | Difference: 1280
Epoch: 16 | Batch: 1300 | CrossEntropy-loss: -0.34498 | Difference: 1280
Epoch: 16 | Batch: 1400 | CrossEntropy-loss: -0.34586 | Difference: 1280
Epoch: 17 | Batch: 000 | CrossEntropy-loss: -0.34530 | Difference: 1280
Epoch: 17 | Batch: 100 | CrossEntropy-loss: -0.34384 | Difference: 1280
Epoch: 17 | Batch: 200 | CrossEntropy-loss: -0.34371 | Difference: 1280
Epoch: 17 | Batch: 300 | CrossEntropy-loss: -0.34429 | Difference: 1280
Epoch: 17 | Batch: 400 | CrossEntropy-loss: -0.34436 | Difference: 1280
Epoch: 17 | Batch: 500 | CrossEntropy-loss: -0.34520 | Difference: 1280
Epoch: 17 | Batch: 600 | CrossEntropy-loss: -0.34500 | Difference: 1280
Epoch: 17 | Batch: 700 | CrossEntropy-loss: -0.34494 | Difference: 1280
Epoch: 17 | Batch: 800 | CrossEntropy-loss: -0.34453 | Difference: 1280
Epoch: 17 | Batch: 900 | CrossEntropy-loss: -0.34583 | Difference: 1280
Epoch: 17 | Batch: 1000 | CrossEntropy-loss: -0.34509 | Difference: 1280
Epoch: 17 | Batch: 1100 | CrossEntropy-loss: -0.34557 | Difference: 1280
Epoch: 17 | Batch: 1200 | CrossEntropy-loss: -0.34624 | Difference: 1280
Epoch: 17 | Batch: 1300 | CrossEntropy-loss: -0.34524 | Difference: 1280
Epoch: 17 | Batch: 1400 | CrossEntropy-loss: -0.34476 | Difference: 1280
Epoch: 18 | Batch: 000 | CrossEntropy-loss: -0.34383 | Difference: 1280
Epoch: 18 | Batch: 100 | CrossEntropy-loss: -0.34473 | Difference: 1280
Epoch: 18 | Batch: 200 | CrossEntropy-loss: -0.34495 | Difference: 1280
Epoch: 18 | Batch: 300 | CrossEntropy-loss: -0.34402 | Difference: 1280
Epoch: 18 | Batch: 400 | CrossEntropy-loss: -0.34370 | Difference: 1280
Epoch: 18 | Batch: 500 | CrossEntropy-loss: -0.34502 | Difference: 1280
Epoch: 18 | Batch: 600 | CrossEntropy-loss: -0.34369 | Difference: 1280
Epoch: 18 | Batch: 700 | CrossEntropy-loss: -0.34384 | Difference: 1280
Epoch: 18 | Batch: 800 | CrossEntropy-loss: -0.34324 | Difference: 1280
Epoch: 18 | Batch: 900 | CrossEntropy-loss: -0.34378 | Difference: 1280
Epoch: 18 | Batch: 1000 | CrossEntropy-loss: -0.34496 | Difference: 1280
Epoch: 18 | Batch: 1100 | CrossEntropy-loss: -0.34403 | Difference: 1280
Epoch: 18 | Batch: 1200 | CrossEntropy-loss: -0.34464 | Difference: 1280
Epoch: 18 | Batch: 1300 | CrossEntropy-loss: -0.34516 | Difference: 1280
Epoch: 18 | Batch: 1400 | CrossEntropy-loss: -0.34581 | Difference: 1280
Epoch: 19 | Batch: 000 | CrossEntropy-loss: -0.34361 | Difference: 1280
Epoch: 19 | Batch: 100 | CrossEntropy-loss: -0.34585 | Difference: 1280
Epoch: 19 | Batch: 200 | CrossEntropy-loss: -0.34485 | Difference: 1280
Epoch: 19 | Batch: 300 | CrossEntropy-loss: -0.34468 | Difference: 1280
Epoch: 19 | Batch: 400 | CrossEntropy-loss: -0.34339 | Difference: 1280
Epoch: 19 | Batch: 500 | CrossEntropy-loss: -0.34342 | Difference: 1280
Epoch: 19 | Batch: 600 | CrossEntropy-loss: -0.34516 | Difference: 1280
Epoch: 19 | Batch: 700 | CrossEntropy-loss: -0.34427 | Difference: 1280
Epoch: 19 | Batch: 800 | CrossEntropy-loss: -0.34441 | Difference: 1280
Epoch: 19 | Batch: 900 | CrossEntropy-loss: -0.34383 | Difference: 1280
Epoch: 19 | Batch: 1000 | CrossEntropy-loss: -0.34479 | Difference: 1280
Epoch: 19 | Batch: 1100 | CrossEntropy-loss: -0.34207 | Difference: 1280
Epoch: 19 | Batch: 1200 | CrossEntropy-loss: -0.34480 | Difference: 1280
Epoch: 19 | Batch: 1300 | CrossEntropy-loss: -0.34594 | Difference: 1280
Epoch: 19 | Batch: 1400 | CrossEntropy-loss: -0.34501 | Difference: 1280
Epoch: 20 | Batch: 000 | CrossEntropy-loss: -0.34530 | Difference: 1280
Epoch: 20 | Batch: 100 | CrossEntropy-loss: -0.34524 | Difference: 1280
Epoch: 20 | Batch: 200 | CrossEntropy-loss: -0.34348 | Difference: 1280
Epoch: 20 | Batch: 300 | CrossEntropy-loss: -0.34531 | Difference: 1280
Epoch: 20 | Batch: 400 | CrossEntropy-loss: -0.34407 | Difference: 1280
Epoch: 20 | Batch: 500 | CrossEntropy-loss: -0.34566 | Difference: 1280
Epoch: 20 | Batch: 600 | CrossEntropy-loss: -0.34634 | Difference: 1280
Epoch: 20 | Batch: 700 | CrossEntropy-loss: -0.34498 | Difference: 1280
Epoch: 20 | Batch: 800 | CrossEntropy-loss: -0.34510 | Difference: 1280
Epoch: 20 | Batch: 900 | CrossEntropy-loss: -0.34422 | Difference: 1280
Epoch: 20 | Batch: 1000 | CrossEntropy-loss: -0.34632 | Difference: 1280
Epoch: 20 | Batch: 1100 | CrossEntropy-loss: -0.34663 | Difference: 1280
Epoch: 20 | Batch: 1200 | CrossEntropy-loss: -0.34588 | Difference: 1280
Epoch: 20 | Batch: 1300 | CrossEntropy-loss: -0.34529 | Difference: 1280
Epoch: 20 | Batch: 1400 | CrossEntropy-loss: -0.34408 | Difference: 1280
Epoch: 21 | Batch: 000 | CrossEntropy-loss: -0.34567 | Difference: 1280
Epoch: 21 | Batch: 100 | CrossEntropy-loss: -0.34537 | Difference: 1280
Epoch: 21 | Batch: 200 | CrossEntropy-loss: -0.34534 | Difference: 1280
Epoch: 21 | Batch: 300 | CrossEntropy-loss: -0.34487 | Difference: 1280
Epoch: 21 | Batch: 400 | CrossEntropy-loss: -0.34646 | Difference: 1280
Epoch: 21 | Batch: 500 | CrossEntropy-loss: -0.34696 | Difference: 1280
Epoch: 21 | Batch: 600 | CrossEntropy-loss: -0.34458 | Difference: 1280
Epoch: 21 | Batch: 700 | CrossEntropy-loss: -0.34548 | Difference: 1280
Epoch: 21 | Batch: 800 | CrossEntropy-loss: -0.34695 | Difference: 1280
Epoch: 21 | Batch: 900 | CrossEntropy-loss: -0.34729 | Difference: 1280
Epoch: 21 | Batch: 1000 | CrossEntropy-loss: -0.34640 | Difference: 1280
Epoch: 21 | Batch: 1100 | CrossEntropy-loss: -0.34405 | Difference: 1280
Epoch: 21 | Batch: 1200 | CrossEntropy-loss: -0.34596 | Difference: 1280
Epoch: 21 | Batch: 1300 | CrossEntropy-loss: -0.34559 | Difference: 1280
Epoch: 21 | Batch: 1400 | CrossEntropy-loss: -0.34525 | Difference: 1280
Epoch: 22 | Batch: 000 | CrossEntropy-loss: -0.34624 | Difference: 1280
Epoch: 22 | Batch: 100 | CrossEntropy-loss: -0.34538 | Difference: 1280
Epoch: 22 | Batch: 200 | CrossEntropy-loss: -0.34631 | Difference: 1280
Epoch: 22 | Batch: 300 | CrossEntropy-loss: -0.34537 | Difference: 1280
Epoch: 22 | Batch: 400 | CrossEntropy-loss: -0.34590 | Difference: 1280
Epoch: 22 | Batch: 500 | CrossEntropy-loss: -0.34709 | Difference: 1280
Epoch: 22 | Batch: 600 | CrossEntropy-loss: -0.34485 | Difference: 1280
Epoch: 22 | Batch: 700 | CrossEntropy-loss: -0.34516 | Difference: 1280
Epoch: 22 | Batch: 800 | CrossEntropy-loss: -0.34790 | Difference: 1280
Epoch: 22 | Batch: 900 | CrossEntropy-loss: -0.34507 | Difference: 1280
Epoch: 22 | Batch: 1000 | CrossEntropy-loss: -0.34505 | Difference: 1280
Epoch: 22 | Batch: 1100 | CrossEntropy-loss: -0.34549 | Difference: 1280
Epoch: 22 | Batch: 1200 | CrossEntropy-loss: -0.34494 | Difference: 1280
Epoch: 22 | Batch: 1300 | CrossEntropy-loss: -0.34568 | Difference: 1280
Epoch: 22 | Batch: 1400 | CrossEntropy-loss: -0.34461 | Difference: 1280
Epoch: 23 | Batch: 000 | CrossEntropy-loss: -0.34463 | Difference: 1280
Epoch: 23 | Batch: 100 | CrossEntropy-loss: -0.34570 | Difference: 1280
Epoch: 23 | Batch: 200 | CrossEntropy-loss: -0.34703 | Difference: 1280
Epoch: 23 | Batch: 300 | CrossEntropy-loss: -0.34574 | Difference: 1280
Epoch: 23 | Batch: 400 | CrossEntropy-loss: -0.34381 | Difference: 1280
Epoch: 23 | Batch: 500 | CrossEntropy-loss: -0.34458 | Difference: 1280
Epoch: 23 | Batch: 600 | CrossEntropy-loss: -0.34409 | Difference: 1280
Epoch: 23 | Batch: 700 | CrossEntropy-loss: -0.34616 | Difference: 1280
Epoch: 23 | Batch: 800 | CrossEntropy-loss: -0.34512 | Difference: 1280
Epoch: 23 | Batch: 900 | CrossEntropy-loss: -0.34701 | Difference: 1280
Epoch: 23 | Batch: 1000 | CrossEntropy-loss: -0.34574 | Difference: 1280
Epoch: 23 | Batch: 1100 | CrossEntropy-loss: -0.34618 | Difference: 1280
Epoch: 23 | Batch: 1200 | CrossEntropy-loss: -0.34485 | Difference: 1280
Epoch: 23 | Batch: 1300 | CrossEntropy-loss: -0.34478 | Difference: 1280
Epoch: 23 | Batch: 1400 | CrossEntropy-loss: -0.34360 | Difference: 1280
Epoch: 24 | Batch: 000 | CrossEntropy-loss: -0.34638 | Difference: 1280
Epoch: 24 | Batch: 100 | CrossEntropy-loss: -0.34548 | Difference: 1280
Epoch: 24 | Batch: 200 | CrossEntropy-loss: -0.34524 | Difference: 1280
Epoch: 24 | Batch: 300 | CrossEntropy-loss: -0.34472 | Difference: 1280
Epoch: 24 | Batch: 400 | CrossEntropy-loss: -0.34472 | Difference: 1280
Epoch: 24 | Batch: 500 | CrossEntropy-loss: -0.34489 | Difference: 1280
Epoch: 24 | Batch: 600 | CrossEntropy-loss: -0.34632 | Difference: 1280
Epoch: 24 | Batch: 700 | CrossEntropy-loss: -0.34484 | Difference: 1280
Epoch: 24 | Batch: 800 | CrossEntropy-loss: -0.34539 | Difference: 1280
Epoch: 24 | Batch: 900 | CrossEntropy-loss: -0.34538 | Difference: 1280
Epoch: 24 | Batch: 1000 | CrossEntropy-loss: -0.34402 | Difference: 1280
Epoch: 24 | Batch: 1100 | CrossEntropy-loss: -0.34486 | Difference: 1280
Epoch: 24 | Batch: 1200 | CrossEntropy-loss: -0.34539 | Difference: 1280
Epoch: 24 | Batch: 1300 | CrossEntropy-loss: -0.34525 | Difference: 1280
Epoch: 24 | Batch: 1400 | CrossEntropy-loss: -0.34774 | Difference: 1280
Epoch: 25 | Batch: 000 | CrossEntropy-loss: -0.34669 | Difference: 1280
Epoch: 25 | Batch: 100 | CrossEntropy-loss: -0.34427 | Difference: 1280
Epoch: 25 | Batch: 200 | CrossEntropy-loss: -0.34641 | Difference: 1280
Epoch: 25 | Batch: 300 | CrossEntropy-loss: -0.34777 | Difference: 1280
Epoch: 25 | Batch: 400 | CrossEntropy-loss: -0.34643 | Difference: 1280
Epoch: 25 | Batch: 500 | CrossEntropy-loss: -0.34497 | Difference: 1280
Epoch: 25 | Batch: 600 | CrossEntropy-loss: -0.34632 | Difference: 1280
Epoch: 25 | Batch: 700 | CrossEntropy-loss: -0.34534 | Difference: 1280
Epoch: 25 | Batch: 800 | CrossEntropy-loss: -0.34457 | Difference: 1280
Epoch: 25 | Batch: 900 | CrossEntropy-loss: -0.34564 | Difference: 1280
Epoch: 25 | Batch: 1000 | CrossEntropy-loss: -0.34487 | Difference: 1280
Epoch: 25 | Batch: 1100 | CrossEntropy-loss: -0.34724 | Difference: 1280
Epoch: 25 | Batch: 1200 | CrossEntropy-loss: -0.34609 | Difference: 1280
Epoch: 25 | Batch: 1300 | CrossEntropy-loss: -0.34467 | Difference: 1280
Epoch: 25 | Batch: 1400 | CrossEntropy-loss: -0.34429 | Difference: 1280
Epoch: 26 | Batch: 000 | CrossEntropy-loss: -0.34519 | Difference: 1280
Epoch: 26 | Batch: 100 | CrossEntropy-loss: -0.34256 | Difference: 1280
Epoch: 26 | Batch: 200 | CrossEntropy-loss: -0.34499 | Difference: 1280
Epoch: 26 | Batch: 300 | CrossEntropy-loss: -0.34409 | Difference: 1280
Epoch: 26 | Batch: 400 | CrossEntropy-loss: -0.34498 | Difference: 1280
Epoch: 26 | Batch: 500 | CrossEntropy-loss: -0.34486 | Difference: 1280
Epoch: 26 | Batch: 600 | CrossEntropy-loss: -0.34542 | Difference: 1280
Epoch: 26 | Batch: 700 | CrossEntropy-loss: -0.34655 | Difference: 1280
Epoch: 26 | Batch: 800 | CrossEntropy-loss: -0.34614 | Difference: 1280
Epoch: 26 | Batch: 900 | CrossEntropy-loss: -0.34584 | Difference: 1280
Epoch: 26 | Batch: 1000 | CrossEntropy-loss: -0.34592 | Difference: 1280
Epoch: 26 | Batch: 1100 | CrossEntropy-loss: -0.34540 | Difference: 1280
Epoch: 26 | Batch: 1200 | CrossEntropy-loss: -0.34602 | Difference: 1280
Epoch: 26 | Batch: 1300 | CrossEntropy-loss: -0.34604 | Difference: 1280
Epoch: 26 | Batch: 1400 | CrossEntropy-loss: -0.34610 | Difference: 1280
Epoch: 27 | Batch: 000 | CrossEntropy-loss: -0.34503 | Difference: 1280
Epoch: 27 | Batch: 100 | CrossEntropy-loss: -0.34438 | Difference: 1280
Epoch: 27 | Batch: 200 | CrossEntropy-loss: -0.34616 | Difference: 1280
Epoch: 27 | Batch: 300 | CrossEntropy-loss: -0.34334 | Difference: 1280
Epoch: 27 | Batch: 400 | CrossEntropy-loss: -0.34502 | Difference: 1280
Epoch: 27 | Batch: 500 | CrossEntropy-loss: -0.34508 | Difference: 1280
Epoch: 27 | Batch: 600 | CrossEntropy-loss: -0.34714 | Difference: 1280
Epoch: 27 | Batch: 700 | CrossEntropy-loss: -0.34518 | Difference: 1280
Epoch: 27 | Batch: 800 | CrossEntropy-loss: -0.34302 | Difference: 1280
Epoch: 27 | Batch: 900 | CrossEntropy-loss: -0.34659 | Difference: 1280
Epoch: 27 | Batch: 1000 | CrossEntropy-loss: -0.34714 | Difference: 1280
Epoch: 27 | Batch: 1100 | CrossEntropy-loss: -0.34581 | Difference: 1280
Epoch: 27 | Batch: 1200 | CrossEntropy-loss: -0.34380 | Difference: 1280
Epoch: 27 | Batch: 1300 | CrossEntropy-loss: -0.34540 | Difference: 1280
Epoch: 27 | Batch: 1400 | CrossEntropy-loss: -0.34506 | Difference: 1280
Epoch: 28 | Batch: 000 | CrossEntropy-loss: -0.34648 | Difference: 1280
Epoch: 28 | Batch: 100 | CrossEntropy-loss: -0.34412 | Difference: 1280
Epoch: 28 | Batch: 200 | CrossEntropy-loss: -0.34608 | Difference: 1280
Epoch: 28 | Batch: 300 | CrossEntropy-loss: -0.34435 | Difference: 1280
Epoch: 28 | Batch: 400 | CrossEntropy-loss: -0.34493 | Difference: 1280
Epoch: 28 | Batch: 500 | CrossEntropy-loss: -0.34678 | Difference: 1280
Epoch: 28 | Batch: 600 | CrossEntropy-loss: -0.34573 | Difference: 1280
Epoch: 28 | Batch: 700 | CrossEntropy-loss: -0.34614 | Difference: 1280
Epoch: 28 | Batch: 800 | CrossEntropy-loss: -0.34599 | Difference: 1280
Epoch: 28 | Batch: 900 | CrossEntropy-loss: -0.34538 | Difference: 1280
Epoch: 28 | Batch: 1000 | CrossEntropy-loss: -0.34496 | Difference: 1280
Epoch: 28 | Batch: 1100 | CrossEntropy-loss: -0.34609 | Difference: 1280
Epoch: 28 | Batch: 1200 | CrossEntropy-loss: -0.34639 | Difference: 1280
Epoch: 28 | Batch: 1300 | CrossEntropy-loss: -0.34459 | Difference: 1280
Epoch: 28 | Batch: 1400 | CrossEntropy-loss: -0.34510 | Difference: 1280
Epoch: 29 | Batch: 000 | CrossEntropy-loss: -0.34616 | Difference: 1280
Epoch: 29 | Batch: 100 | CrossEntropy-loss: -0.34508 | Difference: 1280
Epoch: 29 | Batch: 200 | CrossEntropy-loss: -0.34417 | Difference: 1280
Epoch: 29 | Batch: 300 | CrossEntropy-loss: -0.34560 | Difference: 1280
Epoch: 29 | Batch: 400 | CrossEntropy-loss: -0.34541 | Difference: 1280
Epoch: 29 | Batch: 500 | CrossEntropy-loss: -0.34453 | Difference: 1280
Epoch: 29 | Batch: 600 | CrossEntropy-loss: -0.34304 | Difference: 1280
Epoch: 29 | Batch: 700 | CrossEntropy-loss: -0.34574 | Difference: 1280
Epoch: 29 | Batch: 800 | CrossEntropy-loss: -0.34627 | Difference: 1280
Epoch: 29 | Batch: 900 | CrossEntropy-loss: -0.34613 | Difference: 1280
Epoch: 29 | Batch: 1000 | CrossEntropy-loss: -0.34606 | Difference: 1280
Epoch: 29 | Batch: 1100 | CrossEntropy-loss: -0.34654 | Difference: 1280
Epoch: 29 | Batch: 1200 | CrossEntropy-loss: -0.34453 | Difference: 1280
Epoch: 29 | Batch: 1300 | CrossEntropy-loss: -0.34503 | Difference: 1280
Epoch: 29 | Batch: 1400 | CrossEntropy-loss: -0.34596 | Difference: 1280
Epoch: 30 | Batch: 000 | CrossEntropy-loss: -0.34434 | Difference: 1280
Epoch: 30 | Batch: 100 | CrossEntropy-loss: -0.34782 | Difference: 1280
Epoch: 30 | Batch: 200 | CrossEntropy-loss: -0.34410 | Difference: 1280
Epoch: 30 | Batch: 300 | CrossEntropy-loss: -0.34549 | Difference: 1280
Epoch: 30 | Batch: 400 | CrossEntropy-loss: -0.34535 | Difference: 1280
Epoch: 30 | Batch: 500 | CrossEntropy-loss: -0.34644 | Difference: 1280
Epoch: 30 | Batch: 600 | CrossEntropy-loss: -0.34427 | Difference: 1280
Epoch: 30 | Batch: 700 | CrossEntropy-loss: -0.34421 | Difference: 1280
Epoch: 30 | Batch: 800 | CrossEntropy-loss: -0.34630 | Difference: 1280
Epoch: 30 | Batch: 900 | CrossEntropy-loss: -0.34411 | Difference: 1280
Epoch: 30 | Batch: 1000 | CrossEntropy-loss: -0.34398 | Difference: 1280
Epoch: 30 | Batch: 1100 | CrossEntropy-loss: -0.34450 | Difference: 1280
Epoch: 30 | Batch: 1200 | CrossEntropy-loss: -0.34607 | Difference: 1280
Epoch: 30 | Batch: 1300 | CrossEntropy-loss: -0.34554 | Difference: 1280
Epoch: 30 | Batch: 1400 | CrossEntropy-loss: -0.34673 | Difference: 1280
Epoch: 31 | Batch: 000 | CrossEntropy-loss: -0.34612 | Difference: 1280
Epoch: 31 | Batch: 100 | CrossEntropy-loss: -0.34573 | Difference: 1280
Epoch: 31 | Batch: 200 | CrossEntropy-loss: -0.34483 | Difference: 1280
Epoch: 31 | Batch: 300 | CrossEntropy-loss: -0.34566 | Difference: 1280
Epoch: 31 | Batch: 400 | CrossEntropy-loss: -0.34311 | Difference: 1280
Epoch: 31 | Batch: 500 | CrossEntropy-loss: -0.34466 | Difference: 1280
Epoch: 31 | Batch: 600 | CrossEntropy-loss: -0.34563 | Difference: 1280
Epoch: 31 | Batch: 700 | CrossEntropy-loss: -0.34547 | Difference: 1280
Epoch: 31 | Batch: 800 | CrossEntropy-loss: -0.34494 | Difference: 1280
Epoch: 31 | Batch: 900 | CrossEntropy-loss: -0.34315 | Difference: 1280
Epoch: 31 | Batch: 1000 | CrossEntropy-loss: -0.34301 | Difference: 1280
Epoch: 31 | Batch: 1100 | CrossEntropy-loss: -0.34480 | Difference: 1280
Epoch: 31 | Batch: 1200 | CrossEntropy-loss: -0.34495 | Difference: 1280
Epoch: 31 | Batch: 1300 | CrossEntropy-loss: -0.34550 | Difference: 1280
Epoch: 31 | Batch: 1400 | CrossEntropy-loss: -0.34516 | Difference: 1280
Epoch: 32 | Batch: 000 | CrossEntropy-loss: -0.34646 | Difference: 1280
Epoch: 32 | Batch: 100 | CrossEntropy-loss: -0.34584 | Difference: 1280
Epoch: 32 | Batch: 200 | CrossEntropy-loss: -0.34461 | Difference: 1280
Epoch: 32 | Batch: 300 | CrossEntropy-loss: -0.34517 | Difference: 1280
Epoch: 32 | Batch: 400 | CrossEntropy-loss: -0.34635 | Difference: 1280
Epoch: 32 | Batch: 500 | CrossEntropy-loss: -0.34545 | Difference: 1280
Epoch: 32 | Batch: 600 | CrossEntropy-loss: -0.34414 | Difference: 1280
Epoch: 32 | Batch: 700 | CrossEntropy-loss: -0.34704 | Difference: 1280
Epoch: 32 | Batch: 800 | CrossEntropy-loss: -0.34667 | Difference: 1280
Epoch: 32 | Batch: 900 | CrossEntropy-loss: -0.34325 | Difference: 1280
Epoch: 32 | Batch: 1000 | CrossEntropy-loss: -0.34470 | Difference: 1280
Epoch: 32 | Batch: 1100 | CrossEntropy-loss: -0.34630 | Difference: 1280
Epoch: 32 | Batch: 1200 | CrossEntropy-loss: -0.34536 | Difference: 1280
Epoch: 32 | Batch: 1300 | CrossEntropy-loss: -0.34586 | Difference: 1280
Epoch: 32 | Batch: 1400 | CrossEntropy-loss: -0.34544 | Difference: 1280
Epoch: 33 | Batch: 000 | CrossEntropy-loss: -0.34471 | Difference: 1280
Epoch: 33 | Batch: 100 | CrossEntropy-loss: -0.34682 | Difference: 1280
Epoch: 33 | Batch: 200 | CrossEntropy-loss: -0.34766 | Difference: 1280
Epoch: 33 | Batch: 300 | CrossEntropy-loss: -0.34376 | Difference: 1280
Epoch: 33 | Batch: 400 | CrossEntropy-loss: -0.34628 | Difference: 1280
Epoch: 33 | Batch: 500 | CrossEntropy-loss: -0.34649 | Difference: 1280
Epoch: 33 | Batch: 600 | CrossEntropy-loss: -0.34576 | Difference: 1280
Epoch: 33 | Batch: 700 | CrossEntropy-loss: -0.34349 | Difference: 1280
Epoch: 33 | Batch: 800 | CrossEntropy-loss: -0.34668 | Difference: 1280
Epoch: 33 | Batch: 900 | CrossEntropy-loss: -0.34749 | Difference: 1280
Epoch: 33 | Batch: 1000 | CrossEntropy-loss: -0.34441 | Difference: 1280
Epoch: 33 | Batch: 1100 | CrossEntropy-loss: -0.34485 | Difference: 1280
Epoch: 33 | Batch: 1200 | CrossEntropy-loss: -0.34580 | Difference: 1280
Epoch: 33 | Batch: 1300 | CrossEntropy-loss: -0.34672 | Difference: 1280
Epoch: 33 | Batch: 1400 | CrossEntropy-loss: -0.34586 | Difference: 1280
Epoch: 34 | Batch: 000 | CrossEntropy-loss: -0.34699 | Difference: 1280
Epoch: 34 | Batch: 100 | CrossEntropy-loss: -0.34498 | Difference: 1280
Epoch: 34 | Batch: 200 | CrossEntropy-loss: -0.34446 | Difference: 1280
Epoch: 34 | Batch: 300 | CrossEntropy-loss: -0.34537 | Difference: 1280
Epoch: 34 | Batch: 400 | CrossEntropy-loss: -0.34871 | Difference: 1280
Epoch: 34 | Batch: 500 | CrossEntropy-loss: -0.34611 | Difference: 1280
Epoch: 34 | Batch: 600 | CrossEntropy-loss: -0.34511 | Difference: 1280
Epoch: 34 | Batch: 700 | CrossEntropy-loss: -0.34690 | Difference: 1280
Epoch: 34 | Batch: 800 | CrossEntropy-loss: -0.34587 | Difference: 1280
Epoch: 34 | Batch: 900 | CrossEntropy-loss: -0.34432 | Difference: 1280
Epoch: 34 | Batch: 1000 | CrossEntropy-loss: -0.34569 | Difference: 1280
Epoch: 34 | Batch: 1100 | CrossEntropy-loss: -0.34517 | Difference: 1280
Epoch: 34 | Batch: 1200 | CrossEntropy-loss: -0.34583 | Difference: 1280
Epoch: 34 | Batch: 1300 | CrossEntropy-loss: -0.34436 | Difference: 1280
Epoch: 34 | Batch: 1400 | CrossEntropy-loss: -0.34567 | Difference: 1280
Epoch: 35 | Batch: 000 | CrossEntropy-loss: -0.34387 | Difference: 1280
Epoch: 35 | Batch: 100 | CrossEntropy-loss: -0.34425 | Difference: 1280
Epoch: 35 | Batch: 200 | CrossEntropy-loss: -0.34523 | Difference: 1280
Epoch: 35 | Batch: 300 | CrossEntropy-loss: -0.34614 | Difference: 1280
Epoch: 35 | Batch: 400 | CrossEntropy-loss: -0.34573 | Difference: 1280
Epoch: 35 | Batch: 500 | CrossEntropy-loss: -0.34524 | Difference: 1280
Epoch: 35 | Batch: 600 | CrossEntropy-loss: -0.34542 | Difference: 1280
Epoch: 35 | Batch: 700 | CrossEntropy-loss: -0.34415 | Difference: 1280
Epoch: 35 | Batch: 800 | CrossEntropy-loss: -0.34378 | Difference: 1280
Epoch: 35 | Batch: 900 | CrossEntropy-loss: -0.34646 | Difference: 1280
Epoch: 35 | Batch: 1000 | CrossEntropy-loss: -0.34710 | Difference: 1280
Epoch: 35 | Batch: 1100 | CrossEntropy-loss: -0.34476 | Difference: 1280
Epoch: 35 | Batch: 1200 | CrossEntropy-loss: -0.34336 | Difference: 1280
Epoch: 35 | Batch: 1300 | CrossEntropy-loss: -0.34599 | Difference: 1280
Epoch: 35 | Batch: 1400 | CrossEntropy-loss: -0.34438 | Difference: 1280
Epoch: 36 | Batch: 000 | CrossEntropy-loss: -0.34524 | Difference: 1280
Epoch: 36 | Batch: 100 | CrossEntropy-loss: -0.34457 | Difference: 1280
Epoch: 36 | Batch: 200 | CrossEntropy-loss: -0.34562 | Difference: 1280
Epoch: 36 | Batch: 300 | CrossEntropy-loss: -0.34754 | Difference: 1280
Epoch: 36 | Batch: 400 | CrossEntropy-loss: -0.34551 | Difference: 1280
Epoch: 36 | Batch: 500 | CrossEntropy-loss: -0.34574 | Difference: 1280
Epoch: 36 | Batch: 600 | CrossEntropy-loss: -0.34582 | Difference: 1280
Epoch: 36 | Batch: 700 | CrossEntropy-loss: -0.34630 | Difference: 1280
Epoch: 36 | Batch: 800 | CrossEntropy-loss: -0.34513 | Difference: 1280
Epoch: 36 | Batch: 900 | CrossEntropy-loss: -0.34357 | Difference: 1280
Epoch: 36 | Batch: 1000 | CrossEntropy-loss: -0.34574 | Difference: 1280
Epoch: 36 | Batch: 1100 | CrossEntropy-loss: -0.34523 | Difference: 1280
Epoch: 36 | Batch: 1200 | CrossEntropy-loss: -0.34581 | Difference: 1280
Epoch: 36 | Batch: 1300 | CrossEntropy-loss: -0.34737 | Difference: 1280
Epoch: 36 | Batch: 1400 | CrossEntropy-loss: -0.34457 | Difference: 1280
Epoch: 37 | Batch: 000 | CrossEntropy-loss: -0.34574 | Difference: 1280
Epoch: 37 | Batch: 100 | CrossEntropy-loss: -0.34477 | Difference: 1280
Epoch: 37 | Batch: 200 | CrossEntropy-loss: -0.34714 | Difference: 1280
Epoch: 37 | Batch: 300 | CrossEntropy-loss: -0.34442 | Difference: 1280
Epoch: 37 | Batch: 400 | CrossEntropy-loss: -0.34498 | Difference: 1280
Epoch: 37 | Batch: 500 | CrossEntropy-loss: -0.34604 | Difference: 1280
Epoch: 37 | Batch: 600 | CrossEntropy-loss: -0.34508 | Difference: 1280
Epoch: 37 | Batch: 700 | CrossEntropy-loss: -0.34604 | Difference: 1280
Epoch: 37 | Batch: 800 | CrossEntropy-loss: -0.34636 | Difference: 1280
Epoch: 37 | Batch: 900 | CrossEntropy-loss: -0.34506 | Difference: 1280
Epoch: 37 | Batch: 1000 | CrossEntropy-loss: -0.34808 | Difference: 1280
Epoch: 37 | Batch: 1100 | CrossEntropy-loss: -0.34592 | Difference: 1280
Epoch: 37 | Batch: 1200 | CrossEntropy-loss: -0.34541 | Difference: 1280
Epoch: 37 | Batch: 1300 | CrossEntropy-loss: -0.34662 | Difference: 1280
Epoch: 37 | Batch: 1400 | CrossEntropy-loss: -0.34605 | Difference: 1280
Epoch: 38 | Batch: 000 | CrossEntropy-loss: -0.34647 | Difference: 1280
Epoch: 38 | Batch: 100 | CrossEntropy-loss: -0.34498 | Difference: 1280
Epoch: 38 | Batch: 200 | CrossEntropy-loss: -0.34396 | Difference: 1280
Epoch: 38 | Batch: 300 | CrossEntropy-loss: -0.34515 | Difference: 1280
Epoch: 38 | Batch: 400 | CrossEntropy-loss: -0.34722 | Difference: 1280
Epoch: 38 | Batch: 500 | CrossEntropy-loss: -0.34397 | Difference: 1280
Epoch: 38 | Batch: 600 | CrossEntropy-loss: -0.34574 | Difference: 1280
Epoch: 38 | Batch: 700 | CrossEntropy-loss: -0.34456 | Difference: 1280
Epoch: 38 | Batch: 800 | CrossEntropy-loss: -0.34742 | Difference: 1280
Epoch: 38 | Batch: 900 | CrossEntropy-loss: -0.34567 | Difference: 1280
Epoch: 38 | Batch: 1000 | CrossEntropy-loss: -0.34621 | Difference: 1280
Epoch: 38 | Batch: 1100 | CrossEntropy-loss: -0.34596 | Difference: 1280
Epoch: 38 | Batch: 1200 | CrossEntropy-loss: -0.34521 | Difference: 1280
Epoch: 38 | Batch: 1300 | CrossEntropy-loss: -0.34558 | Difference: 1280
Epoch: 38 | Batch: 1400 | CrossEntropy-loss: -0.34620 | Difference: 1280
Epoch: 39 | Batch: 000 | CrossEntropy-loss: -0.34305 | Difference: 1280
Epoch: 39 | Batch: 100 | CrossEntropy-loss: -0.34551 | Difference: 1280
Epoch: 39 | Batch: 200 | CrossEntropy-loss: -0.34538 | Difference: 1280
Epoch: 39 | Batch: 300 | CrossEntropy-loss: -0.34702 | Difference: 1280
Epoch: 39 | Batch: 400 | CrossEntropy-loss: -0.34651 | Difference: 1280
Epoch: 39 | Batch: 500 | CrossEntropy-loss: -0.34507 | Difference: 1280
Epoch: 39 | Batch: 600 | CrossEntropy-loss: -0.34624 | Difference: 1280
Epoch: 39 | Batch: 700 | CrossEntropy-loss: -0.34607 | Difference: 1280
Epoch: 39 | Batch: 800 | CrossEntropy-loss: -0.34556 | Difference: 1280
Epoch: 39 | Batch: 900 | CrossEntropy-loss: -0.34465 | Difference: 1280
Epoch: 39 | Batch: 1000 | CrossEntropy-loss: -0.34582 | Difference: 1280
Epoch: 39 | Batch: 1100 | CrossEntropy-loss: -0.34507 | Difference: 1280
Epoch: 39 | Batch: 1200 | CrossEntropy-loss: -0.34362 | Difference: 1280
Epoch: 39 | Batch: 1300 | CrossEntropy-loss: -0.34282 | Difference: 1280
Epoch: 39 | Batch: 1400 | CrossEntropy-loss: -0.34445 | Difference: 1280
Epoch: 40 | Batch: 000 | CrossEntropy-loss: -0.34458 | Difference: 1280
Epoch: 40 | Batch: 100 | CrossEntropy-loss: -0.34523 | Difference: 1280
Epoch: 40 | Batch: 200 | CrossEntropy-loss: -0.34514 | Difference: 1280
Epoch: 40 | Batch: 300 | CrossEntropy-loss: -0.34573 | Difference: 1280
Epoch: 40 | Batch: 400 | CrossEntropy-loss: -0.34620 | Difference: 1280
Epoch: 40 | Batch: 500 | CrossEntropy-loss: -0.34689 | Difference: 1280
Epoch: 40 | Batch: 600 | CrossEntropy-loss: -0.34585 | Difference: 1280
Epoch: 40 | Batch: 700 | CrossEntropy-loss: -0.34614 | Difference: 1280
Epoch: 40 | Batch: 800 | CrossEntropy-loss: -0.34624 | Difference: 1280
Epoch: 40 | Batch: 900 | CrossEntropy-loss: -0.34532 | Difference: 1280
Epoch: 40 | Batch: 1000 | CrossEntropy-loss: -0.34578 | Difference: 1280
Epoch: 40 | Batch: 1100 | CrossEntropy-loss: -0.34492 | Difference: 1280
Epoch: 40 | Batch: 1200 | CrossEntropy-loss: -0.34510 | Difference: 1280
Epoch: 40 | Batch: 1300 | CrossEntropy-loss: -0.34561 | Difference: 1280
Epoch: 40 | Batch: 1400 | CrossEntropy-loss: -0.34462 | Difference: 1280
