compute004
1
/home/zihan/anaconda3/envs/exp/lib/python3.6/site-packages/gym/envs/registration.py:14: PkgResourcesDeprecationWarning: Parameters to load are deprecated.  Call .resolve and .require separately.
  result = entry_point.load(False)
8 4
# of episode :20, reward : -329.4, episode length: 88
# of episode :40, reward : -82.1, episode length: 76
# of episode :60, reward : -529.4, episode length: 89
# of episode :80, reward : -516.8, episode length: 113
# of episode :100, reward : -410.7, episode length: 84
# of episode :120, reward : -371.5, episode length: 143
# of episode :140, reward : -315.3, episode length: 95
# of episode :160, reward : -315.6, episode length: 87
# of episode :180, reward : -102.0, episode length: 73
# of episode :200, reward : -242.6, episode length: 145
# of episode :220, reward : -148.0, episode length: 65
# of episode :240, reward : -172.8, episode length: 109
# of episode :260, reward : -95.3, episode length: 77
# of episode :280, reward : -89.5, episode length: 89
# of episode :300, reward : -266.9, episode length: 80
# of episode :320, reward : -55.5, episode length: 67
# of episode :340, reward : -109.8, episode length: 89
# of episode :360, reward : -367.9, episode length: 108
# of episode :380, reward : -90.7, episode length: 67
# of episode :400, reward : -416.7, episode length: 101
# of episode :420, reward : -368.2, episode length: 104
# of episode :440, reward : -89.5, episode length: 76
# of episode :460, reward : -44.6, episode length: 147
# of episode :480, reward : -112.1, episode length: 108
# of episode :500, reward : -98.9, episode length: 109
# of episode :520, reward : -243.2, episode length: 151
# of episode :540, reward : -131.3, episode length: 72
# of episode :560, reward : -154.7, episode length: 103
# of episode :580, reward : -70.3, episode length: 70
# of episode :600, reward : -146.1, episode length: 112
# of episode :620, reward : -217.6, episode length: 151
# of episode :640, reward : -179.5, episode length: 88
# of episode :660, reward : -138.9, episode length: 112
# of episode :680, reward : -155.1, episode length: 119
# of episode :700, reward : -187.3, episode length: 114
# of episode :720, reward : -201.2, episode length: 90
# of episode :740, reward : -45.4, episode length: 142
# of episode :760, reward : -268.6, episode length: 156
# of episode :780, reward : -106.8, episode length: 147
# of episode :800, reward : -227.9, episode length: 145
# of episode :820, reward : -93.6, episode length: 91
# of episode :840, reward : -365.1, episode length: 238
# of episode :860, reward : -63.4, episode length: 190
# of episode :880, reward : -101.7, episode length: 84
# of episode :900, reward : -110.6, episode length: 76
# of episode :920, reward : -48.9, episode length: 112
# of episode :940, reward : -67.9, episode length: 122
# of episode :960, reward : -77.7, episode length: 128
# of episode :980, reward : -49.5, episode length: 149
# of episode :1000, reward : -87.5, episode length: 251
# of episode :1020, reward : -146.2, episode length: 142
# of episode :1040, reward : -47.6, episode length: 146
# of episode :1060, reward : -250.9, episode length: 191
# of episode :1080, reward : -80.4, episode length: 142
# of episode :1100, reward : -125.2, episode length: 97
# of episode :1120, reward : -62.3, episode length: 212
# of episode :1140, reward : -62.9, episode length: 210
# of episode :1160, reward : -64.5, episode length: 137
# of episode :1180, reward : -52.5, episode length: 146
# of episode :1200, reward : -297.8, episode length: 173
# of episode :1220, reward : -89.4, episode length: 97
# of episode :1240, reward : -45.4, episode length: 326
# of episode :1260, reward : -92.1, episode length: 162
# of episode :1280, reward : -235.5, episode length: 256
# of episode :1300, reward : -45.3, episode length: 102
# of episode :1320, reward : -161.3, episode length: 131
# of episode :1340, reward : -62.3, episode length: 315
# of episode :1360, reward : 11.8, episode length: 197
# of episode :1380, reward : -63.8, episode length: 274
# of episode :1400, reward : 38.8, episode length: 206
# of episode :1420, reward : -76.5, episode length: 305
# of episode :1440, reward : 0.2, episode length: 259
# of episode :1460, reward : -43.3, episode length: 135
# of episode :1480, reward : -67.0, episode length: 541
# of episode :1500, reward : -70.0, episode length: 556
# of episode :1520, reward : -234.5, episode length: 387
# of episode :1540, reward : 4.2, episode length: 104
# of episode :1560, reward : -16.4, episode length: 1000
# of episode :1580, reward : -16.2, episode length: 1000
# of episode :1600, reward : -55.4, episode length: 1000
# of episode :1620, reward : -3.3, episode length: 1000
# of episode :1640, reward : -277.5, episode length: 766
# of episode :1660, reward : -43.9, episode length: 547
# of episode :1680, reward : -5.2, episode length: 385
# of episode :1700, reward : -115.8, episode length: 1000
# of episode :1720, reward : -9.1, episode length: 324
# of episode :1740, reward : -8.3, episode length: 326
# of episode :1760, reward : -148.6, episode length: 572
# of episode :1780, reward : -99.2, episode length: 377
# of episode :1800, reward : -39.9, episode length: 480
# of episode :1820, reward : -51.7, episode length: 704
# of episode :1840, reward : -117.7, episode length: 769
# of episode :1860, reward : -40.9, episode length: 1000
# of episode :1880, reward : 38.2, episode length: 1000
# of episode :1900, reward : -76.6, episode length: 927
# of episode :1920, reward : -192.9, episode length: 820
# of episode :1940, reward : -2.6, episode length: 1000
# of episode :1960, reward : 17.2, episode length: 1000
# of episode :1980, reward : -165.0, episode length: 805
# of episode :2000, reward : 31.4, episode length: 1000
# of episode :2020, reward : 51.0, episode length: 1000
# of episode :2040, reward : -5.2, episode length: 1000
# of episode :2060, reward : 33.7, episode length: 1000
# of episode :2080, reward : 57.5, episode length: 1000
# of episode :2100, reward : 54.7, episode length: 1000
# of episode :2120, reward : 33.9, episode length: 1000
# of episode :2140, reward : 84.8, episode length: 1000
# of episode :2160, reward : 26.1, episode length: 1000
# of episode :2180, reward : -6.0, episode length: 1000
# of episode :2200, reward : 62.0, episode length: 1000
# of episode :2220, reward : 31.1, episode length: 1000
# of episode :2240, reward : 65.3, episode length: 1000
# of episode :2260, reward : 66.2, episode length: 1000
# of episode :2280, reward : 78.8, episode length: 1000
# of episode :2300, reward : 144.2, episode length: 1000
# of episode :2320, reward : 112.2, episode length: 1000
# of episode :2340, reward : 72.9, episode length: 1000
# of episode :2360, reward : 48.2, episode length: 1000
# of episode :2380, reward : 78.2, episode length: 1000
# of episode :2400, reward : 52.8, episode length: 1000
# of episode :2420, reward : 12.2, episode length: 318
# of episode :2440, reward : 49.7, episode length: 1000
# of episode :2460, reward : 103.4, episode length: 1000
# of episode :2480, reward : 57.7, episode length: 1000
# of episode :2500, reward : 83.0, episode length: 1000
# of episode :2520, reward : 79.3, episode length: 1000
# of episode :2540, reward : 78.1, episode length: 1000
# of episode :2560, reward : 101.2, episode length: 1000
# of episode :2580, reward : 97.8, episode length: 1000
# of episode :2600, reward : 78.1, episode length: 1000
# of episode :2620, reward : -29.0, episode length: 342
# of episode :2640, reward : 116.4, episode length: 1000
# of episode :2660, reward : 99.9, episode length: 1000
# of episode :2680, reward : 116.8, episode length: 1000
# of episode :2700, reward : -65.0, episode length: 685
# of episode :2720, reward : 66.1, episode length: 1000
# of episode :2740, reward : 102.8, episode length: 1000
# of episode :2760, reward : 63.4, episode length: 1000
# of episode :2780, reward : 104.7, episode length: 1000
# of episode :2800, reward : -10.5, episode length: 1000
# of episode :2820, reward : 144.3, episode length: 1000
# of episode :2840, reward : 142.0, episode length: 558
# of episode :2860, reward : -76.1, episode length: 470
# of episode :2880, reward : 82.4, episode length: 1000
# of episode :2900, reward : 23.3, episode length: 1000
# of episode :2920, reward : 85.7, episode length: 1000
# of episode :2940, reward : 104.9, episode length: 1000
# of episode :2960, reward : 50.7, episode length: 1000
# of episode :2980, reward : -42.3, episode length: 582
# of episode :3000, reward : 21.0, episode length: 1000
# of episode :3020, reward : -72.5, episode length: 628
# of episode :3040, reward : 36.9, episode length: 1000
# of episode :3060, reward : -21.2, episode length: 1000
# of episode :3080, reward : 97.0, episode length: 1000
# of episode :3100, reward : -48.4, episode length: 1000
# of episode :3120, reward : 77.9, episode length: 1000
# of episode :3140, reward : 69.4, episode length: 1000
# of episode :3160, reward : 52.4, episode length: 1000
# of episode :3180, reward : 85.7, episode length: 1000
# of episode :3200, reward : 96.6, episode length: 1000
# of episode :3220, reward : -45.6, episode length: 700
# of episode :3240, reward : 156.9, episode length: 900
# of episode :3260, reward : 71.3, episode length: 1000
# of episode :3280, reward : 105.2, episode length: 1000
# of episode :3300, reward : -65.8, episode length: 409
# of episode :3320, reward : -6.8, episode length: 310
# of episode :3340, reward : 132.7, episode length: 1000
# of episode :3360, reward : 103.7, episode length: 1000
# of episode :3380, reward : 39.0, episode length: 1000
# of episode :3400, reward : 61.5, episode length: 1000
# of episode :3420, reward : 28.3, episode length: 1000
# of episode :3440, reward : -23.4, episode length: 208
# of episode :3460, reward : 99.5, episode length: 1000
# of episode :3480, reward : 78.6, episode length: 1000
# of episode :3500, reward : 109.3, episode length: 1000
# of episode :3520, reward : 46.3, episode length: 1000
# of episode :3540, reward : 101.3, episode length: 1000
# of episode :3560, reward : 71.2, episode length: 1000
# of episode :3580, reward : 92.7, episode length: 1000
# of episode :3600, reward : 42.8, episode length: 1000
# of episode :3620, reward : 176.3, episode length: 651
# of episode :3640, reward : 184.4, episode length: 994
# of episode :3660, reward : 89.2, episode length: 1000
# of episode :3680, reward : 86.5, episode length: 1000
# of episode :3700, reward : 194.5, episode length: 857
# of episode :3720, reward : 22.8, episode length: 1000
# of episode :3740, reward : 154.7, episode length: 512
# of episode :3760, reward : 202.8, episode length: 585
# of episode :3780, reward : 220.3, episode length: 463
# of episode :3800, reward : 199.4, episode length: 846
# of episode :3820, reward : 221.3, episode length: 487
# of episode :3840, reward : 229.7, episode length: 881
# of episode :3860, reward : 161.7, episode length: 618
# of episode :3880, reward : -214.1, episode length: 623
# of episode :3900, reward : 167.5, episode length: 606
# of episode :3920, reward : 181.2, episode length: 554
# of episode :3940, reward : 175.8, episode length: 591
# of episode :3960, reward : -172.4, episode length: 832
# of episode :3980, reward : 140.3, episode length: 657
# of episode :4000, reward : 193.6, episode length: 523
# of episode :4020, reward : 210.9, episode length: 527
# of episode :4040, reward : 188.1, episode length: 532
# of episode :4060, reward : 152.2, episode length: 526
# of episode :4080, reward : 208.0, episode length: 526
# of episode :4100, reward : 220.9, episode length: 383
# of episode :4120, reward : 180.8, episode length: 494
# of episode :4140, reward : 214.2, episode length: 428
# of episode :4160, reward : 208.5, episode length: 482
# of episode :4180, reward : 146.6, episode length: 667
# of episode :4200, reward : 293.1, episode length: 402
# of episode :4220, reward : 198.7, episode length: 497
# of episode :4240, reward : 237.3, episode length: 319
# of episode :4260, reward : 169.9, episode length: 536
# of episode :4280, reward : 175.3, episode length: 537
# of episode :4300, reward : 256.4, episode length: 425
# of episode :4320, reward : 173.8, episode length: 615
# of episode :4340, reward : 164.0, episode length: 799
# of episode :4360, reward : 189.6, episode length: 523
# of episode :4380, reward : 250.5, episode length: 454
# of episode :4400, reward : 291.6, episode length: 453
# of episode :4420, reward : 219.7, episode length: 351
# of episode :4440, reward : 206.3, episode length: 348
# of episode :4460, reward : -9.0, episode length: 486
# of episode :4480, reward : 260.4, episode length: 429
# of episode :4500, reward : 236.6, episode length: 407
# of episode :4520, reward : 249.2, episode length: 393
# of episode :4540, reward : 238.1, episode length: 360
# of episode :4560, reward : 216.7, episode length: 433
# of episode :4580, reward : 276.1, episode length: 446
# of episode :4600, reward : 206.3, episode length: 330
# of episode :4620, reward : -38.0, episode length: 219
# of episode :4640, reward : 220.2, episode length: 499
# of episode :4660, reward : 230.2, episode length: 359
# of episode :4680, reward : 221.2, episode length: 345
# of episode :4700, reward : 20.9, episode length: 257
# of episode :4720, reward : 244.4, episode length: 362
# of episode :4740, reward : 236.2, episode length: 304
# of episode :4760, reward : 262.6, episode length: 413
# of episode :4780, reward : 163.0, episode length: 550
# of episode :4800, reward : 225.6, episode length: 360
# of episode :4820, reward : -146.2, episode length: 454
# of episode :4840, reward : -123.0, episode length: 474
# of episode :4860, reward : 241.2, episode length: 411
# of episode :4880, reward : 224.3, episode length: 304
# of episode :4900, reward : 255.4, episode length: 385
# of episode :4920, reward : 230.7, episode length: 322
# of episode :4940, reward : 3.2, episode length: 176
# of episode :4960, reward : 254.4, episode length: 338
# of episode :4980, reward : 238.7, episode length: 350
/home/zihan/anaconda3/envs/exp/lib/python3.6/site-packages/gym/envs/registration.py:14: PkgResourcesDeprecationWarning: Parameters to load are deprecated.  Call .resolve and .require separately.
  result = entry_point.load(False)
8 4
# of episode :20, reward : -100.1, episode length: 86
# of episode :40, reward : -93.9, episode length: 75
# of episode :60, reward : -175.6, episode length: 126
# of episode :80, reward : -272.2, episode length: 85
# of episode :100, reward : -117.7, episode length: 151
# of episode :120, reward : -423.5, episode length: 120
# of episode :140, reward : -189.3, episode length: 142
# of episode :160, reward : -428.7, episode length: 96
# of episode :180, reward : -103.0, episode length: 81
# of episode :200, reward : -55.3, episode length: 73
# of episode :220, reward : -177.3, episode length: 104
# of episode :240, reward : -340.5, episode length: 84
# of episode :260, reward : -73.5, episode length: 101
# of episode :280, reward : -274.1, episode length: 142
# of episode :300, reward : -446.8, episode length: 98
# of episode :320, reward : -375.2, episode length: 116
# of episode :340, reward : -163.6, episode length: 168
# of episode :360, reward : -58.2, episode length: 119
# of episode :380, reward : 22.3, episode length: 1000
# of episode :400, reward : -307.3, episode length: 96
# of episode :420, reward : -184.0, episode length: 102
# of episode :440, reward : -35.1, episode length: 100
# of episode :460, reward : -464.9, episode length: 112
# of episode :480, reward : -104.8, episode length: 71
# of episode :500, reward : -434.1, episode length: 135
# of episode :520, reward : -374.4, episode length: 145
# of episode :540, reward : -247.8, episode length: 151
# of episode :560, reward : -84.3, episode length: 140
# of episode :580, reward : -111.3, episode length: 102
# of episode :600, reward : -90.0, episode length: 79
# of episode :620, reward : -198.5, episode length: 162
# of episode :640, reward : -45.8, episode length: 115
# of episode :660, reward : -110.4, episode length: 92
# of episode :680, reward : -314.9, episode length: 143
# of episode :700, reward : -60.8, episode length: 81
# of episode :720, reward : -150.7, episode length: 157
# of episode :740, reward : -38.7, episode length: 148
# of episode :760, reward : -92.8, episode length: 183
# of episode :780, reward : -353.9, episode length: 90
# of episode :800, reward : -46.1, episode length: 125
# of episode :820, reward : -253.1, episode length: 173
# of episode :840, reward : -123.5, episode length: 151
# of episode :860, reward : -267.2, episode length: 153
# of episode :880, reward : -131.1, episode length: 144
# of episode :900, reward : -14.1, episode length: 255
# of episode :920, reward : -34.0, episode length: 101
# of episode :940, reward : -126.0, episode length: 219
# of episode :960, reward : -47.2, episode length: 116
# of episode :980, reward : -75.9, episode length: 84
# of episode :1000, reward : -171.8, episode length: 230
# of episode :1020, reward : -118.0, episode length: 162
# of episode :1040, reward : -8.1, episode length: 163
# of episode :1060, reward : -230.0, episode length: 213
# of episode :1080, reward : -35.6, episode length: 219
# of episode :1100, reward : -46.7, episode length: 79
# of episode :1120, reward : 12.0, episode length: 103
# of episode :1140, reward : -70.7, episode length: 240
# of episode :1160, reward : -26.7, episode length: 115
# of episode :1180, reward : -52.6, episode length: 1000
# of episode :1200, reward : -45.9, episode length: 120
# of episode :1220, reward : -152.4, episode length: 232
# of episode :1240, reward : 3.9, episode length: 149
# of episode :1260, reward : -175.2, episode length: 233
# of episode :1280, reward : -7.0, episode length: 165
# of episode :1300, reward : -101.6, episode length: 314
# of episode :1320, reward : -49.0, episode length: 252
# of episode :1340, reward : -100.7, episode length: 327
# of episode :1360, reward : -121.9, episode length: 468
# of episode :1380, reward : -113.5, episode length: 309
# of episode :1400, reward : -55.3, episode length: 254
# of episode :1420, reward : -247.2, episode length: 715
# of episode :1440, reward : -10.8, episode length: 106
# of episode :1460, reward : -83.4, episode length: 387
# of episode :1480, reward : -80.2, episode length: 281
# of episode :1500, reward : -390.1, episode length: 814
# of episode :1520, reward : -131.8, episode length: 249
# of episode :1540, reward : -1.5, episode length: 292
# of episode :1560, reward : -183.0, episode length: 585
# of episode :1580, reward : -209.9, episode length: 229
# of episode :1600, reward : -35.3, episode length: 232
# of episode :1620, reward : -109.0, episode length: 144
# of episode :1640, reward : -411.9, episode length: 584
# of episode :1660, reward : -153.1, episode length: 350
# of episode :1680, reward : -219.9, episode length: 710
# of episode :1700, reward : -186.8, episode length: 348
# of episode :1720, reward : -36.8, episode length: 188
# of episode :1740, reward : 35.6, episode length: 103
# of episode :1760, reward : -37.8, episode length: 93
# of episode :1780, reward : -24.8, episode length: 139
# of episode :1800, reward : 7.6, episode length: 118
# of episode :1820, reward : -72.9, episode length: 359
# of episode :1840, reward : -163.8, episode length: 437
# of episode :1860, reward : -16.8, episode length: 124
# of episode :1880, reward : -56.1, episode length: 362
# of episode :1900, reward : -48.8, episode length: 109
# of episode :1920, reward : -32.0, episode length: 501
# of episode :1940, reward : -364.8, episode length: 641
# of episode :1960, reward : -94.7, episode length: 736
# of episode :1980, reward : 22.8, episode length: 145
# of episode :2000, reward : -298.2, episode length: 1000
# of episode :2020, reward : -18.1, episode length: 209
# of episode :2040, reward : -233.1, episode length: 838
# of episode :2060, reward : -110.7, episode length: 681
# of episode :2080, reward : -48.4, episode length: 240
# of episode :2100, reward : -90.4, episode length: 630
# of episode :2120, reward : -40.9, episode length: 181
# of episode :2140, reward : -229.1, episode length: 190
# of episode :2160, reward : -87.4, episode length: 347
# of episode :2180, reward : -163.7, episode length: 1000
# of episode :2200, reward : -79.7, episode length: 1000
# of episode :2220, reward : -38.2, episode length: 1000
# of episode :2240, reward : -10.3, episode length: 93
# of episode :2260, reward : -216.7, episode length: 712
# of episode :2280, reward : 8.8, episode length: 100
# of episode :2300, reward : -137.5, episode length: 785
# of episode :2320, reward : -234.1, episode length: 850
# of episode :2340, reward : -23.5, episode length: 281
# of episode :2360, reward : -95.5, episode length: 166
# of episode :2380, reward : -63.6, episode length: 260
# of episode :2400, reward : -136.7, episode length: 873
# of episode :2420, reward : -138.5, episode length: 886
# of episode :2440, reward : -134.1, episode length: 932
# of episode :2460, reward : 55.4, episode length: 119
# of episode :2480, reward : -61.4, episode length: 456
# of episode :2500, reward : -11.4, episode length: 130
# of episode :2520, reward : -61.5, episode length: 1000
# of episode :2540, reward : -115.8, episode length: 1000
# of episode :2560, reward : -8.2, episode length: 104
# of episode :2580, reward : -70.6, episode length: 185
# of episode :2600, reward : -3.3, episode length: 1000
# of episode :2620, reward : -91.3, episode length: 1000
# of episode :2640, reward : -88.1, episode length: 1000
# of episode :2660, reward : -60.5, episode length: 1000
# of episode :2680, reward : 4.5, episode length: 1000
# of episode :2700, reward : -34.5, episode length: 1000
# of episode :2720, reward : -84.3, episode length: 1000
# of episode :2740, reward : -82.8, episode length: 848
# of episode :2760, reward : -84.4, episode length: 1000
# of episode :2780, reward : 29.7, episode length: 1000
# of episode :2800, reward : -2.5, episode length: 1000
# of episode :2820, reward : -77.7, episode length: 1000
# of episode :2840, reward : -16.6, episode length: 1000
# of episode :2860, reward : 18.3, episode length: 1000
# of episode :2880, reward : -41.5, episode length: 1000
# of episode :2900, reward : 6.7, episode length: 1000
# of episode :2920, reward : 6.7, episode length: 210
# of episode :2940, reward : -36.1, episode length: 1000
# of episode :2960, reward : 9.0, episode length: 1000
# of episode :2980, reward : -33.2, episode length: 1000
# of episode :3000, reward : -62.4, episode length: 1000
# of episode :3020, reward : -22.0, episode length: 1000
# of episode :3040, reward : 25.7, episode length: 1000
# of episode :3060, reward : -10.2, episode length: 1000
# of episode :3080, reward : 34.5, episode length: 1000
# of episode :3100, reward : -18.4, episode length: 249
# of episode :3120, reward : 16.9, episode length: 434
# of episode :3140, reward : 11.6, episode length: 1000
# of episode :3160, reward : -3.1, episode length: 1000
# of episode :3180, reward : 12.6, episode length: 1000
# of episode :3200, reward : -20.0, episode length: 1000
# of episode :3220, reward : 15.2, episode length: 1000
# of episode :3240, reward : -152.3, episode length: 838
# of episode :3260, reward : 13.4, episode length: 1000
# of episode :3280, reward : -31.9, episode length: 1000
# of episode :3300, reward : 14.1, episode length: 1000
# of episode :3320, reward : -2.3, episode length: 1000
# of episode :3340, reward : 48.1, episode length: 1000
# of episode :3360, reward : 16.7, episode length: 1000
# of episode :3380, reward : 78.1, episode length: 1000
# of episode :3400, reward : 16.8, episode length: 1000
# of episode :3420, reward : -17.3, episode length: 316
# of episode :3440, reward : 36.0, episode length: 1000
# of episode :3460, reward : 110.2, episode length: 1000
# of episode :3480, reward : 126.5, episode length: 1000
# of episode :3500, reward : 62.7, episode length: 1000
# of episode :3520, reward : 89.3, episode length: 1000
# of episode :3540, reward : 79.9, episode length: 1000
# of episode :3560, reward : -29.5, episode length: 439
# of episode :3580, reward : 107.8, episode length: 1000
# of episode :3600, reward : 68.0, episode length: 1000
# of episode :3620, reward : 30.2, episode length: 1000
# of episode :3640, reward : 25.6, episode length: 1000
# of episode :3660, reward : 100.0, episode length: 1000
# of episode :3680, reward : 126.1, episode length: 1000
# of episode :3700, reward : 136.4, episode length: 925
# of episode :3720, reward : 221.5, episode length: 943
# of episode :3740, reward : 252.8, episode length: 608
# of episode :3760, reward : 198.9, episode length: 595
# of episode :3780, reward : 225.2, episode length: 646
# of episode :3800, reward : 232.2, episode length: 506
# of episode :3820, reward : -16.2, episode length: 480
# of episode :3840, reward : 0.9, episode length: 283
# of episode :3860, reward : 241.2, episode length: 516
# of episode :3880, reward : -30.6, episode length: 371
# of episode :3900, reward : 220.6, episode length: 455
# of episode :3920, reward : 230.6, episode length: 501
# of episode :3940, reward : -41.9, episode length: 529
# of episode :3960, reward : 220.9, episode length: 528
# of episode :3980, reward : 241.9, episode length: 384
# of episode :4000, reward : 218.4, episode length: 565
# of episode :4020, reward : -48.9, episode length: 449
# of episode :4040, reward : 210.8, episode length: 612
# of episode :4060, reward : 198.6, episode length: 512
# of episode :4080, reward : 203.1, episode length: 543
# of episode :4100, reward : 212.4, episode length: 686
# of episode :4120, reward : 201.7, episode length: 488
# of episode :4140, reward : 194.6, episode length: 482
# of episode :4160, reward : 199.7, episode length: 442
# of episode :4180, reward : 242.9, episode length: 509
# of episode :4200, reward : -58.8, episode length: 400
# of episode :4220, reward : 180.1, episode length: 648
# of episode :4240, reward : 231.3, episode length: 437
# of episode :4260, reward : 224.0, episode length: 508
# of episode :4280, reward : 199.6, episode length: 432
# of episode :4300, reward : 246.1, episode length: 454
# of episode :4320, reward : 200.0, episode length: 540
# of episode :4340, reward : 228.1, episode length: 453
# of episode :4360, reward : -37.4, episode length: 340
# of episode :4380, reward : -11.3, episode length: 414
# of episode :4400, reward : 255.2, episode length: 439
# of episode :4420, reward : 230.3, episode length: 415
# of episode :4440, reward : -56.0, episode length: 407
# of episode :4460, reward : 218.7, episode length: 460
# of episode :4480, reward : 238.2, episode length: 472
# of episode :4500, reward : -7.9, episode length: 231
# of episode :4520, reward : 219.8, episode length: 612
# of episode :4540, reward : 249.1, episode length: 350
# of episode :4560, reward : 213.4, episode length: 469
# of episode :4580, reward : -22.6, episode length: 384
# of episode :4600, reward : -30.2, episode length: 404
# of episode :4620, reward : -23.0, episode length: 364
# of episode :4640, reward : 25.5, episode length: 275
# of episode :4660, reward : 200.1, episode length: 442
# of episode :4680, reward : 215.2, episode length: 464
# of episode :4700, reward : 129.5, episode length: 735
# of episode :4720, reward : 204.2, episode length: 440
# of episode :4740, reward : 224.7, episode length: 405
# of episode :4760, reward : 210.0, episode length: 588
# of episode :4780, reward : 166.2, episode length: 655
# of episode :4800, reward : 250.5, episode length: 534
# of episode :4820, reward : 239.9, episode length: 410
# of episode :4840, reward : 220.1, episode length: 378
# of episode :4860, reward : 297.6, episode length: 306
# of episode :4880, reward : 267.7, episode length: 587
# of episode :4900, reward : 254.6, episode length: 328
# of episode :4920, reward : -15.7, episode length: 208
# of episode :4940, reward : 254.4, episode length: 350
# of episode :4960, reward : 254.3, episode length: 317
# of episode :4980, reward : 245.1, episode length: 291
/home/zihan/anaconda3/envs/exp/lib/python3.6/site-packages/gym/envs/registration.py:14: PkgResourcesDeprecationWarning: Parameters to load are deprecated.  Call .resolve and .require separately.
  result = entry_point.load(False)
8 4
# of episode :20, reward : -190.6, episode length: 73
# of episode :40, reward : -207.0, episode length: 115
# of episode :60, reward : -81.3, episode length: 61
# of episode :80, reward : -122.2, episode length: 88
# of episode :100, reward : -99.4, episode length: 91
# of episode :120, reward : -103.7, episode length: 61
# of episode :140, reward : -122.4, episode length: 89
# of episode :160, reward : 14.4, episode length: 90
# of episode :180, reward : -465.0, episode length: 127
# of episode :200, reward : -388.6, episode length: 88
# of episode :220, reward : -339.4, episode length: 108
# of episode :240, reward : -95.4, episode length: 101
# of episode :260, reward : -346.6, episode length: 131
# of episode :280, reward : -104.6, episode length: 92
# of episode :300, reward : -48.9, episode length: 66
# of episode :320, reward : -64.7, episode length: 70
# of episode :340, reward : -70.0, episode length: 93
# of episode :360, reward : -128.3, episode length: 82
# of episode :380, reward : -294.1, episode length: 98
# of episode :400, reward : -86.1, episode length: 100
# of episode :420, reward : -119.2, episode length: 80
# of episode :440, reward : -178.3, episode length: 66
# of episode :460, reward : -92.3, episode length: 89
# of episode :480, reward : -66.1, episode length: 73
# of episode :500, reward : -80.4, episode length: 110
# of episode :520, reward : -201.0, episode length: 140
# of episode :540, reward : -41.7, episode length: 126
# of episode :560, reward : -128.8, episode length: 100
# of episode :580, reward : -185.2, episode length: 105
# of episode :600, reward : -299.6, episode length: 556
# of episode :620, reward : -217.6, episode length: 237
# of episode :640, reward : -229.5, episode length: 149
# of episode :660, reward : -126.4, episode length: 126
# of episode :680, reward : -97.3, episode length: 146
# of episode :700, reward : -70.0, episode length: 192
# of episode :720, reward : -148.6, episode length: 141
# of episode :740, reward : -84.4, episode length: 158
# of episode :760, reward : -75.1, episode length: 67
# of episode :780, reward : -263.5, episode length: 245
# of episode :800, reward : -84.4, episode length: 92
# of episode :820, reward : -139.2, episode length: 176
# of episode :840, reward : -145.3, episode length: 194
# of episode :860, reward : -110.0, episode length: 149
# of episode :880, reward : -131.5, episode length: 189
# of episode :900, reward : -92.8, episode length: 141
# of episode :920, reward : -124.3, episode length: 136
# of episode :940, reward : -68.8, episode length: 207
# of episode :960, reward : -214.0, episode length: 113
# of episode :980, reward : -30.3, episode length: 135
# of episode :1000, reward : -55.4, episode length: 70
# of episode :1020, reward : -35.9, episode length: 100
# of episode :1040, reward : -85.2, episode length: 79
# of episode :1060, reward : -82.5, episode length: 222
# of episode :1080, reward : -17.7, episode length: 152
# of episode :1100, reward : -13.9, episode length: 236
# of episode :1120, reward : 19.0, episode length: 150
# of episode :1140, reward : -51.0, episode length: 166
# of episode :1160, reward : -69.5, episode length: 183
# of episode :1180, reward : -40.7, episode length: 125
# of episode :1200, reward : -81.1, episode length: 277
# of episode :1220, reward : -57.9, episode length: 102
# of episode :1240, reward : 22.6, episode length: 110
# of episode :1260, reward : -44.9, episode length: 275
# of episode :1280, reward : -49.4, episode length: 181
# of episode :1300, reward : -347.1, episode length: 712
# of episode :1320, reward : -121.4, episode length: 407
# of episode :1340, reward : -134.9, episode length: 212
# of episode :1360, reward : -113.7, episode length: 561
# of episode :1380, reward : -79.5, episode length: 188
# of episode :1400, reward : -50.0, episode length: 204
# of episode :1420, reward : -55.9, episode length: 156
# of episode :1440, reward : -299.0, episode length: 882
# of episode :1460, reward : -313.5, episode length: 353
# of episode :1480, reward : -125.7, episode length: 1000
# of episode :1500, reward : -347.6, episode length: 937
# of episode :1520, reward : 1.0, episode length: 182
# of episode :1540, reward : 5.7, episode length: 162
# of episode :1560, reward : -178.4, episode length: 574
# of episode :1580, reward : 27.5, episode length: 116
# of episode :1600, reward : -121.2, episode length: 402
# of episode :1620, reward : -38.2, episode length: 182
# of episode :1640, reward : 8.7, episode length: 126
# of episode :1660, reward : -116.3, episode length: 395
# of episode :1680, reward : -33.7, episode length: 196
# of episode :1700, reward : -151.0, episode length: 892
# of episode :1720, reward : -77.3, episode length: 557
# of episode :1740, reward : -161.9, episode length: 1000
# of episode :1760, reward : -109.4, episode length: 769
# of episode :1780, reward : -11.3, episode length: 1000
# of episode :1800, reward : -4.4, episode length: 272
# of episode :1820, reward : -28.0, episode length: 1000
# of episode :1840, reward : -101.7, episode length: 1000
# of episode :1860, reward : -76.3, episode length: 1000
# of episode :1880, reward : -87.2, episode length: 728
# of episode :1900, reward : -71.1, episode length: 1000
# of episode :1920, reward : -99.8, episode length: 1000
# of episode :1940, reward : -127.8, episode length: 1000
# of episode :1960, reward : -179.4, episode length: 704
# of episode :1980, reward : -57.3, episode length: 1000
# of episode :2000, reward : -154.0, episode length: 1000
# of episode :2020, reward : -233.4, episode length: 792
# of episode :2040, reward : -58.1, episode length: 1000
# of episode :2060, reward : 13.1, episode length: 1000
# of episode :2080, reward : -23.9, episode length: 216
# of episode :2100, reward : -29.9, episode length: 1000
# of episode :2120, reward : -105.7, episode length: 1000
# of episode :2140, reward : -41.8, episode length: 1000
# of episode :2160, reward : -7.4, episode length: 1000
# of episode :2180, reward : -105.1, episode length: 712
# of episode :2200, reward : -18.1, episode length: 366
# of episode :2220, reward : -2.1, episode length: 1000
# of episode :2240, reward : -68.4, episode length: 1000
# of episode :2260, reward : 25.5, episode length: 221
# of episode :2280, reward : -29.7, episode length: 1000
# of episode :2300, reward : -85.5, episode length: 1000
# of episode :2320, reward : 28.8, episode length: 253
# of episode :2340, reward : -38.5, episode length: 1000
# of episode :2360, reward : 42.6, episode length: 1000
# of episode :2380, reward : -41.7, episode length: 1000
# of episode :2400, reward : 40.2, episode length: 1000
# of episode :2420, reward : -13.7, episode length: 1000
# of episode :2440, reward : 18.1, episode length: 302
# of episode :2460, reward : 39.4, episode length: 1000
# of episode :2480, reward : -12.9, episode length: 264
# of episode :2500, reward : -70.1, episode length: 1000
# of episode :2520, reward : 93.7, episode length: 1000
# of episode :2540, reward : 60.0, episode length: 1000
# of episode :2560, reward : 85.6, episode length: 1000
# of episode :2580, reward : 46.6, episode length: 1000
# of episode :2600, reward : -38.4, episode length: 326
# of episode :2620, reward : 59.6, episode length: 1000
# of episode :2640, reward : -5.7, episode length: 322
# of episode :2660, reward : 47.6, episode length: 1000
# of episode :2680, reward : 7.7, episode length: 279
# of episode :2700, reward : 60.9, episode length: 1000
# of episode :2720, reward : 114.9, episode length: 1000
# of episode :2740, reward : 81.7, episode length: 1000
# of episode :2760, reward : 98.6, episode length: 1000
# of episode :2780, reward : 89.4, episode length: 1000
# of episode :2800, reward : 114.7, episode length: 1000
# of episode :2820, reward : 36.4, episode length: 1000
# of episode :2840, reward : 105.8, episode length: 1000
# of episode :2860, reward : 94.6, episode length: 1000
# of episode :2880, reward : 60.8, episode length: 1000
# of episode :2900, reward : 1.4, episode length: 299
# of episode :2920, reward : 90.0, episode length: 1000
# of episode :2940, reward : -21.0, episode length: 363
# of episode :2960, reward : 98.1, episode length: 1000
# of episode :2980, reward : 58.3, episode length: 1000
# of episode :3000, reward : 183.3, episode length: 584
# of episode :3020, reward : 98.8, episode length: 1000
# of episode :3040, reward : 50.8, episode length: 1000
# of episode :3060, reward : 61.2, episode length: 1000
# of episode :3080, reward : 127.2, episode length: 1000
# of episode :3100, reward : 67.9, episode length: 1000
# of episode :3120, reward : 91.3, episode length: 1000
# of episode :3140, reward : 71.4, episode length: 1000
# of episode :3160, reward : -31.5, episode length: 359
# of episode :3180, reward : 64.0, episode length: 1000
# of episode :3200, reward : 98.4, episode length: 1000
# of episode :3220, reward : -45.9, episode length: 472
# of episode :3240, reward : 70.9, episode length: 1000
# of episode :3260, reward : 50.9, episode length: 1000
# of episode :3280, reward : 72.1, episode length: 1000
# of episode :3300, reward : 79.4, episode length: 1000
# of episode :3320, reward : -3.0, episode length: 1000
# of episode :3340, reward : -22.6, episode length: 1000
# of episode :3360, reward : 11.9, episode length: 1000
# of episode :3380, reward : 82.7, episode length: 1000
# of episode :3400, reward : 64.0, episode length: 1000
# of episode :3420, reward : 171.4, episode length: 876
# of episode :3440, reward : 153.7, episode length: 597
# of episode :3460, reward : -38.0, episode length: 1000
# of episode :3480, reward : 89.9, episode length: 1000
# of episode :3500, reward : 77.2, episode length: 1000
# of episode :3520, reward : 87.4, episode length: 1000
# of episode :3540, reward : 88.7, episode length: 1000
# of episode :3560, reward : -65.0, episode length: 1000
# of episode :3580, reward : 86.7, episode length: 1000
# of episode :3600, reward : -62.8, episode length: 1000
# of episode :3620, reward : 85.4, episode length: 1000
# of episode :3640, reward : 64.1, episode length: 1000
# of episode :3660, reward : 42.4, episode length: 1000
# of episode :3680, reward : 164.7, episode length: 592
# of episode :3700, reward : 180.7, episode length: 591
# of episode :3720, reward : 199.9, episode length: 535
# of episode :3740, reward : -58.5, episode length: 467
# of episode :3760, reward : 40.3, episode length: 1000
# of episode :3780, reward : -26.6, episode length: 502
# of episode :3800, reward : 59.4, episode length: 1000
# of episode :3820, reward : 47.5, episode length: 1000
# of episode :3840, reward : 38.1, episode length: 1000
# of episode :3860, reward : 69.8, episode length: 1000
# of episode :3880, reward : 92.2, episode length: 1000
# of episode :3900, reward : 127.2, episode length: 810
# of episode :3920, reward : 20.7, episode length: 1000
# of episode :3940, reward : 105.0, episode length: 714
# of episode :3960, reward : 88.2, episode length: 1000
# of episode :3980, reward : 99.7, episode length: 1000
# of episode :4000, reward : 98.3, episode length: 1000
# of episode :4020, reward : 92.4, episode length: 1000
# of episode :4040, reward : 51.4, episode length: 1000
# of episode :4060, reward : 111.1, episode length: 1000
# of episode :4080, reward : 171.4, episode length: 907
# of episode :4100, reward : 135.0, episode length: 667
# of episode :4120, reward : 60.8, episode length: 1000
# of episode :4140, reward : 67.5, episode length: 1000
# of episode :4160, reward : 64.0, episode length: 1000
# of episode :4180, reward : 72.9, episode length: 1000
# of episode :4200, reward : 82.1, episode length: 1000
# of episode :4220, reward : 54.5, episode length: 1000
# of episode :4240, reward : -72.8, episode length: 643
# of episode :4260, reward : 160.5, episode length: 858
# of episode :4280, reward : 154.4, episode length: 534
# of episode :4300, reward : 56.8, episode length: 1000
# of episode :4320, reward : 180.2, episode length: 763
# of episode :4340, reward : 91.7, episode length: 1000
# of episode :4360, reward : -55.3, episode length: 519
# of episode :4380, reward : 102.4, episode length: 1000
# of episode :4400, reward : 128.7, episode length: 851
# of episode :4420, reward : 193.7, episode length: 495
# of episode :4440, reward : 138.1, episode length: 622
# of episode :4460, reward : 95.7, episode length: 1000
# of episode :4480, reward : 85.5, episode length: 1000
# of episode :4500, reward : 170.0, episode length: 646
# of episode :4520, reward : 87.0, episode length: 910
# of episode :4540, reward : -42.5, episode length: 1000
# of episode :4560, reward : 62.1, episode length: 1000
# of episode :4580, reward : 74.6, episode length: 1000
# of episode :4600, reward : 70.9, episode length: 1000
# of episode :4620, reward : -43.6, episode length: 361
# of episode :4640, reward : 169.8, episode length: 469
# of episode :4660, reward : 114.5, episode length: 1000
# of episode :4680, reward : 187.8, episode length: 654
# of episode :4700, reward : 10.6, episode length: 331
# of episode :4720, reward : 163.3, episode length: 563
# of episode :4740, reward : 56.6, episode length: 1000
# of episode :4760, reward : 37.8, episode length: 1000
# of episode :4780, reward : 194.2, episode length: 512
# of episode :4800, reward : -33.5, episode length: 452
# of episode :4820, reward : 98.5, episode length: 926
# of episode :4840, reward : 42.7, episode length: 1000
# of episode :4860, reward : -35.5, episode length: 509
# of episode :4880, reward : 169.2, episode length: 536
# of episode :4900, reward : 92.0, episode length: 813
# of episode :4920, reward : 76.1, episode length: 1000
# of episode :4940, reward : 31.5, episode length: 1000
# of episode :4960, reward : -21.6, episode length: 373
# of episode :4980, reward : 154.1, episode length: 944
