compute002
5
/home/zihan/anaconda3/envs/exp/lib/python3.6/site-packages/tensorboard/compat/tensorflow_stub/dtypes.py:541: FutureWarning: Passing (type, 1) or '1type' as a synonym of type is deprecated; in a future version of numpy, it will be understood as (type, (1,)) / '(1,)type'.
  _np_qint8 = np.dtype([("qint8", np.int8, 1)])
/home/zihan/anaconda3/envs/exp/lib/python3.6/site-packages/tensorboard/compat/tensorflow_stub/dtypes.py:542: FutureWarning: Passing (type, 1) or '1type' as a synonym of type is deprecated; in a future version of numpy, it will be understood as (type, (1,)) / '(1,)type'.
  _np_quint8 = np.dtype([("quint8", np.uint8, 1)])
/home/zihan/anaconda3/envs/exp/lib/python3.6/site-packages/tensorboard/compat/tensorflow_stub/dtypes.py:543: FutureWarning: Passing (type, 1) or '1type' as a synonym of type is deprecated; in a future version of numpy, it will be understood as (type, (1,)) / '(1,)type'.
  _np_qint16 = np.dtype([("qint16", np.int16, 1)])
/home/zihan/anaconda3/envs/exp/lib/python3.6/site-packages/tensorboard/compat/tensorflow_stub/dtypes.py:544: FutureWarning: Passing (type, 1) or '1type' as a synonym of type is deprecated; in a future version of numpy, it will be understood as (type, (1,)) / '(1,)type'.
  _np_quint16 = np.dtype([("quint16", np.uint16, 1)])
/home/zihan/anaconda3/envs/exp/lib/python3.6/site-packages/tensorboard/compat/tensorflow_stub/dtypes.py:545: FutureWarning: Passing (type, 1) or '1type' as a synonym of type is deprecated; in a future version of numpy, it will be understood as (type, (1,)) / '(1,)type'.
  _np_qint32 = np.dtype([("qint32", np.int32, 1)])
/home/zihan/anaconda3/envs/exp/lib/python3.6/site-packages/tensorboard/compat/tensorflow_stub/dtypes.py:550: FutureWarning: Passing (type, 1) or '1type' as a synonym of type is deprecated; in a future version of numpy, it will be understood as (type, (1,)) / '(1,)type'.
  np_resource = np.dtype([("resource", np.ubyte, 1)])
Epoch: 01 | Batch: 000 | CrossEntropy-loss: 1.43812 | Correct: 104/1280
Epoch: 01 | Batch: 100 | CrossEntropy-loss: 1.31334 | Correct: 740/1280
Epoch: 01 | Batch: 200 | CrossEntropy-loss: 1.20806 | Correct: 834/1280
Epoch: 01 | Batch: 300 | CrossEntropy-loss: 1.09499 | Correct: 844/1280
Epoch: 01 | Batch: 400 | CrossEntropy-loss: 1.02148 | Correct: 665/1280
Epoch: 01 | Batch: 500 | CrossEntropy-loss: 0.91505 | Correct: 688/1280
Epoch: 01 | Batch: 600 | CrossEntropy-loss: 0.87066 | Correct: 746/1280
Epoch: 01 | Batch: 700 | CrossEntropy-loss: 0.79616 | Correct: 867/1280
Epoch: 01 | Batch: 800 | CrossEntropy-loss: 0.75085 | Correct: 945/1280
Epoch: 01 | Batch: 900 | CrossEntropy-loss: 0.73176 | Correct: 968/1280
Epoch: 01 | Batch: 1000 | CrossEntropy-loss: 0.72709 | Correct: 955/1280
Epoch: 01 | Batch: 1100 | CrossEntropy-loss: 0.68023 | Correct: 990/1280
Epoch: 01 | Batch: 1200 | CrossEntropy-loss: 0.65528 | Correct: 973/1280
Epoch: 01 | Batch: 1300 | CrossEntropy-loss: 0.64986 | Correct: 995/1280
Epoch: 01 | Batch: 1400 | CrossEntropy-loss: 0.56110 | Correct: 1040/1280
Epoch: 01 | Batch: 1500 | CrossEntropy-loss: 0.58893 | Correct: 1008/1280

Epoch: 01 | Testing Accuracy: 396329/504607 (78.542%) | Historical Best: 78.542%

Epoch: 02 | Batch: 000 | CrossEntropy-loss: 0.61935 | Correct: 967/1280
Epoch: 02 | Batch: 100 | CrossEntropy-loss: 0.58016 | Correct: 997/1280
Epoch: 02 | Batch: 200 | CrossEntropy-loss: 0.55140 | Correct: 1006/1280
Epoch: 02 | Batch: 300 | CrossEntropy-loss: 0.54749 | Correct: 999/1280
Epoch: 02 | Batch: 400 | CrossEntropy-loss: 0.51976 | Correct: 1030/1280
Epoch: 02 | Batch: 500 | CrossEntropy-loss: 0.52782 | Correct: 1019/1280
Epoch: 02 | Batch: 600 | CrossEntropy-loss: 0.49986 | Correct: 1040/1280
Epoch: 02 | Batch: 700 | CrossEntropy-loss: 0.49747 | Correct: 1026/1280
Epoch: 02 | Batch: 800 | CrossEntropy-loss: 0.47256 | Correct: 1031/1280
Epoch: 02 | Batch: 900 | CrossEntropy-loss: 0.48574 | Correct: 1021/1280
Epoch: 02 | Batch: 1000 | CrossEntropy-loss: 0.47529 | Correct: 1024/1280
Epoch: 02 | Batch: 1100 | CrossEntropy-loss: 0.48782 | Correct: 1012/1280
Epoch: 02 | Batch: 1200 | CrossEntropy-loss: 0.43883 | Correct: 1050/1280
Epoch: 02 | Batch: 1300 | CrossEntropy-loss: 0.45258 | Correct: 1036/1280
Epoch: 02 | Batch: 1400 | CrossEntropy-loss: 0.45074 | Correct: 1038/1280
Epoch: 02 | Batch: 1500 | CrossEntropy-loss: 0.43055 | Correct: 1050/1280

Epoch: 02 | Testing Accuracy: 406453/504607 (80.548%) | Historical Best: 80.548%

Epoch: 03 | Batch: 000 | CrossEntropy-loss: 0.42904 | Correct: 1056/1280
Epoch: 03 | Batch: 100 | CrossEntropy-loss: 0.41991 | Correct: 1034/1280
Epoch: 03 | Batch: 200 | CrossEntropy-loss: 0.43394 | Correct: 1015/1280
Epoch: 03 | Batch: 300 | CrossEntropy-loss: 0.40923 | Correct: 1028/1280
Epoch: 03 | Batch: 400 | CrossEntropy-loss: 0.40161 | Correct: 1048/1280
Epoch: 03 | Batch: 500 | CrossEntropy-loss: 0.42748 | Correct: 1023/1280
Epoch: 03 | Batch: 600 | CrossEntropy-loss: 0.42878 | Correct: 1029/1280
Epoch: 03 | Batch: 700 | CrossEntropy-loss: 0.39713 | Correct: 1040/1280
Epoch: 03 | Batch: 800 | CrossEntropy-loss: 0.40033 | Correct: 1050/1280
Epoch: 03 | Batch: 900 | CrossEntropy-loss: 0.40243 | Correct: 989/1280
Epoch: 03 | Batch: 1000 | CrossEntropy-loss: 0.40922 | Correct: 1016/1280
Epoch: 03 | Batch: 1100 | CrossEntropy-loss: 0.39360 | Correct: 1024/1280
Epoch: 03 | Batch: 1200 | CrossEntropy-loss: 0.38810 | Correct: 1037/1280
Epoch: 03 | Batch: 1300 | CrossEntropy-loss: 0.39395 | Correct: 1029/1280
Epoch: 03 | Batch: 1400 | CrossEntropy-loss: 0.38091 | Correct: 1037/1280
Epoch: 03 | Batch: 1500 | CrossEntropy-loss: 0.37401 | Correct: 1050/1280

Epoch: 03 | Testing Accuracy: 405332/504607 (80.326%) | Historical Best: 80.548%

Epoch: 04 | Batch: 000 | CrossEntropy-loss: 0.37838 | Correct: 1053/1280
Epoch: 04 | Batch: 100 | CrossEntropy-loss: 0.42042 | Correct: 1006/1280
Epoch: 04 | Batch: 200 | CrossEntropy-loss: 0.36333 | Correct: 1050/1280
Epoch: 04 | Batch: 300 | CrossEntropy-loss: 0.35010 | Correct: 1064/1280
Epoch: 04 | Batch: 400 | CrossEntropy-loss: 0.35372 | Correct: 1062/1280
Epoch: 04 | Batch: 500 | CrossEntropy-loss: 0.35459 | Correct: 1039/1280
Epoch: 04 | Batch: 600 | CrossEntropy-loss: 0.38509 | Correct: 1046/1280
Epoch: 04 | Batch: 700 | CrossEntropy-loss: 0.39296 | Correct: 1030/1280
Epoch: 04 | Batch: 800 | CrossEntropy-loss: 0.34346 | Correct: 1056/1280
Epoch: 04 | Batch: 900 | CrossEntropy-loss: 0.33008 | Correct: 1083/1280
Epoch: 04 | Batch: 1000 | CrossEntropy-loss: 0.39142 | Correct: 1058/1280
Epoch: 04 | Batch: 1100 | CrossEntropy-loss: 0.35231 | Correct: 1073/1280
Epoch: 04 | Batch: 1200 | CrossEntropy-loss: 0.35266 | Correct: 1064/1280
Epoch: 04 | Batch: 1300 | CrossEntropy-loss: 0.33655 | Correct: 1071/1280
Epoch: 04 | Batch: 1400 | CrossEntropy-loss: 0.34428 | Correct: 1063/1280
Epoch: 04 | Batch: 1500 | CrossEntropy-loss: 0.35266 | Correct: 1050/1280

Epoch: 04 | Testing Accuracy: 423387/504607 (83.904%) | Historical Best: 83.904%

Epoch: 05 | Batch: 000 | CrossEntropy-loss: 0.33874 | Correct: 1078/1280
Epoch: 05 | Batch: 100 | CrossEntropy-loss: 0.33920 | Correct: 1079/1280
Epoch: 05 | Batch: 200 | CrossEntropy-loss: 0.34089 | Correct: 1081/1280
Epoch: 05 | Batch: 300 | CrossEntropy-loss: 0.33768 | Correct: 1070/1280
Epoch: 05 | Batch: 400 | CrossEntropy-loss: 0.34568 | Correct: 1077/1280
Epoch: 05 | Batch: 500 | CrossEntropy-loss: 0.32506 | Correct: 1090/1280
Epoch: 05 | Batch: 600 | CrossEntropy-loss: 0.30654 | Correct: 1097/1280
Epoch: 05 | Batch: 700 | CrossEntropy-loss: 0.33481 | Correct: 1073/1280
Epoch: 05 | Batch: 800 | CrossEntropy-loss: 0.34462 | Correct: 1072/1280
Epoch: 05 | Batch: 900 | CrossEntropy-loss: 0.31267 | Correct: 1107/1280
Epoch: 05 | Batch: 1000 | CrossEntropy-loss: 0.31721 | Correct: 1100/1280
Epoch: 05 | Batch: 1100 | CrossEntropy-loss: 0.31186 | Correct: 1090/1280
Epoch: 05 | Batch: 1200 | CrossEntropy-loss: 0.32088 | Correct: 1109/1280
Epoch: 05 | Batch: 1300 | CrossEntropy-loss: 0.32665 | Correct: 1104/1280
Epoch: 05 | Batch: 1400 | CrossEntropy-loss: 0.29755 | Correct: 1101/1280
Epoch: 05 | Batch: 1500 | CrossEntropy-loss: 0.29920 | Correct: 1100/1280

Epoch: 05 | Testing Accuracy: 437418/504607 (86.685%) | Historical Best: 86.685%

Epoch: 06 | Batch: 000 | CrossEntropy-loss: 0.31006 | Correct: 1092/1280
Epoch: 06 | Batch: 100 | CrossEntropy-loss: 0.31882 | Correct: 1100/1280
Epoch: 06 | Batch: 200 | CrossEntropy-loss: 0.31701 | Correct: 1098/1280
Epoch: 06 | Batch: 300 | CrossEntropy-loss: 0.27935 | Correct: 1125/1280
Epoch: 06 | Batch: 400 | CrossEntropy-loss: 0.30595 | Correct: 1108/1280
Epoch: 06 | Batch: 500 | CrossEntropy-loss: 0.30891 | Correct: 1114/1280
Epoch: 06 | Batch: 600 | CrossEntropy-loss: 0.33959 | Correct: 1097/1280
Epoch: 06 | Batch: 700 | CrossEntropy-loss: 0.26707 | Correct: 1128/1280
Epoch: 06 | Batch: 800 | CrossEntropy-loss: 0.32854 | Correct: 1107/1280
Epoch: 06 | Batch: 900 | CrossEntropy-loss: 0.29723 | Correct: 1121/1280
Epoch: 06 | Batch: 1000 | CrossEntropy-loss: 0.30843 | Correct: 1106/1280
Epoch: 06 | Batch: 1100 | CrossEntropy-loss: 0.28171 | Correct: 1123/1280
Epoch: 06 | Batch: 1200 | CrossEntropy-loss: 0.28026 | Correct: 1126/1280
Epoch: 06 | Batch: 1300 | CrossEntropy-loss: 0.29263 | Correct: 1126/1280
Epoch: 06 | Batch: 1400 | CrossEntropy-loss: 0.30860 | Correct: 1122/1280
Epoch: 06 | Batch: 1500 | CrossEntropy-loss: 0.26604 | Correct: 1144/1280

Epoch: 06 | Testing Accuracy: 445011/504607 (88.190%) | Historical Best: 88.190%

Epoch: 07 | Batch: 000 | CrossEntropy-loss: 0.28629 | Correct: 1139/1280
Epoch: 07 | Batch: 100 | CrossEntropy-loss: 0.29233 | Correct: 1124/1280
Epoch: 07 | Batch: 200 | CrossEntropy-loss: 0.28962 | Correct: 1129/1280
Epoch: 07 | Batch: 300 | CrossEntropy-loss: 0.28237 | Correct: 1127/1280
Epoch: 07 | Batch: 400 | CrossEntropy-loss: 0.27882 | Correct: 1127/1280
Epoch: 07 | Batch: 500 | CrossEntropy-loss: 0.28177 | Correct: 1144/1280
Epoch: 07 | Batch: 600 | CrossEntropy-loss: 0.27431 | Correct: 1139/1280
Epoch: 07 | Batch: 700 | CrossEntropy-loss: 0.27557 | Correct: 1127/1280
Epoch: 07 | Batch: 800 | CrossEntropy-loss: 0.28311 | Correct: 1133/1280
Epoch: 07 | Batch: 900 | CrossEntropy-loss: 0.26616 | Correct: 1135/1280
Epoch: 07 | Batch: 1000 | CrossEntropy-loss: 0.26883 | Correct: 1146/1280
Epoch: 07 | Batch: 1100 | CrossEntropy-loss: 0.26137 | Correct: 1142/1280
Epoch: 07 | Batch: 1200 | CrossEntropy-loss: 0.29128 | Correct: 1126/1280
Epoch: 07 | Batch: 1300 | CrossEntropy-loss: 0.28102 | Correct: 1154/1280
Epoch: 07 | Batch: 1400 | CrossEntropy-loss: 0.27425 | Correct: 1159/1280
Epoch: 07 | Batch: 1500 | CrossEntropy-loss: 0.27034 | Correct: 1142/1280

Epoch: 07 | Testing Accuracy: 450343/504607 (89.246%) | Historical Best: 89.246%

Epoch: 08 | Batch: 000 | CrossEntropy-loss: 0.27575 | Correct: 1134/1280
Epoch: 08 | Batch: 100 | CrossEntropy-loss: 0.27497 | Correct: 1132/1280
Epoch: 08 | Batch: 200 | CrossEntropy-loss: 0.25610 | Correct: 1147/1280
Epoch: 08 | Batch: 300 | CrossEntropy-loss: 0.26735 | Correct: 1146/1280
Epoch: 08 | Batch: 400 | CrossEntropy-loss: 0.23950 | Correct: 1169/1280
Epoch: 08 | Batch: 500 | CrossEntropy-loss: 0.25189 | Correct: 1161/1280
Epoch: 08 | Batch: 600 | CrossEntropy-loss: 0.27020 | Correct: 1139/1280
Epoch: 08 | Batch: 700 | CrossEntropy-loss: 0.25890 | Correct: 1150/1280
Epoch: 08 | Batch: 800 | CrossEntropy-loss: 0.25973 | Correct: 1146/1280
Epoch: 08 | Batch: 900 | CrossEntropy-loss: 0.27018 | Correct: 1149/1280
Epoch: 08 | Batch: 1000 | CrossEntropy-loss: 0.23968 | Correct: 1158/1280
Epoch: 08 | Batch: 1100 | CrossEntropy-loss: 0.25893 | Correct: 1149/1280
Epoch: 08 | Batch: 1200 | CrossEntropy-loss: 0.24820 | Correct: 1165/1280
Epoch: 08 | Batch: 1300 | CrossEntropy-loss: 0.25751 | Correct: 1148/1280
Epoch: 08 | Batch: 1400 | CrossEntropy-loss: 0.24619 | Correct: 1163/1280
Epoch: 08 | Batch: 1500 | CrossEntropy-loss: 0.26055 | Correct: 1160/1280

Epoch: 08 | Testing Accuracy: 457546/504607 (90.674%) | Historical Best: 90.674%

Epoch: 09 | Batch: 000 | CrossEntropy-loss: 0.25257 | Correct: 1158/1280
Epoch: 09 | Batch: 100 | CrossEntropy-loss: 0.23474 | Correct: 1172/1280
Epoch: 09 | Batch: 200 | CrossEntropy-loss: 0.25882 | Correct: 1148/1280
Epoch: 09 | Batch: 300 | CrossEntropy-loss: 0.24483 | Correct: 1170/1280
Epoch: 09 | Batch: 400 | CrossEntropy-loss: 0.23823 | Correct: 1164/1280
Epoch: 09 | Batch: 500 | CrossEntropy-loss: 0.24210 | Correct: 1161/1280
Epoch: 09 | Batch: 600 | CrossEntropy-loss: 0.27665 | Correct: 1147/1280
Epoch: 09 | Batch: 700 | CrossEntropy-loss: 0.22480 | Correct: 1191/1280
Epoch: 09 | Batch: 800 | CrossEntropy-loss: 0.24686 | Correct: 1172/1280
Epoch: 09 | Batch: 900 | CrossEntropy-loss: 0.23887 | Correct: 1166/1280
Epoch: 09 | Batch: 1000 | CrossEntropy-loss: 0.23219 | Correct: 1188/1280
Epoch: 09 | Batch: 1100 | CrossEntropy-loss: 0.23372 | Correct: 1185/1280
Epoch: 09 | Batch: 1200 | CrossEntropy-loss: 0.25341 | Correct: 1167/1280
Epoch: 09 | Batch: 1300 | CrossEntropy-loss: 0.23586 | Correct: 1179/1280
Epoch: 09 | Batch: 1400 | CrossEntropy-loss: 0.22851 | Correct: 1172/1280
Epoch: 09 | Batch: 1500 | CrossEntropy-loss: 0.22063 | Correct: 1187/1280

Epoch: 09 | Testing Accuracy: 466096/504607 (92.368%) | Historical Best: 92.368%

Epoch: 10 | Batch: 000 | CrossEntropy-loss: 0.22925 | Correct: 1182/1280
Epoch: 10 | Batch: 100 | CrossEntropy-loss: 0.20338 | Correct: 1193/1280
Epoch: 10 | Batch: 200 | CrossEntropy-loss: 0.20869 | Correct: 1199/1280
Epoch: 10 | Batch: 300 | CrossEntropy-loss: 0.22656 | Correct: 1178/1280
Epoch: 10 | Batch: 400 | CrossEntropy-loss: 0.22875 | Correct: 1184/1280
Epoch: 10 | Batch: 500 | CrossEntropy-loss: 0.21997 | Correct: 1189/1280
Epoch: 10 | Batch: 600 | CrossEntropy-loss: 0.21691 | Correct: 1189/1280
Epoch: 10 | Batch: 700 | CrossEntropy-loss: 0.22037 | Correct: 1204/1280
Epoch: 10 | Batch: 800 | CrossEntropy-loss: 0.23099 | Correct: 1197/1280
Epoch: 10 | Batch: 900 | CrossEntropy-loss: 0.23052 | Correct: 1177/1280
Epoch: 10 | Batch: 1000 | CrossEntropy-loss: 0.21954 | Correct: 1184/1280
Epoch: 10 | Batch: 1100 | CrossEntropy-loss: 0.23076 | Correct: 1184/1280
Epoch: 10 | Batch: 1200 | CrossEntropy-loss: 0.21243 | Correct: 1191/1280
Epoch: 10 | Batch: 1300 | CrossEntropy-loss: 0.21424 | Correct: 1183/1280
Epoch: 10 | Batch: 1400 | CrossEntropy-loss: 0.22737 | Correct: 1182/1280
Epoch: 10 | Batch: 1500 | CrossEntropy-loss: 0.19609 | Correct: 1212/1280

Epoch: 10 | Testing Accuracy: 469439/504607 (93.031%) | Historical Best: 93.031%

Epoch: 11 | Batch: 000 | CrossEntropy-loss: 0.21933 | Correct: 1187/1280
Epoch: 11 | Batch: 100 | CrossEntropy-loss: 0.19368 | Correct: 1203/1280
Epoch: 11 | Batch: 200 | CrossEntropy-loss: 0.18356 | Correct: 1205/1280
Epoch: 11 | Batch: 300 | CrossEntropy-loss: 0.20443 | Correct: 1189/1280
Epoch: 11 | Batch: 400 | CrossEntropy-loss: 0.21663 | Correct: 1190/1280
Epoch: 11 | Batch: 500 | CrossEntropy-loss: 0.20675 | Correct: 1200/1280
Epoch: 11 | Batch: 600 | CrossEntropy-loss: 0.21276 | Correct: 1181/1280
Epoch: 11 | Batch: 700 | CrossEntropy-loss: 0.23408 | Correct: 1176/1280
Epoch: 11 | Batch: 800 | CrossEntropy-loss: 0.20882 | Correct: 1189/1280
Epoch: 11 | Batch: 900 | CrossEntropy-loss: 0.20807 | Correct: 1190/1280
Epoch: 11 | Batch: 1000 | CrossEntropy-loss: 0.21213 | Correct: 1195/1280
Epoch: 11 | Batch: 1100 | CrossEntropy-loss: 0.20934 | Correct: 1200/1280
Epoch: 11 | Batch: 1200 | CrossEntropy-loss: 0.19879 | Correct: 1202/1280
Epoch: 11 | Batch: 1300 | CrossEntropy-loss: 0.20920 | Correct: 1181/1280
Epoch: 11 | Batch: 1400 | CrossEntropy-loss: 0.23814 | Correct: 1175/1280
Epoch: 11 | Batch: 1500 | CrossEntropy-loss: 0.20273 | Correct: 1200/1280

Epoch: 11 | Testing Accuracy: 472697/504607 (93.676%) | Historical Best: 93.676%

Epoch: 12 | Batch: 000 | CrossEntropy-loss: 0.19823 | Correct: 1208/1280
Epoch: 12 | Batch: 100 | CrossEntropy-loss: 0.19457 | Correct: 1202/1280
Epoch: 12 | Batch: 200 | CrossEntropy-loss: 0.21214 | Correct: 1192/1280
Epoch: 12 | Batch: 300 | CrossEntropy-loss: 0.20579 | Correct: 1202/1280
Epoch: 12 | Batch: 400 | CrossEntropy-loss: 0.20435 | Correct: 1208/1280
Epoch: 12 | Batch: 500 | CrossEntropy-loss: 0.19349 | Correct: 1212/1280
Epoch: 12 | Batch: 600 | CrossEntropy-loss: 0.22653 | Correct: 1181/1280
Epoch: 12 | Batch: 700 | CrossEntropy-loss: 0.18151 | Correct: 1217/1280
Epoch: 12 | Batch: 800 | CrossEntropy-loss: 0.20738 | Correct: 1199/1280
Epoch: 12 | Batch: 900 | CrossEntropy-loss: 0.20141 | Correct: 1202/1280
Epoch: 12 | Batch: 1000 | CrossEntropy-loss: 0.21180 | Correct: 1193/1280
Epoch: 12 | Batch: 1100 | CrossEntropy-loss: 0.20520 | Correct: 1202/1280
Epoch: 12 | Batch: 1200 | CrossEntropy-loss: 0.21159 | Correct: 1206/1280
Epoch: 12 | Batch: 1300 | CrossEntropy-loss: 0.19790 | Correct: 1202/1280
Epoch: 12 | Batch: 1400 | CrossEntropy-loss: 0.20355 | Correct: 1210/1280
Epoch: 12 | Batch: 1500 | CrossEntropy-loss: 0.20285 | Correct: 1195/1280

Epoch: 12 | Testing Accuracy: 476559/504607 (94.442%) | Historical Best: 94.442%

Epoch: 13 | Batch: 000 | CrossEntropy-loss: 0.19768 | Correct: 1208/1280
Epoch: 13 | Batch: 100 | CrossEntropy-loss: 0.19332 | Correct: 1207/1280
Epoch: 13 | Batch: 200 | CrossEntropy-loss: 0.19170 | Correct: 1205/1280
Epoch: 13 | Batch: 300 | CrossEntropy-loss: 0.17179 | Correct: 1217/1280
Epoch: 13 | Batch: 400 | CrossEntropy-loss: 0.16835 | Correct: 1221/1280
Epoch: 13 | Batch: 500 | CrossEntropy-loss: 0.17937 | Correct: 1218/1280
Epoch: 13 | Batch: 600 | CrossEntropy-loss: 0.19126 | Correct: 1203/1280
Epoch: 13 | Batch: 700 | CrossEntropy-loss: 0.19006 | Correct: 1203/1280
Epoch: 13 | Batch: 800 | CrossEntropy-loss: 0.19476 | Correct: 1200/1280
Epoch: 13 | Batch: 900 | CrossEntropy-loss: 0.18859 | Correct: 1211/1280
Epoch: 13 | Batch: 1000 | CrossEntropy-loss: 0.21048 | Correct: 1206/1280
Epoch: 13 | Batch: 1100 | CrossEntropy-loss: 0.16681 | Correct: 1215/1280
Epoch: 13 | Batch: 1200 | CrossEntropy-loss: 0.18536 | Correct: 1210/1280
Epoch: 13 | Batch: 1300 | CrossEntropy-loss: 0.18477 | Correct: 1212/1280
Epoch: 13 | Batch: 1400 | CrossEntropy-loss: 0.19034 | Correct: 1206/1280
Epoch: 13 | Batch: 1500 | CrossEntropy-loss: 0.18588 | Correct: 1214/1280

Epoch: 13 | Testing Accuracy: 477292/504607 (94.587%) | Historical Best: 94.587%

Epoch: 14 | Batch: 000 | CrossEntropy-loss: 0.16513 | Correct: 1218/1280
Epoch: 14 | Batch: 100 | CrossEntropy-loss: 0.17199 | Correct: 1212/1280
Epoch: 14 | Batch: 200 | CrossEntropy-loss: 0.19707 | Correct: 1197/1280
Epoch: 14 | Batch: 300 | CrossEntropy-loss: 0.16377 | Correct: 1217/1280
Epoch: 14 | Batch: 400 | CrossEntropy-loss: 0.19193 | Correct: 1207/1280
Epoch: 14 | Batch: 500 | CrossEntropy-loss: 0.16830 | Correct: 1217/1280
Epoch: 14 | Batch: 600 | CrossEntropy-loss: 0.17440 | Correct: 1213/1280
Epoch: 14 | Batch: 700 | CrossEntropy-loss: 0.16530 | Correct: 1217/1280
Epoch: 14 | Batch: 800 | CrossEntropy-loss: 0.15380 | Correct: 1228/1280
Epoch: 14 | Batch: 900 | CrossEntropy-loss: 0.20114 | Correct: 1208/1280
Epoch: 14 | Batch: 1000 | CrossEntropy-loss: 0.17805 | Correct: 1217/1280
Epoch: 14 | Batch: 1100 | CrossEntropy-loss: 0.17181 | Correct: 1215/1280
Epoch: 14 | Batch: 1200 | CrossEntropy-loss: 0.16841 | Correct: 1216/1280
Epoch: 14 | Batch: 1300 | CrossEntropy-loss: 0.17975 | Correct: 1209/1280
Epoch: 14 | Batch: 1400 | CrossEntropy-loss: 0.18143 | Correct: 1215/1280
Epoch: 14 | Batch: 1500 | CrossEntropy-loss: 0.17047 | Correct: 1220/1280

Epoch: 14 | Testing Accuracy: 478776/504607 (94.881%) | Historical Best: 94.881%

Epoch: 15 | Batch: 000 | CrossEntropy-loss: 0.16410 | Correct: 1222/1280
Epoch: 15 | Batch: 100 | CrossEntropy-loss: 0.17675 | Correct: 1217/1280
Epoch: 15 | Batch: 200 | CrossEntropy-loss: 0.17683 | Correct: 1218/1280
Epoch: 15 | Batch: 300 | CrossEntropy-loss: 0.19276 | Correct: 1211/1280
Epoch: 15 | Batch: 400 | CrossEntropy-loss: 0.17231 | Correct: 1208/1280
Epoch: 15 | Batch: 500 | CrossEntropy-loss: 0.18189 | Correct: 1217/1280
Epoch: 15 | Batch: 600 | CrossEntropy-loss: 0.15910 | Correct: 1223/1280
Epoch: 15 | Batch: 700 | CrossEntropy-loss: 0.15988 | Correct: 1223/1280
Epoch: 15 | Batch: 800 | CrossEntropy-loss: 0.16818 | Correct: 1220/1280
Epoch: 15 | Batch: 900 | CrossEntropy-loss: 0.16987 | Correct: 1219/1280
Epoch: 15 | Batch: 1000 | CrossEntropy-loss: 0.19545 | Correct: 1214/1280
Epoch: 15 | Batch: 1100 | CrossEntropy-loss: 0.16877 | Correct: 1227/1280
Epoch: 15 | Batch: 1200 | CrossEntropy-loss: 0.16121 | Correct: 1211/1280
Epoch: 15 | Batch: 1300 | CrossEntropy-loss: 0.18655 | Correct: 1205/1280
Epoch: 15 | Batch: 1400 | CrossEntropy-loss: 0.16178 | Correct: 1222/1280
Epoch: 15 | Batch: 1500 | CrossEntropy-loss: 0.17005 | Correct: 1209/1280

Epoch: 15 | Testing Accuracy: 479143/504607 (94.954%) | Historical Best: 94.954%

Epoch: 16 | Batch: 000 | CrossEntropy-loss: 0.16242 | Correct: 1221/1280
Epoch: 16 | Batch: 100 | CrossEntropy-loss: 0.19945 | Correct: 1198/1280
Epoch: 16 | Batch: 200 | CrossEntropy-loss: 0.18536 | Correct: 1217/1280
Epoch: 16 | Batch: 300 | CrossEntropy-loss: 0.17435 | Correct: 1216/1280
Epoch: 16 | Batch: 400 | CrossEntropy-loss: 0.14770 | Correct: 1229/1280
Epoch: 16 | Batch: 500 | CrossEntropy-loss: 0.18559 | Correct: 1223/1280
Epoch: 16 | Batch: 600 | CrossEntropy-loss: 0.15970 | Correct: 1224/1280
Epoch: 16 | Batch: 700 | CrossEntropy-loss: 0.15532 | Correct: 1223/1280
Epoch: 16 | Batch: 800 | CrossEntropy-loss: 0.18806 | Correct: 1204/1280
Epoch: 16 | Batch: 900 | CrossEntropy-loss: 0.15431 | Correct: 1224/1280
Epoch: 16 | Batch: 1000 | CrossEntropy-loss: 0.16722 | Correct: 1221/1280
Epoch: 16 | Batch: 1100 | CrossEntropy-loss: 0.14824 | Correct: 1218/1280
Epoch: 16 | Batch: 1200 | CrossEntropy-loss: 0.17085 | Correct: 1217/1280
Epoch: 16 | Batch: 1300 | CrossEntropy-loss: 0.16988 | Correct: 1220/1280
Epoch: 16 | Batch: 1400 | CrossEntropy-loss: 0.17106 | Correct: 1214/1280
Epoch: 16 | Batch: 1500 | CrossEntropy-loss: 0.16185 | Correct: 1221/1280

Epoch: 16 | Testing Accuracy: 480947/504607 (95.311%) | Historical Best: 95.311%

Epoch: 17 | Batch: 000 | CrossEntropy-loss: 0.15850 | Correct: 1214/1280
Epoch: 17 | Batch: 100 | CrossEntropy-loss: 0.15066 | Correct: 1225/1280
Epoch: 17 | Batch: 200 | CrossEntropy-loss: 0.16285 | Correct: 1222/1280
Epoch: 17 | Batch: 300 | CrossEntropy-loss: 0.14821 | Correct: 1232/1280
Epoch: 17 | Batch: 400 | CrossEntropy-loss: 0.18553 | Correct: 1209/1280
Epoch: 17 | Batch: 500 | CrossEntropy-loss: 0.15618 | Correct: 1228/1280
Epoch: 17 | Batch: 600 | CrossEntropy-loss: 0.16262 | Correct: 1220/1280
Epoch: 17 | Batch: 700 | CrossEntropy-loss: 0.15666 | Correct: 1230/1280
Epoch: 17 | Batch: 800 | CrossEntropy-loss: 0.16770 | Correct: 1217/1280
Epoch: 17 | Batch: 900 | CrossEntropy-loss: 0.17021 | Correct: 1216/1280
Epoch: 17 | Batch: 1000 | CrossEntropy-loss: 0.17550 | Correct: 1220/1280
Epoch: 17 | Batch: 1100 | CrossEntropy-loss: 0.15154 | Correct: 1234/1280
Epoch: 17 | Batch: 1200 | CrossEntropy-loss: 0.15625 | Correct: 1215/1280
Epoch: 17 | Batch: 1300 | CrossEntropy-loss: 0.14856 | Correct: 1226/1280
Epoch: 17 | Batch: 1400 | CrossEntropy-loss: 0.14198 | Correct: 1233/1280
Epoch: 17 | Batch: 1500 | CrossEntropy-loss: 0.14924 | Correct: 1220/1280

Epoch: 17 | Testing Accuracy: 482257/504607 (95.571%) | Historical Best: 95.571%

Epoch: 18 | Batch: 000 | CrossEntropy-loss: 0.16147 | Correct: 1224/1280
Epoch: 18 | Batch: 100 | CrossEntropy-loss: 0.17641 | Correct: 1210/1280
Epoch: 18 | Batch: 200 | CrossEntropy-loss: 0.14921 | Correct: 1232/1280
Epoch: 18 | Batch: 300 | CrossEntropy-loss: 0.14922 | Correct: 1227/1280
Epoch: 18 | Batch: 400 | CrossEntropy-loss: 0.15502 | Correct: 1226/1280
Epoch: 18 | Batch: 500 | CrossEntropy-loss: 0.15265 | Correct: 1227/1280
Epoch: 18 | Batch: 600 | CrossEntropy-loss: 0.16324 | Correct: 1213/1280
Epoch: 18 | Batch: 700 | CrossEntropy-loss: 0.16679 | Correct: 1218/1280
Epoch: 18 | Batch: 800 | CrossEntropy-loss: 0.15051 | Correct: 1227/1280
Epoch: 18 | Batch: 900 | CrossEntropy-loss: 0.16527 | Correct: 1215/1280
Epoch: 18 | Batch: 1000 | CrossEntropy-loss: 0.15051 | Correct: 1225/1280
Epoch: 18 | Batch: 1100 | CrossEntropy-loss: 0.14298 | Correct: 1228/1280
Epoch: 18 | Batch: 1200 | CrossEntropy-loss: 0.14984 | Correct: 1223/1280
Epoch: 18 | Batch: 1300 | CrossEntropy-loss: 0.15765 | Correct: 1223/1280
Epoch: 18 | Batch: 1400 | CrossEntropy-loss: 0.16744 | Correct: 1214/1280
Epoch: 18 | Batch: 1500 | CrossEntropy-loss: 0.13374 | Correct: 1235/1280

Epoch: 18 | Testing Accuracy: 482525/504607 (95.624%) | Historical Best: 95.624%

Epoch: 19 | Batch: 000 | CrossEntropy-loss: 0.16887 | Correct: 1222/1280
Epoch: 19 | Batch: 100 | CrossEntropy-loss: 0.15690 | Correct: 1220/1280
Epoch: 19 | Batch: 200 | CrossEntropy-loss: 0.14602 | Correct: 1223/1280
Epoch: 19 | Batch: 300 | CrossEntropy-loss: 0.15427 | Correct: 1225/1280
Epoch: 19 | Batch: 400 | CrossEntropy-loss: 0.14384 | Correct: 1221/1280
Epoch: 19 | Batch: 500 | CrossEntropy-loss: 0.14511 | Correct: 1225/1280
Epoch: 19 | Batch: 600 | CrossEntropy-loss: 0.14875 | Correct: 1224/1280
Epoch: 19 | Batch: 700 | CrossEntropy-loss: 0.14305 | Correct: 1232/1280
Epoch: 19 | Batch: 800 | CrossEntropy-loss: 0.13833 | Correct: 1230/1280
Epoch: 19 | Batch: 900 | CrossEntropy-loss: 0.15425 | Correct: 1227/1280
Epoch: 19 | Batch: 1000 | CrossEntropy-loss: 0.13842 | Correct: 1237/1280
Epoch: 19 | Batch: 1100 | CrossEntropy-loss: 0.14336 | Correct: 1235/1280
Epoch: 19 | Batch: 1200 | CrossEntropy-loss: 0.13210 | Correct: 1236/1280
Epoch: 19 | Batch: 1300 | CrossEntropy-loss: 0.15082 | Correct: 1220/1280
Epoch: 19 | Batch: 1400 | CrossEntropy-loss: 0.14582 | Correct: 1217/1280
Epoch: 19 | Batch: 1500 | CrossEntropy-loss: 0.16297 | Correct: 1220/1280

Epoch: 19 | Testing Accuracy: 483924/504607 (95.901%) | Historical Best: 95.901%

Epoch: 20 | Batch: 000 | CrossEntropy-loss: 0.18348 | Correct: 1209/1280
Epoch: 20 | Batch: 100 | CrossEntropy-loss: 0.15955 | Correct: 1218/1280
Epoch: 20 | Batch: 200 | CrossEntropy-loss: 0.14367 | Correct: 1223/1280
Epoch: 20 | Batch: 300 | CrossEntropy-loss: 0.12683 | Correct: 1247/1280
Epoch: 20 | Batch: 400 | CrossEntropy-loss: 0.16158 | Correct: 1218/1280
Epoch: 20 | Batch: 500 | CrossEntropy-loss: 0.13977 | Correct: 1231/1280
Epoch: 20 | Batch: 600 | CrossEntropy-loss: 0.15880 | Correct: 1230/1280
Epoch: 20 | Batch: 700 | CrossEntropy-loss: 0.15818 | Correct: 1225/1280
Epoch: 20 | Batch: 800 | CrossEntropy-loss: 0.11987 | Correct: 1239/1280
Epoch: 20 | Batch: 900 | CrossEntropy-loss: 0.13996 | Correct: 1232/1280
Epoch: 20 | Batch: 1000 | CrossEntropy-loss: 0.15544 | Correct: 1225/1280
Epoch: 20 | Batch: 1100 | CrossEntropy-loss: 0.14358 | Correct: 1234/1280
Epoch: 20 | Batch: 1200 | CrossEntropy-loss: 0.13726 | Correct: 1227/1280
Epoch: 20 | Batch: 1300 | CrossEntropy-loss: 0.15167 | Correct: 1221/1280
Epoch: 20 | Batch: 1400 | CrossEntropy-loss: 0.15410 | Correct: 1222/1280
Epoch: 20 | Batch: 1500 | CrossEntropy-loss: 0.14589 | Correct: 1228/1280

Epoch: 20 | Testing Accuracy: 484903/504607 (96.095%) | Historical Best: 96.095%

Epoch: 21 | Batch: 000 | CrossEntropy-loss: 0.12122 | Correct: 1240/1280
Epoch: 21 | Batch: 100 | CrossEntropy-loss: 0.13175 | Correct: 1231/1280
Epoch: 21 | Batch: 200 | CrossEntropy-loss: 0.14013 | Correct: 1226/1280
Epoch: 21 | Batch: 300 | CrossEntropy-loss: 0.15122 | Correct: 1226/1280
Epoch: 21 | Batch: 400 | CrossEntropy-loss: 0.15275 | Correct: 1226/1280
Epoch: 21 | Batch: 500 | CrossEntropy-loss: 0.13890 | Correct: 1228/1280
Epoch: 21 | Batch: 600 | CrossEntropy-loss: 0.13315 | Correct: 1235/1280
Epoch: 21 | Batch: 700 | CrossEntropy-loss: 0.14422 | Correct: 1223/1280
Epoch: 21 | Batch: 800 | CrossEntropy-loss: 0.13496 | Correct: 1234/1280
Epoch: 21 | Batch: 900 | CrossEntropy-loss: 0.12986 | Correct: 1236/1280
Epoch: 21 | Batch: 1000 | CrossEntropy-loss: 0.12845 | Correct: 1239/1280
Epoch: 21 | Batch: 1100 | CrossEntropy-loss: 0.12280 | Correct: 1238/1280
Epoch: 21 | Batch: 1200 | CrossEntropy-loss: 0.13381 | Correct: 1223/1280
Epoch: 21 | Batch: 1300 | CrossEntropy-loss: 0.14211 | Correct: 1226/1280
Epoch: 21 | Batch: 1400 | CrossEntropy-loss: 0.13402 | Correct: 1233/1280
Epoch: 21 | Batch: 1500 | CrossEntropy-loss: 0.12524 | Correct: 1236/1280

Epoch: 21 | Testing Accuracy: 485690/504607 (96.251%) | Historical Best: 96.251%

Epoch: 22 | Batch: 000 | CrossEntropy-loss: 0.12990 | Correct: 1236/1280
Epoch: 22 | Batch: 100 | CrossEntropy-loss: 0.13038 | Correct: 1236/1280
Epoch: 22 | Batch: 200 | CrossEntropy-loss: 0.13194 | Correct: 1232/1280
Epoch: 22 | Batch: 300 | CrossEntropy-loss: 0.14622 | Correct: 1229/1280
Epoch: 22 | Batch: 400 | CrossEntropy-loss: 0.12721 | Correct: 1240/1280
Epoch: 22 | Batch: 500 | CrossEntropy-loss: 0.15713 | Correct: 1219/1280
Epoch: 22 | Batch: 600 | CrossEntropy-loss: 0.13401 | Correct: 1232/1280
Epoch: 22 | Batch: 700 | CrossEntropy-loss: 0.14588 | Correct: 1227/1280
Epoch: 22 | Batch: 800 | CrossEntropy-loss: 0.12000 | Correct: 1241/1280
Epoch: 22 | Batch: 900 | CrossEntropy-loss: 0.13354 | Correct: 1227/1280
Epoch: 22 | Batch: 1000 | CrossEntropy-loss: 0.13044 | Correct: 1233/1280
Epoch: 22 | Batch: 1100 | CrossEntropy-loss: 0.14047 | Correct: 1223/1280
Epoch: 22 | Batch: 1200 | CrossEntropy-loss: 0.13857 | Correct: 1228/1280
Epoch: 22 | Batch: 1300 | CrossEntropy-loss: 0.16000 | Correct: 1221/1280
Epoch: 22 | Batch: 1400 | CrossEntropy-loss: 0.13067 | Correct: 1237/1280
Epoch: 22 | Batch: 1500 | CrossEntropy-loss: nan | Correct: 683/1280

Epoch: 22 | Testing Accuracy: 259943/504607 (51.514%) | Historical Best: 96.251%

Epoch: 23 | Batch: 000 | CrossEntropy-loss: nan | Correct: 641/1280
Epoch: 23 | Batch: 100 | CrossEntropy-loss: nan | Correct: 666/1280
Epoch: 23 | Batch: 200 | CrossEntropy-loss: nan | Correct: 698/1280
Epoch: 23 | Batch: 300 | CrossEntropy-loss: nan | Correct: 652/1280
Epoch: 23 | Batch: 400 | CrossEntropy-loss: nan | Correct: 660/1280
Epoch: 23 | Batch: 500 | CrossEntropy-loss: nan | Correct: 647/1280
Epoch: 23 | Batch: 600 | CrossEntropy-loss: nan | Correct: 646/1280
Epoch: 23 | Batch: 700 | CrossEntropy-loss: nan | Correct: 656/1280
Epoch: 23 | Batch: 800 | CrossEntropy-loss: nan | Correct: 658/1280
Epoch: 23 | Batch: 900 | CrossEntropy-loss: nan | Correct: 657/1280
Epoch: 23 | Batch: 1000 | CrossEntropy-loss: nan | Correct: 637/1280
Epoch: 23 | Batch: 1100 | CrossEntropy-loss: nan | Correct: 654/1280
Epoch: 23 | Batch: 1200 | CrossEntropy-loss: nan | Correct: 679/1280
Epoch: 23 | Batch: 1300 | CrossEntropy-loss: nan | Correct: 642/1280
Epoch: 23 | Batch: 1400 | CrossEntropy-loss: nan | Correct: 666/1280
Epoch: 23 | Batch: 1500 | CrossEntropy-loss: nan | Correct: 666/1280

Epoch: 23 | Testing Accuracy: 259943/504607 (51.514%) | Historical Best: 96.251%

Epoch: 24 | Batch: 000 | CrossEntropy-loss: nan | Correct: 689/1280
Epoch: 24 | Batch: 100 | CrossEntropy-loss: nan | Correct: 688/1280
Epoch: 24 | Batch: 200 | CrossEntropy-loss: nan | Correct: 647/1280
Epoch: 24 | Batch: 300 | CrossEntropy-loss: nan | Correct: 672/1280
Epoch: 24 | Batch: 400 | CrossEntropy-loss: nan | Correct: 676/1280
Epoch: 24 | Batch: 500 | CrossEntropy-loss: nan | Correct: 647/1280
Epoch: 24 | Batch: 600 | CrossEntropy-loss: nan | Correct: 669/1280
Epoch: 24 | Batch: 700 | CrossEntropy-loss: nan | Correct: 672/1280
Epoch: 24 | Batch: 800 | CrossEntropy-loss: nan | Correct: 628/1280
Epoch: 24 | Batch: 900 | CrossEntropy-loss: nan | Correct: 670/1280
Epoch: 24 | Batch: 1000 | CrossEntropy-loss: nan | Correct: 661/1280
Epoch: 24 | Batch: 1100 | CrossEntropy-loss: nan | Correct: 656/1280
Epoch: 24 | Batch: 1200 | CrossEntropy-loss: nan | Correct: 657/1280
Epoch: 24 | Batch: 1300 | CrossEntropy-loss: nan | Correct: 648/1280
Epoch: 24 | Batch: 1400 | CrossEntropy-loss: nan | Correct: 664/1280
Epoch: 24 | Batch: 1500 | CrossEntropy-loss: nan | Correct: 673/1280

Epoch: 24 | Testing Accuracy: 259943/504607 (51.514%) | Historical Best: 96.251%

Epoch: 25 | Batch: 000 | CrossEntropy-loss: nan | Correct: 644/1280
Epoch: 25 | Batch: 100 | CrossEntropy-loss: nan | Correct: 670/1280
Epoch: 25 | Batch: 200 | CrossEntropy-loss: nan | Correct: 647/1280
Epoch: 25 | Batch: 300 | CrossEntropy-loss: nan | Correct: 674/1280
Epoch: 25 | Batch: 400 | CrossEntropy-loss: nan | Correct: 663/1280
Epoch: 25 | Batch: 500 | CrossEntropy-loss: nan | Correct: 640/1280
Epoch: 25 | Batch: 600 | CrossEntropy-loss: nan | Correct: 616/1280
Epoch: 25 | Batch: 700 | CrossEntropy-loss: nan | Correct: 664/1280
Epoch: 25 | Batch: 800 | CrossEntropy-loss: nan | Correct: 636/1280
Epoch: 25 | Batch: 900 | CrossEntropy-loss: nan | Correct: 651/1280
Epoch: 25 | Batch: 1000 | CrossEntropy-loss: nan | Correct: 656/1280
Epoch: 25 | Batch: 1100 | CrossEntropy-loss: nan | Correct: 679/1280
Epoch: 25 | Batch: 1200 | CrossEntropy-loss: nan | Correct: 671/1280
Epoch: 25 | Batch: 1300 | CrossEntropy-loss: nan | Correct: 669/1280
Epoch: 25 | Batch: 1400 | CrossEntropy-loss: nan | Correct: 632/1280
Epoch: 25 | Batch: 1500 | CrossEntropy-loss: nan | Correct: 629/1280

Epoch: 25 | Testing Accuracy: 259943/504607 (51.514%) | Historical Best: 96.251%

Epoch: 26 | Batch: 000 | CrossEntropy-loss: nan | Correct: 655/1280
Epoch: 26 | Batch: 100 | CrossEntropy-loss: nan | Correct: 656/1280
Epoch: 26 | Batch: 200 | CrossEntropy-loss: nan | Correct: 697/1280
Epoch: 26 | Batch: 300 | CrossEntropy-loss: nan | Correct: 675/1280
Epoch: 26 | Batch: 400 | CrossEntropy-loss: nan | Correct: 654/1280
Epoch: 26 | Batch: 500 | CrossEntropy-loss: nan | Correct: 673/1280
Epoch: 26 | Batch: 600 | CrossEntropy-loss: nan | Correct: 649/1280
Epoch: 26 | Batch: 700 | CrossEntropy-loss: nan | Correct: 680/1280
Epoch: 26 | Batch: 800 | CrossEntropy-loss: nan | Correct: 683/1280
Epoch: 26 | Batch: 900 | CrossEntropy-loss: nan | Correct: 638/1280
Epoch: 26 | Batch: 1000 | CrossEntropy-loss: nan | Correct: 653/1280
Epoch: 26 | Batch: 1100 | CrossEntropy-loss: nan | Correct: 638/1280
Epoch: 26 | Batch: 1200 | CrossEntropy-loss: nan | Correct: 656/1280
Epoch: 26 | Batch: 1300 | CrossEntropy-loss: nan | Correct: 637/1280
Epoch: 26 | Batch: 1400 | CrossEntropy-loss: nan | Correct: 637/1280
Epoch: 26 | Batch: 1500 | CrossEntropy-loss: nan | Correct: 643/1280

Epoch: 26 | Testing Accuracy: 259943/504607 (51.514%) | Historical Best: 96.251%

Epoch: 27 | Batch: 000 | CrossEntropy-loss: nan | Correct: 669/1280
Epoch: 27 | Batch: 100 | CrossEntropy-loss: nan | Correct: 663/1280
Epoch: 27 | Batch: 200 | CrossEntropy-loss: nan | Correct: 669/1280
Epoch: 27 | Batch: 300 | CrossEntropy-loss: nan | Correct: 647/1280
Epoch: 27 | Batch: 400 | CrossEntropy-loss: nan | Correct: 668/1280
Epoch: 27 | Batch: 500 | CrossEntropy-loss: nan | Correct: 693/1280
Epoch: 27 | Batch: 600 | CrossEntropy-loss: nan | Correct: 666/1280
Epoch: 27 | Batch: 700 | CrossEntropy-loss: nan | Correct: 676/1280
Epoch: 27 | Batch: 800 | CrossEntropy-loss: nan | Correct: 682/1280
Epoch: 27 | Batch: 900 | CrossEntropy-loss: nan | Correct: 647/1280
Epoch: 27 | Batch: 1000 | CrossEntropy-loss: nan | Correct: 649/1280
Epoch: 27 | Batch: 1100 | CrossEntropy-loss: nan | Correct: 661/1280
Epoch: 27 | Batch: 1200 | CrossEntropy-loss: nan | Correct: 646/1280
Epoch: 27 | Batch: 1300 | CrossEntropy-loss: nan | Correct: 663/1280
Epoch: 27 | Batch: 1400 | CrossEntropy-loss: nan | Correct: 679/1280
Epoch: 27 | Batch: 1500 | CrossEntropy-loss: nan | Correct: 667/1280

Epoch: 27 | Testing Accuracy: 259943/504607 (51.514%) | Historical Best: 96.251%

Epoch: 28 | Batch: 000 | CrossEntropy-loss: nan | Correct: 691/1280
Epoch: 28 | Batch: 100 | CrossEntropy-loss: nan | Correct: 652/1280
Epoch: 28 | Batch: 200 | CrossEntropy-loss: nan | Correct: 654/1280
Epoch: 28 | Batch: 300 | CrossEntropy-loss: nan | Correct: 664/1280
Epoch: 28 | Batch: 400 | CrossEntropy-loss: nan | Correct: 639/1280
Epoch: 28 | Batch: 500 | CrossEntropy-loss: nan | Correct: 652/1280
Epoch: 28 | Batch: 600 | CrossEntropy-loss: nan | Correct: 679/1280
Epoch: 28 | Batch: 700 | CrossEntropy-loss: nan | Correct: 675/1280
Epoch: 28 | Batch: 800 | CrossEntropy-loss: nan | Correct: 678/1280
Epoch: 28 | Batch: 900 | CrossEntropy-loss: nan | Correct: 688/1280
Epoch: 28 | Batch: 1000 | CrossEntropy-loss: nan | Correct: 641/1280
Epoch: 28 | Batch: 1100 | CrossEntropy-loss: nan | Correct: 652/1280
Epoch: 28 | Batch: 1200 | CrossEntropy-loss: nan | Correct: 652/1280
Epoch: 28 | Batch: 1300 | CrossEntropy-loss: nan | Correct: 654/1280
Epoch: 28 | Batch: 1400 | CrossEntropy-loss: nan | Correct: 649/1280
Epoch: 28 | Batch: 1500 | CrossEntropy-loss: nan | Correct: 668/1280

Epoch: 28 | Testing Accuracy: 259943/504607 (51.514%) | Historical Best: 96.251%

Epoch: 29 | Batch: 000 | CrossEntropy-loss: nan | Correct: 651/1280
Epoch: 29 | Batch: 100 | CrossEntropy-loss: nan | Correct: 643/1280
Epoch: 29 | Batch: 200 | CrossEntropy-loss: nan | Correct: 660/1280
Epoch: 29 | Batch: 300 | CrossEntropy-loss: nan | Correct: 668/1280
Epoch: 29 | Batch: 400 | CrossEntropy-loss: nan | Correct: 656/1280
Epoch: 29 | Batch: 500 | CrossEntropy-loss: nan | Correct: 669/1280
Epoch: 29 | Batch: 600 | CrossEntropy-loss: nan | Correct: 663/1280
Epoch: 29 | Batch: 700 | CrossEntropy-loss: nan | Correct: 647/1280
Epoch: 29 | Batch: 800 | CrossEntropy-loss: nan | Correct: 667/1280
Epoch: 29 | Batch: 900 | CrossEntropy-loss: nan | Correct: 612/1280
Epoch: 29 | Batch: 1000 | CrossEntropy-loss: nan | Correct: 699/1280
Epoch: 29 | Batch: 1100 | CrossEntropy-loss: nan | Correct: 663/1280
Epoch: 29 | Batch: 1200 | CrossEntropy-loss: nan | Correct: 663/1280
Epoch: 29 | Batch: 1300 | CrossEntropy-loss: nan | Correct: 635/1280
Epoch: 29 | Batch: 1400 | CrossEntropy-loss: nan | Correct: 647/1280
Epoch: 29 | Batch: 1500 | CrossEntropy-loss: nan | Correct: 660/1280

Epoch: 29 | Testing Accuracy: 259943/504607 (51.514%) | Historical Best: 96.251%

Epoch: 30 | Batch: 000 | CrossEntropy-loss: nan | Correct: 640/1280
Epoch: 30 | Batch: 100 | CrossEntropy-loss: nan | Correct: 658/1280
Epoch: 30 | Batch: 200 | CrossEntropy-loss: nan | Correct: 687/1280
Epoch: 30 | Batch: 300 | CrossEntropy-loss: nan | Correct: 671/1280
Epoch: 30 | Batch: 400 | CrossEntropy-loss: nan | Correct: 695/1280
Epoch: 30 | Batch: 500 | CrossEntropy-loss: nan | Correct: 647/1280
Epoch: 30 | Batch: 600 | CrossEntropy-loss: nan | Correct: 657/1280
Epoch: 30 | Batch: 700 | CrossEntropy-loss: nan | Correct: 639/1280
Epoch: 30 | Batch: 800 | CrossEntropy-loss: nan | Correct: 660/1280
Epoch: 30 | Batch: 900 | CrossEntropy-loss: nan | Correct: 653/1280
Epoch: 30 | Batch: 1000 | CrossEntropy-loss: nan | Correct: 668/1280
Epoch: 30 | Batch: 1100 | CrossEntropy-loss: nan | Correct: 656/1280
Epoch: 30 | Batch: 1200 | CrossEntropy-loss: nan | Correct: 681/1280
Epoch: 30 | Batch: 1300 | CrossEntropy-loss: nan | Correct: 680/1280
Epoch: 30 | Batch: 1400 | CrossEntropy-loss: nan | Correct: 699/1280
Epoch: 30 | Batch: 1500 | CrossEntropy-loss: nan | Correct: 688/1280

Epoch: 30 | Testing Accuracy: 259943/504607 (51.514%) | Historical Best: 96.251%

Epoch: 31 | Batch: 000 | CrossEntropy-loss: nan | Correct: 706/1280
Epoch: 31 | Batch: 100 | CrossEntropy-loss: nan | Correct: 678/1280
Epoch: 31 | Batch: 200 | CrossEntropy-loss: nan | Correct: 669/1280
Epoch: 31 | Batch: 300 | CrossEntropy-loss: nan | Correct: 683/1280
Epoch: 31 | Batch: 400 | CrossEntropy-loss: nan | Correct: 659/1280
Epoch: 31 | Batch: 500 | CrossEntropy-loss: nan | Correct: 657/1280
Epoch: 31 | Batch: 600 | CrossEntropy-loss: nan | Correct: 654/1280
Epoch: 31 | Batch: 700 | CrossEntropy-loss: nan | Correct: 682/1280
Epoch: 31 | Batch: 800 | CrossEntropy-loss: nan | Correct: 662/1280
Epoch: 31 | Batch: 900 | CrossEntropy-loss: nan | Correct: 655/1280
Epoch: 31 | Batch: 1000 | CrossEntropy-loss: nan | Correct: 641/1280
Epoch: 31 | Batch: 1100 | CrossEntropy-loss: nan | Correct: 657/1280
Epoch: 31 | Batch: 1200 | CrossEntropy-loss: nan | Correct: 620/1280
Epoch: 31 | Batch: 1300 | CrossEntropy-loss: nan | Correct: 662/1280
Epoch: 31 | Batch: 1400 | CrossEntropy-loss: nan | Correct: 671/1280
Epoch: 31 | Batch: 1500 | CrossEntropy-loss: nan | Correct: 662/1280

Epoch: 31 | Testing Accuracy: 259943/504607 (51.514%) | Historical Best: 96.251%

Epoch: 32 | Batch: 000 | CrossEntropy-loss: nan | Correct: 658/1280
Epoch: 32 | Batch: 100 | CrossEntropy-loss: nan | Correct: 683/1280
Epoch: 32 | Batch: 200 | CrossEntropy-loss: nan | Correct: 663/1280
Epoch: 32 | Batch: 300 | CrossEntropy-loss: nan | Correct: 664/1280
Epoch: 32 | Batch: 400 | CrossEntropy-loss: nan | Correct: 661/1280
Epoch: 32 | Batch: 500 | CrossEntropy-loss: nan | Correct: 678/1280
Epoch: 32 | Batch: 600 | CrossEntropy-loss: nan | Correct: 638/1280
Epoch: 32 | Batch: 700 | CrossEntropy-loss: nan | Correct: 655/1280
Epoch: 32 | Batch: 800 | CrossEntropy-loss: nan | Correct: 642/1280
Epoch: 32 | Batch: 900 | CrossEntropy-loss: nan | Correct: 661/1280
Epoch: 32 | Batch: 1000 | CrossEntropy-loss: nan | Correct: 672/1280
Epoch: 32 | Batch: 1100 | CrossEntropy-loss: nan | Correct: 670/1280
Epoch: 32 | Batch: 1200 | CrossEntropy-loss: nan | Correct: 677/1280
Epoch: 32 | Batch: 1300 | CrossEntropy-loss: nan | Correct: 685/1280
Epoch: 32 | Batch: 1400 | CrossEntropy-loss: nan | Correct: 651/1280
Epoch: 32 | Batch: 1500 | CrossEntropy-loss: nan | Correct: 656/1280

Epoch: 32 | Testing Accuracy: 259943/504607 (51.514%) | Historical Best: 96.251%

Epoch: 33 | Batch: 000 | CrossEntropy-loss: nan | Correct: 675/1280
Epoch: 33 | Batch: 100 | CrossEntropy-loss: nan | Correct: 646/1280
Epoch: 33 | Batch: 200 | CrossEntropy-loss: nan | Correct: 648/1280
Epoch: 33 | Batch: 300 | CrossEntropy-loss: nan | Correct: 664/1280
Epoch: 33 | Batch: 400 | CrossEntropy-loss: nan | Correct: 643/1280
Epoch: 33 | Batch: 500 | CrossEntropy-loss: nan | Correct: 636/1280
Epoch: 33 | Batch: 600 | CrossEntropy-loss: nan | Correct: 659/1280
Epoch: 33 | Batch: 700 | CrossEntropy-loss: nan | Correct: 678/1280
Epoch: 33 | Batch: 800 | CrossEntropy-loss: nan | Correct: 669/1280
Epoch: 33 | Batch: 900 | CrossEntropy-loss: nan | Correct: 672/1280
Epoch: 33 | Batch: 1000 | CrossEntropy-loss: nan | Correct: 643/1280
Epoch: 33 | Batch: 1100 | CrossEntropy-loss: nan | Correct: 688/1280
Epoch: 33 | Batch: 1200 | CrossEntropy-loss: nan | Correct: 645/1280
Epoch: 33 | Batch: 1300 | CrossEntropy-loss: nan | Correct: 651/1280
Epoch: 33 | Batch: 1400 | CrossEntropy-loss: nan | Correct: 679/1280
Epoch: 33 | Batch: 1500 | CrossEntropy-loss: nan | Correct: 676/1280

Epoch: 33 | Testing Accuracy: 259943/504607 (51.514%) | Historical Best: 96.251%

Epoch: 34 | Batch: 000 | CrossEntropy-loss: nan | Correct: 666/1280
Epoch: 34 | Batch: 100 | CrossEntropy-loss: nan | Correct: 649/1280
Epoch: 34 | Batch: 200 | CrossEntropy-loss: nan | Correct: 645/1280
Epoch: 34 | Batch: 300 | CrossEntropy-loss: nan | Correct: 657/1280
Epoch: 34 | Batch: 400 | CrossEntropy-loss: nan | Correct: 661/1280
Epoch: 34 | Batch: 500 | CrossEntropy-loss: nan | Correct: 651/1280
Epoch: 34 | Batch: 600 | CrossEntropy-loss: nan | Correct: 598/1280
Epoch: 34 | Batch: 700 | CrossEntropy-loss: nan | Correct: 657/1280
Epoch: 34 | Batch: 800 | CrossEntropy-loss: nan | Correct: 651/1280
Epoch: 34 | Batch: 900 | CrossEntropy-loss: nan | Correct: 690/1280
Epoch: 34 | Batch: 1000 | CrossEntropy-loss: nan | Correct: 667/1280
Epoch: 34 | Batch: 1100 | CrossEntropy-loss: nan | Correct: 636/1280
Epoch: 34 | Batch: 1200 | CrossEntropy-loss: nan | Correct: 643/1280
Epoch: 34 | Batch: 1300 | CrossEntropy-loss: nan | Correct: 657/1280
Epoch: 34 | Batch: 1400 | CrossEntropy-loss: nan | Correct: 667/1280
Epoch: 34 | Batch: 1500 | CrossEntropy-loss: nan | Correct: 641/1280

Epoch: 34 | Testing Accuracy: 259943/504607 (51.514%) | Historical Best: 96.251%

Epoch: 35 | Batch: 000 | CrossEntropy-loss: nan | Correct: 673/1280
Epoch: 35 | Batch: 100 | CrossEntropy-loss: nan | Correct: 682/1280
Epoch: 35 | Batch: 200 | CrossEntropy-loss: nan | Correct: 658/1280
Epoch: 35 | Batch: 300 | CrossEntropy-loss: nan | Correct: 650/1280
Epoch: 35 | Batch: 400 | CrossEntropy-loss: nan | Correct: 642/1280
Epoch: 35 | Batch: 500 | CrossEntropy-loss: nan | Correct: 668/1280
Epoch: 35 | Batch: 600 | CrossEntropy-loss: nan | Correct: 671/1280
Epoch: 35 | Batch: 700 | CrossEntropy-loss: nan | Correct: 666/1280
Epoch: 35 | Batch: 800 | CrossEntropy-loss: nan | Correct: 642/1280
Epoch: 35 | Batch: 900 | CrossEntropy-loss: nan | Correct: 669/1280
Epoch: 35 | Batch: 1000 | CrossEntropy-loss: nan | Correct: 653/1280
Epoch: 35 | Batch: 1100 | CrossEntropy-loss: nan | Correct: 671/1280
Epoch: 35 | Batch: 1200 | CrossEntropy-loss: nan | Correct: 711/1280
Epoch: 35 | Batch: 1300 | CrossEntropy-loss: nan | Correct: 639/1280
Epoch: 35 | Batch: 1400 | CrossEntropy-loss: nan | Correct: 643/1280
Epoch: 35 | Batch: 1500 | CrossEntropy-loss: nan | Correct: 667/1280

Epoch: 35 | Testing Accuracy: 259943/504607 (51.514%) | Historical Best: 96.251%

Epoch: 36 | Batch: 000 | CrossEntropy-loss: nan | Correct: 681/1280
Epoch: 36 | Batch: 100 | CrossEntropy-loss: nan | Correct: 654/1280
Epoch: 36 | Batch: 200 | CrossEntropy-loss: nan | Correct: 648/1280
Epoch: 36 | Batch: 300 | CrossEntropy-loss: nan | Correct: 659/1280
Epoch: 36 | Batch: 400 | CrossEntropy-loss: nan | Correct: 633/1280
Epoch: 36 | Batch: 500 | CrossEntropy-loss: nan | Correct: 647/1280
Epoch: 36 | Batch: 600 | CrossEntropy-loss: nan | Correct: 644/1280
Epoch: 36 | Batch: 700 | CrossEntropy-loss: nan | Correct: 677/1280
Epoch: 36 | Batch: 800 | CrossEntropy-loss: nan | Correct: 663/1280
Epoch: 36 | Batch: 900 | CrossEntropy-loss: nan | Correct: 646/1280
Epoch: 36 | Batch: 1000 | CrossEntropy-loss: nan | Correct: 661/1280
Epoch: 36 | Batch: 1100 | CrossEntropy-loss: nan | Correct: 688/1280
Epoch: 36 | Batch: 1200 | CrossEntropy-loss: nan | Correct: 648/1280
Epoch: 36 | Batch: 1300 | CrossEntropy-loss: nan | Correct: 629/1280
Epoch: 36 | Batch: 1400 | CrossEntropy-loss: nan | Correct: 637/1280
Epoch: 36 | Batch: 1500 | CrossEntropy-loss: nan | Correct: 675/1280

Epoch: 36 | Testing Accuracy: 259943/504607 (51.514%) | Historical Best: 96.251%

Epoch: 37 | Batch: 000 | CrossEntropy-loss: nan | Correct: 657/1280
Epoch: 37 | Batch: 100 | CrossEntropy-loss: nan | Correct: 667/1280
Epoch: 37 | Batch: 200 | CrossEntropy-loss: nan | Correct: 656/1280
Epoch: 37 | Batch: 300 | CrossEntropy-loss: nan | Correct: 692/1280
Epoch: 37 | Batch: 400 | CrossEntropy-loss: nan | Correct: 664/1280
Epoch: 37 | Batch: 500 | CrossEntropy-loss: nan | Correct: 674/1280
Epoch: 37 | Batch: 600 | CrossEntropy-loss: nan | Correct: 660/1280
Epoch: 37 | Batch: 700 | CrossEntropy-loss: nan | Correct: 664/1280
Epoch: 37 | Batch: 800 | CrossEntropy-loss: nan | Correct: 638/1280
Epoch: 37 | Batch: 900 | CrossEntropy-loss: nan | Correct: 696/1280
Epoch: 37 | Batch: 1000 | CrossEntropy-loss: nan | Correct: 676/1280
Epoch: 37 | Batch: 1100 | CrossEntropy-loss: nan | Correct: 654/1280
Epoch: 37 | Batch: 1200 | CrossEntropy-loss: nan | Correct: 669/1280
Epoch: 37 | Batch: 1300 | CrossEntropy-loss: nan | Correct: 658/1280
Epoch: 37 | Batch: 1400 | CrossEntropy-loss: nan | Correct: 648/1280
Epoch: 37 | Batch: 1500 | CrossEntropy-loss: nan | Correct: 665/1280

Epoch: 37 | Testing Accuracy: 259943/504607 (51.514%) | Historical Best: 96.251%

Epoch: 38 | Batch: 000 | CrossEntropy-loss: nan | Correct: 625/1280
Epoch: 38 | Batch: 100 | CrossEntropy-loss: nan | Correct: 685/1280
Epoch: 38 | Batch: 200 | CrossEntropy-loss: nan | Correct: 666/1280
Epoch: 38 | Batch: 300 | CrossEntropy-loss: nan | Correct: 656/1280
Epoch: 38 | Batch: 400 | CrossEntropy-loss: nan | Correct: 674/1280
Epoch: 38 | Batch: 500 | CrossEntropy-loss: nan | Correct: 631/1280
Epoch: 38 | Batch: 600 | CrossEntropy-loss: nan | Correct: 654/1280
Epoch: 38 | Batch: 700 | CrossEntropy-loss: nan | Correct: 648/1280
Epoch: 38 | Batch: 800 | CrossEntropy-loss: nan | Correct: 642/1280
Epoch: 38 | Batch: 900 | CrossEntropy-loss: nan | Correct: 655/1280
Epoch: 38 | Batch: 1000 | CrossEntropy-loss: nan | Correct: 643/1280
Epoch: 38 | Batch: 1100 | CrossEntropy-loss: nan | Correct: 672/1280
Epoch: 38 | Batch: 1200 | CrossEntropy-loss: nan | Correct: 652/1280
Epoch: 38 | Batch: 1300 | CrossEntropy-loss: nan | Correct: 677/1280
Epoch: 38 | Batch: 1400 | CrossEntropy-loss: nan | Correct: 670/1280
Epoch: 38 | Batch: 1500 | CrossEntropy-loss: nan | Correct: 660/1280

Epoch: 38 | Testing Accuracy: 259943/504607 (51.514%) | Historical Best: 96.251%

Epoch: 39 | Batch: 000 | CrossEntropy-loss: nan | Correct: 673/1280
Epoch: 39 | Batch: 100 | CrossEntropy-loss: nan | Correct: 670/1280
Epoch: 39 | Batch: 200 | CrossEntropy-loss: nan | Correct: 680/1280
Epoch: 39 | Batch: 300 | CrossEntropy-loss: nan | Correct: 660/1280
Epoch: 39 | Batch: 400 | CrossEntropy-loss: nan | Correct: 671/1280
Epoch: 39 | Batch: 500 | CrossEntropy-loss: nan | Correct: 656/1280
Epoch: 39 | Batch: 600 | CrossEntropy-loss: nan | Correct: 665/1280
Epoch: 39 | Batch: 700 | CrossEntropy-loss: nan | Correct: 640/1280
Epoch: 39 | Batch: 800 | CrossEntropy-loss: nan | Correct: 659/1280
Epoch: 39 | Batch: 900 | CrossEntropy-loss: nan | Correct: 651/1280
Epoch: 39 | Batch: 1000 | CrossEntropy-loss: nan | Correct: 701/1280
Epoch: 39 | Batch: 1100 | CrossEntropy-loss: nan | Correct: 628/1280
Epoch: 39 | Batch: 1200 | CrossEntropy-loss: nan | Correct: 648/1280
Epoch: 39 | Batch: 1300 | CrossEntropy-loss: nan | Correct: 687/1280
Epoch: 39 | Batch: 1400 | CrossEntropy-loss: nan | Correct: 647/1280
Epoch: 39 | Batch: 1500 | CrossEntropy-loss: nan | Correct: 657/1280

Epoch: 39 | Testing Accuracy: 259943/504607 (51.514%) | Historical Best: 96.251%

Epoch: 40 | Batch: 000 | CrossEntropy-loss: nan | Correct: 659/1280
Epoch: 40 | Batch: 100 | CrossEntropy-loss: nan | Correct: 643/1280
Epoch: 40 | Batch: 200 | CrossEntropy-loss: nan | Correct: 634/1280
Epoch: 40 | Batch: 300 | CrossEntropy-loss: nan | Correct: 668/1280
Epoch: 40 | Batch: 400 | CrossEntropy-loss: nan | Correct: 657/1280
Epoch: 40 | Batch: 500 | CrossEntropy-loss: nan | Correct: 654/1280
Epoch: 40 | Batch: 600 | CrossEntropy-loss: nan | Correct: 677/1280
Epoch: 40 | Batch: 700 | CrossEntropy-loss: nan | Correct: 660/1280
Epoch: 40 | Batch: 800 | CrossEntropy-loss: nan | Correct: 675/1280
Epoch: 40 | Batch: 900 | CrossEntropy-loss: nan | Correct: 663/1280
Epoch: 40 | Batch: 1000 | CrossEntropy-loss: nan | Correct: 660/1280
Epoch: 40 | Batch: 1100 | CrossEntropy-loss: nan | Correct: 661/1280
Epoch: 40 | Batch: 1200 | CrossEntropy-loss: nan | Correct: 671/1280
Epoch: 40 | Batch: 1300 | CrossEntropy-loss: nan | Correct: 689/1280
Epoch: 40 | Batch: 1400 | CrossEntropy-loss: nan | Correct: 655/1280
Epoch: 40 | Batch: 1500 | CrossEntropy-loss: nan | Correct: 682/1280

Epoch: 40 | Testing Accuracy: 259943/504607 (51.514%) | Historical Best: 96.251%

