compute002
5
/home/zihan/anaconda3/envs/exp/lib/python3.6/site-packages/gym/envs/registration.py:14: PkgResourcesDeprecationWarning: Parameters to load are deprecated.  Call .resolve and .require separately.
  result = entry_point.load(False)
8 4
# of episode :20, reward : -124.9, episode length: 72
# of episode :40, reward : -134.2, episode length: 70
# of episode :60, reward : -135.0, episode length: 83
# of episode :80, reward : -313.7, episode length: 85
# of episode :100, reward : -110.2, episode length: 75
# of episode :120, reward : -222.8, episode length: 80
# of episode :140, reward : -156.8, episode length: 56
# of episode :160, reward : -162.8, episode length: 93
# of episode :180, reward : -149.9, episode length: 60
# of episode :200, reward : -108.8, episode length: 103
# of episode :220, reward : -105.8, episode length: 83
# of episode :240, reward : -174.3, episode length: 70
# of episode :260, reward : -89.2, episode length: 59
# of episode :280, reward : -122.4, episode length: 92
# of episode :300, reward : -209.0, episode length: 114
# of episode :320, reward : -224.6, episode length: 96
# of episode :340, reward : -87.5, episode length: 90
# of episode :360, reward : -103.4, episode length: 69
# of episode :380, reward : -89.6, episode length: 72
# of episode :400, reward : -370.3, episode length: 110
# of episode :420, reward : 1.5, episode length: 124
# of episode :440, reward : -111.8, episode length: 68
# of episode :460, reward : -218.1, episode length: 106
# of episode :480, reward : -129.1, episode length: 72
# of episode :500, reward : -111.9, episode length: 95
# of episode :520, reward : -314.7, episode length: 90
# of episode :540, reward : -120.6, episode length: 67
# of episode :560, reward : -96.2, episode length: 68
# of episode :580, reward : -145.1, episode length: 191
# of episode :600, reward : -84.6, episode length: 68
# of episode :620, reward : -214.2, episode length: 103
# of episode :640, reward : -212.0, episode length: 122
# of episode :660, reward : -102.6, episode length: 69
# of episode :680, reward : -74.9, episode length: 75
# of episode :700, reward : -125.0, episode length: 104
# of episode :720, reward : 7.8, episode length: 91
# of episode :740, reward : -56.1, episode length: 87
# of episode :760, reward : -218.6, episode length: 106
# of episode :780, reward : -98.0, episode length: 102
# of episode :800, reward : -146.5, episode length: 88
# of episode :820, reward : -123.1, episode length: 81
# of episode :840, reward : -265.3, episode length: 142
# of episode :860, reward : -37.8, episode length: 90
# of episode :880, reward : -116.1, episode length: 82
# of episode :900, reward : -112.8, episode length: 101
# of episode :920, reward : -56.6, episode length: 67
# of episode :940, reward : -109.1, episode length: 94
# of episode :960, reward : -238.3, episode length: 222
# of episode :980, reward : -199.6, episode length: 134
# of episode :1000, reward : -227.7, episode length: 127
# of episode :1020, reward : -67.6, episode length: 110
# of episode :1040, reward : -289.0, episode length: 162
# of episode :1060, reward : -74.6, episode length: 168
# of episode :1080, reward : -241.4, episode length: 134
# of episode :1100, reward : -49.5, episode length: 127
# of episode :1120, reward : -150.4, episode length: 120
# of episode :1140, reward : -56.2, episode length: 72
# of episode :1160, reward : -12.8, episode length: 89
# of episode :1180, reward : -135.0, episode length: 58
# of episode :1200, reward : -102.9, episode length: 96
# of episode :1220, reward : -229.6, episode length: 123
# of episode :1240, reward : -79.2, episode length: 162
# of episode :1260, reward : -133.9, episode length: 109
# of episode :1280, reward : -47.2, episode length: 89
# of episode :1300, reward : -34.2, episode length: 85
# of episode :1320, reward : -141.4, episode length: 109
# of episode :1340, reward : -35.0, episode length: 127
# of episode :1360, reward : -152.9, episode length: 169
# of episode :1380, reward : -124.0, episode length: 206
# of episode :1400, reward : -71.7, episode length: 128
# of episode :1420, reward : -88.6, episode length: 124
# of episode :1440, reward : -109.3, episode length: 93
# of episode :1460, reward : 46.0, episode length: 109
# of episode :1480, reward : -62.8, episode length: 106
# of episode :1500, reward : -208.2, episode length: 286
# of episode :1520, reward : -76.5, episode length: 174
# of episode :1540, reward : -240.5, episode length: 242
# of episode :1560, reward : -19.6, episode length: 132
# of episode :1580, reward : -155.0, episode length: 241
# of episode :1600, reward : -75.1, episode length: 68
# of episode :1620, reward : -43.0, episode length: 77
# of episode :1640, reward : -76.8, episode length: 113
# of episode :1660, reward : -75.7, episode length: 212
# of episode :1680, reward : -54.1, episode length: 87
# of episode :1700, reward : -163.2, episode length: 167
# of episode :1720, reward : -164.3, episode length: 320
# of episode :1740, reward : -39.7, episode length: 118
# of episode :1760, reward : -301.4, episode length: 259
# of episode :1780, reward : -15.7, episode length: 130
# of episode :1800, reward : -14.9, episode length: 220
# of episode :1820, reward : -217.1, episode length: 249
# of episode :1840, reward : -45.9, episode length: 153
# of episode :1860, reward : -9.1, episode length: 336
# of episode :1880, reward : -395.7, episode length: 183
# of episode :1900, reward : -21.8, episode length: 180
# of episode :1920, reward : -137.5, episode length: 405
# of episode :1940, reward : 0.3, episode length: 209
# of episode :1960, reward : 28.2, episode length: 115
# of episode :1980, reward : -4.1, episode length: 203
# of episode :2000, reward : -97.8, episode length: 233
# of episode :2020, reward : -3.3, episode length: 99
# of episode :2040, reward : -91.4, episode length: 266
# of episode :2060, reward : 0.6, episode length: 96
# of episode :2080, reward : 9.4, episode length: 1000
# of episode :2100, reward : -365.7, episode length: 297
# of episode :2120, reward : -71.9, episode length: 249
# of episode :2140, reward : -66.4, episode length: 1000
# of episode :2160, reward : -238.3, episode length: 541
# of episode :2180, reward : 8.8, episode length: 1000
# of episode :2200, reward : -131.7, episode length: 216
# of episode :2220, reward : -185.5, episode length: 183
# of episode :2240, reward : -296.5, episode length: 1000
# of episode :2260, reward : -75.4, episode length: 243
# of episode :2280, reward : -206.3, episode length: 190
# of episode :2300, reward : -29.9, episode length: 170
# of episode :2320, reward : -268.2, episode length: 193
# of episode :2340, reward : -55.9, episode length: 396
# of episode :2360, reward : -13.3, episode length: 197
# of episode :2380, reward : -11.0, episode length: 113
# of episode :2400, reward : -64.7, episode length: 1000
# of episode :2420, reward : -11.5, episode length: 1000
# of episode :2440, reward : 9.3, episode length: 180
# of episode :2460, reward : -98.7, episode length: 1000
# of episode :2480, reward : -36.9, episode length: 155
# of episode :2500, reward : 54.9, episode length: 1000
# of episode :2520, reward : -343.3, episode length: 343
# of episode :2540, reward : -165.2, episode length: 497
# of episode :2560, reward : 38.7, episode length: 1000
# of episode :2580, reward : -284.1, episode length: 961
# of episode :2600, reward : -3.8, episode length: 1000
# of episode :2620, reward : -1.0, episode length: 1000
# of episode :2640, reward : -17.1, episode length: 206
# of episode :2660, reward : -211.4, episode length: 727
# of episode :2680, reward : -223.5, episode length: 238
# of episode :2700, reward : -213.9, episode length: 174
# of episode :2720, reward : -18.3, episode length: 1000
# of episode :2740, reward : -38.7, episode length: 1000
# of episode :2760, reward : 3.7, episode length: 1000
# of episode :2780, reward : -46.1, episode length: 1000
# of episode :2800, reward : -105.9, episode length: 1000
# of episode :2820, reward : -5.5, episode length: 1000
# of episode :2840, reward : 39.8, episode length: 1000
# of episode :2860, reward : -45.5, episode length: 1000
# of episode :2880, reward : -72.3, episode length: 1000
# of episode :2900, reward : -21.6, episode length: 1000
# of episode :2920, reward : -19.0, episode length: 357
# of episode :2940, reward : 33.5, episode length: 1000
# of episode :2960, reward : -129.7, episode length: 1000
# of episode :2980, reward : 46.6, episode length: 1000
# of episode :3000, reward : 23.3, episode length: 271
# of episode :3020, reward : -221.6, episode length: 552
# of episode :3040, reward : -2.0, episode length: 1000
# of episode :3060, reward : 2.2, episode length: 1000
# of episode :3080, reward : 18.3, episode length: 1000
# of episode :3100, reward : 22.2, episode length: 1000
# of episode :3120, reward : -118.5, episode length: 1000
# of episode :3140, reward : -133.9, episode length: 1000
# of episode :3160, reward : -4.6, episode length: 1000
# of episode :3180, reward : 47.0, episode length: 1000
# of episode :3200, reward : -121.2, episode length: 766
# of episode :3220, reward : 6.5, episode length: 1000
# of episode :3240, reward : 78.2, episode length: 1000
# of episode :3260, reward : -111.4, episode length: 1000
# of episode :3280, reward : 44.1, episode length: 1000
# of episode :3300, reward : 19.5, episode length: 1000
# of episode :3320, reward : -97.6, episode length: 466
# of episode :3340, reward : -8.1, episode length: 228
# of episode :3360, reward : 2.4, episode length: 1000
# of episode :3380, reward : 21.6, episode length: 1000
# of episode :3400, reward : 54.5, episode length: 1000
# of episode :3420, reward : 29.0, episode length: 1000
# of episode :3440, reward : 54.5, episode length: 1000
# of episode :3460, reward : 76.0, episode length: 1000
# of episode :3480, reward : 84.1, episode length: 1000
# of episode :3500, reward : 15.8, episode length: 1000
# of episode :3520, reward : 79.6, episode length: 1000
# of episode :3540, reward : -27.6, episode length: 409
# of episode :3560, reward : 99.5, episode length: 1000
# of episode :3580, reward : 42.7, episode length: 1000
# of episode :3600, reward : 33.4, episode length: 1000
# of episode :3620, reward : 37.9, episode length: 1000
# of episode :3640, reward : 73.2, episode length: 1000
# of episode :3660, reward : 109.3, episode length: 1000
# of episode :3680, reward : 88.8, episode length: 1000
# of episode :3700, reward : 67.9, episode length: 1000
# of episode :3720, reward : 102.5, episode length: 1000
# of episode :3740, reward : 61.9, episode length: 1000
# of episode :3760, reward : 18.1, episode length: 1000
# of episode :3780, reward : 96.1, episode length: 1000
# of episode :3800, reward : 206.1, episode length: 509
# of episode :3820, reward : -20.0, episode length: 344
# of episode :3840, reward : 104.4, episode length: 1000
# of episode :3860, reward : 208.6, episode length: 459
# of episode :3880, reward : 83.8, episode length: 1000
# of episode :3900, reward : 96.1, episode length: 1000
# of episode :3920, reward : 83.9, episode length: 1000
# of episode :3940, reward : 101.0, episode length: 1000
# of episode :3960, reward : 71.9, episode length: 1000
# of episode :3980, reward : 104.8, episode length: 1000
# of episode :4000, reward : 102.8, episode length: 1000
# of episode :4020, reward : 202.8, episode length: 543
# of episode :4040, reward : 62.4, episode length: 1000
# of episode :4060, reward : -15.9, episode length: 334
# of episode :4080, reward : 95.7, episode length: 1000
# of episode :4100, reward : 99.9, episode length: 1000
# of episode :4120, reward : 197.0, episode length: 601
# of episode :4140, reward : 100.2, episode length: 1000
# of episode :4160, reward : 100.1, episode length: 1000
# of episode :4180, reward : 109.8, episode length: 1000
# of episode :4200, reward : 117.2, episode length: 1000
# of episode :4220, reward : 65.7, episode length: 1000
# of episode :4240, reward : 111.2, episode length: 1000
# of episode :4260, reward : 130.7, episode length: 1000
# of episode :4280, reward : 73.2, episode length: 1000
# of episode :4300, reward : 205.1, episode length: 476
# of episode :4320, reward : 129.7, episode length: 1000
# of episode :4340, reward : 215.3, episode length: 372
# of episode :4360, reward : 100.1, episode length: 1000
# of episode :4380, reward : 101.4, episode length: 1000
# of episode :4400, reward : 119.9, episode length: 1000
# of episode :4420, reward : 115.7, episode length: 1000
# of episode :4440, reward : 89.6, episode length: 1000
# of episode :4460, reward : 236.4, episode length: 452
# of episode :4480, reward : 213.5, episode length: 301
# of episode :4500, reward : 123.1, episode length: 1000
# of episode :4520, reward : 96.7, episode length: 1000
# of episode :4540, reward : 118.6, episode length: 1000
# of episode :4560, reward : 130.5, episode length: 1000
# of episode :4580, reward : 115.7, episode length: 1000
# of episode :4600, reward : 133.4, episode length: 1000
# of episode :4620, reward : 114.7, episode length: 1000
# of episode :4640, reward : 101.3, episode length: 1000
# of episode :4660, reward : 218.8, episode length: 377
# of episode :4680, reward : -8.4, episode length: 264
# of episode :4700, reward : 127.6, episode length: 1000
# of episode :4720, reward : 118.6, episode length: 1000
# of episode :4740, reward : 214.1, episode length: 488
# of episode :4760, reward : 125.9, episode length: 1000
# of episode :4780, reward : 222.8, episode length: 396
# of episode :4800, reward : 114.7, episode length: 1000
# of episode :4820, reward : 132.0, episode length: 1000
# of episode :4840, reward : 225.6, episode length: 301
# of episode :4860, reward : 125.8, episode length: 1000
# of episode :4880, reward : 213.0, episode length: 349
# of episode :4900, reward : 216.9, episode length: 425
# of episode :4920, reward : 95.9, episode length: 1000
# of episode :4940, reward : 100.6, episode length: 1000
# of episode :4960, reward : 107.9, episode length: 1000
# of episode :4980, reward : 108.6, episode length: 1000
/home/zihan/anaconda3/envs/exp/lib/python3.6/site-packages/gym/envs/registration.py:14: PkgResourcesDeprecationWarning: Parameters to load are deprecated.  Call .resolve and .require separately.
  result = entry_point.load(False)
8 4
# of episode :20, reward : -653.3, episode length: 118
# of episode :40, reward : -374.2, episode length: 81
# of episode :60, reward : -392.3, episode length: 93
# of episode :80, reward : -620.7, episode length: 125
# of episode :100, reward : -419.0, episode length: 93
# of episode :120, reward : -342.9, episode length: 150
# of episode :140, reward : -334.4, episode length: 78
# of episode :160, reward : -452.5, episode length: 96
# of episode :180, reward : -89.8, episode length: 78
# of episode :200, reward : -83.6, episode length: 90
# of episode :220, reward : -248.0, episode length: 159
# of episode :240, reward : -358.2, episode length: 113
# of episode :260, reward : -38.5, episode length: 92
# of episode :280, reward : -457.7, episode length: 140
# of episode :300, reward : -223.1, episode length: 133
# of episode :320, reward : -102.6, episode length: 178
# of episode :340, reward : -252.8, episode length: 148
# of episode :360, reward : -314.2, episode length: 88
# of episode :380, reward : -226.4, episode length: 97
# of episode :400, reward : -227.8, episode length: 105
# of episode :420, reward : -50.9, episode length: 75
# of episode :440, reward : -309.1, episode length: 182
# of episode :460, reward : -294.9, episode length: 115
# of episode :480, reward : -225.3, episode length: 93
# of episode :500, reward : -408.0, episode length: 86
# of episode :520, reward : -310.6, episode length: 171
# of episode :540, reward : -208.2, episode length: 143
# of episode :560, reward : -406.7, episode length: 146
# of episode :580, reward : -143.6, episode length: 112
# of episode :600, reward : -176.0, episode length: 162
# of episode :620, reward : -61.9, episode length: 91
# of episode :640, reward : 2.4, episode length: 100
# of episode :660, reward : -210.8, episode length: 109
# of episode :680, reward : -118.5, episode length: 74
# of episode :700, reward : -92.3, episode length: 69
# of episode :720, reward : -222.0, episode length: 111
# of episode :740, reward : -225.3, episode length: 123
# of episode :760, reward : -155.2, episode length: 124
# of episode :780, reward : -63.4, episode length: 68
# of episode :800, reward : -91.9, episode length: 77
# of episode :820, reward : -232.8, episode length: 132
# of episode :840, reward : -126.2, episode length: 142
# of episode :860, reward : -306.4, episode length: 137
# of episode :880, reward : -211.1, episode length: 106
# of episode :900, reward : -173.7, episode length: 157
# of episode :920, reward : -68.6, episode length: 90
# of episode :940, reward : -298.5, episode length: 118
# of episode :960, reward : -170.6, episode length: 109
# of episode :980, reward : -239.7, episode length: 107
# of episode :1000, reward : -46.7, episode length: 94
# of episode :1020, reward : -154.6, episode length: 106
# of episode :1040, reward : -104.7, episode length: 88
# of episode :1060, reward : -87.2, episode length: 145
# of episode :1080, reward : -107.7, episode length: 101
# of episode :1100, reward : -345.2, episode length: 192
# of episode :1120, reward : -203.5, episode length: 211
# of episode :1140, reward : -236.6, episode length: 115
# of episode :1160, reward : -260.1, episode length: 136
# of episode :1180, reward : -67.2, episode length: 130
# of episode :1200, reward : -70.9, episode length: 116
# of episode :1220, reward : -103.5, episode length: 180
# of episode :1240, reward : -43.2, episode length: 113
# of episode :1260, reward : -249.4, episode length: 96
# of episode :1280, reward : -341.7, episode length: 155
# of episode :1300, reward : -420.5, episode length: 206
# of episode :1320, reward : -70.8, episode length: 180
# of episode :1340, reward : -74.3, episode length: 92
# of episode :1360, reward : -256.8, episode length: 192
# of episode :1380, reward : -297.1, episode length: 189
# of episode :1400, reward : -287.4, episode length: 189
# of episode :1420, reward : -35.4, episode length: 107
# of episode :1440, reward : -55.7, episode length: 107
# of episode :1460, reward : -127.0, episode length: 122
# of episode :1480, reward : -404.0, episode length: 226
# of episode :1500, reward : -101.6, episode length: 129
# of episode :1520, reward : -26.1, episode length: 102
# of episode :1540, reward : 37.7, episode length: 98
# of episode :1560, reward : -86.6, episode length: 75
# of episode :1580, reward : -62.9, episode length: 118
# of episode :1600, reward : -33.8, episode length: 149
# of episode :1620, reward : -167.4, episode length: 180
# of episode :1640, reward : -72.4, episode length: 123
# of episode :1660, reward : -247.5, episode length: 177
# of episode :1680, reward : -145.7, episode length: 81
# of episode :1700, reward : -57.3, episode length: 244
# of episode :1720, reward : -178.4, episode length: 245
# of episode :1740, reward : -118.4, episode length: 255
# of episode :1760, reward : -51.4, episode length: 175
# of episode :1780, reward : -147.4, episode length: 132
# of episode :1800, reward : -61.5, episode length: 106
# of episode :1820, reward : -171.7, episode length: 200
# of episode :1840, reward : -21.6, episode length: 194
# of episode :1860, reward : -67.3, episode length: 174
# of episode :1880, reward : -107.8, episode length: 244
# of episode :1900, reward : -60.0, episode length: 183
# of episode :1920, reward : -74.7, episode length: 199
# of episode :1940, reward : -83.9, episode length: 241
# of episode :1960, reward : -85.3, episode length: 214
# of episode :1980, reward : -95.8, episode length: 222
# of episode :2000, reward : -194.0, episode length: 232
# of episode :2020, reward : -49.4, episode length: 204
# of episode :2040, reward : 37.1, episode length: 198
# of episode :2060, reward : -98.1, episode length: 260
# of episode :2080, reward : -128.3, episode length: 249
# of episode :2100, reward : -49.3, episode length: 253
# of episode :2120, reward : -287.5, episode length: 345
# of episode :2140, reward : 37.0, episode length: 162
# of episode :2160, reward : -196.7, episode length: 184
# of episode :2180, reward : 2.5, episode length: 1000
# of episode :2200, reward : -82.4, episode length: 203
# of episode :2220, reward : -71.6, episode length: 150
# of episode :2240, reward : 9.0, episode length: 1000
# of episode :2260, reward : -173.1, episode length: 210
# of episode :2280, reward : -5.6, episode length: 138
# of episode :2300, reward : 11.3, episode length: 223
# of episode :2320, reward : -155.4, episode length: 178
# of episode :2340, reward : -100.8, episode length: 224
# of episode :2360, reward : -172.6, episode length: 402
# of episode :2380, reward : -223.4, episode length: 230
# of episode :2400, reward : -20.7, episode length: 1000
# of episode :2420, reward : -64.6, episode length: 235
# of episode :2440, reward : -107.3, episode length: 344
# of episode :2460, reward : -13.2, episode length: 246
# of episode :2480, reward : -182.1, episode length: 832
# of episode :2500, reward : -112.8, episode length: 241
# of episode :2520, reward : -224.7, episode length: 208
# of episode :2540, reward : 16.1, episode length: 1000
# of episode :2560, reward : -12.1, episode length: 374
# of episode :2580, reward : -162.9, episode length: 559
# of episode :2600, reward : -4.1, episode length: 1000
# of episode :2620, reward : 21.1, episode length: 1000
# of episode :2640, reward : 23.2, episode length: 1000
# of episode :2660, reward : -16.2, episode length: 189
# of episode :2680, reward : -37.7, episode length: 1000
# of episode :2700, reward : -1.2, episode length: 257
# of episode :2720, reward : 11.5, episode length: 353
# of episode :2740, reward : 40.7, episode length: 173
# of episode :2760, reward : 20.1, episode length: 1000
# of episode :2780, reward : 21.9, episode length: 1000
# of episode :2800, reward : -1.9, episode length: 1000
# of episode :2820, reward : -4.0, episode length: 337
# of episode :2840, reward : -21.8, episode length: 1000
# of episode :2860, reward : 56.4, episode length: 1000
# of episode :2880, reward : -19.3, episode length: 385
# of episode :2900, reward : 41.5, episode length: 1000
# of episode :2920, reward : 37.0, episode length: 1000
# of episode :2940, reward : 20.4, episode length: 1000
# of episode :2960, reward : -93.8, episode length: 266
# of episode :2980, reward : 74.2, episode length: 1000
# of episode :3000, reward : 78.3, episode length: 1000
# of episode :3020, reward : -31.4, episode length: 267
# of episode :3040, reward : 41.1, episode length: 1000
# of episode :3060, reward : 110.8, episode length: 1000
# of episode :3080, reward : 25.5, episode length: 338
# of episode :3100, reward : 34.7, episode length: 1000
# of episode :3120, reward : 72.2, episode length: 1000
# of episode :3140, reward : -24.3, episode length: 1000
# of episode :3160, reward : -12.1, episode length: 235
# of episode :3180, reward : 68.5, episode length: 1000
# of episode :3200, reward : -34.0, episode length: 309
# of episode :3220, reward : -8.7, episode length: 181
# of episode :3240, reward : 104.9, episode length: 1000
# of episode :3260, reward : 52.8, episode length: 1000
# of episode :3280, reward : 118.3, episode length: 1000
# of episode :3300, reward : 58.8, episode length: 1000
# of episode :3320, reward : -14.5, episode length: 347
# of episode :3340, reward : 2.5, episode length: 320
# of episode :3360, reward : 27.6, episode length: 414
# of episode :3380, reward : 40.3, episode length: 1000
# of episode :3400, reward : 35.7, episode length: 374
# of episode :3420, reward : 79.8, episode length: 1000
# of episode :3440, reward : 63.7, episode length: 1000
# of episode :3460, reward : -4.1, episode length: 292
# of episode :3480, reward : 56.6, episode length: 1000
# of episode :3500, reward : 119.9, episode length: 1000
# of episode :3520, reward : -27.4, episode length: 438
# of episode :3540, reward : 74.9, episode length: 1000
# of episode :3560, reward : 109.9, episode length: 1000
# of episode :3580, reward : 104.9, episode length: 1000
# of episode :3600, reward : 115.0, episode length: 1000
# of episode :3620, reward : -39.8, episode length: 400
# of episode :3640, reward : 123.9, episode length: 1000
# of episode :3660, reward : 107.5, episode length: 1000
# of episode :3680, reward : 97.8, episode length: 1000
# of episode :3700, reward : 90.1, episode length: 1000
# of episode :3720, reward : 87.4, episode length: 1000
# of episode :3740, reward : 54.9, episode length: 1000
# of episode :3760, reward : 71.9, episode length: 1000
# of episode :3780, reward : 65.3, episode length: 1000
# of episode :3800, reward : 131.4, episode length: 1000
# of episode :3820, reward : 120.0, episode length: 1000
# of episode :3840, reward : 212.9, episode length: 488
# of episode :3860, reward : 79.8, episode length: 1000
# of episode :3880, reward : 52.4, episode length: 1000
# of episode :3900, reward : 126.8, episode length: 1000
# of episode :3920, reward : 109.1, episode length: 1000
# of episode :3940, reward : -6.5, episode length: 396
# of episode :3960, reward : 96.1, episode length: 1000
# of episode :3980, reward : 107.9, episode length: 1000
# of episode :4000, reward : 80.7, episode length: 1000
# of episode :4020, reward : 72.1, episode length: 1000
# of episode :4040, reward : 95.5, episode length: 1000
# of episode :4060, reward : 6.4, episode length: 406
# of episode :4080, reward : 28.1, episode length: 1000
# of episode :4100, reward : 83.9, episode length: 1000
# of episode :4120, reward : -58.3, episode length: 367
# of episode :4140, reward : 109.9, episode length: 1000
# of episode :4160, reward : 67.1, episode length: 1000
# of episode :4180, reward : 107.2, episode length: 1000
# of episode :4200, reward : 131.9, episode length: 1000
# of episode :4220, reward : 73.9, episode length: 1000
# of episode :4240, reward : 70.9, episode length: 1000
# of episode :4260, reward : 102.9, episode length: 1000
# of episode :4280, reward : 64.6, episode length: 1000
# of episode :4300, reward : 118.8, episode length: 1000
# of episode :4320, reward : 78.8, episode length: 1000
# of episode :4340, reward : 163.2, episode length: 589
# of episode :4360, reward : 110.4, episode length: 1000
# of episode :4380, reward : 103.0, episode length: 1000
# of episode :4400, reward : 158.3, episode length: 1000
# of episode :4420, reward : 46.7, episode length: 1000
# of episode :4440, reward : 111.0, episode length: 1000
# of episode :4460, reward : 118.0, episode length: 1000
# of episode :4480, reward : 78.3, episode length: 1000
# of episode :4500, reward : -64.6, episode length: 374
# of episode :4520, reward : 76.8, episode length: 1000
# of episode :4540, reward : 85.0, episode length: 1000
# of episode :4560, reward : 112.2, episode length: 1000
# of episode :4580, reward : 82.0, episode length: 1000
# of episode :4600, reward : 121.7, episode length: 1000
# of episode :4620, reward : -44.8, episode length: 592
# of episode :4640, reward : -40.8, episode length: 440
# of episode :4660, reward : 42.0, episode length: 1000
# of episode :4680, reward : 70.3, episode length: 1000
# of episode :4700, reward : 66.2, episode length: 1000
# of episode :4720, reward : 101.6, episode length: 1000
# of episode :4740, reward : -82.1, episode length: 366
# of episode :4760, reward : 116.6, episode length: 1000
# of episode :4780, reward : 126.2, episode length: 1000
# of episode :4800, reward : 86.0, episode length: 1000
# of episode :4820, reward : 92.8, episode length: 1000
# of episode :4840, reward : 98.7, episode length: 1000
# of episode :4860, reward : 54.8, episode length: 1000
# of episode :4880, reward : 111.2, episode length: 1000
# of episode :4900, reward : 78.0, episode length: 1000
# of episode :4920, reward : 116.6, episode length: 1000
# of episode :4940, reward : 78.1, episode length: 1000
# of episode :4960, reward : 90.6, episode length: 1000
# of episode :4980, reward : 183.7, episode length: 435
/home/zihan/anaconda3/envs/exp/lib/python3.6/site-packages/gym/envs/registration.py:14: PkgResourcesDeprecationWarning: Parameters to load are deprecated.  Call .resolve and .require separately.
  result = entry_point.load(False)
8 4
# of episode :20, reward : -367.6, episode length: 90
# of episode :40, reward : -452.7, episode length: 86
# of episode :60, reward : -77.7, episode length: 71
# of episode :80, reward : -124.2, episode length: 97
# of episode :100, reward : -233.5, episode length: 83
# of episode :120, reward : -56.4, episode length: 76
# of episode :140, reward : -124.6, episode length: 106
# of episode :160, reward : -369.2, episode length: 91
# of episode :180, reward : -136.0, episode length: 56
# of episode :200, reward : -9.9, episode length: 141
# of episode :220, reward : -392.5, episode length: 152
# of episode :240, reward : -92.8, episode length: 167
# of episode :260, reward : -72.4, episode length: 107
# of episode :280, reward : -93.4, episode length: 122
# of episode :300, reward : -84.0, episode length: 96
# of episode :320, reward : -175.5, episode length: 100
# of episode :340, reward : -300.4, episode length: 128
# of episode :360, reward : -74.3, episode length: 80
# of episode :380, reward : -123.7, episode length: 112
# of episode :400, reward : -206.6, episode length: 111
# of episode :420, reward : -72.2, episode length: 120
# of episode :440, reward : -101.9, episode length: 65
# of episode :460, reward : -108.7, episode length: 96
# of episode :480, reward : -94.6, episode length: 153
# of episode :500, reward : -78.3, episode length: 61
# of episode :520, reward : -73.4, episode length: 95
# of episode :540, reward : -97.9, episode length: 91
# of episode :560, reward : -87.9, episode length: 131
# of episode :580, reward : -98.5, episode length: 95
# of episode :600, reward : -96.1, episode length: 68
# of episode :620, reward : -118.7, episode length: 102
# of episode :640, reward : -22.5, episode length: 116
# of episode :660, reward : -50.4, episode length: 148
# of episode :680, reward : -101.1, episode length: 144
# of episode :700, reward : -219.3, episode length: 110
# of episode :720, reward : -282.9, episode length: 137
# of episode :740, reward : -62.9, episode length: 176
# of episode :760, reward : -36.8, episode length: 167
# of episode :780, reward : -15.5, episode length: 160
# of episode :800, reward : -56.6, episode length: 164
# of episode :820, reward : -146.4, episode length: 83
# of episode :840, reward : -166.7, episode length: 116
# of episode :860, reward : -40.0, episode length: 140
# of episode :880, reward : -90.6, episode length: 482
# of episode :900, reward : 22.9, episode length: 125
# of episode :920, reward : 11.3, episode length: 200
# of episode :940, reward : -58.7, episode length: 184
# of episode :960, reward : 6.4, episode length: 145
# of episode :980, reward : -62.8, episode length: 326
# of episode :1000, reward : -115.0, episode length: 1000
# of episode :1020, reward : -30.1, episode length: 113
# of episode :1040, reward : -56.1, episode length: 538
# of episode :1060, reward : -22.4, episode length: 227
# of episode :1080, reward : -8.1, episode length: 137
# of episode :1100, reward : -334.4, episode length: 839
# of episode :1120, reward : -70.0, episode length: 261
# of episode :1140, reward : -71.5, episode length: 316
# of episode :1160, reward : 24.6, episode length: 247
# of episode :1180, reward : -152.7, episode length: 344
# of episode :1200, reward : -44.9, episode length: 302
# of episode :1220, reward : -238.9, episode length: 814
# of episode :1240, reward : -22.4, episode length: 166
# of episode :1260, reward : -107.6, episode length: 1000
# of episode :1280, reward : 41.2, episode length: 129
# of episode :1300, reward : -119.0, episode length: 436
# of episode :1320, reward : -20.4, episode length: 470
# of episode :1340, reward : -199.8, episode length: 1000
# of episode :1360, reward : -49.2, episode length: 1000
# of episode :1380, reward : -60.8, episode length: 189
# of episode :1400, reward : -253.7, episode length: 992
# of episode :1420, reward : -20.5, episode length: 1000
# of episode :1440, reward : 2.2, episode length: 206
# of episode :1460, reward : 39.1, episode length: 145
# of episode :1480, reward : -36.9, episode length: 1000
# of episode :1500, reward : -41.7, episode length: 1000
# of episode :1520, reward : -50.0, episode length: 1000
# of episode :1540, reward : -74.7, episode length: 1000
# of episode :1560, reward : 44.6, episode length: 227
# of episode :1580, reward : -58.1, episode length: 1000
# of episode :1600, reward : 16.1, episode length: 205
# of episode :1620, reward : -84.1, episode length: 1000
# of episode :1640, reward : -91.6, episode length: 1000
# of episode :1660, reward : -166.1, episode length: 767
# of episode :1680, reward : 10.3, episode length: 168
# of episode :1700, reward : -8.8, episode length: 1000
# of episode :1720, reward : -22.8, episode length: 1000
# of episode :1740, reward : 2.6, episode length: 285
# of episode :1760, reward : -25.7, episode length: 1000
# of episode :1780, reward : -33.7, episode length: 1000
# of episode :1800, reward : -5.0, episode length: 1000
# of episode :1820, reward : 50.5, episode length: 1000
# of episode :1840, reward : 18.0, episode length: 1000
# of episode :1860, reward : -101.2, episode length: 578
# of episode :1880, reward : -4.1, episode length: 1000
# of episode :1900, reward : 52.9, episode length: 1000
# of episode :1920, reward : -221.0, episode length: 532
# of episode :1940, reward : -30.1, episode length: 659
# of episode :1960, reward : -67.7, episode length: 1000
# of episode :1980, reward : -43.1, episode length: 1000
# of episode :2000, reward : -10.9, episode length: 426
# of episode :2020, reward : -33.4, episode length: 1000
# of episode :2040, reward : -68.4, episode length: 1000
# of episode :2060, reward : -81.3, episode length: 727
# of episode :2080, reward : 24.0, episode length: 1000
# of episode :2100, reward : 21.1, episode length: 1000
# of episode :2120, reward : -149.2, episode length: 684
# of episode :2140, reward : 6.1, episode length: 1000
# of episode :2160, reward : 14.6, episode length: 1000
# of episode :2180, reward : -125.5, episode length: 749
# of episode :2200, reward : 40.7, episode length: 1000
# of episode :2220, reward : 89.2, episode length: 1000
# of episode :2240, reward : 7.4, episode length: 1000
# of episode :2260, reward : -14.4, episode length: 1000
# of episode :2280, reward : -18.4, episode length: 1000
# of episode :2300, reward : 38.1, episode length: 1000
# of episode :2320, reward : -21.3, episode length: 511
# of episode :2340, reward : -255.9, episode length: 865
# of episode :2360, reward : -71.9, episode length: 1000
# of episode :2380, reward : 44.6, episode length: 1000
# of episode :2400, reward : -77.5, episode length: 498
# of episode :2420, reward : 5.2, episode length: 1000
# of episode :2440, reward : -22.6, episode length: 1000
# of episode :2460, reward : -79.4, episode length: 641
# of episode :2480, reward : -201.7, episode length: 855
# of episode :2500, reward : -91.5, episode length: 776
# of episode :2520, reward : 32.0, episode length: 1000
# of episode :2540, reward : 37.8, episode length: 1000
# of episode :2560, reward : 34.4, episode length: 1000
# of episode :2580, reward : 87.9, episode length: 1000
# of episode :2600, reward : 55.3, episode length: 1000
# of episode :2620, reward : 90.7, episode length: 1000
# of episode :2640, reward : 84.7, episode length: 1000
# of episode :2660, reward : -106.1, episode length: 411
# of episode :2680, reward : -11.5, episode length: 1000
# of episode :2700, reward : 43.3, episode length: 1000
# of episode :2720, reward : 27.9, episode length: 1000
# of episode :2740, reward : 109.7, episode length: 1000
# of episode :2760, reward : 86.3, episode length: 1000
# of episode :2780, reward : 78.1, episode length: 1000
# of episode :2800, reward : -45.2, episode length: 454
# of episode :2820, reward : 62.8, episode length: 1000
# of episode :2840, reward : 80.5, episode length: 1000
# of episode :2860, reward : 33.1, episode length: 1000
# of episode :2880, reward : 51.5, episode length: 1000
# of episode :2900, reward : -30.8, episode length: 303
# of episode :2920, reward : 102.2, episode length: 1000
# of episode :2940, reward : 76.4, episode length: 1000
# of episode :2960, reward : 54.6, episode length: 1000
# of episode :2980, reward : 82.9, episode length: 1000
# of episode :3000, reward : 45.0, episode length: 1000
# of episode :3020, reward : 93.3, episode length: 1000
# of episode :3040, reward : 77.7, episode length: 1000
# of episode :3060, reward : 105.8, episode length: 1000
# of episode :3080, reward : 99.1, episode length: 1000
# of episode :3100, reward : 102.7, episode length: 1000
# of episode :3120, reward : 78.2, episode length: 1000
# of episode :3140, reward : 67.5, episode length: 1000
# of episode :3160, reward : 70.8, episode length: 1000
# of episode :3180, reward : 72.1, episode length: 1000
# of episode :3200, reward : 38.5, episode length: 1000
# of episode :3220, reward : 64.7, episode length: 1000
# of episode :3240, reward : -34.3, episode length: 319
# of episode :3260, reward : 80.5, episode length: 1000
# of episode :3280, reward : 67.9, episode length: 1000
# of episode :3300, reward : 87.2, episode length: 1000
# of episode :3320, reward : -42.7, episode length: 434
# of episode :3340, reward : 103.4, episode length: 1000
# of episode :3360, reward : 85.4, episode length: 1000
# of episode :3380, reward : 49.9, episode length: 1000
# of episode :3400, reward : 68.7, episode length: 1000
# of episode :3420, reward : 81.7, episode length: 1000
# of episode :3440, reward : 73.0, episode length: 1000
# of episode :3460, reward : -71.8, episode length: 553
# of episode :3480, reward : 80.7, episode length: 1000
# of episode :3500, reward : -24.9, episode length: 321
# of episode :3520, reward : -34.1, episode length: 372
# of episode :3540, reward : 69.3, episode length: 1000
# of episode :3560, reward : 53.0, episode length: 1000
# of episode :3580, reward : 29.1, episode length: 1000
# of episode :3600, reward : -1.0, episode length: 1000
# of episode :3620, reward : 88.2, episode length: 1000
# of episode :3640, reward : 97.3, episode length: 1000
# of episode :3660, reward : -113.8, episode length: 618
# of episode :3680, reward : 103.2, episode length: 1000
# of episode :3700, reward : 90.1, episode length: 1000
# of episode :3720, reward : 79.8, episode length: 1000
# of episode :3740, reward : -62.7, episode length: 459
# of episode :3760, reward : 142.6, episode length: 1000
# of episode :3780, reward : 80.6, episode length: 1000
# of episode :3800, reward : -92.2, episode length: 751
# of episode :3820, reward : 48.6, episode length: 1000
# of episode :3840, reward : 83.0, episode length: 1000
# of episode :3860, reward : -85.9, episode length: 1000
# of episode :3880, reward : 151.2, episode length: 774
# of episode :3900, reward : -153.9, episode length: 848
# of episode :3920, reward : 40.6, episode length: 1000
# of episode :3940, reward : 48.2, episode length: 1000
# of episode :3960, reward : 67.0, episode length: 1000
# of episode :3980, reward : 42.6, episode length: 1000
# of episode :4000, reward : 69.2, episode length: 1000
# of episode :4020, reward : 19.5, episode length: 524
# of episode :4040, reward : -51.8, episode length: 432
# of episode :4060, reward : 97.4, episode length: 1000
# of episode :4080, reward : -19.5, episode length: 350
# of episode :4100, reward : 17.8, episode length: 1000
# of episode :4120, reward : 49.9, episode length: 1000
# of episode :4140, reward : 52.2, episode length: 1000
# of episode :4160, reward : 81.5, episode length: 1000
# of episode :4180, reward : 70.5, episode length: 1000
# of episode :4200, reward : 78.9, episode length: 1000
# of episode :4220, reward : 80.1, episode length: 1000
# of episode :4240, reward : -100.7, episode length: 731
# of episode :4260, reward : -36.3, episode length: 1000
# of episode :4280, reward : 132.0, episode length: 601
# of episode :4300, reward : 81.0, episode length: 1000
# of episode :4320, reward : 173.6, episode length: 961
# of episode :4340, reward : 139.3, episode length: 1000
# of episode :4360, reward : 52.1, episode length: 1000
# of episode :4380, reward : 194.6, episode length: 618
# of episode :4400, reward : -108.3, episode length: 712
# of episode :4420, reward : 86.2, episode length: 1000
# of episode :4440, reward : 96.4, episode length: 1000
# of episode :4460, reward : -6.1, episode length: 332
# of episode :4480, reward : 55.1, episode length: 1000
# of episode :4500, reward : 78.6, episode length: 1000
# of episode :4520, reward : 174.3, episode length: 636
# of episode :4540, reward : -37.8, episode length: 438
# of episode :4560, reward : 175.5, episode length: 747
# of episode :4580, reward : 85.0, episode length: 1000
# of episode :4600, reward : -89.3, episode length: 565
# of episode :4620, reward : 79.3, episode length: 1000
# of episode :4640, reward : 66.3, episode length: 1000
# of episode :4660, reward : 87.1, episode length: 1000
# of episode :4680, reward : -126.0, episode length: 908
# of episode :4700, reward : 91.4, episode length: 1000
# of episode :4720, reward : 99.6, episode length: 1000
# of episode :4740, reward : 125.2, episode length: 818
# of episode :4760, reward : 167.5, episode length: 535
# of episode :4780, reward : 47.2, episode length: 1000
# of episode :4800, reward : 154.3, episode length: 1000
# of episode :4820, reward : 97.3, episode length: 1000
# of episode :4840, reward : 87.6, episode length: 1000
# of episode :4860, reward : 97.2, episode length: 1000
# of episode :4880, reward : -41.0, episode length: 1000
# of episode :4900, reward : -13.5, episode length: 301
# of episode :4920, reward : 81.1, episode length: 1000
# of episode :4940, reward : 22.3, episode length: 1000
# of episode :4960, reward : -50.3, episode length: 538
# of episode :4980, reward : -12.7, episode length: 353
