compute002
2
/home/zihan/anaconda3/envs/exp/lib/python3.6/site-packages/gym/envs/registration.py:14: PkgResourcesDeprecationWarning: Parameters to load are deprecated.  Call .resolve and .require separately.
  result = entry_point.load(False)
8 4
# of episode :20, reward : -79.4, episode length: 121
# of episode :40, reward : -93.0, episode length: 94
# of episode :60, reward : -335.5, episode length: 87
# of episode :80, reward : -116.5, episode length: 101
# of episode :100, reward : -345.4, episode length: 104
# of episode :120, reward : -141.0, episode length: 117
# of episode :140, reward : -176.9, episode length: 133
# of episode :160, reward : -128.2, episode length: 103
# of episode :180, reward : -162.5, episode length: 69
# of episode :200, reward : -75.0, episode length: 118
# of episode :220, reward : -268.5, episode length: 98
# of episode :240, reward : -508.4, episode length: 123
# of episode :260, reward : -139.0, episode length: 81
# of episode :280, reward : -221.2, episode length: 105
# of episode :300, reward : -298.7, episode length: 83
# of episode :320, reward : -99.0, episode length: 81
# of episode :340, reward : -188.2, episode length: 79
# of episode :360, reward : -308.5, episode length: 90
# of episode :380, reward : -121.4, episode length: 80
# of episode :400, reward : -369.3, episode length: 132
# of episode :420, reward : -99.0, episode length: 121
# of episode :440, reward : -98.4, episode length: 70
# of episode :460, reward : -98.6, episode length: 104
# of episode :480, reward : -74.0, episode length: 81
# of episode :500, reward : -79.8, episode length: 122
# of episode :520, reward : -97.1, episode length: 80
# of episode :540, reward : 4.7, episode length: 168
# of episode :560, reward : -213.0, episode length: 101
# of episode :580, reward : -109.6, episode length: 162
# of episode :600, reward : -66.9, episode length: 73
# of episode :620, reward : -113.3, episode length: 123
# of episode :640, reward : -86.7, episode length: 154
# of episode :660, reward : -27.7, episode length: 187
# of episode :680, reward : -164.2, episode length: 130
# of episode :700, reward : -386.4, episode length: 155
# of episode :720, reward : -108.6, episode length: 152
# of episode :740, reward : -95.7, episode length: 143
# of episode :760, reward : -126.2, episode length: 148
# of episode :780, reward : -315.1, episode length: 121
# of episode :800, reward : -226.6, episode length: 97
# of episode :820, reward : -210.8, episode length: 154
# of episode :840, reward : -68.6, episode length: 112
# of episode :860, reward : -10.0, episode length: 94
# of episode :880, reward : -102.6, episode length: 91
# of episode :900, reward : -26.7, episode length: 135
# of episode :920, reward : -111.4, episode length: 157
# of episode :940, reward : -100.8, episode length: 114
# of episode :960, reward : -254.3, episode length: 179
# of episode :980, reward : -101.6, episode length: 196
# of episode :1000, reward : -110.9, episode length: 268
# of episode :1020, reward : -197.4, episode length: 127
# of episode :1040, reward : -85.9, episode length: 157
# of episode :1060, reward : -89.4, episode length: 142
# of episode :1080, reward : -34.0, episode length: 77
# of episode :1100, reward : -62.0, episode length: 235
# of episode :1120, reward : -32.5, episode length: 198
# of episode :1140, reward : -34.7, episode length: 167
# of episode :1160, reward : -127.9, episode length: 154
# of episode :1180, reward : -35.4, episode length: 158
# of episode :1200, reward : -182.9, episode length: 124
# of episode :1220, reward : -51.4, episode length: 162
# of episode :1240, reward : -63.1, episode length: 219
# of episode :1260, reward : -106.9, episode length: 201
# of episode :1280, reward : -50.1, episode length: 82
# of episode :1300, reward : -9.4, episode length: 135
# of episode :1320, reward : -58.0, episode length: 148
# of episode :1340, reward : 37.9, episode length: 1000
# of episode :1360, reward : -202.0, episode length: 195
# of episode :1380, reward : -92.1, episode length: 242
# of episode :1400, reward : -40.2, episode length: 198
# of episode :1420, reward : -265.2, episode length: 301
# of episode :1440, reward : 16.3, episode length: 127
# of episode :1460, reward : -52.5, episode length: 181
# of episode :1480, reward : -161.4, episode length: 104
# of episode :1500, reward : -0.1, episode length: 112
# of episode :1520, reward : 29.0, episode length: 1000
# of episode :1540, reward : -32.3, episode length: 206
# of episode :1560, reward : -259.3, episode length: 394
# of episode :1580, reward : 2.5, episode length: 232
# of episode :1600, reward : -54.9, episode length: 95
# of episode :1620, reward : -41.7, episode length: 146
# of episode :1640, reward : 17.7, episode length: 144
# of episode :1660, reward : -26.0, episode length: 1000
# of episode :1680, reward : -28.8, episode length: 209
# of episode :1700, reward : -162.6, episode length: 208
# of episode :1720, reward : -15.5, episode length: 1000
# of episode :1740, reward : -35.3, episode length: 196
# of episode :1760, reward : 11.3, episode length: 1000
# of episode :1780, reward : 40.3, episode length: 194
# of episode :1800, reward : -48.7, episode length: 223
# of episode :1820, reward : -44.8, episode length: 1000
# of episode :1840, reward : -108.6, episode length: 238
# of episode :1860, reward : -61.5, episode length: 210
# of episode :1880, reward : -160.9, episode length: 968
# of episode :1900, reward : -276.9, episode length: 678
# of episode :1920, reward : 38.5, episode length: 165
# of episode :1940, reward : 0.2, episode length: 201
# of episode :1960, reward : -1.6, episode length: 1000
# of episode :1980, reward : -4.5, episode length: 1000
# of episode :2000, reward : -56.2, episode length: 1000
# of episode :2020, reward : 33.3, episode length: 1000
# of episode :2040, reward : -23.9, episode length: 263
# of episode :2060, reward : -191.7, episode length: 377
# of episode :2080, reward : -6.0, episode length: 1000
# of episode :2100, reward : -40.7, episode length: 191
# of episode :2120, reward : -19.8, episode length: 182
# of episode :2140, reward : 9.2, episode length: 1000
# of episode :2160, reward : -63.7, episode length: 1000
# of episode :2180, reward : -13.2, episode length: 1000
# of episode :2200, reward : 37.6, episode length: 184
# of episode :2220, reward : -15.3, episode length: 211
# of episode :2240, reward : -76.7, episode length: 1000
# of episode :2260, reward : -24.2, episode length: 1000
# of episode :2280, reward : 19.7, episode length: 136
# of episode :2300, reward : 4.2, episode length: 380
# of episode :2320, reward : 31.4, episode length: 1000
# of episode :2340, reward : -69.7, episode length: 336
# of episode :2360, reward : -5.9, episode length: 237
# of episode :2380, reward : 9.7, episode length: 1000
# of episode :2400, reward : -99.6, episode length: 1000
# of episode :2420, reward : 3.0, episode length: 1000
# of episode :2440, reward : 34.6, episode length: 1000
# of episode :2460, reward : -5.1, episode length: 1000
# of episode :2480, reward : -17.2, episode length: 226
# of episode :2500, reward : -21.6, episode length: 1000
# of episode :2520, reward : -37.3, episode length: 1000
# of episode :2540, reward : 24.2, episode length: 1000
# of episode :2560, reward : 48.1, episode length: 1000
# of episode :2580, reward : -13.4, episode length: 1000
# of episode :2600, reward : -24.8, episode length: 234
# of episode :2620, reward : 16.5, episode length: 1000
# of episode :2640, reward : 23.5, episode length: 1000
# of episode :2660, reward : -68.6, episode length: 288
# of episode :2680, reward : -1.7, episode length: 1000
# of episode :2700, reward : -8.8, episode length: 198
# of episode :2720, reward : 39.3, episode length: 1000
# of episode :2740, reward : 29.2, episode length: 263
# of episode :2760, reward : 34.6, episode length: 1000
# of episode :2780, reward : -3.4, episode length: 133
# of episode :2800, reward : 72.2, episode length: 1000
# of episode :2820, reward : 45.7, episode length: 1000
# of episode :2840, reward : 96.6, episode length: 1000
# of episode :2860, reward : 2.9, episode length: 202
# of episode :2880, reward : 49.6, episode length: 1000
# of episode :2900, reward : 48.6, episode length: 1000
# of episode :2920, reward : -19.3, episode length: 265
# of episode :2940, reward : -12.8, episode length: 1000
# of episode :2960, reward : -78.4, episode length: 383
# of episode :2980, reward : -12.9, episode length: 1000
# of episode :3000, reward : 109.9, episode length: 1000
# of episode :3020, reward : 88.1, episode length: 1000
# of episode :3040, reward : 69.2, episode length: 1000
# of episode :3060, reward : 78.5, episode length: 1000
# of episode :3080, reward : 66.9, episode length: 1000
# of episode :3100, reward : 53.0, episode length: 1000
# of episode :3120, reward : 104.2, episode length: 1000
# of episode :3140, reward : 25.4, episode length: 203
# of episode :3160, reward : 79.2, episode length: 1000
# of episode :3180, reward : 41.0, episode length: 281
# of episode :3200, reward : 71.7, episode length: 1000
# of episode :3220, reward : 68.9, episode length: 1000
# of episode :3240, reward : -20.2, episode length: 388
# of episode :3260, reward : 96.5, episode length: 1000
# of episode :3280, reward : 107.6, episode length: 1000
# of episode :3300, reward : 112.3, episode length: 1000
# of episode :3320, reward : 91.9, episode length: 1000
# of episode :3340, reward : -57.9, episode length: 485
# of episode :3360, reward : 48.0, episode length: 1000
# of episode :3380, reward : -31.6, episode length: 491
# of episode :3400, reward : 69.1, episode length: 1000
# of episode :3420, reward : 66.9, episode length: 1000
# of episode :3440, reward : 11.9, episode length: 302
# of episode :3460, reward : 112.4, episode length: 1000
# of episode :3480, reward : 45.3, episode length: 1000
# of episode :3500, reward : 80.5, episode length: 1000
# of episode :3520, reward : 90.0, episode length: 1000
# of episode :3540, reward : -12.2, episode length: 318
# of episode :3560, reward : 90.0, episode length: 1000
# of episode :3580, reward : -11.8, episode length: 377
# of episode :3600, reward : 139.5, episode length: 1000
# of episode :3620, reward : 66.6, episode length: 1000
# of episode :3640, reward : 118.0, episode length: 1000
# of episode :3660, reward : 81.9, episode length: 1000
# of episode :3680, reward : 108.1, episode length: 1000
# of episode :3700, reward : 74.7, episode length: 1000
# of episode :3720, reward : 65.7, episode length: 1000
# of episode :3740, reward : 118.2, episode length: 1000
# of episode :3760, reward : 138.0, episode length: 1000
# of episode :3780, reward : 165.8, episode length: 484
# of episode :3800, reward : 130.9, episode length: 1000
# of episode :3820, reward : 94.8, episode length: 1000
# of episode :3840, reward : -9.0, episode length: 340
# of episode :3860, reward : 36.5, episode length: 1000
# of episode :3880, reward : -10.4, episode length: 275
# of episode :3900, reward : 85.6, episode length: 1000
# of episode :3920, reward : 108.9, episode length: 1000
# of episode :3940, reward : 46.6, episode length: 1000
# of episode :3960, reward : 46.4, episode length: 1000
# of episode :3980, reward : 24.7, episode length: 494
# of episode :4000, reward : 59.2, episode length: 1000
# of episode :4020, reward : 1.4, episode length: 250
# of episode :4040, reward : -4.3, episode length: 317
# of episode :4060, reward : 94.8, episode length: 1000
# of episode :4080, reward : 70.3, episode length: 1000
# of episode :4100, reward : 109.3, episode length: 1000
# of episode :4120, reward : 3.4, episode length: 266
# of episode :4140, reward : 115.8, episode length: 1000
# of episode :4160, reward : -6.9, episode length: 1000
# of episode :4180, reward : 147.2, episode length: 1000
# of episode :4200, reward : 36.8, episode length: 233
# of episode :4220, reward : 123.1, episode length: 1000
# of episode :4240, reward : 169.6, episode length: 1000
# of episode :4260, reward : 155.7, episode length: 638
# of episode :4280, reward : 61.7, episode length: 1000
# of episode :4300, reward : 80.9, episode length: 1000
# of episode :4320, reward : 29.6, episode length: 324
# of episode :4340, reward : 100.2, episode length: 1000
# of episode :4360, reward : 117.4, episode length: 1000
# of episode :4380, reward : 142.2, episode length: 1000
# of episode :4400, reward : 58.6, episode length: 1000
# of episode :4420, reward : 4.2, episode length: 361
# of episode :4440, reward : 111.6, episode length: 1000
# of episode :4460, reward : 114.4, episode length: 1000
# of episode :4480, reward : 113.6, episode length: 1000
# of episode :4500, reward : 85.4, episode length: 1000
# of episode :4520, reward : 70.0, episode length: 1000
# of episode :4540, reward : 92.2, episode length: 1000
# of episode :4560, reward : 132.4, episode length: 1000
# of episode :4580, reward : 191.9, episode length: 750
# of episode :4600, reward : 107.0, episode length: 1000
# of episode :4620, reward : 59.9, episode length: 1000
# of episode :4640, reward : 113.7, episode length: 1000
# of episode :4660, reward : 70.0, episode length: 1000
# of episode :4680, reward : 97.7, episode length: 1000
# of episode :4700, reward : 129.8, episode length: 1000
# of episode :4720, reward : 117.5, episode length: 1000
# of episode :4740, reward : 91.9, episode length: 1000
# of episode :4760, reward : 132.4, episode length: 1000
# of episode :4780, reward : 91.3, episode length: 1000
# of episode :4800, reward : 131.6, episode length: 1000
# of episode :4820, reward : 67.1, episode length: 1000
# of episode :4840, reward : 111.1, episode length: 1000
# of episode :4860, reward : 107.4, episode length: 1000
# of episode :4880, reward : 135.0, episode length: 1000
# of episode :4900, reward : 118.4, episode length: 1000
# of episode :4920, reward : 141.0, episode length: 1000
# of episode :4940, reward : 110.8, episode length: 1000
# of episode :4960, reward : 94.4, episode length: 1000
# of episode :4980, reward : 32.8, episode length: 686
