compute008
5
/home/zihan/anaconda3/envs/exp/lib/python3.6/site-packages/tensorboard/compat/tensorflow_stub/dtypes.py:541: FutureWarning: Passing (type, 1) or '1type' as a synonym of type is deprecated; in a future version of numpy, it will be understood as (type, (1,)) / '(1,)type'.
  _np_qint8 = np.dtype([("qint8", np.int8, 1)])
/home/zihan/anaconda3/envs/exp/lib/python3.6/site-packages/tensorboard/compat/tensorflow_stub/dtypes.py:542: FutureWarning: Passing (type, 1) or '1type' as a synonym of type is deprecated; in a future version of numpy, it will be understood as (type, (1,)) / '(1,)type'.
  _np_quint8 = np.dtype([("quint8", np.uint8, 1)])
/home/zihan/anaconda3/envs/exp/lib/python3.6/site-packages/tensorboard/compat/tensorflow_stub/dtypes.py:543: FutureWarning: Passing (type, 1) or '1type' as a synonym of type is deprecated; in a future version of numpy, it will be understood as (type, (1,)) / '(1,)type'.
  _np_qint16 = np.dtype([("qint16", np.int16, 1)])
/home/zihan/anaconda3/envs/exp/lib/python3.6/site-packages/tensorboard/compat/tensorflow_stub/dtypes.py:544: FutureWarning: Passing (type, 1) or '1type' as a synonym of type is deprecated; in a future version of numpy, it will be understood as (type, (1,)) / '(1,)type'.
  _np_quint16 = np.dtype([("quint16", np.uint16, 1)])
/home/zihan/anaconda3/envs/exp/lib/python3.6/site-packages/tensorboard/compat/tensorflow_stub/dtypes.py:545: FutureWarning: Passing (type, 1) or '1type' as a synonym of type is deprecated; in a future version of numpy, it will be understood as (type, (1,)) / '(1,)type'.
  _np_qint32 = np.dtype([("qint32", np.int32, 1)])
/home/zihan/anaconda3/envs/exp/lib/python3.6/site-packages/tensorboard/compat/tensorflow_stub/dtypes.py:550: FutureWarning: Passing (type, 1) or '1type' as a synonym of type is deprecated; in a future version of numpy, it will be understood as (type, (1,)) / '(1,)type'.
  np_resource = np.dtype([("resource", np.ubyte, 1)])
Epoch: 01 | Batch: 000 | CrossEntropy-loss: 0.71371 | Correct: 609/1280
Epoch: 01 | Batch: 100 | CrossEntropy-loss: 0.68812 | Correct: 621/1280
Epoch: 01 | Batch: 200 | CrossEntropy-loss: 0.67563 | Correct: 650/1280
Epoch: 01 | Batch: 300 | CrossEntropy-loss: 0.66134 | Correct: 676/1280
Epoch: 01 | Batch: 400 | CrossEntropy-loss: 0.64795 | Correct: 847/1280
Epoch: 01 | Batch: 500 | CrossEntropy-loss: 0.63026 | Correct: 911/1280
Epoch: 01 | Batch: 600 | CrossEntropy-loss: 0.61374 | Correct: 902/1280
Epoch: 01 | Batch: 700 | CrossEntropy-loss: 0.59726 | Correct: 919/1280
Epoch: 01 | Batch: 800 | CrossEntropy-loss: 0.57718 | Correct: 918/1280
Epoch: 01 | Batch: 900 | CrossEntropy-loss: 0.56382 | Correct: 912/1280
Epoch: 01 | Batch: 1000 | CrossEntropy-loss: 0.54524 | Correct: 964/1280
Epoch: 01 | Batch: 1100 | CrossEntropy-loss: 0.52767 | Correct: 956/1280
Epoch: 01 | Batch: 1200 | CrossEntropy-loss: 0.53209 | Correct: 931/1280
Epoch: 01 | Batch: 1300 | CrossEntropy-loss: 0.51527 | Correct: 953/1280
Epoch: 01 | Batch: 1400 | CrossEntropy-loss: 0.50238 | Correct: 982/1280
Epoch: 01 | Batch: 1500 | CrossEntropy-loss: 0.51089 | Correct: 930/1280
Epoch: 01 | Batch: 1600 | CrossEntropy-loss: 0.47997 | Correct: 954/1280
Epoch: 01 | Batch: 1700 | CrossEntropy-loss: 0.47215 | Correct: 991/1280
Epoch: 01 | Batch: 1800 | CrossEntropy-loss: 0.45878 | Correct: 982/1280
Epoch: 01 | Batch: 1900 | CrossEntropy-loss: 0.45850 | Correct: 967/1280
Epoch: 01 | Batch: 2000 | CrossEntropy-loss: 0.46898 | Correct: 946/1280
Epoch: 01 | Batch: 2100 | CrossEntropy-loss: 0.45513 | Correct: 981/1280
Epoch: 01 | Batch: 2200 | CrossEntropy-loss: 0.44019 | Correct: 965/1280
Epoch: 01 | Batch: 2300 | CrossEntropy-loss: 0.44124 | Correct: 977/1280
Epoch: 01 | Batch: 2400 | CrossEntropy-loss: 0.42451 | Correct: 991/1280
Epoch: 01 | Batch: 2500 | CrossEntropy-loss: 0.42784 | Correct: 965/1280
Epoch: 01 | Batch: 2600 | CrossEntropy-loss: 0.42010 | Correct: 973/1280
Epoch: 01 | Batch: 2700 | CrossEntropy-loss: 0.41760 | Correct: 980/1280
Epoch: 01 | Batch: 2800 | CrossEntropy-loss: 0.40754 | Correct: 981/1280
Epoch: 01 | Batch: 2900 | CrossEntropy-loss: 0.39993 | Correct: 1012/1280
Epoch: 01 | Batch: 3000 | CrossEntropy-loss: 0.41562 | Correct: 1002/1280

Epoch: 01 | Testing Accuracy: 762058/990020 (76.974%) | Historical Best: 76.974% 

Epoch: 02 | Batch: 000 | CrossEntropy-loss: 0.40228 | Correct: 969/1280
Epoch: 02 | Batch: 100 | CrossEntropy-loss: 0.39484 | Correct: 990/1280
Epoch: 02 | Batch: 200 | CrossEntropy-loss: 0.39432 | Correct: 993/1280
Epoch: 02 | Batch: 300 | CrossEntropy-loss: 0.38654 | Correct: 1038/1280
Epoch: 02 | Batch: 400 | CrossEntropy-loss: 0.38171 | Correct: 1017/1280
Epoch: 02 | Batch: 500 | CrossEntropy-loss: 0.39481 | Correct: 978/1280
Epoch: 02 | Batch: 600 | CrossEntropy-loss: 0.38689 | Correct: 978/1280
Epoch: 02 | Batch: 700 | CrossEntropy-loss: 0.38501 | Correct: 1004/1280
Epoch: 02 | Batch: 800 | CrossEntropy-loss: 0.36600 | Correct: 1022/1280
Epoch: 02 | Batch: 900 | CrossEntropy-loss: 0.37565 | Correct: 998/1280
Epoch: 02 | Batch: 1000 | CrossEntropy-loss: 0.37382 | Correct: 1005/1280
Epoch: 02 | Batch: 1100 | CrossEntropy-loss: 0.37656 | Correct: 1009/1280
Epoch: 02 | Batch: 1200 | CrossEntropy-loss: 0.38289 | Correct: 990/1280
Epoch: 02 | Batch: 1300 | CrossEntropy-loss: 0.36910 | Correct: 996/1280
Epoch: 02 | Batch: 1400 | CrossEntropy-loss: 0.37150 | Correct: 1004/1280
Epoch: 02 | Batch: 1500 | CrossEntropy-loss: 0.35951 | Correct: 1023/1280
Epoch: 02 | Batch: 1600 | CrossEntropy-loss: 0.36496 | Correct: 1018/1280
Epoch: 02 | Batch: 1700 | CrossEntropy-loss: 0.36535 | Correct: 1014/1280
Epoch: 02 | Batch: 1800 | CrossEntropy-loss: 0.36754 | Correct: 987/1280
Epoch: 02 | Batch: 1900 | CrossEntropy-loss: 0.36925 | Correct: 1022/1280
Epoch: 02 | Batch: 2000 | CrossEntropy-loss: 0.36424 | Correct: 1007/1280
Epoch: 02 | Batch: 2100 | CrossEntropy-loss: 0.37604 | Correct: 1002/1280
Epoch: 02 | Batch: 2200 | CrossEntropy-loss: 0.36357 | Correct: 1015/1280
Epoch: 02 | Batch: 2300 | CrossEntropy-loss: 0.36481 | Correct: 1033/1280
Epoch: 02 | Batch: 2400 | CrossEntropy-loss: 0.36841 | Correct: 986/1280
Epoch: 02 | Batch: 2500 | CrossEntropy-loss: 0.34423 | Correct: 1007/1280
Epoch: 02 | Batch: 2600 | CrossEntropy-loss: 0.35443 | Correct: 1009/1280
Epoch: 02 | Batch: 2700 | CrossEntropy-loss: 0.36349 | Correct: 1014/1280
Epoch: 02 | Batch: 2800 | CrossEntropy-loss: 0.35659 | Correct: 1025/1280
Epoch: 02 | Batch: 2900 | CrossEntropy-loss: 0.35883 | Correct: 1018/1280
Epoch: 02 | Batch: 3000 | CrossEntropy-loss: 0.35718 | Correct: 1012/1280

Epoch: 02 | Testing Accuracy: 791800/990020 (79.978%) | Historical Best: 79.978% 

Epoch: 03 | Batch: 000 | CrossEntropy-loss: 0.36482 | Correct: 1006/1280
Epoch: 03 | Batch: 100 | CrossEntropy-loss: 0.35066 | Correct: 1021/1280
Epoch: 03 | Batch: 200 | CrossEntropy-loss: 0.34380 | Correct: 1019/1280
Epoch: 03 | Batch: 300 | CrossEntropy-loss: 0.34532 | Correct: 1041/1280
Epoch: 03 | Batch: 400 | CrossEntropy-loss: 0.33998 | Correct: 1038/1280
Epoch: 03 | Batch: 500 | CrossEntropy-loss: 0.33466 | Correct: 1024/1280
Epoch: 03 | Batch: 600 | CrossEntropy-loss: 0.35751 | Correct: 982/1280
Epoch: 03 | Batch: 700 | CrossEntropy-loss: 0.35383 | Correct: 1029/1280
Epoch: 03 | Batch: 800 | CrossEntropy-loss: 0.35139 | Correct: 1027/1280
Epoch: 03 | Batch: 900 | CrossEntropy-loss: 0.36588 | Correct: 999/1280
Epoch: 03 | Batch: 1000 | CrossEntropy-loss: 0.34450 | Correct: 1021/1280
Epoch: 03 | Batch: 1100 | CrossEntropy-loss: 0.33980 | Correct: 1030/1280
Epoch: 03 | Batch: 1200 | CrossEntropy-loss: 0.34811 | Correct: 1014/1280
Epoch: 03 | Batch: 1300 | CrossEntropy-loss: 0.37499 | Correct: 997/1280
Epoch: 03 | Batch: 1400 | CrossEntropy-loss: 0.33728 | Correct: 1019/1280
Epoch: 03 | Batch: 1500 | CrossEntropy-loss: 0.33920 | Correct: 1015/1280
Epoch: 03 | Batch: 1600 | CrossEntropy-loss: 0.33993 | Correct: 1022/1280
Epoch: 03 | Batch: 1700 | CrossEntropy-loss: 0.34890 | Correct: 1018/1280
Epoch: 03 | Batch: 1800 | CrossEntropy-loss: 0.34675 | Correct: 1001/1280
Epoch: 03 | Batch: 1900 | CrossEntropy-loss: 0.35632 | Correct: 996/1280
Epoch: 03 | Batch: 2000 | CrossEntropy-loss: 0.34235 | Correct: 996/1280
Epoch: 03 | Batch: 2100 | CrossEntropy-loss: 0.34801 | Correct: 996/1280
Epoch: 03 | Batch: 2200 | CrossEntropy-loss: 0.34744 | Correct: 1003/1280
Epoch: 03 | Batch: 2300 | CrossEntropy-loss: 0.35282 | Correct: 997/1280
Epoch: 03 | Batch: 2400 | CrossEntropy-loss: 0.33287 | Correct: 1003/1280
Epoch: 03 | Batch: 2500 | CrossEntropy-loss: 0.33709 | Correct: 985/1280
Epoch: 03 | Batch: 2600 | CrossEntropy-loss: 0.34826 | Correct: 993/1280
Epoch: 03 | Batch: 2700 | CrossEntropy-loss: 0.34604 | Correct: 998/1280
Epoch: 03 | Batch: 2800 | CrossEntropy-loss: 0.34376 | Correct: 999/1280
Epoch: 03 | Batch: 2900 | CrossEntropy-loss: 0.34143 | Correct: 1001/1280
Epoch: 03 | Batch: 3000 | CrossEntropy-loss: 0.34835 | Correct: 982/1280

Epoch: 03 | Testing Accuracy: 771600/990020 (77.938%) | Historical Best: 79.978% 

Epoch: 04 | Batch: 000 | CrossEntropy-loss: 0.36524 | Correct: 971/1280
Epoch: 04 | Batch: 100 | CrossEntropy-loss: 0.33574 | Correct: 996/1280
Epoch: 04 | Batch: 200 | CrossEntropy-loss: 0.33617 | Correct: 1010/1280
Epoch: 04 | Batch: 300 | CrossEntropy-loss: 0.32234 | Correct: 996/1280
Epoch: 04 | Batch: 400 | CrossEntropy-loss: 0.34360 | Correct: 994/1280
Epoch: 04 | Batch: 500 | CrossEntropy-loss: 0.31542 | Correct: 1000/1280
Epoch: 04 | Batch: 600 | CrossEntropy-loss: 0.34237 | Correct: 953/1280
Epoch: 04 | Batch: 700 | CrossEntropy-loss: 0.33127 | Correct: 1019/1280
Epoch: 04 | Batch: 800 | CrossEntropy-loss: 0.32723 | Correct: 1020/1280
Epoch: 04 | Batch: 900 | CrossEntropy-loss: 0.33948 | Correct: 954/1280
Epoch: 04 | Batch: 1000 | CrossEntropy-loss: 0.33157 | Correct: 988/1280
Epoch: 04 | Batch: 1100 | CrossEntropy-loss: 0.30808 | Correct: 1014/1280
Epoch: 04 | Batch: 1200 | CrossEntropy-loss: 0.34180 | Correct: 998/1280
Epoch: 04 | Batch: 1300 | CrossEntropy-loss: 0.33995 | Correct: 998/1280
Epoch: 04 | Batch: 1400 | CrossEntropy-loss: 0.32759 | Correct: 992/1280
Epoch: 04 | Batch: 1500 | CrossEntropy-loss: 0.34019 | Correct: 987/1280
Epoch: 04 | Batch: 1600 | CrossEntropy-loss: 0.32827 | Correct: 988/1280
Epoch: 04 | Batch: 1700 | CrossEntropy-loss: 0.32662 | Correct: 1008/1280
Epoch: 04 | Batch: 1800 | CrossEntropy-loss: 0.33621 | Correct: 980/1280
Epoch: 04 | Batch: 1900 | CrossEntropy-loss: 0.32452 | Correct: 995/1280
Epoch: 04 | Batch: 2000 | CrossEntropy-loss: 0.33738 | Correct: 990/1280
Epoch: 04 | Batch: 2100 | CrossEntropy-loss: 0.34362 | Correct: 991/1280
Epoch: 04 | Batch: 2200 | CrossEntropy-loss: 0.34067 | Correct: 977/1280
Epoch: 04 | Batch: 2300 | CrossEntropy-loss: 0.33659 | Correct: 998/1280
Epoch: 04 | Batch: 2400 | CrossEntropy-loss: 0.32561 | Correct: 1007/1280
Epoch: 04 | Batch: 2500 | CrossEntropy-loss: 0.31299 | Correct: 1008/1280
Epoch: 04 | Batch: 2600 | CrossEntropy-loss: 0.32091 | Correct: 983/1280
Epoch: 04 | Batch: 2700 | CrossEntropy-loss: 0.32844 | Correct: 996/1280
Epoch: 04 | Batch: 2800 | CrossEntropy-loss: 0.33495 | Correct: 1001/1280
Epoch: 04 | Batch: 2900 | CrossEntropy-loss: 0.32446 | Correct: 994/1280
Epoch: 04 | Batch: 3000 | CrossEntropy-loss: 0.33186 | Correct: 1001/1280

Epoch: 04 | Testing Accuracy: 770179/990020 (77.794%) | Historical Best: 79.978% 

Epoch: 05 | Batch: 000 | CrossEntropy-loss: 0.30776 | Correct: 1023/1280
Epoch: 05 | Batch: 100 | CrossEntropy-loss: 0.33085 | Correct: 991/1280
Epoch: 05 | Batch: 200 | CrossEntropy-loss: 0.33797 | Correct: 996/1280
Epoch: 05 | Batch: 300 | CrossEntropy-loss: 0.33173 | Correct: 973/1280
Epoch: 05 | Batch: 400 | CrossEntropy-loss: 0.31292 | Correct: 999/1280
Epoch: 05 | Batch: 500 | CrossEntropy-loss: 0.32257 | Correct: 992/1280
Epoch: 05 | Batch: 600 | CrossEntropy-loss: 0.32334 | Correct: 982/1280
Epoch: 05 | Batch: 700 | CrossEntropy-loss: 0.31930 | Correct: 1008/1280
Epoch: 05 | Batch: 800 | CrossEntropy-loss: 0.31038 | Correct: 997/1280
Epoch: 05 | Batch: 900 | CrossEntropy-loss: 0.32745 | Correct: 988/1280
Epoch: 05 | Batch: 1000 | CrossEntropy-loss: 0.30602 | Correct: 1021/1280
Epoch: 05 | Batch: 1100 | CrossEntropy-loss: 0.31763 | Correct: 1002/1280
Epoch: 05 | Batch: 1200 | CrossEntropy-loss: 0.31785 | Correct: 1004/1280
Epoch: 05 | Batch: 1300 | CrossEntropy-loss: 0.33444 | Correct: 1003/1280
Epoch: 05 | Batch: 1400 | CrossEntropy-loss: 0.31542 | Correct: 1011/1280
Epoch: 05 | Batch: 1500 | CrossEntropy-loss: 0.30804 | Correct: 1019/1280
Epoch: 05 | Batch: 1600 | CrossEntropy-loss: 0.33683 | Correct: 992/1280
Epoch: 05 | Batch: 1700 | CrossEntropy-loss: 0.31277 | Correct: 1013/1280
Epoch: 05 | Batch: 1800 | CrossEntropy-loss: 0.32425 | Correct: 1021/1280
Epoch: 05 | Batch: 1900 | CrossEntropy-loss: 0.31435 | Correct: 1028/1280
Epoch: 05 | Batch: 2000 | CrossEntropy-loss: 0.33737 | Correct: 1001/1280
Epoch: 05 | Batch: 2100 | CrossEntropy-loss: 0.31551 | Correct: 1035/1280
Epoch: 05 | Batch: 2200 | CrossEntropy-loss: 0.30350 | Correct: 1071/1280
Epoch: 05 | Batch: 2300 | CrossEntropy-loss: 0.33039 | Correct: 1060/1280
Epoch: 05 | Batch: 2400 | CrossEntropy-loss: 0.31736 | Correct: 1055/1280
Epoch: 05 | Batch: 2500 | CrossEntropy-loss: 0.32315 | Correct: 1071/1280
Epoch: 05 | Batch: 2600 | CrossEntropy-loss: 0.29919 | Correct: 1108/1280
Epoch: 05 | Batch: 2700 | CrossEntropy-loss: 0.30308 | Correct: 1116/1280
Epoch: 05 | Batch: 2800 | CrossEntropy-loss: 0.32456 | Correct: 1115/1280
Epoch: 05 | Batch: 2900 | CrossEntropy-loss: 0.32452 | Correct: 1109/1280
Epoch: 05 | Batch: 3000 | CrossEntropy-loss: 0.31343 | Correct: 1121/1280

Epoch: 05 | Testing Accuracy: 863966/990020 (87.268%) | Historical Best: 87.268% 

Epoch: 06 | Batch: 000 | CrossEntropy-loss: 0.29999 | Correct: 1131/1280
Epoch: 06 | Batch: 100 | CrossEntropy-loss: 0.31129 | Correct: 1137/1280
Epoch: 06 | Batch: 200 | CrossEntropy-loss: 0.33677 | Correct: 1112/1280
Epoch: 06 | Batch: 300 | CrossEntropy-loss: 0.32021 | Correct: 1125/1280
Epoch: 06 | Batch: 400 | CrossEntropy-loss: 0.30438 | Correct: 1138/1280
Epoch: 06 | Batch: 500 | CrossEntropy-loss: 0.30604 | Correct: 1125/1280
Epoch: 06 | Batch: 600 | CrossEntropy-loss: 0.32038 | Correct: 1117/1280
Epoch: 06 | Batch: 700 | CrossEntropy-loss: 0.32451 | Correct: 1088/1280
Epoch: 06 | Batch: 800 | CrossEntropy-loss: 0.31581 | Correct: 1115/1280
Epoch: 06 | Batch: 900 | CrossEntropy-loss: 0.31050 | Correct: 1094/1280
Epoch: 06 | Batch: 1000 | CrossEntropy-loss: 0.33198 | Correct: 1094/1280
Epoch: 06 | Batch: 1100 | CrossEntropy-loss: 0.31131 | Correct: 1095/1280
Epoch: 06 | Batch: 1200 | CrossEntropy-loss: 0.30420 | Correct: 1075/1280
Epoch: 06 | Batch: 1300 | CrossEntropy-loss: 0.30181 | Correct: 1047/1280
Epoch: 06 | Batch: 1400 | CrossEntropy-loss: 0.29615 | Correct: 1077/1280
Epoch: 06 | Batch: 1500 | CrossEntropy-loss: 0.32536 | Correct: 1028/1280
Epoch: 06 | Batch: 1600 | CrossEntropy-loss: 0.30143 | Correct: 1041/1280
Epoch: 06 | Batch: 1700 | CrossEntropy-loss: 0.30137 | Correct: 1037/1280
Epoch: 06 | Batch: 1800 | CrossEntropy-loss: 0.30059 | Correct: 1053/1280
Epoch: 06 | Batch: 1900 | CrossEntropy-loss: 0.30941 | Correct: 1044/1280
Epoch: 06 | Batch: 2000 | CrossEntropy-loss: 0.31005 | Correct: 1032/1280
Epoch: 06 | Batch: 2100 | CrossEntropy-loss: 0.31167 | Correct: 1005/1280
Epoch: 06 | Batch: 2200 | CrossEntropy-loss: 0.30553 | Correct: 1038/1280
Epoch: 06 | Batch: 2300 | CrossEntropy-loss: 0.30743 | Correct: 1029/1280
Epoch: 06 | Batch: 2400 | CrossEntropy-loss: 0.30896 | Correct: 1034/1280
Epoch: 06 | Batch: 2500 | CrossEntropy-loss: 0.30234 | Correct: 1036/1280
Epoch: 06 | Batch: 2600 | CrossEntropy-loss: 0.30313 | Correct: 1009/1280
Epoch: 06 | Batch: 2700 | CrossEntropy-loss: 0.30027 | Correct: 1050/1280
Epoch: 06 | Batch: 2800 | CrossEntropy-loss: 0.31773 | Correct: 1014/1280
Epoch: 06 | Batch: 2900 | CrossEntropy-loss: 0.30654 | Correct: 1010/1280
Epoch: 06 | Batch: 3000 | CrossEntropy-loss: 0.30421 | Correct: 1009/1280

Epoch: 06 | Testing Accuracy: 786577/990020 (79.451%) | Historical Best: 87.268% 

Epoch: 07 | Batch: 000 | CrossEntropy-loss: 0.29560 | Correct: 1025/1280
Epoch: 07 | Batch: 100 | CrossEntropy-loss: 0.29766 | Correct: 1035/1280
Epoch: 07 | Batch: 200 | CrossEntropy-loss: 0.30109 | Correct: 1018/1280
Epoch: 07 | Batch: 300 | CrossEntropy-loss: 0.30527 | Correct: 1015/1280
Epoch: 07 | Batch: 400 | CrossEntropy-loss: 0.28790 | Correct: 1042/1280
Epoch: 07 | Batch: 500 | CrossEntropy-loss: 0.30292 | Correct: 1029/1280
Epoch: 07 | Batch: 600 | CrossEntropy-loss: 0.30838 | Correct: 1013/1280
Epoch: 07 | Batch: 700 | CrossEntropy-loss: 0.30694 | Correct: 1013/1280
Epoch: 07 | Batch: 800 | CrossEntropy-loss: 0.31047 | Correct: 1012/1280
Epoch: 07 | Batch: 900 | CrossEntropy-loss: 0.30464 | Correct: 1019/1280
Epoch: 07 | Batch: 1000 | CrossEntropy-loss: 0.29943 | Correct: 1024/1280
Epoch: 07 | Batch: 1100 | CrossEntropy-loss: 0.30489 | Correct: 1029/1280
Epoch: 07 | Batch: 1200 | CrossEntropy-loss: 0.30667 | Correct: 1026/1280
Epoch: 07 | Batch: 1300 | CrossEntropy-loss: 0.30929 | Correct: 1001/1280
Epoch: 07 | Batch: 1400 | CrossEntropy-loss: 0.31112 | Correct: 1018/1280
Epoch: 07 | Batch: 1500 | CrossEntropy-loss: 0.30883 | Correct: 1033/1280
Epoch: 07 | Batch: 1600 | CrossEntropy-loss: 0.29644 | Correct: 1032/1280
Epoch: 07 | Batch: 1700 | CrossEntropy-loss: 0.30422 | Correct: 1011/1280
Epoch: 07 | Batch: 1800 | CrossEntropy-loss: 0.31740 | Correct: 996/1280
Epoch: 07 | Batch: 1900 | CrossEntropy-loss: 0.29270 | Correct: 1016/1280
Epoch: 07 | Batch: 2000 | CrossEntropy-loss: 0.30126 | Correct: 1019/1280
Epoch: 07 | Batch: 2100 | CrossEntropy-loss: 0.30570 | Correct: 1033/1280
Epoch: 07 | Batch: 2200 | CrossEntropy-loss: 0.29991 | Correct: 1024/1280
Epoch: 07 | Batch: 2300 | CrossEntropy-loss: 0.31188 | Correct: 1022/1280
Epoch: 07 | Batch: 2400 | CrossEntropy-loss: 0.31153 | Correct: 1017/1280
Epoch: 07 | Batch: 2500 | CrossEntropy-loss: 0.30549 | Correct: 1023/1280
Epoch: 07 | Batch: 2600 | CrossEntropy-loss: 0.30085 | Correct: 1029/1280
Epoch: 07 | Batch: 2700 | CrossEntropy-loss: 0.29547 | Correct: 1038/1280
Epoch: 07 | Batch: 2800 | CrossEntropy-loss: 0.30667 | Correct: 1032/1280
Epoch: 07 | Batch: 2900 | CrossEntropy-loss: 0.30200 | Correct: 1042/1280
Epoch: 07 | Batch: 3000 | CrossEntropy-loss: 0.31071 | Correct: 1004/1280

Epoch: 07 | Testing Accuracy: 791364/990020 (79.934%) | Historical Best: 87.268% 

Epoch: 08 | Batch: 000 | CrossEntropy-loss: 0.30959 | Correct: 1019/1280
Epoch: 08 | Batch: 100 | CrossEntropy-loss: 0.31502 | Correct: 994/1280
Epoch: 08 | Batch: 200 | CrossEntropy-loss: 0.30173 | Correct: 1020/1280
Epoch: 08 | Batch: 300 | CrossEntropy-loss: 0.30317 | Correct: 1017/1280
Epoch: 08 | Batch: 400 | CrossEntropy-loss: 0.30377 | Correct: 1023/1280
Epoch: 08 | Batch: 500 | CrossEntropy-loss: 0.29815 | Correct: 1013/1280
Epoch: 08 | Batch: 600 | CrossEntropy-loss: 0.29814 | Correct: 1018/1280
Epoch: 08 | Batch: 700 | CrossEntropy-loss: 0.30539 | Correct: 1018/1280
Epoch: 08 | Batch: 800 | CrossEntropy-loss: 0.29473 | Correct: 1032/1280
Epoch: 08 | Batch: 900 | CrossEntropy-loss: 0.30318 | Correct: 1029/1280
Epoch: 08 | Batch: 1000 | CrossEntropy-loss: 0.30068 | Correct: 1043/1280
Epoch: 08 | Batch: 1100 | CrossEntropy-loss: 0.29715 | Correct: 1024/1280
Epoch: 08 | Batch: 1200 | CrossEntropy-loss: 0.29243 | Correct: 1015/1280
Epoch: 08 | Batch: 1300 | CrossEntropy-loss: 0.30774 | Correct: 1032/1280
Epoch: 08 | Batch: 1400 | CrossEntropy-loss: 0.28923 | Correct: 1043/1280
Epoch: 08 | Batch: 1500 | CrossEntropy-loss: 0.29083 | Correct: 1075/1280
Epoch: 08 | Batch: 1600 | CrossEntropy-loss: 0.29739 | Correct: 1047/1280
Epoch: 08 | Batch: 1700 | CrossEntropy-loss: 0.29705 | Correct: 1028/1280
Epoch: 08 | Batch: 1800 | CrossEntropy-loss: 0.30109 | Correct: 1034/1280
Epoch: 08 | Batch: 1900 | CrossEntropy-loss: 0.29513 | Correct: 1059/1280
Epoch: 08 | Batch: 2000 | CrossEntropy-loss: 0.30403 | Correct: 1035/1280
Epoch: 08 | Batch: 2100 | CrossEntropy-loss: 0.28951 | Correct: 1051/1280
Epoch: 08 | Batch: 2200 | CrossEntropy-loss: 0.30371 | Correct: 1044/1280
Epoch: 08 | Batch: 2300 | CrossEntropy-loss: 0.29943 | Correct: 1038/1280
Epoch: 08 | Batch: 2400 | CrossEntropy-loss: 0.30938 | Correct: 1025/1280
Epoch: 08 | Batch: 2500 | CrossEntropy-loss: 0.29516 | Correct: 1043/1280
Epoch: 08 | Batch: 2600 | CrossEntropy-loss: 0.29516 | Correct: 1053/1280
Epoch: 08 | Batch: 2700 | CrossEntropy-loss: 0.29138 | Correct: 1049/1280
Epoch: 08 | Batch: 2800 | CrossEntropy-loss: 0.29854 | Correct: 1027/1280
Epoch: 08 | Batch: 2900 | CrossEntropy-loss: 0.30189 | Correct: 1034/1280
Epoch: 08 | Batch: 3000 | CrossEntropy-loss: 0.28953 | Correct: 1039/1280

Epoch: 08 | Testing Accuracy: 799680/990020 (80.774%) | Historical Best: 87.268% 

Epoch: 09 | Batch: 000 | CrossEntropy-loss: 0.29927 | Correct: 1037/1280
Epoch: 09 | Batch: 100 | CrossEntropy-loss: 0.31436 | Correct: 1016/1280
Epoch: 09 | Batch: 200 | CrossEntropy-loss: 0.30992 | Correct: 1027/1280
Epoch: 09 | Batch: 300 | CrossEntropy-loss: 0.30499 | Correct: 1052/1280
Epoch: 09 | Batch: 400 | CrossEntropy-loss: 0.30934 | Correct: 1034/1280
Epoch: 09 | Batch: 500 | CrossEntropy-loss: 0.31661 | Correct: 1023/1280
Epoch: 09 | Batch: 600 | CrossEntropy-loss: 0.29441 | Correct: 1034/1280
Epoch: 09 | Batch: 700 | CrossEntropy-loss: 0.29166 | Correct: 1044/1280
Epoch: 09 | Batch: 800 | CrossEntropy-loss: 0.29845 | Correct: 1044/1280
Epoch: 09 | Batch: 900 | CrossEntropy-loss: 0.28976 | Correct: 1038/1280
Epoch: 09 | Batch: 1000 | CrossEntropy-loss: 0.29269 | Correct: 1048/1280
Epoch: 09 | Batch: 1100 | CrossEntropy-loss: 0.30072 | Correct: 1046/1280
Epoch: 09 | Batch: 1200 | CrossEntropy-loss: 0.30101 | Correct: 1036/1280
Epoch: 09 | Batch: 1300 | CrossEntropy-loss: 0.28957 | Correct: 1034/1280
Epoch: 09 | Batch: 1400 | CrossEntropy-loss: 0.29506 | Correct: 1050/1280
Epoch: 09 | Batch: 1500 | CrossEntropy-loss: 0.29365 | Correct: 1032/1280
Epoch: 09 | Batch: 1600 | CrossEntropy-loss: 0.28780 | Correct: 1050/1280
Epoch: 09 | Batch: 1700 | CrossEntropy-loss: 0.30746 | Correct: 1029/1280
Epoch: 09 | Batch: 1800 | CrossEntropy-loss: 0.28021 | Correct: 1063/1280
Epoch: 09 | Batch: 1900 | CrossEntropy-loss: 0.28202 | Correct: 1054/1280
Epoch: 09 | Batch: 2000 | CrossEntropy-loss: 0.30029 | Correct: 1043/1280
Epoch: 09 | Batch: 2100 | CrossEntropy-loss: 0.29101 | Correct: 1032/1280
Epoch: 09 | Batch: 2200 | CrossEntropy-loss: 0.30518 | Correct: 1021/1280
Epoch: 09 | Batch: 2300 | CrossEntropy-loss: 0.28725 | Correct: 1062/1280
Epoch: 09 | Batch: 2400 | CrossEntropy-loss: 0.29978 | Correct: 1040/1280
Epoch: 09 | Batch: 2500 | CrossEntropy-loss: 0.32259 | Correct: 1024/1280
Epoch: 09 | Batch: 2600 | CrossEntropy-loss: 0.29982 | Correct: 1039/1280
Epoch: 09 | Batch: 2700 | CrossEntropy-loss: 0.28703 | Correct: 1056/1280
Epoch: 09 | Batch: 2800 | CrossEntropy-loss: 0.28445 | Correct: 1055/1280
Epoch: 09 | Batch: 2900 | CrossEntropy-loss: 0.28829 | Correct: 1054/1280
Epoch: 09 | Batch: 3000 | CrossEntropy-loss: 0.30911 | Correct: 1048/1280

Epoch: 09 | Testing Accuracy: 809672/990020 (81.783%) | Historical Best: 87.268% 

Epoch: 10 | Batch: 000 | CrossEntropy-loss: 0.29568 | Correct: 1033/1280
Epoch: 10 | Batch: 100 | CrossEntropy-loss: 0.28942 | Correct: 1049/1280
Epoch: 10 | Batch: 200 | CrossEntropy-loss: 0.28657 | Correct: 1059/1280
Epoch: 10 | Batch: 300 | CrossEntropy-loss: 0.29170 | Correct: 1067/1280
Epoch: 10 | Batch: 400 | CrossEntropy-loss: 0.30437 | Correct: 1036/1280
Epoch: 10 | Batch: 500 | CrossEntropy-loss: 0.29018 | Correct: 1044/1280
Epoch: 10 | Batch: 600 | CrossEntropy-loss: 0.30905 | Correct: 1029/1280
Epoch: 10 | Batch: 700 | CrossEntropy-loss: 0.29690 | Correct: 1055/1280
Epoch: 10 | Batch: 800 | CrossEntropy-loss: 0.27644 | Correct: 1075/1280
Epoch: 10 | Batch: 900 | CrossEntropy-loss: 0.30242 | Correct: 1046/1280
Epoch: 10 | Batch: 1000 | CrossEntropy-loss: 0.28425 | Correct: 1079/1280
Epoch: 10 | Batch: 1100 | CrossEntropy-loss: 0.30169 | Correct: 1051/1280
Epoch: 10 | Batch: 1200 | CrossEntropy-loss: 0.29634 | Correct: 1062/1280
Epoch: 10 | Batch: 1300 | CrossEntropy-loss: 0.28286 | Correct: 1048/1280
Epoch: 10 | Batch: 1400 | CrossEntropy-loss: 0.29268 | Correct: 1055/1280
Epoch: 10 | Batch: 1500 | CrossEntropy-loss: 0.31094 | Correct: 1060/1280
Epoch: 10 | Batch: 1600 | CrossEntropy-loss: 0.28849 | Correct: 1040/1280
Epoch: 10 | Batch: 1700 | CrossEntropy-loss: 0.30340 | Correct: 1047/1280
Epoch: 10 | Batch: 1800 | CrossEntropy-loss: 0.28866 | Correct: 1065/1280
Epoch: 10 | Batch: 1900 | CrossEntropy-loss: 0.28914 | Correct: 1071/1280
Epoch: 10 | Batch: 2000 | CrossEntropy-loss: 0.30728 | Correct: 1026/1280
Epoch: 10 | Batch: 2100 | CrossEntropy-loss: 0.28899 | Correct: 1072/1280
Epoch: 10 | Batch: 2200 | CrossEntropy-loss: 0.29110 | Correct: 1069/1280
Epoch: 10 | Batch: 2300 | CrossEntropy-loss: 0.28982 | Correct: 1058/1280
Epoch: 10 | Batch: 2400 | CrossEntropy-loss: 0.28394 | Correct: 1055/1280
Epoch: 10 | Batch: 2500 | CrossEntropy-loss: 0.28862 | Correct: 1060/1280
Epoch: 10 | Batch: 2600 | CrossEntropy-loss: 0.29204 | Correct: 1062/1280
Epoch: 10 | Batch: 2700 | CrossEntropy-loss: 0.28563 | Correct: 1086/1280
Epoch: 10 | Batch: 2800 | CrossEntropy-loss: 0.28176 | Correct: 1088/1280
Epoch: 10 | Batch: 2900 | CrossEntropy-loss: 0.28972 | Correct: 1072/1280
Epoch: 10 | Batch: 3000 | CrossEntropy-loss: 0.28866 | Correct: 1098/1280

Epoch: 10 | Testing Accuracy: 827758/990020 (83.610%) | Historical Best: 87.268% 

Epoch: 11 | Batch: 000 | CrossEntropy-loss: 0.27313 | Correct: 1071/1280
Epoch: 11 | Batch: 100 | CrossEntropy-loss: 0.30123 | Correct: 1057/1280
Epoch: 11 | Batch: 200 | CrossEntropy-loss: 0.28336 | Correct: 1053/1280
Epoch: 11 | Batch: 300 | CrossEntropy-loss: 0.30135 | Correct: 1061/1280
Epoch: 11 | Batch: 400 | CrossEntropy-loss: 0.29734 | Correct: 1064/1280
Epoch: 11 | Batch: 500 | CrossEntropy-loss: 0.27859 | Correct: 1092/1280
Epoch: 11 | Batch: 600 | CrossEntropy-loss: 0.29117 | Correct: 1086/1280
Epoch: 11 | Batch: 700 | CrossEntropy-loss: 0.28521 | Correct: 1059/1280
Epoch: 11 | Batch: 800 | CrossEntropy-loss: 0.29029 | Correct: 1059/1280
Epoch: 11 | Batch: 900 | CrossEntropy-loss: 0.30448 | Correct: 1044/1280
Epoch: 11 | Batch: 1000 | CrossEntropy-loss: 0.28354 | Correct: 1076/1280
Epoch: 11 | Batch: 1100 | CrossEntropy-loss: 0.29762 | Correct: 1069/1280
Epoch: 11 | Batch: 1200 | CrossEntropy-loss: 0.28501 | Correct: 1072/1280
Epoch: 11 | Batch: 1300 | CrossEntropy-loss: 0.28584 | Correct: 1077/1280
Epoch: 11 | Batch: 1400 | CrossEntropy-loss: 0.26632 | Correct: 1096/1280
Epoch: 11 | Batch: 1500 | CrossEntropy-loss: 0.28856 | Correct: 1058/1280
Epoch: 11 | Batch: 1600 | CrossEntropy-loss: 0.28402 | Correct: 1077/1280
Epoch: 11 | Batch: 1700 | CrossEntropy-loss: 0.28529 | Correct: 1072/1280
Epoch: 11 | Batch: 1800 | CrossEntropy-loss: 0.29083 | Correct: 1089/1280
Epoch: 11 | Batch: 1900 | CrossEntropy-loss: 0.28665 | Correct: 1084/1280
Epoch: 11 | Batch: 2000 | CrossEntropy-loss: 0.29384 | Correct: 1079/1280
Epoch: 11 | Batch: 2100 | CrossEntropy-loss: 0.28152 | Correct: 1065/1280
Epoch: 11 | Batch: 2200 | CrossEntropy-loss: 0.29236 | Correct: 1061/1280
Epoch: 11 | Batch: 2300 | CrossEntropy-loss: 0.28050 | Correct: 1084/1280
Epoch: 11 | Batch: 2400 | CrossEntropy-loss: 0.26991 | Correct: 1106/1280
Epoch: 11 | Batch: 2500 | CrossEntropy-loss: 0.28244 | Correct: 1080/1280
Epoch: 11 | Batch: 2600 | CrossEntropy-loss: 0.29093 | Correct: 1064/1280
Epoch: 11 | Batch: 2700 | CrossEntropy-loss: 0.27952 | Correct: 1100/1280
Epoch: 11 | Batch: 2800 | CrossEntropy-loss: 0.29277 | Correct: 1077/1280
Epoch: 11 | Batch: 2900 | CrossEntropy-loss: 0.27969 | Correct: 1094/1280
Epoch: 11 | Batch: 3000 | CrossEntropy-loss: 0.29945 | Correct: 1070/1280

Epoch: 11 | Testing Accuracy: 836967/990020 (84.540%) | Historical Best: 87.268% 

Epoch: 12 | Batch: 000 | CrossEntropy-loss: 0.28149 | Correct: 1076/1280
Epoch: 12 | Batch: 100 | CrossEntropy-loss: 0.29950 | Correct: 1082/1280
Epoch: 12 | Batch: 200 | CrossEntropy-loss: 0.29407 | Correct: 1084/1280
Epoch: 12 | Batch: 300 | CrossEntropy-loss: 0.27435 | Correct: 1097/1280
Epoch: 12 | Batch: 400 | CrossEntropy-loss: 0.28133 | Correct: 1104/1280
Epoch: 12 | Batch: 500 | CrossEntropy-loss: 0.28360 | Correct: 1108/1280
Epoch: 12 | Batch: 600 | CrossEntropy-loss: 0.28193 | Correct: 1096/1280
Epoch: 12 | Batch: 700 | CrossEntropy-loss: 0.27997 | Correct: 1109/1280
Epoch: 12 | Batch: 800 | CrossEntropy-loss: 0.29224 | Correct: 1092/1280
Epoch: 12 | Batch: 900 | CrossEntropy-loss: 0.28063 | Correct: 1092/1280
Epoch: 12 | Batch: 1000 | CrossEntropy-loss: 0.28947 | Correct: 1103/1280
Epoch: 12 | Batch: 1100 | CrossEntropy-loss: 0.29633 | Correct: 1083/1280
Epoch: 12 | Batch: 1200 | CrossEntropy-loss: 0.26590 | Correct: 1112/1280
Epoch: 12 | Batch: 1300 | CrossEntropy-loss: 0.28390 | Correct: 1110/1280
Epoch: 12 | Batch: 1400 | CrossEntropy-loss: 0.27763 | Correct: 1098/1280
Epoch: 12 | Batch: 1500 | CrossEntropy-loss: 0.28196 | Correct: 1112/1280
Epoch: 12 | Batch: 1600 | CrossEntropy-loss: 0.28888 | Correct: 1107/1280
Epoch: 12 | Batch: 1700 | CrossEntropy-loss: 0.29524 | Correct: 1077/1280
Epoch: 12 | Batch: 1800 | CrossEntropy-loss: 0.28955 | Correct: 1099/1280
Epoch: 12 | Batch: 1900 | CrossEntropy-loss: 0.27426 | Correct: 1105/1280
Epoch: 12 | Batch: 2000 | CrossEntropy-loss: 0.28615 | Correct: 1093/1280
Epoch: 12 | Batch: 2100 | CrossEntropy-loss: 0.27263 | Correct: 1112/1280
Epoch: 12 | Batch: 2200 | CrossEntropy-loss: 0.28917 | Correct: 1109/1280
Epoch: 12 | Batch: 2300 | CrossEntropy-loss: 0.28585 | Correct: 1107/1280
Epoch: 12 | Batch: 2400 | CrossEntropy-loss: 0.29615 | Correct: 1100/1280
Epoch: 12 | Batch: 2500 | CrossEntropy-loss: 0.29001 | Correct: 1101/1280
Epoch: 12 | Batch: 2600 | CrossEntropy-loss: 0.29103 | Correct: 1097/1280
Epoch: 12 | Batch: 2700 | CrossEntropy-loss: 0.28661 | Correct: 1097/1280
Epoch: 12 | Batch: 2800 | CrossEntropy-loss: 0.27742 | Correct: 1101/1280
Epoch: 12 | Batch: 2900 | CrossEntropy-loss: 0.27782 | Correct: 1104/1280
Epoch: 12 | Batch: 3000 | CrossEntropy-loss: 0.28832 | Correct: 1098/1280

Epoch: 12 | Testing Accuracy: 857105/990020 (86.575%) | Historical Best: 87.268% 

Epoch: 13 | Batch: 000 | CrossEntropy-loss: 0.28993 | Correct: 1107/1280
Epoch: 13 | Batch: 100 | CrossEntropy-loss: 0.29641 | Correct: 1096/1280
Epoch: 13 | Batch: 200 | CrossEntropy-loss: 0.29154 | Correct: 1094/1280
Epoch: 13 | Batch: 300 | CrossEntropy-loss: 0.28093 | Correct: 1110/1280
Epoch: 13 | Batch: 400 | CrossEntropy-loss: 0.29529 | Correct: 1092/1280
Epoch: 13 | Batch: 500 | CrossEntropy-loss: 0.29063 | Correct: 1089/1280
Epoch: 13 | Batch: 600 | CrossEntropy-loss: 0.28262 | Correct: 1125/1280
Epoch: 13 | Batch: 700 | CrossEntropy-loss: 0.28311 | Correct: 1116/1280
Epoch: 13 | Batch: 800 | CrossEntropy-loss: 0.28860 | Correct: 1106/1280
Epoch: 13 | Batch: 900 | CrossEntropy-loss: 0.28440 | Correct: 1101/1280
Epoch: 13 | Batch: 1000 | CrossEntropy-loss: 0.28190 | Correct: 1132/1280
Epoch: 13 | Batch: 1100 | CrossEntropy-loss: 0.28519 | Correct: 1101/1280
Epoch: 13 | Batch: 1200 | CrossEntropy-loss: 0.26957 | Correct: 1125/1280
Epoch: 13 | Batch: 1300 | CrossEntropy-loss: 0.27733 | Correct: 1114/1280
Epoch: 13 | Batch: 1400 | CrossEntropy-loss: 0.28358 | Correct: 1127/1280
Epoch: 13 | Batch: 1500 | CrossEntropy-loss: 0.27916 | Correct: 1089/1280
Epoch: 13 | Batch: 1600 | CrossEntropy-loss: 0.27121 | Correct: 1136/1280
Epoch: 13 | Batch: 1700 | CrossEntropy-loss: 0.28167 | Correct: 1099/1280
Epoch: 13 | Batch: 1800 | CrossEntropy-loss: 0.30475 | Correct: 1104/1280
Epoch: 13 | Batch: 1900 | CrossEntropy-loss: 0.27962 | Correct: 1107/1280
Epoch: 13 | Batch: 2000 | CrossEntropy-loss: 0.29376 | Correct: 1115/1280
Epoch: 13 | Batch: 2100 | CrossEntropy-loss: 0.28012 | Correct: 1130/1280
Epoch: 13 | Batch: 2200 | CrossEntropy-loss: 0.27701 | Correct: 1122/1280
Epoch: 13 | Batch: 2300 | CrossEntropy-loss: 0.28956 | Correct: 1106/1280
Epoch: 13 | Batch: 2400 | CrossEntropy-loss: 0.27995 | Correct: 1128/1280
Epoch: 13 | Batch: 2500 | CrossEntropy-loss: 0.28503 | Correct: 1111/1280
Epoch: 13 | Batch: 2600 | CrossEntropy-loss: 0.28235 | Correct: 1114/1280
Epoch: 13 | Batch: 2700 | CrossEntropy-loss: 0.27555 | Correct: 1129/1280
Epoch: 13 | Batch: 2800 | CrossEntropy-loss: 0.28318 | Correct: 1111/1280
Epoch: 13 | Batch: 2900 | CrossEntropy-loss: 0.27214 | Correct: 1127/1280
Epoch: 13 | Batch: 3000 | CrossEntropy-loss: 0.29258 | Correct: 1115/1280

Epoch: 13 | Testing Accuracy: 870198/990020 (87.897%) | Historical Best: 87.897% 

Epoch: 14 | Batch: 000 | CrossEntropy-loss: 0.27871 | Correct: 1126/1280
Epoch: 14 | Batch: 100 | CrossEntropy-loss: 0.29247 | Correct: 1104/1280
Epoch: 14 | Batch: 200 | CrossEntropy-loss: 0.28227 | Correct: 1115/1280
Epoch: 14 | Batch: 300 | CrossEntropy-loss: 0.27172 | Correct: 1148/1280
Epoch: 14 | Batch: 400 | CrossEntropy-loss: 0.28167 | Correct: 1119/1280
Epoch: 14 | Batch: 500 | CrossEntropy-loss: 0.27532 | Correct: 1130/1280
Epoch: 14 | Batch: 600 | CrossEntropy-loss: 0.26795 | Correct: 1131/1280
Epoch: 14 | Batch: 700 | CrossEntropy-loss: 0.27681 | Correct: 1143/1280
Epoch: 14 | Batch: 800 | CrossEntropy-loss: 0.26953 | Correct: 1139/1280
Epoch: 14 | Batch: 900 | CrossEntropy-loss: 0.27960 | Correct: 1119/1280
Epoch: 14 | Batch: 1000 | CrossEntropy-loss: 0.28940 | Correct: 1115/1280
Epoch: 14 | Batch: 1100 | CrossEntropy-loss: 0.26704 | Correct: 1127/1280
Epoch: 14 | Batch: 1200 | CrossEntropy-loss: 0.28940 | Correct: 1126/1280
Epoch: 14 | Batch: 1300 | CrossEntropy-loss: 0.27386 | Correct: 1125/1280
Epoch: 14 | Batch: 1400 | CrossEntropy-loss: 0.28834 | Correct: 1119/1280
Epoch: 14 | Batch: 1500 | CrossEntropy-loss: 0.27745 | Correct: 1127/1280
Epoch: 14 | Batch: 1600 | CrossEntropy-loss: 0.28634 | Correct: 1131/1280
Epoch: 14 | Batch: 1700 | CrossEntropy-loss: 0.28617 | Correct: 1144/1280
Epoch: 14 | Batch: 1800 | CrossEntropy-loss: 0.28707 | Correct: 1136/1280
Epoch: 14 | Batch: 1900 | CrossEntropy-loss: 0.28923 | Correct: 1114/1280
Epoch: 14 | Batch: 2000 | CrossEntropy-loss: 0.26866 | Correct: 1131/1280
Epoch: 14 | Batch: 2100 | CrossEntropy-loss: 0.27080 | Correct: 1157/1280
Epoch: 14 | Batch: 2200 | CrossEntropy-loss: 0.28275 | Correct: 1127/1280
Epoch: 14 | Batch: 2300 | CrossEntropy-loss: 0.26587 | Correct: 1131/1280
Epoch: 14 | Batch: 2400 | CrossEntropy-loss: 0.26406 | Correct: 1137/1280
Epoch: 14 | Batch: 2500 | CrossEntropy-loss: 0.26945 | Correct: 1142/1280
Epoch: 14 | Batch: 2600 | CrossEntropy-loss: 0.28579 | Correct: 1127/1280
Epoch: 14 | Batch: 2700 | CrossEntropy-loss: 0.27765 | Correct: 1136/1280
Epoch: 14 | Batch: 2800 | CrossEntropy-loss: 0.27458 | Correct: 1123/1280
Epoch: 14 | Batch: 2900 | CrossEntropy-loss: 0.26657 | Correct: 1143/1280
Epoch: 14 | Batch: 3000 | CrossEntropy-loss: 0.26875 | Correct: 1137/1280

Epoch: 14 | Testing Accuracy: 882596/990020 (89.149%) | Historical Best: 89.149% 

Epoch: 15 | Batch: 000 | CrossEntropy-loss: 0.27595 | Correct: 1123/1280
Epoch: 15 | Batch: 100 | CrossEntropy-loss: 0.28673 | Correct: 1134/1280
Epoch: 15 | Batch: 200 | CrossEntropy-loss: 0.28534 | Correct: 1135/1280
Epoch: 15 | Batch: 300 | CrossEntropy-loss: 0.26805 | Correct: 1163/1280
Epoch: 15 | Batch: 400 | CrossEntropy-loss: 0.26856 | Correct: 1159/1280
Epoch: 15 | Batch: 500 | CrossEntropy-loss: 0.27850 | Correct: 1145/1280
Epoch: 15 | Batch: 600 | CrossEntropy-loss: 0.27358 | Correct: 1133/1280
Epoch: 15 | Batch: 700 | CrossEntropy-loss: 0.25709 | Correct: 1159/1280
Epoch: 15 | Batch: 800 | CrossEntropy-loss: 0.27826 | Correct: 1146/1280
Epoch: 15 | Batch: 900 | CrossEntropy-loss: 0.28549 | Correct: 1123/1280
Epoch: 15 | Batch: 1000 | CrossEntropy-loss: 0.26932 | Correct: 1148/1280
Epoch: 15 | Batch: 1100 | CrossEntropy-loss: 0.26986 | Correct: 1156/1280
Epoch: 15 | Batch: 1200 | CrossEntropy-loss: 0.27378 | Correct: 1145/1280
Epoch: 15 | Batch: 1300 | CrossEntropy-loss: 0.27933 | Correct: 1119/1280
Epoch: 15 | Batch: 1400 | CrossEntropy-loss: 0.27880 | Correct: 1150/1280
Epoch: 15 | Batch: 1500 | CrossEntropy-loss: 0.27951 | Correct: 1133/1280
Epoch: 15 | Batch: 1600 | CrossEntropy-loss: 0.27309 | Correct: 1147/1280
Epoch: 15 | Batch: 1700 | CrossEntropy-loss: 0.25788 | Correct: 1152/1280
Epoch: 15 | Batch: 1800 | CrossEntropy-loss: 0.27692 | Correct: 1122/1280
Epoch: 15 | Batch: 1900 | CrossEntropy-loss: 0.27856 | Correct: 1131/1280
Epoch: 15 | Batch: 2000 | CrossEntropy-loss: 0.26591 | Correct: 1161/1280
Epoch: 15 | Batch: 2100 | CrossEntropy-loss: 0.27896 | Correct: 1145/1280
Epoch: 15 | Batch: 2200 | CrossEntropy-loss: 0.27733 | Correct: 1142/1280
Epoch: 15 | Batch: 2300 | CrossEntropy-loss: 0.26330 | Correct: 1161/1280
Epoch: 15 | Batch: 2400 | CrossEntropy-loss: 0.27832 | Correct: 1151/1280
Epoch: 15 | Batch: 2500 | CrossEntropy-loss: 0.26640 | Correct: 1139/1280
Epoch: 15 | Batch: 2600 | CrossEntropy-loss: 0.28106 | Correct: 1139/1280
Epoch: 15 | Batch: 2700 | CrossEntropy-loss: 0.26653 | Correct: 1147/1280
Epoch: 15 | Batch: 2800 | CrossEntropy-loss: 0.27524 | Correct: 1152/1280
Epoch: 15 | Batch: 2900 | CrossEntropy-loss: 0.28177 | Correct: 1151/1280
Epoch: 15 | Batch: 3000 | CrossEntropy-loss: 0.26933 | Correct: 1141/1280

Epoch: 15 | Testing Accuracy: 889503/990020 (89.847%) | Historical Best: 89.847% 

Epoch: 16 | Batch: 000 | CrossEntropy-loss: 0.27438 | Correct: 1146/1280
Epoch: 16 | Batch: 100 | CrossEntropy-loss: 0.27252 | Correct: 1149/1280
Epoch: 16 | Batch: 200 | CrossEntropy-loss: 0.26975 | Correct: 1138/1280
Epoch: 16 | Batch: 300 | CrossEntropy-loss: 0.27701 | Correct: 1138/1280
Epoch: 16 | Batch: 400 | CrossEntropy-loss: 0.25024 | Correct: 1160/1280
Epoch: 16 | Batch: 500 | CrossEntropy-loss: 0.26259 | Correct: 1151/1280
Epoch: 16 | Batch: 600 | CrossEntropy-loss: 0.25442 | Correct: 1153/1280
Epoch: 16 | Batch: 700 | CrossEntropy-loss: 0.27153 | Correct: 1156/1280
Epoch: 16 | Batch: 800 | CrossEntropy-loss: 0.25700 | Correct: 1173/1280
Epoch: 16 | Batch: 900 | CrossEntropy-loss: 0.26199 | Correct: 1168/1280
Epoch: 16 | Batch: 1000 | CrossEntropy-loss: 0.25813 | Correct: 1174/1280
Epoch: 16 | Batch: 1100 | CrossEntropy-loss: 0.26186 | Correct: 1155/1280
Epoch: 16 | Batch: 1200 | CrossEntropy-loss: 0.26033 | Correct: 1157/1280
Epoch: 16 | Batch: 1300 | CrossEntropy-loss: 0.26534 | Correct: 1174/1280
Epoch: 16 | Batch: 1400 | CrossEntropy-loss: 0.28155 | Correct: 1146/1280
Epoch: 16 | Batch: 1500 | CrossEntropy-loss: 0.27463 | Correct: 1159/1280
Epoch: 16 | Batch: 1600 | CrossEntropy-loss: 0.27621 | Correct: 1155/1280
Epoch: 16 | Batch: 1700 | CrossEntropy-loss: 0.26280 | Correct: 1149/1280
Epoch: 16 | Batch: 1800 | CrossEntropy-loss: 0.26377 | Correct: 1145/1280
Epoch: 16 | Batch: 1900 | CrossEntropy-loss: 0.26557 | Correct: 1138/1280
Epoch: 16 | Batch: 2000 | CrossEntropy-loss: 0.26822 | Correct: 1162/1280
Epoch: 16 | Batch: 2100 | CrossEntropy-loss: 0.25819 | Correct: 1164/1280
Epoch: 16 | Batch: 2200 | CrossEntropy-loss: 0.27592 | Correct: 1134/1280
Epoch: 16 | Batch: 2300 | CrossEntropy-loss: 0.26637 | Correct: 1152/1280
Epoch: 16 | Batch: 2400 | CrossEntropy-loss: 0.26753 | Correct: 1155/1280
Epoch: 16 | Batch: 2500 | CrossEntropy-loss: 0.26654 | Correct: 1161/1280
Epoch: 16 | Batch: 2600 | CrossEntropy-loss: 0.26297 | Correct: 1156/1280
Epoch: 16 | Batch: 2700 | CrossEntropy-loss: 0.26691 | Correct: 1157/1280
Epoch: 16 | Batch: 2800 | CrossEntropy-loss: 0.28184 | Correct: 1138/1280
Epoch: 16 | Batch: 2900 | CrossEntropy-loss: 0.26602 | Correct: 1174/1280
Epoch: 16 | Batch: 3000 | CrossEntropy-loss: 0.25771 | Correct: 1160/1280

Epoch: 16 | Testing Accuracy: 894559/990020 (90.358%) | Historical Best: 90.358% 

Epoch: 17 | Batch: 000 | CrossEntropy-loss: 0.26430 | Correct: 1174/1280
Epoch: 17 | Batch: 100 | CrossEntropy-loss: 0.26300 | Correct: 1145/1280
Epoch: 17 | Batch: 200 | CrossEntropy-loss: 0.28608 | Correct: 1146/1280
Epoch: 17 | Batch: 300 | CrossEntropy-loss: 0.25460 | Correct: 1160/1280
Epoch: 17 | Batch: 400 | CrossEntropy-loss: 0.25970 | Correct: 1164/1280
Epoch: 17 | Batch: 500 | CrossEntropy-loss: 0.25669 | Correct: 1165/1280
Epoch: 17 | Batch: 600 | CrossEntropy-loss: 0.26953 | Correct: 1166/1280
Epoch: 17 | Batch: 700 | CrossEntropy-loss: 0.27515 | Correct: 1153/1280
Epoch: 17 | Batch: 800 | CrossEntropy-loss: 0.29131 | Correct: 1132/1280
Epoch: 17 | Batch: 900 | CrossEntropy-loss: 0.27946 | Correct: 1145/1280
Epoch: 17 | Batch: 1000 | CrossEntropy-loss: 0.27769 | Correct: 1140/1280
Epoch: 17 | Batch: 1100 | CrossEntropy-loss: 0.26768 | Correct: 1174/1280
Epoch: 17 | Batch: 1200 | CrossEntropy-loss: 0.26845 | Correct: 1153/1280
Epoch: 17 | Batch: 1300 | CrossEntropy-loss: 0.26216 | Correct: 1154/1280
Epoch: 17 | Batch: 1400 | CrossEntropy-loss: 0.26941 | Correct: 1142/1280
Epoch: 17 | Batch: 1500 | CrossEntropy-loss: 0.26138 | Correct: 1171/1280
Epoch: 17 | Batch: 1600 | CrossEntropy-loss: 0.25241 | Correct: 1158/1280
Epoch: 17 | Batch: 1700 | CrossEntropy-loss: 0.26723 | Correct: 1173/1280
Epoch: 17 | Batch: 1800 | CrossEntropy-loss: 0.24912 | Correct: 1175/1280
Epoch: 17 | Batch: 1900 | CrossEntropy-loss: 0.27877 | Correct: 1157/1280
Epoch: 17 | Batch: 2000 | CrossEntropy-loss: 0.26959 | Correct: 1166/1280
Epoch: 17 | Batch: 2100 | CrossEntropy-loss: 0.26062 | Correct: 1158/1280
Epoch: 17 | Batch: 2200 | CrossEntropy-loss: 0.27709 | Correct: 1142/1280
Epoch: 17 | Batch: 2300 | CrossEntropy-loss: 0.26782 | Correct: 1162/1280
Epoch: 17 | Batch: 2400 | CrossEntropy-loss: 0.25932 | Correct: 1167/1280
Epoch: 17 | Batch: 2500 | CrossEntropy-loss: 0.25878 | Correct: 1165/1280
Epoch: 17 | Batch: 2600 | CrossEntropy-loss: 0.26309 | Correct: 1166/1280
Epoch: 17 | Batch: 2700 | CrossEntropy-loss: 0.26419 | Correct: 1179/1280
Epoch: 17 | Batch: 2800 | CrossEntropy-loss: 0.26768 | Correct: 1163/1280
Epoch: 17 | Batch: 2900 | CrossEntropy-loss: 0.25638 | Correct: 1179/1280
Epoch: 17 | Batch: 3000 | CrossEntropy-loss: 0.26342 | Correct: 1170/1280

Epoch: 17 | Testing Accuracy: 895744/990020 (90.477%) | Historical Best: 90.477% 

Epoch: 18 | Batch: 000 | CrossEntropy-loss: 0.26666 | Correct: 1147/1280
Epoch: 18 | Batch: 100 | CrossEntropy-loss: 0.27514 | Correct: 1163/1280
Epoch: 18 | Batch: 200 | CrossEntropy-loss: 0.25227 | Correct: 1180/1280
Epoch: 18 | Batch: 300 | CrossEntropy-loss: 0.26551 | Correct: 1155/1280
Epoch: 18 | Batch: 400 | CrossEntropy-loss: 0.25756 | Correct: 1169/1280
Epoch: 18 | Batch: 500 | CrossEntropy-loss: 0.26974 | Correct: 1168/1280
Epoch: 18 | Batch: 600 | CrossEntropy-loss: 0.27026 | Correct: 1174/1280
Epoch: 18 | Batch: 700 | CrossEntropy-loss: 0.26784 | Correct: 1178/1280
Epoch: 18 | Batch: 800 | CrossEntropy-loss: 0.26246 | Correct: 1170/1280
Epoch: 18 | Batch: 900 | CrossEntropy-loss: 0.26401 | Correct: 1169/1280
Epoch: 18 | Batch: 1000 | CrossEntropy-loss: 0.25394 | Correct: 1180/1280
Epoch: 18 | Batch: 1100 | CrossEntropy-loss: 0.24485 | Correct: 1182/1280
Epoch: 18 | Batch: 1200 | CrossEntropy-loss: 0.26716 | Correct: 1155/1280
Epoch: 18 | Batch: 1300 | CrossEntropy-loss: 0.26446 | Correct: 1161/1280
Epoch: 18 | Batch: 1400 | CrossEntropy-loss: 0.26959 | Correct: 1155/1280
Epoch: 18 | Batch: 1500 | CrossEntropy-loss: 0.26565 | Correct: 1164/1280
Epoch: 18 | Batch: 1600 | CrossEntropy-loss: 0.25957 | Correct: 1162/1280
Epoch: 18 | Batch: 1700 | CrossEntropy-loss: 0.26196 | Correct: 1153/1280
Epoch: 18 | Batch: 1800 | CrossEntropy-loss: 0.26694 | Correct: 1163/1280
Epoch: 18 | Batch: 1900 | CrossEntropy-loss: 0.27056 | Correct: 1173/1280
Epoch: 18 | Batch: 2000 | CrossEntropy-loss: 0.26694 | Correct: 1176/1280
Epoch: 18 | Batch: 2100 | CrossEntropy-loss: 0.27230 | Correct: 1161/1280
Epoch: 18 | Batch: 2200 | CrossEntropy-loss: 0.26927 | Correct: 1159/1280
Epoch: 18 | Batch: 2300 | CrossEntropy-loss: 0.25277 | Correct: 1172/1280
Epoch: 18 | Batch: 2400 | CrossEntropy-loss: 0.28428 | Correct: 1167/1280
Epoch: 18 | Batch: 2500 | CrossEntropy-loss: 0.27883 | Correct: 1165/1280
Epoch: 18 | Batch: 2600 | CrossEntropy-loss: 0.26340 | Correct: 1179/1280
Epoch: 18 | Batch: 2700 | CrossEntropy-loss: 0.26247 | Correct: 1170/1280
Epoch: 18 | Batch: 2800 | CrossEntropy-loss: 0.27397 | Correct: 1152/1280
Epoch: 18 | Batch: 2900 | CrossEntropy-loss: 0.26284 | Correct: 1167/1280
Epoch: 18 | Batch: 3000 | CrossEntropy-loss: 0.25772 | Correct: 1166/1280

Epoch: 18 | Testing Accuracy: 903105/990020 (91.221%) | Historical Best: 91.221% 

Epoch: 19 | Batch: 000 | CrossEntropy-loss: 0.27047 | Correct: 1166/1280
Epoch: 19 | Batch: 100 | CrossEntropy-loss: 0.26683 | Correct: 1162/1280
Epoch: 19 | Batch: 200 | CrossEntropy-loss: 0.29194 | Correct: 1145/1280
Epoch: 19 | Batch: 300 | CrossEntropy-loss: 0.25776 | Correct: 1167/1280
Epoch: 19 | Batch: 400 | CrossEntropy-loss: 0.24977 | Correct: 1192/1280
Epoch: 19 | Batch: 500 | CrossEntropy-loss: 0.24091 | Correct: 1193/1280
Epoch: 19 | Batch: 600 | CrossEntropy-loss: 0.25259 | Correct: 1195/1280
Epoch: 19 | Batch: 700 | CrossEntropy-loss: 0.27221 | Correct: 1171/1280
Epoch: 19 | Batch: 800 | CrossEntropy-loss: 0.26847 | Correct: 1167/1280
Epoch: 19 | Batch: 900 | CrossEntropy-loss: 0.24814 | Correct: 1173/1280
Epoch: 19 | Batch: 1000 | CrossEntropy-loss: 0.25349 | Correct: 1161/1280
Epoch: 19 | Batch: 1100 | CrossEntropy-loss: 0.26191 | Correct: 1180/1280
Epoch: 19 | Batch: 1200 | CrossEntropy-loss: 0.26378 | Correct: 1164/1280
Epoch: 19 | Batch: 1300 | CrossEntropy-loss: 0.26318 | Correct: 1164/1280
Epoch: 19 | Batch: 1400 | CrossEntropy-loss: 0.25432 | Correct: 1184/1280
Epoch: 19 | Batch: 1500 | CrossEntropy-loss: 0.26996 | Correct: 1166/1280
Epoch: 19 | Batch: 1600 | CrossEntropy-loss: 0.26570 | Correct: 1157/1280
Epoch: 19 | Batch: 1700 | CrossEntropy-loss: 0.25556 | Correct: 1182/1280
Epoch: 19 | Batch: 1800 | CrossEntropy-loss: 0.25334 | Correct: 1165/1280
Epoch: 19 | Batch: 1900 | CrossEntropy-loss: 0.25711 | Correct: 1172/1280
Epoch: 19 | Batch: 2000 | CrossEntropy-loss: 0.25674 | Correct: 1176/1280
Epoch: 19 | Batch: 2100 | CrossEntropy-loss: 0.26953 | Correct: 1159/1280
Epoch: 19 | Batch: 2200 | CrossEntropy-loss: 0.26734 | Correct: 1170/1280
Epoch: 19 | Batch: 2300 | CrossEntropy-loss: 0.26244 | Correct: 1170/1280
Epoch: 19 | Batch: 2400 | CrossEntropy-loss: 0.27726 | Correct: 1186/1280
Epoch: 19 | Batch: 2500 | CrossEntropy-loss: 0.27083 | Correct: 1162/1280
Epoch: 19 | Batch: 2600 | CrossEntropy-loss: 0.26157 | Correct: 1171/1280
Epoch: 19 | Batch: 2700 | CrossEntropy-loss: 0.26690 | Correct: 1188/1280
Epoch: 19 | Batch: 2800 | CrossEntropy-loss: 0.26616 | Correct: 1175/1280
Epoch: 19 | Batch: 2900 | CrossEntropy-loss: 0.25684 | Correct: 1185/1280
Epoch: 19 | Batch: 3000 | CrossEntropy-loss: 0.25477 | Correct: 1176/1280

Epoch: 19 | Testing Accuracy: 907919/990020 (91.707%) | Historical Best: 91.707% 

Epoch: 20 | Batch: 000 | CrossEntropy-loss: 0.26519 | Correct: 1183/1280
Epoch: 20 | Batch: 100 | CrossEntropy-loss: 0.25754 | Correct: 1189/1280
Epoch: 20 | Batch: 200 | CrossEntropy-loss: 0.26489 | Correct: 1163/1280
Epoch: 20 | Batch: 300 | CrossEntropy-loss: 0.25690 | Correct: 1175/1280
Epoch: 20 | Batch: 400 | CrossEntropy-loss: 0.24304 | Correct: 1181/1280
Epoch: 20 | Batch: 500 | CrossEntropy-loss: 0.24833 | Correct: 1186/1280
Epoch: 20 | Batch: 600 | CrossEntropy-loss: 0.24376 | Correct: 1181/1280
Epoch: 20 | Batch: 700 | CrossEntropy-loss: 0.26675 | Correct: 1180/1280
Epoch: 20 | Batch: 800 | CrossEntropy-loss: 0.26258 | Correct: 1177/1280
Epoch: 20 | Batch: 900 | CrossEntropy-loss: 0.24936 | Correct: 1186/1280
Epoch: 20 | Batch: 1000 | CrossEntropy-loss: 0.26688 | Correct: 1165/1280
Epoch: 20 | Batch: 1100 | CrossEntropy-loss: 0.26419 | Correct: 1170/1280
Epoch: 20 | Batch: 1200 | CrossEntropy-loss: 0.25682 | Correct: 1187/1280
Epoch: 20 | Batch: 1300 | CrossEntropy-loss: 0.26508 | Correct: 1159/1280
Epoch: 20 | Batch: 1400 | CrossEntropy-loss: 0.25423 | Correct: 1187/1280
Epoch: 20 | Batch: 1500 | CrossEntropy-loss: 0.25695 | Correct: 1186/1280
Epoch: 20 | Batch: 1600 | CrossEntropy-loss: 0.25514 | Correct: 1172/1280
Epoch: 20 | Batch: 1700 | CrossEntropy-loss: 0.26571 | Correct: 1176/1280
Epoch: 20 | Batch: 1800 | CrossEntropy-loss: 0.25981 | Correct: 1177/1280
Epoch: 20 | Batch: 1900 | CrossEntropy-loss: 0.26154 | Correct: 1175/1280
Epoch: 20 | Batch: 2000 | CrossEntropy-loss: 0.24970 | Correct: 1180/1280
Epoch: 20 | Batch: 2100 | CrossEntropy-loss: 0.24754 | Correct: 1192/1280
Epoch: 20 | Batch: 2200 | CrossEntropy-loss: 0.26295 | Correct: 1163/1280
Epoch: 20 | Batch: 2300 | CrossEntropy-loss: 0.24016 | Correct: 1187/1280
Epoch: 20 | Batch: 2400 | CrossEntropy-loss: 0.25644 | Correct: 1174/1280
Epoch: 20 | Batch: 2500 | CrossEntropy-loss: 0.25034 | Correct: 1193/1280
Epoch: 20 | Batch: 2600 | CrossEntropy-loss: 0.27357 | Correct: 1154/1280
Epoch: 20 | Batch: 2700 | CrossEntropy-loss: 0.25428 | Correct: 1176/1280
Epoch: 20 | Batch: 2800 | CrossEntropy-loss: 0.26144 | Correct: 1185/1280
Epoch: 20 | Batch: 2900 | CrossEntropy-loss: 0.26317 | Correct: 1178/1280
Epoch: 20 | Batch: 3000 | CrossEntropy-loss: 0.25514 | Correct: 1191/1280

Epoch: 20 | Testing Accuracy: 908999/990020 (91.816%) | Historical Best: 91.816% 

Epoch: 21 | Batch: 000 | CrossEntropy-loss: 0.26565 | Correct: 1176/1280
Epoch: 21 | Batch: 100 | CrossEntropy-loss: 0.25499 | Correct: 1182/1280
Epoch: 21 | Batch: 200 | CrossEntropy-loss: 0.25972 | Correct: 1187/1280
Epoch: 21 | Batch: 300 | CrossEntropy-loss: 0.25725 | Correct: 1183/1280
Epoch: 21 | Batch: 400 | CrossEntropy-loss: 0.24513 | Correct: 1194/1280
Epoch: 21 | Batch: 500 | CrossEntropy-loss: 0.26797 | Correct: 1169/1280
Epoch: 21 | Batch: 600 | CrossEntropy-loss: 0.24576 | Correct: 1176/1280
Epoch: 21 | Batch: 700 | CrossEntropy-loss: 0.26013 | Correct: 1179/1280
Epoch: 21 | Batch: 800 | CrossEntropy-loss: 0.25887 | Correct: 1183/1280
Epoch: 21 | Batch: 900 | CrossEntropy-loss: 0.26263 | Correct: 1176/1280
Epoch: 21 | Batch: 1000 | CrossEntropy-loss: 0.25725 | Correct: 1185/1280
Epoch: 21 | Batch: 1100 | CrossEntropy-loss: 0.26010 | Correct: 1184/1280
Epoch: 21 | Batch: 1200 | CrossEntropy-loss: 0.25856 | Correct: 1189/1280
Epoch: 21 | Batch: 1300 | CrossEntropy-loss: 0.25612 | Correct: 1171/1280
Epoch: 21 | Batch: 1400 | CrossEntropy-loss: 0.27529 | Correct: 1166/1280
Epoch: 21 | Batch: 1500 | CrossEntropy-loss: 0.25424 | Correct: 1188/1280
Epoch: 21 | Batch: 1600 | CrossEntropy-loss: 0.23700 | Correct: 1178/1280
Epoch: 21 | Batch: 1700 | CrossEntropy-loss: 0.25492 | Correct: 1179/1280
Epoch: 21 | Batch: 1800 | CrossEntropy-loss: 0.26648 | Correct: 1179/1280
Epoch: 21 | Batch: 1900 | CrossEntropy-loss: 0.25391 | Correct: 1173/1280
Epoch: 21 | Batch: 2000 | CrossEntropy-loss: 0.25639 | Correct: 1178/1280
Epoch: 21 | Batch: 2100 | CrossEntropy-loss: 0.27001 | Correct: 1185/1280
Epoch: 21 | Batch: 2200 | CrossEntropy-loss: 0.26664 | Correct: 1178/1280
Epoch: 21 | Batch: 2300 | CrossEntropy-loss: 0.25803 | Correct: 1162/1280
Epoch: 21 | Batch: 2400 | CrossEntropy-loss: 0.25375 | Correct: 1166/1280
Epoch: 21 | Batch: 2500 | CrossEntropy-loss: 0.24421 | Correct: 1191/1280
Epoch: 21 | Batch: 2600 | CrossEntropy-loss: 0.25537 | Correct: 1169/1280
Epoch: 21 | Batch: 2700 | CrossEntropy-loss: 0.24882 | Correct: 1180/1280
Epoch: 21 | Batch: 2800 | CrossEntropy-loss: 0.26267 | Correct: 1172/1280
Epoch: 21 | Batch: 2900 | CrossEntropy-loss: 0.25433 | Correct: 1183/1280
Epoch: 21 | Batch: 3000 | CrossEntropy-loss: 0.24699 | Correct: 1180/1280

Epoch: 21 | Testing Accuracy: 913042/990020 (92.225%) | Historical Best: 92.225% 

Epoch: 22 | Batch: 000 | CrossEntropy-loss: 0.26502 | Correct: 1173/1280
Epoch: 22 | Batch: 100 | CrossEntropy-loss: 0.25330 | Correct: 1181/1280
Epoch: 22 | Batch: 200 | CrossEntropy-loss: 0.25238 | Correct: 1181/1280
Epoch: 22 | Batch: 300 | CrossEntropy-loss: 0.24697 | Correct: 1175/1280
Epoch: 22 | Batch: 400 | CrossEntropy-loss: 0.24884 | Correct: 1191/1280
Epoch: 22 | Batch: 500 | CrossEntropy-loss: 0.25482 | Correct: 1172/1280
Epoch: 22 | Batch: 600 | CrossEntropy-loss: 0.26522 | Correct: 1186/1280
Epoch: 22 | Batch: 700 | CrossEntropy-loss: 0.24986 | Correct: 1189/1280
Epoch: 22 | Batch: 800 | CrossEntropy-loss: 0.24878 | Correct: 1182/1280
Epoch: 22 | Batch: 900 | CrossEntropy-loss: 0.24458 | Correct: 1185/1280
Epoch: 22 | Batch: 1000 | CrossEntropy-loss: 0.25788 | Correct: 1183/1280
Epoch: 22 | Batch: 1100 | CrossEntropy-loss: 0.25031 | Correct: 1175/1280
Epoch: 22 | Batch: 1200 | CrossEntropy-loss: 0.27153 | Correct: 1187/1280
Epoch: 22 | Batch: 1300 | CrossEntropy-loss: 0.26229 | Correct: 1177/1280
Epoch: 22 | Batch: 1400 | CrossEntropy-loss: 0.25955 | Correct: 1181/1280
Epoch: 22 | Batch: 1500 | CrossEntropy-loss: 0.25109 | Correct: 1177/1280
Epoch: 22 | Batch: 1600 | CrossEntropy-loss: 0.25824 | Correct: 1178/1280
Epoch: 22 | Batch: 1700 | CrossEntropy-loss: 0.25122 | Correct: 1180/1280
Epoch: 22 | Batch: 1800 | CrossEntropy-loss: 0.25610 | Correct: 1194/1280
Epoch: 22 | Batch: 1900 | CrossEntropy-loss: 0.25356 | Correct: 1165/1280
Epoch: 22 | Batch: 2000 | CrossEntropy-loss: 0.25052 | Correct: 1182/1280
Epoch: 22 | Batch: 2100 | CrossEntropy-loss: 0.25153 | Correct: 1184/1280
Epoch: 22 | Batch: 2200 | CrossEntropy-loss: 0.24507 | Correct: 1179/1280
Epoch: 22 | Batch: 2300 | CrossEntropy-loss: 0.25326 | Correct: 1179/1280
Epoch: 22 | Batch: 2400 | CrossEntropy-loss: 0.26808 | Correct: 1178/1280
Epoch: 22 | Batch: 2500 | CrossEntropy-loss: 0.26009 | Correct: 1178/1280
Epoch: 22 | Batch: 2600 | CrossEntropy-loss: 0.25888 | Correct: 1184/1280
Epoch: 22 | Batch: 2700 | CrossEntropy-loss: 0.24646 | Correct: 1186/1280
Epoch: 22 | Batch: 2800 | CrossEntropy-loss: 0.26433 | Correct: 1166/1280
Epoch: 22 | Batch: 2900 | CrossEntropy-loss: 0.24989 | Correct: 1178/1280
Epoch: 22 | Batch: 3000 | CrossEntropy-loss: 0.24916 | Correct: 1198/1280

Epoch: 22 | Testing Accuracy: 915668/990020 (92.490%) | Historical Best: 92.490% 

Epoch: 23 | Batch: 000 | CrossEntropy-loss: 0.25445 | Correct: 1179/1280
Epoch: 23 | Batch: 100 | CrossEntropy-loss: 0.26530 | Correct: 1185/1280
Epoch: 23 | Batch: 200 | CrossEntropy-loss: 0.24752 | Correct: 1179/1280
Epoch: 23 | Batch: 300 | CrossEntropy-loss: 0.24899 | Correct: 1193/1280
Epoch: 23 | Batch: 400 | CrossEntropy-loss: 0.24689 | Correct: 1186/1280
Epoch: 23 | Batch: 500 | CrossEntropy-loss: 0.25203 | Correct: 1198/1280
Epoch: 23 | Batch: 600 | CrossEntropy-loss: 0.25393 | Correct: 1189/1280
Epoch: 23 | Batch: 700 | CrossEntropy-loss: 0.24811 | Correct: 1186/1280
Epoch: 23 | Batch: 800 | CrossEntropy-loss: 0.25800 | Correct: 1190/1280
Epoch: 23 | Batch: 900 | CrossEntropy-loss: 0.25841 | Correct: 1177/1280
Epoch: 23 | Batch: 1000 | CrossEntropy-loss: 0.26186 | Correct: 1166/1280
Epoch: 23 | Batch: 1100 | CrossEntropy-loss: 0.25720 | Correct: 1179/1280
Epoch: 23 | Batch: 1200 | CrossEntropy-loss: 0.25554 | Correct: 1195/1280
Epoch: 23 | Batch: 1300 | CrossEntropy-loss: 0.25601 | Correct: 1186/1280
Epoch: 23 | Batch: 1400 | CrossEntropy-loss: 0.25555 | Correct: 1186/1280
Epoch: 23 | Batch: 1500 | CrossEntropy-loss: 0.25225 | Correct: 1187/1280
Epoch: 23 | Batch: 1600 | CrossEntropy-loss: 0.26058 | Correct: 1186/1280
Epoch: 23 | Batch: 1700 | CrossEntropy-loss: 0.25192 | Correct: 1175/1280
Epoch: 23 | Batch: 1800 | CrossEntropy-loss: 0.25824 | Correct: 1174/1280
Epoch: 23 | Batch: 1900 | CrossEntropy-loss: 0.24716 | Correct: 1195/1280
Epoch: 23 | Batch: 2000 | CrossEntropy-loss: 0.25240 | Correct: 1186/1280
Epoch: 23 | Batch: 2100 | CrossEntropy-loss: 0.27671 | Correct: 1162/1280
Epoch: 23 | Batch: 2200 | CrossEntropy-loss: 0.23865 | Correct: 1186/1280
Epoch: 23 | Batch: 2300 | CrossEntropy-loss: 0.27093 | Correct: 1172/1280
Epoch: 23 | Batch: 2400 | CrossEntropy-loss: 0.24576 | Correct: 1184/1280
Epoch: 23 | Batch: 2500 | CrossEntropy-loss: 0.24111 | Correct: 1205/1280
Epoch: 23 | Batch: 2600 | CrossEntropy-loss: 0.23963 | Correct: 1200/1280
Epoch: 23 | Batch: 2700 | CrossEntropy-loss: 0.25507 | Correct: 1184/1280
Epoch: 23 | Batch: 2800 | CrossEntropy-loss: 0.24582 | Correct: 1199/1280
Epoch: 23 | Batch: 2900 | CrossEntropy-loss: 0.25383 | Correct: 1176/1280
Epoch: 23 | Batch: 3000 | CrossEntropy-loss: 0.24431 | Correct: 1182/1280

Epoch: 23 | Testing Accuracy: 916255/990020 (92.549%) | Historical Best: 92.549% 

Epoch: 24 | Batch: 000 | CrossEntropy-loss: 0.24399 | Correct: 1207/1280
Epoch: 24 | Batch: 100 | CrossEntropy-loss: 0.23396 | Correct: 1198/1280
Epoch: 24 | Batch: 200 | CrossEntropy-loss: 0.25132 | Correct: 1172/1280
Epoch: 24 | Batch: 300 | CrossEntropy-loss: 0.22932 | Correct: 1201/1280
Epoch: 24 | Batch: 400 | CrossEntropy-loss: 0.23386 | Correct: 1186/1280
Epoch: 24 | Batch: 500 | CrossEntropy-loss: 0.24853 | Correct: 1194/1280
Epoch: 24 | Batch: 600 | CrossEntropy-loss: 0.24420 | Correct: 1176/1280
Epoch: 24 | Batch: 700 | CrossEntropy-loss: 0.25431 | Correct: 1183/1280
Epoch: 24 | Batch: 800 | CrossEntropy-loss: 0.25015 | Correct: 1188/1280
Epoch: 24 | Batch: 900 | CrossEntropy-loss: 0.25238 | Correct: 1180/1280
Epoch: 24 | Batch: 1000 | CrossEntropy-loss: 0.24312 | Correct: 1187/1280
Epoch: 24 | Batch: 1100 | CrossEntropy-loss: 0.24208 | Correct: 1206/1280
Epoch: 24 | Batch: 1200 | CrossEntropy-loss: 0.26266 | Correct: 1185/1280
Epoch: 24 | Batch: 1300 | CrossEntropy-loss: 0.25153 | Correct: 1192/1280
Epoch: 24 | Batch: 1400 | CrossEntropy-loss: 0.23989 | Correct: 1208/1280
Epoch: 24 | Batch: 1500 | CrossEntropy-loss: 0.24924 | Correct: 1190/1280
Epoch: 24 | Batch: 1600 | CrossEntropy-loss: 0.25227 | Correct: 1185/1280
Epoch: 24 | Batch: 1700 | CrossEntropy-loss: 0.26470 | Correct: 1174/1280
Epoch: 24 | Batch: 1800 | CrossEntropy-loss: 0.25890 | Correct: 1188/1280
Epoch: 24 | Batch: 1900 | CrossEntropy-loss: 0.25578 | Correct: 1179/1280
Epoch: 24 | Batch: 2000 | CrossEntropy-loss: 0.24986 | Correct: 1190/1280
Epoch: 24 | Batch: 2100 | CrossEntropy-loss: 0.23517 | Correct: 1178/1280
Epoch: 24 | Batch: 2200 | CrossEntropy-loss: 0.24337 | Correct: 1177/1280
Epoch: 24 | Batch: 2300 | CrossEntropy-loss: 0.25193 | Correct: 1178/1280
Epoch: 24 | Batch: 2400 | CrossEntropy-loss: 0.23972 | Correct: 1199/1280
Epoch: 24 | Batch: 2500 | CrossEntropy-loss: 0.23794 | Correct: 1193/1280
Epoch: 24 | Batch: 2600 | CrossEntropy-loss: 0.26461 | Correct: 1198/1280
Epoch: 24 | Batch: 2700 | CrossEntropy-loss: 0.25640 | Correct: 1176/1280
Epoch: 24 | Batch: 2800 | CrossEntropy-loss: 0.24816 | Correct: 1188/1280
Epoch: 24 | Batch: 2900 | CrossEntropy-loss: 0.25563 | Correct: 1194/1280
Epoch: 24 | Batch: 3000 | CrossEntropy-loss: 0.25516 | Correct: 1182/1280

Epoch: 24 | Testing Accuracy: 921829/990020 (93.112%) | Historical Best: 93.112% 

Epoch: 25 | Batch: 000 | CrossEntropy-loss: 0.25147 | Correct: 1198/1280
Epoch: 25 | Batch: 100 | CrossEntropy-loss: 0.22973 | Correct: 1213/1280
Epoch: 25 | Batch: 200 | CrossEntropy-loss: 0.24969 | Correct: 1184/1280
Epoch: 25 | Batch: 300 | CrossEntropy-loss: 0.26324 | Correct: 1180/1280
Epoch: 25 | Batch: 400 | CrossEntropy-loss: 0.24157 | Correct: 1189/1280
Epoch: 25 | Batch: 500 | CrossEntropy-loss: 0.25340 | Correct: 1187/1280
Epoch: 25 | Batch: 600 | CrossEntropy-loss: 0.24418 | Correct: 1205/1280
Epoch: 25 | Batch: 700 | CrossEntropy-loss: 0.24981 | Correct: 1181/1280
Epoch: 25 | Batch: 800 | CrossEntropy-loss: 0.23589 | Correct: 1197/1280
Epoch: 25 | Batch: 900 | CrossEntropy-loss: 0.24314 | Correct: 1183/1280
Epoch: 25 | Batch: 1000 | CrossEntropy-loss: 0.24946 | Correct: 1188/1280
Epoch: 25 | Batch: 1100 | CrossEntropy-loss: 0.23810 | Correct: 1186/1280
Epoch: 25 | Batch: 1200 | CrossEntropy-loss: 0.24093 | Correct: 1188/1280
Epoch: 25 | Batch: 1300 | CrossEntropy-loss: 0.24554 | Correct: 1192/1280
Epoch: 25 | Batch: 1400 | CrossEntropy-loss: 0.24799 | Correct: 1214/1280
Epoch: 25 | Batch: 1500 | CrossEntropy-loss: 0.23755 | Correct: 1192/1280
Epoch: 25 | Batch: 1600 | CrossEntropy-loss: 0.24789 | Correct: 1194/1280
Epoch: 25 | Batch: 1700 | CrossEntropy-loss: 0.23426 | Correct: 1209/1280
Epoch: 25 | Batch: 1800 | CrossEntropy-loss: 0.25199 | Correct: 1188/1280
Epoch: 25 | Batch: 1900 | CrossEntropy-loss: 0.24847 | Correct: 1190/1280
Epoch: 25 | Batch: 2000 | CrossEntropy-loss: 0.23678 | Correct: 1197/1280
Epoch: 25 | Batch: 2100 | CrossEntropy-loss: 0.24426 | Correct: 1199/1280
Epoch: 25 | Batch: 2200 | CrossEntropy-loss: 0.25371 | Correct: 1203/1280
Epoch: 25 | Batch: 2300 | CrossEntropy-loss: 0.25120 | Correct: 1188/1280
Epoch: 25 | Batch: 2400 | CrossEntropy-loss: 0.26496 | Correct: 1186/1280
Epoch: 25 | Batch: 2500 | CrossEntropy-loss: 0.25120 | Correct: 1185/1280
Epoch: 25 | Batch: 2600 | CrossEntropy-loss: 0.24172 | Correct: 1199/1280
Epoch: 25 | Batch: 2700 | CrossEntropy-loss: 0.27519 | Correct: 1178/1280
Epoch: 25 | Batch: 2800 | CrossEntropy-loss: 0.24284 | Correct: 1206/1280
Epoch: 25 | Batch: 2900 | CrossEntropy-loss: 0.25653 | Correct: 1187/1280
Epoch: 25 | Batch: 3000 | CrossEntropy-loss: 0.25840 | Correct: 1176/1280

Epoch: 25 | Testing Accuracy: 923088/990020 (93.239%) | Historical Best: 93.239% 

Epoch: 26 | Batch: 000 | CrossEntropy-loss: 0.24581 | Correct: 1177/1280
Epoch: 26 | Batch: 100 | CrossEntropy-loss: 0.24937 | Correct: 1184/1280
Epoch: 26 | Batch: 200 | CrossEntropy-loss: 0.24706 | Correct: 1195/1280
Epoch: 26 | Batch: 300 | CrossEntropy-loss: 0.25400 | Correct: 1177/1280
Epoch: 26 | Batch: 400 | CrossEntropy-loss: 0.24907 | Correct: 1182/1280
Epoch: 26 | Batch: 500 | CrossEntropy-loss: 0.24781 | Correct: 1204/1280
Epoch: 26 | Batch: 600 | CrossEntropy-loss: 0.23916 | Correct: 1197/1280
Epoch: 26 | Batch: 700 | CrossEntropy-loss: 0.25554 | Correct: 1175/1280
Epoch: 26 | Batch: 800 | CrossEntropy-loss: 0.25399 | Correct: 1180/1280
Epoch: 26 | Batch: 900 | CrossEntropy-loss: 0.24686 | Correct: 1207/1280
Epoch: 26 | Batch: 1000 | CrossEntropy-loss: 0.23079 | Correct: 1188/1280
Epoch: 26 | Batch: 1100 | CrossEntropy-loss: 0.25124 | Correct: 1179/1280
Epoch: 26 | Batch: 1200 | CrossEntropy-loss: 0.24038 | Correct: 1201/1280
Epoch: 26 | Batch: 1300 | CrossEntropy-loss: 0.24621 | Correct: 1183/1280
Epoch: 26 | Batch: 1400 | CrossEntropy-loss: 0.24994 | Correct: 1200/1280
Epoch: 26 | Batch: 1500 | CrossEntropy-loss: 0.24482 | Correct: 1187/1280
Epoch: 26 | Batch: 1600 | CrossEntropy-loss: 0.24943 | Correct: 1204/1280
Epoch: 26 | Batch: 1700 | CrossEntropy-loss: 0.24808 | Correct: 1201/1280
Epoch: 26 | Batch: 1800 | CrossEntropy-loss: 0.23520 | Correct: 1197/1280
Epoch: 26 | Batch: 1900 | CrossEntropy-loss: 0.23310 | Correct: 1197/1280
Epoch: 26 | Batch: 2000 | CrossEntropy-loss: 0.24987 | Correct: 1190/1280
Epoch: 26 | Batch: 2100 | CrossEntropy-loss: 0.24360 | Correct: 1211/1280
Epoch: 26 | Batch: 2200 | CrossEntropy-loss: 0.25679 | Correct: 1196/1280
Epoch: 26 | Batch: 2300 | CrossEntropy-loss: 0.24577 | Correct: 1191/1280
Epoch: 26 | Batch: 2400 | CrossEntropy-loss: 0.23940 | Correct: 1206/1280
Epoch: 26 | Batch: 2500 | CrossEntropy-loss: 0.23648 | Correct: 1202/1280
Epoch: 26 | Batch: 2600 | CrossEntropy-loss: 0.23219 | Correct: 1190/1280
Epoch: 26 | Batch: 2700 | CrossEntropy-loss: 0.24628 | Correct: 1198/1280
Epoch: 26 | Batch: 2800 | CrossEntropy-loss: 0.22808 | Correct: 1207/1280
Epoch: 26 | Batch: 2900 | CrossEntropy-loss: 0.23826 | Correct: 1195/1280
Epoch: 26 | Batch: 3000 | CrossEntropy-loss: 0.23703 | Correct: 1197/1280

Epoch: 26 | Testing Accuracy: 924246/990020 (93.356%) | Historical Best: 93.356% 

Epoch: 27 | Batch: 000 | CrossEntropy-loss: 0.24904 | Correct: 1203/1280
Epoch: 27 | Batch: 100 | CrossEntropy-loss: 0.23297 | Correct: 1208/1280
Epoch: 27 | Batch: 200 | CrossEntropy-loss: 0.23712 | Correct: 1205/1280
Epoch: 27 | Batch: 300 | CrossEntropy-loss: 0.23724 | Correct: 1201/1280
Epoch: 27 | Batch: 400 | CrossEntropy-loss: 0.24136 | Correct: 1191/1280
Epoch: 27 | Batch: 500 | CrossEntropy-loss: 0.25573 | Correct: 1197/1280
Epoch: 27 | Batch: 600 | CrossEntropy-loss: 0.25178 | Correct: 1186/1280
Epoch: 27 | Batch: 700 | CrossEntropy-loss: 0.24691 | Correct: 1194/1280
Epoch: 27 | Batch: 800 | CrossEntropy-loss: 0.25106 | Correct: 1203/1280
Epoch: 27 | Batch: 900 | CrossEntropy-loss: 0.25092 | Correct: 1195/1280
Epoch: 27 | Batch: 1000 | CrossEntropy-loss: 0.24258 | Correct: 1198/1280
Epoch: 27 | Batch: 1100 | CrossEntropy-loss: 0.24141 | Correct: 1196/1280
Epoch: 27 | Batch: 1200 | CrossEntropy-loss: 0.23580 | Correct: 1210/1280
Epoch: 27 | Batch: 1300 | CrossEntropy-loss: 0.24110 | Correct: 1189/1280
Epoch: 27 | Batch: 1400 | CrossEntropy-loss: 0.24274 | Correct: 1196/1280
Epoch: 27 | Batch: 1500 | CrossEntropy-loss: 0.23470 | Correct: 1212/1280
Epoch: 27 | Batch: 1600 | CrossEntropy-loss: 0.25842 | Correct: 1203/1280
Epoch: 27 | Batch: 1700 | CrossEntropy-loss: 0.23545 | Correct: 1189/1280
Epoch: 27 | Batch: 1800 | CrossEntropy-loss: 0.24490 | Correct: 1195/1280
Epoch: 27 | Batch: 1900 | CrossEntropy-loss: 0.23830 | Correct: 1200/1280
Epoch: 27 | Batch: 2000 | CrossEntropy-loss: 0.24109 | Correct: 1193/1280
Epoch: 27 | Batch: 2100 | CrossEntropy-loss: 0.24563 | Correct: 1199/1280
Epoch: 27 | Batch: 2200 | CrossEntropy-loss: 0.24604 | Correct: 1207/1280
Epoch: 27 | Batch: 2300 | CrossEntropy-loss: 0.25041 | Correct: 1194/1280
Epoch: 27 | Batch: 2400 | CrossEntropy-loss: 0.23029 | Correct: 1206/1280
Epoch: 27 | Batch: 2500 | CrossEntropy-loss: 0.23958 | Correct: 1199/1280
Epoch: 27 | Batch: 2600 | CrossEntropy-loss: 0.24361 | Correct: 1193/1280
Epoch: 27 | Batch: 2700 | CrossEntropy-loss: 0.23676 | Correct: 1205/1280
Epoch: 27 | Batch: 2800 | CrossEntropy-loss: 0.24688 | Correct: 1186/1280
Epoch: 27 | Batch: 2900 | CrossEntropy-loss: 0.25056 | Correct: 1190/1280
Epoch: 27 | Batch: 3000 | CrossEntropy-loss: 0.23837 | Correct: 1198/1280

Epoch: 27 | Testing Accuracy: 925775/990020 (93.511%) | Historical Best: 93.511% 

Epoch: 28 | Batch: 000 | CrossEntropy-loss: 0.24122 | Correct: 1189/1280
Epoch: 28 | Batch: 100 | CrossEntropy-loss: 0.25478 | Correct: 1208/1280
Epoch: 28 | Batch: 200 | CrossEntropy-loss: 0.23334 | Correct: 1212/1280
Epoch: 28 | Batch: 300 | CrossEntropy-loss: 0.24017 | Correct: 1202/1280
Epoch: 28 | Batch: 400 | CrossEntropy-loss: 0.23736 | Correct: 1198/1280
Epoch: 28 | Batch: 500 | CrossEntropy-loss: 0.24974 | Correct: 1190/1280
Epoch: 28 | Batch: 600 | CrossEntropy-loss: 0.25350 | Correct: 1194/1280
Epoch: 28 | Batch: 700 | CrossEntropy-loss: 0.22787 | Correct: 1215/1280
Epoch: 28 | Batch: 800 | CrossEntropy-loss: 0.23797 | Correct: 1208/1280
Epoch: 28 | Batch: 900 | CrossEntropy-loss: 0.24879 | Correct: 1195/1280
Epoch: 28 | Batch: 1000 | CrossEntropy-loss: 0.24906 | Correct: 1184/1280
Epoch: 28 | Batch: 1100 | CrossEntropy-loss: 0.24227 | Correct: 1182/1280
Epoch: 28 | Batch: 1200 | CrossEntropy-loss: 0.23504 | Correct: 1200/1280
Epoch: 28 | Batch: 1300 | CrossEntropy-loss: 0.24361 | Correct: 1212/1280
Epoch: 28 | Batch: 1400 | CrossEntropy-loss: 0.24168 | Correct: 1203/1280
Epoch: 28 | Batch: 1500 | CrossEntropy-loss: 0.24931 | Correct: 1195/1280
Epoch: 28 | Batch: 1600 | CrossEntropy-loss: 0.24735 | Correct: 1202/1280
Epoch: 28 | Batch: 1700 | CrossEntropy-loss: 0.22156 | Correct: 1205/1280
Epoch: 28 | Batch: 1800 | CrossEntropy-loss: 0.24395 | Correct: 1202/1280
Epoch: 28 | Batch: 1900 | CrossEntropy-loss: 0.22844 | Correct: 1195/1280
Epoch: 28 | Batch: 2000 | CrossEntropy-loss: 0.23797 | Correct: 1198/1280
Epoch: 28 | Batch: 2100 | CrossEntropy-loss: 0.23167 | Correct: 1194/1280
Epoch: 28 | Batch: 2200 | CrossEntropy-loss: 0.25314 | Correct: 1202/1280
Epoch: 28 | Batch: 2300 | CrossEntropy-loss: 0.23551 | Correct: 1199/1280
Epoch: 28 | Batch: 2400 | CrossEntropy-loss: 0.22768 | Correct: 1202/1280
Epoch: 28 | Batch: 2500 | CrossEntropy-loss: 0.22611 | Correct: 1213/1280
Epoch: 28 | Batch: 2600 | CrossEntropy-loss: 0.23417 | Correct: 1218/1280
Epoch: 28 | Batch: 2700 | CrossEntropy-loss: 0.24145 | Correct: 1206/1280
Epoch: 28 | Batch: 2800 | CrossEntropy-loss: 0.23312 | Correct: 1205/1280
Epoch: 28 | Batch: 2900 | CrossEntropy-loss: 0.23933 | Correct: 1200/1280
Epoch: 28 | Batch: 3000 | CrossEntropy-loss: 0.22746 | Correct: 1202/1280

Epoch: 28 | Testing Accuracy: 927075/990020 (93.642%) | Historical Best: 93.642% 

Epoch: 29 | Batch: 000 | CrossEntropy-loss: 0.24921 | Correct: 1206/1280
Epoch: 29 | Batch: 100 | CrossEntropy-loss: 0.24591 | Correct: 1192/1280
Epoch: 29 | Batch: 200 | CrossEntropy-loss: 0.23774 | Correct: 1203/1280
Epoch: 29 | Batch: 300 | CrossEntropy-loss: 0.25029 | Correct: 1200/1280
Epoch: 29 | Batch: 400 | CrossEntropy-loss: 0.23081 | Correct: 1205/1280
Epoch: 29 | Batch: 500 | CrossEntropy-loss: 0.23229 | Correct: 1200/1280
Epoch: 29 | Batch: 600 | CrossEntropy-loss: 0.24292 | Correct: 1197/1280
Epoch: 29 | Batch: 700 | CrossEntropy-loss: 0.24975 | Correct: 1189/1280
Epoch: 29 | Batch: 800 | CrossEntropy-loss: 0.24600 | Correct: 1201/1280
Epoch: 29 | Batch: 900 | CrossEntropy-loss: 0.24840 | Correct: 1208/1280
Epoch: 29 | Batch: 1000 | CrossEntropy-loss: 0.22712 | Correct: 1211/1280
Epoch: 29 | Batch: 1100 | CrossEntropy-loss: 0.24679 | Correct: 1194/1280
Epoch: 29 | Batch: 1200 | CrossEntropy-loss: 0.23580 | Correct: 1206/1280
Epoch: 29 | Batch: 1300 | CrossEntropy-loss: 0.23759 | Correct: 1191/1280
Epoch: 29 | Batch: 1400 | CrossEntropy-loss: 0.22244 | Correct: 1207/1280
Epoch: 29 | Batch: 1500 | CrossEntropy-loss: 0.23573 | Correct: 1196/1280
Epoch: 29 | Batch: 1600 | CrossEntropy-loss: 0.24942 | Correct: 1188/1280
Epoch: 29 | Batch: 1700 | CrossEntropy-loss: 0.22280 | Correct: 1201/1280
Epoch: 29 | Batch: 1800 | CrossEntropy-loss: 0.24045 | Correct: 1202/1280
Epoch: 29 | Batch: 1900 | CrossEntropy-loss: 0.24790 | Correct: 1194/1280
Epoch: 29 | Batch: 2000 | CrossEntropy-loss: 0.24614 | Correct: 1201/1280
Epoch: 29 | Batch: 2100 | CrossEntropy-loss: 0.24610 | Correct: 1206/1280
Epoch: 29 | Batch: 2200 | CrossEntropy-loss: 0.24517 | Correct: 1194/1280
Epoch: 29 | Batch: 2300 | CrossEntropy-loss: 0.23260 | Correct: 1197/1280
Epoch: 29 | Batch: 2400 | CrossEntropy-loss: 0.23010 | Correct: 1208/1280
Epoch: 29 | Batch: 2500 | CrossEntropy-loss: 0.24848 | Correct: 1211/1280
Epoch: 29 | Batch: 2600 | CrossEntropy-loss: 0.24555 | Correct: 1196/1280
Epoch: 29 | Batch: 2700 | CrossEntropy-loss: 0.24209 | Correct: 1193/1280
Epoch: 29 | Batch: 2800 | CrossEntropy-loss: 0.24412 | Correct: 1214/1280
Epoch: 29 | Batch: 2900 | CrossEntropy-loss: 0.23551 | Correct: 1196/1280
Epoch: 29 | Batch: 3000 | CrossEntropy-loss: 0.22705 | Correct: 1201/1280

Epoch: 29 | Testing Accuracy: 927565/990020 (93.692%) | Historical Best: 93.692% 

Epoch: 30 | Batch: 000 | CrossEntropy-loss: 0.22331 | Correct: 1208/1280
Epoch: 30 | Batch: 100 | CrossEntropy-loss: 0.23942 | Correct: 1192/1280
Epoch: 30 | Batch: 200 | CrossEntropy-loss: 0.22527 | Correct: 1203/1280
Epoch: 30 | Batch: 300 | CrossEntropy-loss: 0.23404 | Correct: 1202/1280
Epoch: 30 | Batch: 400 | CrossEntropy-loss: 0.21840 | Correct: 1216/1280
Epoch: 30 | Batch: 500 | CrossEntropy-loss: 0.23182 | Correct: 1213/1280
Epoch: 30 | Batch: 600 | CrossEntropy-loss: 0.23388 | Correct: 1210/1280
Epoch: 30 | Batch: 700 | CrossEntropy-loss: 0.23760 | Correct: 1200/1280
Epoch: 30 | Batch: 800 | CrossEntropy-loss: 0.22508 | Correct: 1208/1280
Epoch: 30 | Batch: 900 | CrossEntropy-loss: 0.24301 | Correct: 1191/1280
Epoch: 30 | Batch: 1000 | CrossEntropy-loss: 0.24242 | Correct: 1197/1280
Epoch: 30 | Batch: 1100 | CrossEntropy-loss: 0.22730 | Correct: 1213/1280
Epoch: 30 | Batch: 1200 | CrossEntropy-loss: 0.22784 | Correct: 1201/1280
Epoch: 30 | Batch: 1300 | CrossEntropy-loss: 0.23385 | Correct: 1201/1280
Epoch: 30 | Batch: 1400 | CrossEntropy-loss: 0.24937 | Correct: 1197/1280
Epoch: 30 | Batch: 1500 | CrossEntropy-loss: 0.24350 | Correct: 1195/1280
Epoch: 30 | Batch: 1600 | CrossEntropy-loss: 0.24069 | Correct: 1206/1280
Epoch: 30 | Batch: 1700 | CrossEntropy-loss: 0.24018 | Correct: 1201/1280
Epoch: 30 | Batch: 1800 | CrossEntropy-loss: 0.22507 | Correct: 1202/1280
Epoch: 30 | Batch: 1900 | CrossEntropy-loss: 0.25018 | Correct: 1195/1280
Epoch: 30 | Batch: 2000 | CrossEntropy-loss: 0.24097 | Correct: 1196/1280
Epoch: 30 | Batch: 2100 | CrossEntropy-loss: 0.23808 | Correct: 1194/1280
Epoch: 30 | Batch: 2200 | CrossEntropy-loss: 0.23021 | Correct: 1193/1280
Epoch: 30 | Batch: 2300 | CrossEntropy-loss: 0.23749 | Correct: 1212/1280
Epoch: 30 | Batch: 2400 | CrossEntropy-loss: 0.23800 | Correct: 1207/1280
Epoch: 30 | Batch: 2500 | CrossEntropy-loss: 0.22797 | Correct: 1202/1280
Epoch: 30 | Batch: 2600 | CrossEntropy-loss: 0.24768 | Correct: 1189/1280
Epoch: 30 | Batch: 2700 | CrossEntropy-loss: 0.24966 | Correct: 1195/1280
Epoch: 30 | Batch: 2800 | CrossEntropy-loss: 0.22947 | Correct: 1204/1280
Epoch: 30 | Batch: 2900 | CrossEntropy-loss: 0.23289 | Correct: 1201/1280
Epoch: 30 | Batch: 3000 | CrossEntropy-loss: 0.23390 | Correct: 1206/1280

Epoch: 30 | Testing Accuracy: 927886/990020 (93.724%) | Historical Best: 93.724% 

Epoch: 31 | Batch: 000 | CrossEntropy-loss: 0.23678 | Correct: 1210/1280
Epoch: 31 | Batch: 100 | CrossEntropy-loss: 0.24600 | Correct: 1196/1280
Epoch: 31 | Batch: 200 | CrossEntropy-loss: 0.22824 | Correct: 1203/1280
Epoch: 31 | Batch: 300 | CrossEntropy-loss: 0.23843 | Correct: 1187/1280
Epoch: 31 | Batch: 400 | CrossEntropy-loss: 0.23570 | Correct: 1198/1280
Epoch: 31 | Batch: 500 | CrossEntropy-loss: 0.22572 | Correct: 1210/1280
Epoch: 31 | Batch: 600 | CrossEntropy-loss: 0.23784 | Correct: 1196/1280
Epoch: 31 | Batch: 700 | CrossEntropy-loss: 0.23344 | Correct: 1206/1280
Epoch: 31 | Batch: 800 | CrossEntropy-loss: 0.23841 | Correct: 1202/1280
Epoch: 31 | Batch: 900 | CrossEntropy-loss: 0.24313 | Correct: 1194/1280
Epoch: 31 | Batch: 1000 | CrossEntropy-loss: 0.24007 | Correct: 1205/1280
Epoch: 31 | Batch: 1100 | CrossEntropy-loss: 0.23099 | Correct: 1210/1280
Epoch: 31 | Batch: 1200 | CrossEntropy-loss: 0.25702 | Correct: 1198/1280
Epoch: 31 | Batch: 1300 | CrossEntropy-loss: 0.23516 | Correct: 1188/1280
Epoch: 31 | Batch: 1400 | CrossEntropy-loss: 0.23064 | Correct: 1204/1280
Epoch: 31 | Batch: 1500 | CrossEntropy-loss: 0.23860 | Correct: 1199/1280
Epoch: 31 | Batch: 1600 | CrossEntropy-loss: 0.23758 | Correct: 1205/1280
Epoch: 31 | Batch: 1700 | CrossEntropy-loss: 0.23263 | Correct: 1193/1280
Epoch: 31 | Batch: 1800 | CrossEntropy-loss: 0.23497 | Correct: 1208/1280
Epoch: 31 | Batch: 1900 | CrossEntropy-loss: 0.23810 | Correct: 1201/1280
Epoch: 31 | Batch: 2000 | CrossEntropy-loss: 0.22338 | Correct: 1210/1280
Epoch: 31 | Batch: 2100 | CrossEntropy-loss: 0.22544 | Correct: 1218/1280
Epoch: 31 | Batch: 2200 | CrossEntropy-loss: 0.24253 | Correct: 1200/1280
Epoch: 31 | Batch: 2300 | CrossEntropy-loss: 0.24347 | Correct: 1189/1280
Epoch: 31 | Batch: 2400 | CrossEntropy-loss: 0.22259 | Correct: 1202/1280
Epoch: 31 | Batch: 2500 | CrossEntropy-loss: 0.23866 | Correct: 1204/1280
Epoch: 31 | Batch: 2600 | CrossEntropy-loss: 0.23866 | Correct: 1190/1280
Epoch: 31 | Batch: 2700 | CrossEntropy-loss: 0.22709 | Correct: 1214/1280
Epoch: 31 | Batch: 2800 | CrossEntropy-loss: 0.22775 | Correct: 1205/1280
Epoch: 31 | Batch: 2900 | CrossEntropy-loss: 0.22709 | Correct: 1203/1280
Epoch: 31 | Batch: 3000 | CrossEntropy-loss: 0.23385 | Correct: 1208/1280

Epoch: 31 | Testing Accuracy: 929400/990020 (93.877%) | Historical Best: 93.877% 

Epoch: 32 | Batch: 000 | CrossEntropy-loss: 0.23747 | Correct: 1198/1280
Epoch: 32 | Batch: 100 | CrossEntropy-loss: 0.22594 | Correct: 1206/1280
Epoch: 32 | Batch: 200 | CrossEntropy-loss: 0.21612 | Correct: 1215/1280
Epoch: 32 | Batch: 300 | CrossEntropy-loss: 0.23817 | Correct: 1208/1280
Epoch: 32 | Batch: 400 | CrossEntropy-loss: 0.23619 | Correct: 1210/1280
Epoch: 32 | Batch: 500 | CrossEntropy-loss: 0.22434 | Correct: 1204/1280
Epoch: 32 | Batch: 600 | CrossEntropy-loss: 0.22432 | Correct: 1202/1280
Epoch: 32 | Batch: 700 | CrossEntropy-loss: 0.23409 | Correct: 1201/1280
Epoch: 32 | Batch: 800 | CrossEntropy-loss: 0.22017 | Correct: 1206/1280
Epoch: 32 | Batch: 900 | CrossEntropy-loss: 0.23487 | Correct: 1177/1280
Epoch: 32 | Batch: 1000 | CrossEntropy-loss: 0.23587 | Correct: 1205/1280
Epoch: 32 | Batch: 1100 | CrossEntropy-loss: 0.22834 | Correct: 1187/1280
Epoch: 32 | Batch: 1200 | CrossEntropy-loss: 0.23292 | Correct: 1201/1280
Epoch: 32 | Batch: 1300 | CrossEntropy-loss: 0.22508 | Correct: 1213/1280
Epoch: 32 | Batch: 1400 | CrossEntropy-loss: 0.23520 | Correct: 1184/1280
Epoch: 32 | Batch: 1500 | CrossEntropy-loss: 0.21655 | Correct: 1209/1280
Epoch: 32 | Batch: 1600 | CrossEntropy-loss: 0.22164 | Correct: 1218/1280
Epoch: 32 | Batch: 1700 | CrossEntropy-loss: 0.21727 | Correct: 1209/1280
Epoch: 32 | Batch: 1800 | CrossEntropy-loss: 0.22335 | Correct: 1210/1280
Epoch: 32 | Batch: 1900 | CrossEntropy-loss: 0.25215 | Correct: 1196/1280
Epoch: 32 | Batch: 2000 | CrossEntropy-loss: 0.23156 | Correct: 1197/1280
Epoch: 32 | Batch: 2100 | CrossEntropy-loss: 0.22008 | Correct: 1217/1280
Epoch: 32 | Batch: 2200 | CrossEntropy-loss: 0.23139 | Correct: 1198/1280
Epoch: 32 | Batch: 2300 | CrossEntropy-loss: 0.22277 | Correct: 1201/1280
Epoch: 32 | Batch: 2400 | CrossEntropy-loss: 0.22808 | Correct: 1198/1280
Epoch: 32 | Batch: 2500 | CrossEntropy-loss: 0.23002 | Correct: 1199/1280
Epoch: 32 | Batch: 2600 | CrossEntropy-loss: 0.22174 | Correct: 1203/1280
Epoch: 32 | Batch: 2700 | CrossEntropy-loss: 0.21872 | Correct: 1207/1280
Epoch: 32 | Batch: 2800 | CrossEntropy-loss: 0.22419 | Correct: 1210/1280
Epoch: 32 | Batch: 2900 | CrossEntropy-loss: 0.20901 | Correct: 1222/1280
Epoch: 32 | Batch: 3000 | CrossEntropy-loss: 0.22597 | Correct: 1208/1280

Epoch: 32 | Testing Accuracy: 929723/990020 (93.910%) | Historical Best: 93.910% 

Epoch: 33 | Batch: 000 | CrossEntropy-loss: 0.23637 | Correct: 1190/1280
Epoch: 33 | Batch: 100 | CrossEntropy-loss: 0.22123 | Correct: 1207/1280
Epoch: 33 | Batch: 200 | CrossEntropy-loss: 0.23499 | Correct: 1209/1280
Epoch: 33 | Batch: 300 | CrossEntropy-loss: 0.23904 | Correct: 1187/1280
Epoch: 33 | Batch: 400 | CrossEntropy-loss: 0.22514 | Correct: 1211/1280
Epoch: 33 | Batch: 500 | CrossEntropy-loss: 0.23146 | Correct: 1207/1280
Epoch: 33 | Batch: 600 | CrossEntropy-loss: 0.21934 | Correct: 1205/1280
Epoch: 33 | Batch: 700 | CrossEntropy-loss: 0.22835 | Correct: 1211/1280
Epoch: 33 | Batch: 800 | CrossEntropy-loss: 0.22309 | Correct: 1206/1280
Epoch: 33 | Batch: 900 | CrossEntropy-loss: 0.23545 | Correct: 1205/1280
Epoch: 33 | Batch: 1000 | CrossEntropy-loss: 0.22659 | Correct: 1199/1280
Epoch: 33 | Batch: 1100 | CrossEntropy-loss: 0.22782 | Correct: 1207/1280
Epoch: 33 | Batch: 1200 | CrossEntropy-loss: 0.24687 | Correct: 1182/1280
Epoch: 33 | Batch: 1300 | CrossEntropy-loss: 0.23035 | Correct: 1218/1280
Epoch: 33 | Batch: 1400 | CrossEntropy-loss: 0.21027 | Correct: 1214/1280
Epoch: 33 | Batch: 1500 | CrossEntropy-loss: 0.22995 | Correct: 1200/1280
Epoch: 33 | Batch: 1600 | CrossEntropy-loss: 0.22572 | Correct: 1206/1280
Epoch: 33 | Batch: 1700 | CrossEntropy-loss: 0.23196 | Correct: 1191/1280
Epoch: 33 | Batch: 1800 | CrossEntropy-loss: 0.21720 | Correct: 1207/1280
Epoch: 33 | Batch: 1900 | CrossEntropy-loss: 0.22392 | Correct: 1214/1280
Epoch: 33 | Batch: 2000 | CrossEntropy-loss: 0.23557 | Correct: 1209/1280
Epoch: 33 | Batch: 2100 | CrossEntropy-loss: 0.21811 | Correct: 1212/1280
Epoch: 33 | Batch: 2200 | CrossEntropy-loss: 0.22954 | Correct: 1200/1280
Epoch: 33 | Batch: 2300 | CrossEntropy-loss: 0.22849 | Correct: 1196/1280
Epoch: 33 | Batch: 2400 | CrossEntropy-loss: 0.23429 | Correct: 1198/1280
Epoch: 33 | Batch: 2500 | CrossEntropy-loss: 0.22445 | Correct: 1221/1280
Epoch: 33 | Batch: 2600 | CrossEntropy-loss: 0.21752 | Correct: 1204/1280
Epoch: 33 | Batch: 2700 | CrossEntropy-loss: 0.23725 | Correct: 1193/1280
Epoch: 33 | Batch: 2800 | CrossEntropy-loss: 0.22574 | Correct: 1209/1280
Epoch: 33 | Batch: 2900 | CrossEntropy-loss: 0.22458 | Correct: 1191/1280
Epoch: 33 | Batch: 3000 | CrossEntropy-loss: 0.23098 | Correct: 1195/1280

Epoch: 33 | Testing Accuracy: 931357/990020 (94.075%) | Historical Best: 94.075% 

Epoch: 34 | Batch: 000 | CrossEntropy-loss: 0.21838 | Correct: 1209/1280
Epoch: 34 | Batch: 100 | CrossEntropy-loss: 0.23614 | Correct: 1197/1280
Epoch: 34 | Batch: 200 | CrossEntropy-loss: 0.21901 | Correct: 1199/1280
Epoch: 34 | Batch: 300 | CrossEntropy-loss: 0.22757 | Correct: 1198/1280
Epoch: 34 | Batch: 400 | CrossEntropy-loss: 0.23961 | Correct: 1201/1280
Epoch: 34 | Batch: 500 | CrossEntropy-loss: 0.23032 | Correct: 1204/1280
Epoch: 34 | Batch: 600 | CrossEntropy-loss: 0.24399 | Correct: 1192/1280
Epoch: 34 | Batch: 700 | CrossEntropy-loss: 0.22795 | Correct: 1189/1280
Epoch: 34 | Batch: 800 | CrossEntropy-loss: 0.23165 | Correct: 1201/1280
Epoch: 34 | Batch: 900 | CrossEntropy-loss: 0.22922 | Correct: 1192/1280
Epoch: 34 | Batch: 1000 | CrossEntropy-loss: 0.23565 | Correct: 1201/1280
Epoch: 34 | Batch: 1100 | CrossEntropy-loss: 0.22603 | Correct: 1209/1280
Epoch: 34 | Batch: 1200 | CrossEntropy-loss: 0.22547 | Correct: 1202/1280
Epoch: 34 | Batch: 1300 | CrossEntropy-loss: 0.22478 | Correct: 1205/1280
Epoch: 34 | Batch: 1400 | CrossEntropy-loss: 0.21938 | Correct: 1201/1280
Epoch: 34 | Batch: 1500 | CrossEntropy-loss: 0.23106 | Correct: 1205/1280
Epoch: 34 | Batch: 1600 | CrossEntropy-loss: 0.22101 | Correct: 1207/1280
Epoch: 34 | Batch: 1700 | CrossEntropy-loss: 0.22726 | Correct: 1203/1280
Epoch: 34 | Batch: 1800 | CrossEntropy-loss: 0.22039 | Correct: 1202/1280
Epoch: 34 | Batch: 1900 | CrossEntropy-loss: 0.23253 | Correct: 1200/1280
Epoch: 34 | Batch: 2000 | CrossEntropy-loss: 0.22025 | Correct: 1211/1280
Epoch: 34 | Batch: 2100 | CrossEntropy-loss: 0.24061 | Correct: 1193/1280
Epoch: 34 | Batch: 2200 | CrossEntropy-loss: 0.23675 | Correct: 1198/1280
Epoch: 34 | Batch: 2300 | CrossEntropy-loss: 0.22173 | Correct: 1209/1280
Epoch: 34 | Batch: 2400 | CrossEntropy-loss: 0.23939 | Correct: 1199/1280
Epoch: 34 | Batch: 2500 | CrossEntropy-loss: 0.24292 | Correct: 1199/1280
Epoch: 34 | Batch: 2600 | CrossEntropy-loss: 0.24389 | Correct: 1195/1280
Epoch: 34 | Batch: 2700 | CrossEntropy-loss: 0.23613 | Correct: 1200/1280
Epoch: 34 | Batch: 2800 | CrossEntropy-loss: 0.22105 | Correct: 1205/1280
Epoch: 34 | Batch: 2900 | CrossEntropy-loss: 0.22314 | Correct: 1199/1280
Epoch: 34 | Batch: 3000 | CrossEntropy-loss: 0.23154 | Correct: 1201/1280

Epoch: 34 | Testing Accuracy: 930842/990020 (94.023%) | Historical Best: 94.075% 

Epoch: 35 | Batch: 000 | CrossEntropy-loss: 0.23201 | Correct: 1196/1280
Epoch: 35 | Batch: 100 | CrossEntropy-loss: 0.24958 | Correct: 1189/1280
Epoch: 35 | Batch: 200 | CrossEntropy-loss: 0.21621 | Correct: 1206/1280
Epoch: 35 | Batch: 300 | CrossEntropy-loss: 0.21422 | Correct: 1218/1280
Epoch: 35 | Batch: 400 | CrossEntropy-loss: 0.22675 | Correct: 1205/1280
Epoch: 35 | Batch: 500 | CrossEntropy-loss: 0.22787 | Correct: 1202/1280
Epoch: 35 | Batch: 600 | CrossEntropy-loss: 0.23190 | Correct: 1202/1280
Epoch: 35 | Batch: 700 | CrossEntropy-loss: 0.21934 | Correct: 1214/1280
Epoch: 35 | Batch: 800 | CrossEntropy-loss: 0.21556 | Correct: 1213/1280
Epoch: 35 | Batch: 900 | CrossEntropy-loss: 0.22178 | Correct: 1215/1280
Epoch: 35 | Batch: 1000 | CrossEntropy-loss: 0.21052 | Correct: 1210/1280
Epoch: 35 | Batch: 1100 | CrossEntropy-loss: 0.21896 | Correct: 1212/1280
Epoch: 35 | Batch: 1200 | CrossEntropy-loss: 0.22495 | Correct: 1203/1280
Epoch: 35 | Batch: 1300 | CrossEntropy-loss: 0.22793 | Correct: 1207/1280
Epoch: 35 | Batch: 1400 | CrossEntropy-loss: 0.22252 | Correct: 1205/1280
Epoch: 35 | Batch: 1500 | CrossEntropy-loss: 0.21875 | Correct: 1228/1280
Epoch: 35 | Batch: 1600 | CrossEntropy-loss: 0.24093 | Correct: 1193/1280
Epoch: 35 | Batch: 1700 | CrossEntropy-loss: 0.22598 | Correct: 1198/1280
Epoch: 35 | Batch: 1800 | CrossEntropy-loss: 0.22536 | Correct: 1221/1280
Epoch: 35 | Batch: 1900 | CrossEntropy-loss: 0.22332 | Correct: 1205/1280
Epoch: 35 | Batch: 2000 | CrossEntropy-loss: 0.23825 | Correct: 1193/1280
Epoch: 35 | Batch: 2100 | CrossEntropy-loss: 0.21334 | Correct: 1222/1280
Epoch: 35 | Batch: 2200 | CrossEntropy-loss: 0.22404 | Correct: 1203/1280
Epoch: 35 | Batch: 2300 | CrossEntropy-loss: 0.22917 | Correct: 1189/1280
Epoch: 35 | Batch: 2400 | CrossEntropy-loss: 0.22152 | Correct: 1202/1280
Epoch: 35 | Batch: 2500 | CrossEntropy-loss: 0.21800 | Correct: 1202/1280
Epoch: 35 | Batch: 2600 | CrossEntropy-loss: 0.20963 | Correct: 1201/1280
Epoch: 35 | Batch: 2700 | CrossEntropy-loss: 0.22200 | Correct: 1191/1280
Epoch: 35 | Batch: 2800 | CrossEntropy-loss: 0.22822 | Correct: 1182/1280
Epoch: 35 | Batch: 2900 | CrossEntropy-loss: 0.22750 | Correct: 1195/1280
Epoch: 35 | Batch: 3000 | CrossEntropy-loss: 0.24621 | Correct: 1193/1280

Epoch: 35 | Testing Accuracy: 931275/990020 (94.066%) | Historical Best: 94.075% 

Epoch: 36 | Batch: 000 | CrossEntropy-loss: 0.23223 | Correct: 1197/1280
Epoch: 36 | Batch: 100 | CrossEntropy-loss: 0.22805 | Correct: 1197/1280
Epoch: 36 | Batch: 200 | CrossEntropy-loss: 0.23195 | Correct: 1206/1280
Epoch: 36 | Batch: 300 | CrossEntropy-loss: 0.23221 | Correct: 1206/1280
Epoch: 36 | Batch: 400 | CrossEntropy-loss: 0.22093 | Correct: 1211/1280
Epoch: 36 | Batch: 500 | CrossEntropy-loss: 0.20803 | Correct: 1221/1280
Epoch: 36 | Batch: 600 | CrossEntropy-loss: 0.22488 | Correct: 1193/1280
Epoch: 36 | Batch: 700 | CrossEntropy-loss: 0.23368 | Correct: 1199/1280
Epoch: 36 | Batch: 800 | CrossEntropy-loss: 0.23920 | Correct: 1187/1280
Epoch: 36 | Batch: 900 | CrossEntropy-loss: 0.22987 | Correct: 1208/1280
Epoch: 36 | Batch: 1000 | CrossEntropy-loss: 0.21263 | Correct: 1199/1280
Epoch: 36 | Batch: 1100 | CrossEntropy-loss: 0.23011 | Correct: 1202/1280
Epoch: 36 | Batch: 1200 | CrossEntropy-loss: 0.22840 | Correct: 1203/1280
Epoch: 36 | Batch: 1300 | CrossEntropy-loss: 0.23388 | Correct: 1194/1280
Epoch: 36 | Batch: 1400 | CrossEntropy-loss: 0.21646 | Correct: 1202/1280
Epoch: 36 | Batch: 1500 | CrossEntropy-loss: 0.21710 | Correct: 1211/1280
Epoch: 36 | Batch: 1600 | CrossEntropy-loss: 0.22268 | Correct: 1202/1280
Epoch: 36 | Batch: 1700 | CrossEntropy-loss: 0.22919 | Correct: 1199/1280
Epoch: 36 | Batch: 1800 | CrossEntropy-loss: 0.21353 | Correct: 1221/1280
Epoch: 36 | Batch: 1900 | CrossEntropy-loss: 0.22725 | Correct: 1188/1280
Epoch: 36 | Batch: 2000 | CrossEntropy-loss: 0.22517 | Correct: 1205/1280
Epoch: 36 | Batch: 2100 | CrossEntropy-loss: 0.20500 | Correct: 1232/1280
Epoch: 36 | Batch: 2200 | CrossEntropy-loss: 0.22243 | Correct: 1209/1280
Epoch: 36 | Batch: 2300 | CrossEntropy-loss: 0.22123 | Correct: 1206/1280
Epoch: 36 | Batch: 2400 | CrossEntropy-loss: 0.22669 | Correct: 1198/1280
Epoch: 36 | Batch: 2500 | CrossEntropy-loss: 0.22720 | Correct: 1203/1280
Epoch: 36 | Batch: 2600 | CrossEntropy-loss: 0.21539 | Correct: 1208/1280
Epoch: 36 | Batch: 2700 | CrossEntropy-loss: 0.21971 | Correct: 1212/1280
Epoch: 36 | Batch: 2800 | CrossEntropy-loss: 0.24020 | Correct: 1202/1280
Epoch: 36 | Batch: 2900 | CrossEntropy-loss: 0.22818 | Correct: 1210/1280
Epoch: 36 | Batch: 3000 | CrossEntropy-loss: 0.22106 | Correct: 1207/1280

Epoch: 36 | Testing Accuracy: 930632/990020 (94.001%) | Historical Best: 94.075% 

Epoch: 37 | Batch: 000 | CrossEntropy-loss: 0.21889 | Correct: 1206/1280
Epoch: 37 | Batch: 100 | CrossEntropy-loss: 0.22896 | Correct: 1198/1280
Epoch: 37 | Batch: 200 | CrossEntropy-loss: 0.23543 | Correct: 1197/1280
Epoch: 37 | Batch: 300 | CrossEntropy-loss: 0.22630 | Correct: 1208/1280
Epoch: 37 | Batch: 400 | CrossEntropy-loss: 0.22213 | Correct: 1210/1280
Epoch: 37 | Batch: 500 | CrossEntropy-loss: 0.22914 | Correct: 1208/1280
Epoch: 37 | Batch: 600 | CrossEntropy-loss: 0.22174 | Correct: 1206/1280
Epoch: 37 | Batch: 700 | CrossEntropy-loss: 0.21473 | Correct: 1200/1280
Epoch: 37 | Batch: 800 | CrossEntropy-loss: 0.22268 | Correct: 1203/1280
Epoch: 37 | Batch: 900 | CrossEntropy-loss: 0.22475 | Correct: 1208/1280
Epoch: 37 | Batch: 1000 | CrossEntropy-loss: 0.21927 | Correct: 1215/1280
Epoch: 37 | Batch: 1100 | CrossEntropy-loss: 0.21700 | Correct: 1225/1280
Epoch: 37 | Batch: 1200 | CrossEntropy-loss: 0.23135 | Correct: 1189/1280
Epoch: 37 | Batch: 1300 | CrossEntropy-loss: 0.22227 | Correct: 1208/1280
Epoch: 37 | Batch: 1400 | CrossEntropy-loss: 0.22080 | Correct: 1205/1280
Epoch: 37 | Batch: 1500 | CrossEntropy-loss: 0.22356 | Correct: 1211/1280
Epoch: 37 | Batch: 1600 | CrossEntropy-loss: 0.23636 | Correct: 1175/1280
Epoch: 37 | Batch: 1700 | CrossEntropy-loss: 0.23039 | Correct: 1197/1280
Epoch: 37 | Batch: 1800 | CrossEntropy-loss: 0.21848 | Correct: 1203/1280
Epoch: 37 | Batch: 1900 | CrossEntropy-loss: 0.23551 | Correct: 1206/1280
Epoch: 37 | Batch: 2000 | CrossEntropy-loss: 0.23012 | Correct: 1206/1280
Epoch: 37 | Batch: 2100 | CrossEntropy-loss: 0.23388 | Correct: 1208/1280
Epoch: 37 | Batch: 2200 | CrossEntropy-loss: 0.21478 | Correct: 1205/1280
Epoch: 37 | Batch: 2300 | CrossEntropy-loss: 0.22768 | Correct: 1197/1280
Epoch: 37 | Batch: 2400 | CrossEntropy-loss: 0.21903 | Correct: 1204/1280
Epoch: 37 | Batch: 2500 | CrossEntropy-loss: 0.22028 | Correct: 1201/1280
Epoch: 37 | Batch: 2600 | CrossEntropy-loss: 0.22655 | Correct: 1206/1280
Epoch: 37 | Batch: 2700 | CrossEntropy-loss: 0.21196 | Correct: 1199/1280
Epoch: 37 | Batch: 2800 | CrossEntropy-loss: 0.22005 | Correct: 1207/1280
Epoch: 37 | Batch: 2900 | CrossEntropy-loss: 0.22369 | Correct: 1202/1280
Epoch: 37 | Batch: 3000 | CrossEntropy-loss: 0.23098 | Correct: 1202/1280

Epoch: 37 | Testing Accuracy: 930410/990020 (93.979%) | Historical Best: 94.075% 

Epoch: 38 | Batch: 000 | CrossEntropy-loss: 0.22403 | Correct: 1204/1280
Epoch: 38 | Batch: 100 | CrossEntropy-loss: 0.22195 | Correct: 1208/1280
Epoch: 38 | Batch: 200 | CrossEntropy-loss: 0.20885 | Correct: 1200/1280
Epoch: 38 | Batch: 300 | CrossEntropy-loss: 0.22069 | Correct: 1193/1280
Epoch: 38 | Batch: 400 | CrossEntropy-loss: 0.23070 | Correct: 1188/1280
Epoch: 38 | Batch: 500 | CrossEntropy-loss: 0.22504 | Correct: 1205/1280
Epoch: 38 | Batch: 600 | CrossEntropy-loss: 0.22328 | Correct: 1200/1280
Epoch: 38 | Batch: 700 | CrossEntropy-loss: 0.23567 | Correct: 1187/1280
Epoch: 38 | Batch: 800 | CrossEntropy-loss: 0.22768 | Correct: 1200/1280
Epoch: 38 | Batch: 900 | CrossEntropy-loss: 0.22516 | Correct: 1202/1280
Epoch: 38 | Batch: 1000 | CrossEntropy-loss: 0.23000 | Correct: 1206/1280
Epoch: 38 | Batch: 1100 | CrossEntropy-loss: 0.21873 | Correct: 1208/1280
Epoch: 38 | Batch: 1200 | CrossEntropy-loss: 0.21446 | Correct: 1209/1280
Epoch: 38 | Batch: 1300 | CrossEntropy-loss: 0.20578 | Correct: 1224/1280
Epoch: 38 | Batch: 1400 | CrossEntropy-loss: 0.22288 | Correct: 1202/1280
Epoch: 38 | Batch: 1500 | CrossEntropy-loss: 0.22913 | Correct: 1200/1280
Epoch: 38 | Batch: 1600 | CrossEntropy-loss: 0.22435 | Correct: 1213/1280
Epoch: 38 | Batch: 1700 | CrossEntropy-loss: 0.22983 | Correct: 1189/1280
Epoch: 38 | Batch: 1800 | CrossEntropy-loss: 0.22438 | Correct: 1200/1280
Epoch: 38 | Batch: 1900 | CrossEntropy-loss: 0.22690 | Correct: 1195/1280
Epoch: 38 | Batch: 2000 | CrossEntropy-loss: 0.23817 | Correct: 1197/1280
Epoch: 38 | Batch: 2100 | CrossEntropy-loss: 0.23775 | Correct: 1183/1280
Epoch: 38 | Batch: 2200 | CrossEntropy-loss: 0.21824 | Correct: 1190/1280
Epoch: 38 | Batch: 2300 | CrossEntropy-loss: 0.21321 | Correct: 1221/1280
Epoch: 38 | Batch: 2400 | CrossEntropy-loss: 0.22733 | Correct: 1203/1280
Epoch: 38 | Batch: 2500 | CrossEntropy-loss: 0.21062 | Correct: 1217/1280
Epoch: 38 | Batch: 2600 | CrossEntropy-loss: 0.21533 | Correct: 1216/1280
Epoch: 38 | Batch: 2700 | CrossEntropy-loss: 0.22342 | Correct: 1204/1280
Epoch: 38 | Batch: 2800 | CrossEntropy-loss: 0.22121 | Correct: 1201/1280
Epoch: 38 | Batch: 2900 | CrossEntropy-loss: 0.22883 | Correct: 1203/1280
Epoch: 38 | Batch: 3000 | CrossEntropy-loss: 0.22212 | Correct: 1216/1280

Epoch: 38 | Testing Accuracy: 931334/990020 (94.072%) | Historical Best: 94.075% 

Epoch: 39 | Batch: 000 | CrossEntropy-loss: 0.22078 | Correct: 1206/1280
Epoch: 39 | Batch: 100 | CrossEntropy-loss: 0.23884 | Correct: 1190/1280
Epoch: 39 | Batch: 200 | CrossEntropy-loss: 0.22476 | Correct: 1206/1280
Epoch: 39 | Batch: 300 | CrossEntropy-loss: 0.22065 | Correct: 1210/1280
Epoch: 39 | Batch: 400 | CrossEntropy-loss: 0.22390 | Correct: 1202/1280
Epoch: 39 | Batch: 500 | CrossEntropy-loss: 0.22114 | Correct: 1214/1280
Epoch: 39 | Batch: 600 | CrossEntropy-loss: 0.22116 | Correct: 1205/1280
Epoch: 39 | Batch: 700 | CrossEntropy-loss: 0.22555 | Correct: 1209/1280
Epoch: 39 | Batch: 800 | CrossEntropy-loss: 0.21751 | Correct: 1196/1280
Epoch: 39 | Batch: 900 | CrossEntropy-loss: 0.22706 | Correct: 1200/1280
Epoch: 39 | Batch: 1000 | CrossEntropy-loss: 0.23001 | Correct: 1190/1280
Epoch: 39 | Batch: 1100 | CrossEntropy-loss: 0.21657 | Correct: 1201/1280
Epoch: 39 | Batch: 1200 | CrossEntropy-loss: 0.21145 | Correct: 1211/1280
Epoch: 39 | Batch: 1300 | CrossEntropy-loss: 0.22055 | Correct: 1204/1280
Epoch: 39 | Batch: 1400 | CrossEntropy-loss: 0.22377 | Correct: 1217/1280
Epoch: 39 | Batch: 1500 | CrossEntropy-loss: 0.22815 | Correct: 1196/1280
Epoch: 39 | Batch: 1600 | CrossEntropy-loss: 0.20496 | Correct: 1220/1280
Epoch: 39 | Batch: 1700 | CrossEntropy-loss: 0.22288 | Correct: 1194/1280
Epoch: 39 | Batch: 1800 | CrossEntropy-loss: 0.21014 | Correct: 1208/1280
Epoch: 39 | Batch: 1900 | CrossEntropy-loss: 0.21821 | Correct: 1212/1280
Epoch: 39 | Batch: 2000 | CrossEntropy-loss: 0.24052 | Correct: 1191/1280
Epoch: 39 | Batch: 2100 | CrossEntropy-loss: 0.22652 | Correct: 1205/1280
Epoch: 39 | Batch: 2200 | CrossEntropy-loss: 0.23176 | Correct: 1207/1280
Epoch: 39 | Batch: 2300 | CrossEntropy-loss: 0.20150 | Correct: 1220/1280
Epoch: 39 | Batch: 2400 | CrossEntropy-loss: 0.22082 | Correct: 1203/1280
Epoch: 39 | Batch: 2500 | CrossEntropy-loss: 0.19835 | Correct: 1213/1280
Epoch: 39 | Batch: 2600 | CrossEntropy-loss: 0.20422 | Correct: 1208/1280
Epoch: 39 | Batch: 2700 | CrossEntropy-loss: 0.22947 | Correct: 1203/1280
Epoch: 39 | Batch: 2800 | CrossEntropy-loss: 0.20423 | Correct: 1213/1280
Epoch: 39 | Batch: 2900 | CrossEntropy-loss: 0.20816 | Correct: 1216/1280
Epoch: 39 | Batch: 3000 | CrossEntropy-loss: 0.22421 | Correct: 1208/1280

Epoch: 39 | Testing Accuracy: 931227/990020 (94.061%) | Historical Best: 94.075% 

Epoch: 40 | Batch: 000 | CrossEntropy-loss: 0.22904 | Correct: 1197/1280
Epoch: 40 | Batch: 100 | CrossEntropy-loss: 0.23790 | Correct: 1181/1280
Epoch: 40 | Batch: 200 | CrossEntropy-loss: 0.21611 | Correct: 1199/1280
Epoch: 40 | Batch: 300 | CrossEntropy-loss: 0.22629 | Correct: 1194/1280
Epoch: 40 | Batch: 400 | CrossEntropy-loss: 0.21593 | Correct: 1202/1280
Epoch: 40 | Batch: 500 | CrossEntropy-loss: 0.21539 | Correct: 1205/1280
Epoch: 40 | Batch: 600 | CrossEntropy-loss: 0.20605 | Correct: 1200/1280
Epoch: 40 | Batch: 700 | CrossEntropy-loss: 0.21752 | Correct: 1195/1280
Epoch: 40 | Batch: 800 | CrossEntropy-loss: 0.22867 | Correct: 1203/1280
Epoch: 40 | Batch: 900 | CrossEntropy-loss: 0.20493 | Correct: 1199/1280
Epoch: 40 | Batch: 1000 | CrossEntropy-loss: 0.22118 | Correct: 1208/1280
Epoch: 40 | Batch: 1100 | CrossEntropy-loss: 0.21377 | Correct: 1207/1280
Epoch: 40 | Batch: 1200 | CrossEntropy-loss: 0.20637 | Correct: 1204/1280
Epoch: 40 | Batch: 1300 | CrossEntropy-loss: 0.21579 | Correct: 1204/1280
Epoch: 40 | Batch: 1400 | CrossEntropy-loss: 0.22543 | Correct: 1203/1280
Epoch: 40 | Batch: 1500 | CrossEntropy-loss: 0.20332 | Correct: 1214/1280
Epoch: 40 | Batch: 1600 | CrossEntropy-loss: 0.21660 | Correct: 1203/1280
Epoch: 40 | Batch: 1700 | CrossEntropy-loss: 0.21469 | Correct: 1204/1280
Epoch: 40 | Batch: 1800 | CrossEntropy-loss: 0.20326 | Correct: 1220/1280
Epoch: 40 | Batch: 1900 | CrossEntropy-loss: 0.21456 | Correct: 1205/1280
Epoch: 40 | Batch: 2000 | CrossEntropy-loss: 0.20264 | Correct: 1216/1280
Epoch: 40 | Batch: 2100 | CrossEntropy-loss: 0.21731 | Correct: 1205/1280
Epoch: 40 | Batch: 2200 | CrossEntropy-loss: 0.20720 | Correct: 1221/1280
Epoch: 40 | Batch: 2300 | CrossEntropy-loss: 0.21174 | Correct: 1199/1280
Epoch: 40 | Batch: 2400 | CrossEntropy-loss: 0.20731 | Correct: 1217/1280
Epoch: 40 | Batch: 2500 | CrossEntropy-loss: 0.21538 | Correct: 1209/1280
Epoch: 40 | Batch: 2600 | CrossEntropy-loss: 0.22610 | Correct: 1197/1280
Epoch: 40 | Batch: 2700 | CrossEntropy-loss: 0.22038 | Correct: 1194/1280
Epoch: 40 | Batch: 2800 | CrossEntropy-loss: 0.22446 | Correct: 1203/1280
Epoch: 40 | Batch: 2900 | CrossEntropy-loss: 0.21330 | Correct: 1211/1280
Epoch: 40 | Batch: 3000 | CrossEntropy-loss: 0.21431 | Correct: 1198/1280

Epoch: 40 | Testing Accuracy: 932095/990020 (94.149%) | Historical Best: 94.149% 

