compute009
0
/home/zihan/anaconda3/envs/exp/lib/python3.6/site-packages/tensorboard/compat/tensorflow_stub/dtypes.py:541: FutureWarning: Passing (type, 1) or '1type' as a synonym of type is deprecated; in a future version of numpy, it will be understood as (type, (1,)) / '(1,)type'.
  _np_qint8 = np.dtype([("qint8", np.int8, 1)])
/home/zihan/anaconda3/envs/exp/lib/python3.6/site-packages/tensorboard/compat/tensorflow_stub/dtypes.py:542: FutureWarning: Passing (type, 1) or '1type' as a synonym of type is deprecated; in a future version of numpy, it will be understood as (type, (1,)) / '(1,)type'.
  _np_quint8 = np.dtype([("quint8", np.uint8, 1)])
/home/zihan/anaconda3/envs/exp/lib/python3.6/site-packages/tensorboard/compat/tensorflow_stub/dtypes.py:543: FutureWarning: Passing (type, 1) or '1type' as a synonym of type is deprecated; in a future version of numpy, it will be understood as (type, (1,)) / '(1,)type'.
  _np_qint16 = np.dtype([("qint16", np.int16, 1)])
/home/zihan/anaconda3/envs/exp/lib/python3.6/site-packages/tensorboard/compat/tensorflow_stub/dtypes.py:544: FutureWarning: Passing (type, 1) or '1type' as a synonym of type is deprecated; in a future version of numpy, it will be understood as (type, (1,)) / '(1,)type'.
  _np_quint16 = np.dtype([("quint16", np.uint16, 1)])
/home/zihan/anaconda3/envs/exp/lib/python3.6/site-packages/tensorboard/compat/tensorflow_stub/dtypes.py:545: FutureWarning: Passing (type, 1) or '1type' as a synonym of type is deprecated; in a future version of numpy, it will be understood as (type, (1,)) / '(1,)type'.
  _np_qint32 = np.dtype([("qint32", np.int32, 1)])
/home/zihan/anaconda3/envs/exp/lib/python3.6/site-packages/tensorboard/compat/tensorflow_stub/dtypes.py:550: FutureWarning: Passing (type, 1) or '1type' as a synonym of type is deprecated; in a future version of numpy, it will be understood as (type, (1,)) / '(1,)type'.
  np_resource = np.dtype([("resource", np.ubyte, 1)])
Epoch: 01 | Batch: 000 | CrossEntropy-loss: 1.38053 | Correct: 402/1280 | Difference: 1.0040104739084206
Epoch: 01 | Batch: 100 | CrossEntropy-loss: 1.28700 | Correct: 653/1280 | Difference: 1.006501040626827
Epoch: 01 | Batch: 200 | CrossEntropy-loss: 1.18934 | Correct: 731/1280 | Difference: 1.0019147627756702
Epoch: 01 | Batch: 300 | CrossEntropy-loss: 1.10501 | Correct: 717/1280 | Difference: 0.9938351089518923
Epoch: 01 | Batch: 400 | CrossEntropy-loss: 1.03910 | Correct: 737/1280 | Difference: 0.9670571931244567
Epoch: 01 | Batch: 500 | CrossEntropy-loss: 1.00078 | Correct: 775/1280 | Difference: 0.9422350758452169
Epoch: 01 | Batch: 600 | CrossEntropy-loss: 0.99190 | Correct: 733/1280 | Difference: 0.9246648657381596
Epoch: 01 | Batch: 700 | CrossEntropy-loss: 0.95854 | Correct: 755/1280 | Difference: 0.9071644020626687
Epoch: 01 | Batch: 800 | CrossEntropy-loss: 0.96377 | Correct: 717/1280 | Difference: 0.8910017183585783
Epoch: 01 | Batch: 900 | CrossEntropy-loss: 0.92010 | Correct: 750/1280 | Difference: 0.8784518808058093
Epoch: 01 | Batch: 1000 | CrossEntropy-loss: 0.91162 | Correct: 730/1280 | Difference: 0.868526153428278
Epoch: 01 | Batch: 1100 | CrossEntropy-loss: 0.90182 | Correct: 755/1280 | Difference: 0.8612126357662919
Epoch: 01 | Batch: 1200 | CrossEntropy-loss: 0.87531 | Correct: 770/1280 | Difference: 0.8562977867185306
Epoch: 01 | Batch: 1300 | CrossEntropy-loss: 0.90415 | Correct: 747/1280 | Difference: 0.8527935983028383
Epoch: 01 | Batch: 1400 | CrossEntropy-loss: 0.91193 | Correct: 764/1280 | Difference: 0.8506689515569985
Epoch: 01 | Batch: 1500 | CrossEntropy-loss: 0.87775 | Correct: 767/1280 | Difference: 0.8492994032499023
Epoch: 01 | Batch: 1600 | CrossEntropy-loss: 0.85895 | Correct: 786/1280 | Difference: 0.8474385621787138

Epoch: 01 | Testing Accuracy: 318853/523747 (60.879%) | Historical Best: 60.879% 

Epoch: 02 | Batch: 000 | CrossEntropy-loss: 0.86622 | Correct: 781/1280 | Difference: 0.8469299442773083
Epoch: 02 | Batch: 100 | CrossEntropy-loss: 0.86980 | Correct: 792/1280 | Difference: 0.8458087678243561
Epoch: 02 | Batch: 200 | CrossEntropy-loss: 0.86294 | Correct: 786/1280 | Difference: 0.8457491198154025
Epoch: 02 | Batch: 300 | CrossEntropy-loss: 0.87512 | Correct: 780/1280 | Difference: 0.8458450178987498
Epoch: 02 | Batch: 400 | CrossEntropy-loss: 0.88180 | Correct: 766/1280 | Difference: 0.8467733844334309
Epoch: 02 | Batch: 500 | CrossEntropy-loss: 0.92084 | Correct: 746/1280 | Difference: 0.8480175257681163
Epoch: 02 | Batch: 600 | CrossEntropy-loss: 0.86526 | Correct: 778/1280 | Difference: 0.8474586652026418
Epoch: 02 | Batch: 700 | CrossEntropy-loss: 0.84686 | Correct: 768/1280 | Difference: 0.8462972265708953
Epoch: 02 | Batch: 800 | CrossEntropy-loss: 0.88965 | Correct: 754/1280 | Difference: 0.8443276165457025
Epoch: 02 | Batch: 900 | CrossEntropy-loss: 0.84289 | Correct: 793/1280 | Difference: 0.8436178542721238
Epoch: 02 | Batch: 1000 | CrossEntropy-loss: 0.86189 | Correct: 791/1280 | Difference: 0.8419785475369029
Epoch: 02 | Batch: 1100 | CrossEntropy-loss: 0.82029 | Correct: 812/1280 | Difference: 0.8399716883248687
Epoch: 02 | Batch: 1200 | CrossEntropy-loss: 0.89950 | Correct: 783/1280 | Difference: 0.8374022273086611
Epoch: 02 | Batch: 1300 | CrossEntropy-loss: 0.87246 | Correct: 776/1280 | Difference: 0.8370865413169011
Epoch: 02 | Batch: 1400 | CrossEntropy-loss: 0.90042 | Correct: 798/1280 | Difference: 0.8359495063324051
Epoch: 02 | Batch: 1500 | CrossEntropy-loss: 0.84297 | Correct: 828/1280 | Difference: 0.8347835714243667
Epoch: 02 | Batch: 1600 | CrossEntropy-loss: 0.88153 | Correct: 776/1280 | Difference: 0.8328897806139564

Epoch: 02 | Testing Accuracy: 317209/523747 (60.565%) | Historical Best: 60.879% 

Epoch: 03 | Batch: 000 | CrossEntropy-loss: 0.86187 | Correct: 779/1280 | Difference: 0.8325333943955152
Epoch: 03 | Batch: 100 | CrossEntropy-loss: 0.87818 | Correct: 776/1280 | Difference: 0.829808196496105
Epoch: 03 | Batch: 200 | CrossEntropy-loss: 0.90094 | Correct: 771/1280 | Difference: 0.8288399993426053
Epoch: 03 | Batch: 300 | CrossEntropy-loss: 0.91108 | Correct: 729/1280 | Difference: 0.8283838449101081
Epoch: 03 | Batch: 400 | CrossEntropy-loss: 0.86142 | Correct: 803/1280 | Difference: 0.8273996911658503
Epoch: 03 | Batch: 500 | CrossEntropy-loss: 0.85708 | Correct: 776/1280 | Difference: 0.8254275808597659
Epoch: 03 | Batch: 600 | CrossEntropy-loss: 0.88590 | Correct: 755/1280 | Difference: 0.8247023756457738
Epoch: 03 | Batch: 700 | CrossEntropy-loss: 0.85115 | Correct: 777/1280 | Difference: 0.8238734057663442
Epoch: 03 | Batch: 800 | CrossEntropy-loss: 0.85352 | Correct: 790/1280 | Difference: 0.8206361477521363
Epoch: 03 | Batch: 900 | CrossEntropy-loss: 0.83788 | Correct: 793/1280 | Difference: 0.818699657674219
Epoch: 03 | Batch: 1000 | CrossEntropy-loss: 0.86474 | Correct: 783/1280 | Difference: 0.8172235537678311
Epoch: 03 | Batch: 1100 | CrossEntropy-loss: 0.82384 | Correct: 791/1280 | Difference: 0.8149993337216329
Epoch: 03 | Batch: 1200 | CrossEntropy-loss: 0.87101 | Correct: 772/1280 | Difference: 0.8131737809940551
Epoch: 03 | Batch: 1300 | CrossEntropy-loss: 0.83347 | Correct: 801/1280 | Difference: 0.8105176054040377
Epoch: 03 | Batch: 1400 | CrossEntropy-loss: 0.86652 | Correct: 785/1280 | Difference: 0.8079822568684825
Epoch: 03 | Batch: 1500 | CrossEntropy-loss: 0.88131 | Correct: 749/1280 | Difference: 0.8071027384791122
Epoch: 03 | Batch: 1600 | CrossEntropy-loss: 0.85806 | Correct: 767/1280 | Difference: 0.8065046942491305

Epoch: 03 | Testing Accuracy: 315016/523747 (60.147%) | Historical Best: 60.879% 

Epoch: 04 | Batch: 000 | CrossEntropy-loss: 0.85628 | Correct: 778/1280 | Difference: 0.8061079089489643
Epoch: 04 | Batch: 100 | CrossEntropy-loss: 0.83884 | Correct: 765/1280 | Difference: 0.8062272064813361
Epoch: 04 | Batch: 200 | CrossEntropy-loss: 0.84548 | Correct: 768/1280 | Difference: 0.8034425622404654
Epoch: 04 | Batch: 300 | CrossEntropy-loss: 0.88908 | Correct: 763/1280 | Difference: 0.802505451813243
Epoch: 04 | Batch: 400 | CrossEntropy-loss: 0.84924 | Correct: 779/1280 | Difference: 0.8015859403056684
Epoch: 04 | Batch: 500 | CrossEntropy-loss: 0.86473 | Correct: 767/1280 | Difference: 0.80120587311405
Epoch: 04 | Batch: 600 | CrossEntropy-loss: 0.86468 | Correct: 766/1280 | Difference: 0.7999597233025553
Epoch: 04 | Batch: 700 | CrossEntropy-loss: 0.86254 | Correct: 770/1280 | Difference: 0.7996576930762266
Epoch: 04 | Batch: 800 | CrossEntropy-loss: 0.85516 | Correct: 794/1280 | Difference: 0.7997768320952426
Epoch: 04 | Batch: 900 | CrossEntropy-loss: 0.87479 | Correct: 761/1280 | Difference: 0.8025389668917702
Epoch: 04 | Batch: 1000 | CrossEntropy-loss: 0.88035 | Correct: 744/1280 | Difference: 0.8023434104838586
Epoch: 04 | Batch: 1100 | CrossEntropy-loss: 0.85988 | Correct: 765/1280 | Difference: 0.8013940161248561
Epoch: 04 | Batch: 1200 | CrossEntropy-loss: 0.89468 | Correct: 773/1280 | Difference: 0.8007755919536468
Epoch: 04 | Batch: 1300 | CrossEntropy-loss: 0.88428 | Correct: 772/1280 | Difference: 0.8010944373575906
Epoch: 04 | Batch: 1400 | CrossEntropy-loss: 0.85616 | Correct: 789/1280 | Difference: 0.8027970897032897
Epoch: 04 | Batch: 1500 | CrossEntropy-loss: 0.87341 | Correct: 782/1280 | Difference: 0.8037455847120605
Epoch: 04 | Batch: 1600 | CrossEntropy-loss: 0.81955 | Correct: 820/1280 | Difference: 0.8025555107106459

Epoch: 04 | Testing Accuracy: 318177/523747 (60.750%) | Historical Best: 60.879% 

Epoch: 05 | Batch: 000 | CrossEntropy-loss: 0.85463 | Correct: 800/1280 | Difference: 0.8041100368249687
Epoch: 05 | Batch: 100 | CrossEntropy-loss: 0.85483 | Correct: 787/1280 | Difference: 0.8048202132299241
Epoch: 05 | Batch: 200 | CrossEntropy-loss: 0.85811 | Correct: 763/1280 | Difference: 0.8045584103309862
Epoch: 05 | Batch: 300 | CrossEntropy-loss: 0.87975 | Correct: 785/1280 | Difference: 0.8043857213033321
Epoch: 05 | Batch: 400 | CrossEntropy-loss: 0.85635 | Correct: 769/1280 | Difference: 0.8052718648365806
Epoch: 05 | Batch: 500 | CrossEntropy-loss: 0.83272 | Correct: 811/1280 | Difference: 0.8044343060203965
Epoch: 05 | Batch: 600 | CrossEntropy-loss: 0.88089 | Correct: 758/1280 | Difference: 0.8055417864537566
Epoch: 05 | Batch: 700 | CrossEntropy-loss: 0.86957 | Correct: 790/1280 | Difference: 0.8049452651754029
Epoch: 05 | Batch: 800 | CrossEntropy-loss: 0.88865 | Correct: 764/1280 | Difference: 0.8050829750928271
Epoch: 05 | Batch: 900 | CrossEntropy-loss: 0.84166 | Correct: 798/1280 | Difference: 0.8054702700915376
Epoch: 05 | Batch: 1000 | CrossEntropy-loss: 0.86634 | Correct: 769/1280 | Difference: 0.8050954534846764
Epoch: 05 | Batch: 1100 | CrossEntropy-loss: 0.86976 | Correct: 767/1280 | Difference: 0.8051429066183854
Epoch: 05 | Batch: 1200 | CrossEntropy-loss: 0.86472 | Correct: 793/1280 | Difference: 0.8050835163989938
Epoch: 05 | Batch: 1300 | CrossEntropy-loss: 0.87817 | Correct: 799/1280 | Difference: 0.8077497699742854
Epoch: 05 | Batch: 1400 | CrossEntropy-loss: 0.87834 | Correct: 790/1280 | Difference: 0.8076486582599671
Epoch: 05 | Batch: 1500 | CrossEntropy-loss: 0.89936 | Correct: 762/1280 | Difference: 0.8096814685554458
Epoch: 05 | Batch: 1600 | CrossEntropy-loss: 0.83901 | Correct: 796/1280 | Difference: 0.8108330959181403

Epoch: 05 | Testing Accuracy: 320491/523747 (61.192%) | Historical Best: 61.192% 

Epoch: 06 | Batch: 000 | CrossEntropy-loss: 0.84639 | Correct: 807/1280 | Difference: 0.8109934181648396
Epoch: 06 | Batch: 100 | CrossEntropy-loss: 0.86098 | Correct: 773/1280 | Difference: 0.8108933893833429
Epoch: 06 | Batch: 200 | CrossEntropy-loss: 0.87367 | Correct: 796/1280 | Difference: 0.8105498232511968
Epoch: 06 | Batch: 300 | CrossEntropy-loss: 0.87382 | Correct: 781/1280 | Difference: 0.8104627284424295
Epoch: 06 | Batch: 400 | CrossEntropy-loss: 0.82507 | Correct: 821/1280 | Difference: 0.8112778403985241
Epoch: 06 | Batch: 500 | CrossEntropy-loss: 0.82309 | Correct: 811/1280 | Difference: 0.8109355825540472
Epoch: 06 | Batch: 600 | CrossEntropy-loss: 0.87956 | Correct: 784/1280 | Difference: 0.8119585800691916
Epoch: 06 | Batch: 700 | CrossEntropy-loss: 0.89273 | Correct: 771/1280 | Difference: 0.8106774266305139
Epoch: 06 | Batch: 800 | CrossEntropy-loss: 0.87866 | Correct: 759/1280 | Difference: 0.8122918237966872
Epoch: 06 | Batch: 900 | CrossEntropy-loss: 0.87470 | Correct: 768/1280 | Difference: 0.814167712402151
Epoch: 06 | Batch: 1000 | CrossEntropy-loss: 0.87866 | Correct: 784/1280 | Difference: 0.8147754877288519
Epoch: 06 | Batch: 1100 | CrossEntropy-loss: 0.87206 | Correct: 782/1280 | Difference: 0.8176284177713568
Epoch: 06 | Batch: 1200 | CrossEntropy-loss: 0.85712 | Correct: 784/1280 | Difference: 0.8157736345160138
Epoch: 06 | Batch: 1300 | CrossEntropy-loss: 0.84656 | Correct: 795/1280 | Difference: 0.8165717158573773
Epoch: 06 | Batch: 1400 | CrossEntropy-loss: 0.87191 | Correct: 768/1280 | Difference: 0.8150386069216914
Epoch: 06 | Batch: 1500 | CrossEntropy-loss: 0.85620 | Correct: 796/1280 | Difference: 0.8167056931678844
Epoch: 06 | Batch: 1600 | CrossEntropy-loss: 0.89750 | Correct: 783/1280 | Difference: 0.816266411736187

Epoch: 06 | Testing Accuracy: 320465/523747 (61.187%) | Historical Best: 61.192% 

Epoch: 07 | Batch: 000 | CrossEntropy-loss: 0.85455 | Correct: 774/1280 | Difference: 0.816857032384059
Epoch: 07 | Batch: 100 | CrossEntropy-loss: 0.86599 | Correct: 787/1280 | Difference: 0.8159921692255543
Epoch: 07 | Batch: 200 | CrossEntropy-loss: 0.87605 | Correct: 785/1280 | Difference: 0.8145488697056293
Epoch: 07 | Batch: 300 | CrossEntropy-loss: 0.88122 | Correct: 763/1280 | Difference: 0.8129999845420104
Epoch: 07 | Batch: 400 | CrossEntropy-loss: 0.87235 | Correct: 794/1280 | Difference: 0.8139696379387183
Epoch: 07 | Batch: 500 | CrossEntropy-loss: 0.83387 | Correct: 817/1280 | Difference: 0.8138428804954411
Epoch: 07 | Batch: 600 | CrossEntropy-loss: 0.86269 | Correct: 774/1280 | Difference: 0.8158594262542416
Epoch: 07 | Batch: 700 | CrossEntropy-loss: 0.85372 | Correct: 792/1280 | Difference: 0.8160822977147156
Epoch: 07 | Batch: 800 | CrossEntropy-loss: 0.86680 | Correct: 777/1280 | Difference: 0.8166574854131362
Epoch: 07 | Batch: 900 | CrossEntropy-loss: 0.85916 | Correct: 778/1280 | Difference: 0.8183183247711038
Epoch: 07 | Batch: 1000 | CrossEntropy-loss: 0.86339 | Correct: 777/1280 | Difference: 0.8184594501955866
Epoch: 07 | Batch: 1100 | CrossEntropy-loss: 0.81311 | Correct: 818/1280 | Difference: 0.8192826018174788
Epoch: 07 | Batch: 1200 | CrossEntropy-loss: 0.83227 | Correct: 831/1280 | Difference: 0.8184355377211201
Epoch: 07 | Batch: 1300 | CrossEntropy-loss: 0.88565 | Correct: 800/1280 | Difference: 0.8179520453596197
Epoch: 07 | Batch: 1400 | CrossEntropy-loss: 0.81582 | Correct: 814/1280 | Difference: 0.8192724734641612
Epoch: 07 | Batch: 1500 | CrossEntropy-loss: 0.86051 | Correct: 772/1280 | Difference: 0.819281962820392
Epoch: 07 | Batch: 1600 | CrossEntropy-loss: 0.86238 | Correct: 795/1280 | Difference: 0.8196664031999908

Epoch: 07 | Testing Accuracy: 321013/523747 (61.292%) | Historical Best: 61.292% 

Epoch: 08 | Batch: 000 | CrossEntropy-loss: 0.87174 | Correct: 793/1280 | Difference: 0.8182377926285108
Epoch: 08 | Batch: 100 | CrossEntropy-loss: 0.89596 | Correct: 776/1280 | Difference: 0.8192535832518674
Epoch: 08 | Batch: 200 | CrossEntropy-loss: 0.89189 | Correct: 758/1280 | Difference: 0.819252589173947
Epoch: 08 | Batch: 300 | CrossEntropy-loss: 0.84981 | Correct: 786/1280 | Difference: 0.8186706183675316
Epoch: 08 | Batch: 400 | CrossEntropy-loss: 0.85156 | Correct: 777/1280 | Difference: 0.8181397490272398
Epoch: 08 | Batch: 500 | CrossEntropy-loss: 0.89884 | Correct: 773/1280 | Difference: 0.8180003666143979
Epoch: 08 | Batch: 600 | CrossEntropy-loss: 0.88899 | Correct: 769/1280 | Difference: 0.8195736372229022
Epoch: 08 | Batch: 700 | CrossEntropy-loss: 0.84142 | Correct: 820/1280 | Difference: 0.8200783060533361
Epoch: 08 | Batch: 800 | CrossEntropy-loss: 0.86724 | Correct: 783/1280 | Difference: 0.8204023219471772
Epoch: 08 | Batch: 900 | CrossEntropy-loss: 0.86800 | Correct: 788/1280 | Difference: 0.8207515486185782
Epoch: 08 | Batch: 1000 | CrossEntropy-loss: 0.87312 | Correct: 803/1280 | Difference: 0.8222843652959666
Epoch: 08 | Batch: 1100 | CrossEntropy-loss: 0.85732 | Correct: 781/1280 | Difference: 0.8206327659870433
Epoch: 08 | Batch: 1200 | CrossEntropy-loss: 0.85517 | Correct: 783/1280 | Difference: 0.8191906258308469
Epoch: 08 | Batch: 1300 | CrossEntropy-loss: 0.86136 | Correct: 790/1280 | Difference: 0.8200877462048274
Epoch: 08 | Batch: 1400 | CrossEntropy-loss: 0.88282 | Correct: 757/1280 | Difference: 0.819927159498936
Epoch: 08 | Batch: 1500 | CrossEntropy-loss: 0.85811 | Correct: 775/1280 | Difference: 0.8184093473858522
Epoch: 08 | Batch: 1600 | CrossEntropy-loss: 0.88283 | Correct: 752/1280 | Difference: 0.8188010289989497

Epoch: 08 | Testing Accuracy: 321226/523747 (61.332%) | Historical Best: 61.332% 

Epoch: 09 | Batch: 000 | CrossEntropy-loss: 0.88226 | Correct: 775/1280 | Difference: 0.8180348281585714
Epoch: 09 | Batch: 100 | CrossEntropy-loss: 0.86519 | Correct: 792/1280 | Difference: 0.8172408043259299
Epoch: 09 | Batch: 200 | CrossEntropy-loss: 0.87865 | Correct: 786/1280 | Difference: 0.8175644060024321
Epoch: 09 | Batch: 300 | CrossEntropy-loss: 0.84987 | Correct: 801/1280 | Difference: 0.8188945063142359
Epoch: 09 | Batch: 400 | CrossEntropy-loss: 0.82721 | Correct: 803/1280 | Difference: 0.820516458279711
Epoch: 09 | Batch: 500 | CrossEntropy-loss: 0.87344 | Correct: 777/1280 | Difference: 0.8216290403590077
Epoch: 09 | Batch: 600 | CrossEntropy-loss: 0.85249 | Correct: 804/1280 | Difference: 0.8214033701212294
Epoch: 09 | Batch: 700 | CrossEntropy-loss: 0.85720 | Correct: 806/1280 | Difference: 0.8204882844410663
Epoch: 09 | Batch: 800 | CrossEntropy-loss: 0.87569 | Correct: 771/1280 | Difference: 0.8212746865948523
Epoch: 09 | Batch: 900 | CrossEntropy-loss: 0.87353 | Correct: 804/1280 | Difference: 0.8198503460360987
Epoch: 09 | Batch: 1000 | CrossEntropy-loss: 0.89551 | Correct: 770/1280 | Difference: 0.8212814247025781
Epoch: 09 | Batch: 1100 | CrossEntropy-loss: 0.87978 | Correct: 785/1280 | Difference: 0.8217062886452278
Epoch: 09 | Batch: 1200 | CrossEntropy-loss: 0.83612 | Correct: 786/1280 | Difference: 0.8218408085807111
Epoch: 09 | Batch: 1300 | CrossEntropy-loss: 0.86269 | Correct: 778/1280 | Difference: 0.8205746062856721
Epoch: 09 | Batch: 1400 | CrossEntropy-loss: 0.84251 | Correct: 797/1280 | Difference: 0.8197293329815318
Epoch: 09 | Batch: 1500 | CrossEntropy-loss: 0.87382 | Correct: 769/1280 | Difference: 0.8190738787868845
Epoch: 09 | Batch: 1600 | CrossEntropy-loss: 0.88466 | Correct: 783/1280 | Difference: 0.8177626451362379

Epoch: 09 | Testing Accuracy: 321584/523747 (61.401%) | Historical Best: 61.401% 

Epoch: 10 | Batch: 000 | CrossEntropy-loss: 0.84745 | Correct: 804/1280 | Difference: 0.8174052379614334
Epoch: 10 | Batch: 100 | CrossEntropy-loss: 0.82631 | Correct: 816/1280 | Difference: 0.8173396153083036
Epoch: 10 | Batch: 200 | CrossEntropy-loss: 0.89391 | Correct: 772/1280 | Difference: 0.8175003045231085
Epoch: 10 | Batch: 300 | CrossEntropy-loss: 0.85780 | Correct: 807/1280 | Difference: 0.8171473825952879
Epoch: 10 | Batch: 400 | CrossEntropy-loss: 0.87959 | Correct: 772/1280 | Difference: 0.8171516909205202
Epoch: 10 | Batch: 500 | CrossEntropy-loss: 0.85920 | Correct: 788/1280 | Difference: 0.817514972705776
Epoch: 10 | Batch: 600 | CrossEntropy-loss: 0.86154 | Correct: 775/1280 | Difference: 0.8174431061424136
Epoch: 10 | Batch: 700 | CrossEntropy-loss: 0.89057 | Correct: 791/1280 | Difference: 0.8168482869609471
Epoch: 10 | Batch: 800 | CrossEntropy-loss: 0.87451 | Correct: 799/1280 | Difference: 0.818111909196896
Epoch: 10 | Batch: 900 | CrossEntropy-loss: 0.84865 | Correct: 791/1280 | Difference: 0.8189510180642082
Epoch: 10 | Batch: 1000 | CrossEntropy-loss: 0.86856 | Correct: 800/1280 | Difference: 0.819288783751085
Epoch: 10 | Batch: 1100 | CrossEntropy-loss: 0.85822 | Correct: 795/1280 | Difference: 0.8192921339793964
Epoch: 10 | Batch: 1200 | CrossEntropy-loss: 0.85681 | Correct: 796/1280 | Difference: 0.81854337002271
Epoch: 10 | Batch: 1300 | CrossEntropy-loss: 0.86102 | Correct: 788/1280 | Difference: 0.8189984041969182
Epoch: 10 | Batch: 1400 | CrossEntropy-loss: 0.84283 | Correct: 807/1280 | Difference: 0.818153643755597
Epoch: 10 | Batch: 1500 | CrossEntropy-loss: 0.86054 | Correct: 780/1280 | Difference: 0.8179360417642461
Epoch: 10 | Batch: 1600 | CrossEntropy-loss: 0.89648 | Correct: 765/1280 | Difference: 0.8188276710804668

Epoch: 10 | Testing Accuracy: 321895/523747 (61.460%) | Historical Best: 61.460% 

Epoch: 11 | Batch: 000 | CrossEntropy-loss: 0.86925 | Correct: 803/1280 | Difference: 0.8188697537177259
Epoch: 11 | Batch: 100 | CrossEntropy-loss: 0.85596 | Correct: 791/1280 | Difference: 0.819115306238593
Epoch: 11 | Batch: 200 | CrossEntropy-loss: 0.90332 | Correct: 773/1280 | Difference: 0.8175262466093216
Epoch: 11 | Batch: 300 | CrossEntropy-loss: 0.89634 | Correct: 782/1280 | Difference: 0.8176737622486266
Epoch: 11 | Batch: 400 | CrossEntropy-loss: 0.85610 | Correct: 782/1280 | Difference: 0.8194080011591943
Epoch: 11 | Batch: 500 | CrossEntropy-loss: 0.86899 | Correct: 778/1280 | Difference: 0.820809553466409
Epoch: 11 | Batch: 600 | CrossEntropy-loss: 0.86736 | Correct: 787/1280 | Difference: 0.8222018591491949
Epoch: 11 | Batch: 700 | CrossEntropy-loss: 0.85633 | Correct: 813/1280 | Difference: 0.8204978740468805
Epoch: 11 | Batch: 800 | CrossEntropy-loss: 0.86907 | Correct: 785/1280 | Difference: 0.819168295756523
Epoch: 11 | Batch: 900 | CrossEntropy-loss: 0.86557 | Correct: 775/1280 | Difference: 0.8214789130732699
Epoch: 11 | Batch: 1000 | CrossEntropy-loss: 0.91576 | Correct: 756/1280 | Difference: 0.8199507037599796
Epoch: 11 | Batch: 1100 | CrossEntropy-loss: 0.89827 | Correct: 751/1280 | Difference: 0.8191171061997484
Epoch: 11 | Batch: 1200 | CrossEntropy-loss: 0.88796 | Correct: 789/1280 | Difference: 0.8182704432825255
Epoch: 11 | Batch: 1300 | CrossEntropy-loss: 0.91131 | Correct: 767/1280 | Difference: 0.8191145023299019
Epoch: 11 | Batch: 1400 | CrossEntropy-loss: 0.89500 | Correct: 773/1280 | Difference: 0.8172322780577851
Epoch: 11 | Batch: 1500 | CrossEntropy-loss: 0.85676 | Correct: 797/1280 | Difference: 0.8172201095985581
Epoch: 11 | Batch: 1600 | CrossEntropy-loss: 0.85541 | Correct: 805/1280 | Difference: 0.8179846720329251

Epoch: 11 | Testing Accuracy: 321728/523747 (61.428%) | Historical Best: 61.460% 

Epoch: 12 | Batch: 000 | CrossEntropy-loss: 0.86988 | Correct: 781/1280 | Difference: 0.8183906197391221
Epoch: 12 | Batch: 100 | CrossEntropy-loss: 0.89547 | Correct: 756/1280 | Difference: 0.8183140204187217
Epoch: 12 | Batch: 200 | CrossEntropy-loss: 0.84148 | Correct: 818/1280 | Difference: 0.8175850956622888
Epoch: 12 | Batch: 300 | CrossEntropy-loss: 0.84245 | Correct: 808/1280 | Difference: 0.8183677315447332
Epoch: 12 | Batch: 400 | CrossEntropy-loss: 0.91141 | Correct: 748/1280 | Difference: 0.8207097399801374
Epoch: 12 | Batch: 500 | CrossEntropy-loss: 0.87042 | Correct: 786/1280 | Difference: 0.8205901608244536
Epoch: 12 | Batch: 600 | CrossEntropy-loss: 0.84645 | Correct: 794/1280 | Difference: 0.8200089325444001
Epoch: 12 | Batch: 700 | CrossEntropy-loss: 0.86401 | Correct: 781/1280 | Difference: 0.8178204702922363
Epoch: 12 | Batch: 800 | CrossEntropy-loss: 0.81966 | Correct: 839/1280 | Difference: 0.8204259261310671
Epoch: 12 | Batch: 900 | CrossEntropy-loss: 0.87172 | Correct: 792/1280 | Difference: 0.8200854078676589
Epoch: 12 | Batch: 1000 | CrossEntropy-loss: 0.84304 | Correct: 793/1280 | Difference: 0.8197705097575784
Epoch: 12 | Batch: 1100 | CrossEntropy-loss: 0.86181 | Correct: 790/1280 | Difference: 0.8194589580780459
Epoch: 12 | Batch: 1200 | CrossEntropy-loss: 0.86288 | Correct: 796/1280 | Difference: 0.8191981694464389
Epoch: 12 | Batch: 1300 | CrossEntropy-loss: 0.87034 | Correct: 796/1280 | Difference: 0.8190633615592094
Epoch: 12 | Batch: 1400 | CrossEntropy-loss: 0.85169 | Correct: 802/1280 | Difference: 0.819167867866534
Epoch: 12 | Batch: 1500 | CrossEntropy-loss: 0.84004 | Correct: 814/1280 | Difference: 0.8187252002497848
Epoch: 12 | Batch: 1600 | CrossEntropy-loss: 0.89278 | Correct: 778/1280 | Difference: 0.8197010333673185

Epoch: 12 | Testing Accuracy: 321106/523747 (61.309%) | Historical Best: 61.460% 

Epoch: 13 | Batch: 000 | CrossEntropy-loss: 0.86702 | Correct: 799/1280 | Difference: 0.8202230589034853
Epoch: 13 | Batch: 100 | CrossEntropy-loss: 0.87673 | Correct: 780/1280 | Difference: 0.8212459989004195
Epoch: 13 | Batch: 200 | CrossEntropy-loss: 0.84046 | Correct: 792/1280 | Difference: 0.8211940345026815
Epoch: 13 | Batch: 300 | CrossEntropy-loss: 0.85185 | Correct: 814/1280 | Difference: 0.8204202964855758
Epoch: 13 | Batch: 400 | CrossEntropy-loss: 0.91618 | Correct: 757/1280 | Difference: 0.81970945874138
Epoch: 13 | Batch: 500 | CrossEntropy-loss: 0.87539 | Correct: 777/1280 | Difference: 0.8186897695108077
Epoch: 13 | Batch: 600 | CrossEntropy-loss: 0.90701 | Correct: 773/1280 | Difference: 0.8190949277892938
Epoch: 13 | Batch: 700 | CrossEntropy-loss: 0.84699 | Correct: 804/1280 | Difference: 0.8193129426251058
Epoch: 13 | Batch: 800 | CrossEntropy-loss: 0.89568 | Correct: 776/1280 | Difference: 0.8199861831625805
Epoch: 13 | Batch: 900 | CrossEntropy-loss: 0.84053 | Correct: 825/1280 | Difference: 0.8209452622813899
Epoch: 13 | Batch: 1000 | CrossEntropy-loss: 0.85679 | Correct: 783/1280 | Difference: 0.8202661443343596
Epoch: 13 | Batch: 1100 | CrossEntropy-loss: 0.86006 | Correct: 816/1280 | Difference: 0.8198146386652494
Epoch: 13 | Batch: 1200 | CrossEntropy-loss: 0.85053 | Correct: 818/1280 | Difference: 0.8208464066424578
Epoch: 13 | Batch: 1300 | CrossEntropy-loss: 0.87029 | Correct: 787/1280 | Difference: 0.8212082610196891
Epoch: 13 | Batch: 1400 | CrossEntropy-loss: 0.83846 | Correct: 769/1280 | Difference: 0.8198855210820358
Epoch: 13 | Batch: 1500 | CrossEntropy-loss: 0.87345 | Correct: 781/1280 | Difference: 0.819600640644777
Epoch: 13 | Batch: 1600 | CrossEntropy-loss: 0.83538 | Correct: 781/1280 | Difference: 0.81897349799123

Epoch: 13 | Testing Accuracy: 319890/523747 (61.077%) | Historical Best: 61.460% 

Epoch: 14 | Batch: 000 | CrossEntropy-loss: 0.88971 | Correct: 783/1280 | Difference: 0.819035505199697
Epoch: 14 | Batch: 100 | CrossEntropy-loss: 0.86105 | Correct: 774/1280 | Difference: 0.819420158844242
Epoch: 14 | Batch: 200 | CrossEntropy-loss: 0.88429 | Correct: 775/1280 | Difference: 0.8184849531523483
Epoch: 14 | Batch: 300 | CrossEntropy-loss: 0.85804 | Correct: 787/1280 | Difference: 0.8189431642925589
Epoch: 14 | Batch: 400 | CrossEntropy-loss: 0.85666 | Correct: 809/1280 | Difference: 0.8186849970810658
Epoch: 14 | Batch: 500 | CrossEntropy-loss: 0.87801 | Correct: 768/1280 | Difference: 0.820029316844507
Epoch: 14 | Batch: 600 | CrossEntropy-loss: 0.85570 | Correct: 818/1280 | Difference: 0.8210359708453646
Epoch: 14 | Batch: 700 | CrossEntropy-loss: 0.84766 | Correct: 776/1280 | Difference: 0.8200159973871525
Epoch: 14 | Batch: 800 | CrossEntropy-loss: 0.86223 | Correct: 788/1280 | Difference: 0.82010670791536
Epoch: 14 | Batch: 900 | CrossEntropy-loss: 0.84575 | Correct: 790/1280 | Difference: 0.820299707937693
Epoch: 14 | Batch: 1000 | CrossEntropy-loss: 0.87969 | Correct: 778/1280 | Difference: 0.8200802079242727
Epoch: 14 | Batch: 1100 | CrossEntropy-loss: 0.89880 | Correct: 748/1280 | Difference: 0.8205896076490615
Epoch: 14 | Batch: 1200 | CrossEntropy-loss: 0.87972 | Correct: 769/1280 | Difference: 0.8191609694906046
Epoch: 14 | Batch: 1300 | CrossEntropy-loss: 0.91941 | Correct: 741/1280 | Difference: 0.820378151824701
Epoch: 14 | Batch: 1400 | CrossEntropy-loss: 0.84937 | Correct: 797/1280 | Difference: 0.8212837395186171
Epoch: 14 | Batch: 1500 | CrossEntropy-loss: 0.85595 | Correct: 810/1280 | Difference: 0.8192918974662602
Epoch: 14 | Batch: 1600 | CrossEntropy-loss: 0.86515 | Correct: 766/1280 | Difference: 0.8185197509597564

Epoch: 14 | Testing Accuracy: 318928/523747 (60.894%) | Historical Best: 61.460% 

Epoch: 15 | Batch: 000 | CrossEntropy-loss: 0.89471 | Correct: 768/1280 | Difference: 0.8179765243447902
Epoch: 15 | Batch: 100 | CrossEntropy-loss: 0.87036 | Correct: 786/1280 | Difference: 0.8184801092241806
Epoch: 15 | Batch: 200 | CrossEntropy-loss: 0.86846 | Correct: 792/1280 | Difference: 0.8201930071294099
Epoch: 15 | Batch: 300 | CrossEntropy-loss: 0.86951 | Correct: 798/1280 | Difference: 0.819426962779825
Epoch: 15 | Batch: 400 | CrossEntropy-loss: 0.87335 | Correct: 788/1280 | Difference: 0.8186243191084012
Epoch: 15 | Batch: 500 | CrossEntropy-loss: 0.86999 | Correct: 790/1280 | Difference: 0.8183206553531834
Epoch: 15 | Batch: 600 | CrossEntropy-loss: 0.89161 | Correct: 760/1280 | Difference: 0.8195496907354306
Epoch: 15 | Batch: 700 | CrossEntropy-loss: 0.86570 | Correct: 777/1280 | Difference: 0.8197739123652437
Epoch: 15 | Batch: 800 | CrossEntropy-loss: 0.82066 | Correct: 802/1280 | Difference: 0.8205532228171873
Epoch: 15 | Batch: 900 | CrossEntropy-loss: 0.89656 | Correct: 771/1280 | Difference: 0.8194132265699352
Epoch: 15 | Batch: 1000 | CrossEntropy-loss: 0.86211 | Correct: 807/1280 | Difference: 0.8196989749715499
Epoch: 15 | Batch: 1100 | CrossEntropy-loss: 0.83530 | Correct: 791/1280 | Difference: 0.819482771973566
Epoch: 15 | Batch: 1200 | CrossEntropy-loss: 0.86757 | Correct: 761/1280 | Difference: 0.8180353122670345
Epoch: 15 | Batch: 1300 | CrossEntropy-loss: 0.85410 | Correct: 786/1280 | Difference: 0.8194284299335077
Epoch: 15 | Batch: 1400 | CrossEntropy-loss: 0.85422 | Correct: 786/1280 | Difference: 0.8203837141989133
Epoch: 15 | Batch: 1500 | CrossEntropy-loss: 0.87189 | Correct: 784/1280 | Difference: 0.820195122495851
Epoch: 15 | Batch: 1600 | CrossEntropy-loss: 0.85623 | Correct: 780/1280 | Difference: 0.8203228437536114

Epoch: 15 | Testing Accuracy: 319011/523747 (60.909%) | Historical Best: 61.460% 

Epoch: 16 | Batch: 000 | CrossEntropy-loss: 0.86246 | Correct: 785/1280 | Difference: 0.8200710753141781
Epoch: 16 | Batch: 100 | CrossEntropy-loss: 0.85019 | Correct: 784/1280 | Difference: 0.8206699895692872
Epoch: 16 | Batch: 200 | CrossEntropy-loss: 0.83761 | Correct: 783/1280 | Difference: 0.820377372334732
Epoch: 16 | Batch: 300 | CrossEntropy-loss: 0.87703 | Correct: 769/1280 | Difference: 0.8198930549691227
Epoch: 16 | Batch: 400 | CrossEntropy-loss: 0.85332 | Correct: 794/1280 | Difference: 0.8194625862140194
Epoch: 16 | Batch: 500 | CrossEntropy-loss: 0.87123 | Correct: 773/1280 | Difference: 0.8187142149083618
Epoch: 16 | Batch: 600 | CrossEntropy-loss: 0.87087 | Correct: 761/1280 | Difference: 0.8190847759103028
Epoch: 16 | Batch: 700 | CrossEntropy-loss: 0.83722 | Correct: 816/1280 | Difference: 0.8201647090829712
Epoch: 16 | Batch: 800 | CrossEntropy-loss: 0.85978 | Correct: 760/1280 | Difference: 0.818815363388648
Epoch: 16 | Batch: 900 | CrossEntropy-loss: 0.87093 | Correct: 787/1280 | Difference: 0.8200025779917598
Epoch: 16 | Batch: 1000 | CrossEntropy-loss: 0.88129 | Correct: 804/1280 | Difference: 0.8211388766379735
Epoch: 16 | Batch: 1100 | CrossEntropy-loss: 0.84525 | Correct: 777/1280 | Difference: 0.8206958172290213
Epoch: 16 | Batch: 1200 | CrossEntropy-loss: 0.86556 | Correct: 782/1280 | Difference: 0.8199518098467126
Epoch: 16 | Batch: 1300 | CrossEntropy-loss: 0.88207 | Correct: 775/1280 | Difference: 0.8196148235153539
Epoch: 16 | Batch: 1400 | CrossEntropy-loss: 0.82783 | Correct: 819/1280 | Difference: 0.820539183742289
Epoch: 16 | Batch: 1500 | CrossEntropy-loss: 0.83436 | Correct: 793/1280 | Difference: 0.8200461569576327
Epoch: 16 | Batch: 1600 | CrossEntropy-loss: 0.87814 | Correct: 788/1280 | Difference: 0.821112357200754

Epoch: 16 | Testing Accuracy: 317921/523747 (60.701%) | Historical Best: 61.460% 

Epoch: 17 | Batch: 000 | CrossEntropy-loss: 0.85377 | Correct: 780/1280 | Difference: 0.8207893089453964
Epoch: 17 | Batch: 100 | CrossEntropy-loss: 0.86948 | Correct: 765/1280 | Difference: 0.8203132259390248
Epoch: 17 | Batch: 200 | CrossEntropy-loss: 0.87922 | Correct: 799/1280 | Difference: 0.8198981996158897
Epoch: 17 | Batch: 300 | CrossEntropy-loss: 0.87717 | Correct: 792/1280 | Difference: 0.8192730116965365
Epoch: 17 | Batch: 400 | CrossEntropy-loss: 0.85980 | Correct: 808/1280 | Difference: 0.8189550568099438
Epoch: 17 | Batch: 500 | CrossEntropy-loss: 0.87782 | Correct: 787/1280 | Difference: 0.8200845843715273
Epoch: 17 | Batch: 600 | CrossEntropy-loss: 0.88531 | Correct: 754/1280 | Difference: 0.8211311826161014
Epoch: 17 | Batch: 700 | CrossEntropy-loss: 0.82154 | Correct: 818/1280 | Difference: 0.822268038779355
Epoch: 17 | Batch: 800 | CrossEntropy-loss: 0.86402 | Correct: 785/1280 | Difference: 0.8225595109854714
Epoch: 17 | Batch: 900 | CrossEntropy-loss: 0.86543 | Correct: 784/1280 | Difference: 0.8212017411370615
Epoch: 17 | Batch: 1000 | CrossEntropy-loss: 0.84768 | Correct: 807/1280 | Difference: 0.8200098052336275
Epoch: 17 | Batch: 1100 | CrossEntropy-loss: 0.86992 | Correct: 766/1280 | Difference: 0.8209069736743788
Epoch: 17 | Batch: 1200 | CrossEntropy-loss: 0.86713 | Correct: 785/1280 | Difference: 0.8204110566818842
Epoch: 17 | Batch: 1300 | CrossEntropy-loss: 0.85808 | Correct: 800/1280 | Difference: 0.8210562531041852
Epoch: 17 | Batch: 1400 | CrossEntropy-loss: 0.83529 | Correct: 804/1280 | Difference: 0.8209546648112194
Epoch: 17 | Batch: 1500 | CrossEntropy-loss: 0.87492 | Correct: 777/1280 | Difference: 0.8209486757784339
Epoch: 17 | Batch: 1600 | CrossEntropy-loss: 0.84127 | Correct: 803/1280 | Difference: 0.8208800598789474

Epoch: 17 | Testing Accuracy: 317335/523747 (60.589%) | Historical Best: 61.460% 

Epoch: 18 | Batch: 000 | CrossEntropy-loss: 0.85603 | Correct: 766/1280 | Difference: 0.8206089743748626
Epoch: 18 | Batch: 100 | CrossEntropy-loss: 0.84939 | Correct: 786/1280 | Difference: 0.8200701574225698
Epoch: 18 | Batch: 200 | CrossEntropy-loss: 0.83589 | Correct: 800/1280 | Difference: 0.819471249063432
Epoch: 18 | Batch: 300 | CrossEntropy-loss: 0.85091 | Correct: 799/1280 | Difference: 0.8213067898195026
Epoch: 18 | Batch: 400 | CrossEntropy-loss: 0.88487 | Correct: 765/1280 | Difference: 0.820979045828803
Epoch: 18 | Batch: 500 | CrossEntropy-loss: 0.83801 | Correct: 805/1280 | Difference: 0.8215861512409868
Epoch: 18 | Batch: 600 | CrossEntropy-loss: 0.89229 | Correct: 742/1280 | Difference: 0.8210494122944956
Epoch: 18 | Batch: 700 | CrossEntropy-loss: 0.87938 | Correct: 750/1280 | Difference: 0.8210741565678366
Epoch: 18 | Batch: 800 | CrossEntropy-loss: 0.88896 | Correct: 769/1280 | Difference: 0.8212132845540996
Epoch: 18 | Batch: 900 | CrossEntropy-loss: 0.85123 | Correct: 800/1280 | Difference: 0.8210243496906047
Epoch: 18 | Batch: 1000 | CrossEntropy-loss: 0.85107 | Correct: 779/1280 | Difference: 0.8205879911749009
Epoch: 18 | Batch: 1100 | CrossEntropy-loss: 0.87064 | Correct: 763/1280 | Difference: 0.8198480832781189
Epoch: 18 | Batch: 1200 | CrossEntropy-loss: 0.86416 | Correct: 793/1280 | Difference: 0.819532376139111
Epoch: 18 | Batch: 1300 | CrossEntropy-loss: 0.91739 | Correct: 746/1280 | Difference: 0.8197199444888624
Epoch: 18 | Batch: 1400 | CrossEntropy-loss: 0.86419 | Correct: 770/1280 | Difference: 0.820568142130253
Epoch: 18 | Batch: 1500 | CrossEntropy-loss: 0.86667 | Correct: 752/1280 | Difference: 0.8202505810315855
Epoch: 18 | Batch: 1600 | CrossEntropy-loss: 0.86941 | Correct: 762/1280 | Difference: 0.8203193463419329

Epoch: 18 | Testing Accuracy: 317035/523747 (60.532%) | Historical Best: 61.460% 

Epoch: 19 | Batch: 000 | CrossEntropy-loss: 0.86984 | Correct: 767/1280 | Difference: 0.8205441603167387
Epoch: 19 | Batch: 100 | CrossEntropy-loss: 0.88110 | Correct: 757/1280 | Difference: 0.8201965155733137
Epoch: 19 | Batch: 200 | CrossEntropy-loss: 0.87315 | Correct: 779/1280 | Difference: 0.8212725974326226
Epoch: 19 | Batch: 300 | CrossEntropy-loss: 0.86859 | Correct: 769/1280 | Difference: 0.8202945037464111
Epoch: 19 | Batch: 400 | CrossEntropy-loss: 0.84523 | Correct: 774/1280 | Difference: 0.8203689820457405
Epoch: 19 | Batch: 500 | CrossEntropy-loss: 0.86525 | Correct: 748/1280 | Difference: 0.8200893925315108
Epoch: 19 | Batch: 600 | CrossEntropy-loss: 0.84690 | Correct: 808/1280 | Difference: 0.8206801299545836
Epoch: 19 | Batch: 700 | CrossEntropy-loss: 0.85126 | Correct: 773/1280 | Difference: 0.8202425477313376
Epoch: 19 | Batch: 800 | CrossEntropy-loss: 0.87276 | Correct: 770/1280 | Difference: 0.819630506472519
Epoch: 19 | Batch: 900 | CrossEntropy-loss: 0.86905 | Correct: 773/1280 | Difference: 0.8187691925088882
Epoch: 19 | Batch: 1000 | CrossEntropy-loss: 0.84871 | Correct: 782/1280 | Difference: 0.8188795729943762
Epoch: 19 | Batch: 1100 | CrossEntropy-loss: 0.84373 | Correct: 793/1280 | Difference: 0.8189581772171043
Epoch: 19 | Batch: 1200 | CrossEntropy-loss: 0.84863 | Correct: 794/1280 | Difference: 0.8195264033352855
Epoch: 19 | Batch: 1300 | CrossEntropy-loss: 0.85406 | Correct: 780/1280 | Difference: 0.8211495564754344
Epoch: 19 | Batch: 1400 | CrossEntropy-loss: 0.89729 | Correct: 757/1280 | Difference: 0.8205127062856685
Epoch: 19 | Batch: 1500 | CrossEntropy-loss: 0.82808 | Correct: 781/1280 | Difference: 0.8209423428072937
Epoch: 19 | Batch: 1600 | CrossEntropy-loss: 0.87491 | Correct: 785/1280 | Difference: 0.8215837651551361

Epoch: 19 | Testing Accuracy: 316509/523747 (60.432%) | Historical Best: 61.460% 

Epoch: 20 | Batch: 000 | CrossEntropy-loss: 0.86519 | Correct: 785/1280 | Difference: 0.8211170438597416
Epoch: 20 | Batch: 100 | CrossEntropy-loss: 0.82728 | Correct: 784/1280 | Difference: 0.8215010598323493
Epoch: 20 | Batch: 200 | CrossEntropy-loss: 0.86435 | Correct: 797/1280 | Difference: 0.8222422301904104
Epoch: 20 | Batch: 300 | CrossEntropy-loss: 0.86311 | Correct: 778/1280 | Difference: 0.822693463318493
Epoch: 20 | Batch: 400 | CrossEntropy-loss: 0.85562 | Correct: 761/1280 | Difference: 0.8211751971972889
Epoch: 20 | Batch: 500 | CrossEntropy-loss: 0.87027 | Correct: 790/1280 | Difference: 0.8213803177265074
Epoch: 20 | Batch: 600 | CrossEntropy-loss: 0.84311 | Correct: 791/1280 | Difference: 0.8212862227448204
Epoch: 20 | Batch: 700 | CrossEntropy-loss: 0.86488 | Correct: 774/1280 | Difference: 0.8209937721752191
Epoch: 20 | Batch: 800 | CrossEntropy-loss: 0.85635 | Correct: 792/1280 | Difference: 0.8207596270567076
Epoch: 20 | Batch: 900 | CrossEntropy-loss: 0.86581 | Correct: 780/1280 | Difference: 0.8208995634275281
Epoch: 20 | Batch: 1000 | CrossEntropy-loss: 0.85221 | Correct: 805/1280 | Difference: 0.8211024095945081
Epoch: 20 | Batch: 1100 | CrossEntropy-loss: 0.87146 | Correct: 790/1280 | Difference: 0.8202663061454106
Epoch: 20 | Batch: 1200 | CrossEntropy-loss: 0.88661 | Correct: 763/1280 | Difference: 0.8208997958234058
Epoch: 20 | Batch: 1300 | CrossEntropy-loss: 0.85712 | Correct: 780/1280 | Difference: 0.8221695986438925
Epoch: 20 | Batch: 1400 | CrossEntropy-loss: 0.88396 | Correct: 767/1280 | Difference: 0.8221625934727445
Epoch: 20 | Batch: 1500 | CrossEntropy-loss: 0.85338 | Correct: 788/1280 | Difference: 0.8219073190055582
Epoch: 20 | Batch: 1600 | CrossEntropy-loss: 0.84603 | Correct: 773/1280 | Difference: 0.822479327736443

Epoch: 20 | Testing Accuracy: 316013/523747 (60.337%) | Historical Best: 61.460% 

Epoch: 21 | Batch: 000 | CrossEntropy-loss: 0.87911 | Correct: 765/1280 | Difference: 0.8228748411346543
Epoch: 21 | Batch: 100 | CrossEntropy-loss: 0.88424 | Correct: 768/1280 | Difference: 0.8231318071079815
Epoch: 21 | Batch: 200 | CrossEntropy-loss: 0.88552 | Correct: 769/1280 | Difference: 0.8234796724785352
Epoch: 21 | Batch: 300 | CrossEntropy-loss: 0.88814 | Correct: 754/1280 | Difference: 0.8233915228903765
Epoch: 21 | Batch: 400 | CrossEntropy-loss: 0.85896 | Correct: 768/1280 | Difference: 0.8229694784212193
Epoch: 21 | Batch: 500 | CrossEntropy-loss: 0.88160 | Correct: 773/1280 | Difference: 0.8231390422377035
Epoch: 21 | Batch: 600 | CrossEntropy-loss: 0.84895 | Correct: 753/1280 | Difference: 0.8226887391061348
Epoch: 21 | Batch: 700 | CrossEntropy-loss: 0.87046 | Correct: 756/1280 | Difference: 0.8215508449119063
Epoch: 21 | Batch: 800 | CrossEntropy-loss: 0.86683 | Correct: 773/1280 | Difference: 0.822098646264815
Epoch: 21 | Batch: 900 | CrossEntropy-loss: 0.86864 | Correct: 764/1280 | Difference: 0.8215607681668955
Epoch: 21 | Batch: 1000 | CrossEntropy-loss: 0.83938 | Correct: 790/1280 | Difference: 0.8216143366558105
Epoch: 21 | Batch: 1100 | CrossEntropy-loss: 0.85502 | Correct: 799/1280 | Difference: 0.8222451456006579
Epoch: 21 | Batch: 1200 | CrossEntropy-loss: 0.87257 | Correct: 749/1280 | Difference: 0.8225692006173442
Epoch: 21 | Batch: 1300 | CrossEntropy-loss: 0.89174 | Correct: 769/1280 | Difference: 0.8225963970401863
Epoch: 21 | Batch: 1400 | CrossEntropy-loss: 0.86998 | Correct: 767/1280 | Difference: 0.8219670486461187
Epoch: 21 | Batch: 1500 | CrossEntropy-loss: 0.86927 | Correct: 781/1280 | Difference: 0.8207994910208288
Epoch: 21 | Batch: 1600 | CrossEntropy-loss: 0.89429 | Correct: 752/1280 | Difference: 0.8210984258794602

Epoch: 21 | Testing Accuracy: 315499/523747 (60.239%) | Historical Best: 61.460% 

Epoch: 22 | Batch: 000 | CrossEntropy-loss: 0.86851 | Correct: 774/1280 | Difference: 0.8205519675167935
Epoch: 22 | Batch: 100 | CrossEntropy-loss: 0.88139 | Correct: 760/1280 | Difference: 0.8211808225020538
Epoch: 22 | Batch: 200 | CrossEntropy-loss: 0.84394 | Correct: 784/1280 | Difference: 0.8214016264358356
Epoch: 22 | Batch: 300 | CrossEntropy-loss: 0.87922 | Correct: 765/1280 | Difference: 0.821828742508855
Epoch: 22 | Batch: 400 | CrossEntropy-loss: 0.86707 | Correct: 779/1280 | Difference: 0.8220295366563223
Epoch: 22 | Batch: 500 | CrossEntropy-loss: 0.86257 | Correct: 773/1280 | Difference: 0.8225896729471642
Epoch: 22 | Batch: 600 | CrossEntropy-loss: 0.86837 | Correct: 774/1280 | Difference: 0.8221593683005235
Epoch: 22 | Batch: 700 | CrossEntropy-loss: 0.84866 | Correct: 789/1280 | Difference: 0.8213636465522475
Epoch: 22 | Batch: 800 | CrossEntropy-loss: 0.81762 | Correct: 813/1280 | Difference: 0.8218572976512544
Epoch: 22 | Batch: 900 | CrossEntropy-loss: 0.87663 | Correct: 768/1280 | Difference: 0.8219149790491478
Epoch: 22 | Batch: 1000 | CrossEntropy-loss: 0.85473 | Correct: 785/1280 | Difference: 0.8217802620182583
Epoch: 22 | Batch: 1100 | CrossEntropy-loss: 0.87900 | Correct: 744/1280 | Difference: 0.822863592040755
Epoch: 22 | Batch: 1200 | CrossEntropy-loss: 0.85726 | Correct: 779/1280 | Difference: 0.8233183144283875
Epoch: 22 | Batch: 1300 | CrossEntropy-loss: 0.88998 | Correct: 746/1280 | Difference: 0.8230927180958144
Epoch: 22 | Batch: 1400 | CrossEntropy-loss: 0.87984 | Correct: 757/1280 | Difference: 0.8233678166166055
Epoch: 22 | Batch: 1500 | CrossEntropy-loss: 0.85946 | Correct: 787/1280 | Difference: 0.8219031450616366
Epoch: 22 | Batch: 1600 | CrossEntropy-loss: 0.87661 | Correct: 762/1280 | Difference: 0.822049336850279

Epoch: 22 | Testing Accuracy: 315492/523747 (60.237%) | Historical Best: 61.460% 

Epoch: 23 | Batch: 000 | CrossEntropy-loss: 0.88935 | Correct: 766/1280 | Difference: 0.8210446919190049
Epoch: 23 | Batch: 100 | CrossEntropy-loss: 0.88641 | Correct: 755/1280 | Difference: 0.8216323034343425
Epoch: 23 | Batch: 200 | CrossEntropy-loss: 0.87880 | Correct: 775/1280 | Difference: 0.82144659191055
Epoch: 23 | Batch: 300 | CrossEntropy-loss: 0.87075 | Correct: 774/1280 | Difference: 0.8211434882117244
Epoch: 23 | Batch: 400 | CrossEntropy-loss: 0.86466 | Correct: 772/1280 | Difference: 0.8213192739868284
Epoch: 23 | Batch: 500 | CrossEntropy-loss: 0.89725 | Correct: 726/1280 | Difference: 0.8204025080732463
Epoch: 23 | Batch: 600 | CrossEntropy-loss: 0.86902 | Correct: 771/1280 | Difference: 0.8232147595316507
Epoch: 23 | Batch: 700 | CrossEntropy-loss: 0.88020 | Correct: 743/1280 | Difference: 0.8232193138300316
Epoch: 23 | Batch: 800 | CrossEntropy-loss: 0.88372 | Correct: 777/1280 | Difference: 0.8230429401782053
Epoch: 23 | Batch: 900 | CrossEntropy-loss: 0.83044 | Correct: 784/1280 | Difference: 0.8234458368690865
Epoch: 23 | Batch: 1000 | CrossEntropy-loss: 0.86631 | Correct: 781/1280 | Difference: 0.822885705146487
Epoch: 23 | Batch: 1100 | CrossEntropy-loss: 0.87359 | Correct: 782/1280 | Difference: 0.8227530119077522
Epoch: 23 | Batch: 1200 | CrossEntropy-loss: 0.87157 | Correct: 754/1280 | Difference: 0.8217267594605497
Epoch: 23 | Batch: 1300 | CrossEntropy-loss: 0.88572 | Correct: 771/1280 | Difference: 0.8223037372173307
Epoch: 23 | Batch: 1400 | CrossEntropy-loss: 0.87116 | Correct: 778/1280 | Difference: 0.823153530066658
Epoch: 23 | Batch: 1500 | CrossEntropy-loss: 0.88491 | Correct: 751/1280 | Difference: 0.8233271416289818
Epoch: 23 | Batch: 1600 | CrossEntropy-loss: 0.83565 | Correct: 777/1280 | Difference: 0.8229808590333166

Epoch: 23 | Testing Accuracy: 315278/523747 (60.197%) | Historical Best: 61.460% 

Epoch: 24 | Batch: 000 | CrossEntropy-loss: 0.85544 | Correct: 794/1280 | Difference: 0.823643229556987
Epoch: 24 | Batch: 100 | CrossEntropy-loss: 0.84692 | Correct: 772/1280 | Difference: 0.8227167390822375
Epoch: 24 | Batch: 200 | CrossEntropy-loss: 0.87488 | Correct: 763/1280 | Difference: 0.822112123061703
Epoch: 24 | Batch: 300 | CrossEntropy-loss: 0.86561 | Correct: 758/1280 | Difference: 0.8224511207574636
Epoch: 24 | Batch: 400 | CrossEntropy-loss: 0.82166 | Correct: 795/1280 | Difference: 0.8233457181812319
Epoch: 24 | Batch: 500 | CrossEntropy-loss: 0.86144 | Correct: 763/1280 | Difference: 0.8230037663124937
Epoch: 24 | Batch: 600 | CrossEntropy-loss: 0.84038 | Correct: 773/1280 | Difference: 0.8229091545737262
Epoch: 24 | Batch: 700 | CrossEntropy-loss: 0.89933 | Correct: 756/1280 | Difference: 0.822887286598923
Epoch: 24 | Batch: 800 | CrossEntropy-loss: 0.88168 | Correct: 760/1280 | Difference: 0.8226167726302176
Epoch: 24 | Batch: 900 | CrossEntropy-loss: 0.89188 | Correct: 759/1280 | Difference: 0.8233453359913779
Epoch: 24 | Batch: 1000 | CrossEntropy-loss: 0.83692 | Correct: 802/1280 | Difference: 0.8232392470668481
Epoch: 24 | Batch: 1100 | CrossEntropy-loss: 0.90427 | Correct: 758/1280 | Difference: 0.8228584283458518
Epoch: 24 | Batch: 1200 | CrossEntropy-loss: 0.87501 | Correct: 783/1280 | Difference: 0.8241213526148494
Epoch: 24 | Batch: 1300 | CrossEntropy-loss: 0.90065 | Correct: 726/1280 | Difference: 0.8224291824177735
Epoch: 24 | Batch: 1400 | CrossEntropy-loss: 0.85070 | Correct: 776/1280 | Difference: 0.8242221033345515
Epoch: 24 | Batch: 1500 | CrossEntropy-loss: 0.84986 | Correct: 790/1280 | Difference: 0.8242882141293922
Epoch: 24 | Batch: 1600 | CrossEntropy-loss: 0.85341 | Correct: 772/1280 | Difference: 0.8250871499493849

Epoch: 24 | Testing Accuracy: 314866/523747 (60.118%) | Historical Best: 61.460% 

Epoch: 25 | Batch: 000 | CrossEntropy-loss: 0.88108 | Correct: 769/1280 | Difference: 0.8250122646082689
Epoch: 25 | Batch: 100 | CrossEntropy-loss: 0.90957 | Correct: 751/1280 | Difference: 0.82419761733171
Epoch: 25 | Batch: 200 | CrossEntropy-loss: 0.85491 | Correct: 777/1280 | Difference: 0.8237538111996806
Epoch: 25 | Batch: 300 | CrossEntropy-loss: 0.85244 | Correct: 771/1280 | Difference: 0.8234546758458307
Epoch: 25 | Batch: 400 | CrossEntropy-loss: 0.88389 | Correct: 758/1280 | Difference: 0.824488437477495
Epoch: 25 | Batch: 500 | CrossEntropy-loss: 0.86897 | Correct: 784/1280 | Difference: 0.8239219929076114
Epoch: 25 | Batch: 600 | CrossEntropy-loss: 0.87512 | Correct: 759/1280 | Difference: 0.8238668275340036
Epoch: 25 | Batch: 700 | CrossEntropy-loss: 0.83096 | Correct: 768/1280 | Difference: 0.8235996305397768
Epoch: 25 | Batch: 800 | CrossEntropy-loss: 0.85542 | Correct: 764/1280 | Difference: 0.823063748005561
Epoch: 25 | Batch: 900 | CrossEntropy-loss: 0.86918 | Correct: 780/1280 | Difference: 0.8252580924046643
Epoch: 25 | Batch: 1000 | CrossEntropy-loss: 0.83310 | Correct: 787/1280 | Difference: 0.8250016363319017
Epoch: 25 | Batch: 1100 | CrossEntropy-loss: 0.85233 | Correct: 795/1280 | Difference: 0.8241606307415236
Epoch: 25 | Batch: 1200 | CrossEntropy-loss: 0.82912 | Correct: 796/1280 | Difference: 0.8242214882961743
Epoch: 25 | Batch: 1300 | CrossEntropy-loss: 0.86234 | Correct: 759/1280 | Difference: 0.8243325544334544
Epoch: 25 | Batch: 1400 | CrossEntropy-loss: 0.83155 | Correct: 808/1280 | Difference: 0.8244411584684844
Epoch: 25 | Batch: 1500 | CrossEntropy-loss: 0.85909 | Correct: 792/1280 | Difference: 0.8244348106138342
Epoch: 25 | Batch: 1600 | CrossEntropy-loss: 0.84828 | Correct: 789/1280 | Difference: 0.8241813174219105

Epoch: 25 | Testing Accuracy: 313893/523747 (59.932%) | Historical Best: 61.460% 

Epoch: 26 | Batch: 000 | CrossEntropy-loss: 0.88808 | Correct: 750/1280 | Difference: 0.8237617040919452
Epoch: 26 | Batch: 100 | CrossEntropy-loss: 0.86126 | Correct: 795/1280 | Difference: 0.8238397435448933
Epoch: 26 | Batch: 200 | CrossEntropy-loss: 0.87840 | Correct: 736/1280 | Difference: 0.8234000970388788
Epoch: 26 | Batch: 300 | CrossEntropy-loss: 0.86338 | Correct: 730/1280 | Difference: 0.8234163454973205
Epoch: 26 | Batch: 400 | CrossEntropy-loss: 0.86066 | Correct: 787/1280 | Difference: 0.8243059758692969
Epoch: 26 | Batch: 500 | CrossEntropy-loss: 0.89526 | Correct: 741/1280 | Difference: 0.8239657128202323
Epoch: 26 | Batch: 600 | CrossEntropy-loss: 0.87653 | Correct: 765/1280 | Difference: 0.8238899426486999
Epoch: 26 | Batch: 700 | CrossEntropy-loss: 0.83799 | Correct: 805/1280 | Difference: 0.8239442723118556
Epoch: 26 | Batch: 800 | CrossEntropy-loss: 0.90659 | Correct: 734/1280 | Difference: 0.824939960466067
Epoch: 26 | Batch: 900 | CrossEntropy-loss: 0.89416 | Correct: 754/1280 | Difference: 0.8251081805004814
Epoch: 26 | Batch: 1000 | CrossEntropy-loss: 0.88666 | Correct: 756/1280 | Difference: 0.8256660269125221
Epoch: 26 | Batch: 1100 | CrossEntropy-loss: 0.86466 | Correct: 757/1280 | Difference: 0.8243664909472063
Epoch: 26 | Batch: 1200 | CrossEntropy-loss: 0.85306 | Correct: 755/1280 | Difference: 0.823687897963698
Epoch: 26 | Batch: 1300 | CrossEntropy-loss: 0.87212 | Correct: 764/1280 | Difference: 0.8238536224826185
Epoch: 26 | Batch: 1400 | CrossEntropy-loss: 0.86262 | Correct: 756/1280 | Difference: 0.8247782631839573
Epoch: 26 | Batch: 1500 | CrossEntropy-loss: 0.85311 | Correct: 768/1280 | Difference: 0.8246808856409582
Epoch: 26 | Batch: 1600 | CrossEntropy-loss: 0.89493 | Correct: 732/1280 | Difference: 0.8249419215874167

Epoch: 26 | Testing Accuracy: 313510/523747 (59.859%) | Historical Best: 61.460% 

Epoch: 27 | Batch: 000 | CrossEntropy-loss: 0.86402 | Correct: 777/1280 | Difference: 0.8247541748689495
Epoch: 27 | Batch: 100 | CrossEntropy-loss: 0.84907 | Correct: 774/1280 | Difference: 0.8241006824256013
Epoch: 27 | Batch: 200 | CrossEntropy-loss: 0.87932 | Correct: 747/1280 | Difference: 0.8243009794793933
Epoch: 27 | Batch: 300 | CrossEntropy-loss: 0.85598 | Correct: 759/1280 | Difference: 0.8233781205898157
Epoch: 27 | Batch: 400 | CrossEntropy-loss: 0.85983 | Correct: 772/1280 | Difference: 0.8252761640384686
Epoch: 27 | Batch: 500 | CrossEntropy-loss: 0.89567 | Correct: 750/1280 | Difference: 0.8242124776045728
Epoch: 27 | Batch: 600 | CrossEntropy-loss: 0.85251 | Correct: 768/1280 | Difference: 0.8250685008474521
Epoch: 27 | Batch: 700 | CrossEntropy-loss: 0.89521 | Correct: 748/1280 | Difference: 0.8248795966943728
Epoch: 27 | Batch: 800 | CrossEntropy-loss: 0.87206 | Correct: 762/1280 | Difference: 0.8229763812173948
Epoch: 27 | Batch: 900 | CrossEntropy-loss: 0.85535 | Correct: 792/1280 | Difference: 0.8237502864989313
Epoch: 27 | Batch: 1000 | CrossEntropy-loss: 0.87997 | Correct: 767/1280 | Difference: 0.8241663270322863
Epoch: 27 | Batch: 1100 | CrossEntropy-loss: 0.90411 | Correct: 745/1280 | Difference: 0.8250174447445251
Epoch: 27 | Batch: 1200 | CrossEntropy-loss: 0.84158 | Correct: 779/1280 | Difference: 0.8257232830161082
Epoch: 27 | Batch: 1300 | CrossEntropy-loss: 0.83973 | Correct: 785/1280 | Difference: 0.8258111643833355
Epoch: 27 | Batch: 1400 | CrossEntropy-loss: 0.82583 | Correct: 802/1280 | Difference: 0.8254757220042261
Epoch: 27 | Batch: 1500 | CrossEntropy-loss: 0.86900 | Correct: 763/1280 | Difference: 0.8256428671366379
Epoch: 27 | Batch: 1600 | CrossEntropy-loss: 0.88239 | Correct: 755/1280 | Difference: 0.8252258066882922

Epoch: 27 | Testing Accuracy: 312503/523747 (59.667%) | Historical Best: 61.460% 

Epoch: 28 | Batch: 000 | CrossEntropy-loss: 0.90192 | Correct: 732/1280 | Difference: 0.8259866178061965
Epoch: 28 | Batch: 100 | CrossEntropy-loss: 0.82228 | Correct: 805/1280 | Difference: 0.8243506837103051
Epoch: 28 | Batch: 200 | CrossEntropy-loss: 0.87782 | Correct: 764/1280 | Difference: 0.8243005369794953
Epoch: 28 | Batch: 300 | CrossEntropy-loss: 0.91050 | Correct: 744/1280 | Difference: 0.8245762791067162
Epoch: 28 | Batch: 400 | CrossEntropy-loss: 0.84026 | Correct: 781/1280 | Difference: 0.8255705832155502
Epoch: 28 | Batch: 500 | CrossEntropy-loss: 0.85158 | Correct: 769/1280 | Difference: 0.8257506987216161
Epoch: 28 | Batch: 600 | CrossEntropy-loss: 0.84747 | Correct: 778/1280 | Difference: 0.8266366644248545
Epoch: 28 | Batch: 700 | CrossEntropy-loss: 0.89356 | Correct: 742/1280 | Difference: 0.8269493874040172
Epoch: 28 | Batch: 800 | CrossEntropy-loss: 0.87991 | Correct: 754/1280 | Difference: 0.8266459230115276
Epoch: 28 | Batch: 900 | CrossEntropy-loss: 0.88638 | Correct: 773/1280 | Difference: 0.8266329546787824
Epoch: 28 | Batch: 1000 | CrossEntropy-loss: 0.85459 | Correct: 780/1280 | Difference: 0.8263425016946353
Epoch: 28 | Batch: 1100 | CrossEntropy-loss: 0.88535 | Correct: 753/1280 | Difference: 0.8263876508304394
Epoch: 28 | Batch: 1200 | CrossEntropy-loss: 0.88056 | Correct: 758/1280 | Difference: 0.8266622038442456
Epoch: 28 | Batch: 1300 | CrossEntropy-loss: 0.88744 | Correct: 740/1280 | Difference: 0.8265047581099594
Epoch: 28 | Batch: 1400 | CrossEntropy-loss: 0.87646 | Correct: 769/1280 | Difference: 0.8253967813671997
Epoch: 28 | Batch: 1500 | CrossEntropy-loss: 0.85203 | Correct: 789/1280 | Difference: 0.825361593217884
Epoch: 28 | Batch: 1600 | CrossEntropy-loss: 0.89156 | Correct: 750/1280 | Difference: 0.8244115547530995

Epoch: 28 | Testing Accuracy: 312419/523747 (59.651%) | Historical Best: 61.460% 

Epoch: 29 | Batch: 000 | CrossEntropy-loss: 0.85525 | Correct: 790/1280 | Difference: 0.8243524215241064
Epoch: 29 | Batch: 100 | CrossEntropy-loss: 0.84827 | Correct: 757/1280 | Difference: 0.8238499001042141
Epoch: 29 | Batch: 200 | CrossEntropy-loss: 0.86470 | Correct: 769/1280 | Difference: 0.8238631481101046
Epoch: 29 | Batch: 300 | CrossEntropy-loss: 0.87768 | Correct: 744/1280 | Difference: 0.8239483575238022
Epoch: 29 | Batch: 400 | CrossEntropy-loss: 0.86584 | Correct: 780/1280 | Difference: 0.8242862210495293
Epoch: 29 | Batch: 500 | CrossEntropy-loss: 0.89844 | Correct: 728/1280 | Difference: 0.8243806501858124
Epoch: 29 | Batch: 600 | CrossEntropy-loss: 0.87506 | Correct: 772/1280 | Difference: 0.8248198180459544
Epoch: 29 | Batch: 700 | CrossEntropy-loss: 0.87521 | Correct: 758/1280 | Difference: 0.8239356161067714
Epoch: 29 | Batch: 800 | CrossEntropy-loss: 0.88057 | Correct: 746/1280 | Difference: 0.8246554730175503
Epoch: 29 | Batch: 900 | CrossEntropy-loss: 0.86910 | Correct: 764/1280 | Difference: 0.8244624682546144
Epoch: 29 | Batch: 1000 | CrossEntropy-loss: 0.85403 | Correct: 769/1280 | Difference: 0.8246629662636589
Epoch: 29 | Batch: 1100 | CrossEntropy-loss: 0.86143 | Correct: 766/1280 | Difference: 0.8241243347091479
Epoch: 29 | Batch: 1200 | CrossEntropy-loss: 0.88617 | Correct: 759/1280 | Difference: 0.8253667600543001
Epoch: 29 | Batch: 1300 | CrossEntropy-loss: 0.85925 | Correct: 773/1280 | Difference: 0.8264479657757828
Epoch: 29 | Batch: 1400 | CrossEntropy-loss: 0.85859 | Correct: 761/1280 | Difference: 0.8263689187478437
Epoch: 29 | Batch: 1500 | CrossEntropy-loss: 0.86236 | Correct: 776/1280 | Difference: 0.8266520204276472
Epoch: 29 | Batch: 1600 | CrossEntropy-loss: 0.85853 | Correct: 770/1280 | Difference: 0.8264596404937794

Epoch: 29 | Testing Accuracy: 312287/523747 (59.626%) | Historical Best: 61.460% 

Epoch: 30 | Batch: 000 | CrossEntropy-loss: 0.86858 | Correct: 759/1280 | Difference: 0.8262221780666149
Epoch: 30 | Batch: 100 | CrossEntropy-loss: 0.88316 | Correct: 764/1280 | Difference: 0.8255044857342988
Epoch: 30 | Batch: 200 | CrossEntropy-loss: 0.85341 | Correct: 768/1280 | Difference: 0.8261499968229262
Epoch: 30 | Batch: 300 | CrossEntropy-loss: 0.86437 | Correct: 753/1280 | Difference: 0.8268247452196141
Epoch: 30 | Batch: 400 | CrossEntropy-loss: 0.84295 | Correct: 755/1280 | Difference: 0.8274248389730184
Epoch: 30 | Batch: 500 | CrossEntropy-loss: 0.88056 | Correct: 771/1280 | Difference: 0.8275007972556498
Epoch: 30 | Batch: 600 | CrossEntropy-loss: 0.84288 | Correct: 766/1280 | Difference: 0.8272360376054027
Epoch: 30 | Batch: 700 | CrossEntropy-loss: 0.85284 | Correct: 775/1280 | Difference: 0.8273556429079222
Epoch: 30 | Batch: 800 | CrossEntropy-loss: 0.88075 | Correct: 732/1280 | Difference: 0.8262531464991713
Epoch: 30 | Batch: 900 | CrossEntropy-loss: 0.87226 | Correct: 783/1280 | Difference: 0.8264508336894824
Epoch: 30 | Batch: 1000 | CrossEntropy-loss: 0.86301 | Correct: 758/1280 | Difference: 0.8256618054677141
Epoch: 30 | Batch: 1100 | CrossEntropy-loss: 0.86114 | Correct: 774/1280 | Difference: 0.825092578662981
Epoch: 30 | Batch: 1200 | CrossEntropy-loss: 0.88311 | Correct: 763/1280 | Difference: 0.8255198020490638
Epoch: 30 | Batch: 1300 | CrossEntropy-loss: 0.86093 | Correct: 783/1280 | Difference: 0.8266991808914919
Epoch: 30 | Batch: 1400 | CrossEntropy-loss: 0.83817 | Correct: 782/1280 | Difference: 0.8255774307897369
Epoch: 30 | Batch: 1500 | CrossEntropy-loss: 0.85787 | Correct: 797/1280 | Difference: 0.8254861145382001
Epoch: 30 | Batch: 1600 | CrossEntropy-loss: 0.83281 | Correct: 792/1280 | Difference: 0.8255548089185707

Epoch: 30 | Testing Accuracy: 312779/523747 (59.719%) | Historical Best: 61.460% 

Epoch: 31 | Batch: 000 | CrossEntropy-loss: 0.86227 | Correct: 773/1280 | Difference: 0.8260420761871926
Epoch: 31 | Batch: 100 | CrossEntropy-loss: 0.82939 | Correct: 799/1280 | Difference: 0.8264835873314567
Epoch: 31 | Batch: 200 | CrossEntropy-loss: 0.86350 | Correct: 749/1280 | Difference: 0.8254279052047518
Epoch: 31 | Batch: 300 | CrossEntropy-loss: 0.89523 | Correct: 743/1280 | Difference: 0.8250453156716969
Epoch: 31 | Batch: 400 | CrossEntropy-loss: 0.86065 | Correct: 787/1280 | Difference: 0.825496097842841
Epoch: 31 | Batch: 500 | CrossEntropy-loss: 0.86295 | Correct: 759/1280 | Difference: 0.8252710291991516
Epoch: 31 | Batch: 600 | CrossEntropy-loss: 0.85650 | Correct: 765/1280 | Difference: 0.8253504700511257
Epoch: 31 | Batch: 700 | CrossEntropy-loss: 0.86004 | Correct: 764/1280 | Difference: 0.8256014244603207
Epoch: 31 | Batch: 800 | CrossEntropy-loss: 0.86855 | Correct: 796/1280 | Difference: 0.824374297057887
Epoch: 31 | Batch: 900 | CrossEntropy-loss: 0.89775 | Correct: 782/1280 | Difference: 0.8256249822002756
Epoch: 31 | Batch: 1000 | CrossEntropy-loss: 0.82386 | Correct: 786/1280 | Difference: 0.8256322101148604
Epoch: 31 | Batch: 1100 | CrossEntropy-loss: 0.88442 | Correct: 773/1280 | Difference: 0.8254129187661379
Epoch: 31 | Batch: 1200 | CrossEntropy-loss: 0.87111 | Correct: 766/1280 | Difference: 0.8259979681670516
Epoch: 31 | Batch: 1300 | CrossEntropy-loss: 0.88010 | Correct: 747/1280 | Difference: 0.8252093243230445
Epoch: 31 | Batch: 1400 | CrossEntropy-loss: 0.85767 | Correct: 755/1280 | Difference: 0.8260712517110081
Epoch: 31 | Batch: 1500 | CrossEntropy-loss: 0.87935 | Correct: 752/1280 | Difference: 0.8276923358210556
Epoch: 31 | Batch: 1600 | CrossEntropy-loss: 0.85632 | Correct: 762/1280 | Difference: 0.8274990770148881

Epoch: 31 | Testing Accuracy: 311590/523747 (59.492%) | Historical Best: 61.460% 

Epoch: 32 | Batch: 000 | CrossEntropy-loss: 0.88007 | Correct: 732/1280 | Difference: 0.8276818966742103
Epoch: 32 | Batch: 100 | CrossEntropy-loss: 0.87179 | Correct: 751/1280 | Difference: 0.8274311828204952
Epoch: 32 | Batch: 200 | CrossEntropy-loss: 0.84291 | Correct: 780/1280 | Difference: 0.8273000433220854
Epoch: 32 | Batch: 300 | CrossEntropy-loss: 0.85698 | Correct: 753/1280 | Difference: 0.8269555232833903
Epoch: 32 | Batch: 400 | CrossEntropy-loss: 0.87561 | Correct: 768/1280 | Difference: 0.8270867449723689
Epoch: 32 | Batch: 500 | CrossEntropy-loss: 0.84604 | Correct: 771/1280 | Difference: 0.8270871766984894
Epoch: 32 | Batch: 600 | CrossEntropy-loss: 0.84896 | Correct: 778/1280 | Difference: 0.8255856692746645
Epoch: 32 | Batch: 700 | CrossEntropy-loss: 0.85286 | Correct: 774/1280 | Difference: 0.825722746782576
Epoch: 32 | Batch: 800 | CrossEntropy-loss: 0.89097 | Correct: 762/1280 | Difference: 0.827141190055118
Epoch: 32 | Batch: 900 | CrossEntropy-loss: 0.85489 | Correct: 777/1280 | Difference: 0.8272506240938854
Epoch: 32 | Batch: 1000 | CrossEntropy-loss: 0.87163 | Correct: 752/1280 | Difference: 0.8263852674397679
Epoch: 32 | Batch: 1100 | CrossEntropy-loss: 0.87695 | Correct: 759/1280 | Difference: 0.8268035770373928
Epoch: 32 | Batch: 1200 | CrossEntropy-loss: 0.87375 | Correct: 756/1280 | Difference: 0.8268654979977077
Epoch: 32 | Batch: 1300 | CrossEntropy-loss: 0.86144 | Correct: 767/1280 | Difference: 0.8276583520074848
Epoch: 32 | Batch: 1400 | CrossEntropy-loss: 0.89401 | Correct: 735/1280 | Difference: 0.8272011039349636
Epoch: 32 | Batch: 1500 | CrossEntropy-loss: 0.87328 | Correct: 762/1280 | Difference: 0.8265141786011365
Epoch: 32 | Batch: 1600 | CrossEntropy-loss: 0.87124 | Correct: 765/1280 | Difference: 0.8271591640564694

Epoch: 32 | Testing Accuracy: 311494/523747 (59.474%) | Historical Best: 61.460% 

Epoch: 33 | Batch: 000 | CrossEntropy-loss: 0.89350 | Correct: 738/1280 | Difference: 0.8266829322584116
Epoch: 33 | Batch: 100 | CrossEntropy-loss: 0.86051 | Correct: 780/1280 | Difference: 0.8268616685190531
Epoch: 33 | Batch: 200 | CrossEntropy-loss: 0.85412 | Correct: 740/1280 | Difference: 0.8272597533811571
Epoch: 33 | Batch: 300 | CrossEntropy-loss: 0.84533 | Correct: 800/1280 | Difference: 0.8283512234326469
Epoch: 33 | Batch: 400 | CrossEntropy-loss: 0.88724 | Correct: 751/1280 | Difference: 0.8276055073035546
Epoch: 33 | Batch: 500 | CrossEntropy-loss: 0.85352 | Correct: 764/1280 | Difference: 0.8268879666768109
Epoch: 33 | Batch: 600 | CrossEntropy-loss: 0.82925 | Correct: 778/1280 | Difference: 0.8266753107743708
Epoch: 33 | Batch: 700 | CrossEntropy-loss: 0.87775 | Correct: 765/1280 | Difference: 0.8279009597872821
Epoch: 33 | Batch: 800 | CrossEntropy-loss: 0.86035 | Correct: 748/1280 | Difference: 0.8277985818310695
Epoch: 33 | Batch: 900 | CrossEntropy-loss: 0.84170 | Correct: 769/1280 | Difference: 0.827341288751102
Epoch: 33 | Batch: 1000 | CrossEntropy-loss: 0.86996 | Correct: 757/1280 | Difference: 0.8271322050064351
Epoch: 33 | Batch: 1100 | CrossEntropy-loss: 0.84425 | Correct: 771/1280 | Difference: 0.8276118690227973
Epoch: 33 | Batch: 1200 | CrossEntropy-loss: 0.91600 | Correct: 727/1280 | Difference: 0.8279941347437639
Epoch: 33 | Batch: 1300 | CrossEntropy-loss: 0.86489 | Correct: 775/1280 | Difference: 0.8270740894383914
Epoch: 33 | Batch: 1400 | CrossEntropy-loss: 0.84585 | Correct: 782/1280 | Difference: 0.825995737245919
Epoch: 33 | Batch: 1500 | CrossEntropy-loss: 0.86161 | Correct: 762/1280 | Difference: 0.8258521203880314
Epoch: 33 | Batch: 1600 | CrossEntropy-loss: 0.83643 | Correct: 785/1280 | Difference: 0.8260640573516903

Epoch: 33 | Testing Accuracy: 310837/523747 (59.349%) | Historical Best: 61.460% 

Epoch: 34 | Batch: 000 | CrossEntropy-loss: 0.86664 | Correct: 757/1280 | Difference: 0.8261268003272262
Epoch: 34 | Batch: 100 | CrossEntropy-loss: 0.85429 | Correct: 740/1280 | Difference: 0.8255510079858664
Epoch: 34 | Batch: 200 | CrossEntropy-loss: 0.83046 | Correct: 779/1280 | Difference: 0.8259962739542008
Epoch: 34 | Batch: 300 | CrossEntropy-loss: 0.87365 | Correct: 753/1280 | Difference: 0.8269637060419686
Epoch: 34 | Batch: 400 | CrossEntropy-loss: 0.85817 | Correct: 784/1280 | Difference: 0.8260725466947062
Epoch: 34 | Batch: 500 | CrossEntropy-loss: 0.88573 | Correct: 721/1280 | Difference: 0.8267200861540551
Epoch: 34 | Batch: 600 | CrossEntropy-loss: 0.88225 | Correct: 727/1280 | Difference: 0.8270929564268685
Epoch: 34 | Batch: 700 | CrossEntropy-loss: 0.87454 | Correct: 769/1280 | Difference: 0.8269689466346539
Epoch: 34 | Batch: 800 | CrossEntropy-loss: 0.87525 | Correct: 754/1280 | Difference: 0.8269040327849829
Epoch: 34 | Batch: 900 | CrossEntropy-loss: 0.86665 | Correct: 729/1280 | Difference: 0.8270938229929122
Epoch: 34 | Batch: 1000 | CrossEntropy-loss: 0.86909 | Correct: 775/1280 | Difference: 0.8270701554955283
Epoch: 34 | Batch: 1100 | CrossEntropy-loss: 0.82259 | Correct: 797/1280 | Difference: 0.8262787392046579
Epoch: 34 | Batch: 1200 | CrossEntropy-loss: 0.87668 | Correct: 733/1280 | Difference: 0.8266454286730819
Epoch: 34 | Batch: 1300 | CrossEntropy-loss: 0.91652 | Correct: 746/1280 | Difference: 0.8272790042720274
Epoch: 34 | Batch: 1400 | CrossEntropy-loss: 0.87535 | Correct: 748/1280 | Difference: 0.8264075164036588
Epoch: 34 | Batch: 1500 | CrossEntropy-loss: 0.87515 | Correct: 755/1280 | Difference: 0.8264381020688284
Epoch: 34 | Batch: 1600 | CrossEntropy-loss: 0.90468 | Correct: 744/1280 | Difference: 0.8268002563344446

Epoch: 34 | Testing Accuracy: 310141/523747 (59.216%) | Historical Best: 61.460% 

Epoch: 35 | Batch: 000 | CrossEntropy-loss: 0.86015 | Correct: 767/1280 | Difference: 0.8266026197287741
Epoch: 35 | Batch: 100 | CrossEntropy-loss: 0.83924 | Correct: 777/1280 | Difference: 0.8268466197966969
Epoch: 35 | Batch: 200 | CrossEntropy-loss: 0.85785 | Correct: 764/1280 | Difference: 0.8276319909367833
Epoch: 35 | Batch: 300 | CrossEntropy-loss: 0.87849 | Correct: 767/1280 | Difference: 0.8278673137006127
Epoch: 35 | Batch: 400 | CrossEntropy-loss: 0.89147 | Correct: 740/1280 | Difference: 0.8272671697988775
Epoch: 35 | Batch: 500 | CrossEntropy-loss: 0.89723 | Correct: 739/1280 | Difference: 0.8279927375497071
Epoch: 35 | Batch: 600 | CrossEntropy-loss: 0.84473 | Correct: 768/1280 | Difference: 0.8271853028036864
Epoch: 35 | Batch: 700 | CrossEntropy-loss: 0.88143 | Correct: 755/1280 | Difference: 0.8274368037004548
Epoch: 35 | Batch: 800 | CrossEntropy-loss: 0.85480 | Correct: 776/1280 | Difference: 0.827041433649931
Epoch: 35 | Batch: 900 | CrossEntropy-loss: 0.84426 | Correct: 787/1280 | Difference: 0.8276650601936245
Epoch: 35 | Batch: 1000 | CrossEntropy-loss: 0.84787 | Correct: 795/1280 | Difference: 0.8253603363997499
Epoch: 35 | Batch: 1100 | CrossEntropy-loss: 0.87088 | Correct: 745/1280 | Difference: 0.8268885283830516
Epoch: 35 | Batch: 1200 | CrossEntropy-loss: 0.87767 | Correct: 760/1280 | Difference: 0.8266392134899984
Epoch: 35 | Batch: 1300 | CrossEntropy-loss: 0.90807 | Correct: 749/1280 | Difference: 0.8274609988446116
Epoch: 35 | Batch: 1400 | CrossEntropy-loss: 0.85933 | Correct: 741/1280 | Difference: 0.8272573408371804
Epoch: 35 | Batch: 1500 | CrossEntropy-loss: 0.88948 | Correct: 751/1280 | Difference: 0.8281137195071858
Epoch: 35 | Batch: 1600 | CrossEntropy-loss: 0.89687 | Correct: 755/1280 | Difference: 0.8283239082134475

Epoch: 35 | Testing Accuracy: 311255/523747 (59.429%) | Historical Best: 61.460% 

Epoch: 36 | Batch: 000 | CrossEntropy-loss: 0.91446 | Correct: 730/1280 | Difference: 0.8275159418889804
Epoch: 36 | Batch: 100 | CrossEntropy-loss: 0.84073 | Correct: 768/1280 | Difference: 0.8271560222332223
Epoch: 36 | Batch: 200 | CrossEntropy-loss: 0.89933 | Correct: 735/1280 | Difference: 0.8262984799623816
Epoch: 36 | Batch: 300 | CrossEntropy-loss: 0.85697 | Correct: 749/1280 | Difference: 0.825912423613061
Epoch: 36 | Batch: 400 | CrossEntropy-loss: 0.86994 | Correct: 756/1280 | Difference: 0.825496495988076
Epoch: 36 | Batch: 500 | CrossEntropy-loss: 0.85206 | Correct: 755/1280 | Difference: 0.8265677209303918
Epoch: 36 | Batch: 600 | CrossEntropy-loss: 0.86662 | Correct: 744/1280 | Difference: 0.827684839881278
Epoch: 36 | Batch: 700 | CrossEntropy-loss: 0.86456 | Correct: 767/1280 | Difference: 0.8276865107976115
Epoch: 36 | Batch: 800 | CrossEntropy-loss: 0.84745 | Correct: 769/1280 | Difference: 0.8279890865703224
Epoch: 36 | Batch: 900 | CrossEntropy-loss: 0.86052 | Correct: 757/1280 | Difference: 0.8275968649716956
Epoch: 36 | Batch: 1000 | CrossEntropy-loss: 0.87946 | Correct: 736/1280 | Difference: 0.8268778329739765
Epoch: 36 | Batch: 1100 | CrossEntropy-loss: 0.87481 | Correct: 756/1280 | Difference: 0.8272828073720607
Epoch: 36 | Batch: 1200 | CrossEntropy-loss: 0.86375 | Correct: 755/1280 | Difference: 0.8265541628855247
Epoch: 36 | Batch: 1300 | CrossEntropy-loss: 0.84372 | Correct: 751/1280 | Difference: 0.827101107790173
Epoch: 36 | Batch: 1400 | CrossEntropy-loss: 0.89314 | Correct: 735/1280 | Difference: 0.8268417317936984
Epoch: 36 | Batch: 1500 | CrossEntropy-loss: 0.84249 | Correct: 763/1280 | Difference: 0.8272564310475016
Epoch: 36 | Batch: 1600 | CrossEntropy-loss: 0.86897 | Correct: 765/1280 | Difference: 0.8272314903476907

Epoch: 36 | Testing Accuracy: 310455/523747 (59.276%) | Historical Best: 61.460% 

Epoch: 37 | Batch: 000 | CrossEntropy-loss: 0.85863 | Correct: 766/1280 | Difference: 0.8271078317500774
Epoch: 37 | Batch: 100 | CrossEntropy-loss: 0.90316 | Correct: 735/1280 | Difference: 0.8269482087528737
Epoch: 37 | Batch: 200 | CrossEntropy-loss: 0.90591 | Correct: 723/1280 | Difference: 0.8269953647183939
Epoch: 37 | Batch: 300 | CrossEntropy-loss: 0.86394 | Correct: 758/1280 | Difference: 0.8282495748963117
Epoch: 37 | Batch: 400 | CrossEntropy-loss: 0.87929 | Correct: 746/1280 | Difference: 0.8276260371995702
Epoch: 37 | Batch: 500 | CrossEntropy-loss: 0.86057 | Correct: 759/1280 | Difference: 0.827773223643709
Epoch: 37 | Batch: 600 | CrossEntropy-loss: 0.87535 | Correct: 742/1280 | Difference: 0.8267035702557857
Epoch: 37 | Batch: 700 | CrossEntropy-loss: 0.85935 | Correct: 789/1280 | Difference: 0.8276308046118273
Epoch: 37 | Batch: 800 | CrossEntropy-loss: 0.87352 | Correct: 751/1280 | Difference: 0.8271314023814924
Epoch: 37 | Batch: 900 | CrossEntropy-loss: 0.85403 | Correct: 760/1280 | Difference: 0.8276099497175726
Epoch: 37 | Batch: 1000 | CrossEntropy-loss: 0.83607 | Correct: 799/1280 | Difference: 0.8284749960889862
Epoch: 37 | Batch: 1100 | CrossEntropy-loss: 0.88460 | Correct: 744/1280 | Difference: 0.8294377292110342
Epoch: 37 | Batch: 1200 | CrossEntropy-loss: 0.87759 | Correct: 770/1280 | Difference: 0.827559044990818
Epoch: 37 | Batch: 1300 | CrossEntropy-loss: 0.88988 | Correct: 723/1280 | Difference: 0.8276894050120341
Epoch: 37 | Batch: 1400 | CrossEntropy-loss: 0.87079 | Correct: 762/1280 | Difference: 0.8273462559173914
Epoch: 37 | Batch: 1500 | CrossEntropy-loss: 0.83158 | Correct: 769/1280 | Difference: 0.8268623799806267
Epoch: 37 | Batch: 1600 | CrossEntropy-loss: 0.85369 | Correct: 778/1280 | Difference: 0.82647506303285

Epoch: 37 | Testing Accuracy: 310098/523747 (59.208%) | Historical Best: 61.460% 

Epoch: 38 | Batch: 000 | CrossEntropy-loss: 0.87969 | Correct: 728/1280 | Difference: 0.8260327942648961
Epoch: 38 | Batch: 100 | CrossEntropy-loss: 0.85906 | Correct: 750/1280 | Difference: 0.8269355066642039
Epoch: 38 | Batch: 200 | CrossEntropy-loss: 0.87586 | Correct: 766/1280 | Difference: 0.8265635990902113
Epoch: 38 | Batch: 300 | CrossEntropy-loss: 0.87495 | Correct: 760/1280 | Difference: 0.8271254651933476
Epoch: 38 | Batch: 400 | CrossEntropy-loss: 0.85951 | Correct: 758/1280 | Difference: 0.8275224378490901
Epoch: 38 | Batch: 500 | CrossEntropy-loss: 0.86419 | Correct: 762/1280 | Difference: 0.8278238347594256
Epoch: 38 | Batch: 600 | CrossEntropy-loss: 0.86822 | Correct: 746/1280 | Difference: 0.8273230192317931
Epoch: 38 | Batch: 700 | CrossEntropy-loss: 0.89550 | Correct: 752/1280 | Difference: 0.8268759897858454
Epoch: 38 | Batch: 800 | CrossEntropy-loss: 0.84461 | Correct: 766/1280 | Difference: 0.8263464362920491
Epoch: 38 | Batch: 900 | CrossEntropy-loss: 0.86486 | Correct: 753/1280 | Difference: 0.8257840128523681
Epoch: 38 | Batch: 1000 | CrossEntropy-loss: 0.87724 | Correct: 738/1280 | Difference: 0.8252608818513238
Epoch: 38 | Batch: 1100 | CrossEntropy-loss: 0.88436 | Correct: 725/1280 | Difference: 0.8258989582827262
Epoch: 38 | Batch: 1200 | CrossEntropy-loss: 0.84763 | Correct: 783/1280 | Difference: 0.826610142838671
Epoch: 38 | Batch: 1300 | CrossEntropy-loss: 0.84899 | Correct: 764/1280 | Difference: 0.8262064932095109
Epoch: 38 | Batch: 1400 | CrossEntropy-loss: 0.86062 | Correct: 761/1280 | Difference: 0.826285844251597
Epoch: 38 | Batch: 1500 | CrossEntropy-loss: 0.86859 | Correct: 734/1280 | Difference: 0.8271430681944906
Epoch: 38 | Batch: 1600 | CrossEntropy-loss: 0.85364 | Correct: 780/1280 | Difference: 0.8275494433220805

Epoch: 38 | Testing Accuracy: 309748/523747 (59.141%) | Historical Best: 61.460% 

Epoch: 39 | Batch: 000 | CrossEntropy-loss: 0.86914 | Correct: 772/1280 | Difference: 0.8279576900139083
Epoch: 39 | Batch: 100 | CrossEntropy-loss: 0.87209 | Correct: 765/1280 | Difference: 0.8278978431243382
Epoch: 39 | Batch: 200 | CrossEntropy-loss: 0.88773 | Correct: 741/1280 | Difference: 0.8272505108095164
Epoch: 39 | Batch: 300 | CrossEntropy-loss: 0.87299 | Correct: 745/1280 | Difference: 0.8262268753903056
Epoch: 39 | Batch: 400 | CrossEntropy-loss: 0.86500 | Correct: 769/1280 | Difference: 0.8270498141324195
Epoch: 39 | Batch: 500 | CrossEntropy-loss: 0.85305 | Correct: 782/1280 | Difference: 0.8269183548562004
Epoch: 39 | Batch: 600 | CrossEntropy-loss: 0.87452 | Correct: 748/1280 | Difference: 0.8279648664956097
Epoch: 39 | Batch: 700 | CrossEntropy-loss: 0.85000 | Correct: 752/1280 | Difference: 0.8283963476810259
Epoch: 39 | Batch: 800 | CrossEntropy-loss: 0.85848 | Correct: 737/1280 | Difference: 0.8285627759699492
Epoch: 39 | Batch: 900 | CrossEntropy-loss: 0.88429 | Correct: 759/1280 | Difference: 0.8272930419754662
Epoch: 39 | Batch: 1000 | CrossEntropy-loss: 0.88948 | Correct: 735/1280 | Difference: 0.8277863253624124
Epoch: 39 | Batch: 1100 | CrossEntropy-loss: 0.85281 | Correct: 759/1280 | Difference: 0.8266507211786531
Epoch: 39 | Batch: 1200 | CrossEntropy-loss: 0.83494 | Correct: 788/1280 | Difference: 0.8272778996043909
Epoch: 39 | Batch: 1300 | CrossEntropy-loss: 0.86968 | Correct: 735/1280 | Difference: 0.8266239344055543
Epoch: 39 | Batch: 1400 | CrossEntropy-loss: 0.85331 | Correct: 766/1280 | Difference: 0.825954896157853
Epoch: 39 | Batch: 1500 | CrossEntropy-loss: 0.84406 | Correct: 787/1280 | Difference: 0.8265642314982717
Epoch: 39 | Batch: 1600 | CrossEntropy-loss: 0.87648 | Correct: 778/1280 | Difference: 0.82710920575938

Epoch: 39 | Testing Accuracy: 310041/523747 (59.197%) | Historical Best: 61.460% 

Epoch: 40 | Batch: 000 | CrossEntropy-loss: 0.85963 | Correct: 765/1280 | Difference: 0.827835415521768
Epoch: 40 | Batch: 100 | CrossEntropy-loss: 0.84199 | Correct: 758/1280 | Difference: 0.8265000422854684
Epoch: 40 | Batch: 200 | CrossEntropy-loss: 0.84958 | Correct: 773/1280 | Difference: 0.8278579253966275
Epoch: 40 | Batch: 300 | CrossEntropy-loss: 0.85888 | Correct: 765/1280 | Difference: 0.826771535562217
Epoch: 40 | Batch: 400 | CrossEntropy-loss: 0.83444 | Correct: 764/1280 | Difference: 0.8272053820011731
Epoch: 40 | Batch: 500 | CrossEntropy-loss: 0.84234 | Correct: 759/1280 | Difference: 0.8280018964957172
Epoch: 40 | Batch: 600 | CrossEntropy-loss: 0.89053 | Correct: 743/1280 | Difference: 0.8270164419286343
Epoch: 40 | Batch: 700 | CrossEntropy-loss: 0.85016 | Correct: 783/1280 | Difference: 0.8269115311334634
Epoch: 40 | Batch: 800 | CrossEntropy-loss: 0.84824 | Correct: 786/1280 | Difference: 0.8272644336924618
Epoch: 40 | Batch: 900 | CrossEntropy-loss: 0.86005 | Correct: 784/1280 | Difference: 0.8280812431107588
Epoch: 40 | Batch: 1000 | CrossEntropy-loss: 0.88142 | Correct: 761/1280 | Difference: 0.8286744682258843
Epoch: 40 | Batch: 1100 | CrossEntropy-loss: 0.87400 | Correct: 755/1280 | Difference: 0.8281937496519741
Epoch: 40 | Batch: 1200 | CrossEntropy-loss: 0.84057 | Correct: 793/1280 | Difference: 0.8285839029541755
Epoch: 40 | Batch: 1300 | CrossEntropy-loss: 0.87842 | Correct: 722/1280 | Difference: 0.8287646498049895
Epoch: 40 | Batch: 1400 | CrossEntropy-loss: 0.83195 | Correct: 777/1280 | Difference: 0.828500121131662
Epoch: 40 | Batch: 1500 | CrossEntropy-loss: 0.84926 | Correct: 761/1280 | Difference: 0.8280704889997283
Epoch: 40 | Batch: 1600 | CrossEntropy-loss: 0.87288 | Correct: 773/1280 | Difference: 0.8276310271057575

Epoch: 40 | Testing Accuracy: 309491/523747 (59.092%) | Historical Best: 61.460% 

