compute002
4
/home/zihan/anaconda3/envs/exp/lib/python3.6/site-packages/gym/envs/registration.py:14: PkgResourcesDeprecationWarning: Parameters to load are deprecated.  Call .resolve and .require separately.
  result = entry_point.load(False)
8 4
# of episode :20, reward : -268.0, episode length: 109
# of episode :40, reward : -70.4, episode length: 80
# of episode :60, reward : -111.5, episode length: 98
# of episode :80, reward : -79.5, episode length: 78
# of episode :100, reward : -344.3, episode length: 131
# of episode :120, reward : -184.5, episode length: 94
# of episode :140, reward : -57.9, episode length: 68
# of episode :160, reward : -107.4, episode length: 73
# of episode :180, reward : -106.3, episode length: 105
# of episode :200, reward : -60.5, episode length: 101
# of episode :220, reward : -58.4, episode length: 84
# of episode :240, reward : -375.8, episode length: 101
# of episode :260, reward : -127.0, episode length: 63
# of episode :280, reward : -365.1, episode length: 175
# of episode :300, reward : -148.3, episode length: 122
# of episode :320, reward : -452.0, episode length: 161
# of episode :340, reward : -118.1, episode length: 145
# of episode :360, reward : -160.2, episode length: 140
# of episode :380, reward : -68.5, episode length: 173
# of episode :400, reward : -25.5, episode length: 90
# of episode :420, reward : -70.0, episode length: 129
# of episode :440, reward : -60.9, episode length: 132
# of episode :460, reward : -31.9, episode length: 157
# of episode :480, reward : -20.6, episode length: 100
# of episode :500, reward : -71.0, episode length: 153
# of episode :520, reward : -242.4, episode length: 142
# of episode :540, reward : -182.7, episode length: 179
# of episode :560, reward : -84.5, episode length: 172
# of episode :580, reward : -119.2, episode length: 140
# of episode :600, reward : -62.5, episode length: 161
# of episode :620, reward : -48.2, episode length: 164
# of episode :640, reward : -47.3, episode length: 109
# of episode :660, reward : -94.7, episode length: 176
# of episode :680, reward : 2.8, episode length: 121
# of episode :700, reward : -322.7, episode length: 249
# of episode :720, reward : -236.5, episode length: 287
# of episode :740, reward : -116.2, episode length: 247
# of episode :760, reward : -65.7, episode length: 273
# of episode :780, reward : -151.2, episode length: 1000
# of episode :800, reward : -50.3, episode length: 356
# of episode :820, reward : -108.4, episode length: 283
# of episode :840, reward : -10.4, episode length: 222
# of episode :860, reward : -2.7, episode length: 127
# of episode :880, reward : -168.3, episode length: 625
# of episode :900, reward : -92.1, episode length: 941
# of episode :920, reward : -105.8, episode length: 480
# of episode :940, reward : -55.8, episode length: 326
# of episode :960, reward : -73.4, episode length: 240
# of episode :980, reward : 9.1, episode length: 178
# of episode :1000, reward : -51.9, episode length: 1000
# of episode :1020, reward : 62.4, episode length: 1000
# of episode :1040, reward : 17.0, episode length: 1000
# of episode :1060, reward : -106.8, episode length: 698
# of episode :1080, reward : -83.3, episode length: 365
# of episode :1100, reward : -53.4, episode length: 1000
# of episode :1120, reward : -49.9, episode length: 197
# of episode :1140, reward : -50.0, episode length: 268
# of episode :1160, reward : -149.4, episode length: 461
# of episode :1180, reward : 22.6, episode length: 167
# of episode :1200, reward : -133.7, episode length: 670
# of episode :1220, reward : -67.3, episode length: 1000
# of episode :1240, reward : 12.9, episode length: 1000
# of episode :1260, reward : 6.6, episode length: 1000
# of episode :1280, reward : -33.5, episode length: 1000
# of episode :1300, reward : 42.4, episode length: 1000
# of episode :1320, reward : 16.2, episode length: 242
# of episode :1340, reward : -4.2, episode length: 1000
# of episode :1360, reward : -27.0, episode length: 343
# of episode :1380, reward : -39.5, episode length: 360
# of episode :1400, reward : 51.4, episode length: 1000
# of episode :1420, reward : 18.5, episode length: 270
# of episode :1440, reward : 52.0, episode length: 155
# of episode :1460, reward : 56.1, episode length: 1000
# of episode :1480, reward : -8.7, episode length: 1000
# of episode :1500, reward : 24.0, episode length: 1000
# of episode :1520, reward : 47.9, episode length: 1000
# of episode :1540, reward : 60.8, episode length: 1000
# of episode :1560, reward : 42.2, episode length: 1000
# of episode :1580, reward : -4.9, episode length: 285
# of episode :1600, reward : 117.7, episode length: 1000
# of episode :1620, reward : 92.8, episode length: 1000
# of episode :1640, reward : 55.8, episode length: 1000
# of episode :1660, reward : 122.6, episode length: 1000
# of episode :1680, reward : 95.2, episode length: 1000
# of episode :1700, reward : 105.4, episode length: 1000
# of episode :1720, reward : 110.9, episode length: 1000
# of episode :1740, reward : 41.0, episode length: 1000
# of episode :1760, reward : 131.1, episode length: 1000
# of episode :1780, reward : 132.7, episode length: 828
# of episode :1800, reward : 127.6, episode length: 1000
# of episode :1820, reward : 124.6, episode length: 1000
# of episode :1840, reward : 114.5, episode length: 1000
# of episode :1860, reward : -45.1, episode length: 511
# of episode :1880, reward : -63.4, episode length: 569
# of episode :1900, reward : 133.7, episode length: 1000
# of episode :1920, reward : 58.3, episode length: 1000
# of episode :1940, reward : 93.9, episode length: 1000
# of episode :1960, reward : -46.4, episode length: 409
# of episode :1980, reward : 198.8, episode length: 936
# of episode :2000, reward : 103.4, episode length: 1000
# of episode :2020, reward : 101.9, episode length: 1000
# of episode :2040, reward : 125.4, episode length: 1000
# of episode :2060, reward : 69.9, episode length: 1000
# of episode :2080, reward : 33.9, episode length: 1000
# of episode :2100, reward : 70.2, episode length: 1000
# of episode :2120, reward : 75.6, episode length: 1000
# of episode :2140, reward : 85.7, episode length: 1000
# of episode :2160, reward : 80.1, episode length: 1000
# of episode :2180, reward : 113.3, episode length: 1000
# of episode :2200, reward : 65.2, episode length: 1000
# of episode :2220, reward : 91.6, episode length: 1000
# of episode :2240, reward : 102.1, episode length: 1000
# of episode :2260, reward : 35.5, episode length: 1000
# of episode :2280, reward : 80.1, episode length: 1000
# of episode :2300, reward : 96.4, episode length: 1000
# of episode :2320, reward : -71.0, episode length: 509
# of episode :2340, reward : 92.2, episode length: 1000
# of episode :2360, reward : 101.3, episode length: 1000
# of episode :2380, reward : 69.7, episode length: 1000
# of episode :2400, reward : 62.1, episode length: 1000
# of episode :2420, reward : 48.9, episode length: 1000
# of episode :2440, reward : 83.7, episode length: 1000
# of episode :2460, reward : -81.2, episode length: 577
# of episode :2480, reward : 179.0, episode length: 501
# of episode :2500, reward : 11.2, episode length: 1000
# of episode :2520, reward : -5.5, episode length: 553
# of episode :2540, reward : -83.3, episode length: 532
# of episode :2560, reward : 74.2, episode length: 1000
# of episode :2580, reward : -81.9, episode length: 902
# of episode :2600, reward : -109.5, episode length: 624
# of episode :2620, reward : 71.2, episode length: 1000
# of episode :2640, reward : -102.4, episode length: 630
# of episode :2660, reward : 77.9, episode length: 1000
# of episode :2680, reward : 75.1, episode length: 1000
# of episode :2700, reward : -27.4, episode length: 646
# of episode :2720, reward : 76.8, episode length: 1000
# of episode :2740, reward : 162.0, episode length: 719
# of episode :2760, reward : 58.8, episode length: 1000
# of episode :2780, reward : 85.0, episode length: 1000
# of episode :2800, reward : 159.0, episode length: 574
# of episode :2820, reward : 83.2, episode length: 1000
# of episode :2840, reward : 77.1, episode length: 1000
# of episode :2860, reward : 165.9, episode length: 749
# of episode :2880, reward : 137.0, episode length: 659
# of episode :2900, reward : -49.2, episode length: 477
# of episode :2920, reward : 100.7, episode length: 920
# of episode :2940, reward : 23.3, episode length: 1000
# of episode :2960, reward : -84.8, episode length: 619
# of episode :2980, reward : 63.6, episode length: 1000
/home/zihan/anaconda3/envs/exp/lib/python3.6/site-packages/gym/envs/registration.py:14: PkgResourcesDeprecationWarning: Parameters to load are deprecated.  Call .resolve and .require separately.
  result = entry_point.load(False)
8 4
# of episode :20, reward : -223.0, episode length: 88
# of episode :40, reward : -377.9, episode length: 134
# of episode :60, reward : -157.9, episode length: 105
# of episode :80, reward : -147.8, episode length: 100
# of episode :100, reward : -97.2, episode length: 62
# of episode :120, reward : -89.2, episode length: 61
# of episode :140, reward : -131.9, episode length: 109
# of episode :160, reward : -191.8, episode length: 80
# of episode :180, reward : -254.9, episode length: 102
# of episode :200, reward : -12.8, episode length: 93
# of episode :220, reward : -36.0, episode length: 71
# of episode :240, reward : -106.3, episode length: 118
# of episode :260, reward : -101.0, episode length: 75
# of episode :280, reward : -241.9, episode length: 155
# of episode :300, reward : -121.5, episode length: 140
# of episode :320, reward : -373.6, episode length: 174
# of episode :340, reward : -158.5, episode length: 100
# of episode :360, reward : -219.1, episode length: 114
# of episode :380, reward : -100.3, episode length: 143
# of episode :400, reward : -38.3, episode length: 98
# of episode :420, reward : -134.5, episode length: 88
# of episode :440, reward : -155.2, episode length: 196
# of episode :460, reward : -12.3, episode length: 127
# of episode :480, reward : -12.6, episode length: 169
# of episode :500, reward : -128.0, episode length: 179
# of episode :520, reward : -53.8, episode length: 202
# of episode :540, reward : -142.9, episode length: 197
# of episode :560, reward : -61.6, episode length: 389
# of episode :580, reward : -76.3, episode length: 80
# of episode :600, reward : -68.2, episode length: 165
# of episode :620, reward : -44.6, episode length: 126
# of episode :640, reward : -167.8, episode length: 210
# of episode :660, reward : -11.5, episode length: 1000
# of episode :680, reward : -403.3, episode length: 216
# of episode :700, reward : -27.6, episode length: 184
# of episode :720, reward : -183.6, episode length: 357
# of episode :740, reward : -164.1, episode length: 424
# of episode :760, reward : -74.4, episode length: 296
# of episode :780, reward : -90.9, episode length: 200
# of episode :800, reward : -70.8, episode length: 116
# of episode :820, reward : -59.1, episode length: 1000
# of episode :840, reward : -62.1, episode length: 158
# of episode :860, reward : 14.1, episode length: 158
# of episode :880, reward : -120.8, episode length: 461
# of episode :900, reward : 10.0, episode length: 156
# of episode :920, reward : 25.4, episode length: 1000
# of episode :940, reward : -3.9, episode length: 263
# of episode :960, reward : -27.8, episode length: 136
# of episode :980, reward : -6.9, episode length: 1000
# of episode :1000, reward : -59.9, episode length: 243
# of episode :1020, reward : 34.5, episode length: 239
# of episode :1040, reward : 14.4, episode length: 1000
# of episode :1060, reward : -95.0, episode length: 1000
# of episode :1080, reward : -76.1, episode length: 676
# of episode :1100, reward : -138.6, episode length: 586
# of episode :1120, reward : -120.9, episode length: 448
# of episode :1140, reward : -66.0, episode length: 1000
# of episode :1160, reward : -165.3, episode length: 621
# of episode :1180, reward : -87.2, episode length: 1000
# of episode :1200, reward : -13.0, episode length: 1000
# of episode :1220, reward : 20.6, episode length: 1000
# of episode :1240, reward : 9.0, episode length: 1000
# of episode :1260, reward : 38.5, episode length: 1000
# of episode :1280, reward : -251.2, episode length: 801
# of episode :1300, reward : 47.3, episode length: 1000
# of episode :1320, reward : -46.4, episode length: 1000
# of episode :1340, reward : 42.6, episode length: 1000
# of episode :1360, reward : 68.9, episode length: 1000
# of episode :1380, reward : -14.5, episode length: 263
# of episode :1400, reward : 64.1, episode length: 1000
# of episode :1420, reward : 24.0, episode length: 264
# of episode :1440, reward : 54.9, episode length: 1000
# of episode :1460, reward : 67.9, episode length: 1000
# of episode :1480, reward : 20.1, episode length: 1000
# of episode :1500, reward : 21.7, episode length: 291
# of episode :1520, reward : 91.4, episode length: 1000
# of episode :1540, reward : 100.8, episode length: 1000
# of episode :1560, reward : -8.0, episode length: 326
# of episode :1580, reward : -108.1, episode length: 585
# of episode :1600, reward : 111.1, episode length: 1000
# of episode :1620, reward : 10.9, episode length: 200
# of episode :1640, reward : 2.1, episode length: 231
# of episode :1660, reward : 57.7, episode length: 1000
# of episode :1680, reward : -31.9, episode length: 637
# of episode :1700, reward : 102.9, episode length: 1000
# of episode :1720, reward : 19.8, episode length: 515
# of episode :1740, reward : 144.4, episode length: 1000
# of episode :1760, reward : 92.6, episode length: 1000
# of episode :1780, reward : 90.8, episode length: 1000
# of episode :1800, reward : 61.1, episode length: 1000
# of episode :1820, reward : 75.7, episode length: 1000
# of episode :1840, reward : 29.4, episode length: 223
# of episode :1860, reward : 188.6, episode length: 936
# of episode :1880, reward : 67.5, episode length: 1000
# of episode :1900, reward : 152.8, episode length: 1000
# of episode :1920, reward : 127.9, episode length: 582
# of episode :1940, reward : 90.3, episode length: 1000
# of episode :1960, reward : 200.7, episode length: 557
# of episode :1980, reward : 54.9, episode length: 1000
# of episode :2000, reward : 75.4, episode length: 1000
# of episode :2020, reward : -44.9, episode length: 343
# of episode :2040, reward : 93.6, episode length: 1000
# of episode :2060, reward : 43.4, episode length: 1000
# of episode :2080, reward : 66.7, episode length: 1000
# of episode :2100, reward : 106.3, episode length: 1000
# of episode :2120, reward : 79.9, episode length: 1000
# of episode :2140, reward : 53.6, episode length: 1000
# of episode :2160, reward : 189.5, episode length: 577
# of episode :2180, reward : 185.6, episode length: 436
# of episode :2200, reward : 123.8, episode length: 1000
# of episode :2220, reward : 74.5, episode length: 1000
# of episode :2240, reward : 53.2, episode length: 1000
# of episode :2260, reward : 42.5, episode length: 1000
# of episode :2280, reward : 1.7, episode length: 1000
# of episode :2300, reward : 181.0, episode length: 448
# of episode :2320, reward : 90.0, episode length: 1000
# of episode :2340, reward : 103.0, episode length: 1000
# of episode :2360, reward : 214.7, episode length: 393
# of episode :2380, reward : 112.8, episode length: 1000
# of episode :2400, reward : 68.1, episode length: 1000
# of episode :2420, reward : 156.1, episode length: 769
# of episode :2440, reward : 91.3, episode length: 1000
# of episode :2460, reward : 77.9, episode length: 1000
# of episode :2480, reward : 99.5, episode length: 1000
# of episode :2500, reward : 138.8, episode length: 1000
# of episode :2520, reward : 28.3, episode length: 1000
# of episode :2540, reward : 97.5, episode length: 1000
# of episode :2560, reward : 80.4, episode length: 1000
# of episode :2580, reward : 110.9, episode length: 865
# of episode :2600, reward : -86.5, episode length: 463
# of episode :2620, reward : 102.5, episode length: 1000
# of episode :2640, reward : 104.0, episode length: 1000
# of episode :2660, reward : 77.7, episode length: 1000
# of episode :2680, reward : 69.8, episode length: 1000
# of episode :2700, reward : 173.6, episode length: 632
# of episode :2720, reward : 72.7, episode length: 1000
# of episode :2740, reward : 14.8, episode length: 269
# of episode :2760, reward : -45.0, episode length: 287
# of episode :2780, reward : -12.7, episode length: 1000
# of episode :2800, reward : 29.4, episode length: 1000
# of episode :2820, reward : 94.4, episode length: 1000
# of episode :2840, reward : 170.9, episode length: 779
# of episode :2860, reward : 19.9, episode length: 1000
# of episode :2880, reward : 108.8, episode length: 791
# of episode :2900, reward : 101.0, episode length: 1000
# of episode :2920, reward : 110.6, episode length: 1000
# of episode :2940, reward : 59.2, episode length: 1000
# of episode :2960, reward : 207.4, episode length: 849
# of episode :2980, reward : 195.7, episode length: 324
/home/zihan/anaconda3/envs/exp/lib/python3.6/site-packages/gym/envs/registration.py:14: PkgResourcesDeprecationWarning: Parameters to load are deprecated.  Call .resolve and .require separately.
  result = entry_point.load(False)
8 4
# of episode :20, reward : -91.2, episode length: 126
# of episode :40, reward : -202.2, episode length: 83
# of episode :60, reward : -234.5, episode length: 143
# of episode :80, reward : -55.1, episode length: 63
# of episode :100, reward : -13.4, episode length: 124
# of episode :120, reward : -104.7, episode length: 106
# of episode :140, reward : -108.3, episode length: 137
# of episode :160, reward : -96.4, episode length: 72
# of episode :180, reward : -158.1, episode length: 139
# of episode :200, reward : -145.6, episode length: 106
# of episode :220, reward : -32.2, episode length: 68
# of episode :240, reward : -344.3, episode length: 98
# of episode :260, reward : -68.4, episode length: 115
# of episode :280, reward : -120.7, episode length: 146
# of episode :300, reward : -164.2, episode length: 129
# of episode :320, reward : -97.2, episode length: 77
# of episode :340, reward : -114.1, episode length: 124
# of episode :360, reward : -74.4, episode length: 81
# of episode :380, reward : -81.7, episode length: 98
# of episode :400, reward : -48.1, episode length: 151
# of episode :420, reward : -287.7, episode length: 219
# of episode :440, reward : -182.1, episode length: 118
# of episode :460, reward : -129.4, episode length: 96
# of episode :480, reward : -89.8, episode length: 124
# of episode :500, reward : -50.5, episode length: 113
# of episode :520, reward : -199.5, episode length: 211
# of episode :540, reward : -94.7, episode length: 151
# of episode :560, reward : 34.7, episode length: 137
# of episode :580, reward : -143.3, episode length: 194
# of episode :600, reward : -190.2, episode length: 295
# of episode :620, reward : -168.0, episode length: 427
# of episode :640, reward : -89.0, episode length: 106
# of episode :660, reward : -31.9, episode length: 166
# of episode :680, reward : -3.7, episode length: 208
# of episode :700, reward : -11.9, episode length: 272
# of episode :720, reward : -228.0, episode length: 224
# of episode :740, reward : -151.4, episode length: 263
# of episode :760, reward : -28.9, episode length: 116
# of episode :780, reward : -15.5, episode length: 144
# of episode :800, reward : -333.6, episode length: 284
# of episode :820, reward : -27.8, episode length: 151
# of episode :840, reward : -15.0, episode length: 260
# of episode :860, reward : -97.7, episode length: 717
# of episode :880, reward : 18.7, episode length: 90
# of episode :900, reward : -146.6, episode length: 379
# of episode :920, reward : -90.2, episode length: 1000
# of episode :940, reward : -2.2, episode length: 1000
# of episode :960, reward : -18.3, episode length: 184
# of episode :980, reward : -44.4, episode length: 410
# of episode :1000, reward : -195.4, episode length: 769
# of episode :1020, reward : -156.5, episode length: 952
# of episode :1040, reward : 19.4, episode length: 140
# of episode :1060, reward : -290.3, episode length: 976
# of episode :1080, reward : -14.2, episode length: 179
# of episode :1100, reward : -2.9, episode length: 119
# of episode :1120, reward : -55.1, episode length: 1000
# of episode :1140, reward : -33.4, episode length: 1000
# of episode :1160, reward : -26.8, episode length: 1000
# of episode :1180, reward : 38.3, episode length: 172
# of episode :1200, reward : -52.1, episode length: 198
# of episode :1220, reward : 56.7, episode length: 146
# of episode :1240, reward : -40.8, episode length: 538
# of episode :1260, reward : -184.4, episode length: 701
# of episode :1280, reward : -27.4, episode length: 333
# of episode :1300, reward : -75.8, episode length: 1000
# of episode :1320, reward : -37.0, episode length: 1000
# of episode :1340, reward : -13.3, episode length: 1000
# of episode :1360, reward : 32.1, episode length: 163
# of episode :1380, reward : 19.4, episode length: 170
# of episode :1400, reward : -38.0, episode length: 1000
# of episode :1420, reward : -266.8, episode length: 927
# of episode :1440, reward : -53.5, episode length: 299
# of episode :1460, reward : 22.2, episode length: 1000
# of episode :1480, reward : 13.4, episode length: 1000
# of episode :1500, reward : -10.6, episode length: 1000
# of episode :1520, reward : 24.9, episode length: 298
# of episode :1540, reward : -22.1, episode length: 1000
# of episode :1560, reward : -33.2, episode length: 390
# of episode :1580, reward : 40.6, episode length: 1000
# of episode :1600, reward : 44.0, episode length: 1000
# of episode :1620, reward : 79.8, episode length: 1000
# of episode :1640, reward : 39.2, episode length: 1000
# of episode :1660, reward : 7.7, episode length: 379
# of episode :1680, reward : 92.6, episode length: 1000
# of episode :1700, reward : 91.3, episode length: 1000
# of episode :1720, reward : 88.3, episode length: 1000
# of episode :1740, reward : 79.8, episode length: 926
# of episode :1760, reward : -39.8, episode length: 352
# of episode :1780, reward : 101.8, episode length: 1000
# of episode :1800, reward : 95.4, episode length: 1000
# of episode :1820, reward : 73.0, episode length: 1000
# of episode :1840, reward : 30.7, episode length: 1000
# of episode :1860, reward : 9.7, episode length: 439
# of episode :1880, reward : 72.3, episode length: 1000
# of episode :1900, reward : 131.3, episode length: 1000
# of episode :1920, reward : 107.7, episode length: 1000
# of episode :1940, reward : 110.6, episode length: 1000
# of episode :1960, reward : 133.8, episode length: 1000
# of episode :1980, reward : 90.6, episode length: 1000
# of episode :2000, reward : 67.0, episode length: 1000
# of episode :2020, reward : 100.8, episode length: 1000
# of episode :2040, reward : 69.9, episode length: 1000
# of episode :2060, reward : 82.5, episode length: 1000
# of episode :2080, reward : 171.9, episode length: 775
# of episode :2100, reward : 125.6, episode length: 1000
# of episode :2120, reward : 137.9, episode length: 1000
# of episode :2140, reward : 56.0, episode length: 1000
# of episode :2160, reward : -49.2, episode length: 375
# of episode :2180, reward : 91.5, episode length: 1000
# of episode :2200, reward : -22.3, episode length: 321
# of episode :2220, reward : 47.8, episode length: 1000
# of episode :2240, reward : -89.7, episode length: 613
# of episode :2260, reward : 48.8, episode length: 1000
# of episode :2280, reward : -97.2, episode length: 550
# of episode :2300, reward : 114.7, episode length: 1000
# of episode :2320, reward : 115.9, episode length: 1000
# of episode :2340, reward : -50.3, episode length: 437
# of episode :2360, reward : 119.0, episode length: 676
# of episode :2380, reward : 70.3, episode length: 1000
# of episode :2400, reward : 139.1, episode length: 704
# of episode :2420, reward : -97.7, episode length: 514
# of episode :2440, reward : 70.9, episode length: 1000
# of episode :2460, reward : 39.9, episode length: 1000
# of episode :2480, reward : 44.0, episode length: 1000
# of episode :2500, reward : 64.6, episode length: 1000
# of episode :2520, reward : 16.6, episode length: 1000
# of episode :2540, reward : 92.2, episode length: 826
# of episode :2560, reward : 218.5, episode length: 596
# of episode :2580, reward : 69.3, episode length: 1000
# of episode :2600, reward : 53.8, episode length: 1000
# of episode :2620, reward : 20.1, episode length: 1000
# of episode :2640, reward : 43.1, episode length: 1000
# of episode :2660, reward : 20.8, episode length: 1000
# of episode :2680, reward : 165.4, episode length: 577
# of episode :2700, reward : 61.3, episode length: 1000
# of episode :2720, reward : 96.8, episode length: 718
# of episode :2740, reward : 74.3, episode length: 1000
# of episode :2760, reward : 71.5, episode length: 1000
# of episode :2780, reward : 93.2, episode length: 855
# of episode :2800, reward : -91.4, episode length: 512
# of episode :2820, reward : 175.8, episode length: 611
# of episode :2840, reward : 89.3, episode length: 1000
# of episode :2860, reward : 226.0, episode length: 806
# of episode :2880, reward : 209.0, episode length: 545
# of episode :2900, reward : 93.4, episode length: 1000
# of episode :2920, reward : 131.3, episode length: 909
# of episode :2940, reward : 23.6, episode length: 1000
# of episode :2960, reward : 74.4, episode length: 1000
# of episode :2980, reward : -177.2, episode length: 915
