compute002
3
/home/zihan/anaconda3/envs/exp/lib/python3.6/site-packages/gym/envs/registration.py:14: PkgResourcesDeprecationWarning: Parameters to load are deprecated.  Call .resolve and .require separately.
  result = entry_point.load(False)
4 2
# of episode :20, reward : 24.0, episode length: 24
# of episode :40, reward : 20.0, episode length: 20
# of episode :60, reward : 15.0, episode length: 15
# of episode :80, reward : 16.0, episode length: 16
# of episode :100, reward : 46.0, episode length: 46
# of episode :120, reward : 15.0, episode length: 15
# of episode :140, reward : 17.0, episode length: 17
# of episode :160, reward : 39.0, episode length: 39
# of episode :180, reward : 13.0, episode length: 13
# of episode :200, reward : 67.0, episode length: 67
# of episode :220, reward : 14.0, episode length: 14
# of episode :240, reward : 39.0, episode length: 39
# of episode :260, reward : 54.0, episode length: 54
# of episode :280, reward : 60.0, episode length: 60
# of episode :300, reward : 102.0, episode length: 102
# of episode :320, reward : 19.0, episode length: 19
# of episode :340, reward : 62.0, episode length: 62
# of episode :360, reward : 32.0, episode length: 32
# of episode :380, reward : 22.0, episode length: 22
# of episode :400, reward : 62.0, episode length: 62
# of episode :420, reward : 38.0, episode length: 38
# of episode :440, reward : 86.0, episode length: 86
# of episode :460, reward : 59.0, episode length: 59
# of episode :480, reward : 51.0, episode length: 51
# of episode :500, reward : 37.0, episode length: 37
# of episode :520, reward : 70.0, episode length: 70
# of episode :540, reward : 95.0, episode length: 95
# of episode :560, reward : 12.0, episode length: 12
# of episode :580, reward : 50.0, episode length: 50
# of episode :600, reward : 55.0, episode length: 55
# of episode :620, reward : 41.0, episode length: 41
# of episode :640, reward : 64.0, episode length: 64
# of episode :660, reward : 106.0, episode length: 106
# of episode :680, reward : 135.0, episode length: 135
# of episode :700, reward : 191.0, episode length: 191
# of episode :720, reward : 165.0, episode length: 165
# of episode :740, reward : 195.0, episode length: 195
# of episode :760, reward : 111.0, episode length: 111
# of episode :780, reward : 168.0, episode length: 168
# of episode :800, reward : 178.0, episode length: 178
# of episode :820, reward : 219.0, episode length: 219
# of episode :840, reward : 182.0, episode length: 182
# of episode :860, reward : 259.0, episode length: 259
# of episode :880, reward : 165.0, episode length: 165
# of episode :900, reward : 238.0, episode length: 238
# of episode :920, reward : 238.0, episode length: 238
# of episode :940, reward : 174.0, episode length: 174
# of episode :960, reward : 251.0, episode length: 251
# of episode :980, reward : 207.0, episode length: 207
# of episode :1000, reward : 486.0, episode length: 486
# of episode :1020, reward : 369.0, episode length: 369
# of episode :1040, reward : 355.0, episode length: 355
# of episode :1060, reward : 310.0, episode length: 310
# of episode :1080, reward : 301.0, episode length: 301
# of episode :1100, reward : 223.0, episode length: 223
# of episode :1120, reward : 500.0, episode length: 500
# of episode :1140, reward : 237.0, episode length: 237
# of episode :1160, reward : 238.0, episode length: 238
# of episode :1180, reward : 258.0, episode length: 258
# of episode :1200, reward : 489.0, episode length: 489
# of episode :1220, reward : 362.0, episode length: 362
# of episode :1240, reward : 500.0, episode length: 500
# of episode :1260, reward : 105.0, episode length: 105
# of episode :1280, reward : 311.0, episode length: 311
# of episode :1300, reward : 234.0, episode length: 234
# of episode :1320, reward : 215.0, episode length: 215
# of episode :1340, reward : 379.0, episode length: 379
# of episode :1360, reward : 305.0, episode length: 305
# of episode :1380, reward : 486.0, episode length: 486
# of episode :1400, reward : 304.0, episode length: 304
# of episode :1420, reward : 252.0, episode length: 252
# of episode :1440, reward : 423.0, episode length: 423
# of episode :1460, reward : 500.0, episode length: 500
# of episode :1480, reward : 295.0, episode length: 295
# of episode :1500, reward : 500.0, episode length: 500
# of episode :1520, reward : 357.0, episode length: 357
# of episode :1540, reward : 384.0, episode length: 384
# of episode :1560, reward : 420.0, episode length: 420
# of episode :1580, reward : 368.0, episode length: 368
# of episode :1600, reward : 500.0, episode length: 500
# of episode :1620, reward : 331.0, episode length: 331
# of episode :1640, reward : 320.0, episode length: 320
# of episode :1660, reward : 425.0, episode length: 425
# of episode :1680, reward : 332.0, episode length: 332
# of episode :1700, reward : 500.0, episode length: 500
# of episode :1720, reward : 500.0, episode length: 500
# of episode :1740, reward : 314.0, episode length: 314
# of episode :1760, reward : 500.0, episode length: 500
# of episode :1780, reward : 493.0, episode length: 493
# of episode :1800, reward : 415.0, episode length: 415
# of episode :1820, reward : 500.0, episode length: 500
# of episode :1840, reward : 330.0, episode length: 330
# of episode :1860, reward : 368.0, episode length: 368
# of episode :1880, reward : 500.0, episode length: 500
# of episode :1900, reward : 344.0, episode length: 344
# of episode :1920, reward : 481.0, episode length: 481
# of episode :1940, reward : 479.0, episode length: 479
# of episode :1960, reward : 471.0, episode length: 471
# of episode :1980, reward : 500.0, episode length: 500
# of episode :2000, reward : 500.0, episode length: 500
# of episode :2020, reward : 444.0, episode length: 444
# of episode :2040, reward : 490.0, episode length: 490
# of episode :2060, reward : 500.0, episode length: 500
# of episode :2080, reward : 500.0, episode length: 500
# of episode :2100, reward : 500.0, episode length: 500
# of episode :2120, reward : 500.0, episode length: 500
# of episode :2140, reward : 500.0, episode length: 500
# of episode :2160, reward : 500.0, episode length: 500
# of episode :2180, reward : 500.0, episode length: 500
# of episode :2200, reward : 500.0, episode length: 500
# of episode :2220, reward : 500.0, episode length: 500
# of episode :2240, reward : 500.0, episode length: 500
# of episode :2260, reward : 500.0, episode length: 500
# of episode :2280, reward : 500.0, episode length: 500
# of episode :2300, reward : 440.0, episode length: 440
# of episode :2320, reward : 500.0, episode length: 500
# of episode :2340, reward : 500.0, episode length: 500
# of episode :2360, reward : 500.0, episode length: 500
# of episode :2380, reward : 500.0, episode length: 500
# of episode :2400, reward : 500.0, episode length: 500
# of episode :2420, reward : 457.0, episode length: 457
# of episode :2440, reward : 500.0, episode length: 500
# of episode :2460, reward : 500.0, episode length: 500
# of episode :2480, reward : 500.0, episode length: 500
# of episode :2500, reward : 500.0, episode length: 500
# of episode :2520, reward : 500.0, episode length: 500
# of episode :2540, reward : 500.0, episode length: 500
# of episode :2560, reward : 500.0, episode length: 500
# of episode :2580, reward : 500.0, episode length: 500
# of episode :2600, reward : 500.0, episode length: 500
# of episode :2620, reward : 500.0, episode length: 500
# of episode :2640, reward : 500.0, episode length: 500
# of episode :2660, reward : 500.0, episode length: 500
# of episode :2680, reward : 500.0, episode length: 500
# of episode :2700, reward : 500.0, episode length: 500
# of episode :2720, reward : 500.0, episode length: 500
# of episode :2740, reward : 500.0, episode length: 500
# of episode :2760, reward : 500.0, episode length: 500
# of episode :2780, reward : 500.0, episode length: 500
# of episode :2800, reward : 500.0, episode length: 500
# of episode :2820, reward : 500.0, episode length: 500
# of episode :2840, reward : 500.0, episode length: 500
# of episode :2860, reward : 500.0, episode length: 500
# of episode :2880, reward : 500.0, episode length: 500
# of episode :2900, reward : 500.0, episode length: 500
# of episode :2920, reward : 500.0, episode length: 500
# of episode :2940, reward : 500.0, episode length: 500
# of episode :2960, reward : 500.0, episode length: 500
# of episode :2980, reward : 462.0, episode length: 462
/home/zihan/anaconda3/envs/exp/lib/python3.6/site-packages/gym/envs/registration.py:14: PkgResourcesDeprecationWarning: Parameters to load are deprecated.  Call .resolve and .require separately.
  result = entry_point.load(False)
4 2
# of episode :20, reward : 34.0, episode length: 34
# of episode :40, reward : 30.0, episode length: 30
# of episode :60, reward : 17.0, episode length: 17
# of episode :80, reward : 36.0, episode length: 36
# of episode :100, reward : 21.0, episode length: 21
# of episode :120, reward : 12.0, episode length: 12
# of episode :140, reward : 55.0, episode length: 55
# of episode :160, reward : 50.0, episode length: 50
# of episode :180, reward : 28.0, episode length: 28
# of episode :200, reward : 22.0, episode length: 22
# of episode :220, reward : 41.0, episode length: 41
# of episode :240, reward : 87.0, episode length: 87
# of episode :260, reward : 24.0, episode length: 24
# of episode :280, reward : 15.0, episode length: 15
# of episode :300, reward : 117.0, episode length: 117
# of episode :320, reward : 31.0, episode length: 31
# of episode :340, reward : 18.0, episode length: 18
# of episode :360, reward : 17.0, episode length: 17
# of episode :380, reward : 41.0, episode length: 41
# of episode :400, reward : 36.0, episode length: 36
# of episode :420, reward : 39.0, episode length: 39
# of episode :440, reward : 63.0, episode length: 63
# of episode :460, reward : 78.0, episode length: 78
# of episode :480, reward : 19.0, episode length: 19
# of episode :500, reward : 61.0, episode length: 61
# of episode :520, reward : 85.0, episode length: 85
# of episode :540, reward : 50.0, episode length: 50
# of episode :560, reward : 133.0, episode length: 133
# of episode :580, reward : 80.0, episode length: 80
# of episode :600, reward : 107.0, episode length: 107
# of episode :620, reward : 105.0, episode length: 105
# of episode :640, reward : 67.0, episode length: 67
# of episode :660, reward : 120.0, episode length: 120
# of episode :680, reward : 106.0, episode length: 106
# of episode :700, reward : 124.0, episode length: 124
# of episode :720, reward : 131.0, episode length: 131
# of episode :740, reward : 147.0, episode length: 147
# of episode :760, reward : 214.0, episode length: 214
# of episode :780, reward : 183.0, episode length: 183
# of episode :800, reward : 152.0, episode length: 152
# of episode :820, reward : 62.0, episode length: 62
# of episode :840, reward : 201.0, episode length: 201
# of episode :860, reward : 457.0, episode length: 457
# of episode :880, reward : 174.0, episode length: 174
# of episode :900, reward : 183.0, episode length: 183
# of episode :920, reward : 307.0, episode length: 307
# of episode :940, reward : 210.0, episode length: 210
# of episode :960, reward : 206.0, episode length: 206
# of episode :980, reward : 338.0, episode length: 338
# of episode :1000, reward : 137.0, episode length: 137
# of episode :1020, reward : 150.0, episode length: 150
# of episode :1040, reward : 191.0, episode length: 191
# of episode :1060, reward : 212.0, episode length: 212
# of episode :1080, reward : 500.0, episode length: 500
# of episode :1100, reward : 482.0, episode length: 482
# of episode :1120, reward : 191.0, episode length: 191
# of episode :1140, reward : 128.0, episode length: 128
# of episode :1160, reward : 325.0, episode length: 325
# of episode :1180, reward : 321.0, episode length: 321
# of episode :1200, reward : 500.0, episode length: 500
# of episode :1220, reward : 480.0, episode length: 480
# of episode :1240, reward : 500.0, episode length: 500
# of episode :1260, reward : 201.0, episode length: 201
# of episode :1280, reward : 500.0, episode length: 500
# of episode :1300, reward : 500.0, episode length: 500
# of episode :1320, reward : 500.0, episode length: 500
# of episode :1340, reward : 500.0, episode length: 500
# of episode :1360, reward : 500.0, episode length: 500
# of episode :1380, reward : 500.0, episode length: 500
# of episode :1400, reward : 495.0, episode length: 495
# of episode :1420, reward : 367.0, episode length: 367
# of episode :1440, reward : 419.0, episode length: 419
# of episode :1460, reward : 500.0, episode length: 500
# of episode :1480, reward : 500.0, episode length: 500
# of episode :1500, reward : 500.0, episode length: 500
# of episode :1520, reward : 500.0, episode length: 500
# of episode :1540, reward : 500.0, episode length: 500
# of episode :1560, reward : 500.0, episode length: 500
# of episode :1580, reward : 463.0, episode length: 463
# of episode :1600, reward : 500.0, episode length: 500
# of episode :1620, reward : 500.0, episode length: 500
# of episode :1640, reward : 500.0, episode length: 500
# of episode :1660, reward : 500.0, episode length: 500
# of episode :1680, reward : 500.0, episode length: 500
# of episode :1700, reward : 500.0, episode length: 500
# of episode :1720, reward : 500.0, episode length: 500
# of episode :1740, reward : 500.0, episode length: 500
# of episode :1760, reward : 500.0, episode length: 500
# of episode :1780, reward : 500.0, episode length: 500
# of episode :1800, reward : 500.0, episode length: 500
# of episode :1820, reward : 500.0, episode length: 500
# of episode :1840, reward : 500.0, episode length: 500
# of episode :1860, reward : 500.0, episode length: 500
# of episode :1880, reward : 500.0, episode length: 500
# of episode :1900, reward : 500.0, episode length: 500
# of episode :1920, reward : 500.0, episode length: 500
# of episode :1940, reward : 500.0, episode length: 500
# of episode :1960, reward : 500.0, episode length: 500
# of episode :1980, reward : 500.0, episode length: 500
# of episode :2000, reward : 500.0, episode length: 500
# of episode :2020, reward : 500.0, episode length: 500
# of episode :2040, reward : 500.0, episode length: 500
# of episode :2060, reward : 500.0, episode length: 500
# of episode :2080, reward : 500.0, episode length: 500
# of episode :2100, reward : 500.0, episode length: 500
# of episode :2120, reward : 500.0, episode length: 500
# of episode :2140, reward : 500.0, episode length: 500
# of episode :2160, reward : 500.0, episode length: 500
# of episode :2180, reward : 500.0, episode length: 500
# of episode :2200, reward : 500.0, episode length: 500
# of episode :2220, reward : 500.0, episode length: 500
# of episode :2240, reward : 500.0, episode length: 500
# of episode :2260, reward : 500.0, episode length: 500
# of episode :2280, reward : 500.0, episode length: 500
# of episode :2300, reward : 500.0, episode length: 500
# of episode :2320, reward : 500.0, episode length: 500
# of episode :2340, reward : 500.0, episode length: 500
# of episode :2360, reward : 500.0, episode length: 500
# of episode :2380, reward : 500.0, episode length: 500
# of episode :2400, reward : 263.0, episode length: 263
# of episode :2420, reward : 500.0, episode length: 500
# of episode :2440, reward : 500.0, episode length: 500
# of episode :2460, reward : 500.0, episode length: 500
# of episode :2480, reward : 500.0, episode length: 500
# of episode :2500, reward : 500.0, episode length: 500
# of episode :2520, reward : 500.0, episode length: 500
# of episode :2540, reward : 500.0, episode length: 500
# of episode :2560, reward : 500.0, episode length: 500
# of episode :2580, reward : 500.0, episode length: 500
# of episode :2600, reward : 500.0, episode length: 500
# of episode :2620, reward : 500.0, episode length: 500
# of episode :2640, reward : 500.0, episode length: 500
# of episode :2660, reward : 500.0, episode length: 500
# of episode :2680, reward : 500.0, episode length: 500
# of episode :2700, reward : 500.0, episode length: 500
# of episode :2720, reward : 500.0, episode length: 500
# of episode :2740, reward : 500.0, episode length: 500
# of episode :2760, reward : 500.0, episode length: 500
# of episode :2780, reward : 500.0, episode length: 500
# of episode :2800, reward : 500.0, episode length: 500
# of episode :2820, reward : 500.0, episode length: 500
# of episode :2840, reward : 500.0, episode length: 500
# of episode :2860, reward : 500.0, episode length: 500
# of episode :2880, reward : 500.0, episode length: 500
# of episode :2900, reward : 500.0, episode length: 500
# of episode :2920, reward : 500.0, episode length: 500
# of episode :2940, reward : 500.0, episode length: 500
# of episode :2960, reward : 500.0, episode length: 500
# of episode :2980, reward : 500.0, episode length: 500
