compute002
3
/home/zihan/anaconda3/envs/exp/lib/python3.6/site-packages/gym/envs/registration.py:14: PkgResourcesDeprecationWarning: Parameters to load are deprecated.  Call .resolve and .require separately.
  result = entry_point.load(False)
8 4
# of episode :20, reward : -195.4, episode length: 85
# of episode :40, reward : -58.0, episode length: 70
# of episode :60, reward : -315.5, episode length: 100
# of episode :80, reward : -190.0, episode length: 97
# of episode :100, reward : -122.6, episode length: 113
# of episode :120, reward : -287.4, episode length: 177
# of episode :140, reward : -70.0, episode length: 79
# of episode :160, reward : -320.7, episode length: 125
# of episode :180, reward : -80.9, episode length: 145
# of episode :200, reward : -57.2, episode length: 140
# of episode :220, reward : -86.9, episode length: 170
# of episode :240, reward : -113.0, episode length: 216
# of episode :260, reward : -4.2, episode length: 134
# of episode :280, reward : 0.3, episode length: 107
# of episode :300, reward : -73.5, episode length: 301
# of episode :320, reward : -136.0, episode length: 398
# of episode :340, reward : -215.0, episode length: 570
# of episode :360, reward : -13.3, episode length: 160
# of episode :380, reward : -59.6, episode length: 1000
# of episode :400, reward : -79.1, episode length: 246
# of episode :420, reward : -43.4, episode length: 248
# of episode :440, reward : -71.9, episode length: 1000
# of episode :460, reward : -52.5, episode length: 1000
# of episode :480, reward : -46.0, episode length: 1000
# of episode :500, reward : -65.1, episode length: 1000
# of episode :520, reward : 5.9, episode length: 1000
# of episode :540, reward : 14.0, episode length: 1000
# of episode :560, reward : 14.0, episode length: 1000
# of episode :580, reward : -29.3, episode length: 227
# of episode :600, reward : -268.3, episode length: 886
# of episode :620, reward : -41.7, episode length: 1000
# of episode :640, reward : 13.6, episode length: 1000
# of episode :660, reward : -24.8, episode length: 1000
# of episode :680, reward : 127.4, episode length: 927
# of episode :700, reward : 145.5, episode length: 1000
# of episode :720, reward : 48.2, episode length: 1000
# of episode :740, reward : 57.4, episode length: 1000
# of episode :760, reward : -64.9, episode length: 462
# of episode :780, reward : 79.5, episode length: 1000
# of episode :800, reward : 68.1, episode length: 1000
# of episode :820, reward : 101.8, episode length: 1000
# of episode :840, reward : 45.1, episode length: 1000
# of episode :860, reward : 32.8, episode length: 1000
# of episode :880, reward : 124.0, episode length: 1000
# of episode :900, reward : 74.8, episode length: 1000
# of episode :920, reward : 65.4, episode length: 1000
# of episode :940, reward : 78.3, episode length: 1000
# of episode :960, reward : 103.1, episode length: 1000
# of episode :980, reward : 94.1, episode length: 1000
# of episode :1000, reward : -83.4, episode length: 548
# of episode :1020, reward : -26.7, episode length: 1000
# of episode :1040, reward : -81.7, episode length: 1000
# of episode :1060, reward : -25.3, episode length: 502
# of episode :1080, reward : -1.3, episode length: 1000
# of episode :1100, reward : 83.5, episode length: 1000
# of episode :1120, reward : 44.3, episode length: 1000
# of episode :1140, reward : -161.2, episode length: 853
# of episode :1160, reward : 84.2, episode length: 1000
# of episode :1180, reward : 65.3, episode length: 1000
# of episode :1200, reward : 99.2, episode length: 877
# of episode :1220, reward : -56.4, episode length: 1000
# of episode :1240, reward : 67.9, episode length: 1000
# of episode :1260, reward : 90.4, episode length: 1000
# of episode :1280, reward : 82.7, episode length: 1000
# of episode :1300, reward : 79.5, episode length: 706
# of episode :1320, reward : -16.0, episode length: 1000
# of episode :1340, reward : 97.7, episode length: 1000
# of episode :1360, reward : 17.6, episode length: 1000
# of episode :1380, reward : 68.0, episode length: 1000
# of episode :1400, reward : 55.8, episode length: 1000
# of episode :1420, reward : -52.7, episode length: 340
# of episode :1440, reward : 48.8, episode length: 1000
# of episode :1460, reward : 188.5, episode length: 545
# of episode :1480, reward : 42.1, episode length: 1000
# of episode :1500, reward : 145.5, episode length: 558
# of episode :1520, reward : 71.1, episode length: 1000
# of episode :1540, reward : -50.0, episode length: 1000
# of episode :1560, reward : 131.5, episode length: 791
# of episode :1580, reward : -155.6, episode length: 688
# of episode :1600, reward : 71.4, episode length: 1000
# of episode :1620, reward : 66.9, episode length: 1000
# of episode :1640, reward : -98.7, episode length: 605
# of episode :1660, reward : 70.8, episode length: 1000
# of episode :1680, reward : -6.5, episode length: 1000
# of episode :1700, reward : 69.4, episode length: 1000
# of episode :1720, reward : 145.1, episode length: 683
# of episode :1740, reward : 60.8, episode length: 939
# of episode :1760, reward : 135.8, episode length: 865
# of episode :1780, reward : 47.4, episode length: 1000
# of episode :1800, reward : 208.6, episode length: 556
# of episode :1820, reward : -166.1, episode length: 644
# of episode :1840, reward : 105.7, episode length: 712
# of episode :1860, reward : 75.4, episode length: 1000
# of episode :1880, reward : -106.7, episode length: 660
# of episode :1900, reward : 47.8, episode length: 1000
# of episode :1920, reward : -54.9, episode length: 1000
# of episode :1940, reward : 15.9, episode length: 1000
# of episode :1960, reward : 37.1, episode length: 1000
# of episode :1980, reward : -56.9, episode length: 487
# of episode :2000, reward : 143.0, episode length: 627
# of episode :2020, reward : 158.3, episode length: 757
# of episode :2040, reward : -133.5, episode length: 614
# of episode :2060, reward : -238.0, episode length: 707
# of episode :2080, reward : 126.4, episode length: 756
# of episode :2100, reward : 75.1, episode length: 1000
# of episode :2120, reward : 175.7, episode length: 556
# of episode :2140, reward : -93.3, episode length: 409
# of episode :2160, reward : -85.0, episode length: 528
# of episode :2180, reward : -12.2, episode length: 1000
# of episode :2200, reward : 48.5, episode length: 1000
# of episode :2220, reward : 155.2, episode length: 615
# of episode :2240, reward : 129.6, episode length: 726
# of episode :2260, reward : -57.2, episode length: 1000
# of episode :2280, reward : 24.7, episode length: 1000
# of episode :2300, reward : 67.5, episode length: 1000
# of episode :2320, reward : -47.4, episode length: 1000
# of episode :2340, reward : -122.2, episode length: 566
# of episode :2360, reward : -33.0, episode length: 1000
# of episode :2380, reward : -43.1, episode length: 571
# of episode :2400, reward : -59.6, episode length: 217
# of episode :2420, reward : 133.6, episode length: 803
# of episode :2440, reward : 140.8, episode length: 796
# of episode :2460, reward : 146.4, episode length: 637
# of episode :2480, reward : 131.3, episode length: 747
# of episode :2500, reward : 162.9, episode length: 560
# of episode :2520, reward : 76.9, episode length: 1000
# of episode :2540, reward : 96.4, episode length: 1000
# of episode :2560, reward : 70.4, episode length: 1000
# of episode :2580, reward : -91.8, episode length: 413
# of episode :2600, reward : 153.1, episode length: 786
# of episode :2620, reward : 135.7, episode length: 865
# of episode :2640, reward : 101.3, episode length: 1000
# of episode :2660, reward : 41.5, episode length: 1000
# of episode :2680, reward : 94.1, episode length: 986
# of episode :2700, reward : 150.5, episode length: 613
# of episode :2720, reward : -45.2, episode length: 1000
# of episode :2740, reward : 3.7, episode length: 1000
# of episode :2760, reward : 55.3, episode length: 1000
# of episode :2780, reward : 208.6, episode length: 565
# of episode :2800, reward : 175.6, episode length: 734
# of episode :2820, reward : 30.9, episode length: 1000
# of episode :2840, reward : 82.4, episode length: 1000
# of episode :2860, reward : 57.7, episode length: 1000
# of episode :2880, reward : 88.6, episode length: 1000
# of episode :2900, reward : 67.8, episode length: 1000
# of episode :2920, reward : -33.2, episode length: 600
# of episode :2940, reward : -84.4, episode length: 792
# of episode :2960, reward : 143.3, episode length: 543
# of episode :2980, reward : 105.9, episode length: 780
/home/zihan/anaconda3/envs/exp/lib/python3.6/site-packages/gym/envs/registration.py:14: PkgResourcesDeprecationWarning: Parameters to load are deprecated.  Call .resolve and .require separately.
  result = entry_point.load(False)
8 4
# of episode :20, reward : -81.7, episode length: 76
# of episode :40, reward : -37.8, episode length: 62
# of episode :60, reward : -109.6, episode length: 122
# of episode :80, reward : -148.9, episode length: 115
# of episode :100, reward : -181.2, episode length: 141
# of episode :120, reward : -148.5, episode length: 111
# of episode :140, reward : -116.2, episode length: 204
# of episode :160, reward : -134.6, episode length: 126
# of episode :180, reward : -50.8, episode length: 131
# of episode :200, reward : -173.3, episode length: 206
# of episode :220, reward : -85.5, episode length: 145
# of episode :240, reward : -42.1, episode length: 142
# of episode :260, reward : -82.5, episode length: 344
# of episode :280, reward : -167.5, episode length: 198
# of episode :300, reward : -205.7, episode length: 272
# of episode :320, reward : -225.6, episode length: 352
# of episode :340, reward : -48.4, episode length: 1000
# of episode :360, reward : -237.6, episode length: 200
# of episode :380, reward : 18.6, episode length: 1000
# of episode :400, reward : -91.3, episode length: 238
# of episode :420, reward : -60.1, episode length: 236
# of episode :440, reward : -195.3, episode length: 416
# of episode :460, reward : -16.9, episode length: 250
# of episode :480, reward : 2.9, episode length: 309
# of episode :500, reward : 11.1, episode length: 1000
# of episode :520, reward : 69.0, episode length: 1000
# of episode :540, reward : 43.1, episode length: 168
# of episode :560, reward : -4.2, episode length: 1000
# of episode :580, reward : 56.2, episode length: 1000
# of episode :600, reward : 53.1, episode length: 1000
# of episode :620, reward : 76.4, episode length: 1000
# of episode :640, reward : 17.5, episode length: 1000
# of episode :660, reward : -118.7, episode length: 606
# of episode :680, reward : 66.1, episode length: 1000
# of episode :700, reward : 101.6, episode length: 1000
# of episode :720, reward : -61.4, episode length: 469
# of episode :740, reward : 90.6, episode length: 1000
# of episode :760, reward : 27.9, episode length: 1000
# of episode :780, reward : 86.8, episode length: 1000
# of episode :800, reward : 73.5, episode length: 1000
# of episode :820, reward : 59.7, episode length: 1000
# of episode :840, reward : -44.0, episode length: 449
# of episode :860, reward : 137.1, episode length: 1000
# of episode :880, reward : -18.1, episode length: 416
# of episode :900, reward : 115.0, episode length: 1000
# of episode :920, reward : 134.3, episode length: 762
# of episode :940, reward : 91.9, episode length: 1000
# of episode :960, reward : 84.4, episode length: 1000
# of episode :980, reward : 32.3, episode length: 1000
# of episode :1000, reward : -40.6, episode length: 626
# of episode :1020, reward : 76.9, episode length: 1000
# of episode :1040, reward : -70.3, episode length: 678
# of episode :1060, reward : 43.5, episode length: 1000
# of episode :1080, reward : 55.9, episode length: 1000
# of episode :1100, reward : 46.0, episode length: 1000
# of episode :1120, reward : 178.1, episode length: 563
# of episode :1140, reward : 58.5, episode length: 1000
# of episode :1160, reward : 6.5, episode length: 1000
# of episode :1180, reward : -68.6, episode length: 1000
# of episode :1200, reward : 52.1, episode length: 1000
# of episode :1220, reward : 21.3, episode length: 1000
# of episode :1240, reward : 39.0, episode length: 1000
# of episode :1260, reward : 184.7, episode length: 594
# of episode :1280, reward : 178.2, episode length: 438
# of episode :1300, reward : -124.6, episode length: 706
# of episode :1320, reward : 88.8, episode length: 1000
# of episode :1340, reward : -52.4, episode length: 1000
# of episode :1360, reward : 52.2, episode length: 1000
# of episode :1380, reward : 59.4, episode length: 1000
# of episode :1400, reward : 87.8, episode length: 1000
# of episode :1420, reward : 79.1, episode length: 1000
# of episode :1440, reward : 135.7, episode length: 598
# of episode :1460, reward : -1.4, episode length: 1000
# of episode :1480, reward : 163.3, episode length: 760
# of episode :1500, reward : 71.7, episode length: 1000
# of episode :1520, reward : 77.8, episode length: 1000
# of episode :1540, reward : 60.4, episode length: 1000
# of episode :1560, reward : -176.2, episode length: 594
# of episode :1580, reward : -107.3, episode length: 262
# of episode :1600, reward : -151.7, episode length: 515
# of episode :1620, reward : -64.3, episode length: 1000
# of episode :1640, reward : -40.4, episode length: 1000
# of episode :1660, reward : -97.7, episode length: 181
# of episode :1680, reward : 62.4, episode length: 1000
# of episode :1700, reward : -141.0, episode length: 813
# of episode :1720, reward : -159.6, episode length: 567
# of episode :1740, reward : 53.2, episode length: 1000
# of episode :1760, reward : 9.8, episode length: 1000
# of episode :1780, reward : -157.6, episode length: 992
# of episode :1800, reward : -43.8, episode length: 566
# of episode :1820, reward : -75.4, episode length: 455
# of episode :1840, reward : -37.0, episode length: 373
# of episode :1860, reward : 26.3, episode length: 1000
# of episode :1880, reward : -66.1, episode length: 1000
# of episode :1900, reward : -49.0, episode length: 1000
# of episode :1920, reward : 167.6, episode length: 613
# of episode :1940, reward : 100.3, episode length: 576
# of episode :1960, reward : -23.4, episode length: 434
# of episode :1980, reward : -179.7, episode length: 952
# of episode :2000, reward : 29.5, episode length: 1000
# of episode :2020, reward : -66.4, episode length: 614
# of episode :2040, reward : 97.2, episode length: 1000
# of episode :2060, reward : -57.4, episode length: 1000
# of episode :2080, reward : -100.9, episode length: 613
# of episode :2100, reward : -142.6, episode length: 592
# of episode :2120, reward : -46.6, episode length: 217
# of episode :2140, reward : -115.0, episode length: 554
# of episode :2160, reward : -45.5, episode length: 276
# of episode :2180, reward : 96.3, episode length: 826
# of episode :2200, reward : -42.9, episode length: 1000
# of episode :2220, reward : 2.6, episode length: 1000
# of episode :2240, reward : 41.1, episode length: 1000
# of episode :2260, reward : 89.9, episode length: 989
# of episode :2280, reward : -111.3, episode length: 613
# of episode :2300, reward : -66.6, episode length: 448
# of episode :2320, reward : 72.5, episode length: 1000
# of episode :2340, reward : 182.9, episode length: 612
# of episode :2360, reward : -56.7, episode length: 473
# of episode :2380, reward : 144.7, episode length: 993
# of episode :2400, reward : 66.2, episode length: 1000
# of episode :2420, reward : 106.4, episode length: 711
# of episode :2440, reward : 51.7, episode length: 1000
# of episode :2460, reward : -84.1, episode length: 496
# of episode :2480, reward : -25.5, episode length: 1000
# of episode :2500, reward : 39.5, episode length: 1000
# of episode :2520, reward : -124.6, episode length: 729
# of episode :2540, reward : 69.9, episode length: 797
# of episode :2560, reward : 116.2, episode length: 799
# of episode :2580, reward : 70.9, episode length: 1000
# of episode :2600, reward : 55.1, episode length: 1000
# of episode :2620, reward : -34.9, episode length: 1000
# of episode :2640, reward : -15.8, episode length: 1000
# of episode :2660, reward : -2.6, episode length: 1000
# of episode :2680, reward : -42.5, episode length: 1000
# of episode :2700, reward : 136.1, episode length: 836
# of episode :2720, reward : -85.1, episode length: 385
# of episode :2740, reward : 63.5, episode length: 1000
# of episode :2760, reward : -75.7, episode length: 1000
# of episode :2780, reward : 160.0, episode length: 554
# of episode :2800, reward : -166.7, episode length: 784
# of episode :2820, reward : 41.0, episode length: 1000
# of episode :2840, reward : 160.0, episode length: 830
# of episode :2860, reward : 41.4, episode length: 1000
# of episode :2880, reward : 64.4, episode length: 1000
# of episode :2900, reward : 179.4, episode length: 502
# of episode :2920, reward : 127.7, episode length: 786
# of episode :2940, reward : 140.0, episode length: 547
# of episode :2960, reward : 20.8, episode length: 1000
# of episode :2980, reward : 52.9, episode length: 1000
/home/zihan/anaconda3/envs/exp/lib/python3.6/site-packages/gym/envs/registration.py:14: PkgResourcesDeprecationWarning: Parameters to load are deprecated.  Call .resolve and .require separately.
  result = entry_point.load(False)
8 4
# of episode :20, reward : -91.7, episode length: 62
# of episode :40, reward : -78.8, episode length: 126
# of episode :60, reward : -215.7, episode length: 82
# of episode :80, reward : -213.3, episode length: 138
# of episode :100, reward : -370.5, episode length: 159
# of episode :120, reward : -76.9, episode length: 129
# of episode :140, reward : -59.4, episode length: 75
# of episode :160, reward : -160.4, episode length: 162
# of episode :180, reward : -183.7, episode length: 159
# of episode :200, reward : -82.2, episode length: 136
# of episode :220, reward : -13.3, episode length: 133
# of episode :240, reward : -165.8, episode length: 179
# of episode :260, reward : -166.7, episode length: 178
# of episode :280, reward : -46.0, episode length: 161
# of episode :300, reward : -39.9, episode length: 200
# of episode :320, reward : -182.8, episode length: 142
# of episode :340, reward : -18.4, episode length: 147
# of episode :360, reward : 57.4, episode length: 150
# of episode :380, reward : -12.3, episode length: 1000
# of episode :400, reward : -199.2, episode length: 366
# of episode :420, reward : -17.0, episode length: 204
# of episode :440, reward : -34.5, episode length: 1000
# of episode :460, reward : -228.3, episode length: 385
# of episode :480, reward : -166.4, episode length: 323
# of episode :500, reward : -73.6, episode length: 302
# of episode :520, reward : -43.6, episode length: 218
# of episode :540, reward : 105.0, episode length: 1000
# of episode :560, reward : 63.6, episode length: 1000
# of episode :580, reward : -68.8, episode length: 339
# of episode :600, reward : -49.1, episode length: 256
# of episode :620, reward : 47.9, episode length: 1000
# of episode :640, reward : 47.3, episode length: 1000
# of episode :660, reward : -215.2, episode length: 512
# of episode :680, reward : -7.7, episode length: 362
# of episode :700, reward : -23.7, episode length: 370
# of episode :720, reward : 101.1, episode length: 1000
# of episode :740, reward : 77.4, episode length: 1000
# of episode :760, reward : 63.8, episode length: 1000
# of episode :780, reward : 40.5, episode length: 1000
# of episode :800, reward : 65.9, episode length: 1000
# of episode :820, reward : 102.6, episode length: 1000
# of episode :840, reward : 71.3, episode length: 1000
# of episode :860, reward : 66.5, episode length: 1000
# of episode :880, reward : -23.2, episode length: 494
# of episode :900, reward : 188.3, episode length: 826
# of episode :920, reward : 28.4, episode length: 1000
# of episode :940, reward : 90.7, episode length: 820
# of episode :960, reward : -59.1, episode length: 547
# of episode :980, reward : -40.1, episode length: 392
# of episode :1000, reward : 138.3, episode length: 514
# of episode :1020, reward : -165.7, episode length: 997
# of episode :1040, reward : 5.3, episode length: 1000
# of episode :1060, reward : -70.6, episode length: 1000
# of episode :1080, reward : -0.5, episode length: 1000
# of episode :1100, reward : 81.1, episode length: 1000
# of episode :1120, reward : 173.4, episode length: 771
# of episode :1140, reward : 37.3, episode length: 1000
# of episode :1160, reward : 90.1, episode length: 1000
# of episode :1180, reward : 111.2, episode length: 870
# of episode :1200, reward : 19.8, episode length: 1000
# of episode :1220, reward : 131.7, episode length: 770
# of episode :1240, reward : 48.8, episode length: 1000
# of episode :1260, reward : 179.5, episode length: 633
# of episode :1280, reward : 53.4, episode length: 1000
# of episode :1300, reward : -120.9, episode length: 680
# of episode :1320, reward : 100.3, episode length: 808
# of episode :1340, reward : 78.9, episode length: 1000
# of episode :1360, reward : 121.1, episode length: 1000
# of episode :1380, reward : -52.6, episode length: 772
# of episode :1400, reward : 31.9, episode length: 1000
# of episode :1420, reward : 100.5, episode length: 1000
# of episode :1440, reward : 148.1, episode length: 557
# of episode :1460, reward : 29.5, episode length: 1000
# of episode :1480, reward : 115.3, episode length: 803
# of episode :1500, reward : -75.4, episode length: 780
# of episode :1520, reward : 63.0, episode length: 1000
# of episode :1540, reward : -91.0, episode length: 1000
# of episode :1560, reward : 62.3, episode length: 1000
# of episode :1580, reward : 13.5, episode length: 1000
# of episode :1600, reward : 136.4, episode length: 755
# of episode :1620, reward : -1.4, episode length: 1000
# of episode :1640, reward : -42.8, episode length: 1000
# of episode :1660, reward : -6.9, episode length: 1000
# of episode :1680, reward : 63.4, episode length: 1000
# of episode :1700, reward : 163.2, episode length: 500
# of episode :1720, reward : 41.6, episode length: 1000
# of episode :1740, reward : -4.9, episode length: 1000
# of episode :1760, reward : 36.7, episode length: 1000
# of episode :1780, reward : -136.6, episode length: 770
# of episode :1800, reward : 95.3, episode length: 1000
# of episode :1820, reward : -184.8, episode length: 954
# of episode :1840, reward : 62.8, episode length: 1000
# of episode :1860, reward : -66.5, episode length: 557
# of episode :1880, reward : 44.6, episode length: 1000
# of episode :1900, reward : 147.5, episode length: 910
# of episode :1920, reward : 42.2, episode length: 1000
# of episode :1940, reward : 140.4, episode length: 809
# of episode :1960, reward : 27.5, episode length: 1000
# of episode :1980, reward : 94.9, episode length: 1000
# of episode :2000, reward : -137.4, episode length: 379
# of episode :2020, reward : 175.5, episode length: 283
# of episode :2040, reward : -86.2, episode length: 310
# of episode :2060, reward : -108.3, episode length: 357
# of episode :2080, reward : 185.8, episode length: 533
# of episode :2100, reward : 137.4, episode length: 585
# of episode :2120, reward : 66.7, episode length: 1000
# of episode :2140, reward : -112.0, episode length: 1000
# of episode :2160, reward : 28.7, episode length: 1000
# of episode :2180, reward : -107.3, episode length: 482
# of episode :2200, reward : 12.4, episode length: 1000
# of episode :2220, reward : 33.7, episode length: 1000
# of episode :2240, reward : 141.9, episode length: 631
# of episode :2260, reward : -69.2, episode length: 478
# of episode :2280, reward : -13.2, episode length: 1000
# of episode :2300, reward : -66.0, episode length: 410
# of episode :2320, reward : 66.1, episode length: 1000
# of episode :2340, reward : -88.9, episode length: 393
# of episode :2360, reward : 71.6, episode length: 1000
# of episode :2380, reward : -19.8, episode length: 1000
# of episode :2400, reward : 128.4, episode length: 553
# of episode :2420, reward : -82.0, episode length: 1000
# of episode :2440, reward : 129.1, episode length: 535
# of episode :2460, reward : -52.0, episode length: 1000
# of episode :2480, reward : -55.9, episode length: 222
# of episode :2500, reward : -97.7, episode length: 393
# of episode :2520, reward : -61.5, episode length: 613
# of episode :2540, reward : 136.5, episode length: 1000
# of episode :2560, reward : 104.9, episode length: 624
# of episode :2580, reward : 61.2, episode length: 1000
# of episode :2600, reward : 152.1, episode length: 597
# of episode :2620, reward : -63.8, episode length: 799
# of episode :2640, reward : 74.9, episode length: 1000
# of episode :2660, reward : 190.9, episode length: 484
# of episode :2680, reward : 62.0, episode length: 1000
# of episode :2700, reward : -171.5, episode length: 912
# of episode :2720, reward : -74.1, episode length: 241
# of episode :2740, reward : -34.1, episode length: 1000
# of episode :2760, reward : -143.4, episode length: 459
# of episode :2780, reward : 59.2, episode length: 1000
# of episode :2800, reward : 60.6, episode length: 1000
# of episode :2820, reward : 41.5, episode length: 1000
# of episode :2840, reward : 51.7, episode length: 1000
# of episode :2860, reward : 81.5, episode length: 957
# of episode :2880, reward : 28.5, episode length: 1000
# of episode :2900, reward : 173.6, episode length: 614
# of episode :2920, reward : -73.9, episode length: 194
# of episode :2940, reward : 177.7, episode length: 577
# of episode :2960, reward : 183.4, episode length: 427
# of episode :2980, reward : 106.5, episode length: 1000
