compute002
4
/home/zihan/anaconda3/envs/exp/lib/python3.6/site-packages/tensorboard/compat/tensorflow_stub/dtypes.py:541: FutureWarning: Passing (type, 1) or '1type' as a synonym of type is deprecated; in a future version of numpy, it will be understood as (type, (1,)) / '(1,)type'.
  _np_qint8 = np.dtype([("qint8", np.int8, 1)])
/home/zihan/anaconda3/envs/exp/lib/python3.6/site-packages/tensorboard/compat/tensorflow_stub/dtypes.py:542: FutureWarning: Passing (type, 1) or '1type' as a synonym of type is deprecated; in a future version of numpy, it will be understood as (type, (1,)) / '(1,)type'.
  _np_quint8 = np.dtype([("quint8", np.uint8, 1)])
/home/zihan/anaconda3/envs/exp/lib/python3.6/site-packages/tensorboard/compat/tensorflow_stub/dtypes.py:543: FutureWarning: Passing (type, 1) or '1type' as a synonym of type is deprecated; in a future version of numpy, it will be understood as (type, (1,)) / '(1,)type'.
  _np_qint16 = np.dtype([("qint16", np.int16, 1)])
/home/zihan/anaconda3/envs/exp/lib/python3.6/site-packages/tensorboard/compat/tensorflow_stub/dtypes.py:544: FutureWarning: Passing (type, 1) or '1type' as a synonym of type is deprecated; in a future version of numpy, it will be understood as (type, (1,)) / '(1,)type'.
  _np_quint16 = np.dtype([("quint16", np.uint16, 1)])
/home/zihan/anaconda3/envs/exp/lib/python3.6/site-packages/tensorboard/compat/tensorflow_stub/dtypes.py:545: FutureWarning: Passing (type, 1) or '1type' as a synonym of type is deprecated; in a future version of numpy, it will be understood as (type, (1,)) / '(1,)type'.
  _np_qint32 = np.dtype([("qint32", np.int32, 1)])
/home/zihan/anaconda3/envs/exp/lib/python3.6/site-packages/tensorboard/compat/tensorflow_stub/dtypes.py:550: FutureWarning: Passing (type, 1) or '1type' as a synonym of type is deprecated; in a future version of numpy, it will be understood as (type, (1,)) / '(1,)type'.
  np_resource = np.dtype([("resource", np.ubyte, 1)])
Epoch: 01 | Batch: 000 | CrossEntropy-loss: 1.38288 | Correct: 262/1280
Epoch: 01 | Batch: 100 | CrossEntropy-loss: 1.25972 | Correct: 689/1280
Epoch: 01 | Batch: 200 | CrossEntropy-loss: 1.16134 | Correct: 659/1280
Epoch: 01 | Batch: 300 | CrossEntropy-loss: 1.05827 | Correct: 843/1280
Epoch: 01 | Batch: 400 | CrossEntropy-loss: 0.96119 | Correct: 939/1280
Epoch: 01 | Batch: 500 | CrossEntropy-loss: 0.86821 | Correct: 979/1280
Epoch: 01 | Batch: 600 | CrossEntropy-loss: 0.80096 | Correct: 961/1280
Epoch: 01 | Batch: 700 | CrossEntropy-loss: 0.78411 | Correct: 956/1280
Epoch: 01 | Batch: 800 | CrossEntropy-loss: 0.72281 | Correct: 954/1280
Epoch: 01 | Batch: 900 | CrossEntropy-loss: 0.70591 | Correct: 949/1280
Epoch: 01 | Batch: 1000 | CrossEntropy-loss: 0.66357 | Correct: 959/1280
Epoch: 01 | Batch: 1100 | CrossEntropy-loss: 0.63680 | Correct: 981/1280
Epoch: 01 | Batch: 1200 | CrossEntropy-loss: 0.62855 | Correct: 978/1280
Epoch: 01 | Batch: 1300 | CrossEntropy-loss: 0.58697 | Correct: 1005/1280
Epoch: 01 | Batch: 1400 | CrossEntropy-loss: 0.49012 | Correct: 1079/1280
Epoch: 01 | Batch: 1500 | CrossEntropy-loss: 0.54178 | Correct: 1037/1280

Epoch: 01 | Testing Accuracy: 409833/504607 (81.218%) | Historical Best: 81.218%

Epoch: 02 | Batch: 000 | CrossEntropy-loss: 0.55126 | Correct: 1029/1280
Epoch: 02 | Batch: 100 | CrossEntropy-loss: 0.49434 | Correct: 1064/1280
Epoch: 02 | Batch: 200 | CrossEntropy-loss: 0.52172 | Correct: 1050/1280
Epoch: 02 | Batch: 300 | CrossEntropy-loss: 0.46226 | Correct: 1071/1280
Epoch: 02 | Batch: 400 | CrossEntropy-loss: 0.48549 | Correct: 1060/1280
Epoch: 02 | Batch: 500 | CrossEntropy-loss: 0.49066 | Correct: 1032/1280
Epoch: 02 | Batch: 600 | CrossEntropy-loss: 0.44214 | Correct: 1065/1280
Epoch: 02 | Batch: 700 | CrossEntropy-loss: 0.44491 | Correct: 1070/1280
Epoch: 02 | Batch: 800 | CrossEntropy-loss: 0.47940 | Correct: 1027/1280
Epoch: 02 | Batch: 900 | CrossEntropy-loss: 0.42748 | Correct: 1054/1280
Epoch: 02 | Batch: 1000 | CrossEntropy-loss: 0.42615 | Correct: 1050/1280
Epoch: 02 | Batch: 1100 | CrossEntropy-loss: 0.43332 | Correct: 1063/1280
Epoch: 02 | Batch: 1200 | CrossEntropy-loss: 0.43029 | Correct: 1057/1280
Epoch: 02 | Batch: 1300 | CrossEntropy-loss: 0.42259 | Correct: 1052/1280
Epoch: 02 | Batch: 1400 | CrossEntropy-loss: 0.38508 | Correct: 1077/1280
Epoch: 02 | Batch: 1500 | CrossEntropy-loss: 0.40195 | Correct: 1074/1280

Epoch: 02 | Testing Accuracy: 419887/504607 (83.211%) | Historical Best: 83.211%

Epoch: 03 | Batch: 000 | CrossEntropy-loss: 0.39289 | Correct: 1068/1280
Epoch: 03 | Batch: 100 | CrossEntropy-loss: 0.39378 | Correct: 1071/1280
Epoch: 03 | Batch: 200 | CrossEntropy-loss: 0.40566 | Correct: 1063/1280
Epoch: 03 | Batch: 300 | CrossEntropy-loss: 0.39798 | Correct: 1080/1280
Epoch: 03 | Batch: 400 | CrossEntropy-loss: 0.37515 | Correct: 1083/1280
Epoch: 03 | Batch: 500 | CrossEntropy-loss: 0.35947 | Correct: 1098/1280
Epoch: 03 | Batch: 600 | CrossEntropy-loss: 0.35990 | Correct: 1089/1280
Epoch: 03 | Batch: 700 | CrossEntropy-loss: 0.38325 | Correct: 1086/1280
Epoch: 03 | Batch: 800 | CrossEntropy-loss: 0.35924 | Correct: 1101/1280
Epoch: 03 | Batch: 900 | CrossEntropy-loss: 0.39621 | Correct: 1074/1280
Epoch: 03 | Batch: 1000 | CrossEntropy-loss: 0.38822 | Correct: 1072/1280
Epoch: 03 | Batch: 1100 | CrossEntropy-loss: 0.35701 | Correct: 1094/1280
Epoch: 03 | Batch: 1200 | CrossEntropy-loss: 0.35939 | Correct: 1096/1280
Epoch: 03 | Batch: 1300 | CrossEntropy-loss: 0.36143 | Correct: 1094/1280
Epoch: 03 | Batch: 1400 | CrossEntropy-loss: 0.35523 | Correct: 1093/1280
Epoch: 03 | Batch: 1500 | CrossEntropy-loss: 0.33845 | Correct: 1107/1280

Epoch: 03 | Testing Accuracy: 433902/504607 (85.988%) | Historical Best: 85.988%

Epoch: 04 | Batch: 000 | CrossEntropy-loss: 0.34363 | Correct: 1097/1280
Epoch: 04 | Batch: 100 | CrossEntropy-loss: 0.35115 | Correct: 1108/1280
Epoch: 04 | Batch: 200 | CrossEntropy-loss: 0.31167 | Correct: 1107/1280
Epoch: 04 | Batch: 300 | CrossEntropy-loss: 0.30922 | Correct: 1124/1280
Epoch: 04 | Batch: 400 | CrossEntropy-loss: 0.30726 | Correct: 1126/1280
Epoch: 04 | Batch: 500 | CrossEntropy-loss: 0.32696 | Correct: 1105/1280
Epoch: 04 | Batch: 600 | CrossEntropy-loss: 0.31380 | Correct: 1120/1280
Epoch: 04 | Batch: 700 | CrossEntropy-loss: 0.32922 | Correct: 1112/1280
Epoch: 04 | Batch: 800 | CrossEntropy-loss: 0.32743 | Correct: 1095/1280
Epoch: 04 | Batch: 900 | CrossEntropy-loss: 0.30007 | Correct: 1125/1280
Epoch: 04 | Batch: 1000 | CrossEntropy-loss: 0.30678 | Correct: 1118/1280
Epoch: 04 | Batch: 1100 | CrossEntropy-loss: 0.35674 | Correct: 1082/1280
Epoch: 04 | Batch: 1200 | CrossEntropy-loss: 0.29915 | Correct: 1133/1280
Epoch: 04 | Batch: 1300 | CrossEntropy-loss: 0.29168 | Correct: 1122/1280
Epoch: 04 | Batch: 1400 | CrossEntropy-loss: 0.33324 | Correct: 1109/1280
Epoch: 04 | Batch: 1500 | CrossEntropy-loss: 0.32608 | Correct: 1098/1280

Epoch: 04 | Testing Accuracy: 443363/504607 (87.863%) | Historical Best: 87.863%

Epoch: 05 | Batch: 000 | CrossEntropy-loss: 0.30354 | Correct: 1125/1280
Epoch: 05 | Batch: 100 | CrossEntropy-loss: 0.29455 | Correct: 1135/1280
Epoch: 05 | Batch: 200 | CrossEntropy-loss: 0.30351 | Correct: 1113/1280
Epoch: 05 | Batch: 300 | CrossEntropy-loss: 0.28776 | Correct: 1132/1280
Epoch: 05 | Batch: 400 | CrossEntropy-loss: 0.30032 | Correct: 1112/1280
Epoch: 05 | Batch: 500 | CrossEntropy-loss: 0.29474 | Correct: 1115/1280
Epoch: 05 | Batch: 600 | CrossEntropy-loss: 0.29454 | Correct: 1116/1280
Epoch: 05 | Batch: 700 | CrossEntropy-loss: 0.29086 | Correct: 1115/1280
Epoch: 05 | Batch: 800 | CrossEntropy-loss: 0.29419 | Correct: 1133/1280
Epoch: 05 | Batch: 900 | CrossEntropy-loss: 0.29387 | Correct: 1131/1280
Epoch: 05 | Batch: 1000 | CrossEntropy-loss: 0.30382 | Correct: 1128/1280
Epoch: 05 | Batch: 1100 | CrossEntropy-loss: 0.27572 | Correct: 1151/1280
Epoch: 05 | Batch: 1200 | CrossEntropy-loss: 0.29506 | Correct: 1132/1280
Epoch: 05 | Batch: 1300 | CrossEntropy-loss: 0.28449 | Correct: 1136/1280
Epoch: 05 | Batch: 1400 | CrossEntropy-loss: 0.26125 | Correct: 1150/1280
Epoch: 05 | Batch: 1500 | CrossEntropy-loss: 0.27404 | Correct: 1136/1280

Epoch: 05 | Testing Accuracy: 449075/504607 (88.995%) | Historical Best: 88.995%

Epoch: 06 | Batch: 000 | CrossEntropy-loss: 0.25979 | Correct: 1144/1280
Epoch: 06 | Batch: 100 | CrossEntropy-loss: 0.27101 | Correct: 1115/1280
Epoch: 06 | Batch: 200 | CrossEntropy-loss: 0.26176 | Correct: 1139/1280
Epoch: 06 | Batch: 300 | CrossEntropy-loss: 0.29057 | Correct: 1118/1280
Epoch: 06 | Batch: 400 | CrossEntropy-loss: 0.24964 | Correct: 1152/1280
Epoch: 06 | Batch: 500 | CrossEntropy-loss: 0.25300 | Correct: 1157/1280
Epoch: 06 | Batch: 600 | CrossEntropy-loss: 0.27037 | Correct: 1138/1280
Epoch: 06 | Batch: 700 | CrossEntropy-loss: 0.23796 | Correct: 1161/1280
Epoch: 06 | Batch: 800 | CrossEntropy-loss: 0.27303 | Correct: 1141/1280
Epoch: 06 | Batch: 900 | CrossEntropy-loss: 0.27099 | Correct: 1132/1280
Epoch: 06 | Batch: 1000 | CrossEntropy-loss: 0.24240 | Correct: 1165/1280
Epoch: 06 | Batch: 1100 | CrossEntropy-loss: 0.24918 | Correct: 1154/1280
Epoch: 06 | Batch: 1200 | CrossEntropy-loss: 0.25641 | Correct: 1142/1280
Epoch: 06 | Batch: 1300 | CrossEntropy-loss: 0.23485 | Correct: 1159/1280
Epoch: 06 | Batch: 1400 | CrossEntropy-loss: 0.23265 | Correct: 1153/1280
Epoch: 06 | Batch: 1500 | CrossEntropy-loss: 0.25630 | Correct: 1156/1280

Epoch: 06 | Testing Accuracy: 456569/504607 (90.480%) | Historical Best: 90.480%

Epoch: 07 | Batch: 000 | CrossEntropy-loss: 0.24956 | Correct: 1138/1280
Epoch: 07 | Batch: 100 | CrossEntropy-loss: 0.23942 | Correct: 1156/1280
Epoch: 07 | Batch: 200 | CrossEntropy-loss: 0.22587 | Correct: 1180/1280
Epoch: 07 | Batch: 300 | CrossEntropy-loss: 0.23957 | Correct: 1152/1280
Epoch: 07 | Batch: 400 | CrossEntropy-loss: 0.25524 | Correct: 1149/1280
Epoch: 07 | Batch: 500 | CrossEntropy-loss: 0.23131 | Correct: 1173/1280
Epoch: 07 | Batch: 600 | CrossEntropy-loss: 0.21472 | Correct: 1174/1280
Epoch: 07 | Batch: 700 | CrossEntropy-loss: 0.23036 | Correct: 1162/1280
Epoch: 07 | Batch: 800 | CrossEntropy-loss: 0.21940 | Correct: 1174/1280
Epoch: 07 | Batch: 900 | CrossEntropy-loss: 0.21877 | Correct: 1178/1280
Epoch: 07 | Batch: 1000 | CrossEntropy-loss: 0.21475 | Correct: 1165/1280
Epoch: 07 | Batch: 1100 | CrossEntropy-loss: 0.22922 | Correct: 1165/1280
Epoch: 07 | Batch: 1200 | CrossEntropy-loss: 0.23396 | Correct: 1163/1280
Epoch: 07 | Batch: 1300 | CrossEntropy-loss: 0.23004 | Correct: 1167/1280
Epoch: 07 | Batch: 1400 | CrossEntropy-loss: 0.22067 | Correct: 1167/1280
Epoch: 07 | Batch: 1500 | CrossEntropy-loss: 0.23114 | Correct: 1164/1280

Epoch: 07 | Testing Accuracy: 460243/504607 (91.208%) | Historical Best: 91.208%

Epoch: 08 | Batch: 000 | CrossEntropy-loss: 0.23976 | Correct: 1137/1280
Epoch: 08 | Batch: 100 | CrossEntropy-loss: 0.21317 | Correct: 1176/1280
Epoch: 08 | Batch: 200 | CrossEntropy-loss: 0.23632 | Correct: 1169/1280
Epoch: 08 | Batch: 300 | CrossEntropy-loss: 0.22195 | Correct: 1169/1280
Epoch: 08 | Batch: 400 | CrossEntropy-loss: 0.22311 | Correct: 1166/1280
Epoch: 08 | Batch: 500 | CrossEntropy-loss: 0.23241 | Correct: 1164/1280
Epoch: 08 | Batch: 600 | CrossEntropy-loss: 0.19005 | Correct: 1187/1280
Epoch: 08 | Batch: 700 | CrossEntropy-loss: 0.23111 | Correct: 1169/1280
Epoch: 08 | Batch: 800 | CrossEntropy-loss: 0.20708 | Correct: 1179/1280
Epoch: 08 | Batch: 900 | CrossEntropy-loss: 0.21072 | Correct: 1177/1280
Epoch: 08 | Batch: 1000 | CrossEntropy-loss: 0.20090 | Correct: 1186/1280
Epoch: 08 | Batch: 1100 | CrossEntropy-loss: 0.21303 | Correct: 1170/1280
Epoch: 08 | Batch: 1200 | CrossEntropy-loss: 0.22601 | Correct: 1165/1280
Epoch: 08 | Batch: 1300 | CrossEntropy-loss: 0.20253 | Correct: 1186/1280
Epoch: 08 | Batch: 1400 | CrossEntropy-loss: 0.23437 | Correct: 1155/1280
Epoch: 08 | Batch: 1500 | CrossEntropy-loss: 0.20344 | Correct: 1192/1280

Epoch: 08 | Testing Accuracy: 464918/504607 (92.135%) | Historical Best: 92.135%

Epoch: 09 | Batch: 000 | CrossEntropy-loss: 0.23154 | Correct: 1151/1280
Epoch: 09 | Batch: 100 | CrossEntropy-loss: 0.20242 | Correct: 1192/1280
Epoch: 09 | Batch: 200 | CrossEntropy-loss: 0.19727 | Correct: 1184/1280
Epoch: 09 | Batch: 300 | CrossEntropy-loss: 0.20137 | Correct: 1178/1280
Epoch: 09 | Batch: 400 | CrossEntropy-loss: 0.22443 | Correct: 1165/1280
Epoch: 09 | Batch: 500 | CrossEntropy-loss: 0.20596 | Correct: 1180/1280
Epoch: 09 | Batch: 600 | CrossEntropy-loss: 0.22847 | Correct: 1162/1280
Epoch: 09 | Batch: 700 | CrossEntropy-loss: 0.21249 | Correct: 1174/1280
Epoch: 09 | Batch: 800 | CrossEntropy-loss: 0.21550 | Correct: 1166/1280
Epoch: 09 | Batch: 900 | CrossEntropy-loss: 0.21556 | Correct: 1169/1280
Epoch: 09 | Batch: 1000 | CrossEntropy-loss: 0.18470 | Correct: 1189/1280
Epoch: 09 | Batch: 1100 | CrossEntropy-loss: 0.21676 | Correct: 1176/1280
Epoch: 09 | Batch: 1200 | CrossEntropy-loss: 0.19510 | Correct: 1187/1280
Epoch: 09 | Batch: 1300 | CrossEntropy-loss: 0.21525 | Correct: 1185/1280
Epoch: 09 | Batch: 1400 | CrossEntropy-loss: 0.20782 | Correct: 1167/1280
Epoch: 09 | Batch: 1500 | CrossEntropy-loss: 0.20403 | Correct: 1184/1280

Epoch: 09 | Testing Accuracy: 467016/504607 (92.550%) | Historical Best: 92.550%

Epoch: 10 | Batch: 000 | CrossEntropy-loss: 0.20942 | Correct: 1163/1280
Epoch: 10 | Batch: 100 | CrossEntropy-loss: 0.20857 | Correct: 1182/1280
Epoch: 10 | Batch: 200 | CrossEntropy-loss: 0.21087 | Correct: 1172/1280
Epoch: 10 | Batch: 300 | CrossEntropy-loss: 0.20049 | Correct: 1181/1280
Epoch: 10 | Batch: 400 | CrossEntropy-loss: 0.19456 | Correct: 1174/1280
Epoch: 10 | Batch: 500 | CrossEntropy-loss: 0.17151 | Correct: 1199/1280
Epoch: 10 | Batch: 600 | CrossEntropy-loss: 0.19761 | Correct: 1177/1280
Epoch: 10 | Batch: 700 | CrossEntropy-loss: 0.18677 | Correct: 1189/1280
Epoch: 10 | Batch: 800 | CrossEntropy-loss: 0.20790 | Correct: 1173/1280
Epoch: 10 | Batch: 900 | CrossEntropy-loss: 0.18776 | Correct: 1187/1280
Epoch: 10 | Batch: 1000 | CrossEntropy-loss: 0.20381 | Correct: 1181/1280
Epoch: 10 | Batch: 1100 | CrossEntropy-loss: 0.21284 | Correct: 1179/1280
Epoch: 10 | Batch: 1200 | CrossEntropy-loss: 0.18450 | Correct: 1191/1280
Epoch: 10 | Batch: 1300 | CrossEntropy-loss: 0.19428 | Correct: 1184/1280
Epoch: 10 | Batch: 1400 | CrossEntropy-loss: 0.17010 | Correct: 1198/1280
Epoch: 10 | Batch: 1500 | CrossEntropy-loss: 0.17639 | Correct: 1198/1280

Epoch: 10 | Testing Accuracy: 469438/504607 (93.030%) | Historical Best: 93.030%

Epoch: 11 | Batch: 000 | CrossEntropy-loss: 0.17579 | Correct: 1193/1280
Epoch: 11 | Batch: 100 | CrossEntropy-loss: 0.19300 | Correct: 1200/1280
Epoch: 11 | Batch: 200 | CrossEntropy-loss: 0.19646 | Correct: 1182/1280
Epoch: 11 | Batch: 300 | CrossEntropy-loss: 0.18698 | Correct: 1182/1280
Epoch: 11 | Batch: 400 | CrossEntropy-loss: 0.18421 | Correct: 1181/1280
Epoch: 11 | Batch: 500 | CrossEntropy-loss: 0.19454 | Correct: 1185/1280
Epoch: 11 | Batch: 600 | CrossEntropy-loss: 0.18429 | Correct: 1184/1280
Epoch: 11 | Batch: 700 | CrossEntropy-loss: 0.18876 | Correct: 1180/1280
Epoch: 11 | Batch: 800 | CrossEntropy-loss: 0.20253 | Correct: 1178/1280
Epoch: 11 | Batch: 900 | CrossEntropy-loss: 0.17463 | Correct: 1197/1280
Epoch: 11 | Batch: 1000 | CrossEntropy-loss: 0.18928 | Correct: 1198/1280
Epoch: 11 | Batch: 1100 | CrossEntropy-loss: 0.19319 | Correct: 1189/1280
Epoch: 11 | Batch: 1200 | CrossEntropy-loss: 0.19096 | Correct: 1197/1280
Epoch: 11 | Batch: 1300 | CrossEntropy-loss: 0.17623 | Correct: 1191/1280
Epoch: 11 | Batch: 1400 | CrossEntropy-loss: 0.17322 | Correct: 1201/1280
Epoch: 11 | Batch: 1500 | CrossEntropy-loss: 0.16659 | Correct: 1194/1280

Epoch: 11 | Testing Accuracy: 471142/504607 (93.368%) | Historical Best: 93.368%

Epoch: 12 | Batch: 000 | CrossEntropy-loss: 0.17368 | Correct: 1193/1280
Epoch: 12 | Batch: 100 | CrossEntropy-loss: 0.18328 | Correct: 1196/1280
Epoch: 12 | Batch: 200 | CrossEntropy-loss: 0.17886 | Correct: 1200/1280
Epoch: 12 | Batch: 300 | CrossEntropy-loss: 0.17570 | Correct: 1196/1280
Epoch: 12 | Batch: 400 | CrossEntropy-loss: 0.17756 | Correct: 1186/1280
Epoch: 12 | Batch: 500 | CrossEntropy-loss: 0.17050 | Correct: 1199/1280
Epoch: 12 | Batch: 600 | CrossEntropy-loss: 0.19251 | Correct: 1189/1280
Epoch: 12 | Batch: 700 | CrossEntropy-loss: 0.18335 | Correct: 1196/1280
Epoch: 12 | Batch: 800 | CrossEntropy-loss: 0.18621 | Correct: 1195/1280
Epoch: 12 | Batch: 900 | CrossEntropy-loss: 0.16690 | Correct: 1201/1280
Epoch: 12 | Batch: 1000 | CrossEntropy-loss: 0.17688 | Correct: 1201/1280
Epoch: 12 | Batch: 1100 | CrossEntropy-loss: 0.19681 | Correct: 1181/1280
Epoch: 12 | Batch: 1200 | CrossEntropy-loss: 0.17149 | Correct: 1189/1280
Epoch: 12 | Batch: 1300 | CrossEntropy-loss: 0.17340 | Correct: 1199/1280
Epoch: 12 | Batch: 1400 | CrossEntropy-loss: 0.17489 | Correct: 1187/1280
Epoch: 12 | Batch: 1500 | CrossEntropy-loss: 0.17311 | Correct: 1200/1280

Epoch: 12 | Testing Accuracy: 472857/504607 (93.708%) | Historical Best: 93.708%

Epoch: 13 | Batch: 000 | CrossEntropy-loss: 0.17998 | Correct: 1188/1280
Epoch: 13 | Batch: 100 | CrossEntropy-loss: 0.16426 | Correct: 1210/1280
Epoch: 13 | Batch: 200 | CrossEntropy-loss: 0.17293 | Correct: 1183/1280
Epoch: 13 | Batch: 300 | CrossEntropy-loss: 0.18092 | Correct: 1191/1280
Epoch: 13 | Batch: 400 | CrossEntropy-loss: 0.18490 | Correct: 1195/1280
Epoch: 13 | Batch: 500 | CrossEntropy-loss: 0.15920 | Correct: 1208/1280
Epoch: 13 | Batch: 600 | CrossEntropy-loss: 0.16721 | Correct: 1196/1280
Epoch: 13 | Batch: 700 | CrossEntropy-loss: 0.17341 | Correct: 1201/1280
Epoch: 13 | Batch: 800 | CrossEntropy-loss: 0.15584 | Correct: 1221/1280
Epoch: 13 | Batch: 900 | CrossEntropy-loss: 0.18242 | Correct: 1197/1280
Epoch: 13 | Batch: 1000 | CrossEntropy-loss: 0.18082 | Correct: 1197/1280
Epoch: 13 | Batch: 1100 | CrossEntropy-loss: 0.16738 | Correct: 1206/1280
Epoch: 13 | Batch: 1200 | CrossEntropy-loss: 0.15030 | Correct: 1217/1280
Epoch: 13 | Batch: 1300 | CrossEntropy-loss: 0.16907 | Correct: 1199/1280
Epoch: 13 | Batch: 1400 | CrossEntropy-loss: 0.15842 | Correct: 1213/1280
Epoch: 13 | Batch: 1500 | CrossEntropy-loss: 0.17987 | Correct: 1186/1280

Epoch: 13 | Testing Accuracy: 473829/504607 (93.901%) | Historical Best: 93.901%

Epoch: 14 | Batch: 000 | CrossEntropy-loss: 0.17022 | Correct: 1192/1280
Epoch: 14 | Batch: 100 | CrossEntropy-loss: 0.17698 | Correct: 1200/1280
Epoch: 14 | Batch: 200 | CrossEntropy-loss: 0.17318 | Correct: 1197/1280
Epoch: 14 | Batch: 300 | CrossEntropy-loss: 0.16319 | Correct: 1207/1280
Epoch: 14 | Batch: 400 | CrossEntropy-loss: 0.17658 | Correct: 1187/1280
Epoch: 14 | Batch: 500 | CrossEntropy-loss: 0.15823 | Correct: 1211/1280
Epoch: 14 | Batch: 600 | CrossEntropy-loss: 0.15261 | Correct: 1216/1280
Epoch: 14 | Batch: 700 | CrossEntropy-loss: 0.18111 | Correct: 1189/1280
Epoch: 14 | Batch: 800 | CrossEntropy-loss: 0.15933 | Correct: 1212/1280
Epoch: 14 | Batch: 900 | CrossEntropy-loss: 0.15674 | Correct: 1208/1280
Epoch: 14 | Batch: 1000 | CrossEntropy-loss: 0.17204 | Correct: 1201/1280
Epoch: 14 | Batch: 1100 | CrossEntropy-loss: 0.15399 | Correct: 1217/1280
Epoch: 14 | Batch: 1200 | CrossEntropy-loss: 0.16269 | Correct: 1205/1280
Epoch: 14 | Batch: 1300 | CrossEntropy-loss: 0.16838 | Correct: 1212/1280
Epoch: 14 | Batch: 1400 | CrossEntropy-loss: 0.16342 | Correct: 1212/1280
Epoch: 14 | Batch: 1500 | CrossEntropy-loss: 0.16173 | Correct: 1207/1280

Epoch: 14 | Testing Accuracy: 475487/504607 (94.229%) | Historical Best: 94.229%

Epoch: 15 | Batch: 000 | CrossEntropy-loss: 0.16082 | Correct: 1214/1280
Epoch: 15 | Batch: 100 | CrossEntropy-loss: 0.16603 | Correct: 1202/1280
Epoch: 15 | Batch: 200 | CrossEntropy-loss: 0.18188 | Correct: 1187/1280
Epoch: 15 | Batch: 300 | CrossEntropy-loss: 0.16003 | Correct: 1207/1280
Epoch: 15 | Batch: 400 | CrossEntropy-loss: 0.16547 | Correct: 1202/1280
Epoch: 15 | Batch: 500 | CrossEntropy-loss: 0.16210 | Correct: 1209/1280
Epoch: 15 | Batch: 600 | CrossEntropy-loss: 0.17735 | Correct: 1193/1280
Epoch: 15 | Batch: 700 | CrossEntropy-loss: 0.18160 | Correct: 1192/1280
Epoch: 15 | Batch: 800 | CrossEntropy-loss: 0.12916 | Correct: 1228/1280
Epoch: 15 | Batch: 900 | CrossEntropy-loss: 0.17544 | Correct: 1192/1280
Epoch: 15 | Batch: 1000 | CrossEntropy-loss: 0.14886 | Correct: 1215/1280
Epoch: 15 | Batch: 1100 | CrossEntropy-loss: 0.14682 | Correct: 1224/1280
Epoch: 15 | Batch: 1200 | CrossEntropy-loss: 0.16002 | Correct: 1203/1280
Epoch: 15 | Batch: 1300 | CrossEntropy-loss: 0.15465 | Correct: 1211/1280
Epoch: 15 | Batch: 1400 | CrossEntropy-loss: 0.14953 | Correct: 1199/1280
Epoch: 15 | Batch: 1500 | CrossEntropy-loss: 0.15434 | Correct: 1207/1280

Epoch: 15 | Testing Accuracy: 476735/504607 (94.476%) | Historical Best: 94.476%

Epoch: 16 | Batch: 000 | CrossEntropy-loss: 0.14794 | Correct: 1207/1280
Epoch: 16 | Batch: 100 | CrossEntropy-loss: 0.15214 | Correct: 1208/1280
Epoch: 16 | Batch: 200 | CrossEntropy-loss: 0.15162 | Correct: 1216/1280
Epoch: 16 | Batch: 300 | CrossEntropy-loss: 0.15503 | Correct: 1199/1280
Epoch: 16 | Batch: 400 | CrossEntropy-loss: 0.13264 | Correct: 1222/1280
Epoch: 16 | Batch: 500 | CrossEntropy-loss: 0.14989 | Correct: 1210/1280
Epoch: 16 | Batch: 600 | CrossEntropy-loss: 0.16072 | Correct: 1192/1280
Epoch: 16 | Batch: 700 | CrossEntropy-loss: 0.16589 | Correct: 1211/1280
Epoch: 16 | Batch: 800 | CrossEntropy-loss: 0.15532 | Correct: 1201/1280
Epoch: 16 | Batch: 900 | CrossEntropy-loss: 0.13476 | Correct: 1216/1280
Epoch: 16 | Batch: 1000 | CrossEntropy-loss: 0.13152 | Correct: 1224/1280
Epoch: 16 | Batch: 1100 | CrossEntropy-loss: 0.14263 | Correct: 1209/1280
Epoch: 16 | Batch: 1200 | CrossEntropy-loss: 0.15011 | Correct: 1211/1280
Epoch: 16 | Batch: 1300 | CrossEntropy-loss: 0.15114 | Correct: 1202/1280
Epoch: 16 | Batch: 1400 | CrossEntropy-loss: 0.15340 | Correct: 1211/1280
Epoch: 16 | Batch: 1500 | CrossEntropy-loss: 0.14922 | Correct: 1218/1280

Epoch: 16 | Testing Accuracy: 478166/504607 (94.760%) | Historical Best: 94.760%

Epoch: 17 | Batch: 000 | CrossEntropy-loss: 0.14995 | Correct: 1212/1280
Epoch: 17 | Batch: 100 | CrossEntropy-loss: 0.13751 | Correct: 1206/1280
Epoch: 17 | Batch: 200 | CrossEntropy-loss: 0.16101 | Correct: 1197/1280
Epoch: 17 | Batch: 300 | CrossEntropy-loss: 0.12607 | Correct: 1222/1280
Epoch: 17 | Batch: 400 | CrossEntropy-loss: 0.15937 | Correct: 1195/1280
Epoch: 17 | Batch: 500 | CrossEntropy-loss: 0.12836 | Correct: 1229/1280
Epoch: 17 | Batch: 600 | CrossEntropy-loss: 0.14493 | Correct: 1209/1280
Epoch: 17 | Batch: 700 | CrossEntropy-loss: 0.15583 | Correct: 1214/1280
Epoch: 17 | Batch: 800 | CrossEntropy-loss: 0.15756 | Correct: 1217/1280
Epoch: 17 | Batch: 900 | CrossEntropy-loss: 0.14695 | Correct: 1207/1280
Epoch: 17 | Batch: 1000 | CrossEntropy-loss: 0.13710 | Correct: 1233/1280
Epoch: 17 | Batch: 1100 | CrossEntropy-loss: 0.13714 | Correct: 1218/1280
Epoch: 17 | Batch: 1200 | CrossEntropy-loss: 0.16056 | Correct: 1208/1280
Epoch: 17 | Batch: 1300 | CrossEntropy-loss: 0.16999 | Correct: 1204/1280
Epoch: 17 | Batch: 1400 | CrossEntropy-loss: 0.15261 | Correct: 1212/1280
Epoch: 17 | Batch: 1500 | CrossEntropy-loss: 0.13110 | Correct: 1223/1280

Epoch: 17 | Testing Accuracy: 478779/504607 (94.882%) | Historical Best: 94.882%

Epoch: 18 | Batch: 000 | CrossEntropy-loss: 0.13838 | Correct: 1215/1280
Epoch: 18 | Batch: 100 | CrossEntropy-loss: 0.14299 | Correct: 1210/1280
Epoch: 18 | Batch: 200 | CrossEntropy-loss: 0.14683 | Correct: 1218/1280
Epoch: 18 | Batch: 300 | CrossEntropy-loss: 0.14714 | Correct: 1202/1280
Epoch: 18 | Batch: 400 | CrossEntropy-loss: 0.14217 | Correct: 1219/1280
Epoch: 18 | Batch: 500 | CrossEntropy-loss: 0.13815 | Correct: 1216/1280
Epoch: 18 | Batch: 600 | CrossEntropy-loss: 0.13509 | Correct: 1217/1280
Epoch: 18 | Batch: 700 | CrossEntropy-loss: 0.14830 | Correct: 1216/1280
Epoch: 18 | Batch: 800 | CrossEntropy-loss: 0.12354 | Correct: 1219/1280
Epoch: 18 | Batch: 900 | CrossEntropy-loss: 0.13888 | Correct: 1217/1280
Epoch: 18 | Batch: 1000 | CrossEntropy-loss: 0.14634 | Correct: 1209/1280
Epoch: 18 | Batch: 1100 | CrossEntropy-loss: 0.15567 | Correct: 1199/1280
Epoch: 18 | Batch: 1200 | CrossEntropy-loss: 0.14242 | Correct: 1207/1280
Epoch: 18 | Batch: 1300 | CrossEntropy-loss: 0.13781 | Correct: 1221/1280
Epoch: 18 | Batch: 1400 | CrossEntropy-loss: 0.14475 | Correct: 1216/1280
Epoch: 18 | Batch: 1500 | CrossEntropy-loss: 0.13941 | Correct: 1218/1280

Epoch: 18 | Testing Accuracy: 479487/504607 (95.022%) | Historical Best: 95.022%

Epoch: 19 | Batch: 000 | CrossEntropy-loss: 0.14222 | Correct: 1206/1280
Epoch: 19 | Batch: 100 | CrossEntropy-loss: 0.13091 | Correct: 1225/1280
Epoch: 19 | Batch: 200 | CrossEntropy-loss: 0.13772 | Correct: 1210/1280
Epoch: 19 | Batch: 300 | CrossEntropy-loss: 0.14993 | Correct: 1201/1280
Epoch: 19 | Batch: 400 | CrossEntropy-loss: 0.13337 | Correct: 1225/1280
Epoch: 19 | Batch: 500 | CrossEntropy-loss: 0.11737 | Correct: 1229/1280
Epoch: 19 | Batch: 600 | CrossEntropy-loss: 0.14705 | Correct: 1214/1280
Epoch: 19 | Batch: 700 | CrossEntropy-loss: 0.12958 | Correct: 1221/1280
Epoch: 19 | Batch: 800 | CrossEntropy-loss: 0.12209 | Correct: 1229/1280
Epoch: 19 | Batch: 900 | CrossEntropy-loss: 0.13520 | Correct: 1221/1280
Epoch: 19 | Batch: 1000 | CrossEntropy-loss: 0.12437 | Correct: 1222/1280
Epoch: 19 | Batch: 1100 | CrossEntropy-loss: 0.13144 | Correct: 1221/1280
Epoch: 19 | Batch: 1200 | CrossEntropy-loss: 0.13475 | Correct: 1231/1280
Epoch: 19 | Batch: 1300 | CrossEntropy-loss: 0.14208 | Correct: 1222/1280
Epoch: 19 | Batch: 1400 | CrossEntropy-loss: 0.14524 | Correct: 1211/1280
Epoch: 19 | Batch: 1500 | CrossEntropy-loss: 0.13181 | Correct: 1225/1280

Epoch: 19 | Testing Accuracy: 480358/504607 (95.194%) | Historical Best: 95.194%

Epoch: 20 | Batch: 000 | CrossEntropy-loss: 0.13990 | Correct: 1215/1280
Epoch: 20 | Batch: 100 | CrossEntropy-loss: 0.13264 | Correct: 1216/1280
Epoch: 20 | Batch: 200 | CrossEntropy-loss: 0.13838 | Correct: 1221/1280
Epoch: 20 | Batch: 300 | CrossEntropy-loss: 0.13242 | Correct: 1225/1280
Epoch: 20 | Batch: 400 | CrossEntropy-loss: 0.14664 | Correct: 1213/1280
Epoch: 20 | Batch: 500 | CrossEntropy-loss: 0.14259 | Correct: 1207/1280
Epoch: 20 | Batch: 600 | CrossEntropy-loss: 0.12916 | Correct: 1213/1280
Epoch: 20 | Batch: 700 | CrossEntropy-loss: 0.14550 | Correct: 1220/1280
Epoch: 20 | Batch: 800 | CrossEntropy-loss: 0.13641 | Correct: 1218/1280
Epoch: 20 | Batch: 900 | CrossEntropy-loss: 0.14064 | Correct: 1204/1280
Epoch: 20 | Batch: 1000 | CrossEntropy-loss: 0.12535 | Correct: 1223/1280
Epoch: 20 | Batch: 1100 | CrossEntropy-loss: 0.13254 | Correct: 1217/1280
Epoch: 20 | Batch: 1200 | CrossEntropy-loss: 0.13268 | Correct: 1219/1280
Epoch: 20 | Batch: 1300 | CrossEntropy-loss: 0.12573 | Correct: 1217/1280
Epoch: 20 | Batch: 1400 | CrossEntropy-loss: 0.13373 | Correct: 1229/1280
Epoch: 20 | Batch: 1500 | CrossEntropy-loss: 0.13237 | Correct: 1225/1280

Epoch: 20 | Testing Accuracy: 480925/504607 (95.307%) | Historical Best: 95.307%

Epoch: 21 | Batch: 000 | CrossEntropy-loss: 0.12508 | Correct: 1222/1280
Epoch: 21 | Batch: 100 | CrossEntropy-loss: 0.13739 | Correct: 1211/1280
Epoch: 21 | Batch: 200 | CrossEntropy-loss: 0.13360 | Correct: 1215/1280
Epoch: 21 | Batch: 300 | CrossEntropy-loss: 0.14335 | Correct: 1215/1280
Epoch: 21 | Batch: 400 | CrossEntropy-loss: 0.13093 | Correct: 1221/1280
Epoch: 21 | Batch: 500 | CrossEntropy-loss: 0.14534 | Correct: 1210/1280
Epoch: 21 | Batch: 600 | CrossEntropy-loss: 0.13699 | Correct: 1215/1280
Epoch: 21 | Batch: 700 | CrossEntropy-loss: 0.14321 | Correct: 1216/1280
Epoch: 21 | Batch: 800 | CrossEntropy-loss: 0.12594 | Correct: 1224/1280
Epoch: 21 | Batch: 900 | CrossEntropy-loss: 0.13340 | Correct: 1220/1280
Epoch: 21 | Batch: 1000 | CrossEntropy-loss: 0.12983 | Correct: 1219/1280
Epoch: 21 | Batch: 1100 | CrossEntropy-loss: 0.12676 | Correct: 1213/1280
Epoch: 21 | Batch: 1200 | CrossEntropy-loss: 0.13098 | Correct: 1216/1280
Epoch: 21 | Batch: 1300 | CrossEntropy-loss: 0.13904 | Correct: 1215/1280
Epoch: 21 | Batch: 1400 | CrossEntropy-loss: 0.11323 | Correct: 1223/1280
Epoch: 21 | Batch: 1500 | CrossEntropy-loss: 0.12472 | Correct: 1221/1280

Epoch: 21 | Testing Accuracy: 481495/504607 (95.420%) | Historical Best: 95.420%

Epoch: 22 | Batch: 000 | CrossEntropy-loss: 0.13356 | Correct: 1220/1280
Epoch: 22 | Batch: 100 | CrossEntropy-loss: 0.12749 | Correct: 1225/1280
Epoch: 22 | Batch: 200 | CrossEntropy-loss: 0.13746 | Correct: 1210/1280
Epoch: 22 | Batch: 300 | CrossEntropy-loss: 0.13114 | Correct: 1213/1280
Epoch: 22 | Batch: 400 | CrossEntropy-loss: 0.12680 | Correct: 1216/1280
Epoch: 22 | Batch: 500 | CrossEntropy-loss: 0.12841 | Correct: 1215/1280
Epoch: 22 | Batch: 600 | CrossEntropy-loss: 0.11882 | Correct: 1226/1280
Epoch: 22 | Batch: 700 | CrossEntropy-loss: 0.12390 | Correct: 1214/1280
Epoch: 22 | Batch: 800 | CrossEntropy-loss: 0.12795 | Correct: 1226/1280
Epoch: 22 | Batch: 900 | CrossEntropy-loss: 0.13552 | Correct: 1214/1280
Epoch: 22 | Batch: 1000 | CrossEntropy-loss: 0.12449 | Correct: 1221/1280
Epoch: 22 | Batch: 1100 | CrossEntropy-loss: 0.13302 | Correct: 1234/1280
Epoch: 22 | Batch: 1200 | CrossEntropy-loss: 0.12235 | Correct: 1220/1280
Epoch: 22 | Batch: 1300 | CrossEntropy-loss: 0.12611 | Correct: 1224/1280
Epoch: 22 | Batch: 1400 | CrossEntropy-loss: 0.13327 | Correct: 1221/1280
Epoch: 22 | Batch: 1500 | CrossEntropy-loss: 0.13869 | Correct: 1222/1280

Epoch: 22 | Testing Accuracy: 481694/504607 (95.459%) | Historical Best: 95.459%

Epoch: 23 | Batch: 000 | CrossEntropy-loss: 0.13470 | Correct: 1215/1280
Epoch: 23 | Batch: 100 | CrossEntropy-loss: 0.12757 | Correct: 1233/1280
Epoch: 23 | Batch: 200 | CrossEntropy-loss: 0.13459 | Correct: 1223/1280
Epoch: 23 | Batch: 300 | CrossEntropy-loss: 0.11819 | Correct: 1222/1280
Epoch: 23 | Batch: 400 | CrossEntropy-loss: 0.12784 | Correct: 1222/1280
Epoch: 23 | Batch: 500 | CrossEntropy-loss: 0.11920 | Correct: 1223/1280
Epoch: 23 | Batch: 600 | CrossEntropy-loss: 0.14175 | Correct: 1209/1280
Epoch: 23 | Batch: 700 | CrossEntropy-loss: 0.12355 | Correct: 1221/1280
Epoch: 23 | Batch: 800 | CrossEntropy-loss: 0.13668 | Correct: 1211/1280
Epoch: 23 | Batch: 900 | CrossEntropy-loss: 0.11792 | Correct: 1225/1280
Epoch: 23 | Batch: 1000 | CrossEntropy-loss: 0.12075 | Correct: 1232/1280
Epoch: 23 | Batch: 1100 | CrossEntropy-loss: 0.10967 | Correct: 1239/1280
Epoch: 23 | Batch: 1200 | CrossEntropy-loss: 0.11143 | Correct: 1231/1280
Epoch: 23 | Batch: 1300 | CrossEntropy-loss: 0.13122 | Correct: 1220/1280
Epoch: 23 | Batch: 1400 | CrossEntropy-loss: 0.12100 | Correct: 1226/1280
Epoch: 23 | Batch: 1500 | CrossEntropy-loss: 0.13144 | Correct: 1219/1280

Epoch: 23 | Testing Accuracy: 482672/504607 (95.653%) | Historical Best: 95.653%

Epoch: 24 | Batch: 000 | CrossEntropy-loss: 0.12152 | Correct: 1220/1280
Epoch: 24 | Batch: 100 | CrossEntropy-loss: 0.11884 | Correct: 1219/1280
Epoch: 24 | Batch: 200 | CrossEntropy-loss: 0.12824 | Correct: 1224/1280
Epoch: 24 | Batch: 300 | CrossEntropy-loss: 0.13266 | Correct: 1213/1280
Epoch: 24 | Batch: 400 | CrossEntropy-loss: 0.12564 | Correct: 1226/1280
Epoch: 24 | Batch: 500 | CrossEntropy-loss: 0.13143 | Correct: 1221/1280
Epoch: 24 | Batch: 600 | CrossEntropy-loss: 0.12108 | Correct: 1221/1280
Epoch: 24 | Batch: 700 | CrossEntropy-loss: 0.12574 | Correct: 1218/1280
Epoch: 24 | Batch: 800 | CrossEntropy-loss: 0.13026 | Correct: 1219/1280
Epoch: 24 | Batch: 900 | CrossEntropy-loss: 0.13976 | Correct: 1213/1280
Epoch: 24 | Batch: 1000 | CrossEntropy-loss: 0.14458 | Correct: 1208/1280
Epoch: 24 | Batch: 1100 | CrossEntropy-loss: 0.12015 | Correct: 1226/1280
Epoch: 24 | Batch: 1200 | CrossEntropy-loss: 0.12300 | Correct: 1224/1280
Epoch: 24 | Batch: 1300 | CrossEntropy-loss: 0.14371 | Correct: 1203/1280
Epoch: 24 | Batch: 1400 | CrossEntropy-loss: 0.11392 | Correct: 1222/1280
Epoch: 24 | Batch: 1500 | CrossEntropy-loss: 0.12319 | Correct: 1218/1280

Epoch: 24 | Testing Accuracy: 482886/504607 (95.695%) | Historical Best: 95.695%

Epoch: 25 | Batch: 000 | CrossEntropy-loss: 0.11502 | Correct: 1237/1280
Epoch: 25 | Batch: 100 | CrossEntropy-loss: 0.10645 | Correct: 1232/1280
Epoch: 25 | Batch: 200 | CrossEntropy-loss: 0.12883 | Correct: 1224/1280
Epoch: 25 | Batch: 300 | CrossEntropy-loss: 0.12252 | Correct: 1219/1280
Epoch: 25 | Batch: 400 | CrossEntropy-loss: 0.12234 | Correct: 1227/1280
Epoch: 25 | Batch: 500 | CrossEntropy-loss: 0.13890 | Correct: 1219/1280
Epoch: 25 | Batch: 600 | CrossEntropy-loss: 0.12069 | Correct: 1223/1280
Epoch: 25 | Batch: 700 | CrossEntropy-loss: 0.11378 | Correct: 1231/1280
Epoch: 25 | Batch: 800 | CrossEntropy-loss: 0.11624 | Correct: 1231/1280
Epoch: 25 | Batch: 900 | CrossEntropy-loss: 0.12754 | Correct: 1219/1280
Epoch: 25 | Batch: 1000 | CrossEntropy-loss: 0.11378 | Correct: 1229/1280
Epoch: 25 | Batch: 1100 | CrossEntropy-loss: 0.12865 | Correct: 1222/1280
Epoch: 25 | Batch: 1200 | CrossEntropy-loss: 0.11870 | Correct: 1230/1280
Epoch: 25 | Batch: 1300 | CrossEntropy-loss: 0.11293 | Correct: 1234/1280
Epoch: 25 | Batch: 1400 | CrossEntropy-loss: 0.12323 | Correct: 1231/1280
Epoch: 25 | Batch: 1500 | CrossEntropy-loss: 0.12233 | Correct: 1223/1280

Epoch: 25 | Testing Accuracy: 482933/504607 (95.705%) | Historical Best: 95.705%

Epoch: 26 | Batch: 000 | CrossEntropy-loss: 0.11003 | Correct: 1233/1280
Epoch: 26 | Batch: 100 | CrossEntropy-loss: 0.10927 | Correct: 1233/1280
Epoch: 26 | Batch: 200 | CrossEntropy-loss: 0.10887 | Correct: 1233/1280
Epoch: 26 | Batch: 300 | CrossEntropy-loss: 0.12080 | Correct: 1220/1280
Epoch: 26 | Batch: 400 | CrossEntropy-loss: 0.11606 | Correct: 1221/1280
Epoch: 26 | Batch: 500 | CrossEntropy-loss: 0.12100 | Correct: 1226/1280
Epoch: 26 | Batch: 600 | CrossEntropy-loss: 0.12272 | Correct: 1229/1280
Epoch: 26 | Batch: 700 | CrossEntropy-loss: 0.10299 | Correct: 1245/1280
Epoch: 26 | Batch: 800 | CrossEntropy-loss: 0.11338 | Correct: 1238/1280
Epoch: 26 | Batch: 900 | CrossEntropy-loss: 0.11486 | Correct: 1229/1280
Epoch: 26 | Batch: 1000 | CrossEntropy-loss: 0.10908 | Correct: 1230/1280
Epoch: 26 | Batch: 1100 | CrossEntropy-loss: 0.12308 | Correct: 1220/1280
Epoch: 26 | Batch: 1200 | CrossEntropy-loss: 0.11062 | Correct: 1229/1280
Epoch: 26 | Batch: 1300 | CrossEntropy-loss: 0.10911 | Correct: 1232/1280
Epoch: 26 | Batch: 1400 | CrossEntropy-loss: 0.12124 | Correct: 1222/1280
Epoch: 26 | Batch: 1500 | CrossEntropy-loss: 0.12551 | Correct: 1224/1280

Epoch: 26 | Testing Accuracy: 483773/504607 (95.871%) | Historical Best: 95.871%

Epoch: 27 | Batch: 000 | CrossEntropy-loss: 0.10713 | Correct: 1233/1280
Epoch: 27 | Batch: 100 | CrossEntropy-loss: 0.10290 | Correct: 1242/1280
Epoch: 27 | Batch: 200 | CrossEntropy-loss: 0.12113 | Correct: 1224/1280
Epoch: 27 | Batch: 300 | CrossEntropy-loss: 0.12863 | Correct: 1216/1280
Epoch: 27 | Batch: 400 | CrossEntropy-loss: 0.11058 | Correct: 1231/1280
Epoch: 27 | Batch: 500 | CrossEntropy-loss: 0.11126 | Correct: 1224/1280
Epoch: 27 | Batch: 600 | CrossEntropy-loss: 0.11901 | Correct: 1226/1280
Epoch: 27 | Batch: 700 | CrossEntropy-loss: 0.13639 | Correct: 1216/1280
Epoch: 27 | Batch: 800 | CrossEntropy-loss: 0.11770 | Correct: 1228/1280
Epoch: 27 | Batch: 900 | CrossEntropy-loss: 0.12107 | Correct: 1225/1280
Epoch: 27 | Batch: 1000 | CrossEntropy-loss: 0.13045 | Correct: 1220/1280
Epoch: 27 | Batch: 1100 | CrossEntropy-loss: 0.11967 | Correct: 1231/1280
Epoch: 27 | Batch: 1200 | CrossEntropy-loss: 0.11248 | Correct: 1233/1280
Epoch: 27 | Batch: 1300 | CrossEntropy-loss: 0.11815 | Correct: 1227/1280
Epoch: 27 | Batch: 1400 | CrossEntropy-loss: 0.11328 | Correct: 1235/1280
Epoch: 27 | Batch: 1500 | CrossEntropy-loss: 0.12740 | Correct: 1221/1280

Epoch: 27 | Testing Accuracy: 483651/504607 (95.847%) | Historical Best: 95.871%

Epoch: 28 | Batch: 000 | CrossEntropy-loss: 0.12265 | Correct: 1227/1280
Epoch: 28 | Batch: 100 | CrossEntropy-loss: 0.09903 | Correct: 1239/1280
Epoch: 28 | Batch: 200 | CrossEntropy-loss: 0.11480 | Correct: 1220/1280
Epoch: 28 | Batch: 300 | CrossEntropy-loss: 0.11022 | Correct: 1224/1280
Epoch: 28 | Batch: 400 | CrossEntropy-loss: 0.10591 | Correct: 1225/1280
Epoch: 28 | Batch: 500 | CrossEntropy-loss: 0.11221 | Correct: 1223/1280
Epoch: 28 | Batch: 600 | CrossEntropy-loss: 0.11666 | Correct: 1225/1280
Epoch: 28 | Batch: 700 | CrossEntropy-loss: 0.11417 | Correct: 1222/1280
Epoch: 28 | Batch: 800 | CrossEntropy-loss: 0.11026 | Correct: 1234/1280
Epoch: 28 | Batch: 900 | CrossEntropy-loss: 0.12560 | Correct: 1225/1280
Epoch: 28 | Batch: 1000 | CrossEntropy-loss: 0.11152 | Correct: 1224/1280
Epoch: 28 | Batch: 1100 | CrossEntropy-loss: 0.10328 | Correct: 1245/1280
Epoch: 28 | Batch: 1200 | CrossEntropy-loss: 0.11735 | Correct: 1217/1280
Epoch: 28 | Batch: 1300 | CrossEntropy-loss: 0.10863 | Correct: 1230/1280
Epoch: 28 | Batch: 1400 | CrossEntropy-loss: 0.10258 | Correct: 1236/1280
Epoch: 28 | Batch: 1500 | CrossEntropy-loss: 0.11639 | Correct: 1227/1280

Epoch: 28 | Testing Accuracy: 484302/504607 (95.976%) | Historical Best: 95.976%

Epoch: 29 | Batch: 000 | CrossEntropy-loss: 0.12026 | Correct: 1226/1280
Epoch: 29 | Batch: 100 | CrossEntropy-loss: 0.11009 | Correct: 1223/1280
Epoch: 29 | Batch: 200 | CrossEntropy-loss: 0.10597 | Correct: 1234/1280
Epoch: 29 | Batch: 300 | CrossEntropy-loss: 0.12541 | Correct: 1221/1280
Epoch: 29 | Batch: 400 | CrossEntropy-loss: 0.11827 | Correct: 1229/1280
Epoch: 29 | Batch: 500 | CrossEntropy-loss: 0.10338 | Correct: 1243/1280
Epoch: 29 | Batch: 600 | CrossEntropy-loss: 0.11537 | Correct: 1229/1280
Epoch: 29 | Batch: 700 | CrossEntropy-loss: 0.12597 | Correct: 1224/1280
Epoch: 29 | Batch: 800 | CrossEntropy-loss: 0.10367 | Correct: 1231/1280
Epoch: 29 | Batch: 900 | CrossEntropy-loss: 0.11624 | Correct: 1225/1280
Epoch: 29 | Batch: 1000 | CrossEntropy-loss: 0.13626 | Correct: 1215/1280
Epoch: 29 | Batch: 1100 | CrossEntropy-loss: 0.10817 | Correct: 1238/1280
Epoch: 29 | Batch: 1200 | CrossEntropy-loss: 0.12203 | Correct: 1218/1280
Epoch: 29 | Batch: 1300 | CrossEntropy-loss: 0.11426 | Correct: 1227/1280
Epoch: 29 | Batch: 1400 | CrossEntropy-loss: 0.12960 | Correct: 1210/1280
Epoch: 29 | Batch: 1500 | CrossEntropy-loss: 0.12307 | Correct: 1215/1280

Epoch: 29 | Testing Accuracy: 484725/504607 (96.060%) | Historical Best: 96.060%

Epoch: 30 | Batch: 000 | CrossEntropy-loss: 0.12457 | Correct: 1224/1280
Epoch: 30 | Batch: 100 | CrossEntropy-loss: 0.13117 | Correct: 1219/1280
Epoch: 30 | Batch: 200 | CrossEntropy-loss: 0.12988 | Correct: 1216/1280
Epoch: 30 | Batch: 300 | CrossEntropy-loss: 0.10482 | Correct: 1241/1280
Epoch: 30 | Batch: 400 | CrossEntropy-loss: 0.12385 | Correct: 1222/1280
Epoch: 30 | Batch: 500 | CrossEntropy-loss: 0.11868 | Correct: 1225/1280
Epoch: 30 | Batch: 600 | CrossEntropy-loss: 0.11704 | Correct: 1220/1280
Epoch: 30 | Batch: 700 | CrossEntropy-loss: 0.11144 | Correct: 1232/1280
Epoch: 30 | Batch: 800 | CrossEntropy-loss: 0.11031 | Correct: 1235/1280
Epoch: 30 | Batch: 900 | CrossEntropy-loss: 0.10870 | Correct: 1229/1280
Epoch: 30 | Batch: 1000 | CrossEntropy-loss: 0.10420 | Correct: 1229/1280
Epoch: 30 | Batch: 1100 | CrossEntropy-loss: 0.11322 | Correct: 1221/1280
Epoch: 30 | Batch: 1200 | CrossEntropy-loss: 0.09987 | Correct: 1238/1280
Epoch: 30 | Batch: 1300 | CrossEntropy-loss: 0.11466 | Correct: 1233/1280
Epoch: 30 | Batch: 1400 | CrossEntropy-loss: 0.09695 | Correct: 1234/1280
Epoch: 30 | Batch: 1500 | CrossEntropy-loss: 0.11292 | Correct: 1234/1280

Epoch: 30 | Testing Accuracy: 484441/504607 (96.004%) | Historical Best: 96.060%

Epoch: 31 | Batch: 000 | CrossEntropy-loss: 0.10796 | Correct: 1222/1280
Epoch: 31 | Batch: 100 | CrossEntropy-loss: 0.11819 | Correct: 1229/1280
Epoch: 31 | Batch: 200 | CrossEntropy-loss: 0.10458 | Correct: 1236/1280
Epoch: 31 | Batch: 300 | CrossEntropy-loss: 0.10438 | Correct: 1229/1280
Epoch: 31 | Batch: 400 | CrossEntropy-loss: 0.10886 | Correct: 1225/1280
Epoch: 31 | Batch: 500 | CrossEntropy-loss: 0.12132 | Correct: 1229/1280
Epoch: 31 | Batch: 600 | CrossEntropy-loss: 0.11427 | Correct: 1232/1280
Epoch: 31 | Batch: 700 | CrossEntropy-loss: 0.09962 | Correct: 1236/1280
Epoch: 31 | Batch: 800 | CrossEntropy-loss: 0.10677 | Correct: 1240/1280
Epoch: 31 | Batch: 900 | CrossEntropy-loss: 0.11173 | Correct: 1227/1280
Epoch: 31 | Batch: 1000 | CrossEntropy-loss: 0.09271 | Correct: 1234/1280
Epoch: 31 | Batch: 1100 | CrossEntropy-loss: 0.13136 | Correct: 1212/1280
Epoch: 31 | Batch: 1200 | CrossEntropy-loss: 0.10292 | Correct: 1234/1280
Epoch: 31 | Batch: 1300 | CrossEntropy-loss: 0.10561 | Correct: 1237/1280
Epoch: 31 | Batch: 1400 | CrossEntropy-loss: 0.10173 | Correct: 1231/1280
Epoch: 31 | Batch: 1500 | CrossEntropy-loss: 0.12187 | Correct: 1223/1280

Epoch: 31 | Testing Accuracy: 485011/504607 (96.117%) | Historical Best: 96.117%

Epoch: 32 | Batch: 000 | CrossEntropy-loss: 0.12111 | Correct: 1217/1280
Epoch: 32 | Batch: 100 | CrossEntropy-loss: 0.11359 | Correct: 1235/1280
Epoch: 32 | Batch: 200 | CrossEntropy-loss: 0.09579 | Correct: 1242/1280
Epoch: 32 | Batch: 300 | CrossEntropy-loss: 0.10157 | Correct: 1244/1280
Epoch: 32 | Batch: 400 | CrossEntropy-loss: 0.10625 | Correct: 1229/1280
Epoch: 32 | Batch: 500 | CrossEntropy-loss: 0.10553 | Correct: 1224/1280
Epoch: 32 | Batch: 600 | CrossEntropy-loss: 0.10654 | Correct: 1230/1280
Epoch: 32 | Batch: 700 | CrossEntropy-loss: 0.10266 | Correct: 1231/1280
Epoch: 32 | Batch: 800 | CrossEntropy-loss: 0.09817 | Correct: 1228/1280
Epoch: 32 | Batch: 900 | CrossEntropy-loss: 0.10339 | Correct: 1241/1280
Epoch: 32 | Batch: 1000 | CrossEntropy-loss: 0.10928 | Correct: 1231/1280
Epoch: 32 | Batch: 1100 | CrossEntropy-loss: 0.10779 | Correct: 1231/1280
Epoch: 32 | Batch: 1200 | CrossEntropy-loss: 0.09482 | Correct: 1235/1280
Epoch: 32 | Batch: 1300 | CrossEntropy-loss: 0.09823 | Correct: 1237/1280
Epoch: 32 | Batch: 1400 | CrossEntropy-loss: 0.12273 | Correct: 1223/1280
Epoch: 32 | Batch: 1500 | CrossEntropy-loss: 0.09838 | Correct: 1236/1280

Epoch: 32 | Testing Accuracy: 485204/504607 (96.155%) | Historical Best: 96.155%

Epoch: 33 | Batch: 000 | CrossEntropy-loss: 0.11334 | Correct: 1223/1280
Epoch: 33 | Batch: 100 | CrossEntropy-loss: 0.10002 | Correct: 1239/1280
Epoch: 33 | Batch: 200 | CrossEntropy-loss: 0.10902 | Correct: 1236/1280
Epoch: 33 | Batch: 300 | CrossEntropy-loss: 0.10811 | Correct: 1228/1280
Epoch: 33 | Batch: 400 | CrossEntropy-loss: 0.10291 | Correct: 1227/1280
Epoch: 33 | Batch: 500 | CrossEntropy-loss: 0.12918 | Correct: 1220/1280
Epoch: 33 | Batch: 600 | CrossEntropy-loss: 0.09985 | Correct: 1238/1280
Epoch: 33 | Batch: 700 | CrossEntropy-loss: 0.10748 | Correct: 1224/1280
Epoch: 33 | Batch: 800 | CrossEntropy-loss: 0.11485 | Correct: 1229/1280
Epoch: 33 | Batch: 900 | CrossEntropy-loss: 0.11881 | Correct: 1219/1280
Epoch: 33 | Batch: 1000 | CrossEntropy-loss: 0.12891 | Correct: 1213/1280
Epoch: 33 | Batch: 1100 | CrossEntropy-loss: 0.09532 | Correct: 1237/1280
Epoch: 33 | Batch: 1200 | CrossEntropy-loss: 0.10169 | Correct: 1236/1280
Epoch: 33 | Batch: 1300 | CrossEntropy-loss: 0.10882 | Correct: 1230/1280
Epoch: 33 | Batch: 1400 | CrossEntropy-loss: 0.10693 | Correct: 1229/1280
Epoch: 33 | Batch: 1500 | CrossEntropy-loss: 0.12010 | Correct: 1228/1280

Epoch: 33 | Testing Accuracy: 484919/504607 (96.098%) | Historical Best: 96.155%

Epoch: 34 | Batch: 000 | CrossEntropy-loss: 0.10495 | Correct: 1232/1280
Epoch: 34 | Batch: 100 | CrossEntropy-loss: 0.11423 | Correct: 1217/1280
Epoch: 34 | Batch: 200 | CrossEntropy-loss: 0.11125 | Correct: 1224/1280
Epoch: 34 | Batch: 300 | CrossEntropy-loss: 0.11742 | Correct: 1233/1280
Epoch: 34 | Batch: 400 | CrossEntropy-loss: 0.10451 | Correct: 1226/1280
Epoch: 34 | Batch: 500 | CrossEntropy-loss: 0.11437 | Correct: 1230/1280
Epoch: 34 | Batch: 600 | CrossEntropy-loss: 0.10833 | Correct: 1225/1280
Epoch: 34 | Batch: 700 | CrossEntropy-loss: 0.10787 | Correct: 1229/1280
Epoch: 34 | Batch: 800 | CrossEntropy-loss: 0.08860 | Correct: 1242/1280
Epoch: 34 | Batch: 900 | CrossEntropy-loss: 0.10778 | Correct: 1229/1280
Epoch: 34 | Batch: 1000 | CrossEntropy-loss: 0.11146 | Correct: 1227/1280
Epoch: 34 | Batch: 1100 | CrossEntropy-loss: 0.09940 | Correct: 1235/1280
Epoch: 34 | Batch: 1200 | CrossEntropy-loss: 0.09853 | Correct: 1235/1280
Epoch: 34 | Batch: 1300 | CrossEntropy-loss: 0.09671 | Correct: 1232/1280
Epoch: 34 | Batch: 1400 | CrossEntropy-loss: 0.10614 | Correct: 1228/1280
Epoch: 34 | Batch: 1500 | CrossEntropy-loss: 0.10441 | Correct: 1229/1280

Epoch: 34 | Testing Accuracy: 485154/504607 (96.145%) | Historical Best: 96.155%

Epoch: 35 | Batch: 000 | CrossEntropy-loss: 0.10725 | Correct: 1224/1280
Epoch: 35 | Batch: 100 | CrossEntropy-loss: 0.11949 | Correct: 1220/1280
Epoch: 35 | Batch: 200 | CrossEntropy-loss: 0.12000 | Correct: 1218/1280
Epoch: 35 | Batch: 300 | CrossEntropy-loss: 0.09544 | Correct: 1231/1280
Epoch: 35 | Batch: 400 | CrossEntropy-loss: 0.09210 | Correct: 1235/1280
Epoch: 35 | Batch: 500 | CrossEntropy-loss: 0.10222 | Correct: 1225/1280
Epoch: 35 | Batch: 600 | CrossEntropy-loss: 0.10629 | Correct: 1221/1280
Epoch: 35 | Batch: 700 | CrossEntropy-loss: 0.08466 | Correct: 1240/1280
Epoch: 35 | Batch: 800 | CrossEntropy-loss: 0.09312 | Correct: 1240/1280
Epoch: 35 | Batch: 900 | CrossEntropy-loss: 0.11422 | Correct: 1220/1280
Epoch: 35 | Batch: 1000 | CrossEntropy-loss: 0.09036 | Correct: 1247/1280
Epoch: 35 | Batch: 1100 | CrossEntropy-loss: 0.10503 | Correct: 1225/1280
Epoch: 35 | Batch: 1200 | CrossEntropy-loss: 0.10211 | Correct: 1232/1280
Epoch: 35 | Batch: 1300 | CrossEntropy-loss: 0.09221 | Correct: 1244/1280
Epoch: 35 | Batch: 1400 | CrossEntropy-loss: 0.09627 | Correct: 1238/1280
Epoch: 35 | Batch: 1500 | CrossEntropy-loss: 0.10644 | Correct: 1230/1280

Epoch: 35 | Testing Accuracy: 485481/504607 (96.210%) | Historical Best: 96.210%

Epoch: 36 | Batch: 000 | CrossEntropy-loss: 0.11943 | Correct: 1223/1280
Epoch: 36 | Batch: 100 | CrossEntropy-loss: 0.08794 | Correct: 1234/1280
Epoch: 36 | Batch: 200 | CrossEntropy-loss: 0.10371 | Correct: 1231/1280
Epoch: 36 | Batch: 300 | CrossEntropy-loss: 0.08825 | Correct: 1241/1280
Epoch: 36 | Batch: 400 | CrossEntropy-loss: 0.10973 | Correct: 1227/1280
Epoch: 36 | Batch: 500 | CrossEntropy-loss: 0.09308 | Correct: 1239/1280
Epoch: 36 | Batch: 600 | CrossEntropy-loss: 0.08654 | Correct: 1245/1280
Epoch: 36 | Batch: 700 | CrossEntropy-loss: 0.09919 | Correct: 1232/1280
Epoch: 36 | Batch: 800 | CrossEntropy-loss: 0.10218 | Correct: 1229/1280
Epoch: 36 | Batch: 900 | CrossEntropy-loss: 0.10112 | Correct: 1229/1280
Epoch: 36 | Batch: 1000 | CrossEntropy-loss: 0.10377 | Correct: 1230/1280
Epoch: 36 | Batch: 1100 | CrossEntropy-loss: 0.10602 | Correct: 1230/1280
Epoch: 36 | Batch: 1200 | CrossEntropy-loss: 0.10008 | Correct: 1230/1280
Epoch: 36 | Batch: 1300 | CrossEntropy-loss: 0.09362 | Correct: 1240/1280
Epoch: 36 | Batch: 1400 | CrossEntropy-loss: 0.10090 | Correct: 1233/1280
Epoch: 36 | Batch: 1500 | CrossEntropy-loss: 0.09795 | Correct: 1228/1280

Epoch: 36 | Testing Accuracy: 486137/504607 (96.340%) | Historical Best: 96.340%

Epoch: 37 | Batch: 000 | CrossEntropy-loss: 0.09473 | Correct: 1230/1280
Epoch: 37 | Batch: 100 | CrossEntropy-loss: 0.09714 | Correct: 1231/1280
Epoch: 37 | Batch: 200 | CrossEntropy-loss: 0.08445 | Correct: 1244/1280
Epoch: 37 | Batch: 300 | CrossEntropy-loss: 0.11405 | Correct: 1221/1280
Epoch: 37 | Batch: 400 | CrossEntropy-loss: 0.09714 | Correct: 1240/1280
Epoch: 37 | Batch: 500 | CrossEntropy-loss: 0.09958 | Correct: 1227/1280
Epoch: 37 | Batch: 600 | CrossEntropy-loss: 0.09209 | Correct: 1238/1280
Epoch: 37 | Batch: 700 | CrossEntropy-loss: 0.08763 | Correct: 1242/1280
Epoch: 37 | Batch: 800 | CrossEntropy-loss: 0.10145 | Correct: 1226/1280
Epoch: 37 | Batch: 900 | CrossEntropy-loss: 0.08926 | Correct: 1241/1280
Epoch: 37 | Batch: 1000 | CrossEntropy-loss: 0.09643 | Correct: 1245/1280
Epoch: 37 | Batch: 1100 | CrossEntropy-loss: 0.10280 | Correct: 1234/1280
Epoch: 37 | Batch: 1200 | CrossEntropy-loss: 0.09700 | Correct: 1237/1280
Epoch: 37 | Batch: 1300 | CrossEntropy-loss: 0.08724 | Correct: 1242/1280
Epoch: 37 | Batch: 1400 | CrossEntropy-loss: 0.10087 | Correct: 1231/1280
Epoch: 37 | Batch: 1500 | CrossEntropy-loss: 0.09209 | Correct: 1244/1280

Epoch: 37 | Testing Accuracy: 485839/504607 (96.281%) | Historical Best: 96.340%

Epoch: 38 | Batch: 000 | CrossEntropy-loss: 0.10818 | Correct: 1218/1280
Epoch: 38 | Batch: 100 | CrossEntropy-loss: 0.09215 | Correct: 1236/1280
Epoch: 38 | Batch: 200 | CrossEntropy-loss: 0.09387 | Correct: 1234/1280
Epoch: 38 | Batch: 300 | CrossEntropy-loss: 0.09206 | Correct: 1235/1280
Epoch: 38 | Batch: 400 | CrossEntropy-loss: 0.09737 | Correct: 1232/1280
Epoch: 38 | Batch: 500 | CrossEntropy-loss: 0.10376 | Correct: 1231/1280
Epoch: 38 | Batch: 600 | CrossEntropy-loss: 0.09766 | Correct: 1235/1280
Epoch: 38 | Batch: 700 | CrossEntropy-loss: 0.09786 | Correct: 1226/1280
Epoch: 38 | Batch: 800 | CrossEntropy-loss: 0.11400 | Correct: 1219/1280
Epoch: 38 | Batch: 900 | CrossEntropy-loss: 0.10027 | Correct: 1235/1280
Epoch: 38 | Batch: 1000 | CrossEntropy-loss: 0.10115 | Correct: 1235/1280
Epoch: 38 | Batch: 1100 | CrossEntropy-loss: 0.08588 | Correct: 1242/1280
Epoch: 38 | Batch: 1200 | CrossEntropy-loss: 0.10791 | Correct: 1226/1280
Epoch: 38 | Batch: 1300 | CrossEntropy-loss: 0.09285 | Correct: 1235/1280
Epoch: 38 | Batch: 1400 | CrossEntropy-loss: 0.09247 | Correct: 1237/1280
Epoch: 38 | Batch: 1500 | CrossEntropy-loss: 0.09508 | Correct: 1240/1280

Epoch: 38 | Testing Accuracy: 486245/504607 (96.361%) | Historical Best: 96.361%

Epoch: 39 | Batch: 000 | CrossEntropy-loss: 0.09506 | Correct: 1233/1280
Epoch: 39 | Batch: 100 | CrossEntropy-loss: 0.09215 | Correct: 1247/1280
Epoch: 39 | Batch: 200 | CrossEntropy-loss: 0.09498 | Correct: 1239/1280
Epoch: 39 | Batch: 300 | CrossEntropy-loss: 0.09542 | Correct: 1233/1280
Epoch: 39 | Batch: 400 | CrossEntropy-loss: 0.09881 | Correct: 1231/1280
Epoch: 39 | Batch: 500 | CrossEntropy-loss: 0.10544 | Correct: 1228/1280
Epoch: 39 | Batch: 600 | CrossEntropy-loss: 0.11108 | Correct: 1221/1280
Epoch: 39 | Batch: 700 | CrossEntropy-loss: 0.10819 | Correct: 1233/1280
Epoch: 39 | Batch: 800 | CrossEntropy-loss: 0.09705 | Correct: 1230/1280
Epoch: 39 | Batch: 900 | CrossEntropy-loss: 0.09799 | Correct: 1230/1280
Epoch: 39 | Batch: 1000 | CrossEntropy-loss: 0.10733 | Correct: 1224/1280
Epoch: 39 | Batch: 1100 | CrossEntropy-loss: 0.09771 | Correct: 1232/1280
Epoch: 39 | Batch: 1200 | CrossEntropy-loss: 0.08458 | Correct: 1240/1280
Epoch: 39 | Batch: 1300 | CrossEntropy-loss: 0.09310 | Correct: 1237/1280
Epoch: 39 | Batch: 1400 | CrossEntropy-loss: 0.09856 | Correct: 1242/1280
Epoch: 39 | Batch: 1500 | CrossEntropy-loss: 0.09963 | Correct: 1226/1280

Epoch: 39 | Testing Accuracy: 486487/504607 (96.409%) | Historical Best: 96.409%

Epoch: 40 | Batch: 000 | CrossEntropy-loss: 0.09785 | Correct: 1237/1280
Epoch: 40 | Batch: 100 | CrossEntropy-loss: 0.09861 | Correct: 1238/1280
Epoch: 40 | Batch: 200 | CrossEntropy-loss: 0.07865 | Correct: 1253/1280
Epoch: 40 | Batch: 300 | CrossEntropy-loss: 0.10042 | Correct: 1225/1280
Epoch: 40 | Batch: 400 | CrossEntropy-loss: 0.08715 | Correct: 1233/1280
Epoch: 40 | Batch: 500 | CrossEntropy-loss: 0.09816 | Correct: 1233/1280
Epoch: 40 | Batch: 600 | CrossEntropy-loss: 0.10629 | Correct: 1231/1280
Epoch: 40 | Batch: 700 | CrossEntropy-loss: 0.08538 | Correct: 1242/1280
Epoch: 40 | Batch: 800 | CrossEntropy-loss: 0.09529 | Correct: 1231/1280
Epoch: 40 | Batch: 900 | CrossEntropy-loss: 0.09194 | Correct: 1237/1280
Epoch: 40 | Batch: 1000 | CrossEntropy-loss: 0.09808 | Correct: 1230/1280
Epoch: 40 | Batch: 1100 | CrossEntropy-loss: 0.09452 | Correct: 1242/1280
Epoch: 40 | Batch: 1200 | CrossEntropy-loss: 0.08561 | Correct: 1243/1280
Epoch: 40 | Batch: 1300 | CrossEntropy-loss: 0.09785 | Correct: 1229/1280
Epoch: 40 | Batch: 1400 | CrossEntropy-loss: 0.10036 | Correct: 1235/1280
Epoch: 40 | Batch: 1500 | CrossEntropy-loss: 0.10720 | Correct: 1221/1280

Epoch: 40 | Testing Accuracy: 486558/504607 (96.423%) | Historical Best: 96.423%

