compute002
6
/home/zihan/anaconda3/envs/exp/lib/python3.6/site-packages/gym/envs/registration.py:14: PkgResourcesDeprecationWarning: Parameters to load are deprecated.  Call .resolve and .require separately.
  result = entry_point.load(False)
8 4
# of episode :20, reward : -183.8, episode length: 112
# of episode :40, reward : -454.5, episode length: 125
# of episode :60, reward : -16.2, episode length: 77
# of episode :80, reward : -390.6, episode length: 113
# of episode :100, reward : -421.7, episode length: 108
# of episode :120, reward : -271.0, episode length: 87
# of episode :140, reward : 5.4, episode length: 82
# of episode :160, reward : -368.6, episode length: 109
# of episode :180, reward : -144.0, episode length: 120
# of episode :200, reward : -143.6, episode length: 93
# of episode :220, reward : -339.7, episode length: 132
# of episode :240, reward : -118.2, episode length: 81
# of episode :260, reward : -146.2, episode length: 76
# of episode :280, reward : -82.8, episode length: 76
# of episode :300, reward : -240.0, episode length: 160
# of episode :320, reward : -85.7, episode length: 87
# of episode :340, reward : -75.8, episode length: 81
# of episode :360, reward : -434.1, episode length: 95
# of episode :380, reward : -255.9, episode length: 109
# of episode :400, reward : -168.1, episode length: 84
# of episode :420, reward : -267.5, episode length: 96
# of episode :440, reward : -188.6, episode length: 101
# of episode :460, reward : -222.7, episode length: 115
# of episode :480, reward : -144.8, episode length: 135
# of episode :500, reward : -98.3, episode length: 74
# of episode :520, reward : -180.2, episode length: 97
# of episode :540, reward : -94.0, episode length: 130
# of episode :560, reward : -88.1, episode length: 59
# of episode :580, reward : -292.1, episode length: 157
# of episode :600, reward : -104.8, episode length: 85
# of episode :620, reward : -104.9, episode length: 88
# of episode :640, reward : -65.3, episode length: 75
# of episode :660, reward : -33.6, episode length: 128
# of episode :680, reward : -345.8, episode length: 153
# of episode :700, reward : -222.3, episode length: 84
# of episode :720, reward : -102.0, episode length: 85
# of episode :740, reward : -221.5, episode length: 102
# of episode :760, reward : -72.7, episode length: 82
# of episode :780, reward : -125.3, episode length: 169
# of episode :800, reward : -99.1, episode length: 74
# of episode :820, reward : -104.1, episode length: 70
# of episode :840, reward : -40.9, episode length: 111
# of episode :860, reward : -83.7, episode length: 78
# of episode :880, reward : -151.0, episode length: 116
# of episode :900, reward : -79.1, episode length: 76
# of episode :920, reward : -66.2, episode length: 95
# of episode :940, reward : -62.6, episode length: 86
# of episode :960, reward : -195.8, episode length: 136
# of episode :980, reward : -93.2, episode length: 66
# of episode :1000, reward : -104.8, episode length: 93
# of episode :1020, reward : -100.0, episode length: 179
# of episode :1040, reward : -117.3, episode length: 214
# of episode :1060, reward : -90.0, episode length: 140
# of episode :1080, reward : -8.5, episode length: 171
# of episode :1100, reward : -84.5, episode length: 169
# of episode :1120, reward : -49.1, episode length: 119
# of episode :1140, reward : -198.5, episode length: 142
# of episode :1160, reward : -18.9, episode length: 72
# of episode :1180, reward : -97.4, episode length: 215
# of episode :1200, reward : -78.2, episode length: 228
# of episode :1220, reward : -192.0, episode length: 127
# of episode :1240, reward : -93.0, episode length: 158
# of episode :1260, reward : -46.4, episode length: 76
# of episode :1280, reward : -70.1, episode length: 90
# of episode :1300, reward : -239.9, episode length: 118
# of episode :1320, reward : -38.1, episode length: 167
# of episode :1340, reward : -204.1, episode length: 117
# of episode :1360, reward : -96.1, episode length: 142
# of episode :1380, reward : -60.9, episode length: 103
# of episode :1400, reward : -66.2, episode length: 120
# of episode :1420, reward : -39.0, episode length: 195
# of episode :1440, reward : -108.4, episode length: 166
# of episode :1460, reward : -32.5, episode length: 88
# of episode :1480, reward : -34.4, episode length: 217
# of episode :1500, reward : -50.7, episode length: 115
# of episode :1520, reward : -91.9, episode length: 325
# of episode :1540, reward : -74.3, episode length: 124
# of episode :1560, reward : -73.9, episode length: 93
# of episode :1580, reward : -4.0, episode length: 152
# of episode :1600, reward : -171.7, episode length: 294
# of episode :1620, reward : -357.8, episode length: 624
# of episode :1640, reward : -295.6, episode length: 280
# of episode :1660, reward : -157.7, episode length: 316
# of episode :1680, reward : -335.4, episode length: 489
# of episode :1700, reward : -50.2, episode length: 92
# of episode :1720, reward : -203.5, episode length: 388
# of episode :1740, reward : -70.2, episode length: 88
# of episode :1760, reward : -221.4, episode length: 425
# of episode :1780, reward : -247.0, episode length: 716
# of episode :1800, reward : -278.7, episode length: 472
# of episode :1820, reward : -435.5, episode length: 430
# of episode :1840, reward : -210.2, episode length: 372
# of episode :1860, reward : -465.9, episode length: 514
# of episode :1880, reward : -357.8, episode length: 383
# of episode :1900, reward : -107.0, episode length: 332
# of episode :1920, reward : -24.6, episode length: 359
# of episode :1940, reward : -218.3, episode length: 593
# of episode :1960, reward : -229.8, episode length: 947
# of episode :1980, reward : -22.0, episode length: 1000
# of episode :2000, reward : 24.6, episode length: 1000
# of episode :2020, reward : -13.7, episode length: 213
# of episode :2040, reward : 10.9, episode length: 185
# of episode :2060, reward : -100.0, episode length: 516
# of episode :2080, reward : -254.5, episode length: 550
# of episode :2100, reward : -1.5, episode length: 275
# of episode :2120, reward : -339.3, episode length: 831
# of episode :2140, reward : -21.9, episode length: 1000
# of episode :2160, reward : -44.2, episode length: 269
# of episode :2180, reward : -114.6, episode length: 1000
# of episode :2200, reward : -122.7, episode length: 299
# of episode :2220, reward : -11.7, episode length: 1000
# of episode :2240, reward : -33.8, episode length: 412
# of episode :2260, reward : -132.4, episode length: 567
# of episode :2280, reward : 59.9, episode length: 1000
# of episode :2300, reward : 44.5, episode length: 1000
# of episode :2320, reward : -147.5, episode length: 364
# of episode :2340, reward : 22.3, episode length: 1000
# of episode :2360, reward : -251.8, episode length: 498
# of episode :2380, reward : -11.4, episode length: 301
# of episode :2400, reward : -8.6, episode length: 374
# of episode :2420, reward : 19.0, episode length: 1000
# of episode :2440, reward : 31.2, episode length: 1000
# of episode :2460, reward : 39.3, episode length: 1000
# of episode :2480, reward : -241.4, episode length: 540
# of episode :2500, reward : 111.3, episode length: 1000
# of episode :2520, reward : 94.0, episode length: 1000
# of episode :2540, reward : -25.6, episode length: 694
# of episode :2560, reward : 39.6, episode length: 1000
# of episode :2580, reward : 30.4, episode length: 1000
# of episode :2600, reward : -10.2, episode length: 405
# of episode :2620, reward : -13.8, episode length: 1000
# of episode :2640, reward : 77.6, episode length: 1000
# of episode :2660, reward : 85.0, episode length: 1000
# of episode :2680, reward : 73.0, episode length: 1000
# of episode :2700, reward : 60.1, episode length: 1000
# of episode :2720, reward : -3.1, episode length: 1000
# of episode :2740, reward : 30.8, episode length: 1000
# of episode :2760, reward : -53.4, episode length: 444
# of episode :2780, reward : 39.1, episode length: 1000
# of episode :2800, reward : 72.1, episode length: 1000
# of episode :2820, reward : 82.7, episode length: 1000
# of episode :2840, reward : 89.1, episode length: 1000
# of episode :2860, reward : 59.8, episode length: 1000
# of episode :2880, reward : 64.6, episode length: 1000
# of episode :2900, reward : 81.6, episode length: 1000
# of episode :2920, reward : 11.5, episode length: 1000
# of episode :2940, reward : 41.1, episode length: 1000
# of episode :2960, reward : -34.2, episode length: 517
# of episode :2980, reward : 89.3, episode length: 1000
# of episode :3000, reward : 68.0, episode length: 1000
# of episode :3020, reward : 87.0, episode length: 1000
# of episode :3040, reward : -19.7, episode length: 382
# of episode :3060, reward : 135.3, episode length: 1000
# of episode :3080, reward : 91.5, episode length: 1000
# of episode :3100, reward : 209.9, episode length: 856
# of episode :3120, reward : 60.3, episode length: 1000
# of episode :3140, reward : 101.9, episode length: 1000
# of episode :3160, reward : -61.5, episode length: 1000
# of episode :3180, reward : 78.1, episode length: 1000
# of episode :3200, reward : 144.2, episode length: 614
# of episode :3220, reward : 163.5, episode length: 535
# of episode :3240, reward : -32.2, episode length: 308
# of episode :3260, reward : 93.7, episode length: 1000
# of episode :3280, reward : 180.7, episode length: 379
# of episode :3300, reward : 102.7, episode length: 1000
# of episode :3320, reward : 94.4, episode length: 1000
# of episode :3340, reward : 60.6, episode length: 1000
# of episode :3360, reward : 51.6, episode length: 1000
# of episode :3380, reward : 46.2, episode length: 1000
# of episode :3400, reward : -208.5, episode length: 604
# of episode :3420, reward : 198.0, episode length: 542
# of episode :3440, reward : 76.6, episode length: 1000
# of episode :3460, reward : 195.8, episode length: 478
# of episode :3480, reward : 96.7, episode length: 1000
# of episode :3500, reward : 108.0, episode length: 1000
# of episode :3520, reward : 120.6, episode length: 1000
# of episode :3540, reward : 177.4, episode length: 562
# of episode :3560, reward : 192.7, episode length: 553
# of episode :3580, reward : 202.9, episode length: 375
# of episode :3600, reward : 65.7, episode length: 1000
# of episode :3620, reward : 101.5, episode length: 1000
# of episode :3640, reward : 93.2, episode length: 1000
# of episode :3660, reward : 203.5, episode length: 374
# of episode :3680, reward : 85.7, episode length: 1000
# of episode :3700, reward : 121.1, episode length: 1000
# of episode :3720, reward : 72.2, episode length: 1000
# of episode :3740, reward : 89.9, episode length: 1000
# of episode :3760, reward : 103.3, episode length: 1000
# of episode :3780, reward : -23.4, episode length: 276
# of episode :3800, reward : 58.2, episode length: 1000
# of episode :3820, reward : 118.0, episode length: 1000
# of episode :3840, reward : 156.6, episode length: 452
# of episode :3860, reward : -40.8, episode length: 395
# of episode :3880, reward : 108.2, episode length: 1000
# of episode :3900, reward : 88.5, episode length: 1000
# of episode :3920, reward : 198.5, episode length: 458
# of episode :3940, reward : 170.7, episode length: 694
# of episode :3960, reward : 185.4, episode length: 537
# of episode :3980, reward : 188.5, episode length: 495
# of episode :4000, reward : 98.0, episode length: 1000
# of episode :4020, reward : 86.9, episode length: 1000
# of episode :4040, reward : 99.2, episode length: 1000
# of episode :4060, reward : 100.1, episode length: 1000
# of episode :4080, reward : 87.1, episode length: 1000
# of episode :4100, reward : 115.9, episode length: 1000
# of episode :4120, reward : 108.3, episode length: 1000
# of episode :4140, reward : 113.0, episode length: 1000
# of episode :4160, reward : 119.1, episode length: 1000
# of episode :4180, reward : 196.5, episode length: 393
# of episode :4200, reward : 123.7, episode length: 1000
# of episode :4220, reward : 99.3, episode length: 1000
# of episode :4240, reward : 103.9, episode length: 1000
# of episode :4260, reward : 204.4, episode length: 438
# of episode :4280, reward : 108.2, episode length: 1000
# of episode :4300, reward : 82.5, episode length: 1000
# of episode :4320, reward : 120.0, episode length: 1000
# of episode :4340, reward : 184.3, episode length: 537
# of episode :4360, reward : 96.4, episode length: 1000
# of episode :4380, reward : 114.3, episode length: 1000
# of episode :4400, reward : 98.5, episode length: 1000
# of episode :4420, reward : 102.3, episode length: 1000
# of episode :4440, reward : 175.6, episode length: 693
# of episode :4460, reward : 110.2, episode length: 1000
# of episode :4480, reward : 204.2, episode length: 433
# of episode :4500, reward : 103.9, episode length: 1000
# of episode :4520, reward : 51.2, episode length: 199
# of episode :4540, reward : -90.4, episode length: 399
# of episode :4560, reward : 86.0, episode length: 1000
# of episode :4580, reward : 223.8, episode length: 284
# of episode :4600, reward : 95.8, episode length: 1000
# of episode :4620, reward : 162.6, episode length: 376
# of episode :4640, reward : 105.5, episode length: 1000
# of episode :4660, reward : 218.6, episode length: 191
# of episode :4680, reward : 124.6, episode length: 1000
# of episode :4700, reward : 24.2, episode length: 221
# of episode :4720, reward : 197.6, episode length: 292
# of episode :4740, reward : 240.6, episode length: 355
# of episode :4760, reward : 232.0, episode length: 348
# of episode :4780, reward : 102.8, episode length: 1000
# of episode :4800, reward : 163.0, episode length: 482
# of episode :4820, reward : 131.9, episode length: 1000
# of episode :4840, reward : 115.1, episode length: 1000
# of episode :4860, reward : 176.7, episode length: 438
# of episode :4880, reward : 203.9, episode length: 361
# of episode :4900, reward : 122.9, episode length: 1000
# of episode :4920, reward : 190.1, episode length: 618
# of episode :4940, reward : 121.0, episode length: 1000
# of episode :4960, reward : 131.1, episode length: 1000
# of episode :4980, reward : 239.1, episode length: 462
/home/zihan/anaconda3/envs/exp/lib/python3.6/site-packages/gym/envs/registration.py:14: PkgResourcesDeprecationWarning: Parameters to load are deprecated.  Call .resolve and .require separately.
  result = entry_point.load(False)
8 4
# of episode :20, reward : -87.6, episode length: 88
# of episode :40, reward : -203.4, episode length: 59
# of episode :60, reward : -490.9, episode length: 91
# of episode :80, reward : -86.0, episode length: 67
# of episode :100, reward : -355.9, episode length: 89
# of episode :120, reward : -109.2, episode length: 98
# of episode :140, reward : -143.8, episode length: 90
# of episode :160, reward : -119.9, episode length: 100
# of episode :180, reward : -227.2, episode length: 131
# of episode :200, reward : -63.8, episode length: 71
# of episode :220, reward : -169.5, episode length: 169
# of episode :240, reward : -110.0, episode length: 81
# of episode :260, reward : -115.5, episode length: 98
# of episode :280, reward : -147.9, episode length: 78
# of episode :300, reward : -106.9, episode length: 110
# of episode :320, reward : -306.0, episode length: 87
# of episode :340, reward : -261.5, episode length: 133
# of episode :360, reward : -108.3, episode length: 112
# of episode :380, reward : -213.0, episode length: 137
# of episode :400, reward : -66.7, episode length: 86
# of episode :420, reward : -104.3, episode length: 76
# of episode :440, reward : -174.7, episode length: 109
# of episode :460, reward : -229.3, episode length: 91
# of episode :480, reward : -78.1, episode length: 97
# of episode :500, reward : -45.8, episode length: 135
# of episode :520, reward : -73.1, episode length: 80
# of episode :540, reward : -317.0, episode length: 171
# of episode :560, reward : -43.5, episode length: 154
# of episode :580, reward : -280.2, episode length: 198
# of episode :600, reward : -239.5, episode length: 203
# of episode :620, reward : -301.6, episode length: 164
# of episode :640, reward : -353.4, episode length: 124
# of episode :660, reward : -230.3, episode length: 133
# of episode :680, reward : -89.2, episode length: 155
# of episode :700, reward : -121.9, episode length: 158
# of episode :720, reward : -93.1, episode length: 94
# of episode :740, reward : -197.0, episode length: 139
# of episode :760, reward : -103.4, episode length: 101
# of episode :780, reward : -63.8, episode length: 216
# of episode :800, reward : -93.5, episode length: 132
# of episode :820, reward : -51.9, episode length: 90
# of episode :840, reward : -43.8, episode length: 91
# of episode :860, reward : -189.6, episode length: 154
# of episode :880, reward : -53.0, episode length: 108
# of episode :900, reward : -91.6, episode length: 134
# of episode :920, reward : -61.6, episode length: 77
# of episode :940, reward : -50.7, episode length: 183
# of episode :960, reward : -14.6, episode length: 116
# of episode :980, reward : -73.5, episode length: 110
# of episode :1000, reward : 18.5, episode length: 122
# of episode :1020, reward : -24.1, episode length: 114
# of episode :1040, reward : -99.6, episode length: 187
# of episode :1060, reward : -81.9, episode length: 105
# of episode :1080, reward : -1.0, episode length: 130
# of episode :1100, reward : -305.5, episode length: 286
# of episode :1120, reward : -32.7, episode length: 236
# of episode :1140, reward : -0.4, episode length: 133
# of episode :1160, reward : 31.6, episode length: 115
# of episode :1180, reward : -169.8, episode length: 373
# of episode :1200, reward : -49.8, episode length: 238
# of episode :1220, reward : -205.4, episode length: 141
# of episode :1240, reward : -134.1, episode length: 519
# of episode :1260, reward : -30.6, episode length: 136
# of episode :1280, reward : -26.5, episode length: 205
# of episode :1300, reward : -229.0, episode length: 688
# of episode :1320, reward : -36.0, episode length: 116
# of episode :1340, reward : 26.1, episode length: 126
# of episode :1360, reward : -180.3, episode length: 725
# of episode :1380, reward : -110.5, episode length: 144
# of episode :1400, reward : 16.1, episode length: 180
# of episode :1420, reward : -129.3, episode length: 1000
# of episode :1440, reward : -77.3, episode length: 470
# of episode :1460, reward : -43.7, episode length: 221
# of episode :1480, reward : -6.9, episode length: 155
# of episode :1500, reward : -94.9, episode length: 193
# of episode :1520, reward : -296.5, episode length: 834
# of episode :1540, reward : -128.4, episode length: 197
# of episode :1560, reward : -103.2, episode length: 1000
# of episode :1580, reward : -269.1, episode length: 270
# of episode :1600, reward : -99.2, episode length: 332
# of episode :1620, reward : -194.3, episode length: 534
# of episode :1640, reward : -93.8, episode length: 250
# of episode :1660, reward : -51.5, episode length: 266
# of episode :1680, reward : -106.4, episode length: 588
# of episode :1700, reward : -21.1, episode length: 1000
# of episode :1720, reward : -102.9, episode length: 1000
# of episode :1740, reward : -449.8, episode length: 989
# of episode :1760, reward : 4.3, episode length: 139
# of episode :1780, reward : -32.3, episode length: 1000
# of episode :1800, reward : -292.7, episode length: 380
# of episode :1820, reward : -83.9, episode length: 278
# of episode :1840, reward : -9.0, episode length: 1000
# of episode :1860, reward : 6.4, episode length: 1000
# of episode :1880, reward : -77.9, episode length: 1000
# of episode :1900, reward : -103.8, episode length: 1000
# of episode :1920, reward : -243.4, episode length: 260
# of episode :1940, reward : -65.4, episode length: 449
# of episode :1960, reward : 12.4, episode length: 1000
# of episode :1980, reward : -274.6, episode length: 763
# of episode :2000, reward : -58.4, episode length: 1000
# of episode :2020, reward : -234.3, episode length: 549
# of episode :2040, reward : -46.4, episode length: 1000
# of episode :2060, reward : -60.1, episode length: 1000
# of episode :2080, reward : -47.5, episode length: 1000
# of episode :2100, reward : -81.1, episode length: 1000
# of episode :2120, reward : -35.0, episode length: 1000
# of episode :2140, reward : -9.0, episode length: 172
# of episode :2160, reward : -3.0, episode length: 1000
# of episode :2180, reward : 32.0, episode length: 1000
# of episode :2200, reward : 24.7, episode length: 1000
# of episode :2220, reward : -88.4, episode length: 233
# of episode :2240, reward : -20.9, episode length: 1000
# of episode :2260, reward : -27.9, episode length: 353
# of episode :2280, reward : 26.5, episode length: 1000
# of episode :2300, reward : -14.1, episode length: 1000
# of episode :2320, reward : 18.1, episode length: 1000
# of episode :2340, reward : 77.2, episode length: 1000
# of episode :2360, reward : -17.4, episode length: 1000
# of episode :2380, reward : 26.2, episode length: 1000
# of episode :2400, reward : -41.9, episode length: 1000
# of episode :2420, reward : 9.0, episode length: 1000
# of episode :2440, reward : 72.4, episode length: 1000
# of episode :2460, reward : 7.7, episode length: 1000
# of episode :2480, reward : 84.8, episode length: 1000
# of episode :2500, reward : 47.1, episode length: 1000
# of episode :2520, reward : -34.0, episode length: 294
# of episode :2540, reward : 38.0, episode length: 1000
# of episode :2560, reward : 92.9, episode length: 1000
# of episode :2580, reward : 44.2, episode length: 1000
# of episode :2600, reward : 76.3, episode length: 1000
# of episode :2620, reward : 85.4, episode length: 1000
# of episode :2640, reward : 56.8, episode length: 1000
# of episode :2660, reward : -1.8, episode length: 315
# of episode :2680, reward : -179.1, episode length: 827
# of episode :2700, reward : 75.9, episode length: 1000
# of episode :2720, reward : 44.5, episode length: 1000
# of episode :2740, reward : -11.6, episode length: 1000
# of episode :2760, reward : 76.2, episode length: 1000
# of episode :2780, reward : 73.7, episode length: 1000
# of episode :2800, reward : 72.9, episode length: 1000
# of episode :2820, reward : 91.3, episode length: 1000
# of episode :2840, reward : 70.1, episode length: 1000
# of episode :2860, reward : 144.5, episode length: 808
# of episode :2880, reward : 80.7, episode length: 1000
# of episode :2900, reward : 48.5, episode length: 1000
# of episode :2920, reward : 77.7, episode length: 1000
# of episode :2940, reward : 76.6, episode length: 1000
# of episode :2960, reward : 85.3, episode length: 1000
# of episode :2980, reward : 58.7, episode length: 1000
# of episode :3000, reward : -2.4, episode length: 1000
# of episode :3020, reward : 146.6, episode length: 518
# of episode :3040, reward : 101.1, episode length: 1000
# of episode :3060, reward : 118.1, episode length: 1000
# of episode :3080, reward : 105.2, episode length: 1000
# of episode :3100, reward : 153.7, episode length: 599
# of episode :3120, reward : -236.4, episode length: 408
# of episode :3140, reward : 162.0, episode length: 907
# of episode :3160, reward : 98.6, episode length: 1000
# of episode :3180, reward : 49.1, episode length: 1000
# of episode :3200, reward : 192.8, episode length: 588
# of episode :3220, reward : 105.1, episode length: 1000
# of episode :3240, reward : 55.6, episode length: 1000
# of episode :3260, reward : 0.3, episode length: 423
# of episode :3280, reward : 161.2, episode length: 714
# of episode :3300, reward : 88.3, episode length: 1000
# of episode :3320, reward : 223.5, episode length: 300
# of episode :3340, reward : 203.0, episode length: 322
# of episode :3360, reward : -50.5, episode length: 190
# of episode :3380, reward : 83.7, episode length: 1000
# of episode :3400, reward : 86.8, episode length: 1000
# of episode :3420, reward : 132.8, episode length: 1000
# of episode :3440, reward : 176.4, episode length: 504
# of episode :3460, reward : 79.4, episode length: 1000
# of episode :3480, reward : 105.3, episode length: 1000
# of episode :3500, reward : 158.1, episode length: 558
# of episode :3520, reward : 65.7, episode length: 991
# of episode :3540, reward : 118.4, episode length: 1000
# of episode :3560, reward : 25.0, episode length: 1000
# of episode :3580, reward : 77.5, episode length: 1000
# of episode :3600, reward : 82.4, episode length: 1000
# of episode :3620, reward : 124.0, episode length: 657
# of episode :3640, reward : -57.7, episode length: 229
# of episode :3660, reward : 169.8, episode length: 558
# of episode :3680, reward : 188.6, episode length: 320
# of episode :3700, reward : -165.1, episode length: 521
# of episode :3720, reward : 179.3, episode length: 478
# of episode :3740, reward : 81.5, episode length: 1000
# of episode :3760, reward : 217.1, episode length: 421
# of episode :3780, reward : 87.1, episode length: 1000
# of episode :3800, reward : 178.3, episode length: 326
# of episode :3820, reward : 162.0, episode length: 497
# of episode :3840, reward : 141.8, episode length: 429
# of episode :3860, reward : 101.9, episode length: 1000
# of episode :3880, reward : 118.8, episode length: 1000
# of episode :3900, reward : -39.5, episode length: 398
# of episode :3920, reward : -55.2, episode length: 355
# of episode :3940, reward : 98.0, episode length: 1000
# of episode :3960, reward : 46.8, episode length: 1000
# of episode :3980, reward : 182.5, episode length: 418
# of episode :4000, reward : 107.0, episode length: 816
# of episode :4020, reward : -27.5, episode length: 484
# of episode :4040, reward : -10.6, episode length: 1000
# of episode :4060, reward : 118.7, episode length: 1000
# of episode :4080, reward : 182.5, episode length: 662
# of episode :4100, reward : 105.7, episode length: 1000
# of episode :4120, reward : -44.2, episode length: 558
# of episode :4140, reward : 74.4, episode length: 1000
# of episode :4160, reward : -26.1, episode length: 427
# of episode :4180, reward : 87.0, episode length: 1000
# of episode :4200, reward : 72.7, episode length: 1000
# of episode :4220, reward : 197.7, episode length: 434
# of episode :4240, reward : 190.6, episode length: 511
# of episode :4260, reward : 148.9, episode length: 599
# of episode :4280, reward : 169.5, episode length: 495
# of episode :4300, reward : 22.2, episode length: 1000
# of episode :4320, reward : 106.5, episode length: 1000
# of episode :4340, reward : 200.4, episode length: 496
# of episode :4360, reward : 58.3, episode length: 1000
# of episode :4380, reward : 137.2, episode length: 746
# of episode :4400, reward : 161.3, episode length: 948
# of episode :4420, reward : 101.8, episode length: 1000
# of episode :4440, reward : 184.0, episode length: 480
# of episode :4460, reward : 91.1, episode length: 1000
# of episode :4480, reward : -33.1, episode length: 290
# of episode :4500, reward : -18.1, episode length: 474
# of episode :4520, reward : 100.2, episode length: 1000
# of episode :4540, reward : 107.2, episode length: 1000
# of episode :4560, reward : 213.6, episode length: 438
# of episode :4580, reward : 114.3, episode length: 1000
# of episode :4600, reward : 201.5, episode length: 804
# of episode :4620, reward : 96.4, episode length: 1000
# of episode :4640, reward : 111.3, episode length: 1000
# of episode :4660, reward : 131.1, episode length: 1000
# of episode :4680, reward : 184.4, episode length: 469
# of episode :4700, reward : 137.6, episode length: 1000
# of episode :4720, reward : 88.9, episode length: 1000
# of episode :4740, reward : -7.3, episode length: 228
# of episode :4760, reward : -153.4, episode length: 400
# of episode :4780, reward : 194.3, episode length: 489
# of episode :4800, reward : 202.4, episode length: 361
# of episode :4820, reward : 125.9, episode length: 1000
# of episode :4840, reward : 132.3, episode length: 1000
# of episode :4860, reward : 220.4, episode length: 201
# of episode :4880, reward : 214.2, episode length: 389
# of episode :4900, reward : 118.3, episode length: 1000
# of episode :4920, reward : 201.9, episode length: 664
# of episode :4940, reward : 95.8, episode length: 1000
# of episode :4960, reward : 137.4, episode length: 1000
# of episode :4980, reward : -4.6, episode length: 500
/home/zihan/anaconda3/envs/exp/lib/python3.6/site-packages/gym/envs/registration.py:14: PkgResourcesDeprecationWarning: Parameters to load are deprecated.  Call .resolve and .require separately.
  result = entry_point.load(False)
8 4
# of episode :20, reward : -374.7, episode length: 90
# of episode :40, reward : -164.8, episode length: 92
# of episode :60, reward : -89.9, episode length: 81
# of episode :80, reward : -274.2, episode length: 94
# of episode :100, reward : -52.0, episode length: 71
# of episode :120, reward : -384.8, episode length: 81
# of episode :140, reward : -155.6, episode length: 99
# of episode :160, reward : -149.3, episode length: 70
# of episode :180, reward : -98.6, episode length: 77
# of episode :200, reward : -252.2, episode length: 77
# of episode :220, reward : -332.6, episode length: 128
# of episode :240, reward : -68.0, episode length: 76
# of episode :260, reward : -129.9, episode length: 121
# of episode :280, reward : -80.2, episode length: 124
# of episode :300, reward : -66.7, episode length: 132
# of episode :320, reward : -195.1, episode length: 85
# of episode :340, reward : -73.3, episode length: 86
# of episode :360, reward : -259.8, episode length: 180
# of episode :380, reward : -39.6, episode length: 117
# of episode :400, reward : -108.8, episode length: 186
# of episode :420, reward : -342.6, episode length: 137
# of episode :440, reward : -70.1, episode length: 87
# of episode :460, reward : -172.7, episode length: 145
# of episode :480, reward : -311.8, episode length: 85
# of episode :500, reward : -190.7, episode length: 592
# of episode :520, reward : -54.3, episode length: 83
# of episode :540, reward : -151.6, episode length: 122
# of episode :560, reward : 0.5, episode length: 93
# of episode :580, reward : -173.3, episode length: 160
# of episode :600, reward : -94.0, episode length: 86
# of episode :620, reward : -125.4, episode length: 93
# of episode :640, reward : -143.8, episode length: 179
# of episode :660, reward : -170.7, episode length: 161
# of episode :680, reward : -63.6, episode length: 129
# of episode :700, reward : -117.3, episode length: 135
# of episode :720, reward : 57.5, episode length: 130
# of episode :740, reward : -81.4, episode length: 172
# of episode :760, reward : -94.0, episode length: 181
# of episode :780, reward : -72.5, episode length: 123
# of episode :800, reward : -216.8, episode length: 119
# of episode :820, reward : -101.5, episode length: 91
# of episode :840, reward : -242.1, episode length: 139
# of episode :860, reward : -42.7, episode length: 104
# of episode :880, reward : -51.3, episode length: 152
# of episode :900, reward : -54.4, episode length: 104
# of episode :920, reward : -47.7, episode length: 196
# of episode :940, reward : -273.7, episode length: 277
# of episode :960, reward : -121.2, episode length: 392
# of episode :980, reward : -112.0, episode length: 128
# of episode :1000, reward : -301.5, episode length: 195
# of episode :1020, reward : -49.1, episode length: 1000
# of episode :1040, reward : -156.8, episode length: 184
# of episode :1060, reward : -67.0, episode length: 91
# of episode :1080, reward : -49.4, episode length: 102
# of episode :1100, reward : -355.1, episode length: 210
# of episode :1120, reward : -62.7, episode length: 167
# of episode :1140, reward : 28.1, episode length: 159
# of episode :1160, reward : -9.2, episode length: 227
# of episode :1180, reward : -46.5, episode length: 205
# of episode :1200, reward : -82.6, episode length: 169
# of episode :1220, reward : -8.1, episode length: 1000
# of episode :1240, reward : -166.9, episode length: 194
# of episode :1260, reward : -83.3, episode length: 138
# of episode :1280, reward : 62.0, episode length: 1000
# of episode :1300, reward : 15.5, episode length: 179
# of episode :1320, reward : -10.7, episode length: 219
# of episode :1340, reward : -72.7, episode length: 185
# of episode :1360, reward : -2.9, episode length: 107
# of episode :1380, reward : -216.5, episode length: 788
# of episode :1400, reward : -43.3, episode length: 214
# of episode :1420, reward : -12.9, episode length: 137
# of episode :1440, reward : -26.6, episode length: 253
# of episode :1460, reward : -9.8, episode length: 220
# of episode :1480, reward : -45.4, episode length: 253
# of episode :1500, reward : 11.2, episode length: 207
# of episode :1520, reward : -6.9, episode length: 236
# of episode :1540, reward : -4.4, episode length: 1000
# of episode :1560, reward : -135.7, episode length: 307
# of episode :1580, reward : -13.5, episode length: 1000
# of episode :1600, reward : -22.1, episode length: 1000
# of episode :1620, reward : 15.8, episode length: 1000
# of episode :1640, reward : 15.6, episode length: 1000
# of episode :1660, reward : 8.9, episode length: 149
# of episode :1680, reward : -41.0, episode length: 1000
# of episode :1700, reward : 32.5, episode length: 1000
# of episode :1720, reward : 50.3, episode length: 1000
# of episode :1740, reward : 8.9, episode length: 1000
# of episode :1760, reward : -36.7, episode length: 750
# of episode :1780, reward : 34.8, episode length: 1000
# of episode :1800, reward : 8.6, episode length: 230
# of episode :1820, reward : 50.4, episode length: 1000
# of episode :1840, reward : -66.7, episode length: 485
# of episode :1860, reward : 22.1, episode length: 1000
# of episode :1880, reward : 63.1, episode length: 1000
# of episode :1900, reward : 50.8, episode length: 1000
# of episode :1920, reward : 64.0, episode length: 1000
# of episode :1940, reward : 56.0, episode length: 1000
# of episode :1960, reward : -25.0, episode length: 429
# of episode :1980, reward : -49.3, episode length: 415
# of episode :2000, reward : -45.8, episode length: 545
# of episode :2020, reward : 113.6, episode length: 1000
# of episode :2040, reward : 106.1, episode length: 1000
# of episode :2060, reward : -188.6, episode length: 234
# of episode :2080, reward : 128.1, episode length: 1000
# of episode :2100, reward : 37.7, episode length: 1000
# of episode :2120, reward : 42.3, episode length: 1000
# of episode :2140, reward : 88.5, episode length: 1000
# of episode :2160, reward : 99.9, episode length: 1000
# of episode :2180, reward : -40.5, episode length: 321
# of episode :2200, reward : 49.0, episode length: 1000
# of episode :2220, reward : 129.0, episode length: 1000
# of episode :2240, reward : 147.7, episode length: 1000
# of episode :2260, reward : 71.3, episode length: 1000
# of episode :2280, reward : 26.9, episode length: 1000
# of episode :2300, reward : 100.4, episode length: 1000
# of episode :2320, reward : 84.3, episode length: 1000
# of episode :2340, reward : 75.6, episode length: 1000
# of episode :2360, reward : 106.4, episode length: 1000
# of episode :2380, reward : 53.3, episode length: 1000
# of episode :2400, reward : 60.7, episode length: 259
# of episode :2420, reward : 129.7, episode length: 1000
# of episode :2440, reward : 125.9, episode length: 1000
# of episode :2460, reward : 84.5, episode length: 1000
# of episode :2480, reward : 90.7, episode length: 1000
# of episode :2500, reward : 137.9, episode length: 1000
# of episode :2520, reward : 91.1, episode length: 1000
# of episode :2540, reward : 67.5, episode length: 1000
# of episode :2560, reward : -44.4, episode length: 360
# of episode :2580, reward : 114.5, episode length: 1000
# of episode :2600, reward : 8.1, episode length: 400
# of episode :2620, reward : 85.8, episode length: 1000
# of episode :2640, reward : 128.9, episode length: 1000
# of episode :2660, reward : 45.9, episode length: 1000
# of episode :2680, reward : 98.0, episode length: 1000
# of episode :2700, reward : 93.0, episode length: 1000
# of episode :2720, reward : 6.1, episode length: 267
# of episode :2740, reward : 90.9, episode length: 1000
# of episode :2760, reward : 83.3, episode length: 1000
# of episode :2780, reward : 23.3, episode length: 1000
# of episode :2800, reward : 11.1, episode length: 1000
# of episode :2820, reward : 95.2, episode length: 1000
# of episode :2840, reward : 114.9, episode length: 1000
# of episode :2860, reward : 82.0, episode length: 1000
# of episode :2880, reward : 92.8, episode length: 1000
# of episode :2900, reward : 104.5, episode length: 1000
# of episode :2920, reward : -21.6, episode length: 408
# of episode :2940, reward : 101.1, episode length: 1000
# of episode :2960, reward : 92.6, episode length: 1000
# of episode :2980, reward : 64.6, episode length: 1000
# of episode :3000, reward : 108.0, episode length: 1000
# of episode :3020, reward : 119.5, episode length: 1000
# of episode :3040, reward : -3.1, episode length: 566
# of episode :3060, reward : 63.6, episode length: 1000
# of episode :3080, reward : 62.2, episode length: 1000
# of episode :3100, reward : 57.1, episode length: 1000
# of episode :3120, reward : 105.2, episode length: 1000
# of episode :3140, reward : -70.8, episode length: 471
# of episode :3160, reward : 45.9, episode length: 1000
# of episode :3180, reward : 110.0, episode length: 1000
# of episode :3200, reward : 6.5, episode length: 278
# of episode :3220, reward : 89.3, episode length: 1000
# of episode :3240, reward : 81.9, episode length: 1000
# of episode :3260, reward : 171.2, episode length: 447
# of episode :3280, reward : 64.7, episode length: 1000
# of episode :3300, reward : -36.2, episode length: 439
# of episode :3320, reward : 108.8, episode length: 1000
# of episode :3340, reward : 67.6, episode length: 1000
# of episode :3360, reward : 102.8, episode length: 1000
# of episode :3380, reward : 83.7, episode length: 1000
# of episode :3400, reward : 79.5, episode length: 1000
# of episode :3420, reward : 70.2, episode length: 1000
# of episode :3440, reward : 86.2, episode length: 1000
# of episode :3460, reward : -34.2, episode length: 420
# of episode :3480, reward : 81.2, episode length: 1000
# of episode :3500, reward : 27.0, episode length: 1000
# of episode :3520, reward : 103.0, episode length: 995
# of episode :3540, reward : 61.2, episode length: 1000
# of episode :3560, reward : 48.7, episode length: 1000
# of episode :3580, reward : 59.3, episode length: 1000
# of episode :3600, reward : -97.5, episode length: 519
# of episode :3620, reward : 110.1, episode length: 1000
# of episode :3640, reward : 92.0, episode length: 1000
# of episode :3660, reward : 73.9, episode length: 1000
# of episode :3680, reward : 153.7, episode length: 936
# of episode :3700, reward : 101.1, episode length: 1000
# of episode :3720, reward : 110.9, episode length: 1000
# of episode :3740, reward : 130.3, episode length: 1000
# of episode :3760, reward : 69.2, episode length: 1000
# of episode :3780, reward : 82.0, episode length: 1000
# of episode :3800, reward : 85.0, episode length: 1000
# of episode :3820, reward : 159.7, episode length: 553
# of episode :3840, reward : 71.4, episode length: 1000
# of episode :3860, reward : -38.8, episode length: 434
# of episode :3880, reward : 54.5, episode length: 1000
# of episode :3900, reward : 186.6, episode length: 549
# of episode :3920, reward : 162.9, episode length: 529
# of episode :3940, reward : 192.3, episode length: 557
# of episode :3960, reward : 98.8, episode length: 1000
# of episode :3980, reward : 90.6, episode length: 1000
# of episode :4000, reward : 101.7, episode length: 1000
# of episode :4020, reward : 89.7, episode length: 1000
# of episode :4040, reward : 61.1, episode length: 1000
# of episode :4060, reward : 195.1, episode length: 519
# of episode :4080, reward : 113.0, episode length: 1000
# of episode :4100, reward : 174.2, episode length: 447
# of episode :4120, reward : 126.6, episode length: 1000
# of episode :4140, reward : 185.3, episode length: 829
# of episode :4160, reward : 167.9, episode length: 491
# of episode :4180, reward : 78.0, episode length: 1000
# of episode :4200, reward : 62.4, episode length: 1000
# of episode :4220, reward : 102.0, episode length: 1000
# of episode :4240, reward : 79.6, episode length: 1000
# of episode :4260, reward : 153.6, episode length: 688
# of episode :4280, reward : 162.3, episode length: 458
# of episode :4300, reward : 196.4, episode length: 550
# of episode :4320, reward : 63.2, episode length: 1000
# of episode :4340, reward : 90.3, episode length: 1000
# of episode :4360, reward : 143.0, episode length: 653
# of episode :4380, reward : 99.4, episode length: 1000
# of episode :4400, reward : -51.1, episode length: 551
# of episode :4420, reward : 83.6, episode length: 1000
# of episode :4440, reward : 85.8, episode length: 1000
# of episode :4460, reward : 88.5, episode length: 1000
# of episode :4480, reward : 183.7, episode length: 426
# of episode :4500, reward : 60.7, episode length: 1000
# of episode :4520, reward : 125.1, episode length: 1000
# of episode :4540, reward : 178.3, episode length: 505
# of episode :4560, reward : -8.9, episode length: 425
# of episode :4580, reward : 193.0, episode length: 482
# of episode :4600, reward : -5.8, episode length: 362
# of episode :4620, reward : -75.0, episode length: 411
# of episode :4640, reward : 72.6, episode length: 1000
# of episode :4660, reward : 166.5, episode length: 509
# of episode :4680, reward : 168.4, episode length: 560
# of episode :4700, reward : 42.6, episode length: 1000
# of episode :4720, reward : 94.9, episode length: 1000
# of episode :4740, reward : 100.4, episode length: 1000
# of episode :4760, reward : -24.9, episode length: 293
# of episode :4780, reward : 23.4, episode length: 296
# of episode :4800, reward : 93.9, episode length: 1000
# of episode :4820, reward : 158.5, episode length: 578
# of episode :4840, reward : 102.5, episode length: 1000
# of episode :4860, reward : 164.3, episode length: 546
# of episode :4880, reward : 74.7, episode length: 1000
# of episode :4900, reward : 188.2, episode length: 383
# of episode :4920, reward : 98.9, episode length: 1000
# of episode :4940, reward : 195.8, episode length: 501
# of episode :4960, reward : 163.8, episode length: 607
# of episode :4980, reward : 234.6, episode length: 424
