NoDevFiles
/home/zihan/anaconda3/envs/exp/lib/python3.6/site-packages/tensorboard/compat/tensorflow_stub/dtypes.py:541: FutureWarning: Passing (type, 1) or '1type' as a synonym of type is deprecated; in a future version of numpy, it will be understood as (type, (1,)) / '(1,)type'.
  _np_qint8 = np.dtype([("qint8", np.int8, 1)])
/home/zihan/anaconda3/envs/exp/lib/python3.6/site-packages/tensorboard/compat/tensorflow_stub/dtypes.py:542: FutureWarning: Passing (type, 1) or '1type' as a synonym of type is deprecated; in a future version of numpy, it will be understood as (type, (1,)) / '(1,)type'.
  _np_quint8 = np.dtype([("quint8", np.uint8, 1)])
/home/zihan/anaconda3/envs/exp/lib/python3.6/site-packages/tensorboard/compat/tensorflow_stub/dtypes.py:543: FutureWarning: Passing (type, 1) or '1type' as a synonym of type is deprecated; in a future version of numpy, it will be understood as (type, (1,)) / '(1,)type'.
  _np_qint16 = np.dtype([("qint16", np.int16, 1)])
/home/zihan/anaconda3/envs/exp/lib/python3.6/site-packages/tensorboard/compat/tensorflow_stub/dtypes.py:544: FutureWarning: Passing (type, 1) or '1type' as a synonym of type is deprecated; in a future version of numpy, it will be understood as (type, (1,)) / '(1,)type'.
  _np_quint16 = np.dtype([("quint16", np.uint16, 1)])
/home/zihan/anaconda3/envs/exp/lib/python3.6/site-packages/tensorboard/compat/tensorflow_stub/dtypes.py:545: FutureWarning: Passing (type, 1) or '1type' as a synonym of type is deprecated; in a future version of numpy, it will be understood as (type, (1,)) / '(1,)type'.
  _np_qint32 = np.dtype([("qint32", np.int32, 1)])
/home/zihan/anaconda3/envs/exp/lib/python3.6/site-packages/tensorboard/compat/tensorflow_stub/dtypes.py:550: FutureWarning: Passing (type, 1) or '1type' as a synonym of type is deprecated; in a future version of numpy, it will be understood as (type, (1,)) / '(1,)type'.
  np_resource = np.dtype([("resource", np.ubyte, 1)])
Epoch: 01 | Batch: 000 | CrossEntropy-loss: 1.35181 | Correct: 692/1280
Epoch: 01 | Batch: 100 | CrossEntropy-loss: 1.31212 | Correct: 736/1280
Epoch: 01 | Batch: 200 | CrossEntropy-loss: 1.22127 | Correct: 550/1280
Epoch: 01 | Batch: 300 | CrossEntropy-loss: 1.20420 | Correct: 642/1280
Epoch: 01 | Batch: 400 | CrossEntropy-loss: 1.21247 | Correct: 821/1280
Epoch: 01 | Batch: 500 | CrossEntropy-loss: 1.15032 | Correct: 767/1280
Epoch: 01 | Batch: 600 | CrossEntropy-loss: 1.13236 | Correct: 831/1280
Epoch: 01 | Batch: 700 | CrossEntropy-loss: 1.12814 | Correct: 787/1280
Epoch: 01 | Batch: 800 | CrossEntropy-loss: 1.09613 | Correct: 754/1280
Epoch: 01 | Batch: 900 | CrossEntropy-loss: 1.03313 | Correct: 811/1280
Epoch: 01 | Batch: 1000 | CrossEntropy-loss: 1.11323 | Correct: 673/1280
Epoch: 01 | Batch: 1100 | CrossEntropy-loss: 1.03278 | Correct: 839/1280
Epoch: 01 | Batch: 1200 | CrossEntropy-loss: 1.00158 | Correct: 870/1280
Epoch: 01 | Batch: 1300 | CrossEntropy-loss: 1.05229 | Correct: 647/1280
Epoch: 01 | Batch: 1400 | CrossEntropy-loss: 0.94339 | Correct: 819/1280
Epoch: 01 | Batch: 1500 | CrossEntropy-loss: 0.94001 | Correct: 820/1280

Epoch: 01 | Testing Accuracy: 323841/504607 (64.177%) | Historical Best: 64.177%

Epoch: 02 | Batch: 000 | CrossEntropy-loss: 0.96569 | Correct: 710/1280
Epoch: 02 | Batch: 100 | CrossEntropy-loss: 0.91467 | Correct: 843/1280
Epoch: 02 | Batch: 200 | CrossEntropy-loss: 0.91897 | Correct: 742/1280
Epoch: 02 | Batch: 300 | CrossEntropy-loss: 0.92024 | Correct: 904/1280
Epoch: 02 | Batch: 400 | CrossEntropy-loss: 0.89699 | Correct: 874/1280
Epoch: 02 | Batch: 500 | CrossEntropy-loss: 0.86550 | Correct: 918/1280
Epoch: 02 | Batch: 600 | CrossEntropy-loss: 0.85819 | Correct: 910/1280
Epoch: 02 | Batch: 700 | CrossEntropy-loss: 0.83100 | Correct: 954/1280
Epoch: 02 | Batch: 800 | CrossEntropy-loss: 0.82078 | Correct: 945/1280
Epoch: 02 | Batch: 900 | CrossEntropy-loss: 0.79499 | Correct: 941/1280
Epoch: 02 | Batch: 1000 | CrossEntropy-loss: 0.82483 | Correct: 943/1280
Epoch: 02 | Batch: 1100 | CrossEntropy-loss: 0.78711 | Correct: 956/1280
Epoch: 02 | Batch: 1200 | CrossEntropy-loss: 0.78297 | Correct: 947/1280
Epoch: 02 | Batch: 1300 | CrossEntropy-loss: 0.74017 | Correct: 999/1280
Epoch: 02 | Batch: 1400 | CrossEntropy-loss: 0.74803 | Correct: 937/1280
Epoch: 02 | Batch: 1500 | CrossEntropy-loss: 0.74824 | Correct: 957/1280

Epoch: 02 | Testing Accuracy: 375372/504607 (74.389%) | Historical Best: 74.389%

Epoch: 03 | Batch: 000 | CrossEntropy-loss: 0.75774 | Correct: 974/1280
Epoch: 03 | Batch: 100 | CrossEntropy-loss: 0.73590 | Correct: 994/1280
Epoch: 03 | Batch: 200 | CrossEntropy-loss: 0.73477 | Correct: 976/1280
Epoch: 03 | Batch: 300 | CrossEntropy-loss: 0.70801 | Correct: 985/1280
Epoch: 03 | Batch: 400 | CrossEntropy-loss: 0.72652 | Correct: 964/1280
Epoch: 03 | Batch: 500 | CrossEntropy-loss: 0.69526 | Correct: 963/1280
Epoch: 03 | Batch: 600 | CrossEntropy-loss: 0.69192 | Correct: 959/1280
Epoch: 03 | Batch: 700 | CrossEntropy-loss: 0.69609 | Correct: 966/1280
Epoch: 03 | Batch: 800 | CrossEntropy-loss: 0.68428 | Correct: 980/1280
Epoch: 03 | Batch: 900 | CrossEntropy-loss: 0.66473 | Correct: 975/1280
Epoch: 03 | Batch: 1000 | CrossEntropy-loss: 0.68660 | Correct: 979/1280
Epoch: 03 | Batch: 1100 | CrossEntropy-loss: 0.69771 | Correct: 989/1280
Epoch: 03 | Batch: 1200 | CrossEntropy-loss: 0.66605 | Correct: 1015/1280
Epoch: 03 | Batch: 1300 | CrossEntropy-loss: 0.62665 | Correct: 1025/1280
Epoch: 03 | Batch: 1400 | CrossEntropy-loss: 0.66989 | Correct: 1005/1280
Epoch: 03 | Batch: 1500 | CrossEntropy-loss: 0.66830 | Correct: 972/1280

Epoch: 03 | Testing Accuracy: 393581/504607 (77.998%) | Historical Best: 77.998%

Epoch: 04 | Batch: 000 | CrossEntropy-loss: 0.68114 | Correct: 960/1280
Epoch: 04 | Batch: 100 | CrossEntropy-loss: 0.64213 | Correct: 980/1280
Epoch: 04 | Batch: 200 | CrossEntropy-loss: 0.65788 | Correct: 953/1280
Epoch: 04 | Batch: 300 | CrossEntropy-loss: 0.64328 | Correct: 1003/1280
Epoch: 04 | Batch: 400 | CrossEntropy-loss: 0.68585 | Correct: 996/1280
Epoch: 04 | Batch: 500 | CrossEntropy-loss: 0.58373 | Correct: 1034/1280
Epoch: 04 | Batch: 600 | CrossEntropy-loss: 0.63098 | Correct: 1012/1280
Epoch: 04 | Batch: 700 | CrossEntropy-loss: 0.60355 | Correct: 1041/1280
Epoch: 04 | Batch: 800 | CrossEntropy-loss: 0.62802 | Correct: 997/1280
Epoch: 04 | Batch: 900 | CrossEntropy-loss: 0.59345 | Correct: 1030/1280
Epoch: 04 | Batch: 1000 | CrossEntropy-loss: 0.62336 | Correct: 1016/1280
Epoch: 04 | Batch: 1100 | CrossEntropy-loss: 0.63337 | Correct: 994/1280
Epoch: 04 | Batch: 1200 | CrossEntropy-loss: 0.60285 | Correct: 1009/1280
Epoch: 04 | Batch: 1300 | CrossEntropy-loss: 0.58816 | Correct: 1015/1280
Epoch: 04 | Batch: 1400 | CrossEntropy-loss: 0.62218 | Correct: 1022/1280
Epoch: 04 | Batch: 1500 | CrossEntropy-loss: 0.60025 | Correct: 1004/1280

Epoch: 04 | Testing Accuracy: 397081/504607 (78.691%) | Historical Best: 78.691%

Epoch: 05 | Batch: 000 | CrossEntropy-loss: 0.59926 | Correct: 1001/1280
Epoch: 05 | Batch: 100 | CrossEntropy-loss: 0.58266 | Correct: 994/1280
Epoch: 05 | Batch: 200 | CrossEntropy-loss: 0.59001 | Correct: 1031/1280
Epoch: 05 | Batch: 300 | CrossEntropy-loss: 0.63826 | Correct: 975/1280
Epoch: 05 | Batch: 400 | CrossEntropy-loss: 0.62459 | Correct: 999/1280
Epoch: 05 | Batch: 500 | CrossEntropy-loss: 0.56286 | Correct: 1038/1280
Epoch: 05 | Batch: 600 | CrossEntropy-loss: 0.58329 | Correct: 1013/1280
Epoch: 05 | Batch: 700 | CrossEntropy-loss: 0.62556 | Correct: 983/1280
Epoch: 05 | Batch: 800 | CrossEntropy-loss: 0.61918 | Correct: 1009/1280
Epoch: 05 | Batch: 900 | CrossEntropy-loss: 0.61444 | Correct: 998/1280
Epoch: 05 | Batch: 1000 | CrossEntropy-loss: 0.55853 | Correct: 1011/1280
Epoch: 05 | Batch: 1100 | CrossEntropy-loss: 0.58311 | Correct: 996/1280
Epoch: 05 | Batch: 1200 | CrossEntropy-loss: 0.56967 | Correct: 1015/1280
Epoch: 05 | Batch: 1300 | CrossEntropy-loss: 0.52016 | Correct: 1038/1280
Epoch: 05 | Batch: 1400 | CrossEntropy-loss: 0.55637 | Correct: 1032/1280
Epoch: 05 | Batch: 1500 | CrossEntropy-loss: 0.58861 | Correct: 979/1280

Epoch: 05 | Testing Accuracy: 401269/504607 (79.521%) | Historical Best: 79.521%

Epoch: 06 | Batch: 000 | CrossEntropy-loss: 0.56636 | Correct: 1008/1280
Epoch: 06 | Batch: 100 | CrossEntropy-loss: 0.57494 | Correct: 1012/1280
Epoch: 06 | Batch: 200 | CrossEntropy-loss: 0.56064 | Correct: 1027/1280
Epoch: 06 | Batch: 300 | CrossEntropy-loss: 0.60595 | Correct: 986/1280
Epoch: 06 | Batch: 400 | CrossEntropy-loss: 0.60380 | Correct: 993/1280
Epoch: 06 | Batch: 500 | CrossEntropy-loss: 0.56225 | Correct: 1023/1280
Epoch: 06 | Batch: 600 | CrossEntropy-loss: 0.50490 | Correct: 1044/1280
Epoch: 06 | Batch: 700 | CrossEntropy-loss: 0.58555 | Correct: 1004/1280
Epoch: 06 | Batch: 800 | CrossEntropy-loss: 0.59454 | Correct: 1004/1280
Epoch: 06 | Batch: 900 | CrossEntropy-loss: 0.55520 | Correct: 1012/1280
Epoch: 06 | Batch: 1000 | CrossEntropy-loss: 0.51245 | Correct: 1022/1280
Epoch: 06 | Batch: 1100 | CrossEntropy-loss: 0.55926 | Correct: 1016/1280
Epoch: 06 | Batch: 1200 | CrossEntropy-loss: 0.55857 | Correct: 1000/1280
Epoch: 06 | Batch: 1300 | CrossEntropy-loss: 0.50774 | Correct: 1036/1280
Epoch: 06 | Batch: 1400 | CrossEntropy-loss: 0.53937 | Correct: 1011/1280
Epoch: 06 | Batch: 1500 | CrossEntropy-loss: 0.57600 | Correct: 1022/1280

Epoch: 06 | Testing Accuracy: 405940/504607 (80.447%) | Historical Best: 80.447%

Epoch: 07 | Batch: 000 | CrossEntropy-loss: 0.54736 | Correct: 1034/1280
Epoch: 07 | Batch: 100 | CrossEntropy-loss: 0.52735 | Correct: 1023/1280
Epoch: 07 | Batch: 200 | CrossEntropy-loss: 0.53438 | Correct: 1036/1280
Epoch: 07 | Batch: 300 | CrossEntropy-loss: 0.52804 | Correct: 996/1280
Epoch: 07 | Batch: 400 | CrossEntropy-loss: 0.55946 | Correct: 995/1280
Epoch: 07 | Batch: 500 | CrossEntropy-loss: 0.52088 | Correct: 1017/1280
Epoch: 07 | Batch: 600 | CrossEntropy-loss: 0.48650 | Correct: 1039/1280
Epoch: 07 | Batch: 700 | CrossEntropy-loss: 0.54713 | Correct: 1033/1280
Epoch: 07 | Batch: 800 | CrossEntropy-loss: 0.54763 | Correct: 1004/1280
Epoch: 07 | Batch: 900 | CrossEntropy-loss: 0.51789 | Correct: 1023/1280
Epoch: 07 | Batch: 1000 | CrossEntropy-loss: 0.50398 | Correct: 1027/1280
Epoch: 07 | Batch: 1100 | CrossEntropy-loss: 0.51488 | Correct: 1027/1280
Epoch: 07 | Batch: 1200 | CrossEntropy-loss: 0.51217 | Correct: 1020/1280
Epoch: 07 | Batch: 1300 | CrossEntropy-loss: 0.50668 | Correct: 1025/1280
Epoch: 07 | Batch: 1400 | CrossEntropy-loss: 0.51159 | Correct: 1029/1280
Epoch: 07 | Batch: 1500 | CrossEntropy-loss: 0.54629 | Correct: 1000/1280

Epoch: 07 | Testing Accuracy: 408796/504607 (81.013%) | Historical Best: 81.013%

Epoch: 08 | Batch: 000 | CrossEntropy-loss: 0.53600 | Correct: 1008/1280
Epoch: 08 | Batch: 100 | CrossEntropy-loss: 0.53639 | Correct: 993/1280
Epoch: 08 | Batch: 200 | CrossEntropy-loss: 0.50860 | Correct: 1028/1280
Epoch: 08 | Batch: 300 | CrossEntropy-loss: 0.52877 | Correct: 1013/1280
Epoch: 08 | Batch: 400 | CrossEntropy-loss: 0.52648 | Correct: 1007/1280
Epoch: 08 | Batch: 500 | CrossEntropy-loss: 0.48313 | Correct: 1031/1280
Epoch: 08 | Batch: 600 | CrossEntropy-loss: 0.54502 | Correct: 1018/1280
Epoch: 08 | Batch: 700 | CrossEntropy-loss: 0.50444 | Correct: 1054/1280
Epoch: 08 | Batch: 800 | CrossEntropy-loss: 0.51049 | Correct: 1022/1280
Epoch: 08 | Batch: 900 | CrossEntropy-loss: 0.54052 | Correct: 1023/1280
Epoch: 08 | Batch: 1000 | CrossEntropy-loss: 0.50422 | Correct: 1010/1280
Epoch: 08 | Batch: 1100 | CrossEntropy-loss: 0.48140 | Correct: 1058/1280
Epoch: 08 | Batch: 1200 | CrossEntropy-loss: 0.54371 | Correct: 1028/1280
Epoch: 08 | Batch: 1300 | CrossEntropy-loss: 0.53204 | Correct: 1024/1280
Epoch: 08 | Batch: 1400 | CrossEntropy-loss: 0.54160 | Correct: 1033/1280
Epoch: 08 | Batch: 1500 | CrossEntropy-loss: 0.46049 | Correct: 1046/1280

Epoch: 08 | Testing Accuracy: 410071/504607 (81.265%) | Historical Best: 81.265%

Epoch: 09 | Batch: 000 | CrossEntropy-loss: 0.55384 | Correct: 1017/1280
Epoch: 09 | Batch: 100 | CrossEntropy-loss: 0.54744 | Correct: 1028/1280
Epoch: 09 | Batch: 200 | CrossEntropy-loss: 0.52020 | Correct: 1029/1280
Epoch: 09 | Batch: 300 | CrossEntropy-loss: 0.50939 | Correct: 1043/1280
Epoch: 09 | Batch: 400 | CrossEntropy-loss: 0.49277 | Correct: 1041/1280
Epoch: 09 | Batch: 500 | CrossEntropy-loss: 0.47181 | Correct: 1058/1280
Epoch: 09 | Batch: 600 | CrossEntropy-loss: 0.47378 | Correct: 1037/1280
Epoch: 09 | Batch: 700 | CrossEntropy-loss: 0.52366 | Correct: 1036/1280
Epoch: 09 | Batch: 800 | CrossEntropy-loss: 0.51837 | Correct: 1036/1280
Epoch: 09 | Batch: 900 | CrossEntropy-loss: 0.51850 | Correct: 1031/1280
Epoch: 09 | Batch: 1000 | CrossEntropy-loss: 0.50313 | Correct: 1032/1280
Epoch: 09 | Batch: 1100 | CrossEntropy-loss: 0.55202 | Correct: 1000/1280
Epoch: 09 | Batch: 1200 | CrossEntropy-loss: 0.50206 | Correct: 1013/1280
Epoch: 09 | Batch: 1300 | CrossEntropy-loss: 0.51876 | Correct: 1035/1280
Epoch: 09 | Batch: 1400 | CrossEntropy-loss: 0.46377 | Correct: 1058/1280
Epoch: 09 | Batch: 1500 | CrossEntropy-loss: 0.54719 | Correct: 1011/1280

Epoch: 09 | Testing Accuracy: 411142/504607 (81.478%) | Historical Best: 81.478%

Epoch: 10 | Batch: 000 | CrossEntropy-loss: 0.43138 | Correct: 1075/1280
Epoch: 10 | Batch: 100 | CrossEntropy-loss: 0.48021 | Correct: 1036/1280
Epoch: 10 | Batch: 200 | CrossEntropy-loss: 0.47180 | Correct: 1047/1280
Epoch: 10 | Batch: 300 | CrossEntropy-loss: 0.48623 | Correct: 1050/1280
Epoch: 10 | Batch: 400 | CrossEntropy-loss: 0.45297 | Correct: 1047/1280
Epoch: 10 | Batch: 500 | CrossEntropy-loss: 0.44798 | Correct: 1072/1280
Epoch: 10 | Batch: 600 | CrossEntropy-loss: 0.43562 | Correct: 1069/1280
Epoch: 10 | Batch: 700 | CrossEntropy-loss: 0.47315 | Correct: 1052/1280
Epoch: 10 | Batch: 800 | CrossEntropy-loss: 0.48107 | Correct: 1048/1280
Epoch: 10 | Batch: 900 | CrossEntropy-loss: 0.46762 | Correct: 1045/1280
Epoch: 10 | Batch: 1000 | CrossEntropy-loss: 0.46896 | Correct: 1046/1280
Epoch: 10 | Batch: 1100 | CrossEntropy-loss: 0.52075 | Correct: 1013/1280
Epoch: 10 | Batch: 1200 | CrossEntropy-loss: 0.52920 | Correct: 1031/1280
Epoch: 10 | Batch: 1300 | CrossEntropy-loss: 0.53710 | Correct: 1005/1280
Epoch: 10 | Batch: 1400 | CrossEntropy-loss: 0.49606 | Correct: 1020/1280
Epoch: 10 | Batch: 1500 | CrossEntropy-loss: 0.52636 | Correct: 1016/1280

Epoch: 10 | Testing Accuracy: 412293/504607 (81.706%) | Historical Best: 81.706%

Epoch: 11 | Batch: 000 | CrossEntropy-loss: 0.50626 | Correct: 1037/1280
Epoch: 11 | Batch: 100 | CrossEntropy-loss: 0.52685 | Correct: 1015/1280
Epoch: 11 | Batch: 200 | CrossEntropy-loss: 0.47503 | Correct: 1027/1280
Epoch: 11 | Batch: 300 | CrossEntropy-loss: 0.52372 | Correct: 1025/1280
Epoch: 11 | Batch: 400 | CrossEntropy-loss: 0.49766 | Correct: 1024/1280
Epoch: 11 | Batch: 500 | CrossEntropy-loss: 0.45383 | Correct: 1041/1280
Epoch: 11 | Batch: 600 | CrossEntropy-loss: 0.52863 | Correct: 1037/1280
Epoch: 11 | Batch: 700 | CrossEntropy-loss: 0.52074 | Correct: 1008/1280
Epoch: 11 | Batch: 800 | CrossEntropy-loss: 0.46937 | Correct: 1060/1280
Epoch: 11 | Batch: 900 | CrossEntropy-loss: 0.51828 | Correct: 1027/1280
Epoch: 11 | Batch: 1000 | CrossEntropy-loss: 0.42931 | Correct: 1056/1280
Epoch: 11 | Batch: 1100 | CrossEntropy-loss: 0.48593 | Correct: 1038/1280
Epoch: 11 | Batch: 1200 | CrossEntropy-loss: 0.41544 | Correct: 1088/1280
Epoch: 11 | Batch: 1300 | CrossEntropy-loss: 0.50203 | Correct: 1032/1280
Epoch: 11 | Batch: 1400 | CrossEntropy-loss: 0.51812 | Correct: 1025/1280
Epoch: 11 | Batch: 1500 | CrossEntropy-loss: 0.48831 | Correct: 1027/1280

Epoch: 11 | Testing Accuracy: 412965/504607 (81.839%) | Historical Best: 81.839%

Epoch: 12 | Batch: 000 | CrossEntropy-loss: 0.44032 | Correct: 1049/1280
Epoch: 12 | Batch: 100 | CrossEntropy-loss: 0.43769 | Correct: 1059/1280
Epoch: 12 | Batch: 200 | CrossEntropy-loss: 0.45628 | Correct: 1052/1280
Epoch: 12 | Batch: 300 | CrossEntropy-loss: 0.48153 | Correct: 1060/1280
Epoch: 12 | Batch: 400 | CrossEntropy-loss: 0.48304 | Correct: 1054/1280
Epoch: 12 | Batch: 500 | CrossEntropy-loss: 0.48402 | Correct: 1042/1280
Epoch: 12 | Batch: 600 | CrossEntropy-loss: 0.42998 | Correct: 1070/1280
Epoch: 12 | Batch: 700 | CrossEntropy-loss: 0.43808 | Correct: 1061/1280
Epoch: 12 | Batch: 800 | CrossEntropy-loss: 0.44809 | Correct: 1058/1280
Epoch: 12 | Batch: 900 | CrossEntropy-loss: 0.45739 | Correct: 1052/1280
Epoch: 12 | Batch: 1000 | CrossEntropy-loss: 0.44720 | Correct: 1056/1280
Epoch: 12 | Batch: 1100 | CrossEntropy-loss: 0.49634 | Correct: 1032/1280
Epoch: 12 | Batch: 1200 | CrossEntropy-loss: 0.45920 | Correct: 1051/1280
Epoch: 12 | Batch: 1300 | CrossEntropy-loss: 0.45412 | Correct: 1057/1280
Epoch: 12 | Batch: 1400 | CrossEntropy-loss: 0.41099 | Correct: 1089/1280
Epoch: 12 | Batch: 1500 | CrossEntropy-loss: 0.47280 | Correct: 1043/1280

Epoch: 12 | Testing Accuracy: 414728/504607 (82.188%) | Historical Best: 82.188%

Epoch: 13 | Batch: 000 | CrossEntropy-loss: 0.42928 | Correct: 1079/1280
Epoch: 13 | Batch: 100 | CrossEntropy-loss: 0.41173 | Correct: 1085/1280
Epoch: 13 | Batch: 200 | CrossEntropy-loss: 0.42634 | Correct: 1051/1280
Epoch: 13 | Batch: 300 | CrossEntropy-loss: 0.45735 | Correct: 1066/1280
Epoch: 13 | Batch: 400 | CrossEntropy-loss: 0.48321 | Correct: 1021/1280
Epoch: 13 | Batch: 500 | CrossEntropy-loss: 0.47605 | Correct: 1063/1280
Epoch: 13 | Batch: 600 | CrossEntropy-loss: 0.42896 | Correct: 1071/1280
Epoch: 13 | Batch: 700 | CrossEntropy-loss: 0.45327 | Correct: 1061/1280
Epoch: 13 | Batch: 800 | CrossEntropy-loss: 0.51062 | Correct: 1016/1280
Epoch: 13 | Batch: 900 | CrossEntropy-loss: 0.47855 | Correct: 1034/1280
Epoch: 13 | Batch: 1000 | CrossEntropy-loss: 0.41033 | Correct: 1077/1280
Epoch: 13 | Batch: 1100 | CrossEntropy-loss: 0.48362 | Correct: 1039/1280
Epoch: 13 | Batch: 1200 | CrossEntropy-loss: 0.45093 | Correct: 1057/1280
Epoch: 13 | Batch: 1300 | CrossEntropy-loss: 0.38814 | Correct: 1091/1280
Epoch: 13 | Batch: 1400 | CrossEntropy-loss: 0.44160 | Correct: 1056/1280
Epoch: 13 | Batch: 1500 | CrossEntropy-loss: 0.48203 | Correct: 1031/1280

Epoch: 13 | Testing Accuracy: 415942/504607 (82.429%) | Historical Best: 82.429%

Epoch: 14 | Batch: 000 | CrossEntropy-loss: 0.48699 | Correct: 1038/1280
Epoch: 14 | Batch: 100 | CrossEntropy-loss: 0.44599 | Correct: 1060/1280
Epoch: 14 | Batch: 200 | CrossEntropy-loss: 0.51891 | Correct: 1029/1280
Epoch: 14 | Batch: 300 | CrossEntropy-loss: 0.39572 | Correct: 1090/1280
Epoch: 14 | Batch: 400 | CrossEntropy-loss: 0.43501 | Correct: 1057/1280
Epoch: 14 | Batch: 500 | CrossEntropy-loss: 0.37502 | Correct: 1089/1280
Epoch: 14 | Batch: 600 | CrossEntropy-loss: 0.45199 | Correct: 1045/1280
Epoch: 14 | Batch: 700 | CrossEntropy-loss: 0.42619 | Correct: 1053/1280
Epoch: 14 | Batch: 800 | CrossEntropy-loss: 0.43705 | Correct: 1047/1280
Epoch: 14 | Batch: 900 | CrossEntropy-loss: 0.49089 | Correct: 1033/1280
Epoch: 14 | Batch: 1000 | CrossEntropy-loss: 0.48861 | Correct: 1038/1280
Epoch: 14 | Batch: 1100 | CrossEntropy-loss: 0.51094 | Correct: 1020/1280
Epoch: 14 | Batch: 1200 | CrossEntropy-loss: 0.50504 | Correct: 1026/1280
Epoch: 14 | Batch: 1300 | CrossEntropy-loss: 0.42836 | Correct: 1057/1280
Epoch: 14 | Batch: 1400 | CrossEntropy-loss: 0.41885 | Correct: 1081/1280
Epoch: 14 | Batch: 1500 | CrossEntropy-loss: 0.41345 | Correct: 1080/1280

Epoch: 14 | Testing Accuracy: 417156/504607 (82.669%) | Historical Best: 82.669%

Epoch: 15 | Batch: 000 | CrossEntropy-loss: 0.41359 | Correct: 1080/1280
Epoch: 15 | Batch: 100 | CrossEntropy-loss: 0.45456 | Correct: 1067/1280
Epoch: 15 | Batch: 200 | CrossEntropy-loss: 0.42988 | Correct: 1065/1280
Epoch: 15 | Batch: 300 | CrossEntropy-loss: 0.46260 | Correct: 1049/1280
Epoch: 15 | Batch: 400 | CrossEntropy-loss: 0.48579 | Correct: 1045/1280
Epoch: 15 | Batch: 500 | CrossEntropy-loss: 0.46496 | Correct: 1033/1280
Epoch: 15 | Batch: 600 | CrossEntropy-loss: 0.53087 | Correct: 1019/1280
Epoch: 15 | Batch: 700 | CrossEntropy-loss: 0.41928 | Correct: 1070/1280
Epoch: 15 | Batch: 800 | CrossEntropy-loss: 0.44859 | Correct: 1054/1280
Epoch: 15 | Batch: 900 | CrossEntropy-loss: 0.41997 | Correct: 1067/1280
Epoch: 15 | Batch: 1000 | CrossEntropy-loss: 0.45307 | Correct: 1063/1280
Epoch: 15 | Batch: 1100 | CrossEntropy-loss: 0.50109 | Correct: 1020/1280
Epoch: 15 | Batch: 1200 | CrossEntropy-loss: 0.46694 | Correct: 1056/1280
Epoch: 15 | Batch: 1300 | CrossEntropy-loss: 0.44979 | Correct: 1050/1280
Epoch: 15 | Batch: 1400 | CrossEntropy-loss: 0.39368 | Correct: 1090/1280
Epoch: 15 | Batch: 1500 | CrossEntropy-loss: 0.45453 | Correct: 1070/1280

Epoch: 15 | Testing Accuracy: 418468/504607 (82.929%) | Historical Best: 82.929%

Epoch: 16 | Batch: 000 | CrossEntropy-loss: 0.41012 | Correct: 1097/1280
Epoch: 16 | Batch: 100 | CrossEntropy-loss: 0.43283 | Correct: 1063/1280
Epoch: 16 | Batch: 200 | CrossEntropy-loss: 0.44966 | Correct: 1046/1280
Epoch: 16 | Batch: 300 | CrossEntropy-loss: 0.45884 | Correct: 1066/1280
Epoch: 16 | Batch: 400 | CrossEntropy-loss: 0.44493 | Correct: 1053/1280
Epoch: 16 | Batch: 500 | CrossEntropy-loss: 0.50464 | Correct: 1032/1280
Epoch: 16 | Batch: 600 | CrossEntropy-loss: 0.47079 | Correct: 1054/1280
Epoch: 16 | Batch: 700 | CrossEntropy-loss: 0.52771 | Correct: 1015/1280
Epoch: 16 | Batch: 800 | CrossEntropy-loss: 0.40843 | Correct: 1091/1280
Epoch: 16 | Batch: 900 | CrossEntropy-loss: 0.45991 | Correct: 1069/1280
Epoch: 16 | Batch: 1000 | CrossEntropy-loss: 0.47202 | Correct: 1036/1280
Epoch: 16 | Batch: 1100 | CrossEntropy-loss: 0.42632 | Correct: 1073/1280
Epoch: 16 | Batch: 1200 | CrossEntropy-loss: 0.41935 | Correct: 1075/1280
Epoch: 16 | Batch: 1300 | CrossEntropy-loss: 0.46682 | Correct: 1050/1280
Epoch: 16 | Batch: 1400 | CrossEntropy-loss: 0.44626 | Correct: 1079/1280
Epoch: 16 | Batch: 1500 | CrossEntropy-loss: 0.50277 | Correct: 1023/1280

Epoch: 16 | Testing Accuracy: 419844/504607 (83.202%) | Historical Best: 83.202%

Epoch: 17 | Batch: 000 | CrossEntropy-loss: 0.54086 | Correct: 999/1280
Epoch: 17 | Batch: 100 | CrossEntropy-loss: 0.42908 | Correct: 1083/1280
Epoch: 17 | Batch: 200 | CrossEntropy-loss: 0.43901 | Correct: 1086/1280
Epoch: 17 | Batch: 300 | CrossEntropy-loss: 0.45467 | Correct: 1061/1280
Epoch: 17 | Batch: 400 | CrossEntropy-loss: 0.42106 | Correct: 1058/1280
Epoch: 17 | Batch: 500 | CrossEntropy-loss: 0.42652 | Correct: 1054/1280
Epoch: 17 | Batch: 600 | CrossEntropy-loss: 0.43461 | Correct: 1078/1280
Epoch: 17 | Batch: 700 | CrossEntropy-loss: 0.43080 | Correct: 1087/1280
Epoch: 17 | Batch: 800 | CrossEntropy-loss: 0.47540 | Correct: 1043/1280
Epoch: 17 | Batch: 900 | CrossEntropy-loss: 0.47110 | Correct: 1061/1280
Epoch: 17 | Batch: 1000 | CrossEntropy-loss: 0.44909 | Correct: 1077/1280
Epoch: 17 | Batch: 1100 | CrossEntropy-loss: 0.45203 | Correct: 1079/1280
Epoch: 17 | Batch: 1200 | CrossEntropy-loss: 0.44436 | Correct: 1041/1280
Epoch: 17 | Batch: 1300 | CrossEntropy-loss: 0.42620 | Correct: 1073/1280
Epoch: 17 | Batch: 1400 | CrossEntropy-loss: 0.40487 | Correct: 1078/1280
Epoch: 17 | Batch: 1500 | CrossEntropy-loss: 0.47974 | Correct: 1047/1280

Epoch: 17 | Testing Accuracy: 421582/504607 (83.547%) | Historical Best: 83.547%

Epoch: 18 | Batch: 000 | CrossEntropy-loss: 0.42664 | Correct: 1060/1280
Epoch: 18 | Batch: 100 | CrossEntropy-loss: 0.43442 | Correct: 1068/1280
Epoch: 18 | Batch: 200 | CrossEntropy-loss: 0.44225 | Correct: 1086/1280
Epoch: 18 | Batch: 300 | CrossEntropy-loss: 0.42189 | Correct: 1060/1280
Epoch: 18 | Batch: 400 | CrossEntropy-loss: 0.38593 | Correct: 1073/1280
Epoch: 18 | Batch: 500 | CrossEntropy-loss: 0.44184 | Correct: 1072/1280
Epoch: 18 | Batch: 600 | CrossEntropy-loss: 0.34866 | Correct: 1112/1280
Epoch: 18 | Batch: 700 | CrossEntropy-loss: 0.39776 | Correct: 1092/1280
Epoch: 18 | Batch: 800 | CrossEntropy-loss: 0.41872 | Correct: 1101/1280
Epoch: 18 | Batch: 900 | CrossEntropy-loss: 0.40279 | Correct: 1082/1280
Epoch: 18 | Batch: 1000 | CrossEntropy-loss: 0.42274 | Correct: 1068/1280
Epoch: 18 | Batch: 1100 | CrossEntropy-loss: 0.49773 | Correct: 1021/1280
Epoch: 18 | Batch: 1200 | CrossEntropy-loss: 0.38188 | Correct: 1078/1280
Epoch: 18 | Batch: 1300 | CrossEntropy-loss: 0.44326 | Correct: 1071/1280
Epoch: 18 | Batch: 1400 | CrossEntropy-loss: 0.43231 | Correct: 1095/1280
Epoch: 18 | Batch: 1500 | CrossEntropy-loss: 0.40055 | Correct: 1070/1280

Epoch: 18 | Testing Accuracy: 423044/504607 (83.836%) | Historical Best: 83.836%

Epoch: 19 | Batch: 000 | CrossEntropy-loss: 0.41571 | Correct: 1095/1280
Epoch: 19 | Batch: 100 | CrossEntropy-loss: 0.44455 | Correct: 1055/1280
Epoch: 19 | Batch: 200 | CrossEntropy-loss: 0.40743 | Correct: 1067/1280
Epoch: 19 | Batch: 300 | CrossEntropy-loss: 0.40114 | Correct: 1084/1280
Epoch: 19 | Batch: 400 | CrossEntropy-loss: 0.38820 | Correct: 1081/1280
Epoch: 19 | Batch: 500 | CrossEntropy-loss: 0.37539 | Correct: 1068/1280
Epoch: 19 | Batch: 600 | CrossEntropy-loss: 0.48081 | Correct: 1039/1280
Epoch: 19 | Batch: 700 | CrossEntropy-loss: 0.42159 | Correct: 1059/1280
Epoch: 19 | Batch: 800 | CrossEntropy-loss: 0.41898 | Correct: 1095/1280
Epoch: 19 | Batch: 900 | CrossEntropy-loss: 0.43967 | Correct: 1078/1280
Epoch: 19 | Batch: 1000 | CrossEntropy-loss: 0.41555 | Correct: 1082/1280
Epoch: 19 | Batch: 1100 | CrossEntropy-loss: 0.38294 | Correct: 1081/1280
Epoch: 19 | Batch: 1200 | CrossEntropy-loss: 0.42920 | Correct: 1058/1280
Epoch: 19 | Batch: 1300 | CrossEntropy-loss: 0.40890 | Correct: 1102/1280
Epoch: 19 | Batch: 1400 | CrossEntropy-loss: 0.45480 | Correct: 1043/1280
Epoch: 19 | Batch: 1500 | CrossEntropy-loss: 0.47359 | Correct: 1048/1280

Epoch: 19 | Testing Accuracy: 423887/504607 (84.003%) | Historical Best: 84.003%

Epoch: 20 | Batch: 000 | CrossEntropy-loss: 0.42023 | Correct: 1080/1280
Epoch: 20 | Batch: 100 | CrossEntropy-loss: 0.47335 | Correct: 1039/1280
Epoch: 20 | Batch: 200 | CrossEntropy-loss: 0.44241 | Correct: 1082/1280
Epoch: 20 | Batch: 300 | CrossEntropy-loss: 0.42226 | Correct: 1076/1280
Epoch: 20 | Batch: 400 | CrossEntropy-loss: 0.44727 | Correct: 1049/1280
Epoch: 20 | Batch: 500 | CrossEntropy-loss: 0.44478 | Correct: 1053/1280
Epoch: 20 | Batch: 600 | CrossEntropy-loss: 0.36933 | Correct: 1095/1280
Epoch: 20 | Batch: 700 | CrossEntropy-loss: 0.42306 | Correct: 1100/1280
Epoch: 20 | Batch: 800 | CrossEntropy-loss: 0.38187 | Correct: 1073/1280
Epoch: 20 | Batch: 900 | CrossEntropy-loss: 0.42895 | Correct: 1102/1280
Epoch: 20 | Batch: 1000 | CrossEntropy-loss: 0.45924 | Correct: 1065/1280
Epoch: 20 | Batch: 1100 | CrossEntropy-loss: 0.47943 | Correct: 1038/1280
Epoch: 20 | Batch: 1200 | CrossEntropy-loss: 0.43007 | Correct: 1093/1280
Epoch: 20 | Batch: 1300 | CrossEntropy-loss: 0.47087 | Correct: 1047/1280
Epoch: 20 | Batch: 1400 | CrossEntropy-loss: 0.40851 | Correct: 1064/1280
Epoch: 20 | Batch: 1500 | CrossEntropy-loss: 0.44513 | Correct: 1066/1280

Epoch: 20 | Testing Accuracy: 424909/504607 (84.206%) | Historical Best: 84.206%

Epoch: 21 | Batch: 000 | CrossEntropy-loss: 0.50556 | Correct: 1016/1280
Epoch: 21 | Batch: 100 | CrossEntropy-loss: 0.41743 | Correct: 1068/1280
Epoch: 21 | Batch: 200 | CrossEntropy-loss: 0.50785 | Correct: 1007/1280
Epoch: 21 | Batch: 300 | CrossEntropy-loss: 0.42632 | Correct: 1057/1280
Epoch: 21 | Batch: 400 | CrossEntropy-loss: 0.40975 | Correct: 1063/1280
Epoch: 21 | Batch: 500 | CrossEntropy-loss: 0.46627 | Correct: 1053/1280
Epoch: 21 | Batch: 600 | CrossEntropy-loss: 0.43683 | Correct: 1089/1280
Epoch: 21 | Batch: 700 | CrossEntropy-loss: 0.37936 | Correct: 1074/1280
Epoch: 21 | Batch: 800 | CrossEntropy-loss: 0.39497 | Correct: 1087/1280
Epoch: 21 | Batch: 900 | CrossEntropy-loss: 0.46264 | Correct: 1062/1280
Epoch: 21 | Batch: 1000 | CrossEntropy-loss: 0.47635 | Correct: 1026/1280
Epoch: 21 | Batch: 1100 | CrossEntropy-loss: 0.45725 | Correct: 1044/1280
Epoch: 21 | Batch: 1200 | CrossEntropy-loss: 0.41852 | Correct: 1073/1280
Epoch: 21 | Batch: 1300 | CrossEntropy-loss: 0.44274 | Correct: 1080/1280
Epoch: 21 | Batch: 1400 | CrossEntropy-loss: 0.40816 | Correct: 1060/1280
Epoch: 21 | Batch: 1500 | CrossEntropy-loss: 0.39886 | Correct: 1070/1280

Epoch: 21 | Testing Accuracy: 425597/504607 (84.342%) | Historical Best: 84.342%

Epoch: 22 | Batch: 000 | CrossEntropy-loss: 0.36414 | Correct: 1097/1280
Epoch: 22 | Batch: 100 | CrossEntropy-loss: 0.51036 | Correct: 1012/1280
Epoch: 22 | Batch: 200 | CrossEntropy-loss: 0.46506 | Correct: 1045/1280
Epoch: 22 | Batch: 300 | CrossEntropy-loss: 0.46054 | Correct: 1037/1280
Epoch: 22 | Batch: 400 | CrossEntropy-loss: 0.39960 | Correct: 1104/1280
Epoch: 22 | Batch: 500 | CrossEntropy-loss: 0.37250 | Correct: 1107/1280
Epoch: 22 | Batch: 600 | CrossEntropy-loss: 0.45257 | Correct: 1057/1280
Epoch: 22 | Batch: 700 | CrossEntropy-loss: 0.41337 | Correct: 1106/1280
Epoch: 22 | Batch: 800 | CrossEntropy-loss: 0.40252 | Correct: 1078/1280
Epoch: 22 | Batch: 900 | CrossEntropy-loss: 0.39316 | Correct: 1090/1280
Epoch: 22 | Batch: 1000 | CrossEntropy-loss: 0.37633 | Correct: 1094/1280
Epoch: 22 | Batch: 1100 | CrossEntropy-loss: 0.51028 | Correct: 1027/1280
Epoch: 22 | Batch: 1200 | CrossEntropy-loss: 0.39627 | Correct: 1119/1280
Epoch: 22 | Batch: 1300 | CrossEntropy-loss: 0.39001 | Correct: 1088/1280
Epoch: 22 | Batch: 1400 | CrossEntropy-loss: 0.39595 | Correct: 1080/1280
Epoch: 22 | Batch: 1500 | CrossEntropy-loss: 0.38403 | Correct: 1078/1280

Epoch: 22 | Testing Accuracy: 426620/504607 (84.545%) | Historical Best: 84.545%

Epoch: 23 | Batch: 000 | CrossEntropy-loss: 0.43009 | Correct: 1060/1280
Epoch: 23 | Batch: 100 | CrossEntropy-loss: 0.39571 | Correct: 1068/1280
Epoch: 23 | Batch: 200 | CrossEntropy-loss: 0.45177 | Correct: 1048/1280
Epoch: 23 | Batch: 300 | CrossEntropy-loss: 0.41475 | Correct: 1067/1280
Epoch: 23 | Batch: 400 | CrossEntropy-loss: 0.40601 | Correct: 1097/1280
Epoch: 23 | Batch: 500 | CrossEntropy-loss: 0.42444 | Correct: 1083/1280
Epoch: 23 | Batch: 600 | CrossEntropy-loss: 0.44761 | Correct: 1041/1280
Epoch: 23 | Batch: 700 | CrossEntropy-loss: 0.40789 | Correct: 1094/1280
Epoch: 23 | Batch: 800 | CrossEntropy-loss: 0.38409 | Correct: 1087/1280
Epoch: 23 | Batch: 900 | CrossEntropy-loss: 0.39431 | Correct: 1083/1280
Epoch: 23 | Batch: 1000 | CrossEntropy-loss: 0.43221 | Correct: 1063/1280
Epoch: 23 | Batch: 1100 | CrossEntropy-loss: 0.35554 | Correct: 1107/1280
Epoch: 23 | Batch: 1200 | CrossEntropy-loss: 0.38512 | Correct: 1088/1280
Epoch: 23 | Batch: 1300 | CrossEntropy-loss: 0.40968 | Correct: 1104/1280
Epoch: 23 | Batch: 1400 | CrossEntropy-loss: 0.40805 | Correct: 1092/1280
Epoch: 23 | Batch: 1500 | CrossEntropy-loss: 0.43619 | Correct: 1086/1280

Epoch: 23 | Testing Accuracy: 427181/504607 (84.656%) | Historical Best: 84.656%

Epoch: 24 | Batch: 000 | CrossEntropy-loss: 0.39749 | Correct: 1073/1280
Epoch: 24 | Batch: 100 | CrossEntropy-loss: 0.49368 | Correct: 1026/1280
Epoch: 24 | Batch: 200 | CrossEntropy-loss: 0.37681 | Correct: 1096/1280
Epoch: 24 | Batch: 300 | CrossEntropy-loss: 0.40794 | Correct: 1086/1280
Epoch: 24 | Batch: 400 | CrossEntropy-loss: 0.38442 | Correct: 1097/1280
Epoch: 24 | Batch: 500 | CrossEntropy-loss: 0.48156 | Correct: 1036/1280
Epoch: 24 | Batch: 600 | CrossEntropy-loss: 0.37924 | Correct: 1113/1280
Epoch: 24 | Batch: 700 | CrossEntropy-loss: 0.45433 | Correct: 1046/1280
Epoch: 24 | Batch: 800 | CrossEntropy-loss: 0.49720 | Correct: 1019/1280
Epoch: 24 | Batch: 900 | CrossEntropy-loss: 0.38185 | Correct: 1124/1280
Epoch: 24 | Batch: 1000 | CrossEntropy-loss: 0.49811 | Correct: 1007/1280
Epoch: 24 | Batch: 1100 | CrossEntropy-loss: 0.41943 | Correct: 1074/1280
Epoch: 24 | Batch: 1200 | CrossEntropy-loss: 0.49276 | Correct: 1027/1280
Epoch: 24 | Batch: 1300 | CrossEntropy-loss: 0.39514 | Correct: 1113/1280
Epoch: 24 | Batch: 1400 | CrossEntropy-loss: 0.39033 | Correct: 1085/1280
Epoch: 24 | Batch: 1500 | CrossEntropy-loss: 0.44899 | Correct: 1060/1280

Epoch: 24 | Testing Accuracy: 428077/504607 (84.834%) | Historical Best: 84.834%

Epoch: 25 | Batch: 000 | CrossEntropy-loss: 0.44406 | Correct: 1040/1280
Epoch: 25 | Batch: 100 | CrossEntropy-loss: 0.46042 | Correct: 1042/1280
Epoch: 25 | Batch: 200 | CrossEntropy-loss: 0.42701 | Correct: 1102/1280
Epoch: 25 | Batch: 300 | CrossEntropy-loss: 0.40406 | Correct: 1099/1280
Epoch: 25 | Batch: 400 | CrossEntropy-loss: 0.45786 | Correct: 1062/1280
Epoch: 25 | Batch: 500 | CrossEntropy-loss: 0.45881 | Correct: 1047/1280
Epoch: 25 | Batch: 600 | CrossEntropy-loss: 0.40209 | Correct: 1097/1280
Epoch: 25 | Batch: 700 | CrossEntropy-loss: 0.48193 | Correct: 1043/1280
Epoch: 25 | Batch: 800 | CrossEntropy-loss: 0.46631 | Correct: 1034/1280
Epoch: 25 | Batch: 900 | CrossEntropy-loss: 0.44930 | Correct: 1044/1280
Epoch: 25 | Batch: 1000 | CrossEntropy-loss: 0.47554 | Correct: 1039/1280
Epoch: 25 | Batch: 1100 | CrossEntropy-loss: 0.47797 | Correct: 1028/1280
Epoch: 25 | Batch: 1200 | CrossEntropy-loss: 0.47705 | Correct: 1035/1280
Epoch: 25 | Batch: 1300 | CrossEntropy-loss: 0.48333 | Correct: 1026/1280
Epoch: 25 | Batch: 1400 | CrossEntropy-loss: 0.46010 | Correct: 1036/1280
Epoch: 25 | Batch: 1500 | CrossEntropy-loss: 0.49873 | Correct: 1024/1280

Epoch: 25 | Testing Accuracy: 428920/504607 (85.001%) | Historical Best: 85.001%

Epoch: 26 | Batch: 000 | CrossEntropy-loss: 0.40971 | Correct: 1099/1280
Epoch: 26 | Batch: 100 | CrossEntropy-loss: 0.47847 | Correct: 1032/1280
Epoch: 26 | Batch: 200 | CrossEntropy-loss: 0.45784 | Correct: 1060/1280
Epoch: 26 | Batch: 300 | CrossEntropy-loss: 0.46417 | Correct: 1040/1280
Epoch: 26 | Batch: 400 | CrossEntropy-loss: 0.39018 | Correct: 1099/1280
Epoch: 26 | Batch: 500 | CrossEntropy-loss: 0.47726 | Correct: 1027/1280
Epoch: 26 | Batch: 600 | CrossEntropy-loss: 0.46441 | Correct: 1043/1280
Epoch: 26 | Batch: 700 | CrossEntropy-loss: 0.40673 | Correct: 1099/1280
Epoch: 26 | Batch: 800 | CrossEntropy-loss: 0.46211 | Correct: 1033/1280
Epoch: 26 | Batch: 900 | CrossEntropy-loss: 0.46510 | Correct: 1046/1280
Epoch: 26 | Batch: 1000 | CrossEntropy-loss: 0.46993 | Correct: 1042/1280
Epoch: 26 | Batch: 1100 | CrossEntropy-loss: 0.41977 | Correct: 1096/1280
Epoch: 26 | Batch: 1200 | CrossEntropy-loss: 0.39180 | Correct: 1100/1280
Epoch: 26 | Batch: 1300 | CrossEntropy-loss: 0.39569 | Correct: 1104/1280
Epoch: 26 | Batch: 1400 | CrossEntropy-loss: 0.40431 | Correct: 1100/1280
Epoch: 26 | Batch: 1500 | CrossEntropy-loss: 0.42979 | Correct: 1065/1280

Epoch: 26 | Testing Accuracy: 429626/504607 (85.141%) | Historical Best: 85.141%

Epoch: 27 | Batch: 000 | CrossEntropy-loss: 0.46072 | Correct: 1040/1280
Epoch: 27 | Batch: 100 | CrossEntropy-loss: 0.37097 | Correct: 1107/1280
Epoch: 27 | Batch: 200 | CrossEntropy-loss: 0.37845 | Correct: 1118/1280
Epoch: 27 | Batch: 300 | CrossEntropy-loss: 0.41686 | Correct: 1093/1280
Epoch: 27 | Batch: 400 | CrossEntropy-loss: 0.43615 | Correct: 1092/1280
Epoch: 27 | Batch: 500 | CrossEntropy-loss: 0.38209 | Correct: 1088/1280
Epoch: 27 | Batch: 600 | CrossEntropy-loss: 0.39551 | Correct: 1092/1280
Epoch: 27 | Batch: 700 | CrossEntropy-loss: 0.44507 | Correct: 1047/1280
Epoch: 27 | Batch: 800 | CrossEntropy-loss: 0.38769 | Correct: 1089/1280
Epoch: 27 | Batch: 900 | CrossEntropy-loss: 0.38072 | Correct: 1109/1280
Epoch: 27 | Batch: 1000 | CrossEntropy-loss: 0.35233 | Correct: 1113/1280
Epoch: 27 | Batch: 1100 | CrossEntropy-loss: 0.44591 | Correct: 1041/1280
Epoch: 27 | Batch: 1200 | CrossEntropy-loss: 0.44387 | Correct: 1054/1280
Epoch: 27 | Batch: 1300 | CrossEntropy-loss: 0.38430 | Correct: 1117/1280
Epoch: 27 | Batch: 1400 | CrossEntropy-loss: 0.34459 | Correct: 1120/1280
Epoch: 27 | Batch: 1500 | CrossEntropy-loss: 0.46406 | Correct: 1051/1280

Epoch: 27 | Testing Accuracy: 429960/504607 (85.207%) | Historical Best: 85.207%

Epoch: 28 | Batch: 000 | CrossEntropy-loss: 0.39823 | Correct: 1102/1280
Epoch: 28 | Batch: 100 | CrossEntropy-loss: 0.44234 | Correct: 1048/1280
Epoch: 28 | Batch: 200 | CrossEntropy-loss: 0.43464 | Correct: 1075/1280
Epoch: 28 | Batch: 300 | CrossEntropy-loss: 0.35672 | Correct: 1103/1280
Epoch: 28 | Batch: 400 | CrossEntropy-loss: 0.39416 | Correct: 1100/1280
Epoch: 28 | Batch: 500 | CrossEntropy-loss: 0.46962 | Correct: 1022/1280
Epoch: 28 | Batch: 600 | CrossEntropy-loss: 0.40371 | Correct: 1086/1280
Epoch: 28 | Batch: 700 | CrossEntropy-loss: 0.45525 | Correct: 1054/1280
Epoch: 28 | Batch: 800 | CrossEntropy-loss: 0.41495 | Correct: 1108/1280
Epoch: 28 | Batch: 900 | CrossEntropy-loss: 0.39398 | Correct: 1105/1280
Epoch: 28 | Batch: 1000 | CrossEntropy-loss: 0.40534 | Correct: 1098/1280
Epoch: 28 | Batch: 1100 | CrossEntropy-loss: 0.42577 | Correct: 1095/1280
Epoch: 28 | Batch: 1200 | CrossEntropy-loss: 0.39832 | Correct: 1097/1280
Epoch: 28 | Batch: 1300 | CrossEntropy-loss: 0.36893 | Correct: 1102/1280
Epoch: 28 | Batch: 1400 | CrossEntropy-loss: 0.36336 | Correct: 1103/1280
Epoch: 28 | Batch: 1500 | CrossEntropy-loss: 0.38913 | Correct: 1122/1280

Epoch: 28 | Testing Accuracy: 430376/504607 (85.289%) | Historical Best: 85.289%

Epoch: 29 | Batch: 000 | CrossEntropy-loss: 0.41495 | Correct: 1088/1280
Epoch: 29 | Batch: 100 | CrossEntropy-loss: 0.45363 | Correct: 1053/1280
Epoch: 29 | Batch: 200 | CrossEntropy-loss: 0.37699 | Correct: 1107/1280
Epoch: 29 | Batch: 300 | CrossEntropy-loss: 0.39706 | Correct: 1084/1280
Epoch: 29 | Batch: 400 | CrossEntropy-loss: 0.37264 | Correct: 1130/1280
Epoch: 29 | Batch: 500 | CrossEntropy-loss: 0.36294 | Correct: 1098/1280
Epoch: 29 | Batch: 600 | CrossEntropy-loss: 0.40149 | Correct: 1105/1280
Epoch: 29 | Batch: 700 | CrossEntropy-loss: 0.45585 | Correct: 1039/1280
Epoch: 29 | Batch: 800 | CrossEntropy-loss: 0.38443 | Correct: 1096/1280
Epoch: 29 | Batch: 900 | CrossEntropy-loss: 0.42599 | Correct: 1100/1280
Epoch: 29 | Batch: 1000 | CrossEntropy-loss: 0.40656 | Correct: 1097/1280
Epoch: 29 | Batch: 1100 | CrossEntropy-loss: 0.37531 | Correct: 1110/1280
Epoch: 29 | Batch: 1200 | CrossEntropy-loss: 0.45641 | Correct: 1063/1280
Epoch: 29 | Batch: 1300 | CrossEntropy-loss: 0.43865 | Correct: 1063/1280
Epoch: 29 | Batch: 1400 | CrossEntropy-loss: 0.41087 | Correct: 1099/1280
Epoch: 29 | Batch: 1500 | CrossEntropy-loss: 0.38573 | Correct: 1099/1280

Epoch: 29 | Testing Accuracy: 431077/504607 (85.428%) | Historical Best: 85.428%

Epoch: 30 | Batch: 000 | CrossEntropy-loss: 0.44083 | Correct: 1067/1280
Epoch: 30 | Batch: 100 | CrossEntropy-loss: 0.43729 | Correct: 1061/1280
Epoch: 30 | Batch: 200 | CrossEntropy-loss: 0.40797 | Correct: 1106/1280
Epoch: 30 | Batch: 300 | CrossEntropy-loss: 0.46445 | Correct: 1049/1280
Epoch: 30 | Batch: 400 | CrossEntropy-loss: 0.46665 | Correct: 1041/1280
Epoch: 30 | Batch: 500 | CrossEntropy-loss: 0.46015 | Correct: 1055/1280
Epoch: 30 | Batch: 600 | CrossEntropy-loss: 0.48129 | Correct: 1041/1280
Epoch: 30 | Batch: 700 | CrossEntropy-loss: 0.45579 | Correct: 1044/1280
Epoch: 30 | Batch: 800 | CrossEntropy-loss: 0.45617 | Correct: 1056/1280
Epoch: 30 | Batch: 900 | CrossEntropy-loss: 0.45593 | Correct: 1045/1280
Epoch: 30 | Batch: 1000 | CrossEntropy-loss: 0.34723 | Correct: 1103/1280
Epoch: 30 | Batch: 1100 | CrossEntropy-loss: 0.36190 | Correct: 1110/1280
Epoch: 30 | Batch: 1200 | CrossEntropy-loss: 0.34466 | Correct: 1118/1280
Epoch: 30 | Batch: 1300 | CrossEntropy-loss: 0.49571 | Correct: 1019/1280
Epoch: 30 | Batch: 1400 | CrossEntropy-loss: 0.33495 | Correct: 1117/1280
Epoch: 30 | Batch: 1500 | CrossEntropy-loss: 0.36368 | Correct: 1108/1280

Epoch: 30 | Testing Accuracy: 431570/504607 (85.526%) | Historical Best: 85.526%

Epoch: 31 | Batch: 000 | CrossEntropy-loss: 0.37729 | Correct: 1109/1280
Epoch: 31 | Batch: 100 | CrossEntropy-loss: 0.38725 | Correct: 1119/1280
Epoch: 31 | Batch: 200 | CrossEntropy-loss: 0.47192 | Correct: 1027/1280
Epoch: 31 | Batch: 300 | CrossEntropy-loss: 0.38718 | Correct: 1085/1280
Epoch: 31 | Batch: 400 | CrossEntropy-loss: 0.46093 | Correct: 1049/1280
Epoch: 31 | Batch: 500 | CrossEntropy-loss: 0.36076 | Correct: 1118/1280
Epoch: 31 | Batch: 600 | CrossEntropy-loss: 0.41393 | Correct: 1086/1280
Epoch: 31 | Batch: 700 | CrossEntropy-loss: 0.36488 | Correct: 1097/1280
Epoch: 31 | Batch: 800 | CrossEntropy-loss: 0.39051 | Correct: 1105/1280
Epoch: 31 | Batch: 900 | CrossEntropy-loss: 0.46754 | Correct: 1038/1280
Epoch: 31 | Batch: 1000 | CrossEntropy-loss: 0.43388 | Correct: 1063/1280
Epoch: 31 | Batch: 1100 | CrossEntropy-loss: 0.50240 | Correct: 1020/1280
Epoch: 31 | Batch: 1200 | CrossEntropy-loss: 0.41343 | Correct: 1083/1280
Epoch: 31 | Batch: 1300 | CrossEntropy-loss: 0.37773 | Correct: 1101/1280
Epoch: 31 | Batch: 1400 | CrossEntropy-loss: 0.39679 | Correct: 1108/1280
Epoch: 31 | Batch: 1500 | CrossEntropy-loss: 0.34173 | Correct: 1122/1280

Epoch: 31 | Testing Accuracy: 432413/504607 (85.693%) | Historical Best: 85.693%

Epoch: 32 | Batch: 000 | CrossEntropy-loss: 0.40851 | Correct: 1103/1280
Epoch: 32 | Batch: 100 | CrossEntropy-loss: 0.36415 | Correct: 1106/1280
Epoch: 32 | Batch: 200 | CrossEntropy-loss: 0.46016 | Correct: 1052/1280
Epoch: 32 | Batch: 300 | CrossEntropy-loss: 0.40024 | Correct: 1105/1280
Epoch: 32 | Batch: 400 | CrossEntropy-loss: 0.47071 | Correct: 1055/1280
Epoch: 32 | Batch: 500 | CrossEntropy-loss: 0.36287 | Correct: 1134/1280
Epoch: 32 | Batch: 600 | CrossEntropy-loss: 0.46901 | Correct: 1039/1280
Epoch: 32 | Batch: 700 | CrossEntropy-loss: 0.36805 | Correct: 1116/1280
Epoch: 32 | Batch: 800 | CrossEntropy-loss: 0.37570 | Correct: 1093/1280
Epoch: 32 | Batch: 900 | CrossEntropy-loss: 0.39377 | Correct: 1105/1280
Epoch: 32 | Batch: 1000 | CrossEntropy-loss: 0.35555 | Correct: 1113/1280
Epoch: 32 | Batch: 1100 | CrossEntropy-loss: 0.35191 | Correct: 1108/1280
Epoch: 32 | Batch: 1200 | CrossEntropy-loss: 0.44815 | Correct: 1063/1280
Epoch: 32 | Batch: 1300 | CrossEntropy-loss: 0.40115 | Correct: 1095/1280
Epoch: 32 | Batch: 1400 | CrossEntropy-loss: 0.35980 | Correct: 1108/1280
Epoch: 32 | Batch: 1500 | CrossEntropy-loss: 0.39362 | Correct: 1103/1280

Epoch: 32 | Testing Accuracy: 432420/504607 (85.694%) | Historical Best: 85.694%

Epoch: 33 | Batch: 000 | CrossEntropy-loss: 0.39294 | Correct: 1098/1280
Epoch: 33 | Batch: 100 | CrossEntropy-loss: 0.36070 | Correct: 1122/1280
Epoch: 33 | Batch: 200 | CrossEntropy-loss: 0.35628 | Correct: 1105/1280
Epoch: 33 | Batch: 300 | CrossEntropy-loss: 0.35103 | Correct: 1109/1280
Epoch: 33 | Batch: 400 | CrossEntropy-loss: 0.35775 | Correct: 1112/1280
Epoch: 33 | Batch: 500 | CrossEntropy-loss: 0.32931 | Correct: 1119/1280
Epoch: 33 | Batch: 600 | CrossEntropy-loss: 0.42464 | Correct: 1067/1280
Epoch: 33 | Batch: 700 | CrossEntropy-loss: 0.35154 | Correct: 1110/1280
Epoch: 33 | Batch: 800 | CrossEntropy-loss: 0.38259 | Correct: 1117/1280
Epoch: 33 | Batch: 900 | CrossEntropy-loss: 0.45889 | Correct: 1029/1280
Epoch: 33 | Batch: 1000 | CrossEntropy-loss: 0.34002 | Correct: 1108/1280
Epoch: 33 | Batch: 1100 | CrossEntropy-loss: 0.37481 | Correct: 1112/1280
Epoch: 33 | Batch: 1200 | CrossEntropy-loss: 0.35892 | Correct: 1126/1280
Epoch: 33 | Batch: 1300 | CrossEntropy-loss: 0.33650 | Correct: 1112/1280
Epoch: 33 | Batch: 1400 | CrossEntropy-loss: 0.35431 | Correct: 1116/1280
Epoch: 33 | Batch: 1500 | CrossEntropy-loss: 0.42267 | Correct: 1094/1280

Epoch: 33 | Testing Accuracy: 432542/504607 (85.719%) | Historical Best: 85.719%

Epoch: 34 | Batch: 000 | CrossEntropy-loss: 0.38556 | Correct: 1105/1280
Epoch: 34 | Batch: 100 | CrossEntropy-loss: 0.36799 | Correct: 1110/1280
Epoch: 34 | Batch: 200 | CrossEntropy-loss: 0.36771 | Correct: 1110/1280
Epoch: 34 | Batch: 300 | CrossEntropy-loss: 0.37178 | Correct: 1093/1280
Epoch: 34 | Batch: 400 | CrossEntropy-loss: 0.44583 | Correct: 1037/1280
Epoch: 34 | Batch: 500 | CrossEntropy-loss: 0.49445 | Correct: 1038/1280
Epoch: 34 | Batch: 600 | CrossEntropy-loss: 0.45321 | Correct: 1052/1280
Epoch: 34 | Batch: 700 | CrossEntropy-loss: 0.32786 | Correct: 1119/1280
Epoch: 34 | Batch: 800 | CrossEntropy-loss: 0.47333 | Correct: 1038/1280
Epoch: 34 | Batch: 900 | CrossEntropy-loss: 0.46672 | Correct: 1038/1280
Epoch: 34 | Batch: 1000 | CrossEntropy-loss: 0.37006 | Correct: 1113/1280
Epoch: 34 | Batch: 1100 | CrossEntropy-loss: 0.46627 | Correct: 1046/1280
Epoch: 34 | Batch: 1200 | CrossEntropy-loss: 0.36494 | Correct: 1120/1280
Epoch: 34 | Batch: 1300 | CrossEntropy-loss: 0.46933 | Correct: 1047/1280
Epoch: 34 | Batch: 1400 | CrossEntropy-loss: 0.35625 | Correct: 1110/1280
Epoch: 34 | Batch: 1500 | CrossEntropy-loss: 0.47365 | Correct: 1039/1280

Epoch: 34 | Testing Accuracy: 432176/504607 (85.646%) | Historical Best: 85.719%

Epoch: 35 | Batch: 000 | CrossEntropy-loss: 0.39527 | Correct: 1100/1280
Epoch: 35 | Batch: 100 | CrossEntropy-loss: 0.34529 | Correct: 1122/1280
Epoch: 35 | Batch: 200 | CrossEntropy-loss: 0.37156 | Correct: 1113/1280
Epoch: 35 | Batch: 300 | CrossEntropy-loss: 0.37002 | Correct: 1107/1280
Epoch: 35 | Batch: 400 | CrossEntropy-loss: 0.46871 | Correct: 1035/1280
Epoch: 35 | Batch: 500 | CrossEntropy-loss: 0.34403 | Correct: 1129/1280
Epoch: 35 | Batch: 600 | CrossEntropy-loss: 0.38240 | Correct: 1099/1280
Epoch: 35 | Batch: 700 | CrossEntropy-loss: 0.45866 | Correct: 1048/1280
Epoch: 35 | Batch: 800 | CrossEntropy-loss: 0.34792 | Correct: 1121/1280
Epoch: 35 | Batch: 900 | CrossEntropy-loss: 0.32782 | Correct: 1138/1280
Epoch: 35 | Batch: 1000 | CrossEntropy-loss: 0.30893 | Correct: 1129/1280
Epoch: 35 | Batch: 1100 | CrossEntropy-loss: 0.44810 | Correct: 1049/1280
Epoch: 35 | Batch: 1200 | CrossEntropy-loss: 0.39047 | Correct: 1118/1280
Epoch: 35 | Batch: 1300 | CrossEntropy-loss: 0.45158 | Correct: 1059/1280
Epoch: 35 | Batch: 1400 | CrossEntropy-loss: 0.37356 | Correct: 1102/1280
Epoch: 35 | Batch: 1500 | CrossEntropy-loss: 0.35315 | Correct: 1116/1280

Epoch: 35 | Testing Accuracy: 432803/504607 (85.770%) | Historical Best: 85.770%

Epoch: 36 | Batch: 000 | CrossEntropy-loss: 0.34564 | Correct: 1116/1280
Epoch: 36 | Batch: 100 | CrossEntropy-loss: 0.48573 | Correct: 1028/1280
Epoch: 36 | Batch: 200 | CrossEntropy-loss: 0.34238 | Correct: 1117/1280
Epoch: 36 | Batch: 300 | CrossEntropy-loss: 0.46906 | Correct: 1048/1280
Epoch: 36 | Batch: 400 | CrossEntropy-loss: 0.39887 | Correct: 1098/1280
Epoch: 36 | Batch: 500 | CrossEntropy-loss: 0.33756 | Correct: 1129/1280
Epoch: 36 | Batch: 600 | CrossEntropy-loss: 0.39632 | Correct: 1090/1280
Epoch: 36 | Batch: 700 | CrossEntropy-loss: 0.38924 | Correct: 1099/1280
Epoch: 36 | Batch: 800 | CrossEntropy-loss: 0.36127 | Correct: 1119/1280
Epoch: 36 | Batch: 900 | CrossEntropy-loss: 0.38048 | Correct: 1111/1280
Epoch: 36 | Batch: 1000 | CrossEntropy-loss: 0.37821 | Correct: 1115/1280
Epoch: 36 | Batch: 1100 | CrossEntropy-loss: 0.49140 | Correct: 1033/1280
Epoch: 36 | Batch: 1200 | CrossEntropy-loss: 0.43390 | Correct: 1065/1280
Epoch: 36 | Batch: 1300 | CrossEntropy-loss: 0.38407 | Correct: 1113/1280
Epoch: 36 | Batch: 1400 | CrossEntropy-loss: 0.35542 | Correct: 1125/1280
Epoch: 36 | Batch: 1500 | CrossEntropy-loss: 0.40490 | Correct: 1103/1280

Epoch: 36 | Testing Accuracy: 434250/504607 (86.057%) | Historical Best: 86.057%

Epoch: 37 | Batch: 000 | CrossEntropy-loss: 0.38333 | Correct: 1115/1280
Epoch: 37 | Batch: 100 | CrossEntropy-loss: 0.37157 | Correct: 1111/1280
Epoch: 37 | Batch: 200 | CrossEntropy-loss: 0.36899 | Correct: 1107/1280
Epoch: 37 | Batch: 300 | CrossEntropy-loss: 0.44777 | Correct: 1047/1280
Epoch: 37 | Batch: 400 | CrossEntropy-loss: 0.39112 | Correct: 1094/1280
Epoch: 37 | Batch: 500 | CrossEntropy-loss: 0.31471 | Correct: 1127/1280
Epoch: 37 | Batch: 600 | CrossEntropy-loss: 0.45315 | Correct: 1055/1280
Epoch: 37 | Batch: 700 | CrossEntropy-loss: 0.37605 | Correct: 1106/1280
Epoch: 37 | Batch: 800 | CrossEntropy-loss: 0.38497 | Correct: 1119/1280
Epoch: 37 | Batch: 900 | CrossEntropy-loss: 0.44846 | Correct: 1049/1280
Epoch: 37 | Batch: 1000 | CrossEntropy-loss: 0.29298 | Correct: 1131/1280
Epoch: 37 | Batch: 1100 | CrossEntropy-loss: 0.44754 | Correct: 1061/1280
Epoch: 37 | Batch: 1200 | CrossEntropy-loss: 0.49138 | Correct: 1032/1280
Epoch: 37 | Batch: 1300 | CrossEntropy-loss: 0.47100 | Correct: 1041/1280
Epoch: 37 | Batch: 1400 | CrossEntropy-loss: 0.45805 | Correct: 1058/1280
Epoch: 37 | Batch: 1500 | CrossEntropy-loss: 0.36213 | Correct: 1114/1280

Epoch: 37 | Testing Accuracy: 434142/504607 (86.036%) | Historical Best: 86.057%

Epoch: 38 | Batch: 000 | CrossEntropy-loss: 0.34022 | Correct: 1117/1280
Epoch: 38 | Batch: 100 | CrossEntropy-loss: 0.34452 | Correct: 1106/1280
Epoch: 38 | Batch: 200 | CrossEntropy-loss: 0.48631 | Correct: 1045/1280
Epoch: 38 | Batch: 300 | CrossEntropy-loss: 0.45973 | Correct: 1041/1280
Epoch: 38 | Batch: 400 | CrossEntropy-loss: 0.35031 | Correct: 1130/1280
Epoch: 38 | Batch: 500 | CrossEntropy-loss: 0.31745 | Correct: 1133/1280
Epoch: 38 | Batch: 600 | CrossEntropy-loss: 0.44904 | Correct: 1053/1280
Epoch: 38 | Batch: 700 | CrossEntropy-loss: 0.35262 | Correct: 1128/1280
Epoch: 38 | Batch: 800 | CrossEntropy-loss: 0.47019 | Correct: 1049/1280
Epoch: 38 | Batch: 900 | CrossEntropy-loss: 0.34901 | Correct: 1115/1280
Epoch: 38 | Batch: 1000 | CrossEntropy-loss: 0.32489 | Correct: 1148/1280
Epoch: 38 | Batch: 1100 | CrossEntropy-loss: 0.43064 | Correct: 1063/1280
Epoch: 38 | Batch: 1200 | CrossEntropy-loss: 0.46336 | Correct: 1041/1280
Epoch: 38 | Batch: 1300 | CrossEntropy-loss: 0.33263 | Correct: 1128/1280
Epoch: 38 | Batch: 1400 | CrossEntropy-loss: 0.29979 | Correct: 1139/1280
Epoch: 38 | Batch: 1500 | CrossEntropy-loss: 0.32713 | Correct: 1132/1280

Epoch: 38 | Testing Accuracy: 434805/504607 (86.167%) | Historical Best: 86.167%

Epoch: 39 | Batch: 000 | CrossEntropy-loss: 0.45168 | Correct: 1059/1280
Epoch: 39 | Batch: 100 | CrossEntropy-loss: 0.46374 | Correct: 1039/1280
Epoch: 39 | Batch: 200 | CrossEntropy-loss: 0.45955 | Correct: 1044/1280
Epoch: 39 | Batch: 300 | CrossEntropy-loss: 0.44518 | Correct: 1053/1280
Epoch: 39 | Batch: 400 | CrossEntropy-loss: 0.31933 | Correct: 1125/1280
Epoch: 39 | Batch: 500 | CrossEntropy-loss: 0.29836 | Correct: 1144/1280
Epoch: 39 | Batch: 600 | CrossEntropy-loss: 0.31348 | Correct: 1143/1280
Epoch: 39 | Batch: 700 | CrossEntropy-loss: 0.36544 | Correct: 1128/1280
Epoch: 39 | Batch: 800 | CrossEntropy-loss: 0.33307 | Correct: 1131/1280
Epoch: 39 | Batch: 900 | CrossEntropy-loss: 0.43761 | Correct: 1063/1280
Epoch: 39 | Batch: 1000 | CrossEntropy-loss: 0.33781 | Correct: 1125/1280
Epoch: 39 | Batch: 1100 | CrossEntropy-loss: 0.33956 | Correct: 1122/1280
Epoch: 39 | Batch: 1200 | CrossEntropy-loss: 0.47232 | Correct: 1041/1280
Epoch: 39 | Batch: 1300 | CrossEntropy-loss: 0.34268 | Correct: 1118/1280
Epoch: 39 | Batch: 1400 | CrossEntropy-loss: 0.47484 | Correct: 1024/1280
Epoch: 39 | Batch: 1500 | CrossEntropy-loss: 0.33389 | Correct: 1124/1280

Epoch: 39 | Testing Accuracy: 435038/504607 (86.213%) | Historical Best: 86.213%

Epoch: 40 | Batch: 000 | CrossEntropy-loss: 0.36997 | Correct: 1117/1280
Epoch: 40 | Batch: 100 | CrossEntropy-loss: 0.42734 | Correct: 1069/1280
Epoch: 40 | Batch: 200 | CrossEntropy-loss: 0.31669 | Correct: 1131/1280
Epoch: 40 | Batch: 300 | CrossEntropy-loss: 0.37533 | Correct: 1106/1280
Epoch: 40 | Batch: 400 | CrossEntropy-loss: 0.38932 | Correct: 1104/1280
Epoch: 40 | Batch: 500 | CrossEntropy-loss: 0.32339 | Correct: 1130/1280
Epoch: 40 | Batch: 600 | CrossEntropy-loss: 0.39154 | Correct: 1115/1280
Epoch: 40 | Batch: 700 | CrossEntropy-loss: 0.33266 | Correct: 1115/1280
Epoch: 40 | Batch: 800 | CrossEntropy-loss: 0.42866 | Correct: 1056/1280
Epoch: 40 | Batch: 900 | CrossEntropy-loss: 0.31116 | Correct: 1128/1280
Epoch: 40 | Batch: 1000 | CrossEntropy-loss: 0.48267 | Correct: 1033/1280
Epoch: 40 | Batch: 1100 | CrossEntropy-loss: 0.32357 | Correct: 1122/1280
Epoch: 40 | Batch: 1200 | CrossEntropy-loss: 0.47254 | Correct: 1046/1280
Epoch: 40 | Batch: 1300 | CrossEntropy-loss: 0.44343 | Correct: 1060/1280
Epoch: 40 | Batch: 1400 | CrossEntropy-loss: 0.48550 | Correct: 1034/1280
Epoch: 40 | Batch: 1500 | CrossEntropy-loss: 0.31637 | Correct: 1125/1280

Epoch: 40 | Testing Accuracy: 434806/504607 (86.167%) | Historical Best: 86.213%

