compute002
4
/home/zihan/anaconda3/envs/exp/lib/python3.6/site-packages/gym/envs/registration.py:14: PkgResourcesDeprecationWarning: Parameters to load are deprecated.  Call .resolve and .require separately.
  result = entry_point.load(False)
8 4
# of episode :20, reward : -113.5, episode length: 73
# of episode :40, reward : -200.2, episode length: 66
# of episode :60, reward : -225.2, episode length: 93
# of episode :80, reward : -90.6, episode length: 70
# of episode :100, reward : -110.9, episode length: 96
# of episode :120, reward : -224.8, episode length: 79
# of episode :140, reward : -369.1, episode length: 91
# of episode :160, reward : -262.9, episode length: 101
# of episode :180, reward : -477.9, episode length: 110
# of episode :200, reward : -94.0, episode length: 75
# of episode :220, reward : -220.2, episode length: 96
# of episode :240, reward : -81.4, episode length: 69
# of episode :260, reward : -105.0, episode length: 112
# of episode :280, reward : -84.6, episode length: 74
# of episode :300, reward : -100.6, episode length: 126
# of episode :320, reward : -129.0, episode length: 151
# of episode :340, reward : -45.7, episode length: 123
# of episode :360, reward : -199.3, episode length: 120
# of episode :380, reward : -30.6, episode length: 160
# of episode :400, reward : -266.0, episode length: 166
# of episode :420, reward : -197.4, episode length: 141
# of episode :440, reward : -59.5, episode length: 108
# of episode :460, reward : -63.5, episode length: 91
# of episode :480, reward : -20.7, episode length: 139
# of episode :500, reward : -77.0, episode length: 253
# of episode :520, reward : -60.2, episode length: 90
# of episode :540, reward : -70.9, episode length: 175
# of episode :560, reward : -33.6, episode length: 103
# of episode :580, reward : 6.9, episode length: 106
# of episode :600, reward : -1.7, episode length: 257
# of episode :620, reward : -21.6, episode length: 1000
# of episode :640, reward : -35.8, episode length: 219
# of episode :660, reward : 2.3, episode length: 1000
# of episode :680, reward : -110.7, episode length: 195
# of episode :700, reward : -73.8, episode length: 154
# of episode :720, reward : 22.9, episode length: 1000
# of episode :740, reward : -63.1, episode length: 279
# of episode :760, reward : 3.9, episode length: 203
# of episode :780, reward : -126.6, episode length: 240
# of episode :800, reward : -44.0, episode length: 324
# of episode :820, reward : -90.6, episode length: 1000
# of episode :840, reward : -418.0, episode length: 788
# of episode :860, reward : -150.0, episode length: 469
# of episode :880, reward : -163.0, episode length: 413
# of episode :900, reward : -25.5, episode length: 1000
# of episode :920, reward : -30.1, episode length: 1000
# of episode :940, reward : -43.7, episode length: 320
# of episode :960, reward : -133.8, episode length: 194
# of episode :980, reward : -38.0, episode length: 147
# of episode :1000, reward : 21.6, episode length: 138
# of episode :1020, reward : -96.8, episode length: 373
# of episode :1040, reward : 36.7, episode length: 262
# of episode :1060, reward : -8.1, episode length: 1000
# of episode :1080, reward : -193.6, episode length: 461
# of episode :1100, reward : -18.7, episode length: 1000
# of episode :1120, reward : 15.8, episode length: 1000
# of episode :1140, reward : -155.6, episode length: 326
# of episode :1160, reward : -63.2, episode length: 373
# of episode :1180, reward : -31.4, episode length: 1000
# of episode :1200, reward : -15.2, episode length: 1000
# of episode :1220, reward : -192.4, episode length: 708
# of episode :1240, reward : -11.6, episode length: 1000
# of episode :1260, reward : -62.5, episode length: 1000
# of episode :1280, reward : -30.6, episode length: 259
# of episode :1300, reward : -81.7, episode length: 1000
# of episode :1320, reward : -38.9, episode length: 1000
# of episode :1340, reward : 48.1, episode length: 313
# of episode :1360, reward : -5.9, episode length: 1000
# of episode :1380, reward : 33.7, episode length: 1000
# of episode :1400, reward : 54.8, episode length: 1000
# of episode :1420, reward : 13.6, episode length: 1000
# of episode :1440, reward : -28.7, episode length: 331
# of episode :1460, reward : 92.5, episode length: 1000
# of episode :1480, reward : -46.9, episode length: 301
# of episode :1500, reward : -3.1, episode length: 337
# of episode :1520, reward : 72.4, episode length: 1000
# of episode :1540, reward : 78.4, episode length: 1000
# of episode :1560, reward : 77.8, episode length: 1000
# of episode :1580, reward : 77.9, episode length: 1000
# of episode :1600, reward : 89.9, episode length: 1000
# of episode :1620, reward : 108.9, episode length: 1000
# of episode :1640, reward : 77.7, episode length: 1000
# of episode :1660, reward : 66.1, episode length: 1000
# of episode :1680, reward : -14.8, episode length: 456
# of episode :1700, reward : 108.4, episode length: 1000
# of episode :1720, reward : 121.1, episode length: 1000
# of episode :1740, reward : -59.2, episode length: 367
# of episode :1760, reward : 20.9, episode length: 1000
# of episode :1780, reward : 91.9, episode length: 1000
# of episode :1800, reward : 135.4, episode length: 1000
# of episode :1820, reward : 98.3, episode length: 1000
# of episode :1840, reward : 92.2, episode length: 1000
# of episode :1860, reward : 112.6, episode length: 1000
# of episode :1880, reward : 74.6, episode length: 1000
# of episode :1900, reward : 50.3, episode length: 1000
# of episode :1920, reward : 4.2, episode length: 367
# of episode :1940, reward : -52.5, episode length: 359
# of episode :1960, reward : 110.1, episode length: 1000
# of episode :1980, reward : 80.6, episode length: 1000
# of episode :2000, reward : 89.4, episode length: 1000
# of episode :2020, reward : 53.1, episode length: 1000
# of episode :2040, reward : 116.1, episode length: 1000
# of episode :2060, reward : 140.2, episode length: 1000
# of episode :2080, reward : 73.4, episode length: 1000
# of episode :2100, reward : -57.1, episode length: 419
# of episode :2120, reward : 99.3, episode length: 1000
# of episode :2140, reward : 75.3, episode length: 1000
# of episode :2160, reward : 63.5, episode length: 1000
# of episode :2180, reward : 84.2, episode length: 860
# of episode :2200, reward : 114.8, episode length: 1000
# of episode :2220, reward : 70.1, episode length: 1000
# of episode :2240, reward : 113.0, episode length: 1000
# of episode :2260, reward : 148.7, episode length: 674
# of episode :2280, reward : 60.8, episode length: 1000
# of episode :2300, reward : 77.6, episode length: 1000
# of episode :2320, reward : 92.5, episode length: 1000
# of episode :2340, reward : 98.2, episode length: 1000
# of episode :2360, reward : 86.1, episode length: 1000
# of episode :2380, reward : -5.4, episode length: 517
# of episode :2400, reward : 67.2, episode length: 866
# of episode :2420, reward : 194.9, episode length: 900
# of episode :2440, reward : 84.4, episode length: 1000
# of episode :2460, reward : 104.9, episode length: 1000
# of episode :2480, reward : -184.7, episode length: 658
# of episode :2500, reward : -97.4, episode length: 700
# of episode :2520, reward : 83.6, episode length: 1000
# of episode :2540, reward : 145.9, episode length: 527
# of episode :2560, reward : -38.8, episode length: 442
# of episode :2580, reward : 145.4, episode length: 619
# of episode :2600, reward : 56.5, episode length: 1000
# of episode :2620, reward : 59.0, episode length: 1000
# of episode :2640, reward : 71.7, episode length: 1000
# of episode :2660, reward : -54.8, episode length: 1000
# of episode :2680, reward : 57.8, episode length: 1000
# of episode :2700, reward : 51.7, episode length: 1000
# of episode :2720, reward : 79.2, episode length: 693
# of episode :2740, reward : 73.5, episode length: 1000
# of episode :2760, reward : 38.4, episode length: 1000
# of episode :2780, reward : 94.2, episode length: 1000
# of episode :2800, reward : 114.9, episode length: 1000
# of episode :2820, reward : -37.2, episode length: 300
# of episode :2840, reward : 94.2, episode length: 1000
# of episode :2860, reward : 196.3, episode length: 625
# of episode :2880, reward : 228.2, episode length: 817
# of episode :2900, reward : 109.3, episode length: 1000
# of episode :2920, reward : -51.6, episode length: 447
# of episode :2940, reward : 53.3, episode length: 1000
# of episode :2960, reward : 161.7, episode length: 786
# of episode :2980, reward : -85.0, episode length: 470
# of episode :3000, reward : 99.1, episode length: 1000
# of episode :3020, reward : 84.1, episode length: 1000
# of episode :3040, reward : -34.8, episode length: 306
# of episode :3060, reward : 110.2, episode length: 1000
# of episode :3080, reward : 61.2, episode length: 1000
# of episode :3100, reward : 195.6, episode length: 560
# of episode :3120, reward : 13.8, episode length: 291
# of episode :3140, reward : 60.4, episode length: 1000
# of episode :3160, reward : 199.9, episode length: 522
# of episode :3180, reward : 115.2, episode length: 1000
# of episode :3200, reward : 157.2, episode length: 552
# of episode :3220, reward : 93.8, episode length: 1000
# of episode :3240, reward : 188.3, episode length: 676
# of episode :3260, reward : 97.6, episode length: 1000
# of episode :3280, reward : 61.5, episode length: 1000
# of episode :3300, reward : 112.0, episode length: 1000
# of episode :3320, reward : -72.6, episode length: 585
# of episode :3340, reward : -57.9, episode length: 404
# of episode :3360, reward : 194.0, episode length: 407
# of episode :3380, reward : 70.3, episode length: 1000
# of episode :3400, reward : 61.5, episode length: 1000
# of episode :3420, reward : 36.6, episode length: 885
# of episode :3440, reward : -28.6, episode length: 1000
# of episode :3460, reward : -36.9, episode length: 438
# of episode :3480, reward : -79.5, episode length: 472
# of episode :3500, reward : 174.0, episode length: 577
# of episode :3520, reward : 62.4, episode length: 1000
# of episode :3540, reward : -25.7, episode length: 401
# of episode :3560, reward : 169.5, episode length: 468
# of episode :3580, reward : 105.9, episode length: 1000
# of episode :3600, reward : 87.8, episode length: 1000
# of episode :3620, reward : -37.9, episode length: 340
# of episode :3640, reward : 77.6, episode length: 1000
# of episode :3660, reward : 104.4, episode length: 952
# of episode :3680, reward : 53.5, episode length: 1000
# of episode :3700, reward : 94.9, episode length: 1000
# of episode :3720, reward : 109.2, episode length: 1000
# of episode :3740, reward : 102.2, episode length: 1000
# of episode :3760, reward : 110.2, episode length: 798
# of episode :3780, reward : -56.2, episode length: 1000
# of episode :3800, reward : 174.5, episode length: 603
# of episode :3820, reward : 68.3, episode length: 1000
# of episode :3840, reward : 85.6, episode length: 1000
# of episode :3860, reward : 89.0, episode length: 1000
# of episode :3880, reward : -35.5, episode length: 607
# of episode :3900, reward : 229.7, episode length: 444
# of episode :3920, reward : 103.8, episode length: 1000
# of episode :3940, reward : 149.8, episode length: 542
# of episode :3960, reward : 44.5, episode length: 1000
# of episode :3980, reward : 213.8, episode length: 646
# of episode :4000, reward : 202.1, episode length: 364
# of episode :4020, reward : 78.2, episode length: 1000
# of episode :4040, reward : 67.3, episode length: 1000
# of episode :4060, reward : 101.6, episode length: 1000
# of episode :4080, reward : 73.3, episode length: 1000
# of episode :4100, reward : 102.6, episode length: 1000
# of episode :4120, reward : 114.9, episode length: 1000
# of episode :4140, reward : 95.2, episode length: 1000
# of episode :4160, reward : 83.9, episode length: 1000
# of episode :4180, reward : 172.2, episode length: 485
# of episode :4200, reward : 211.1, episode length: 329
# of episode :4220, reward : 209.5, episode length: 328
# of episode :4240, reward : 217.8, episode length: 374
# of episode :4260, reward : -31.7, episode length: 1000
# of episode :4280, reward : 169.3, episode length: 407
# of episode :4300, reward : 192.2, episode length: 448
# of episode :4320, reward : 127.5, episode length: 1000
# of episode :4340, reward : 92.7, episode length: 1000
# of episode :4360, reward : -45.4, episode length: 257
# of episode :4380, reward : 208.4, episode length: 376
# of episode :4400, reward : 53.8, episode length: 1000
# of episode :4420, reward : 179.7, episode length: 525
# of episode :4440, reward : 171.7, episode length: 513
# of episode :4460, reward : 82.1, episode length: 1000
# of episode :4480, reward : 55.0, episode length: 1000
# of episode :4500, reward : 79.9, episode length: 1000
# of episode :4520, reward : 94.6, episode length: 1000
# of episode :4540, reward : 124.4, episode length: 777
# of episode :4560, reward : 237.7, episode length: 376
# of episode :4580, reward : 89.8, episode length: 1000
# of episode :4600, reward : 228.0, episode length: 382
# of episode :4620, reward : 110.4, episode length: 1000
# of episode :4640, reward : 181.9, episode length: 419
# of episode :4660, reward : 104.9, episode length: 1000
# of episode :4680, reward : 108.5, episode length: 1000
# of episode :4700, reward : 219.6, episode length: 544
# of episode :4720, reward : -43.7, episode length: 344
# of episode :4740, reward : -32.6, episode length: 365
# of episode :4760, reward : 107.5, episode length: 1000
# of episode :4780, reward : 125.3, episode length: 1000
# of episode :4800, reward : 38.1, episode length: 1000
# of episode :4820, reward : 99.8, episode length: 1000
# of episode :4840, reward : 104.8, episode length: 1000
# of episode :4860, reward : 167.0, episode length: 537
# of episode :4880, reward : 79.4, episode length: 1000
# of episode :4900, reward : -23.3, episode length: 420
# of episode :4920, reward : 82.4, episode length: 1000
# of episode :4940, reward : 127.0, episode length: 1000
# of episode :4960, reward : -48.2, episode length: 357
# of episode :4980, reward : 78.6, episode length: 1000
/home/zihan/anaconda3/envs/exp/lib/python3.6/site-packages/gym/envs/registration.py:14: PkgResourcesDeprecationWarning: Parameters to load are deprecated.  Call .resolve and .require separately.
  result = entry_point.load(False)
8 4
# of episode :20, reward : -134.9, episode length: 109
# of episode :40, reward : -107.9, episode length: 89
# of episode :60, reward : -114.4, episode length: 66
# of episode :80, reward : -311.9, episode length: 140
# of episode :100, reward : -262.3, episode length: 76
# of episode :120, reward : -286.4, episode length: 73
# of episode :140, reward : -312.3, episode length: 86
# of episode :160, reward : -215.3, episode length: 124
# of episode :180, reward : -116.0, episode length: 117
# of episode :200, reward : -107.6, episode length: 127
# of episode :220, reward : -68.6, episode length: 72
# of episode :240, reward : -232.8, episode length: 124
# of episode :260, reward : -280.9, episode length: 108
# of episode :280, reward : -147.9, episode length: 78
# of episode :300, reward : -81.9, episode length: 75
# of episode :320, reward : -44.0, episode length: 92
# of episode :340, reward : -283.7, episode length: 201
# of episode :360, reward : -123.2, episode length: 82
# of episode :380, reward : -79.7, episode length: 86
# of episode :400, reward : -200.0, episode length: 227
# of episode :420, reward : -83.3, episode length: 202
# of episode :440, reward : -68.0, episode length: 136
# of episode :460, reward : -63.0, episode length: 106
# of episode :480, reward : -99.5, episode length: 103
# of episode :500, reward : -111.3, episode length: 190
# of episode :520, reward : -81.5, episode length: 91
# of episode :540, reward : -118.9, episode length: 201
# of episode :560, reward : -21.4, episode length: 168
# of episode :580, reward : -98.2, episode length: 190
# of episode :600, reward : -34.5, episode length: 178
# of episode :620, reward : 40.9, episode length: 175
# of episode :640, reward : -59.0, episode length: 89
# of episode :660, reward : -144.8, episode length: 160
# of episode :680, reward : -67.4, episode length: 271
# of episode :700, reward : -238.7, episode length: 374
# of episode :720, reward : -52.8, episode length: 318
# of episode :740, reward : -84.9, episode length: 195
# of episode :760, reward : -10.9, episode length: 174
# of episode :780, reward : -21.4, episode length: 1000
# of episode :800, reward : -85.4, episode length: 1000
# of episode :820, reward : -190.4, episode length: 739
# of episode :840, reward : -33.4, episode length: 230
# of episode :860, reward : -56.2, episode length: 1000
# of episode :880, reward : -51.2, episode length: 1000
# of episode :900, reward : 18.8, episode length: 1000
# of episode :920, reward : -178.4, episode length: 556
# of episode :940, reward : 23.2, episode length: 1000
# of episode :960, reward : -80.1, episode length: 691
# of episode :980, reward : -69.3, episode length: 521
# of episode :1000, reward : -21.3, episode length: 261
# of episode :1020, reward : 3.7, episode length: 251
# of episode :1040, reward : -121.8, episode length: 341
# of episode :1060, reward : -38.2, episode length: 1000
# of episode :1080, reward : -169.7, episode length: 354
# of episode :1100, reward : -68.2, episode length: 1000
# of episode :1120, reward : -8.1, episode length: 1000
# of episode :1140, reward : 14.7, episode length: 1000
# of episode :1160, reward : -4.9, episode length: 278
# of episode :1180, reward : -174.3, episode length: 678
# of episode :1200, reward : -6.3, episode length: 1000
# of episode :1220, reward : -44.6, episode length: 435
# of episode :1240, reward : -18.1, episode length: 1000
# of episode :1260, reward : -17.6, episode length: 321
# of episode :1280, reward : -33.2, episode length: 386
# of episode :1300, reward : -6.4, episode length: 1000
# of episode :1320, reward : -166.0, episode length: 709
# of episode :1340, reward : 58.0, episode length: 225
# of episode :1360, reward : 11.2, episode length: 361
# of episode :1380, reward : 107.8, episode length: 1000
# of episode :1400, reward : -8.6, episode length: 295
# of episode :1420, reward : -83.4, episode length: 462
# of episode :1440, reward : 9.2, episode length: 1000
# of episode :1460, reward : 109.3, episode length: 1000
# of episode :1480, reward : -74.5, episode length: 404
# of episode :1500, reward : 9.4, episode length: 1000
# of episode :1520, reward : -19.8, episode length: 327
# of episode :1540, reward : -22.1, episode length: 306
# of episode :1560, reward : -43.1, episode length: 373
# of episode :1580, reward : -51.2, episode length: 550
# of episode :1600, reward : 136.2, episode length: 1000
# of episode :1620, reward : 157.5, episode length: 1000
# of episode :1640, reward : 35.9, episode length: 1000
# of episode :1660, reward : 53.9, episode length: 1000
# of episode :1680, reward : 115.4, episode length: 1000
# of episode :1700, reward : 5.8, episode length: 1000
# of episode :1720, reward : 118.7, episode length: 1000
# of episode :1740, reward : 107.5, episode length: 1000
# of episode :1760, reward : -79.7, episode length: 679
# of episode :1780, reward : 35.3, episode length: 1000
# of episode :1800, reward : 149.7, episode length: 1000
# of episode :1820, reward : 50.1, episode length: 1000
# of episode :1840, reward : 81.2, episode length: 1000
# of episode :1860, reward : 104.7, episode length: 1000
# of episode :1880, reward : 34.9, episode length: 1000
# of episode :1900, reward : 79.8, episode length: 1000
# of episode :1920, reward : 13.1, episode length: 384
# of episode :1940, reward : 117.0, episode length: 1000
# of episode :1960, reward : -8.6, episode length: 372
# of episode :1980, reward : 87.1, episode length: 1000
# of episode :2000, reward : 123.6, episode length: 1000
# of episode :2020, reward : 97.1, episode length: 1000
# of episode :2040, reward : 101.6, episode length: 1000
# of episode :2060, reward : 94.6, episode length: 1000
# of episode :2080, reward : 31.2, episode length: 1000
# of episode :2100, reward : 93.2, episode length: 1000
# of episode :2120, reward : 143.6, episode length: 626
# of episode :2140, reward : 132.8, episode length: 1000
# of episode :2160, reward : 137.4, episode length: 534
# of episode :2180, reward : 104.7, episode length: 1000
# of episode :2200, reward : 73.6, episode length: 1000
# of episode :2220, reward : 152.1, episode length: 754
# of episode :2240, reward : 171.2, episode length: 881
# of episode :2260, reward : 132.4, episode length: 795
# of episode :2280, reward : 186.9, episode length: 493
# of episode :2300, reward : -73.6, episode length: 1000
# of episode :2320, reward : 71.4, episode length: 1000
# of episode :2340, reward : 64.0, episode length: 1000
# of episode :2360, reward : 89.6, episode length: 1000
# of episode :2380, reward : 156.9, episode length: 617
# of episode :2400, reward : 88.3, episode length: 1000
# of episode :2420, reward : 64.1, episode length: 1000
# of episode :2440, reward : 171.2, episode length: 802
# of episode :2460, reward : 135.2, episode length: 880
# of episode :2480, reward : 45.1, episode length: 1000
# of episode :2500, reward : 178.6, episode length: 397
# of episode :2520, reward : 60.6, episode length: 1000
# of episode :2540, reward : -9.8, episode length: 1000
# of episode :2560, reward : 146.2, episode length: 616
# of episode :2580, reward : -70.4, episode length: 467
# of episode :2600, reward : 31.8, episode length: 1000
# of episode :2620, reward : 104.7, episode length: 1000
# of episode :2640, reward : -71.2, episode length: 554
# of episode :2660, reward : 198.4, episode length: 996
# of episode :2680, reward : 52.5, episode length: 1000
# of episode :2700, reward : 11.5, episode length: 1000
# of episode :2720, reward : 37.6, episode length: 1000
# of episode :2740, reward : 88.3, episode length: 1000
# of episode :2760, reward : 85.8, episode length: 1000
# of episode :2780, reward : 72.5, episode length: 1000
# of episode :2800, reward : 202.7, episode length: 368
# of episode :2820, reward : 154.5, episode length: 700
# of episode :2840, reward : -84.7, episode length: 650
# of episode :2860, reward : 76.0, episode length: 1000
# of episode :2880, reward : -83.9, episode length: 720
# of episode :2900, reward : 194.1, episode length: 370
# of episode :2920, reward : -148.2, episode length: 803
# of episode :2940, reward : 74.5, episode length: 1000
# of episode :2960, reward : -129.6, episode length: 794
# of episode :2980, reward : 144.7, episode length: 608
# of episode :3000, reward : 153.4, episode length: 568
# of episode :3020, reward : 84.6, episode length: 1000
# of episode :3040, reward : 85.7, episode length: 1000
# of episode :3060, reward : 96.7, episode length: 1000
# of episode :3080, reward : 206.1, episode length: 454
# of episode :3100, reward : 60.5, episode length: 1000
# of episode :3120, reward : -41.3, episode length: 1000
# of episode :3140, reward : 208.9, episode length: 506
# of episode :3160, reward : -66.7, episode length: 492
# of episode :3180, reward : 90.7, episode length: 1000
# of episode :3200, reward : 129.5, episode length: 1000
# of episode :3220, reward : -132.7, episode length: 543
# of episode :3240, reward : 211.6, episode length: 461
# of episode :3260, reward : 2.2, episode length: 1000
# of episode :3280, reward : 170.9, episode length: 569
# of episode :3300, reward : -17.3, episode length: 356
# of episode :3320, reward : 62.2, episode length: 1000
# of episode :3340, reward : 13.7, episode length: 1000
# of episode :3360, reward : -25.3, episode length: 1000
# of episode :3380, reward : 54.0, episode length: 1000
# of episode :3400, reward : 89.0, episode length: 1000
# of episode :3420, reward : -34.0, episode length: 1000
# of episode :3440, reward : 68.3, episode length: 1000
# of episode :3460, reward : 93.9, episode length: 1000
# of episode :3480, reward : 103.6, episode length: 1000
# of episode :3500, reward : -5.7, episode length: 322
# of episode :3520, reward : -138.8, episode length: 935
# of episode :3540, reward : 60.9, episode length: 1000
# of episode :3560, reward : 175.9, episode length: 399
# of episode :3580, reward : -29.6, episode length: 274
# of episode :3600, reward : 71.4, episode length: 1000
# of episode :3620, reward : 75.0, episode length: 1000
# of episode :3640, reward : 83.1, episode length: 1000
# of episode :3660, reward : 97.1, episode length: 1000
# of episode :3680, reward : 109.8, episode length: 750
# of episode :3700, reward : -51.8, episode length: 1000
# of episode :3720, reward : -83.3, episode length: 637
# of episode :3740, reward : 0.6, episode length: 1000
# of episode :3760, reward : 45.0, episode length: 1000
# of episode :3780, reward : 52.3, episode length: 1000
# of episode :3800, reward : -43.6, episode length: 607
# of episode :3820, reward : 46.1, episode length: 1000
# of episode :3840, reward : 52.9, episode length: 1000
# of episode :3860, reward : 38.0, episode length: 1000
# of episode :3880, reward : -15.3, episode length: 1000
# of episode :3900, reward : -13.0, episode length: 390
# of episode :3920, reward : 157.1, episode length: 710
# of episode :3940, reward : 88.3, episode length: 1000
# of episode :3960, reward : -16.6, episode length: 354
# of episode :3980, reward : 168.2, episode length: 804
# of episode :4000, reward : 72.6, episode length: 1000
# of episode :4020, reward : 105.3, episode length: 1000
# of episode :4040, reward : 80.0, episode length: 1000
# of episode :4060, reward : 174.5, episode length: 787
# of episode :4080, reward : 90.8, episode length: 1000
# of episode :4100, reward : -114.0, episode length: 620
# of episode :4120, reward : -50.2, episode length: 515
# of episode :4140, reward : 184.3, episode length: 647
# of episode :4160, reward : 182.6, episode length: 597
# of episode :4180, reward : 117.6, episode length: 1000
# of episode :4200, reward : 172.8, episode length: 482
# of episode :4220, reward : 126.2, episode length: 1000
# of episode :4240, reward : 104.0, episode length: 1000
# of episode :4260, reward : 92.1, episode length: 1000
# of episode :4280, reward : -110.9, episode length: 595
# of episode :4300, reward : 200.9, episode length: 391
# of episode :4320, reward : 57.0, episode length: 1000
# of episode :4340, reward : 180.8, episode length: 592
# of episode :4360, reward : 90.9, episode length: 1000
# of episode :4380, reward : 59.0, episode length: 1000
# of episode :4400, reward : 194.1, episode length: 518
# of episode :4420, reward : 151.0, episode length: 604
# of episode :4440, reward : 146.0, episode length: 806
# of episode :4460, reward : -147.0, episode length: 754
# of episode :4480, reward : 58.0, episode length: 1000
# of episode :4500, reward : 100.2, episode length: 1000
# of episode :4520, reward : 90.6, episode length: 1000
# of episode :4540, reward : 117.6, episode length: 1000
# of episode :4560, reward : -54.1, episode length: 448
# of episode :4580, reward : 88.4, episode length: 1000
# of episode :4600, reward : 112.1, episode length: 1000
# of episode :4620, reward : 174.7, episode length: 457
# of episode :4640, reward : 224.9, episode length: 514
# of episode :4660, reward : 117.1, episode length: 1000
# of episode :4680, reward : -39.3, episode length: 423
# of episode :4700, reward : 88.3, episode length: 1000
# of episode :4720, reward : 70.8, episode length: 1000
# of episode :4740, reward : 4.3, episode length: 413
# of episode :4760, reward : -29.1, episode length: 344
# of episode :4780, reward : 188.9, episode length: 557
# of episode :4800, reward : 21.4, episode length: 1000
# of episode :4820, reward : 216.7, episode length: 391
# of episode :4840, reward : -132.2, episode length: 888
# of episode :4860, reward : -60.2, episode length: 479
# of episode :4880, reward : -78.4, episode length: 494
# of episode :4900, reward : 102.4, episode length: 1000
# of episode :4920, reward : 225.7, episode length: 446
# of episode :4940, reward : 204.4, episode length: 536
# of episode :4960, reward : 167.9, episode length: 439
# of episode :4980, reward : 80.2, episode length: 1000
/home/zihan/anaconda3/envs/exp/lib/python3.6/site-packages/gym/envs/registration.py:14: PkgResourcesDeprecationWarning: Parameters to load are deprecated.  Call .resolve and .require separately.
  result = entry_point.load(False)
8 4
# of episode :20, reward : -176.4, episode length: 106
# of episode :40, reward : -95.1, episode length: 62
# of episode :60, reward : -98.1, episode length: 93
# of episode :80, reward : -115.4, episode length: 149
# of episode :100, reward : -78.2, episode length: 72
# of episode :120, reward : -1.4, episode length: 148
# of episode :140, reward : -48.9, episode length: 95
# of episode :160, reward : -313.9, episode length: 140
# of episode :180, reward : -190.8, episode length: 186
# of episode :200, reward : -197.3, episode length: 120
# of episode :220, reward : -93.8, episode length: 108
# of episode :240, reward : -244.4, episode length: 96
# of episode :260, reward : -75.6, episode length: 76
# of episode :280, reward : -423.2, episode length: 152
# of episode :300, reward : -210.4, episode length: 127
# of episode :320, reward : -51.3, episode length: 122
# of episode :340, reward : -84.6, episode length: 94
# of episode :360, reward : -332.2, episode length: 123
# of episode :380, reward : -186.8, episode length: 123
# of episode :400, reward : -93.7, episode length: 146
# of episode :420, reward : -209.4, episode length: 125
# of episode :440, reward : -44.5, episode length: 88
# of episode :460, reward : -19.7, episode length: 133
# of episode :480, reward : 17.7, episode length: 112
# of episode :500, reward : -107.5, episode length: 124
# of episode :520, reward : -63.4, episode length: 108
# of episode :540, reward : 4.1, episode length: 162
# of episode :560, reward : -39.2, episode length: 119
# of episode :580, reward : -23.1, episode length: 167
# of episode :600, reward : -100.8, episode length: 219
# of episode :620, reward : -260.7, episode length: 273
# of episode :640, reward : 5.1, episode length: 115
# of episode :660, reward : -146.4, episode length: 261
# of episode :680, reward : -24.8, episode length: 137
# of episode :700, reward : -194.4, episode length: 190
# of episode :720, reward : -7.6, episode length: 158
# of episode :740, reward : -51.1, episode length: 260
# of episode :760, reward : -73.0, episode length: 151
# of episode :780, reward : -52.2, episode length: 113
# of episode :800, reward : 2.6, episode length: 248
# of episode :820, reward : -125.4, episode length: 220
# of episode :840, reward : -129.5, episode length: 203
# of episode :860, reward : -36.6, episode length: 234
# of episode :880, reward : -156.2, episode length: 316
# of episode :900, reward : 17.3, episode length: 1000
# of episode :920, reward : -146.2, episode length: 348
# of episode :940, reward : -108.6, episode length: 238
# of episode :960, reward : -18.8, episode length: 174
# of episode :980, reward : -59.4, episode length: 229
# of episode :1000, reward : -123.3, episode length: 358
# of episode :1020, reward : -127.2, episode length: 156
# of episode :1040, reward : 11.3, episode length: 191
# of episode :1060, reward : -69.3, episode length: 204
# of episode :1080, reward : -56.1, episode length: 261
# of episode :1100, reward : -27.9, episode length: 138
# of episode :1120, reward : -22.7, episode length: 309
# of episode :1140, reward : -35.4, episode length: 1000
# of episode :1160, reward : -37.9, episode length: 1000
# of episode :1180, reward : 38.4, episode length: 1000
# of episode :1200, reward : -52.8, episode length: 273
# of episode :1220, reward : 2.9, episode length: 362
# of episode :1240, reward : 50.4, episode length: 1000
# of episode :1260, reward : -77.5, episode length: 364
# of episode :1280, reward : 12.1, episode length: 291
# of episode :1300, reward : -64.7, episode length: 1000
# of episode :1320, reward : -102.8, episode length: 635
# of episode :1340, reward : -21.3, episode length: 228
# of episode :1360, reward : -66.5, episode length: 423
# of episode :1380, reward : 37.5, episode length: 1000
# of episode :1400, reward : 60.9, episode length: 1000
# of episode :1420, reward : 37.8, episode length: 1000
# of episode :1440, reward : 82.9, episode length: 1000
# of episode :1460, reward : -8.7, episode length: 1000
# of episode :1480, reward : 84.6, episode length: 1000
# of episode :1500, reward : 13.5, episode length: 471
# of episode :1520, reward : 105.8, episode length: 1000
# of episode :1540, reward : -56.4, episode length: 549
# of episode :1560, reward : 79.1, episode length: 1000
# of episode :1580, reward : 76.8, episode length: 1000
# of episode :1600, reward : 119.4, episode length: 1000
# of episode :1620, reward : 41.1, episode length: 1000
# of episode :1640, reward : 89.3, episode length: 1000
# of episode :1660, reward : 90.2, episode length: 1000
# of episode :1680, reward : 57.8, episode length: 1000
# of episode :1700, reward : 92.4, episode length: 1000
# of episode :1720, reward : 115.1, episode length: 1000
# of episode :1740, reward : 87.8, episode length: 1000
# of episode :1760, reward : 34.1, episode length: 1000
# of episode :1780, reward : 26.7, episode length: 1000
# of episode :1800, reward : 59.0, episode length: 1000
# of episode :1820, reward : 2.6, episode length: 299
# of episode :1840, reward : 96.2, episode length: 1000
# of episode :1860, reward : 171.7, episode length: 582
# of episode :1880, reward : 86.3, episode length: 1000
# of episode :1900, reward : 90.1, episode length: 1000
# of episode :1920, reward : 86.2, episode length: 1000
# of episode :1940, reward : -64.3, episode length: 398
# of episode :1960, reward : 31.6, episode length: 1000
# of episode :1980, reward : 70.8, episode length: 1000
# of episode :2000, reward : -16.5, episode length: 660
# of episode :2020, reward : 3.1, episode length: 405
# of episode :2040, reward : 99.7, episode length: 1000
# of episode :2060, reward : 79.2, episode length: 1000
# of episode :2080, reward : 186.3, episode length: 694
# of episode :2100, reward : 97.4, episode length: 1000
# of episode :2120, reward : 88.9, episode length: 1000
# of episode :2140, reward : 118.1, episode length: 591
# of episode :2160, reward : 31.5, episode length: 1000
# of episode :2180, reward : 78.4, episode length: 1000
# of episode :2200, reward : 69.3, episode length: 1000
# of episode :2220, reward : 107.7, episode length: 1000
# of episode :2240, reward : -44.4, episode length: 502
# of episode :2260, reward : 184.0, episode length: 931
# of episode :2280, reward : 28.7, episode length: 1000
# of episode :2300, reward : 106.0, episode length: 1000
# of episode :2320, reward : 29.0, episode length: 1000
# of episode :2340, reward : 58.4, episode length: 1000
# of episode :2360, reward : 135.8, episode length: 915
# of episode :2380, reward : 115.8, episode length: 1000
# of episode :2400, reward : 179.4, episode length: 603
# of episode :2420, reward : 25.3, episode length: 1000
# of episode :2440, reward : 108.9, episode length: 1000
# of episode :2460, reward : 68.0, episode length: 1000
# of episode :2480, reward : 121.9, episode length: 668
# of episode :2500, reward : 38.7, episode length: 1000
# of episode :2520, reward : 153.5, episode length: 773
# of episode :2540, reward : -48.9, episode length: 477
# of episode :2560, reward : -44.7, episode length: 655
# of episode :2580, reward : 57.9, episode length: 1000
# of episode :2600, reward : -97.0, episode length: 667
# of episode :2620, reward : 38.2, episode length: 1000
# of episode :2640, reward : 75.0, episode length: 1000
# of episode :2660, reward : 99.8, episode length: 1000
# of episode :2680, reward : 134.2, episode length: 458
# of episode :2700, reward : 108.3, episode length: 1000
# of episode :2720, reward : -27.0, episode length: 535
# of episode :2740, reward : 116.2, episode length: 1000
# of episode :2760, reward : 59.8, episode length: 1000
# of episode :2780, reward : 83.3, episode length: 1000
# of episode :2800, reward : -108.6, episode length: 578
# of episode :2820, reward : -26.4, episode length: 1000
# of episode :2840, reward : 77.2, episode length: 1000
# of episode :2860, reward : 82.9, episode length: 1000
# of episode :2880, reward : 70.1, episode length: 1000
# of episode :2900, reward : 36.6, episode length: 1000
# of episode :2920, reward : -54.3, episode length: 398
# of episode :2940, reward : 66.8, episode length: 1000
# of episode :2960, reward : 60.0, episode length: 1000
# of episode :2980, reward : -66.4, episode length: 549
# of episode :3000, reward : 78.6, episode length: 1000
# of episode :3020, reward : 188.7, episode length: 624
# of episode :3040, reward : 157.9, episode length: 612
# of episode :3060, reward : 74.9, episode length: 1000
# of episode :3080, reward : -97.2, episode length: 506
# of episode :3100, reward : 18.3, episode length: 1000
# of episode :3120, reward : 57.2, episode length: 1000
# of episode :3140, reward : 40.6, episode length: 1000
# of episode :3160, reward : 50.2, episode length: 1000
# of episode :3180, reward : 77.6, episode length: 962
# of episode :3200, reward : 72.7, episode length: 1000
# of episode :3220, reward : 27.3, episode length: 1000
# of episode :3240, reward : 169.2, episode length: 608
# of episode :3260, reward : 163.2, episode length: 648
# of episode :3280, reward : 184.9, episode length: 598
# of episode :3300, reward : -100.5, episode length: 563
# of episode :3320, reward : 168.8, episode length: 607
# of episode :3340, reward : 39.1, episode length: 1000
# of episode :3360, reward : -18.6, episode length: 418
# of episode :3380, reward : 71.7, episode length: 1000
# of episode :3400, reward : 87.6, episode length: 1000
# of episode :3420, reward : 92.2, episode length: 1000
# of episode :3440, reward : -30.6, episode length: 395
# of episode :3460, reward : -48.7, episode length: 488
# of episode :3480, reward : -34.9, episode length: 425
# of episode :3500, reward : 84.9, episode length: 1000
# of episode :3520, reward : 33.2, episode length: 1000
# of episode :3540, reward : 143.8, episode length: 731
# of episode :3560, reward : 78.0, episode length: 1000
# of episode :3580, reward : 86.7, episode length: 1000
# of episode :3600, reward : 46.3, episode length: 1000
# of episode :3620, reward : -46.5, episode length: 555
# of episode :3640, reward : -35.4, episode length: 302
# of episode :3660, reward : 52.1, episode length: 1000
# of episode :3680, reward : 75.4, episode length: 1000
# of episode :3700, reward : 60.4, episode length: 1000
# of episode :3720, reward : 102.9, episode length: 1000
# of episode :3740, reward : 109.5, episode length: 1000
# of episode :3760, reward : 76.6, episode length: 1000
# of episode :3780, reward : -60.8, episode length: 534
# of episode :3800, reward : 148.2, episode length: 664
# of episode :3820, reward : 109.1, episode length: 1000
# of episode :3840, reward : -91.3, episode length: 639
# of episode :3860, reward : 178.0, episode length: 845
# of episode :3880, reward : 23.5, episode length: 1000
# of episode :3900, reward : 87.8, episode length: 1000
# of episode :3920, reward : 75.1, episode length: 1000
# of episode :3940, reward : 75.3, episode length: 1000
# of episode :3960, reward : 47.2, episode length: 1000
# of episode :3980, reward : 32.5, episode length: 1000
# of episode :4000, reward : 94.2, episode length: 1000
# of episode :4020, reward : 153.8, episode length: 587
# of episode :4040, reward : 83.8, episode length: 1000
# of episode :4060, reward : 88.3, episode length: 1000
# of episode :4080, reward : 190.5, episode length: 440
# of episode :4100, reward : 77.0, episode length: 1000
# of episode :4120, reward : 154.7, episode length: 583
# of episode :4140, reward : 126.5, episode length: 1000
# of episode :4160, reward : 92.9, episode length: 1000
# of episode :4180, reward : 183.5, episode length: 452
# of episode :4200, reward : 85.7, episode length: 1000
# of episode :4220, reward : 88.1, episode length: 1000
# of episode :4240, reward : 174.9, episode length: 554
# of episode :4260, reward : 213.2, episode length: 554
# of episode :4280, reward : 69.5, episode length: 1000
# of episode :4300, reward : -29.7, episode length: 400
# of episode :4320, reward : -33.4, episode length: 444
# of episode :4340, reward : 168.5, episode length: 712
# of episode :4360, reward : -15.9, episode length: 1000
# of episode :4380, reward : 26.9, episode length: 1000
# of episode :4400, reward : -106.3, episode length: 399
# of episode :4420, reward : 120.6, episode length: 649
# of episode :4440, reward : 56.9, episode length: 1000
# of episode :4460, reward : 43.2, episode length: 1000
# of episode :4480, reward : 26.1, episode length: 1000
# of episode :4500, reward : 86.0, episode length: 1000
# of episode :4520, reward : 64.6, episode length: 1000
# of episode :4540, reward : 45.9, episode length: 1000
# of episode :4560, reward : 87.1, episode length: 1000
# of episode :4580, reward : 171.5, episode length: 633
# of episode :4600, reward : -75.4, episode length: 652
# of episode :4620, reward : 103.4, episode length: 1000
# of episode :4640, reward : 194.7, episode length: 538
# of episode :4660, reward : 204.0, episode length: 515
# of episode :4680, reward : -25.4, episode length: 372
# of episode :4700, reward : 114.4, episode length: 1000
# of episode :4720, reward : -57.3, episode length: 410
# of episode :4740, reward : -102.1, episode length: 739
# of episode :4760, reward : 32.2, episode length: 1000
# of episode :4780, reward : 181.9, episode length: 476
# of episode :4800, reward : 185.9, episode length: 436
# of episode :4820, reward : 82.9, episode length: 1000
# of episode :4840, reward : 226.0, episode length: 473
# of episode :4860, reward : -48.6, episode length: 554
# of episode :4880, reward : -51.5, episode length: 600
# of episode :4900, reward : 87.5, episode length: 1000
# of episode :4920, reward : 185.9, episode length: 491
# of episode :4940, reward : 104.6, episode length: 1000
# of episode :4960, reward : 177.7, episode length: 441
# of episode :4980, reward : -36.1, episode length: 390
