compute002
5
/home/zihan/anaconda3/envs/exp/lib/python3.6/site-packages/tensorboard/compat/tensorflow_stub/dtypes.py:541: FutureWarning: Passing (type, 1) or '1type' as a synonym of type is deprecated; in a future version of numpy, it will be understood as (type, (1,)) / '(1,)type'.
  _np_qint8 = np.dtype([("qint8", np.int8, 1)])
/home/zihan/anaconda3/envs/exp/lib/python3.6/site-packages/tensorboard/compat/tensorflow_stub/dtypes.py:542: FutureWarning: Passing (type, 1) or '1type' as a synonym of type is deprecated; in a future version of numpy, it will be understood as (type, (1,)) / '(1,)type'.
  _np_quint8 = np.dtype([("quint8", np.uint8, 1)])
/home/zihan/anaconda3/envs/exp/lib/python3.6/site-packages/tensorboard/compat/tensorflow_stub/dtypes.py:543: FutureWarning: Passing (type, 1) or '1type' as a synonym of type is deprecated; in a future version of numpy, it will be understood as (type, (1,)) / '(1,)type'.
  _np_qint16 = np.dtype([("qint16", np.int16, 1)])
/home/zihan/anaconda3/envs/exp/lib/python3.6/site-packages/tensorboard/compat/tensorflow_stub/dtypes.py:544: FutureWarning: Passing (type, 1) or '1type' as a synonym of type is deprecated; in a future version of numpy, it will be understood as (type, (1,)) / '(1,)type'.
  _np_quint16 = np.dtype([("quint16", np.uint16, 1)])
/home/zihan/anaconda3/envs/exp/lib/python3.6/site-packages/tensorboard/compat/tensorflow_stub/dtypes.py:545: FutureWarning: Passing (type, 1) or '1type' as a synonym of type is deprecated; in a future version of numpy, it will be understood as (type, (1,)) / '(1,)type'.
  _np_qint32 = np.dtype([("qint32", np.int32, 1)])
/home/zihan/anaconda3/envs/exp/lib/python3.6/site-packages/tensorboard/compat/tensorflow_stub/dtypes.py:550: FutureWarning: Passing (type, 1) or '1type' as a synonym of type is deprecated; in a future version of numpy, it will be understood as (type, (1,)) / '(1,)type'.
  np_resource = np.dtype([("resource", np.ubyte, 1)])
Epoch: 01 | Batch: 000 | CrossEntropy-loss: 1.38620 | Correct: 347/1280
Epoch: 01 | Batch: 100 | CrossEntropy-loss: 1.26977 | Correct: 631/1280
Epoch: 01 | Batch: 200 | CrossEntropy-loss: 1.15991 | Correct: 703/1280
Epoch: 01 | Batch: 300 | CrossEntropy-loss: 1.05473 | Correct: 695/1280
Epoch: 01 | Batch: 400 | CrossEntropy-loss: 0.94414 | Correct: 675/1280
Epoch: 01 | Batch: 500 | CrossEntropy-loss: 0.87350 | Correct: 762/1280
Epoch: 01 | Batch: 600 | CrossEntropy-loss: 0.81523 | Correct: 837/1280
Epoch: 01 | Batch: 700 | CrossEntropy-loss: 0.77370 | Correct: 909/1280
Epoch: 01 | Batch: 800 | CrossEntropy-loss: 0.73989 | Correct: 961/1280
Epoch: 01 | Batch: 900 | CrossEntropy-loss: 0.70435 | Correct: 988/1280
Epoch: 01 | Batch: 1000 | CrossEntropy-loss: 0.68143 | Correct: 979/1280
Epoch: 01 | Batch: 1100 | CrossEntropy-loss: 0.67160 | Correct: 974/1280
Epoch: 01 | Batch: 1200 | CrossEntropy-loss: 0.63948 | Correct: 981/1280
Epoch: 01 | Batch: 1300 | CrossEntropy-loss: 0.58782 | Correct: 999/1280
Epoch: 01 | Batch: 1400 | CrossEntropy-loss: 0.54985 | Correct: 1038/1280
Epoch: 01 | Batch: 1500 | CrossEntropy-loss: 0.55733 | Correct: 1014/1280

Epoch: 01 | Testing Accuracy: 398286/504607 (78.930%) | Historical Best: 78.930%

Epoch: 02 | Batch: 000 | CrossEntropy-loss: 0.53973 | Correct: 1043/1280
Epoch: 02 | Batch: 100 | CrossEntropy-loss: 0.54671 | Correct: 1011/1280
Epoch: 02 | Batch: 200 | CrossEntropy-loss: 0.52117 | Correct: 1035/1280
Epoch: 02 | Batch: 300 | CrossEntropy-loss: 0.49105 | Correct: 1051/1280
Epoch: 02 | Batch: 400 | CrossEntropy-loss: 0.49491 | Correct: 1061/1280
Epoch: 02 | Batch: 500 | CrossEntropy-loss: 0.47825 | Correct: 1052/1280
Epoch: 02 | Batch: 600 | CrossEntropy-loss: 0.49803 | Correct: 1032/1280
Epoch: 02 | Batch: 700 | CrossEntropy-loss: 0.45113 | Correct: 1060/1280
Epoch: 02 | Batch: 800 | CrossEntropy-loss: 0.48004 | Correct: 1037/1280
Epoch: 02 | Batch: 900 | CrossEntropy-loss: 0.44561 | Correct: 1061/1280
Epoch: 02 | Batch: 1000 | CrossEntropy-loss: 0.42777 | Correct: 1085/1280
Epoch: 02 | Batch: 1100 | CrossEntropy-loss: 0.41363 | Correct: 1084/1280
Epoch: 02 | Batch: 1200 | CrossEntropy-loss: 0.43846 | Correct: 1045/1280
Epoch: 02 | Batch: 1300 | CrossEntropy-loss: 0.41646 | Correct: 1075/1280
Epoch: 02 | Batch: 1400 | CrossEntropy-loss: 0.40195 | Correct: 1083/1280
Epoch: 02 | Batch: 1500 | CrossEntropy-loss: 0.41642 | Correct: 1064/1280

Epoch: 02 | Testing Accuracy: 420100/504607 (83.253%) | Historical Best: 83.253%

Epoch: 03 | Batch: 000 | CrossEntropy-loss: 0.43435 | Correct: 1063/1280
Epoch: 03 | Batch: 100 | CrossEntropy-loss: 0.42457 | Correct: 1069/1280
Epoch: 03 | Batch: 200 | CrossEntropy-loss: 0.42051 | Correct: 1067/1280
Epoch: 03 | Batch: 300 | CrossEntropy-loss: 0.42035 | Correct: 1073/1280
Epoch: 03 | Batch: 400 | CrossEntropy-loss: 0.41865 | Correct: 1053/1280
Epoch: 03 | Batch: 500 | CrossEntropy-loss: 0.39291 | Correct: 1079/1280
Epoch: 03 | Batch: 600 | CrossEntropy-loss: 0.41311 | Correct: 1072/1280
Epoch: 03 | Batch: 700 | CrossEntropy-loss: 0.38509 | Correct: 1087/1280
Epoch: 03 | Batch: 800 | CrossEntropy-loss: 0.38156 | Correct: 1085/1280
Epoch: 03 | Batch: 900 | CrossEntropy-loss: 0.38020 | Correct: 1095/1280
Epoch: 03 | Batch: 1000 | CrossEntropy-loss: 0.39108 | Correct: 1082/1280
Epoch: 03 | Batch: 1100 | CrossEntropy-loss: 0.42630 | Correct: 1054/1280
Epoch: 03 | Batch: 1200 | CrossEntropy-loss: 0.37959 | Correct: 1072/1280
Epoch: 03 | Batch: 1300 | CrossEntropy-loss: 0.39688 | Correct: 1061/1280
Epoch: 03 | Batch: 1400 | CrossEntropy-loss: 0.41964 | Correct: 1060/1280
Epoch: 03 | Batch: 1500 | CrossEntropy-loss: 0.38183 | Correct: 1063/1280

Epoch: 03 | Testing Accuracy: 426048/504607 (84.432%) | Historical Best: 84.432%

Epoch: 04 | Batch: 000 | CrossEntropy-loss: 0.38925 | Correct: 1082/1280
Epoch: 04 | Batch: 100 | CrossEntropy-loss: 0.36473 | Correct: 1094/1280
Epoch: 04 | Batch: 200 | CrossEntropy-loss: 0.35458 | Correct: 1095/1280
Epoch: 04 | Batch: 300 | CrossEntropy-loss: 0.34647 | Correct: 1099/1280
Epoch: 04 | Batch: 400 | CrossEntropy-loss: 0.37782 | Correct: 1072/1280
Epoch: 04 | Batch: 500 | CrossEntropy-loss: 0.35827 | Correct: 1090/1280
Epoch: 04 | Batch: 600 | CrossEntropy-loss: 0.34432 | Correct: 1102/1280
Epoch: 04 | Batch: 700 | CrossEntropy-loss: 0.35446 | Correct: 1077/1280
Epoch: 04 | Batch: 800 | CrossEntropy-loss: 0.37572 | Correct: 1066/1280
Epoch: 04 | Batch: 900 | CrossEntropy-loss: 0.36188 | Correct: 1086/1280
Epoch: 04 | Batch: 1000 | CrossEntropy-loss: 0.35956 | Correct: 1101/1280
Epoch: 04 | Batch: 1100 | CrossEntropy-loss: 0.32014 | Correct: 1114/1280
Epoch: 04 | Batch: 1200 | CrossEntropy-loss: 0.36600 | Correct: 1074/1280
Epoch: 04 | Batch: 1300 | CrossEntropy-loss: 0.37648 | Correct: 1094/1280
Epoch: 04 | Batch: 1400 | CrossEntropy-loss: 0.36295 | Correct: 1082/1280
Epoch: 04 | Batch: 1500 | CrossEntropy-loss: 0.34911 | Correct: 1087/1280

Epoch: 04 | Testing Accuracy: 429257/504607 (85.068%) | Historical Best: 85.068%

Epoch: 05 | Batch: 000 | CrossEntropy-loss: 0.36918 | Correct: 1081/1280
Epoch: 05 | Batch: 100 | CrossEntropy-loss: 0.33433 | Correct: 1107/1280
Epoch: 05 | Batch: 200 | CrossEntropy-loss: 0.31797 | Correct: 1116/1280
Epoch: 05 | Batch: 300 | CrossEntropy-loss: 0.35027 | Correct: 1088/1280
Epoch: 05 | Batch: 400 | CrossEntropy-loss: 0.34407 | Correct: 1091/1280
Epoch: 05 | Batch: 500 | CrossEntropy-loss: 0.34862 | Correct: 1101/1280
Epoch: 05 | Batch: 600 | CrossEntropy-loss: 0.31462 | Correct: 1120/1280
Epoch: 05 | Batch: 700 | CrossEntropy-loss: 0.31924 | Correct: 1107/1280
Epoch: 05 | Batch: 800 | CrossEntropy-loss: 0.33651 | Correct: 1097/1280
Epoch: 05 | Batch: 900 | CrossEntropy-loss: 0.33641 | Correct: 1095/1280
Epoch: 05 | Batch: 1000 | CrossEntropy-loss: 0.30973 | Correct: 1119/1280
Epoch: 05 | Batch: 1100 | CrossEntropy-loss: 0.31067 | Correct: 1114/1280
Epoch: 05 | Batch: 1200 | CrossEntropy-loss: 0.33356 | Correct: 1104/1280
Epoch: 05 | Batch: 1300 | CrossEntropy-loss: 0.33204 | Correct: 1100/1280
Epoch: 05 | Batch: 1400 | CrossEntropy-loss: 0.34074 | Correct: 1099/1280
Epoch: 05 | Batch: 1500 | CrossEntropy-loss: 0.33315 | Correct: 1088/1280

Epoch: 05 | Testing Accuracy: 433414/504607 (85.891%) | Historical Best: 85.891%

Epoch: 06 | Batch: 000 | CrossEntropy-loss: 0.31849 | Correct: 1104/1280
Epoch: 06 | Batch: 100 | CrossEntropy-loss: 0.31800 | Correct: 1106/1280
Epoch: 06 | Batch: 200 | CrossEntropy-loss: 0.32709 | Correct: 1098/1280
Epoch: 06 | Batch: 300 | CrossEntropy-loss: 0.30343 | Correct: 1111/1280
Epoch: 06 | Batch: 400 | CrossEntropy-loss: 0.31212 | Correct: 1100/1280
Epoch: 06 | Batch: 500 | CrossEntropy-loss: 0.32034 | Correct: 1105/1280
Epoch: 06 | Batch: 600 | CrossEntropy-loss: 0.31682 | Correct: 1104/1280
Epoch: 06 | Batch: 700 | CrossEntropy-loss: 0.32538 | Correct: 1105/1280
Epoch: 06 | Batch: 800 | CrossEntropy-loss: 0.29973 | Correct: 1111/1280
Epoch: 06 | Batch: 900 | CrossEntropy-loss: 0.28954 | Correct: 1113/1280
Epoch: 06 | Batch: 1000 | CrossEntropy-loss: 0.30982 | Correct: 1118/1280
Epoch: 06 | Batch: 1100 | CrossEntropy-loss: 0.30345 | Correct: 1111/1280
Epoch: 06 | Batch: 1200 | CrossEntropy-loss: 0.28661 | Correct: 1119/1280
Epoch: 06 | Batch: 1300 | CrossEntropy-loss: 0.28412 | Correct: 1126/1280
Epoch: 06 | Batch: 1400 | CrossEntropy-loss: 0.29020 | Correct: 1112/1280
Epoch: 06 | Batch: 1500 | CrossEntropy-loss: 0.31271 | Correct: 1117/1280

Epoch: 06 | Testing Accuracy: 438759/504607 (86.951%) | Historical Best: 86.951%

Epoch: 07 | Batch: 000 | CrossEntropy-loss: 0.29901 | Correct: 1109/1280
Epoch: 07 | Batch: 100 | CrossEntropy-loss: 0.29781 | Correct: 1127/1280
Epoch: 07 | Batch: 200 | CrossEntropy-loss: 0.28215 | Correct: 1136/1280
Epoch: 07 | Batch: 300 | CrossEntropy-loss: 0.28729 | Correct: 1125/1280
Epoch: 07 | Batch: 400 | CrossEntropy-loss: 0.26868 | Correct: 1135/1280
Epoch: 07 | Batch: 500 | CrossEntropy-loss: 0.30528 | Correct: 1114/1280
Epoch: 07 | Batch: 600 | CrossEntropy-loss: 0.30351 | Correct: 1117/1280
Epoch: 07 | Batch: 700 | CrossEntropy-loss: 0.28676 | Correct: 1110/1280
Epoch: 07 | Batch: 800 | CrossEntropy-loss: 0.29765 | Correct: 1117/1280
Epoch: 07 | Batch: 900 | CrossEntropy-loss: 0.28797 | Correct: 1128/1280
Epoch: 07 | Batch: 1000 | CrossEntropy-loss: 0.28760 | Correct: 1133/1280
Epoch: 07 | Batch: 1100 | CrossEntropy-loss: 0.30807 | Correct: 1115/1280
Epoch: 07 | Batch: 1200 | CrossEntropy-loss: 0.28588 | Correct: 1128/1280
Epoch: 07 | Batch: 1300 | CrossEntropy-loss: 0.27246 | Correct: 1131/1280
Epoch: 07 | Batch: 1400 | CrossEntropy-loss: 0.29828 | Correct: 1119/1280
Epoch: 07 | Batch: 1500 | CrossEntropy-loss: 0.29346 | Correct: 1130/1280

Epoch: 07 | Testing Accuracy: 448337/504607 (88.849%) | Historical Best: 88.849%

Epoch: 08 | Batch: 000 | CrossEntropy-loss: 0.26775 | Correct: 1146/1280
Epoch: 08 | Batch: 100 | CrossEntropy-loss: 0.27186 | Correct: 1153/1280
Epoch: 08 | Batch: 200 | CrossEntropy-loss: 0.25834 | Correct: 1139/1280
Epoch: 08 | Batch: 300 | CrossEntropy-loss: 0.26229 | Correct: 1153/1280
Epoch: 08 | Batch: 400 | CrossEntropy-loss: 0.29314 | Correct: 1129/1280
Epoch: 08 | Batch: 500 | CrossEntropy-loss: 0.27677 | Correct: 1152/1280
Epoch: 08 | Batch: 600 | CrossEntropy-loss: 0.27932 | Correct: 1144/1280
Epoch: 08 | Batch: 700 | CrossEntropy-loss: 0.27565 | Correct: 1149/1280
Epoch: 08 | Batch: 800 | CrossEntropy-loss: 0.27164 | Correct: 1144/1280
Epoch: 08 | Batch: 900 | CrossEntropy-loss: 0.26160 | Correct: 1158/1280
Epoch: 08 | Batch: 1000 | CrossEntropy-loss: 0.28505 | Correct: 1132/1280
Epoch: 08 | Batch: 1100 | CrossEntropy-loss: 0.25745 | Correct: 1156/1280
Epoch: 08 | Batch: 1200 | CrossEntropy-loss: 0.25307 | Correct: 1169/1280
Epoch: 08 | Batch: 1300 | CrossEntropy-loss: 0.25721 | Correct: 1160/1280
Epoch: 08 | Batch: 1400 | CrossEntropy-loss: 0.27754 | Correct: 1147/1280
Epoch: 08 | Batch: 1500 | CrossEntropy-loss: 0.27278 | Correct: 1139/1280

Epoch: 08 | Testing Accuracy: 456224/504607 (90.412%) | Historical Best: 90.412%

Epoch: 09 | Batch: 000 | CrossEntropy-loss: 0.26657 | Correct: 1152/1280
Epoch: 09 | Batch: 100 | CrossEntropy-loss: 0.25749 | Correct: 1162/1280
Epoch: 09 | Batch: 200 | CrossEntropy-loss: 0.26313 | Correct: 1156/1280
Epoch: 09 | Batch: 300 | CrossEntropy-loss: 0.27545 | Correct: 1153/1280
Epoch: 09 | Batch: 400 | CrossEntropy-loss: 0.24213 | Correct: 1171/1280
Epoch: 09 | Batch: 500 | CrossEntropy-loss: 0.25524 | Correct: 1160/1280
Epoch: 09 | Batch: 600 | CrossEntropy-loss: 0.25844 | Correct: 1153/1280
Epoch: 09 | Batch: 700 | CrossEntropy-loss: 0.25136 | Correct: 1167/1280
Epoch: 09 | Batch: 800 | CrossEntropy-loss: 0.25396 | Correct: 1174/1280
Epoch: 09 | Batch: 900 | CrossEntropy-loss: 0.22747 | Correct: 1177/1280
Epoch: 09 | Batch: 1000 | CrossEntropy-loss: 0.24800 | Correct: 1163/1280
Epoch: 09 | Batch: 1100 | CrossEntropy-loss: 0.24771 | Correct: 1155/1280
Epoch: 09 | Batch: 1200 | CrossEntropy-loss: 0.25577 | Correct: 1155/1280
Epoch: 09 | Batch: 1300 | CrossEntropy-loss: 0.24165 | Correct: 1165/1280
Epoch: 09 | Batch: 1400 | CrossEntropy-loss: 0.27230 | Correct: 1150/1280
Epoch: 09 | Batch: 1500 | CrossEntropy-loss: 0.25865 | Correct: 1156/1280

Epoch: 09 | Testing Accuracy: 459419/504607 (91.045%) | Historical Best: 91.045%

Epoch: 10 | Batch: 000 | CrossEntropy-loss: 0.25641 | Correct: 1156/1280
Epoch: 10 | Batch: 100 | CrossEntropy-loss: 0.27833 | Correct: 1154/1280
Epoch: 10 | Batch: 200 | CrossEntropy-loss: 0.24529 | Correct: 1162/1280
Epoch: 10 | Batch: 300 | CrossEntropy-loss: 0.23252 | Correct: 1169/1280
Epoch: 10 | Batch: 400 | CrossEntropy-loss: 0.24730 | Correct: 1160/1280
Epoch: 10 | Batch: 500 | CrossEntropy-loss: 0.23802 | Correct: 1168/1280
Epoch: 10 | Batch: 600 | CrossEntropy-loss: 0.25106 | Correct: 1159/1280
Epoch: 10 | Batch: 700 | CrossEntropy-loss: 0.22539 | Correct: 1171/1280
Epoch: 10 | Batch: 800 | CrossEntropy-loss: 0.25266 | Correct: 1166/1280
Epoch: 10 | Batch: 900 | CrossEntropy-loss: 0.24774 | Correct: 1169/1280
Epoch: 10 | Batch: 1000 | CrossEntropy-loss: 0.25311 | Correct: 1145/1280
Epoch: 10 | Batch: 1100 | CrossEntropy-loss: 0.22684 | Correct: 1175/1280
Epoch: 10 | Batch: 1200 | CrossEntropy-loss: 0.25408 | Correct: 1152/1280
Epoch: 10 | Batch: 1300 | CrossEntropy-loss: 0.24146 | Correct: 1164/1280
Epoch: 10 | Batch: 1400 | CrossEntropy-loss: 0.23052 | Correct: 1182/1280
Epoch: 10 | Batch: 1500 | CrossEntropy-loss: 0.22846 | Correct: 1179/1280

Epoch: 10 | Testing Accuracy: 461042/504607 (91.367%) | Historical Best: 91.367%

Epoch: 11 | Batch: 000 | CrossEntropy-loss: 0.23567 | Correct: 1163/1280
Epoch: 11 | Batch: 100 | CrossEntropy-loss: 0.24955 | Correct: 1166/1280
Epoch: 11 | Batch: 200 | CrossEntropy-loss: 0.23520 | Correct: 1177/1280
Epoch: 11 | Batch: 300 | CrossEntropy-loss: 0.22148 | Correct: 1170/1280
Epoch: 11 | Batch: 400 | CrossEntropy-loss: 0.23441 | Correct: 1170/1280
Epoch: 11 | Batch: 500 | CrossEntropy-loss: 0.22373 | Correct: 1172/1280
Epoch: 11 | Batch: 600 | CrossEntropy-loss: 0.23259 | Correct: 1169/1280
Epoch: 11 | Batch: 700 | CrossEntropy-loss: 0.23538 | Correct: 1168/1280
Epoch: 11 | Batch: 800 | CrossEntropy-loss: 0.22204 | Correct: 1178/1280
Epoch: 11 | Batch: 900 | CrossEntropy-loss: 0.24374 | Correct: 1157/1280
Epoch: 11 | Batch: 1000 | CrossEntropy-loss: 0.21280 | Correct: 1176/1280
Epoch: 11 | Batch: 1100 | CrossEntropy-loss: 0.22799 | Correct: 1173/1280
Epoch: 11 | Batch: 1200 | CrossEntropy-loss: 0.23227 | Correct: 1172/1280
Epoch: 11 | Batch: 1300 | CrossEntropy-loss: 0.22595 | Correct: 1177/1280
Epoch: 11 | Batch: 1400 | CrossEntropy-loss: 0.21817 | Correct: 1166/1280
Epoch: 11 | Batch: 1500 | CrossEntropy-loss: 0.24089 | Correct: 1164/1280

Epoch: 11 | Testing Accuracy: 462410/504607 (91.638%) | Historical Best: 91.638%

Epoch: 12 | Batch: 000 | CrossEntropy-loss: 0.22133 | Correct: 1176/1280
Epoch: 12 | Batch: 100 | CrossEntropy-loss: 0.22468 | Correct: 1168/1280
Epoch: 12 | Batch: 200 | CrossEntropy-loss: 0.22414 | Correct: 1167/1280
Epoch: 12 | Batch: 300 | CrossEntropy-loss: 0.22093 | Correct: 1169/1280
Epoch: 12 | Batch: 400 | CrossEntropy-loss: 0.22414 | Correct: 1185/1280
Epoch: 12 | Batch: 500 | CrossEntropy-loss: 0.21752 | Correct: 1175/1280
Epoch: 12 | Batch: 600 | CrossEntropy-loss: 0.21529 | Correct: 1175/1280
Epoch: 12 | Batch: 700 | CrossEntropy-loss: 0.20760 | Correct: 1179/1280
Epoch: 12 | Batch: 800 | CrossEntropy-loss: 0.21741 | Correct: 1180/1280
Epoch: 12 | Batch: 900 | CrossEntropy-loss: 0.22838 | Correct: 1157/1280
Epoch: 12 | Batch: 1000 | CrossEntropy-loss: 0.19258 | Correct: 1188/1280
Epoch: 12 | Batch: 1100 | CrossEntropy-loss: 0.22005 | Correct: 1165/1280
Epoch: 12 | Batch: 1200 | CrossEntropy-loss: 0.20981 | Correct: 1180/1280
Epoch: 12 | Batch: 1300 | CrossEntropy-loss: 0.25652 | Correct: 1153/1280
Epoch: 12 | Batch: 1400 | CrossEntropy-loss: 0.20773 | Correct: 1165/1280
Epoch: 12 | Batch: 1500 | CrossEntropy-loss: 0.21229 | Correct: 1184/1280

Epoch: 12 | Testing Accuracy: 463301/504607 (91.814%) | Historical Best: 91.814%

Epoch: 13 | Batch: 000 | CrossEntropy-loss: 0.21679 | Correct: 1168/1280
Epoch: 13 | Batch: 100 | CrossEntropy-loss: 0.20524 | Correct: 1175/1280
Epoch: 13 | Batch: 200 | CrossEntropy-loss: 0.21859 | Correct: 1171/1280
Epoch: 13 | Batch: 300 | CrossEntropy-loss: 0.20993 | Correct: 1173/1280
Epoch: 13 | Batch: 400 | CrossEntropy-loss: 0.21756 | Correct: 1164/1280
Epoch: 13 | Batch: 500 | CrossEntropy-loss: 0.20580 | Correct: 1168/1280
Epoch: 13 | Batch: 600 | CrossEntropy-loss: 0.19795 | Correct: 1187/1280
Epoch: 13 | Batch: 700 | CrossEntropy-loss: 0.20179 | Correct: 1186/1280
Epoch: 13 | Batch: 800 | CrossEntropy-loss: 0.19584 | Correct: 1190/1280
Epoch: 13 | Batch: 900 | CrossEntropy-loss: 0.20624 | Correct: 1184/1280
Epoch: 13 | Batch: 1000 | CrossEntropy-loss: 0.20846 | Correct: 1162/1280
Epoch: 13 | Batch: 1100 | CrossEntropy-loss: 0.21584 | Correct: 1173/1280
Epoch: 13 | Batch: 1200 | CrossEntropy-loss: 0.22400 | Correct: 1170/1280
Epoch: 13 | Batch: 1300 | CrossEntropy-loss: 0.19598 | Correct: 1185/1280
Epoch: 13 | Batch: 1400 | CrossEntropy-loss: 0.20643 | Correct: 1177/1280
Epoch: 13 | Batch: 1500 | CrossEntropy-loss: 0.18851 | Correct: 1189/1280

Epoch: 13 | Testing Accuracy: 463983/504607 (91.949%) | Historical Best: 91.949%

Epoch: 14 | Batch: 000 | CrossEntropy-loss: 0.21466 | Correct: 1176/1280
Epoch: 14 | Batch: 100 | CrossEntropy-loss: 0.20086 | Correct: 1171/1280
Epoch: 14 | Batch: 200 | CrossEntropy-loss: 0.20622 | Correct: 1171/1280
Epoch: 14 | Batch: 300 | CrossEntropy-loss: 0.21948 | Correct: 1164/1280
Epoch: 14 | Batch: 400 | CrossEntropy-loss: 0.20142 | Correct: 1177/1280
Epoch: 14 | Batch: 500 | CrossEntropy-loss: 0.20221 | Correct: 1181/1280
Epoch: 14 | Batch: 600 | CrossEntropy-loss: 0.22131 | Correct: 1166/1280
Epoch: 14 | Batch: 700 | CrossEntropy-loss: 0.20011 | Correct: 1183/1280
Epoch: 14 | Batch: 800 | CrossEntropy-loss: 0.20486 | Correct: 1175/1280
Epoch: 14 | Batch: 900 | CrossEntropy-loss: 0.22765 | Correct: 1155/1280
Epoch: 14 | Batch: 1000 | CrossEntropy-loss: 0.20768 | Correct: 1172/1280
Epoch: 14 | Batch: 1100 | CrossEntropy-loss: 0.20754 | Correct: 1172/1280
Epoch: 14 | Batch: 1200 | CrossEntropy-loss: 0.20618 | Correct: 1185/1280
Epoch: 14 | Batch: 1300 | CrossEntropy-loss: 0.19592 | Correct: 1181/1280
Epoch: 14 | Batch: 1400 | CrossEntropy-loss: 0.23598 | Correct: 1142/1280
Epoch: 14 | Batch: 1500 | CrossEntropy-loss: 0.18754 | Correct: 1198/1280

Epoch: 14 | Testing Accuracy: 465296/504607 (92.210%) | Historical Best: 92.210%

Epoch: 15 | Batch: 000 | CrossEntropy-loss: 0.19085 | Correct: 1180/1280
Epoch: 15 | Batch: 100 | CrossEntropy-loss: 0.19981 | Correct: 1179/1280
Epoch: 15 | Batch: 200 | CrossEntropy-loss: 0.19439 | Correct: 1184/1280
Epoch: 15 | Batch: 300 | CrossEntropy-loss: 0.19363 | Correct: 1172/1280
Epoch: 15 | Batch: 400 | CrossEntropy-loss: 0.19623 | Correct: 1186/1280
Epoch: 15 | Batch: 500 | CrossEntropy-loss: 0.20122 | Correct: 1176/1280
Epoch: 15 | Batch: 600 | CrossEntropy-loss: 0.19646 | Correct: 1180/1280
Epoch: 15 | Batch: 700 | CrossEntropy-loss: 0.20011 | Correct: 1155/1280
Epoch: 15 | Batch: 800 | CrossEntropy-loss: 0.18190 | Correct: 1182/1280
Epoch: 15 | Batch: 900 | CrossEntropy-loss: 0.20346 | Correct: 1173/1280
Epoch: 15 | Batch: 1000 | CrossEntropy-loss: 0.19467 | Correct: 1188/1280
Epoch: 15 | Batch: 1100 | CrossEntropy-loss: 0.18361 | Correct: 1178/1280
Epoch: 15 | Batch: 1200 | CrossEntropy-loss: 0.18441 | Correct: 1188/1280
Epoch: 15 | Batch: 1300 | CrossEntropy-loss: 0.21844 | Correct: 1161/1280
Epoch: 15 | Batch: 1400 | CrossEntropy-loss: 0.20301 | Correct: 1160/1280
Epoch: 15 | Batch: 1500 | CrossEntropy-loss: 0.19579 | Correct: 1179/1280

Epoch: 15 | Testing Accuracy: 467227/504607 (92.592%) | Historical Best: 92.592%

Epoch: 16 | Batch: 000 | CrossEntropy-loss: 0.18651 | Correct: 1179/1280
Epoch: 16 | Batch: 100 | CrossEntropy-loss: 0.18710 | Correct: 1187/1280
Epoch: 16 | Batch: 200 | CrossEntropy-loss: 0.19770 | Correct: 1174/1280
Epoch: 16 | Batch: 300 | CrossEntropy-loss: 0.17918 | Correct: 1183/1280
Epoch: 16 | Batch: 400 | CrossEntropy-loss: 0.19933 | Correct: 1180/1280
Epoch: 16 | Batch: 500 | CrossEntropy-loss: 0.19381 | Correct: 1171/1280
Epoch: 16 | Batch: 600 | CrossEntropy-loss: 0.18966 | Correct: 1189/1280
Epoch: 16 | Batch: 700 | CrossEntropy-loss: 0.17440 | Correct: 1195/1280
Epoch: 16 | Batch: 800 | CrossEntropy-loss: 0.17623 | Correct: 1188/1280
Epoch: 16 | Batch: 900 | CrossEntropy-loss: 0.17126 | Correct: 1195/1280
Epoch: 16 | Batch: 1000 | CrossEntropy-loss: 0.18698 | Correct: 1179/1280
Epoch: 16 | Batch: 1100 | CrossEntropy-loss: 0.18170 | Correct: 1187/1280
Epoch: 16 | Batch: 1200 | CrossEntropy-loss: 0.19844 | Correct: 1173/1280
Epoch: 16 | Batch: 1300 | CrossEntropy-loss: 0.17285 | Correct: 1189/1280
Epoch: 16 | Batch: 1400 | CrossEntropy-loss: 0.20110 | Correct: 1182/1280
Epoch: 16 | Batch: 1500 | CrossEntropy-loss: 0.19660 | Correct: 1176/1280

Epoch: 16 | Testing Accuracy: 467688/504607 (92.684%) | Historical Best: 92.684%

Epoch: 17 | Batch: 000 | CrossEntropy-loss: 0.17992 | Correct: 1195/1280
Epoch: 17 | Batch: 100 | CrossEntropy-loss: 0.18464 | Correct: 1183/1280
Epoch: 17 | Batch: 200 | CrossEntropy-loss: 0.18566 | Correct: 1196/1280
Epoch: 17 | Batch: 300 | CrossEntropy-loss: 0.19743 | Correct: 1165/1280
Epoch: 17 | Batch: 400 | CrossEntropy-loss: 0.19363 | Correct: 1173/1280
Epoch: 17 | Batch: 500 | CrossEntropy-loss: 0.19167 | Correct: 1182/1280
Epoch: 17 | Batch: 600 | CrossEntropy-loss: 0.17371 | Correct: 1202/1280
Epoch: 17 | Batch: 700 | CrossEntropy-loss: 0.17992 | Correct: 1192/1280
Epoch: 17 | Batch: 800 | CrossEntropy-loss: 0.18401 | Correct: 1185/1280
Epoch: 17 | Batch: 900 | CrossEntropy-loss: 0.16178 | Correct: 1190/1280
Epoch: 17 | Batch: 1000 | CrossEntropy-loss: 0.19011 | Correct: 1174/1280
Epoch: 17 | Batch: 1100 | CrossEntropy-loss: 0.17275 | Correct: 1183/1280
Epoch: 17 | Batch: 1200 | CrossEntropy-loss: 0.16981 | Correct: 1195/1280
Epoch: 17 | Batch: 1300 | CrossEntropy-loss: 0.19001 | Correct: 1187/1280
Epoch: 17 | Batch: 1400 | CrossEntropy-loss: 0.17975 | Correct: 1185/1280
Epoch: 17 | Batch: 1500 | CrossEntropy-loss: 0.19212 | Correct: 1185/1280

Epoch: 17 | Testing Accuracy: 469040/504607 (92.952%) | Historical Best: 92.952%

Epoch: 18 | Batch: 000 | CrossEntropy-loss: 0.17701 | Correct: 1178/1280
Epoch: 18 | Batch: 100 | CrossEntropy-loss: 0.16949 | Correct: 1196/1280
Epoch: 18 | Batch: 200 | CrossEntropy-loss: 0.17577 | Correct: 1186/1280
Epoch: 18 | Batch: 300 | CrossEntropy-loss: 0.16615 | Correct: 1193/1280
Epoch: 18 | Batch: 400 | CrossEntropy-loss: 0.18800 | Correct: 1177/1280
Epoch: 18 | Batch: 500 | CrossEntropy-loss: 0.16285 | Correct: 1193/1280
Epoch: 18 | Batch: 600 | CrossEntropy-loss: 0.16624 | Correct: 1187/1280
Epoch: 18 | Batch: 700 | CrossEntropy-loss: 0.15429 | Correct: 1212/1280
Epoch: 18 | Batch: 800 | CrossEntropy-loss: 0.16891 | Correct: 1190/1280
Epoch: 18 | Batch: 900 | CrossEntropy-loss: 0.16252 | Correct: 1197/1280
Epoch: 18 | Batch: 1000 | CrossEntropy-loss: 0.17646 | Correct: 1178/1280
Epoch: 18 | Batch: 1100 | CrossEntropy-loss: 0.17329 | Correct: 1204/1280
Epoch: 18 | Batch: 1200 | CrossEntropy-loss: 0.17133 | Correct: 1208/1280
Epoch: 18 | Batch: 1300 | CrossEntropy-loss: 0.18015 | Correct: 1183/1280
Epoch: 18 | Batch: 1400 | CrossEntropy-loss: 0.16279 | Correct: 1195/1280
Epoch: 18 | Batch: 1500 | CrossEntropy-loss: 0.16855 | Correct: 1200/1280

Epoch: 18 | Testing Accuracy: 471700/504607 (93.479%) | Historical Best: 93.479%

Epoch: 19 | Batch: 000 | CrossEntropy-loss: 0.16128 | Correct: 1205/1280
Epoch: 19 | Batch: 100 | CrossEntropy-loss: 0.15836 | Correct: 1200/1280
Epoch: 19 | Batch: 200 | CrossEntropy-loss: 0.17598 | Correct: 1187/1280
Epoch: 19 | Batch: 300 | CrossEntropy-loss: 0.18593 | Correct: 1183/1280
Epoch: 19 | Batch: 400 | CrossEntropy-loss: 0.16724 | Correct: 1201/1280
Epoch: 19 | Batch: 500 | CrossEntropy-loss: 0.16573 | Correct: 1198/1280
Epoch: 19 | Batch: 600 | CrossEntropy-loss: 0.16373 | Correct: 1200/1280
Epoch: 19 | Batch: 700 | CrossEntropy-loss: 0.18021 | Correct: 1190/1280
Epoch: 19 | Batch: 800 | CrossEntropy-loss: 0.16926 | Correct: 1196/1280
Epoch: 19 | Batch: 900 | CrossEntropy-loss: 0.14044 | Correct: 1217/1280
Epoch: 19 | Batch: 1000 | CrossEntropy-loss: 0.16888 | Correct: 1200/1280
Epoch: 19 | Batch: 1100 | CrossEntropy-loss: 0.15208 | Correct: 1214/1280
Epoch: 19 | Batch: 1200 | CrossEntropy-loss: 0.16041 | Correct: 1208/1280
Epoch: 19 | Batch: 1300 | CrossEntropy-loss: 0.14139 | Correct: 1224/1280
Epoch: 19 | Batch: 1400 | CrossEntropy-loss: 0.15193 | Correct: 1211/1280
Epoch: 19 | Batch: 1500 | CrossEntropy-loss: 0.14037 | Correct: 1217/1280

Epoch: 19 | Testing Accuracy: 476872/504607 (94.504%) | Historical Best: 94.504%

Epoch: 20 | Batch: 000 | CrossEntropy-loss: 0.15925 | Correct: 1209/1280
Epoch: 20 | Batch: 100 | CrossEntropy-loss: 0.16189 | Correct: 1214/1280
Epoch: 20 | Batch: 200 | CrossEntropy-loss: 0.15873 | Correct: 1205/1280
Epoch: 20 | Batch: 300 | CrossEntropy-loss: 0.14581 | Correct: 1223/1280
Epoch: 20 | Batch: 400 | CrossEntropy-loss: 0.14845 | Correct: 1219/1280
Epoch: 20 | Batch: 500 | CrossEntropy-loss: 0.13766 | Correct: 1215/1280
Epoch: 20 | Batch: 600 | CrossEntropy-loss: 0.14526 | Correct: 1213/1280
Epoch: 20 | Batch: 700 | CrossEntropy-loss: 0.16281 | Correct: 1213/1280
Epoch: 20 | Batch: 800 | CrossEntropy-loss: 0.15901 | Correct: 1209/1280
Epoch: 20 | Batch: 900 | CrossEntropy-loss: 0.15231 | Correct: 1209/1280
Epoch: 20 | Batch: 1000 | CrossEntropy-loss: 0.14979 | Correct: 1210/1280
Epoch: 20 | Batch: 1100 | CrossEntropy-loss: 0.16314 | Correct: 1201/1280
Epoch: 20 | Batch: 1200 | CrossEntropy-loss: 0.17606 | Correct: 1191/1280
Epoch: 20 | Batch: 1300 | CrossEntropy-loss: 0.15358 | Correct: 1211/1280
Epoch: 20 | Batch: 1400 | CrossEntropy-loss: 0.16974 | Correct: 1191/1280
Epoch: 20 | Batch: 1500 | CrossEntropy-loss: 0.15797 | Correct: 1203/1280

Epoch: 20 | Testing Accuracy: 479038/504607 (94.933%) | Historical Best: 94.933%

Epoch: 21 | Batch: 000 | CrossEntropy-loss: 0.13927 | Correct: 1214/1280
Epoch: 21 | Batch: 100 | CrossEntropy-loss: 0.14102 | Correct: 1220/1280
Epoch: 21 | Batch: 200 | CrossEntropy-loss: 0.14609 | Correct: 1216/1280
Epoch: 21 | Batch: 300 | CrossEntropy-loss: 0.15611 | Correct: 1208/1280
Epoch: 21 | Batch: 400 | CrossEntropy-loss: 0.14909 | Correct: 1212/1280
Epoch: 21 | Batch: 500 | CrossEntropy-loss: 0.14087 | Correct: 1212/1280
Epoch: 21 | Batch: 600 | CrossEntropy-loss: 0.13014 | Correct: 1221/1280
Epoch: 21 | Batch: 700 | CrossEntropy-loss: 0.13425 | Correct: 1225/1280
Epoch: 21 | Batch: 800 | CrossEntropy-loss: 0.13760 | Correct: 1214/1280
Epoch: 21 | Batch: 900 | CrossEntropy-loss: 0.13359 | Correct: 1229/1280
Epoch: 21 | Batch: 1000 | CrossEntropy-loss: 0.15863 | Correct: 1205/1280
Epoch: 21 | Batch: 1100 | CrossEntropy-loss: 0.13578 | Correct: 1216/1280
Epoch: 21 | Batch: 1200 | CrossEntropy-loss: 0.14745 | Correct: 1218/1280
Epoch: 21 | Batch: 1300 | CrossEntropy-loss: 0.12762 | Correct: 1221/1280
Epoch: 21 | Batch: 1400 | CrossEntropy-loss: 0.14707 | Correct: 1210/1280
Epoch: 21 | Batch: 1500 | CrossEntropy-loss: 0.13957 | Correct: 1214/1280

Epoch: 21 | Testing Accuracy: 480252/504607 (95.173%) | Historical Best: 95.173%

Epoch: 22 | Batch: 000 | CrossEntropy-loss: 0.14948 | Correct: 1215/1280
Epoch: 22 | Batch: 100 | CrossEntropy-loss: 0.13314 | Correct: 1222/1280
Epoch: 22 | Batch: 200 | CrossEntropy-loss: 0.14818 | Correct: 1212/1280
Epoch: 22 | Batch: 300 | CrossEntropy-loss: 0.14688 | Correct: 1211/1280
Epoch: 22 | Batch: 400 | CrossEntropy-loss: 0.13667 | Correct: 1226/1280
Epoch: 22 | Batch: 500 | CrossEntropy-loss: 0.14226 | Correct: 1209/1280
Epoch: 22 | Batch: 600 | CrossEntropy-loss: 0.13443 | Correct: 1217/1280
Epoch: 22 | Batch: 700 | CrossEntropy-loss: 0.14427 | Correct: 1218/1280
Epoch: 22 | Batch: 800 | CrossEntropy-loss: 0.12304 | Correct: 1236/1280
Epoch: 22 | Batch: 900 | CrossEntropy-loss: 0.13905 | Correct: 1208/1280
Epoch: 22 | Batch: 1000 | CrossEntropy-loss: 0.14151 | Correct: 1219/1280
Epoch: 22 | Batch: 1100 | CrossEntropy-loss: 0.13408 | Correct: 1220/1280
Epoch: 22 | Batch: 1200 | CrossEntropy-loss: 0.13617 | Correct: 1216/1280
Epoch: 22 | Batch: 1300 | CrossEntropy-loss: 0.14665 | Correct: 1213/1280
Epoch: 22 | Batch: 1400 | CrossEntropy-loss: 0.13237 | Correct: 1224/1280
Epoch: 22 | Batch: 1500 | CrossEntropy-loss: 0.11879 | Correct: 1232/1280

Epoch: 22 | Testing Accuracy: 481266/504607 (95.374%) | Historical Best: 95.374%

Epoch: 23 | Batch: 000 | CrossEntropy-loss: 0.14106 | Correct: 1204/1280
Epoch: 23 | Batch: 100 | CrossEntropy-loss: 0.13442 | Correct: 1227/1280
Epoch: 23 | Batch: 200 | CrossEntropy-loss: 0.11543 | Correct: 1230/1280
Epoch: 23 | Batch: 300 | CrossEntropy-loss: 0.13821 | Correct: 1219/1280
Epoch: 23 | Batch: 400 | CrossEntropy-loss: 0.13523 | Correct: 1226/1280
Epoch: 23 | Batch: 500 | CrossEntropy-loss: 0.12959 | Correct: 1222/1280
Epoch: 23 | Batch: 600 | CrossEntropy-loss: 0.14981 | Correct: 1221/1280
Epoch: 23 | Batch: 700 | CrossEntropy-loss: 0.14581 | Correct: 1214/1280
Epoch: 23 | Batch: 800 | CrossEntropy-loss: 0.14155 | Correct: 1220/1280
Epoch: 23 | Batch: 900 | CrossEntropy-loss: 0.13964 | Correct: 1215/1280
Epoch: 23 | Batch: 1000 | CrossEntropy-loss: 0.11889 | Correct: 1238/1280
Epoch: 23 | Batch: 1100 | CrossEntropy-loss: 0.12146 | Correct: 1225/1280
Epoch: 23 | Batch: 1200 | CrossEntropy-loss: 0.12357 | Correct: 1236/1280
Epoch: 23 | Batch: 1300 | CrossEntropy-loss: 0.13007 | Correct: 1223/1280
Epoch: 23 | Batch: 1400 | CrossEntropy-loss: 0.13789 | Correct: 1219/1280
Epoch: 23 | Batch: 1500 | CrossEntropy-loss: 0.11881 | Correct: 1229/1280

Epoch: 23 | Testing Accuracy: 482836/504607 (95.686%) | Historical Best: 95.686%

Epoch: 24 | Batch: 000 | CrossEntropy-loss: 0.12684 | Correct: 1228/1280
Epoch: 24 | Batch: 100 | CrossEntropy-loss: 0.12306 | Correct: 1233/1280
Epoch: 24 | Batch: 200 | CrossEntropy-loss: 0.13018 | Correct: 1219/1280
Epoch: 24 | Batch: 300 | CrossEntropy-loss: 0.13330 | Correct: 1232/1280
Epoch: 24 | Batch: 400 | CrossEntropy-loss: 0.13240 | Correct: 1223/1280
Epoch: 24 | Batch: 500 | CrossEntropy-loss: 0.12728 | Correct: 1226/1280
Epoch: 24 | Batch: 600 | CrossEntropy-loss: 0.12847 | Correct: 1225/1280
Epoch: 24 | Batch: 700 | CrossEntropy-loss: 0.13005 | Correct: 1226/1280
Epoch: 24 | Batch: 800 | CrossEntropy-loss: 0.11935 | Correct: 1225/1280
Epoch: 24 | Batch: 900 | CrossEntropy-loss: 0.12289 | Correct: 1231/1280
Epoch: 24 | Batch: 1000 | CrossEntropy-loss: 0.12114 | Correct: 1229/1280
Epoch: 24 | Batch: 1100 | CrossEntropy-loss: 0.13148 | Correct: 1217/1280
Epoch: 24 | Batch: 1200 | CrossEntropy-loss: 0.14098 | Correct: 1213/1280
Epoch: 24 | Batch: 1300 | CrossEntropy-loss: 0.12151 | Correct: 1229/1280
Epoch: 24 | Batch: 1400 | CrossEntropy-loss: 0.12908 | Correct: 1220/1280
Epoch: 24 | Batch: 1500 | CrossEntropy-loss: 0.15629 | Correct: 1209/1280

Epoch: 24 | Testing Accuracy: 484141/504607 (95.944%) | Historical Best: 95.944%

Epoch: 25 | Batch: 000 | CrossEntropy-loss: 0.12686 | Correct: 1227/1280
Epoch: 25 | Batch: 100 | CrossEntropy-loss: 0.13396 | Correct: 1227/1280
Epoch: 25 | Batch: 200 | CrossEntropy-loss: 0.12576 | Correct: 1229/1280
Epoch: 25 | Batch: 300 | CrossEntropy-loss: 0.13222 | Correct: 1231/1280
Epoch: 25 | Batch: 400 | CrossEntropy-loss: 0.12067 | Correct: 1229/1280
Epoch: 25 | Batch: 500 | CrossEntropy-loss: 0.13708 | Correct: 1219/1280
Epoch: 25 | Batch: 600 | CrossEntropy-loss: 0.13417 | Correct: 1225/1280
Epoch: 25 | Batch: 700 | CrossEntropy-loss: 0.12486 | Correct: 1234/1280
Epoch: 25 | Batch: 800 | CrossEntropy-loss: 0.12529 | Correct: 1224/1280
Epoch: 25 | Batch: 900 | CrossEntropy-loss: 0.12282 | Correct: 1235/1280
Epoch: 25 | Batch: 1000 | CrossEntropy-loss: 0.11362 | Correct: 1234/1280
Epoch: 25 | Batch: 1100 | CrossEntropy-loss: 0.12376 | Correct: 1231/1280
Epoch: 25 | Batch: 1200 | CrossEntropy-loss: 0.12264 | Correct: 1231/1280
Epoch: 25 | Batch: 1300 | CrossEntropy-loss: 0.11639 | Correct: 1233/1280
Epoch: 25 | Batch: 1400 | CrossEntropy-loss: 0.11837 | Correct: 1230/1280
Epoch: 25 | Batch: 1500 | CrossEntropy-loss: 0.11866 | Correct: 1226/1280

Epoch: 25 | Testing Accuracy: 486156/504607 (96.343%) | Historical Best: 96.343%

Epoch: 26 | Batch: 000 | CrossEntropy-loss: 0.12347 | Correct: 1227/1280
Epoch: 26 | Batch: 100 | CrossEntropy-loss: 0.12316 | Correct: 1225/1280
Epoch: 26 | Batch: 200 | CrossEntropy-loss: 0.11409 | Correct: 1238/1280
Epoch: 26 | Batch: 300 | CrossEntropy-loss: 0.11864 | Correct: 1227/1280
Epoch: 26 | Batch: 400 | CrossEntropy-loss: 0.12598 | Correct: 1225/1280
Epoch: 26 | Batch: 500 | CrossEntropy-loss: 0.12137 | Correct: 1232/1280
Epoch: 26 | Batch: 600 | CrossEntropy-loss: 0.11737 | Correct: 1237/1280
Epoch: 26 | Batch: 700 | CrossEntropy-loss: 0.12270 | Correct: 1220/1280
Epoch: 26 | Batch: 800 | CrossEntropy-loss: 0.13089 | Correct: 1222/1280
Epoch: 26 | Batch: 900 | CrossEntropy-loss: 0.11153 | Correct: 1242/1280
Epoch: 26 | Batch: 1000 | CrossEntropy-loss: 0.11597 | Correct: 1238/1280
Epoch: 26 | Batch: 1100 | CrossEntropy-loss: 0.12193 | Correct: 1225/1280
Epoch: 26 | Batch: 1200 | CrossEntropy-loss: 0.11419 | Correct: 1235/1280
Epoch: 26 | Batch: 1300 | CrossEntropy-loss: 0.14633 | Correct: 1221/1280
Epoch: 26 | Batch: 1400 | CrossEntropy-loss: 0.10491 | Correct: 1246/1280
Epoch: 26 | Batch: 1500 | CrossEntropy-loss: 0.11120 | Correct: 1235/1280

Epoch: 26 | Testing Accuracy: 485782/504607 (96.269%) | Historical Best: 96.343%

Epoch: 27 | Batch: 000 | CrossEntropy-loss: 0.11689 | Correct: 1233/1280
Epoch: 27 | Batch: 100 | CrossEntropy-loss: 0.10581 | Correct: 1239/1280
Epoch: 27 | Batch: 200 | CrossEntropy-loss: 0.12535 | Correct: 1232/1280
Epoch: 27 | Batch: 300 | CrossEntropy-loss: 0.11183 | Correct: 1233/1280
Epoch: 27 | Batch: 400 | CrossEntropy-loss: 0.12327 | Correct: 1231/1280
Epoch: 27 | Batch: 500 | CrossEntropy-loss: 0.11560 | Correct: 1234/1280
Epoch: 27 | Batch: 600 | CrossEntropy-loss: 0.11868 | Correct: 1234/1280
Epoch: 27 | Batch: 700 | CrossEntropy-loss: 0.11144 | Correct: 1238/1280
Epoch: 27 | Batch: 800 | CrossEntropy-loss: 0.12048 | Correct: 1233/1280
Epoch: 27 | Batch: 900 | CrossEntropy-loss: 0.12964 | Correct: 1223/1280
Epoch: 27 | Batch: 1000 | CrossEntropy-loss: 0.10522 | Correct: 1243/1280
Epoch: 27 | Batch: 1100 | CrossEntropy-loss: 0.10571 | Correct: 1239/1280
Epoch: 27 | Batch: 1200 | CrossEntropy-loss: 0.11408 | Correct: 1235/1280
Epoch: 27 | Batch: 1300 | CrossEntropy-loss: 0.10954 | Correct: 1241/1280
Epoch: 27 | Batch: 1400 | CrossEntropy-loss: 0.11665 | Correct: 1229/1280
Epoch: 27 | Batch: 1500 | CrossEntropy-loss: 0.10728 | Correct: 1239/1280

Epoch: 27 | Testing Accuracy: 486287/504607 (96.369%) | Historical Best: 96.369%

Epoch: 28 | Batch: 000 | CrossEntropy-loss: 0.12431 | Correct: 1219/1280
Epoch: 28 | Batch: 100 | CrossEntropy-loss: 0.12444 | Correct: 1222/1280
Epoch: 28 | Batch: 200 | CrossEntropy-loss: 0.10003 | Correct: 1243/1280
Epoch: 28 | Batch: 300 | CrossEntropy-loss: 0.11557 | Correct: 1240/1280
Epoch: 28 | Batch: 400 | CrossEntropy-loss: 0.11165 | Correct: 1238/1280
Epoch: 28 | Batch: 500 | CrossEntropy-loss: 0.09919 | Correct: 1247/1280
Epoch: 28 | Batch: 600 | CrossEntropy-loss: 0.12655 | Correct: 1223/1280
Epoch: 28 | Batch: 700 | CrossEntropy-loss: 0.12002 | Correct: 1227/1280
Epoch: 28 | Batch: 800 | CrossEntropy-loss: 0.11593 | Correct: 1234/1280
Epoch: 28 | Batch: 900 | CrossEntropy-loss: 0.12663 | Correct: 1225/1280
Epoch: 28 | Batch: 1000 | CrossEntropy-loss: 0.11438 | Correct: 1233/1280
Epoch: 28 | Batch: 1100 | CrossEntropy-loss: 0.11690 | Correct: 1238/1280
Epoch: 28 | Batch: 1200 | CrossEntropy-loss: 0.11889 | Correct: 1236/1280
Epoch: 28 | Batch: 1300 | CrossEntropy-loss: 0.12139 | Correct: 1227/1280
Epoch: 28 | Batch: 1400 | CrossEntropy-loss: 0.12724 | Correct: 1222/1280
Epoch: 28 | Batch: 1500 | CrossEntropy-loss: 0.10154 | Correct: 1238/1280

Epoch: 28 | Testing Accuracy: 487387/504607 (96.587%) | Historical Best: 96.587%

Epoch: 29 | Batch: 000 | CrossEntropy-loss: 0.12227 | Correct: 1236/1280
Epoch: 29 | Batch: 100 | CrossEntropy-loss: 0.12462 | Correct: 1225/1280
Epoch: 29 | Batch: 200 | CrossEntropy-loss: 0.10699 | Correct: 1229/1280
Epoch: 29 | Batch: 300 | CrossEntropy-loss: 0.10398 | Correct: 1238/1280
Epoch: 29 | Batch: 400 | CrossEntropy-loss: 0.10997 | Correct: 1234/1280
Epoch: 29 | Batch: 500 | CrossEntropy-loss: 0.11623 | Correct: 1233/1280
Epoch: 29 | Batch: 600 | CrossEntropy-loss: 0.11497 | Correct: 1234/1280
Epoch: 29 | Batch: 700 | CrossEntropy-loss: 0.10730 | Correct: 1241/1280
Epoch: 29 | Batch: 800 | CrossEntropy-loss: 0.10292 | Correct: 1243/1280
Epoch: 29 | Batch: 900 | CrossEntropy-loss: 0.09310 | Correct: 1250/1280
Epoch: 29 | Batch: 1000 | CrossEntropy-loss: 0.11472 | Correct: 1231/1280
Epoch: 29 | Batch: 1100 | CrossEntropy-loss: 0.09639 | Correct: 1244/1280
Epoch: 29 | Batch: 1200 | CrossEntropy-loss: 0.10384 | Correct: 1241/1280
Epoch: 29 | Batch: 1300 | CrossEntropy-loss: 0.09799 | Correct: 1245/1280
Epoch: 29 | Batch: 1400 | CrossEntropy-loss: 0.11127 | Correct: 1236/1280
Epoch: 29 | Batch: 1500 | CrossEntropy-loss: 0.10556 | Correct: 1241/1280

Epoch: 29 | Testing Accuracy: 486827/504607 (96.476%) | Historical Best: 96.587%

Epoch: 30 | Batch: 000 | CrossEntropy-loss: 0.11045 | Correct: 1231/1280
Epoch: 30 | Batch: 100 | CrossEntropy-loss: 0.10487 | Correct: 1238/1280
Epoch: 30 | Batch: 200 | CrossEntropy-loss: 0.12980 | Correct: 1229/1280
Epoch: 30 | Batch: 300 | CrossEntropy-loss: 0.11239 | Correct: 1231/1280
Epoch: 30 | Batch: 400 | CrossEntropy-loss: 0.10479 | Correct: 1232/1280
Epoch: 30 | Batch: 500 | CrossEntropy-loss: 0.10484 | Correct: 1240/1280
Epoch: 30 | Batch: 600 | CrossEntropy-loss: 0.10823 | Correct: 1236/1280
Epoch: 30 | Batch: 700 | CrossEntropy-loss: 0.11363 | Correct: 1236/1280
Epoch: 30 | Batch: 800 | CrossEntropy-loss: 0.11464 | Correct: 1238/1280
Epoch: 30 | Batch: 900 | CrossEntropy-loss: 0.11511 | Correct: 1235/1280
Epoch: 30 | Batch: 1000 | CrossEntropy-loss: 0.12204 | Correct: 1231/1280
Epoch: 30 | Batch: 1100 | CrossEntropy-loss: 0.11465 | Correct: 1227/1280
Epoch: 30 | Batch: 1200 | CrossEntropy-loss: 0.10552 | Correct: 1238/1280
Epoch: 30 | Batch: 1300 | CrossEntropy-loss: 0.09748 | Correct: 1238/1280
Epoch: 30 | Batch: 1400 | CrossEntropy-loss: 0.10896 | Correct: 1233/1280
Epoch: 30 | Batch: 1500 | CrossEntropy-loss: 0.11247 | Correct: 1232/1280

Epoch: 30 | Testing Accuracy: 487536/504607 (96.617%) | Historical Best: 96.617%

Epoch: 31 | Batch: 000 | CrossEntropy-loss: 0.10214 | Correct: 1237/1280
Epoch: 31 | Batch: 100 | CrossEntropy-loss: 0.11150 | Correct: 1231/1280
Epoch: 31 | Batch: 200 | CrossEntropy-loss: 0.10301 | Correct: 1240/1280
Epoch: 31 | Batch: 300 | CrossEntropy-loss: 0.10580 | Correct: 1232/1280
Epoch: 31 | Batch: 400 | CrossEntropy-loss: 0.11019 | Correct: 1233/1280
Epoch: 31 | Batch: 500 | CrossEntropy-loss: 0.11326 | Correct: 1233/1280
Epoch: 31 | Batch: 600 | CrossEntropy-loss: 0.11267 | Correct: 1233/1280
Epoch: 31 | Batch: 700 | CrossEntropy-loss: 0.11337 | Correct: 1232/1280
Epoch: 31 | Batch: 800 | CrossEntropy-loss: 0.10888 | Correct: 1237/1280
Epoch: 31 | Batch: 900 | CrossEntropy-loss: 0.10922 | Correct: 1226/1280
Epoch: 31 | Batch: 1000 | CrossEntropy-loss: 0.10321 | Correct: 1236/1280
Epoch: 31 | Batch: 1100 | CrossEntropy-loss: 0.10762 | Correct: 1240/1280
Epoch: 31 | Batch: 1200 | CrossEntropy-loss: 0.11545 | Correct: 1231/1280
Epoch: 31 | Batch: 1300 | CrossEntropy-loss: 0.10051 | Correct: 1243/1280
Epoch: 31 | Batch: 1400 | CrossEntropy-loss: 0.10436 | Correct: 1236/1280
Epoch: 31 | Batch: 1500 | CrossEntropy-loss: 0.11460 | Correct: 1227/1280

Epoch: 31 | Testing Accuracy: 488000/504607 (96.709%) | Historical Best: 96.709%

Epoch: 32 | Batch: 000 | CrossEntropy-loss: 0.10726 | Correct: 1235/1280
Epoch: 32 | Batch: 100 | CrossEntropy-loss: 0.10080 | Correct: 1240/1280
Epoch: 32 | Batch: 200 | CrossEntropy-loss: 0.11859 | Correct: 1227/1280
Epoch: 32 | Batch: 300 | CrossEntropy-loss: 0.12221 | Correct: 1229/1280
Epoch: 32 | Batch: 400 | CrossEntropy-loss: 0.10242 | Correct: 1243/1280
Epoch: 32 | Batch: 500 | CrossEntropy-loss: 0.10826 | Correct: 1241/1280
Epoch: 32 | Batch: 600 | CrossEntropy-loss: 0.10684 | Correct: 1238/1280
Epoch: 32 | Batch: 700 | CrossEntropy-loss: 0.10335 | Correct: 1237/1280
Epoch: 32 | Batch: 800 | CrossEntropy-loss: 0.08406 | Correct: 1255/1280
Epoch: 32 | Batch: 900 | CrossEntropy-loss: 0.10645 | Correct: 1235/1280
Epoch: 32 | Batch: 1000 | CrossEntropy-loss: 0.11236 | Correct: 1238/1280
Epoch: 32 | Batch: 1100 | CrossEntropy-loss: 0.10794 | Correct: 1239/1280
Epoch: 32 | Batch: 1200 | CrossEntropy-loss: 0.09784 | Correct: 1249/1280
Epoch: 32 | Batch: 1300 | CrossEntropy-loss: 0.10508 | Correct: 1244/1280
Epoch: 32 | Batch: 1400 | CrossEntropy-loss: 0.10743 | Correct: 1241/1280
Epoch: 32 | Batch: 1500 | CrossEntropy-loss: 0.09454 | Correct: 1241/1280

Epoch: 32 | Testing Accuracy: 487877/504607 (96.685%) | Historical Best: 96.709%

Epoch: 33 | Batch: 000 | CrossEntropy-loss: 0.10782 | Correct: 1236/1280
Epoch: 33 | Batch: 100 | CrossEntropy-loss: 0.10515 | Correct: 1241/1280
Epoch: 33 | Batch: 200 | CrossEntropy-loss: 0.11788 | Correct: 1239/1280
Epoch: 33 | Batch: 300 | CrossEntropy-loss: 0.11843 | Correct: 1221/1280
Epoch: 33 | Batch: 400 | CrossEntropy-loss: 0.09651 | Correct: 1234/1280
Epoch: 33 | Batch: 500 | CrossEntropy-loss: 0.10405 | Correct: 1246/1280
Epoch: 33 | Batch: 600 | CrossEntropy-loss: 0.10026 | Correct: 1241/1280
Epoch: 33 | Batch: 700 | CrossEntropy-loss: 0.09815 | Correct: 1243/1280
Epoch: 33 | Batch: 800 | CrossEntropy-loss: 0.09410 | Correct: 1242/1280
Epoch: 33 | Batch: 900 | CrossEntropy-loss: 0.10373 | Correct: 1225/1280
Epoch: 33 | Batch: 1000 | CrossEntropy-loss: 0.10039 | Correct: 1243/1280
Epoch: 33 | Batch: 1100 | CrossEntropy-loss: 0.09364 | Correct: 1239/1280
Epoch: 33 | Batch: 1200 | CrossEntropy-loss: 0.09412 | Correct: 1240/1280
Epoch: 33 | Batch: 1300 | CrossEntropy-loss: 0.09814 | Correct: 1239/1280
Epoch: 33 | Batch: 1400 | CrossEntropy-loss: 0.09376 | Correct: 1241/1280
Epoch: 33 | Batch: 1500 | CrossEntropy-loss: 0.09686 | Correct: 1246/1280

Epoch: 33 | Testing Accuracy: 488186/504607 (96.746%) | Historical Best: 96.746%

Epoch: 34 | Batch: 000 | CrossEntropy-loss: 0.09953 | Correct: 1248/1280
Epoch: 34 | Batch: 100 | CrossEntropy-loss: 0.09174 | Correct: 1252/1280
Epoch: 34 | Batch: 200 | CrossEntropy-loss: 0.10407 | Correct: 1244/1280
Epoch: 34 | Batch: 300 | CrossEntropy-loss: 0.08701 | Correct: 1244/1280
Epoch: 34 | Batch: 400 | CrossEntropy-loss: 0.09791 | Correct: 1240/1280
Epoch: 34 | Batch: 500 | CrossEntropy-loss: 0.08255 | Correct: 1243/1280
Epoch: 34 | Batch: 600 | CrossEntropy-loss: 0.09973 | Correct: 1238/1280
Epoch: 34 | Batch: 700 | CrossEntropy-loss: 0.09794 | Correct: 1240/1280
Epoch: 34 | Batch: 800 | CrossEntropy-loss: 0.09563 | Correct: 1242/1280
Epoch: 34 | Batch: 900 | CrossEntropy-loss: 0.10863 | Correct: 1232/1280
Epoch: 34 | Batch: 1000 | CrossEntropy-loss: 0.09223 | Correct: 1248/1280
Epoch: 34 | Batch: 1100 | CrossEntropy-loss: 0.09778 | Correct: 1247/1280
Epoch: 34 | Batch: 1200 | CrossEntropy-loss: 0.10408 | Correct: 1235/1280
Epoch: 34 | Batch: 1300 | CrossEntropy-loss: 0.10462 | Correct: 1243/1280
Epoch: 34 | Batch: 1400 | CrossEntropy-loss: 0.09759 | Correct: 1238/1280
Epoch: 34 | Batch: 1500 | CrossEntropy-loss: 0.09439 | Correct: 1242/1280

Epoch: 34 | Testing Accuracy: 489254/504607 (96.957%) | Historical Best: 96.957%

Epoch: 35 | Batch: 000 | CrossEntropy-loss: 0.10123 | Correct: 1242/1280
Epoch: 35 | Batch: 100 | CrossEntropy-loss: 0.10740 | Correct: 1235/1280
Epoch: 35 | Batch: 200 | CrossEntropy-loss: 0.10142 | Correct: 1243/1280
Epoch: 35 | Batch: 300 | CrossEntropy-loss: 0.09845 | Correct: 1244/1280
Epoch: 35 | Batch: 400 | CrossEntropy-loss: 0.08456 | Correct: 1249/1280
Epoch: 35 | Batch: 500 | CrossEntropy-loss: 0.10768 | Correct: 1233/1280
Epoch: 35 | Batch: 600 | CrossEntropy-loss: 0.09426 | Correct: 1244/1280
Epoch: 35 | Batch: 700 | CrossEntropy-loss: 0.11304 | Correct: 1231/1280
Epoch: 35 | Batch: 800 | CrossEntropy-loss: 0.08763 | Correct: 1246/1280
Epoch: 35 | Batch: 900 | CrossEntropy-loss: 0.11411 | Correct: 1225/1280
Epoch: 35 | Batch: 1000 | CrossEntropy-loss: 0.10296 | Correct: 1237/1280
Epoch: 35 | Batch: 1100 | CrossEntropy-loss: 0.09049 | Correct: 1246/1280
Epoch: 35 | Batch: 1200 | CrossEntropy-loss: 0.10173 | Correct: 1237/1280
Epoch: 35 | Batch: 1300 | CrossEntropy-loss: 0.08500 | Correct: 1245/1280
Epoch: 35 | Batch: 1400 | CrossEntropy-loss: 0.09902 | Correct: 1233/1280
Epoch: 35 | Batch: 1500 | CrossEntropy-loss: 0.08368 | Correct: 1244/1280

Epoch: 35 | Testing Accuracy: 489192/504607 (96.945%) | Historical Best: 96.957%

Epoch: 36 | Batch: 000 | CrossEntropy-loss: 0.10080 | Correct: 1238/1280
Epoch: 36 | Batch: 100 | CrossEntropy-loss: 0.11159 | Correct: 1234/1280
Epoch: 36 | Batch: 200 | CrossEntropy-loss: 0.09365 | Correct: 1236/1280
Epoch: 36 | Batch: 300 | CrossEntropy-loss: 0.09541 | Correct: 1236/1280
Epoch: 36 | Batch: 400 | CrossEntropy-loss: 0.10109 | Correct: 1234/1280
Epoch: 36 | Batch: 500 | CrossEntropy-loss: 0.08738 | Correct: 1243/1280
Epoch: 36 | Batch: 600 | CrossEntropy-loss: 0.10375 | Correct: 1238/1280
Epoch: 36 | Batch: 700 | CrossEntropy-loss: 0.08137 | Correct: 1254/1280
Epoch: 36 | Batch: 800 | CrossEntropy-loss: 0.08866 | Correct: 1247/1280
Epoch: 36 | Batch: 900 | CrossEntropy-loss: 0.06610 | Correct: 1254/1280
Epoch: 36 | Batch: 1000 | CrossEntropy-loss: 0.09529 | Correct: 1240/1280
Epoch: 36 | Batch: 1100 | CrossEntropy-loss: 0.08888 | Correct: 1251/1280
Epoch: 36 | Batch: 1200 | CrossEntropy-loss: 0.09563 | Correct: 1238/1280
Epoch: 36 | Batch: 1300 | CrossEntropy-loss: 0.07849 | Correct: 1251/1280
Epoch: 36 | Batch: 1400 | CrossEntropy-loss: 0.08822 | Correct: 1249/1280
Epoch: 36 | Batch: 1500 | CrossEntropy-loss: 0.10398 | Correct: 1233/1280

Epoch: 36 | Testing Accuracy: 489308/504607 (96.968%) | Historical Best: 96.968%

Epoch: 37 | Batch: 000 | CrossEntropy-loss: 0.08872 | Correct: 1247/1280
Epoch: 37 | Batch: 100 | CrossEntropy-loss: 0.09323 | Correct: 1242/1280
Epoch: 37 | Batch: 200 | CrossEntropy-loss: 0.09709 | Correct: 1249/1280
Epoch: 37 | Batch: 300 | CrossEntropy-loss: 0.11268 | Correct: 1233/1280
Epoch: 37 | Batch: 400 | CrossEntropy-loss: 0.10058 | Correct: 1235/1280
Epoch: 37 | Batch: 500 | CrossEntropy-loss: 0.09083 | Correct: 1242/1280
Epoch: 37 | Batch: 600 | CrossEntropy-loss: 0.10986 | Correct: 1231/1280
Epoch: 37 | Batch: 700 | CrossEntropy-loss: 0.09972 | Correct: 1237/1280
Epoch: 37 | Batch: 800 | CrossEntropy-loss: nan | Correct: 647/1280
Epoch: 37 | Batch: 900 | CrossEntropy-loss: nan | Correct: 669/1280
Epoch: 37 | Batch: 1000 | CrossEntropy-loss: nan | Correct: 659/1280
Epoch: 37 | Batch: 1100 | CrossEntropy-loss: nan | Correct: 668/1280
Epoch: 37 | Batch: 1200 | CrossEntropy-loss: nan | Correct: 656/1280
Epoch: 37 | Batch: 1300 | CrossEntropy-loss: nan | Correct: 638/1280
Epoch: 37 | Batch: 1400 | CrossEntropy-loss: nan | Correct: 624/1280
Epoch: 37 | Batch: 1500 | CrossEntropy-loss: nan | Correct: 683/1280

Epoch: 37 | Testing Accuracy: 259943/504607 (51.514%) | Historical Best: 96.968%

Epoch: 38 | Batch: 000 | CrossEntropy-loss: nan | Correct: 663/1280
Epoch: 38 | Batch: 100 | CrossEntropy-loss: nan | Correct: 668/1280
Epoch: 38 | Batch: 200 | CrossEntropy-loss: nan | Correct: 662/1280
Epoch: 38 | Batch: 300 | CrossEntropy-loss: nan | Correct: 640/1280
Epoch: 38 | Batch: 400 | CrossEntropy-loss: nan | Correct: 650/1280
Epoch: 38 | Batch: 500 | CrossEntropy-loss: nan | Correct: 677/1280
Epoch: 38 | Batch: 600 | CrossEntropy-loss: nan | Correct: 664/1280
Epoch: 38 | Batch: 700 | CrossEntropy-loss: nan | Correct: 672/1280
Epoch: 38 | Batch: 800 | CrossEntropy-loss: nan | Correct: 672/1280
Epoch: 38 | Batch: 900 | CrossEntropy-loss: nan | Correct: 677/1280
Epoch: 38 | Batch: 1000 | CrossEntropy-loss: nan | Correct: 649/1280
Epoch: 38 | Batch: 1100 | CrossEntropy-loss: nan | Correct: 651/1280
Epoch: 38 | Batch: 1200 | CrossEntropy-loss: nan | Correct: 669/1280
Epoch: 38 | Batch: 1300 | CrossEntropy-loss: nan | Correct: 648/1280
Epoch: 38 | Batch: 1400 | CrossEntropy-loss: nan | Correct: 676/1280
Epoch: 38 | Batch: 1500 | CrossEntropy-loss: nan | Correct: 657/1280

Epoch: 38 | Testing Accuracy: 259943/504607 (51.514%) | Historical Best: 96.968%

Epoch: 39 | Batch: 000 | CrossEntropy-loss: nan | Correct: 626/1280
Epoch: 39 | Batch: 100 | CrossEntropy-loss: nan | Correct: 676/1280
Epoch: 39 | Batch: 200 | CrossEntropy-loss: nan | Correct: 638/1280
Epoch: 39 | Batch: 300 | CrossEntropy-loss: nan | Correct: 658/1280
Epoch: 39 | Batch: 400 | CrossEntropy-loss: nan | Correct: 672/1280
Epoch: 39 | Batch: 500 | CrossEntropy-loss: nan | Correct: 658/1280
Epoch: 39 | Batch: 600 | CrossEntropy-loss: nan | Correct: 667/1280
Epoch: 39 | Batch: 700 | CrossEntropy-loss: nan | Correct: 662/1280
Epoch: 39 | Batch: 800 | CrossEntropy-loss: nan | Correct: 647/1280
Epoch: 39 | Batch: 900 | CrossEntropy-loss: nan | Correct: 684/1280
Epoch: 39 | Batch: 1000 | CrossEntropy-loss: nan | Correct: 672/1280
Epoch: 39 | Batch: 1100 | CrossEntropy-loss: nan | Correct: 618/1280
Epoch: 39 | Batch: 1200 | CrossEntropy-loss: nan | Correct: 668/1280
Epoch: 39 | Batch: 1300 | CrossEntropy-loss: nan | Correct: 627/1280
Epoch: 39 | Batch: 1400 | CrossEntropy-loss: nan | Correct: 657/1280
Epoch: 39 | Batch: 1500 | CrossEntropy-loss: nan | Correct: 670/1280

Epoch: 39 | Testing Accuracy: 259943/504607 (51.514%) | Historical Best: 96.968%

Epoch: 40 | Batch: 000 | CrossEntropy-loss: nan | Correct: 656/1280
Epoch: 40 | Batch: 100 | CrossEntropy-loss: nan | Correct: 665/1280
Epoch: 40 | Batch: 200 | CrossEntropy-loss: nan | Correct: 635/1280
Epoch: 40 | Batch: 300 | CrossEntropy-loss: nan | Correct: 625/1280
Epoch: 40 | Batch: 400 | CrossEntropy-loss: nan | Correct: 645/1280
Epoch: 40 | Batch: 500 | CrossEntropy-loss: nan | Correct: 657/1280
Epoch: 40 | Batch: 600 | CrossEntropy-loss: nan | Correct: 670/1280
Epoch: 40 | Batch: 700 | CrossEntropy-loss: nan | Correct: 667/1280
Epoch: 40 | Batch: 800 | CrossEntropy-loss: nan | Correct: 683/1280
Epoch: 40 | Batch: 900 | CrossEntropy-loss: nan | Correct: 668/1280
Epoch: 40 | Batch: 1000 | CrossEntropy-loss: nan | Correct: 689/1280
Epoch: 40 | Batch: 1100 | CrossEntropy-loss: nan | Correct: 652/1280
Epoch: 40 | Batch: 1200 | CrossEntropy-loss: nan | Correct: 664/1280
Epoch: 40 | Batch: 1300 | CrossEntropy-loss: nan | Correct: 655/1280
Epoch: 40 | Batch: 1400 | CrossEntropy-loss: nan | Correct: 643/1280
Epoch: 40 | Batch: 1500 | CrossEntropy-loss: nan | Correct: 640/1280

Epoch: 40 | Testing Accuracy: 259943/504607 (51.514%) | Historical Best: 96.968%

