compute002
7
/home/zihan/anaconda3/envs/exp/lib/python3.6/site-packages/tensorboard/compat/tensorflow_stub/dtypes.py:541: FutureWarning: Passing (type, 1) or '1type' as a synonym of type is deprecated; in a future version of numpy, it will be understood as (type, (1,)) / '(1,)type'.
  _np_qint8 = np.dtype([("qint8", np.int8, 1)])
/home/zihan/anaconda3/envs/exp/lib/python3.6/site-packages/tensorboard/compat/tensorflow_stub/dtypes.py:542: FutureWarning: Passing (type, 1) or '1type' as a synonym of type is deprecated; in a future version of numpy, it will be understood as (type, (1,)) / '(1,)type'.
  _np_quint8 = np.dtype([("quint8", np.uint8, 1)])
/home/zihan/anaconda3/envs/exp/lib/python3.6/site-packages/tensorboard/compat/tensorflow_stub/dtypes.py:543: FutureWarning: Passing (type, 1) or '1type' as a synonym of type is deprecated; in a future version of numpy, it will be understood as (type, (1,)) / '(1,)type'.
  _np_qint16 = np.dtype([("qint16", np.int16, 1)])
/home/zihan/anaconda3/envs/exp/lib/python3.6/site-packages/tensorboard/compat/tensorflow_stub/dtypes.py:544: FutureWarning: Passing (type, 1) or '1type' as a synonym of type is deprecated; in a future version of numpy, it will be understood as (type, (1,)) / '(1,)type'.
  _np_quint16 = np.dtype([("quint16", np.uint16, 1)])
/home/zihan/anaconda3/envs/exp/lib/python3.6/site-packages/tensorboard/compat/tensorflow_stub/dtypes.py:545: FutureWarning: Passing (type, 1) or '1type' as a synonym of type is deprecated; in a future version of numpy, it will be understood as (type, (1,)) / '(1,)type'.
  _np_qint32 = np.dtype([("qint32", np.int32, 1)])
/home/zihan/anaconda3/envs/exp/lib/python3.6/site-packages/tensorboard/compat/tensorflow_stub/dtypes.py:550: FutureWarning: Passing (type, 1) or '1type' as a synonym of type is deprecated; in a future version of numpy, it will be understood as (type, (1,)) / '(1,)type'.
  np_resource = np.dtype([("resource", np.ubyte, 1)])
Epoch: 01 | Batch: 000 | CrossEntropy-loss: 1.40238 | Correct: 591/1280
Epoch: 01 | Batch: 100 | CrossEntropy-loss: 1.28167 | Correct: 829/1280
Epoch: 01 | Batch: 200 | CrossEntropy-loss: 1.15747 | Correct: 751/1280
Epoch: 01 | Batch: 300 | CrossEntropy-loss: 1.06162 | Correct: 764/1280
Epoch: 01 | Batch: 400 | CrossEntropy-loss: 0.94272 | Correct: 834/1280
Epoch: 01 | Batch: 500 | CrossEntropy-loss: 0.87792 | Correct: 916/1280
Epoch: 01 | Batch: 600 | CrossEntropy-loss: 0.80074 | Correct: 983/1280
Epoch: 01 | Batch: 700 | CrossEntropy-loss: 0.78404 | Correct: 938/1280
Epoch: 01 | Batch: 800 | CrossEntropy-loss: 0.69850 | Correct: 968/1280
Epoch: 01 | Batch: 900 | CrossEntropy-loss: 0.71585 | Correct: 921/1280
Epoch: 01 | Batch: 1000 | CrossEntropy-loss: 0.69297 | Correct: 941/1280
Epoch: 01 | Batch: 1100 | CrossEntropy-loss: 0.66320 | Correct: 959/1280
Epoch: 01 | Batch: 1200 | CrossEntropy-loss: 0.64252 | Correct: 968/1280
Epoch: 01 | Batch: 1300 | CrossEntropy-loss: 0.62203 | Correct: 979/1280
Epoch: 01 | Batch: 1400 | CrossEntropy-loss: 0.58786 | Correct: 1009/1280
Epoch: 01 | Batch: 1500 | CrossEntropy-loss: 0.60198 | Correct: 971/1280

Epoch: 01 | Testing Accuracy: 387507/504607 (76.794%) | Historical Best: 76.794%

Epoch: 02 | Batch: 000 | CrossEntropy-loss: 0.53705 | Correct: 1002/1280
Epoch: 02 | Batch: 100 | CrossEntropy-loss: 0.55891 | Correct: 989/1280
Epoch: 02 | Batch: 200 | CrossEntropy-loss: 0.54902 | Correct: 991/1280
Epoch: 02 | Batch: 300 | CrossEntropy-loss: 0.50737 | Correct: 1010/1280
Epoch: 02 | Batch: 400 | CrossEntropy-loss: 0.50160 | Correct: 1032/1280
Epoch: 02 | Batch: 500 | CrossEntropy-loss: 0.48928 | Correct: 1033/1280
Epoch: 02 | Batch: 600 | CrossEntropy-loss: 0.48205 | Correct: 1051/1280
Epoch: 02 | Batch: 700 | CrossEntropy-loss: 0.49753 | Correct: 1022/1280
Epoch: 02 | Batch: 800 | CrossEntropy-loss: 0.44579 | Correct: 1061/1280
Epoch: 02 | Batch: 900 | CrossEntropy-loss: 0.46027 | Correct: 1059/1280
Epoch: 02 | Batch: 1000 | CrossEntropy-loss: 0.46838 | Correct: 1046/1280
Epoch: 02 | Batch: 1100 | CrossEntropy-loss: 0.43494 | Correct: 1064/1280
Epoch: 02 | Batch: 1200 | CrossEntropy-loss: 0.45323 | Correct: 1048/1280
Epoch: 02 | Batch: 1300 | CrossEntropy-loss: 0.44078 | Correct: 1061/1280
Epoch: 02 | Batch: 1400 | CrossEntropy-loss: 0.42471 | Correct: 1063/1280
Epoch: 02 | Batch: 1500 | CrossEntropy-loss: 0.41301 | Correct: 1066/1280

Epoch: 02 | Testing Accuracy: 421683/504607 (83.567%) | Historical Best: 83.567%

Epoch: 03 | Batch: 000 | CrossEntropy-loss: 0.41084 | Correct: 1072/1280
Epoch: 03 | Batch: 100 | CrossEntropy-loss: 0.39715 | Correct: 1074/1280
Epoch: 03 | Batch: 200 | CrossEntropy-loss: 0.42625 | Correct: 1072/1280
Epoch: 03 | Batch: 300 | CrossEntropy-loss: 0.35583 | Correct: 1104/1280
Epoch: 03 | Batch: 400 | CrossEntropy-loss: 0.41567 | Correct: 1059/1280
Epoch: 03 | Batch: 500 | CrossEntropy-loss: 0.41628 | Correct: 1067/1280
Epoch: 03 | Batch: 600 | CrossEntropy-loss: 0.38695 | Correct: 1085/1280
Epoch: 03 | Batch: 700 | CrossEntropy-loss: 0.39166 | Correct: 1078/1280
Epoch: 03 | Batch: 800 | CrossEntropy-loss: 0.41286 | Correct: 1059/1280
Epoch: 03 | Batch: 900 | CrossEntropy-loss: 0.39388 | Correct: 1060/1280
Epoch: 03 | Batch: 1000 | CrossEntropy-loss: 0.39732 | Correct: 1069/1280
Epoch: 03 | Batch: 1100 | CrossEntropy-loss: 0.38186 | Correct: 1087/1280
Epoch: 03 | Batch: 1200 | CrossEntropy-loss: 0.34900 | Correct: 1112/1280
Epoch: 03 | Batch: 1300 | CrossEntropy-loss: 0.36693 | Correct: 1086/1280
Epoch: 03 | Batch: 1400 | CrossEntropy-loss: 0.36254 | Correct: 1104/1280
Epoch: 03 | Batch: 1500 | CrossEntropy-loss: 0.40062 | Correct: 1066/1280

Epoch: 03 | Testing Accuracy: 426888/504607 (84.598%) | Historical Best: 84.598%

Epoch: 04 | Batch: 000 | CrossEntropy-loss: 0.37310 | Correct: 1082/1280
Epoch: 04 | Batch: 100 | CrossEntropy-loss: 0.38441 | Correct: 1074/1280
Epoch: 04 | Batch: 200 | CrossEntropy-loss: 0.38699 | Correct: 1099/1280
Epoch: 04 | Batch: 300 | CrossEntropy-loss: 0.38951 | Correct: 1056/1280
Epoch: 04 | Batch: 400 | CrossEntropy-loss: 0.37421 | Correct: 1084/1280
Epoch: 04 | Batch: 500 | CrossEntropy-loss: 0.33835 | Correct: 1105/1280
Epoch: 04 | Batch: 600 | CrossEntropy-loss: 0.32533 | Correct: 1111/1280
Epoch: 04 | Batch: 700 | CrossEntropy-loss: 0.36605 | Correct: 1082/1280
Epoch: 04 | Batch: 800 | CrossEntropy-loss: 0.33204 | Correct: 1096/1280
Epoch: 04 | Batch: 900 | CrossEntropy-loss: 0.34176 | Correct: 1094/1280
Epoch: 04 | Batch: 1000 | CrossEntropy-loss: 0.30297 | Correct: 1120/1280
Epoch: 04 | Batch: 1100 | CrossEntropy-loss: 0.36029 | Correct: 1100/1280
Epoch: 04 | Batch: 1200 | CrossEntropy-loss: 0.35550 | Correct: 1088/1280
Epoch: 04 | Batch: 1300 | CrossEntropy-loss: 0.33845 | Correct: 1101/1280
Epoch: 04 | Batch: 1400 | CrossEntropy-loss: 0.35634 | Correct: 1083/1280
Epoch: 04 | Batch: 1500 | CrossEntropy-loss: 0.35601 | Correct: 1086/1280

Epoch: 04 | Testing Accuracy: 436821/504607 (86.567%) | Historical Best: 86.567%

Epoch: 05 | Batch: 000 | CrossEntropy-loss: 0.34059 | Correct: 1098/1280
Epoch: 05 | Batch: 100 | CrossEntropy-loss: 0.31556 | Correct: 1117/1280
Epoch: 05 | Batch: 200 | CrossEntropy-loss: 0.32547 | Correct: 1109/1280
Epoch: 05 | Batch: 300 | CrossEntropy-loss: 0.29648 | Correct: 1114/1280
Epoch: 05 | Batch: 400 | CrossEntropy-loss: 0.30063 | Correct: 1131/1280
Epoch: 05 | Batch: 500 | CrossEntropy-loss: 0.30735 | Correct: 1120/1280
Epoch: 05 | Batch: 600 | CrossEntropy-loss: 0.30248 | Correct: 1124/1280
Epoch: 05 | Batch: 700 | CrossEntropy-loss: 0.31491 | Correct: 1099/1280
Epoch: 05 | Batch: 800 | CrossEntropy-loss: 0.29191 | Correct: 1129/1280
Epoch: 05 | Batch: 900 | CrossEntropy-loss: 0.32622 | Correct: 1106/1280
Epoch: 05 | Batch: 1000 | CrossEntropy-loss: 0.28366 | Correct: 1149/1280
Epoch: 05 | Batch: 1100 | CrossEntropy-loss: 0.30719 | Correct: 1120/1280
Epoch: 05 | Batch: 1200 | CrossEntropy-loss: 0.29984 | Correct: 1127/1280
Epoch: 05 | Batch: 1300 | CrossEntropy-loss: 0.30372 | Correct: 1103/1280
Epoch: 05 | Batch: 1400 | CrossEntropy-loss: 0.30429 | Correct: 1116/1280
Epoch: 05 | Batch: 1500 | CrossEntropy-loss: 0.27246 | Correct: 1140/1280

Epoch: 05 | Testing Accuracy: 445564/504607 (88.299%) | Historical Best: 88.299%

Epoch: 06 | Batch: 000 | CrossEntropy-loss: 0.30378 | Correct: 1130/1280
Epoch: 06 | Batch: 100 | CrossEntropy-loss: 0.28854 | Correct: 1107/1280
Epoch: 06 | Batch: 200 | CrossEntropy-loss: 0.26695 | Correct: 1140/1280
Epoch: 06 | Batch: 300 | CrossEntropy-loss: 0.28989 | Correct: 1133/1280
Epoch: 06 | Batch: 400 | CrossEntropy-loss: 0.30454 | Correct: 1123/1280
Epoch: 06 | Batch: 500 | CrossEntropy-loss: 0.28446 | Correct: 1132/1280
Epoch: 06 | Batch: 600 | CrossEntropy-loss: 0.26884 | Correct: 1136/1280
Epoch: 06 | Batch: 700 | CrossEntropy-loss: 0.29287 | Correct: 1135/1280
Epoch: 06 | Batch: 800 | CrossEntropy-loss: 0.27873 | Correct: 1131/1280
Epoch: 06 | Batch: 900 | CrossEntropy-loss: 0.27603 | Correct: 1141/1280
Epoch: 06 | Batch: 1000 | CrossEntropy-loss: 0.26286 | Correct: 1157/1280
Epoch: 06 | Batch: 1100 | CrossEntropy-loss: 0.25570 | Correct: 1155/1280
Epoch: 06 | Batch: 1200 | CrossEntropy-loss: 0.26383 | Correct: 1155/1280
Epoch: 06 | Batch: 1300 | CrossEntropy-loss: 0.27539 | Correct: 1137/1280
Epoch: 06 | Batch: 1400 | CrossEntropy-loss: 0.27303 | Correct: 1140/1280
Epoch: 06 | Batch: 1500 | CrossEntropy-loss: 0.25653 | Correct: 1166/1280

Epoch: 06 | Testing Accuracy: 454523/504607 (90.075%) | Historical Best: 90.075%

Epoch: 07 | Batch: 000 | CrossEntropy-loss: 0.27730 | Correct: 1138/1280
Epoch: 07 | Batch: 100 | CrossEntropy-loss: 0.25168 | Correct: 1156/1280
Epoch: 07 | Batch: 200 | CrossEntropy-loss: 0.25490 | Correct: 1167/1280
Epoch: 07 | Batch: 300 | CrossEntropy-loss: 0.26588 | Correct: 1150/1280
Epoch: 07 | Batch: 400 | CrossEntropy-loss: 0.26231 | Correct: 1143/1280
Epoch: 07 | Batch: 500 | CrossEntropy-loss: 0.26397 | Correct: 1155/1280
Epoch: 07 | Batch: 600 | CrossEntropy-loss: 0.26558 | Correct: 1154/1280
Epoch: 07 | Batch: 700 | CrossEntropy-loss: 0.27890 | Correct: 1131/1280
Epoch: 07 | Batch: 800 | CrossEntropy-loss: 0.28435 | Correct: 1135/1280
Epoch: 07 | Batch: 900 | CrossEntropy-loss: 0.24738 | Correct: 1161/1280
Epoch: 07 | Batch: 1000 | CrossEntropy-loss: 0.23728 | Correct: 1171/1280
Epoch: 07 | Batch: 1100 | CrossEntropy-loss: 0.25560 | Correct: 1165/1280
Epoch: 07 | Batch: 1200 | CrossEntropy-loss: 0.25592 | Correct: 1176/1280
Epoch: 07 | Batch: 1300 | CrossEntropy-loss: 0.23498 | Correct: 1175/1280
Epoch: 07 | Batch: 1400 | CrossEntropy-loss: 0.24707 | Correct: 1168/1280
Epoch: 07 | Batch: 1500 | CrossEntropy-loss: 0.24954 | Correct: 1166/1280

Epoch: 07 | Testing Accuracy: 462071/504607 (91.570%) | Historical Best: 91.570%

Epoch: 08 | Batch: 000 | CrossEntropy-loss: 0.25383 | Correct: 1159/1280
Epoch: 08 | Batch: 100 | CrossEntropy-loss: 0.23299 | Correct: 1194/1280
Epoch: 08 | Batch: 200 | CrossEntropy-loss: 0.24196 | Correct: 1171/1280
Epoch: 08 | Batch: 300 | CrossEntropy-loss: 0.26101 | Correct: 1155/1280
Epoch: 08 | Batch: 400 | CrossEntropy-loss: 0.22788 | Correct: 1183/1280
Epoch: 08 | Batch: 500 | CrossEntropy-loss: 0.24645 | Correct: 1177/1280
Epoch: 08 | Batch: 600 | CrossEntropy-loss: 0.23588 | Correct: 1157/1280
Epoch: 08 | Batch: 700 | CrossEntropy-loss: 0.24240 | Correct: 1177/1280
Epoch: 08 | Batch: 800 | CrossEntropy-loss: 0.21693 | Correct: 1184/1280
Epoch: 08 | Batch: 900 | CrossEntropy-loss: 0.23593 | Correct: 1189/1280
Epoch: 08 | Batch: 1000 | CrossEntropy-loss: 0.24195 | Correct: 1179/1280
Epoch: 08 | Batch: 1100 | CrossEntropy-loss: 0.22097 | Correct: 1191/1280
Epoch: 08 | Batch: 1200 | CrossEntropy-loss: 0.21540 | Correct: 1184/1280
Epoch: 08 | Batch: 1300 | CrossEntropy-loss: 0.24111 | Correct: 1177/1280
Epoch: 08 | Batch: 1400 | CrossEntropy-loss: 0.23105 | Correct: 1165/1280
Epoch: 08 | Batch: 1500 | CrossEntropy-loss: 0.24305 | Correct: 1174/1280

Epoch: 08 | Testing Accuracy: 467563/504607 (92.659%) | Historical Best: 92.659%

Epoch: 09 | Batch: 000 | CrossEntropy-loss: 0.23338 | Correct: 1181/1280
Epoch: 09 | Batch: 100 | CrossEntropy-loss: 0.21649 | Correct: 1190/1280
Epoch: 09 | Batch: 200 | CrossEntropy-loss: 0.21885 | Correct: 1192/1280
Epoch: 09 | Batch: 300 | CrossEntropy-loss: 0.22805 | Correct: 1191/1280
Epoch: 09 | Batch: 400 | CrossEntropy-loss: 0.21317 | Correct: 1184/1280
Epoch: 09 | Batch: 500 | CrossEntropy-loss: 0.21791 | Correct: 1191/1280
Epoch: 09 | Batch: 600 | CrossEntropy-loss: 0.22101 | Correct: 1187/1280
Epoch: 09 | Batch: 700 | CrossEntropy-loss: 0.22597 | Correct: 1179/1280
Epoch: 09 | Batch: 800 | CrossEntropy-loss: 0.22881 | Correct: 1179/1280
Epoch: 09 | Batch: 900 | CrossEntropy-loss: 0.20736 | Correct: 1199/1280
Epoch: 09 | Batch: 1000 | CrossEntropy-loss: 0.21765 | Correct: 1191/1280
Epoch: 09 | Batch: 1100 | CrossEntropy-loss: 0.23067 | Correct: 1184/1280
Epoch: 09 | Batch: 1200 | CrossEntropy-loss: 0.24000 | Correct: 1169/1280
Epoch: 09 | Batch: 1300 | CrossEntropy-loss: 0.20580 | Correct: 1205/1280
Epoch: 09 | Batch: 1400 | CrossEntropy-loss: 0.20315 | Correct: 1200/1280
Epoch: 09 | Batch: 1500 | CrossEntropy-loss: 0.21855 | Correct: 1180/1280

Epoch: 09 | Testing Accuracy: 469276/504607 (92.998%) | Historical Best: 92.998%

Epoch: 10 | Batch: 000 | CrossEntropy-loss: 0.20827 | Correct: 1201/1280
Epoch: 10 | Batch: 100 | CrossEntropy-loss: 0.19281 | Correct: 1205/1280
Epoch: 10 | Batch: 200 | CrossEntropy-loss: 0.19871 | Correct: 1206/1280
Epoch: 10 | Batch: 300 | CrossEntropy-loss: 0.20969 | Correct: 1203/1280
Epoch: 10 | Batch: 400 | CrossEntropy-loss: 0.23136 | Correct: 1187/1280
Epoch: 10 | Batch: 500 | CrossEntropy-loss: 0.21578 | Correct: 1199/1280
Epoch: 10 | Batch: 600 | CrossEntropy-loss: 0.22501 | Correct: 1199/1280
Epoch: 10 | Batch: 700 | CrossEntropy-loss: 0.20222 | Correct: 1195/1280
Epoch: 10 | Batch: 800 | CrossEntropy-loss: 0.19529 | Correct: 1201/1280
Epoch: 10 | Batch: 900 | CrossEntropy-loss: 0.20308 | Correct: 1200/1280
Epoch: 10 | Batch: 1000 | CrossEntropy-loss: 0.19264 | Correct: 1215/1280
Epoch: 10 | Batch: 1100 | CrossEntropy-loss: 0.22152 | Correct: 1190/1280
Epoch: 10 | Batch: 1200 | CrossEntropy-loss: 0.21233 | Correct: 1187/1280
Epoch: 10 | Batch: 1300 | CrossEntropy-loss: 0.21204 | Correct: 1202/1280
Epoch: 10 | Batch: 1400 | CrossEntropy-loss: 0.20476 | Correct: 1201/1280
Epoch: 10 | Batch: 1500 | CrossEntropy-loss: 0.19817 | Correct: 1197/1280

Epoch: 10 | Testing Accuracy: 473859/504607 (93.907%) | Historical Best: 93.907%

Epoch: 11 | Batch: 000 | CrossEntropy-loss: 0.18388 | Correct: 1225/1280
Epoch: 11 | Batch: 100 | CrossEntropy-loss: 0.19373 | Correct: 1209/1280
Epoch: 11 | Batch: 200 | CrossEntropy-loss: 0.19862 | Correct: 1193/1280
Epoch: 11 | Batch: 300 | CrossEntropy-loss: 0.19617 | Correct: 1208/1280
Epoch: 11 | Batch: 400 | CrossEntropy-loss: 0.19420 | Correct: 1215/1280
Epoch: 11 | Batch: 500 | CrossEntropy-loss: 0.19189 | Correct: 1202/1280
Epoch: 11 | Batch: 600 | CrossEntropy-loss: 0.17820 | Correct: 1219/1280
Epoch: 11 | Batch: 700 | CrossEntropy-loss: 0.19065 | Correct: 1201/1280
Epoch: 11 | Batch: 800 | CrossEntropy-loss: 0.17236 | Correct: 1219/1280
Epoch: 11 | Batch: 900 | CrossEntropy-loss: 0.19672 | Correct: 1209/1280
Epoch: 11 | Batch: 1000 | CrossEntropy-loss: 0.19850 | Correct: 1208/1280
Epoch: 11 | Batch: 1100 | CrossEntropy-loss: 0.20076 | Correct: 1202/1280
Epoch: 11 | Batch: 1200 | CrossEntropy-loss: 0.17929 | Correct: 1216/1280
Epoch: 11 | Batch: 1300 | CrossEntropy-loss: 0.18959 | Correct: 1216/1280
Epoch: 11 | Batch: 1400 | CrossEntropy-loss: 0.19425 | Correct: 1204/1280
Epoch: 11 | Batch: 1500 | CrossEntropy-loss: 0.17974 | Correct: 1216/1280

Epoch: 11 | Testing Accuracy: 476689/504607 (94.467%) | Historical Best: 94.467%

Epoch: 12 | Batch: 000 | CrossEntropy-loss: 0.19390 | Correct: 1202/1280
Epoch: 12 | Batch: 100 | CrossEntropy-loss: 0.17004 | Correct: 1208/1280
Epoch: 12 | Batch: 200 | CrossEntropy-loss: 0.19780 | Correct: 1209/1280
Epoch: 12 | Batch: 300 | CrossEntropy-loss: 0.18170 | Correct: 1212/1280
Epoch: 12 | Batch: 400 | CrossEntropy-loss: 0.18711 | Correct: 1204/1280
Epoch: 12 | Batch: 500 | CrossEntropy-loss: 0.20546 | Correct: 1209/1280
Epoch: 12 | Batch: 600 | CrossEntropy-loss: 0.18283 | Correct: 1221/1280
Epoch: 12 | Batch: 700 | CrossEntropy-loss: 0.19432 | Correct: 1202/1280
Epoch: 12 | Batch: 800 | CrossEntropy-loss: 0.18216 | Correct: 1208/1280
Epoch: 12 | Batch: 900 | CrossEntropy-loss: 0.18054 | Correct: 1222/1280
Epoch: 12 | Batch: 1000 | CrossEntropy-loss: 0.18508 | Correct: 1218/1280
Epoch: 12 | Batch: 1100 | CrossEntropy-loss: 0.18374 | Correct: 1207/1280
Epoch: 12 | Batch: 1200 | CrossEntropy-loss: 0.17541 | Correct: 1224/1280
Epoch: 12 | Batch: 1300 | CrossEntropy-loss: 0.18215 | Correct: 1224/1280
Epoch: 12 | Batch: 1400 | CrossEntropy-loss: 0.20259 | Correct: 1197/1280
Epoch: 12 | Batch: 1500 | CrossEntropy-loss: 0.17936 | Correct: 1220/1280

Epoch: 12 | Testing Accuracy: 480517/504607 (95.226%) | Historical Best: 95.226%

Epoch: 13 | Batch: 000 | CrossEntropy-loss: 0.18303 | Correct: 1225/1280
Epoch: 13 | Batch: 100 | CrossEntropy-loss: 0.17859 | Correct: 1216/1280
Epoch: 13 | Batch: 200 | CrossEntropy-loss: 0.18194 | Correct: 1216/1280
Epoch: 13 | Batch: 300 | CrossEntropy-loss: 0.17466 | Correct: 1224/1280
Epoch: 13 | Batch: 400 | CrossEntropy-loss: 0.18377 | Correct: 1217/1280
Epoch: 13 | Batch: 500 | CrossEntropy-loss: 0.16950 | Correct: 1227/1280
Epoch: 13 | Batch: 600 | CrossEntropy-loss: 0.16121 | Correct: 1227/1280
Epoch: 13 | Batch: 700 | CrossEntropy-loss: 0.17239 | Correct: 1225/1280
Epoch: 13 | Batch: 800 | CrossEntropy-loss: 0.17802 | Correct: 1210/1280
Epoch: 13 | Batch: 900 | CrossEntropy-loss: 0.15738 | Correct: 1224/1280
Epoch: 13 | Batch: 1000 | CrossEntropy-loss: 0.15290 | Correct: 1223/1280
Epoch: 13 | Batch: 1100 | CrossEntropy-loss: 0.14982 | Correct: 1228/1280
Epoch: 13 | Batch: 1200 | CrossEntropy-loss: 0.17314 | Correct: 1226/1280
Epoch: 13 | Batch: 1300 | CrossEntropy-loss: 0.16012 | Correct: 1233/1280
Epoch: 13 | Batch: 1400 | CrossEntropy-loss: 0.16700 | Correct: 1221/1280
Epoch: 13 | Batch: 1500 | CrossEntropy-loss: 0.19822 | Correct: 1210/1280

Epoch: 13 | Testing Accuracy: 482213/504607 (95.562%) | Historical Best: 95.562%

Epoch: 14 | Batch: 000 | CrossEntropy-loss: 0.17414 | Correct: 1215/1280
Epoch: 14 | Batch: 100 | CrossEntropy-loss: 0.16473 | Correct: 1230/1280
Epoch: 14 | Batch: 200 | CrossEntropy-loss: 0.15106 | Correct: 1235/1280
Epoch: 14 | Batch: 300 | CrossEntropy-loss: 0.16341 | Correct: 1232/1280
Epoch: 14 | Batch: 400 | CrossEntropy-loss: 0.17684 | Correct: 1217/1280
Epoch: 14 | Batch: 500 | CrossEntropy-loss: 0.14763 | Correct: 1233/1280
Epoch: 14 | Batch: 600 | CrossEntropy-loss: 0.16236 | Correct: 1225/1280
Epoch: 14 | Batch: 700 | CrossEntropy-loss: 0.16972 | Correct: 1224/1280
Epoch: 14 | Batch: 800 | CrossEntropy-loss: 0.15389 | Correct: 1231/1280
Epoch: 14 | Batch: 900 | CrossEntropy-loss: 0.15865 | Correct: 1228/1280
Epoch: 14 | Batch: 1000 | CrossEntropy-loss: 0.17133 | Correct: 1221/1280
Epoch: 14 | Batch: 1100 | CrossEntropy-loss: 0.14689 | Correct: 1241/1280
Epoch: 14 | Batch: 1200 | CrossEntropy-loss: 0.16075 | Correct: 1221/1280
Epoch: 14 | Batch: 1300 | CrossEntropy-loss: 0.15658 | Correct: 1224/1280
Epoch: 14 | Batch: 1400 | CrossEntropy-loss: 0.15626 | Correct: 1228/1280
Epoch: 14 | Batch: 1500 | CrossEntropy-loss: 0.17979 | Correct: 1210/1280

Epoch: 14 | Testing Accuracy: 483792/504607 (95.875%) | Historical Best: 95.875%

Epoch: 15 | Batch: 000 | CrossEntropy-loss: 0.16941 | Correct: 1222/1280
Epoch: 15 | Batch: 100 | CrossEntropy-loss: 0.14473 | Correct: 1227/1280
Epoch: 15 | Batch: 200 | CrossEntropy-loss: 0.14531 | Correct: 1228/1280
Epoch: 15 | Batch: 300 | CrossEntropy-loss: 0.16385 | Correct: 1215/1280
Epoch: 15 | Batch: 400 | CrossEntropy-loss: 0.17291 | Correct: 1216/1280
Epoch: 15 | Batch: 500 | CrossEntropy-loss: 0.14949 | Correct: 1228/1280
Epoch: 15 | Batch: 600 | CrossEntropy-loss: 0.15516 | Correct: 1229/1280
Epoch: 15 | Batch: 700 | CrossEntropy-loss: 0.16705 | Correct: 1225/1280
Epoch: 15 | Batch: 800 | CrossEntropy-loss: 0.14982 | Correct: 1226/1280
Epoch: 15 | Batch: 900 | CrossEntropy-loss: 0.15420 | Correct: 1231/1280
Epoch: 15 | Batch: 1000 | CrossEntropy-loss: 0.15762 | Correct: 1230/1280
Epoch: 15 | Batch: 1100 | CrossEntropy-loss: 0.15833 | Correct: 1222/1280
Epoch: 15 | Batch: 1200 | CrossEntropy-loss: 0.15485 | Correct: 1230/1280
Epoch: 15 | Batch: 1300 | CrossEntropy-loss: 0.13739 | Correct: 1227/1280
Epoch: 15 | Batch: 1400 | CrossEntropy-loss: 0.13903 | Correct: 1235/1280
Epoch: 15 | Batch: 1500 | CrossEntropy-loss: 0.16114 | Correct: 1234/1280

Epoch: 15 | Testing Accuracy: 485041/504607 (96.123%) | Historical Best: 96.123%

Epoch: 16 | Batch: 000 | CrossEntropy-loss: 0.14774 | Correct: 1234/1280
Epoch: 16 | Batch: 100 | CrossEntropy-loss: 0.14946 | Correct: 1229/1280
Epoch: 16 | Batch: 200 | CrossEntropy-loss: 0.14256 | Correct: 1230/1280
Epoch: 16 | Batch: 300 | CrossEntropy-loss: 0.15773 | Correct: 1228/1280
Epoch: 16 | Batch: 400 | CrossEntropy-loss: 0.12801 | Correct: 1237/1280
Epoch: 16 | Batch: 500 | CrossEntropy-loss: 0.15845 | Correct: 1224/1280
Epoch: 16 | Batch: 600 | CrossEntropy-loss: 0.14811 | Correct: 1229/1280
Epoch: 16 | Batch: 700 | CrossEntropy-loss: 0.14725 | Correct: 1226/1280
Epoch: 16 | Batch: 800 | CrossEntropy-loss: 0.14545 | Correct: 1235/1280
Epoch: 16 | Batch: 900 | CrossEntropy-loss: 0.15149 | Correct: 1236/1280
Epoch: 16 | Batch: 1000 | CrossEntropy-loss: 0.15132 | Correct: 1222/1280
Epoch: 16 | Batch: 1100 | CrossEntropy-loss: 0.15135 | Correct: 1233/1280
Epoch: 16 | Batch: 1200 | CrossEntropy-loss: 0.14142 | Correct: 1239/1280
Epoch: 16 | Batch: 1300 | CrossEntropy-loss: 0.14657 | Correct: 1231/1280
Epoch: 16 | Batch: 1400 | CrossEntropy-loss: 0.14321 | Correct: 1238/1280
Epoch: 16 | Batch: 1500 | CrossEntropy-loss: 0.12443 | Correct: 1243/1280

Epoch: 16 | Testing Accuracy: 486381/504607 (96.388%) | Historical Best: 96.388%

Epoch: 17 | Batch: 000 | CrossEntropy-loss: 0.14539 | Correct: 1241/1280
Epoch: 17 | Batch: 100 | CrossEntropy-loss: 0.15585 | Correct: 1231/1280
Epoch: 17 | Batch: 200 | CrossEntropy-loss: 0.13774 | Correct: 1243/1280
Epoch: 17 | Batch: 300 | CrossEntropy-loss: 0.13103 | Correct: 1242/1280
Epoch: 17 | Batch: 400 | CrossEntropy-loss: 0.13286 | Correct: 1236/1280
Epoch: 17 | Batch: 500 | CrossEntropy-loss: 0.13602 | Correct: 1232/1280
Epoch: 17 | Batch: 600 | CrossEntropy-loss: 0.13094 | Correct: 1240/1280
Epoch: 17 | Batch: 700 | CrossEntropy-loss: 0.13829 | Correct: 1235/1280
Epoch: 17 | Batch: 800 | CrossEntropy-loss: 0.12762 | Correct: 1242/1280
Epoch: 17 | Batch: 900 | CrossEntropy-loss: 0.15223 | Correct: 1229/1280
Epoch: 17 | Batch: 1000 | CrossEntropy-loss: 0.12294 | Correct: 1247/1280
Epoch: 17 | Batch: 1100 | CrossEntropy-loss: 0.13493 | Correct: 1234/1280
Epoch: 17 | Batch: 1200 | CrossEntropy-loss: 0.12361 | Correct: 1243/1280
Epoch: 17 | Batch: 1300 | CrossEntropy-loss: 0.15365 | Correct: 1224/1280
Epoch: 17 | Batch: 1400 | CrossEntropy-loss: 0.14104 | Correct: 1228/1280
Epoch: 17 | Batch: 1500 | CrossEntropy-loss: 0.13560 | Correct: 1237/1280

Epoch: 17 | Testing Accuracy: 485928/504607 (96.298%) | Historical Best: 96.388%

Epoch: 18 | Batch: 000 | CrossEntropy-loss: 0.15114 | Correct: 1232/1280
Epoch: 18 | Batch: 100 | CrossEntropy-loss: 0.15492 | Correct: 1223/1280
Epoch: 18 | Batch: 200 | CrossEntropy-loss: 0.15374 | Correct: 1227/1280
Epoch: 18 | Batch: 300 | CrossEntropy-loss: 0.16003 | Correct: 1225/1280
Epoch: 18 | Batch: 400 | CrossEntropy-loss: 0.12242 | Correct: 1243/1280
Epoch: 18 | Batch: 500 | CrossEntropy-loss: 0.13202 | Correct: 1236/1280
Epoch: 18 | Batch: 600 | CrossEntropy-loss: 0.14579 | Correct: 1231/1280
Epoch: 18 | Batch: 700 | CrossEntropy-loss: 0.13508 | Correct: 1238/1280
Epoch: 18 | Batch: 800 | CrossEntropy-loss: 0.14314 | Correct: 1227/1280
Epoch: 18 | Batch: 900 | CrossEntropy-loss: 0.14277 | Correct: 1235/1280
Epoch: 18 | Batch: 1000 | CrossEntropy-loss: 0.11512 | Correct: 1245/1280
Epoch: 18 | Batch: 1100 | CrossEntropy-loss: 0.13375 | Correct: 1231/1280
Epoch: 18 | Batch: 1200 | CrossEntropy-loss: 0.14041 | Correct: 1229/1280
Epoch: 18 | Batch: 1300 | CrossEntropy-loss: 0.12071 | Correct: 1243/1280
Epoch: 18 | Batch: 1400 | CrossEntropy-loss: 0.13594 | Correct: 1234/1280
Epoch: 18 | Batch: 1500 | CrossEntropy-loss: 0.12785 | Correct: 1244/1280

Epoch: 18 | Testing Accuracy: 487571/504607 (96.624%) | Historical Best: 96.624%

Epoch: 19 | Batch: 000 | CrossEntropy-loss: 0.14217 | Correct: 1231/1280
Epoch: 19 | Batch: 100 | CrossEntropy-loss: 0.13379 | Correct: 1245/1280
Epoch: 19 | Batch: 200 | CrossEntropy-loss: 0.13608 | Correct: 1246/1280
Epoch: 19 | Batch: 300 | CrossEntropy-loss: 0.12756 | Correct: 1239/1280
Epoch: 19 | Batch: 400 | CrossEntropy-loss: 0.13268 | Correct: 1230/1280
Epoch: 19 | Batch: 500 | CrossEntropy-loss: 0.12289 | Correct: 1242/1280
Epoch: 19 | Batch: 600 | CrossEntropy-loss: 0.11974 | Correct: 1242/1280
Epoch: 19 | Batch: 700 | CrossEntropy-loss: 0.12585 | Correct: 1237/1280
Epoch: 19 | Batch: 800 | CrossEntropy-loss: 0.13766 | Correct: 1230/1280
Epoch: 19 | Batch: 900 | CrossEntropy-loss: 0.11965 | Correct: 1246/1280
Epoch: 19 | Batch: 1000 | CrossEntropy-loss: 0.12688 | Correct: 1235/1280
Epoch: 19 | Batch: 1100 | CrossEntropy-loss: 0.12330 | Correct: 1241/1280
Epoch: 19 | Batch: 1200 | CrossEntropy-loss: 0.13522 | Correct: 1235/1280
Epoch: 19 | Batch: 1300 | CrossEntropy-loss: 0.12617 | Correct: 1238/1280
Epoch: 19 | Batch: 1400 | CrossEntropy-loss: 0.12574 | Correct: 1241/1280
Epoch: 19 | Batch: 1500 | CrossEntropy-loss: 0.12191 | Correct: 1233/1280

Epoch: 19 | Testing Accuracy: 487778/504607 (96.665%) | Historical Best: 96.665%

Epoch: 20 | Batch: 000 | CrossEntropy-loss: 0.13230 | Correct: 1237/1280
Epoch: 20 | Batch: 100 | CrossEntropy-loss: 0.13650 | Correct: 1240/1280
Epoch: 20 | Batch: 200 | CrossEntropy-loss: 0.13180 | Correct: 1246/1280
Epoch: 20 | Batch: 300 | CrossEntropy-loss: 0.12925 | Correct: 1235/1280
Epoch: 20 | Batch: 400 | CrossEntropy-loss: 0.11452 | Correct: 1240/1280
Epoch: 20 | Batch: 500 | CrossEntropy-loss: 0.14484 | Correct: 1229/1280
Epoch: 20 | Batch: 600 | CrossEntropy-loss: 0.12717 | Correct: 1239/1280
Epoch: 20 | Batch: 700 | CrossEntropy-loss: 0.12146 | Correct: 1244/1280
Epoch: 20 | Batch: 800 | CrossEntropy-loss: 0.12157 | Correct: 1243/1280
Epoch: 20 | Batch: 900 | CrossEntropy-loss: 0.14638 | Correct: 1236/1280
Epoch: 20 | Batch: 1000 | CrossEntropy-loss: 0.15750 | Correct: 1222/1280
Epoch: 20 | Batch: 1100 | CrossEntropy-loss: 0.13467 | Correct: 1236/1280
Epoch: 20 | Batch: 1200 | CrossEntropy-loss: 0.13400 | Correct: 1234/1280
Epoch: 20 | Batch: 1300 | CrossEntropy-loss: 0.12419 | Correct: 1230/1280
Epoch: 20 | Batch: 1400 | CrossEntropy-loss: 0.13715 | Correct: 1228/1280
Epoch: 20 | Batch: 1500 | CrossEntropy-loss: 0.11937 | Correct: 1236/1280

Epoch: 20 | Testing Accuracy: 488542/504607 (96.816%) | Historical Best: 96.816%

Epoch: 21 | Batch: 000 | CrossEntropy-loss: 0.10854 | Correct: 1248/1280
Epoch: 21 | Batch: 100 | CrossEntropy-loss: 0.14069 | Correct: 1239/1280
Epoch: 21 | Batch: 200 | CrossEntropy-loss: 0.10419 | Correct: 1247/1280
Epoch: 21 | Batch: 300 | CrossEntropy-loss: 0.12415 | Correct: 1245/1280
Epoch: 21 | Batch: 400 | CrossEntropy-loss: 0.12902 | Correct: 1240/1280
Epoch: 21 | Batch: 500 | CrossEntropy-loss: 0.11423 | Correct: 1245/1280
Epoch: 21 | Batch: 600 | CrossEntropy-loss: 0.12487 | Correct: 1232/1280
Epoch: 21 | Batch: 700 | CrossEntropy-loss: 0.10748 | Correct: 1245/1280
Epoch: 21 | Batch: 800 | CrossEntropy-loss: 0.13049 | Correct: 1234/1280
Epoch: 21 | Batch: 900 | CrossEntropy-loss: 0.12207 | Correct: 1241/1280
Epoch: 21 | Batch: 1000 | CrossEntropy-loss: 0.12883 | Correct: 1236/1280
Epoch: 21 | Batch: 1100 | CrossEntropy-loss: 0.12477 | Correct: 1240/1280
Epoch: 21 | Batch: 1200 | CrossEntropy-loss: 0.11874 | Correct: 1235/1280
Epoch: 21 | Batch: 1300 | CrossEntropy-loss: 0.11007 | Correct: 1242/1280
Epoch: 21 | Batch: 1400 | CrossEntropy-loss: 0.11685 | Correct: 1237/1280
Epoch: 21 | Batch: 1500 | CrossEntropy-loss: 0.12616 | Correct: 1233/1280

Epoch: 21 | Testing Accuracy: 488483/504607 (96.805%) | Historical Best: 96.816%

Epoch: 22 | Batch: 000 | CrossEntropy-loss: 0.12167 | Correct: 1238/1280
Epoch: 22 | Batch: 100 | CrossEntropy-loss: 0.10874 | Correct: 1245/1280
Epoch: 22 | Batch: 200 | CrossEntropy-loss: 0.14905 | Correct: 1225/1280
Epoch: 22 | Batch: 300 | CrossEntropy-loss: 0.12121 | Correct: 1244/1280
Epoch: 22 | Batch: 400 | CrossEntropy-loss: 0.12082 | Correct: 1241/1280
Epoch: 22 | Batch: 500 | CrossEntropy-loss: 0.11536 | Correct: 1239/1280
Epoch: 22 | Batch: 600 | CrossEntropy-loss: 0.11043 | Correct: 1244/1280
Epoch: 22 | Batch: 700 | CrossEntropy-loss: 0.11212 | Correct: 1238/1280
Epoch: 22 | Batch: 800 | CrossEntropy-loss: 0.10326 | Correct: 1242/1280
Epoch: 22 | Batch: 900 | CrossEntropy-loss: 0.10331 | Correct: 1246/1280
Epoch: 22 | Batch: 1000 | CrossEntropy-loss: 0.13103 | Correct: 1238/1280
Epoch: 22 | Batch: 1100 | CrossEntropy-loss: 0.12429 | Correct: 1238/1280
Epoch: 22 | Batch: 1200 | CrossEntropy-loss: 0.11671 | Correct: 1239/1280
Epoch: 22 | Batch: 1300 | CrossEntropy-loss: 0.11417 | Correct: 1245/1280
Epoch: 22 | Batch: 1400 | CrossEntropy-loss: 0.11051 | Correct: 1246/1280
Epoch: 22 | Batch: 1500 | CrossEntropy-loss: 0.12097 | Correct: 1244/1280

Epoch: 22 | Testing Accuracy: 488881/504607 (96.884%) | Historical Best: 96.884%

Epoch: 23 | Batch: 000 | CrossEntropy-loss: 0.10675 | Correct: 1243/1280
Epoch: 23 | Batch: 100 | CrossEntropy-loss: 0.10848 | Correct: 1248/1280
Epoch: 23 | Batch: 200 | CrossEntropy-loss: 0.10219 | Correct: 1251/1280
Epoch: 23 | Batch: 300 | CrossEntropy-loss: 0.11842 | Correct: 1246/1280
Epoch: 23 | Batch: 400 | CrossEntropy-loss: 0.09124 | Correct: 1252/1280
Epoch: 23 | Batch: 500 | CrossEntropy-loss: 0.11657 | Correct: 1239/1280
Epoch: 23 | Batch: 600 | CrossEntropy-loss: 0.12180 | Correct: 1243/1280
Epoch: 23 | Batch: 700 | CrossEntropy-loss: 0.10236 | Correct: 1252/1280
Epoch: 23 | Batch: 800 | CrossEntropy-loss: 0.10806 | Correct: 1244/1280
Epoch: 23 | Batch: 900 | CrossEntropy-loss: 0.11471 | Correct: 1241/1280
Epoch: 23 | Batch: 1000 | CrossEntropy-loss: 0.12592 | Correct: 1244/1280
Epoch: 23 | Batch: 1100 | CrossEntropy-loss: 0.11546 | Correct: 1248/1280
Epoch: 23 | Batch: 1200 | CrossEntropy-loss: 0.12490 | Correct: 1240/1280
Epoch: 23 | Batch: 1300 | CrossEntropy-loss: 0.11417 | Correct: 1248/1280
Epoch: 23 | Batch: 1400 | CrossEntropy-loss: 0.11268 | Correct: 1245/1280
Epoch: 23 | Batch: 1500 | CrossEntropy-loss: 0.09553 | Correct: 1251/1280

Epoch: 23 | Testing Accuracy: 489231/504607 (96.953%) | Historical Best: 96.953%

Epoch: 24 | Batch: 000 | CrossEntropy-loss: 0.09847 | Correct: 1252/1280
Epoch: 24 | Batch: 100 | CrossEntropy-loss: 0.11826 | Correct: 1244/1280
Epoch: 24 | Batch: 200 | CrossEntropy-loss: 0.11486 | Correct: 1242/1280
Epoch: 24 | Batch: 300 | CrossEntropy-loss: 0.11600 | Correct: 1243/1280
Epoch: 24 | Batch: 400 | CrossEntropy-loss: 0.11920 | Correct: 1243/1280
Epoch: 24 | Batch: 500 | CrossEntropy-loss: 0.11590 | Correct: 1238/1280
Epoch: 24 | Batch: 600 | CrossEntropy-loss: 0.13357 | Correct: 1233/1280
Epoch: 24 | Batch: 700 | CrossEntropy-loss: 0.10805 | Correct: 1242/1280
Epoch: 24 | Batch: 800 | CrossEntropy-loss: 0.10213 | Correct: 1249/1280
Epoch: 24 | Batch: 900 | CrossEntropy-loss: 0.11634 | Correct: 1246/1280
Epoch: 24 | Batch: 1000 | CrossEntropy-loss: 0.09863 | Correct: 1246/1280
Epoch: 24 | Batch: 1100 | CrossEntropy-loss: 0.12930 | Correct: 1239/1280
Epoch: 24 | Batch: 1200 | CrossEntropy-loss: 0.10732 | Correct: 1247/1280
Epoch: 24 | Batch: 1300 | CrossEntropy-loss: 0.10101 | Correct: 1242/1280
Epoch: 24 | Batch: 1400 | CrossEntropy-loss: 0.10738 | Correct: 1248/1280
Epoch: 24 | Batch: 1500 | CrossEntropy-loss: 0.09972 | Correct: 1253/1280

Epoch: 24 | Testing Accuracy: 489793/504607 (97.064%) | Historical Best: 97.064%

Epoch: 25 | Batch: 000 | CrossEntropy-loss: 0.11649 | Correct: 1242/1280
Epoch: 25 | Batch: 100 | CrossEntropy-loss: 0.10399 | Correct: 1250/1280
Epoch: 25 | Batch: 200 | CrossEntropy-loss: 0.10042 | Correct: 1247/1280
Epoch: 25 | Batch: 300 | CrossEntropy-loss: 0.10954 | Correct: 1246/1280
Epoch: 25 | Batch: 400 | CrossEntropy-loss: 0.10964 | Correct: 1249/1280
Epoch: 25 | Batch: 500 | CrossEntropy-loss: 0.12790 | Correct: 1240/1280
Epoch: 25 | Batch: 600 | CrossEntropy-loss: 0.12707 | Correct: 1237/1280
Epoch: 25 | Batch: 700 | CrossEntropy-loss: 0.10715 | Correct: 1246/1280
Epoch: 25 | Batch: 800 | CrossEntropy-loss: 0.11907 | Correct: 1239/1280
Epoch: 25 | Batch: 900 | CrossEntropy-loss: 0.11822 | Correct: 1240/1280
Epoch: 25 | Batch: 1000 | CrossEntropy-loss: 0.10363 | Correct: 1243/1280
Epoch: 25 | Batch: 1100 | CrossEntropy-loss: 0.12361 | Correct: 1236/1280
Epoch: 25 | Batch: 1200 | CrossEntropy-loss: 0.10305 | Correct: 1250/1280
Epoch: 25 | Batch: 1300 | CrossEntropy-loss: 0.10018 | Correct: 1252/1280
Epoch: 25 | Batch: 1400 | CrossEntropy-loss: 0.10642 | Correct: 1253/1280
Epoch: 25 | Batch: 1500 | CrossEntropy-loss: 0.09395 | Correct: 1260/1280

Epoch: 25 | Testing Accuracy: 490679/504607 (97.240%) | Historical Best: 97.240%

Epoch: 26 | Batch: 000 | CrossEntropy-loss: 0.11089 | Correct: 1239/1280
Epoch: 26 | Batch: 100 | CrossEntropy-loss: 0.10354 | Correct: 1249/1280
Epoch: 26 | Batch: 200 | CrossEntropy-loss: 0.10899 | Correct: 1245/1280
Epoch: 26 | Batch: 300 | CrossEntropy-loss: 0.09701 | Correct: 1248/1280
Epoch: 26 | Batch: 400 | CrossEntropy-loss: 0.10088 | Correct: 1248/1280
Epoch: 26 | Batch: 500 | CrossEntropy-loss: 0.12444 | Correct: 1239/1280
Epoch: 26 | Batch: 600 | CrossEntropy-loss: 0.11271 | Correct: 1248/1280
Epoch: 26 | Batch: 700 | CrossEntropy-loss: 0.10399 | Correct: 1244/1280
Epoch: 26 | Batch: 800 | CrossEntropy-loss: 0.10781 | Correct: 1245/1280
Epoch: 26 | Batch: 900 | CrossEntropy-loss: 0.10350 | Correct: 1250/1280
Epoch: 26 | Batch: 1000 | CrossEntropy-loss: 0.09877 | Correct: 1245/1280
Epoch: 26 | Batch: 1100 | CrossEntropy-loss: 0.11530 | Correct: 1242/1280
Epoch: 26 | Batch: 1200 | CrossEntropy-loss: 0.14000 | Correct: 1223/1280
Epoch: 26 | Batch: 1300 | CrossEntropy-loss: 0.11950 | Correct: 1239/1280
Epoch: 26 | Batch: 1400 | CrossEntropy-loss: 0.09871 | Correct: 1248/1280
Epoch: 26 | Batch: 1500 | CrossEntropy-loss: 0.10144 | Correct: 1243/1280

Epoch: 26 | Testing Accuracy: 491220/504607 (97.347%) | Historical Best: 97.347%

Epoch: 27 | Batch: 000 | CrossEntropy-loss: 0.11813 | Correct: 1239/1280
Epoch: 27 | Batch: 100 | CrossEntropy-loss: 0.12121 | Correct: 1239/1280
Epoch: 27 | Batch: 200 | CrossEntropy-loss: 0.09869 | Correct: 1251/1280
Epoch: 27 | Batch: 300 | CrossEntropy-loss: 0.09153 | Correct: 1260/1280
Epoch: 27 | Batch: 400 | CrossEntropy-loss: 0.10595 | Correct: 1249/1280
Epoch: 27 | Batch: 500 | CrossEntropy-loss: 0.09977 | Correct: 1251/1280
Epoch: 27 | Batch: 600 | CrossEntropy-loss: 0.11225 | Correct: 1248/1280
Epoch: 27 | Batch: 700 | CrossEntropy-loss: 0.10380 | Correct: 1249/1280
Epoch: 27 | Batch: 800 | CrossEntropy-loss: 0.09923 | Correct: 1247/1280
Epoch: 27 | Batch: 900 | CrossEntropy-loss: 0.12383 | Correct: 1239/1280
Epoch: 27 | Batch: 1000 | CrossEntropy-loss: 0.09529 | Correct: 1250/1280
Epoch: 27 | Batch: 1100 | CrossEntropy-loss: 0.08982 | Correct: 1255/1280
Epoch: 27 | Batch: 1200 | CrossEntropy-loss: 0.09555 | Correct: 1253/1280
Epoch: 27 | Batch: 1300 | CrossEntropy-loss: 0.11491 | Correct: 1240/1280
Epoch: 27 | Batch: 1400 | CrossEntropy-loss: 0.10929 | Correct: 1241/1280
Epoch: 27 | Batch: 1500 | CrossEntropy-loss: 0.08910 | Correct: 1257/1280

Epoch: 27 | Testing Accuracy: 491453/504607 (97.393%) | Historical Best: 97.393%

Epoch: 28 | Batch: 000 | CrossEntropy-loss: 0.09293 | Correct: 1256/1280
Epoch: 28 | Batch: 100 | CrossEntropy-loss: 0.11219 | Correct: 1239/1280
Epoch: 28 | Batch: 200 | CrossEntropy-loss: 0.10497 | Correct: 1245/1280
Epoch: 28 | Batch: 300 | CrossEntropy-loss: 0.11924 | Correct: 1236/1280
Epoch: 28 | Batch: 400 | CrossEntropy-loss: 0.11509 | Correct: 1238/1280
Epoch: 28 | Batch: 500 | CrossEntropy-loss: 0.10038 | Correct: 1247/1280
Epoch: 28 | Batch: 600 | CrossEntropy-loss: 0.09986 | Correct: 1243/1280
Epoch: 28 | Batch: 700 | CrossEntropy-loss: 0.08955 | Correct: 1256/1280
Epoch: 28 | Batch: 800 | CrossEntropy-loss: 0.10151 | Correct: 1256/1280
Epoch: 28 | Batch: 900 | CrossEntropy-loss: 0.09513 | Correct: 1247/1280
Epoch: 28 | Batch: 1000 | CrossEntropy-loss: 0.09507 | Correct: 1248/1280
Epoch: 28 | Batch: 1100 | CrossEntropy-loss: 0.11806 | Correct: 1241/1280
Epoch: 28 | Batch: 1200 | CrossEntropy-loss: 0.08916 | Correct: 1257/1280
Epoch: 28 | Batch: 1300 | CrossEntropy-loss: 0.10302 | Correct: 1248/1280
Epoch: 28 | Batch: 1400 | CrossEntropy-loss: 0.10113 | Correct: 1251/1280
Epoch: 28 | Batch: 1500 | CrossEntropy-loss: 0.09222 | Correct: 1249/1280

Epoch: 28 | Testing Accuracy: 490581/504607 (97.220%) | Historical Best: 97.393%

Epoch: 29 | Batch: 000 | CrossEntropy-loss: 0.08540 | Correct: 1253/1280
Epoch: 29 | Batch: 100 | CrossEntropy-loss: 0.09803 | Correct: 1249/1280
Epoch: 29 | Batch: 200 | CrossEntropy-loss: 0.09632 | Correct: 1254/1280
Epoch: 29 | Batch: 300 | CrossEntropy-loss: 0.09722 | Correct: 1250/1280
Epoch: 29 | Batch: 400 | CrossEntropy-loss: 0.09494 | Correct: 1254/1280
Epoch: 29 | Batch: 500 | CrossEntropy-loss: 0.08891 | Correct: 1254/1280
Epoch: 29 | Batch: 600 | CrossEntropy-loss: 0.09073 | Correct: 1252/1280
Epoch: 29 | Batch: 700 | CrossEntropy-loss: 0.09867 | Correct: 1236/1280
Epoch: 29 | Batch: 800 | CrossEntropy-loss: 0.10439 | Correct: 1248/1280
Epoch: 29 | Batch: 900 | CrossEntropy-loss: 0.10098 | Correct: 1243/1280
Epoch: 29 | Batch: 1000 | CrossEntropy-loss: 0.09267 | Correct: 1250/1280
Epoch: 29 | Batch: 1100 | CrossEntropy-loss: 0.11352 | Correct: 1245/1280
Epoch: 29 | Batch: 1200 | CrossEntropy-loss: 0.09182 | Correct: 1256/1280
Epoch: 29 | Batch: 1300 | CrossEntropy-loss: 0.10075 | Correct: 1242/1280
Epoch: 29 | Batch: 1400 | CrossEntropy-loss: 0.09306 | Correct: 1249/1280
Epoch: 29 | Batch: 1500 | CrossEntropy-loss: 0.09709 | Correct: 1250/1280

Epoch: 29 | Testing Accuracy: 490944/504607 (97.292%) | Historical Best: 97.393%

Epoch: 30 | Batch: 000 | CrossEntropy-loss: 0.10933 | Correct: 1246/1280
Epoch: 30 | Batch: 100 | CrossEntropy-loss: 0.09929 | Correct: 1245/1280
Epoch: 30 | Batch: 200 | CrossEntropy-loss: 0.10655 | Correct: 1248/1280
Epoch: 30 | Batch: 300 | CrossEntropy-loss: 0.11240 | Correct: 1248/1280
Epoch: 30 | Batch: 400 | CrossEntropy-loss: 0.09157 | Correct: 1249/1280
Epoch: 30 | Batch: 500 | CrossEntropy-loss: 0.10395 | Correct: 1235/1280
Epoch: 30 | Batch: 600 | CrossEntropy-loss: 0.09964 | Correct: 1247/1280
Epoch: 30 | Batch: 700 | CrossEntropy-loss: 0.08792 | Correct: 1255/1280
Epoch: 30 | Batch: 800 | CrossEntropy-loss: 0.10386 | Correct: 1247/1280
Epoch: 30 | Batch: 900 | CrossEntropy-loss: 0.10821 | Correct: 1245/1280
Epoch: 30 | Batch: 1000 | CrossEntropy-loss: 0.09618 | Correct: 1252/1280
Epoch: 30 | Batch: 1100 | CrossEntropy-loss: 0.09445 | Correct: 1247/1280
Epoch: 30 | Batch: 1200 | CrossEntropy-loss: 0.09510 | Correct: 1248/1280
Epoch: 30 | Batch: 1300 | CrossEntropy-loss: 0.10618 | Correct: 1243/1280
Epoch: 30 | Batch: 1400 | CrossEntropy-loss: 0.10477 | Correct: 1245/1280
Epoch: 30 | Batch: 1500 | CrossEntropy-loss: 0.08277 | Correct: 1258/1280

Epoch: 30 | Testing Accuracy: 492111/504607 (97.524%) | Historical Best: 97.524%

Epoch: 31 | Batch: 000 | CrossEntropy-loss: 0.08538 | Correct: 1253/1280
Epoch: 31 | Batch: 100 | CrossEntropy-loss: 0.10894 | Correct: 1238/1280
Epoch: 31 | Batch: 200 | CrossEntropy-loss: 0.08404 | Correct: 1254/1280
Epoch: 31 | Batch: 300 | CrossEntropy-loss: 0.11409 | Correct: 1234/1280
Epoch: 31 | Batch: 400 | CrossEntropy-loss: 0.09561 | Correct: 1255/1280
Epoch: 31 | Batch: 500 | CrossEntropy-loss: 0.09471 | Correct: 1248/1280
Epoch: 31 | Batch: 600 | CrossEntropy-loss: 0.10155 | Correct: 1252/1280
Epoch: 31 | Batch: 700 | CrossEntropy-loss: 0.10981 | Correct: 1242/1280
Epoch: 31 | Batch: 800 | CrossEntropy-loss: 0.09412 | Correct: 1253/1280
Epoch: 31 | Batch: 900 | CrossEntropy-loss: 0.09654 | Correct: 1249/1280
Epoch: 31 | Batch: 1000 | CrossEntropy-loss: 0.09207 | Correct: 1249/1280
Epoch: 31 | Batch: 1100 | CrossEntropy-loss: 0.09644 | Correct: 1245/1280
Epoch: 31 | Batch: 1200 | CrossEntropy-loss: 0.07921 | Correct: 1260/1280
Epoch: 31 | Batch: 1300 | CrossEntropy-loss: 0.10358 | Correct: 1246/1280
Epoch: 31 | Batch: 1400 | CrossEntropy-loss: 0.09488 | Correct: 1254/1280
Epoch: 31 | Batch: 1500 | CrossEntropy-loss: 0.09430 | Correct: 1251/1280

Epoch: 31 | Testing Accuracy: 492205/504607 (97.542%) | Historical Best: 97.542%

Epoch: 32 | Batch: 000 | CrossEntropy-loss: 0.09157 | Correct: 1251/1280
Epoch: 32 | Batch: 100 | CrossEntropy-loss: 0.08118 | Correct: 1257/1280
Epoch: 32 | Batch: 200 | CrossEntropy-loss: 0.09596 | Correct: 1244/1280
Epoch: 32 | Batch: 300 | CrossEntropy-loss: 0.08533 | Correct: 1253/1280
Epoch: 32 | Batch: 400 | CrossEntropy-loss: 0.11844 | Correct: 1238/1280
Epoch: 32 | Batch: 500 | CrossEntropy-loss: 0.10480 | Correct: 1243/1280
Epoch: 32 | Batch: 600 | CrossEntropy-loss: 0.09316 | Correct: 1256/1280
Epoch: 32 | Batch: 700 | CrossEntropy-loss: 0.08766 | Correct: 1250/1280
Epoch: 32 | Batch: 800 | CrossEntropy-loss: 0.09954 | Correct: 1244/1280
Epoch: 32 | Batch: 900 | CrossEntropy-loss: 0.11046 | Correct: 1242/1280
Epoch: 32 | Batch: 1000 | CrossEntropy-loss: 0.09749 | Correct: 1249/1280
Epoch: 32 | Batch: 1100 | CrossEntropy-loss: 0.08799 | Correct: 1255/1280
Epoch: 32 | Batch: 1200 | CrossEntropy-loss: 0.09489 | Correct: 1249/1280
Epoch: 32 | Batch: 1300 | CrossEntropy-loss: 0.09315 | Correct: 1243/1280
Epoch: 32 | Batch: 1400 | CrossEntropy-loss: 0.10459 | Correct: 1249/1280
Epoch: 32 | Batch: 1500 | CrossEntropy-loss: 0.09433 | Correct: 1249/1280

Epoch: 32 | Testing Accuracy: 492630/504607 (97.626%) | Historical Best: 97.626%

Epoch: 33 | Batch: 000 | CrossEntropy-loss: 0.09051 | Correct: 1249/1280
Epoch: 33 | Batch: 100 | CrossEntropy-loss: 0.10119 | Correct: 1240/1280
Epoch: 33 | Batch: 200 | CrossEntropy-loss: 0.09810 | Correct: 1244/1280
Epoch: 33 | Batch: 300 | CrossEntropy-loss: 0.09565 | Correct: 1254/1280
Epoch: 33 | Batch: 400 | CrossEntropy-loss: 0.09352 | Correct: 1247/1280
Epoch: 33 | Batch: 500 | CrossEntropy-loss: 0.09998 | Correct: 1242/1280
Epoch: 33 | Batch: 600 | CrossEntropy-loss: 0.08721 | Correct: 1260/1280
Epoch: 33 | Batch: 700 | CrossEntropy-loss: 0.08461 | Correct: 1257/1280
Epoch: 33 | Batch: 800 | CrossEntropy-loss: 0.10692 | Correct: 1248/1280
Epoch: 33 | Batch: 900 | CrossEntropy-loss: 0.10260 | Correct: 1251/1280
Epoch: 33 | Batch: 1000 | CrossEntropy-loss: 0.08221 | Correct: 1258/1280
Epoch: 33 | Batch: 1100 | CrossEntropy-loss: 0.08711 | Correct: 1253/1280
Epoch: 33 | Batch: 1200 | CrossEntropy-loss: 0.09611 | Correct: 1242/1280
Epoch: 33 | Batch: 1300 | CrossEntropy-loss: 0.09835 | Correct: 1249/1280
Epoch: 33 | Batch: 1400 | CrossEntropy-loss: 0.10561 | Correct: 1244/1280
Epoch: 33 | Batch: 1500 | CrossEntropy-loss: 0.10881 | Correct: 1244/1280

Epoch: 33 | Testing Accuracy: 492513/504607 (97.603%) | Historical Best: 97.626%

Epoch: 34 | Batch: 000 | CrossEntropy-loss: 0.08399 | Correct: 1252/1280
Epoch: 34 | Batch: 100 | CrossEntropy-loss: 0.10251 | Correct: 1235/1280
Epoch: 34 | Batch: 200 | CrossEntropy-loss: 0.08338 | Correct: 1256/1280
Epoch: 34 | Batch: 300 | CrossEntropy-loss: 0.08563 | Correct: 1252/1280
Epoch: 34 | Batch: 400 | CrossEntropy-loss: 0.08735 | Correct: 1253/1280
Epoch: 34 | Batch: 500 | CrossEntropy-loss: 0.10821 | Correct: 1246/1280
Epoch: 34 | Batch: 600 | CrossEntropy-loss: 0.08441 | Correct: 1257/1280
Epoch: 34 | Batch: 700 | CrossEntropy-loss: 0.08714 | Correct: 1251/1280
Epoch: 34 | Batch: 800 | CrossEntropy-loss: 0.09804 | Correct: 1245/1280
Epoch: 34 | Batch: 900 | CrossEntropy-loss: 0.08540 | Correct: 1252/1280
Epoch: 34 | Batch: 1000 | CrossEntropy-loss: 0.10252 | Correct: 1247/1280
Epoch: 34 | Batch: 1100 | CrossEntropy-loss: 0.08112 | Correct: 1256/1280
Epoch: 34 | Batch: 1200 | CrossEntropy-loss: 0.09451 | Correct: 1249/1280
Epoch: 34 | Batch: 1300 | CrossEntropy-loss: 0.09208 | Correct: 1249/1280
Epoch: 34 | Batch: 1400 | CrossEntropy-loss: 0.08307 | Correct: 1250/1280
Epoch: 34 | Batch: 1500 | CrossEntropy-loss: 0.08820 | Correct: 1255/1280

Epoch: 34 | Testing Accuracy: 492309/504607 (97.563%) | Historical Best: 97.626%

Epoch: 35 | Batch: 000 | CrossEntropy-loss: 0.09506 | Correct: 1250/1280
Epoch: 35 | Batch: 100 | CrossEntropy-loss: 0.09899 | Correct: 1241/1280
Epoch: 35 | Batch: 200 | CrossEntropy-loss: 0.10126 | Correct: 1247/1280
Epoch: 35 | Batch: 300 | CrossEntropy-loss: 0.09512 | Correct: 1245/1280
Epoch: 35 | Batch: 400 | CrossEntropy-loss: 0.08806 | Correct: 1254/1280
Epoch: 35 | Batch: 500 | CrossEntropy-loss: 0.09178 | Correct: 1249/1280
Epoch: 35 | Batch: 600 | CrossEntropy-loss: 0.10024 | Correct: 1248/1280
Epoch: 35 | Batch: 700 | CrossEntropy-loss: 0.07542 | Correct: 1258/1280
Epoch: 35 | Batch: 800 | CrossEntropy-loss: 0.08754 | Correct: 1249/1280
Epoch: 35 | Batch: 900 | CrossEntropy-loss: 0.08833 | Correct: 1248/1280
Epoch: 35 | Batch: 1000 | CrossEntropy-loss: 0.10622 | Correct: 1245/1280
Epoch: 35 | Batch: 1100 | CrossEntropy-loss: 0.10487 | Correct: 1244/1280
Epoch: 35 | Batch: 1200 | CrossEntropy-loss: 0.08892 | Correct: 1255/1280
Epoch: 35 | Batch: 1300 | CrossEntropy-loss: 0.08616 | Correct: 1255/1280
Epoch: 35 | Batch: 1400 | CrossEntropy-loss: 0.08259 | Correct: 1255/1280
Epoch: 35 | Batch: 1500 | CrossEntropy-loss: 0.08081 | Correct: 1250/1280

Epoch: 35 | Testing Accuracy: 493744/504607 (97.847%) | Historical Best: 97.847%

Epoch: 36 | Batch: 000 | CrossEntropy-loss: 0.07470 | Correct: 1260/1280
Epoch: 36 | Batch: 100 | CrossEntropy-loss: 0.09653 | Correct: 1242/1280
Epoch: 36 | Batch: 200 | CrossEntropy-loss: 0.09267 | Correct: 1247/1280
Epoch: 36 | Batch: 300 | CrossEntropy-loss: 0.09300 | Correct: 1243/1280
Epoch: 36 | Batch: 400 | CrossEntropy-loss: 0.09834 | Correct: 1248/1280
Epoch: 36 | Batch: 500 | CrossEntropy-loss: 0.08739 | Correct: 1256/1280
Epoch: 36 | Batch: 600 | CrossEntropy-loss: 0.09392 | Correct: 1246/1280
Epoch: 36 | Batch: 700 | CrossEntropy-loss: 0.09379 | Correct: 1252/1280
Epoch: 36 | Batch: 800 | CrossEntropy-loss: 0.08276 | Correct: 1260/1280
Epoch: 36 | Batch: 900 | CrossEntropy-loss: 0.07598 | Correct: 1262/1280
Epoch: 36 | Batch: 1000 | CrossEntropy-loss: 0.09743 | Correct: 1251/1280
Epoch: 36 | Batch: 1100 | CrossEntropy-loss: 0.09400 | Correct: 1248/1280
Epoch: 36 | Batch: 1200 | CrossEntropy-loss: 0.09419 | Correct: 1250/1280
Epoch: 36 | Batch: 1300 | CrossEntropy-loss: 0.10346 | Correct: 1242/1280
Epoch: 36 | Batch: 1400 | CrossEntropy-loss: 0.08801 | Correct: 1248/1280
Epoch: 36 | Batch: 1500 | CrossEntropy-loss: 0.08503 | Correct: 1255/1280

Epoch: 36 | Testing Accuracy: 492904/504607 (97.681%) | Historical Best: 97.847%

Epoch: 37 | Batch: 000 | CrossEntropy-loss: 0.08976 | Correct: 1252/1280
Epoch: 37 | Batch: 100 | CrossEntropy-loss: 0.08998 | Correct: 1258/1280
Epoch: 37 | Batch: 200 | CrossEntropy-loss: 0.07801 | Correct: 1258/1280
Epoch: 37 | Batch: 300 | CrossEntropy-loss: 0.08235 | Correct: 1254/1280
Epoch: 37 | Batch: 400 | CrossEntropy-loss: 0.07508 | Correct: 1257/1280
Epoch: 37 | Batch: 500 | CrossEntropy-loss: 0.09058 | Correct: 1244/1280
Epoch: 37 | Batch: 600 | CrossEntropy-loss: 0.07861 | Correct: 1251/1280
Epoch: 37 | Batch: 700 | CrossEntropy-loss: 0.07312 | Correct: 1257/1280
Epoch: 37 | Batch: 800 | CrossEntropy-loss: 0.07735 | Correct: 1255/1280
Epoch: 37 | Batch: 900 | CrossEntropy-loss: 0.08110 | Correct: 1256/1280
Epoch: 37 | Batch: 1000 | CrossEntropy-loss: 0.09538 | Correct: 1250/1280
Epoch: 37 | Batch: 1100 | CrossEntropy-loss: 0.08191 | Correct: 1256/1280
Epoch: 37 | Batch: 1200 | CrossEntropy-loss: 0.09539 | Correct: 1246/1280
Epoch: 37 | Batch: 1300 | CrossEntropy-loss: 0.10412 | Correct: 1245/1280
Epoch: 37 | Batch: 1400 | CrossEntropy-loss: 0.08735 | Correct: 1247/1280
Epoch: 37 | Batch: 1500 | CrossEntropy-loss: 0.07968 | Correct: 1253/1280

Epoch: 37 | Testing Accuracy: 493381/504607 (97.775%) | Historical Best: 97.847%

Epoch: 38 | Batch: 000 | CrossEntropy-loss: 0.07466 | Correct: 1259/1280
Epoch: 38 | Batch: 100 | CrossEntropy-loss: 0.07767 | Correct: 1258/1280
Epoch: 38 | Batch: 200 | CrossEntropy-loss: 0.08646 | Correct: 1252/1280
Epoch: 38 | Batch: 300 | CrossEntropy-loss: 0.08941 | Correct: 1255/1280
Epoch: 38 | Batch: 400 | CrossEntropy-loss: 0.08758 | Correct: 1247/1280
Epoch: 38 | Batch: 500 | CrossEntropy-loss: 0.07523 | Correct: 1260/1280
Epoch: 38 | Batch: 600 | CrossEntropy-loss: 0.07959 | Correct: 1256/1280
Epoch: 38 | Batch: 700 | CrossEntropy-loss: 0.08786 | Correct: 1249/1280
Epoch: 38 | Batch: 800 | CrossEntropy-loss: 0.09434 | Correct: 1249/1280
Epoch: 38 | Batch: 900 | CrossEntropy-loss: 0.07784 | Correct: 1256/1280
Epoch: 38 | Batch: 1000 | CrossEntropy-loss: 0.07599 | Correct: 1256/1280
Epoch: 38 | Batch: 1100 | CrossEntropy-loss: 0.08037 | Correct: 1255/1280
Epoch: 38 | Batch: 1200 | CrossEntropy-loss: 0.08223 | Correct: 1254/1280
Epoch: 38 | Batch: 1300 | CrossEntropy-loss: 0.07433 | Correct: 1261/1280
Epoch: 38 | Batch: 1400 | CrossEntropy-loss: 0.08244 | Correct: 1257/1280
Epoch: 38 | Batch: 1500 | CrossEntropy-loss: 0.09149 | Correct: 1248/1280

Epoch: 38 | Testing Accuracy: 493034/504607 (97.707%) | Historical Best: 97.847%

Epoch: 39 | Batch: 000 | CrossEntropy-loss: 0.07842 | Correct: 1257/1280
Epoch: 39 | Batch: 100 | CrossEntropy-loss: 0.08951 | Correct: 1251/1280
Epoch: 39 | Batch: 200 | CrossEntropy-loss: 0.07933 | Correct: 1253/1280
Epoch: 39 | Batch: 300 | CrossEntropy-loss: 0.08922 | Correct: 1254/1280
Epoch: 39 | Batch: 400 | CrossEntropy-loss: 0.07949 | Correct: 1253/1280
Epoch: 39 | Batch: 500 | CrossEntropy-loss: 0.07229 | Correct: 1258/1280
Epoch: 39 | Batch: 600 | CrossEntropy-loss: 0.08170 | Correct: 1252/1280
Epoch: 39 | Batch: 700 | CrossEntropy-loss: 0.09497 | Correct: 1245/1280
Epoch: 39 | Batch: 800 | CrossEntropy-loss: 0.06933 | Correct: 1261/1280
Epoch: 39 | Batch: 900 | CrossEntropy-loss: 0.09618 | Correct: 1249/1280
Epoch: 39 | Batch: 1000 | CrossEntropy-loss: 0.08716 | Correct: 1254/1280
Epoch: 39 | Batch: 1100 | CrossEntropy-loss: 0.08689 | Correct: 1252/1280
Epoch: 39 | Batch: 1200 | CrossEntropy-loss: 0.09262 | Correct: 1245/1280
Epoch: 39 | Batch: 1300 | CrossEntropy-loss: 0.08173 | Correct: 1248/1280
Epoch: 39 | Batch: 1400 | CrossEntropy-loss: 0.07027 | Correct: 1260/1280
Epoch: 39 | Batch: 1500 | CrossEntropy-loss: 0.06954 | Correct: 1259/1280

Epoch: 39 | Testing Accuracy: 493369/504607 (97.773%) | Historical Best: 97.847%

Epoch: 40 | Batch: 000 | CrossEntropy-loss: 0.08015 | Correct: 1258/1280
Epoch: 40 | Batch: 100 | CrossEntropy-loss: 0.08595 | Correct: 1254/1280
Epoch: 40 | Batch: 200 | CrossEntropy-loss: 0.06953 | Correct: 1256/1280
Epoch: 40 | Batch: 300 | CrossEntropy-loss: 0.08386 | Correct: 1253/1280
Epoch: 40 | Batch: 400 | CrossEntropy-loss: 0.08031 | Correct: 1258/1280
Epoch: 40 | Batch: 500 | CrossEntropy-loss: 0.07861 | Correct: 1254/1280
Epoch: 40 | Batch: 600 | CrossEntropy-loss: 0.07244 | Correct: 1260/1280
Epoch: 40 | Batch: 700 | CrossEntropy-loss: 0.08010 | Correct: 1254/1280
Epoch: 40 | Batch: 800 | CrossEntropy-loss: 0.08115 | Correct: 1250/1280
Epoch: 40 | Batch: 900 | CrossEntropy-loss: 0.08356 | Correct: 1253/1280
Epoch: 40 | Batch: 1000 | CrossEntropy-loss: 0.08590 | Correct: 1254/1280
Epoch: 40 | Batch: 1100 | CrossEntropy-loss: 0.08145 | Correct: 1255/1280
Epoch: 40 | Batch: 1200 | CrossEntropy-loss: 0.06238 | Correct: 1268/1280
Epoch: 40 | Batch: 1300 | CrossEntropy-loss: 0.07809 | Correct: 1258/1280
Epoch: 40 | Batch: 1400 | CrossEntropy-loss: 0.06932 | Correct: 1255/1280
Epoch: 40 | Batch: 1500 | CrossEntropy-loss: 0.09207 | Correct: 1252/1280

Epoch: 40 | Testing Accuracy: 493688/504607 (97.836%) | Historical Best: 97.847%

