compute002
3
/home/zihan/anaconda3/envs/exp/lib/python3.6/site-packages/gym/envs/registration.py:14: PkgResourcesDeprecationWarning: Parameters to load are deprecated.  Call .resolve and .require separately.
  result = entry_point.load(False)
8 4
# of episode :20, reward : -318.9, episode length: 97
# of episode :40, reward : -118.7, episode length: 90
# of episode :60, reward : -170.2, episode length: 109
# of episode :80, reward : -118.7, episode length: 137
# of episode :100, reward : -125.2, episode length: 88
# of episode :120, reward : -175.0, episode length: 211
# of episode :140, reward : -191.6, episode length: 115
# of episode :160, reward : -178.6, episode length: 145
# of episode :180, reward : -193.1, episode length: 118
# of episode :200, reward : -125.0, episode length: 118
# of episode :220, reward : -78.9, episode length: 139
# of episode :240, reward : -25.1, episode length: 134
# of episode :260, reward : -249.8, episode length: 194
# of episode :280, reward : -208.7, episode length: 172
# of episode :300, reward : -87.7, episode length: 134
# of episode :320, reward : -110.0, episode length: 178
# of episode :340, reward : -190.2, episode length: 431
# of episode :360, reward : -24.3, episode length: 150
# of episode :380, reward : -10.7, episode length: 188
# of episode :400, reward : -249.4, episode length: 333
# of episode :420, reward : -61.6, episode length: 170
# of episode :440, reward : -32.7, episode length: 1000
# of episode :460, reward : -43.3, episode length: 1000
# of episode :480, reward : -11.3, episode length: 1000
# of episode :500, reward : 4.6, episode length: 240
# of episode :520, reward : -28.2, episode length: 187
# of episode :540, reward : 13.5, episode length: 1000
# of episode :560, reward : 3.1, episode length: 139
# of episode :580, reward : -3.6, episode length: 173
# of episode :600, reward : 26.9, episode length: 1000
# of episode :620, reward : -50.7, episode length: 334
# of episode :640, reward : 5.2, episode length: 1000
# of episode :660, reward : 23.8, episode length: 1000
# of episode :680, reward : 6.1, episode length: 165
# of episode :700, reward : 26.9, episode length: 259
# of episode :720, reward : -109.0, episode length: 329
# of episode :740, reward : 95.7, episode length: 1000
# of episode :760, reward : 71.3, episode length: 1000
# of episode :780, reward : 17.8, episode length: 1000
# of episode :800, reward : 9.3, episode length: 1000
# of episode :820, reward : -32.2, episode length: 421
# of episode :840, reward : 66.4, episode length: 1000
# of episode :860, reward : 35.5, episode length: 1000
# of episode :880, reward : 63.5, episode length: 1000
# of episode :900, reward : -79.8, episode length: 474
# of episode :920, reward : 121.0, episode length: 1000
# of episode :940, reward : 46.9, episode length: 1000
# of episode :960, reward : 58.4, episode length: 1000
# of episode :980, reward : 53.6, episode length: 1000
# of episode :1000, reward : 81.5, episode length: 1000
# of episode :1020, reward : -72.4, episode length: 319
# of episode :1040, reward : 18.0, episode length: 1000
# of episode :1060, reward : 189.4, episode length: 476
# of episode :1080, reward : 108.6, episode length: 1000
# of episode :1100, reward : 142.4, episode length: 1000
# of episode :1120, reward : 41.1, episode length: 1000
# of episode :1140, reward : 102.7, episode length: 1000
# of episode :1160, reward : 92.5, episode length: 1000
# of episode :1180, reward : 116.5, episode length: 1000
# of episode :1200, reward : 88.3, episode length: 1000
# of episode :1220, reward : 79.9, episode length: 1000
# of episode :1240, reward : 114.8, episode length: 1000
# of episode :1260, reward : 105.6, episode length: 1000
# of episode :1280, reward : 74.5, episode length: 1000
# of episode :1300, reward : 123.4, episode length: 1000
# of episode :1320, reward : 71.1, episode length: 1000
# of episode :1340, reward : 111.0, episode length: 1000
# of episode :1360, reward : 117.8, episode length: 1000
# of episode :1380, reward : 115.8, episode length: 1000
# of episode :1400, reward : 96.5, episode length: 1000
# of episode :1420, reward : 108.2, episode length: 1000
# of episode :1440, reward : -3.1, episode length: 589
# of episode :1460, reward : 62.0, episode length: 1000
# of episode :1480, reward : 146.1, episode length: 788
# of episode :1500, reward : 47.0, episode length: 1000
# of episode :1520, reward : -13.8, episode length: 1000
# of episode :1540, reward : 179.2, episode length: 474
# of episode :1560, reward : 191.7, episode length: 568
# of episode :1580, reward : 86.8, episode length: 1000
# of episode :1600, reward : 57.9, episode length: 1000
# of episode :1620, reward : 48.9, episode length: 1000
# of episode :1640, reward : -6.0, episode length: 566
# of episode :1660, reward : 77.9, episode length: 1000
# of episode :1680, reward : 141.5, episode length: 611
# of episode :1700, reward : 68.9, episode length: 1000
# of episode :1720, reward : 27.3, episode length: 1000
# of episode :1740, reward : 77.5, episode length: 1000
# of episode :1760, reward : 79.6, episode length: 1000
# of episode :1780, reward : 90.2, episode length: 1000
# of episode :1800, reward : 35.7, episode length: 1000
# of episode :1820, reward : 80.9, episode length: 1000
# of episode :1840, reward : 204.3, episode length: 537
# of episode :1860, reward : -36.9, episode length: 1000
# of episode :1880, reward : 82.8, episode length: 1000
# of episode :1900, reward : 52.5, episode length: 1000
# of episode :1920, reward : 66.4, episode length: 1000
# of episode :1940, reward : 176.0, episode length: 529
# of episode :1960, reward : 50.4, episode length: 1000
# of episode :1980, reward : -102.8, episode length: 549
# of episode :2000, reward : 42.6, episode length: 1000
# of episode :2020, reward : -71.6, episode length: 373
# of episode :2040, reward : 25.2, episode length: 385
# of episode :2060, reward : 109.9, episode length: 1000
# of episode :2080, reward : -76.6, episode length: 336
# of episode :2100, reward : 248.2, episode length: 541
# of episode :2120, reward : 29.8, episode length: 1000
# of episode :2140, reward : 151.3, episode length: 742
# of episode :2160, reward : 134.8, episode length: 1000
# of episode :2180, reward : -58.0, episode length: 1000
# of episode :2200, reward : -21.0, episode length: 247
# of episode :2220, reward : 179.9, episode length: 642
# of episode :2240, reward : 108.5, episode length: 1000
# of episode :2260, reward : 207.6, episode length: 680
# of episode :2280, reward : 177.3, episode length: 486
# of episode :2300, reward : -62.4, episode length: 451
# of episode :2320, reward : 87.5, episode length: 1000
# of episode :2340, reward : 82.6, episode length: 1000
# of episode :2360, reward : 85.7, episode length: 1000
# of episode :2380, reward : 106.8, episode length: 1000
# of episode :2400, reward : -127.2, episode length: 562
# of episode :2420, reward : 92.7, episode length: 1000
# of episode :2440, reward : 84.0, episode length: 1000
# of episode :2460, reward : 163.5, episode length: 605
# of episode :2480, reward : -21.9, episode length: 1000
# of episode :2500, reward : 197.3, episode length: 400
# of episode :2520, reward : 41.7, episode length: 1000
# of episode :2540, reward : 107.9, episode length: 1000
# of episode :2560, reward : 182.7, episode length: 479
# of episode :2580, reward : 75.5, episode length: 1000
# of episode :2600, reward : 198.8, episode length: 524
# of episode :2620, reward : 95.0, episode length: 1000
# of episode :2640, reward : 80.2, episode length: 1000
# of episode :2660, reward : -82.2, episode length: 403
# of episode :2680, reward : -174.5, episode length: 945
# of episode :2700, reward : -84.6, episode length: 407
# of episode :2720, reward : 49.9, episode length: 1000
# of episode :2740, reward : -96.8, episode length: 1000
# of episode :2760, reward : -37.5, episode length: 463
# of episode :2780, reward : 90.7, episode length: 1000
# of episode :2800, reward : 65.1, episode length: 1000
# of episode :2820, reward : 140.0, episode length: 772
# of episode :2840, reward : 108.9, episode length: 1000
# of episode :2860, reward : 100.5, episode length: 1000
# of episode :2880, reward : 69.3, episode length: 1000
# of episode :2900, reward : 224.2, episode length: 469
# of episode :2920, reward : -45.9, episode length: 276
# of episode :2940, reward : -68.5, episode length: 633
# of episode :2960, reward : 85.1, episode length: 924
# of episode :2980, reward : 71.4, episode length: 1000
# of episode :3000, reward : 78.8, episode length: 1000
# of episode :3020, reward : 61.7, episode length: 984
# of episode :3040, reward : -40.0, episode length: 386
# of episode :3060, reward : 84.8, episode length: 1000
# of episode :3080, reward : 174.7, episode length: 403
# of episode :3100, reward : -57.6, episode length: 396
# of episode :3120, reward : 202.9, episode length: 366
# of episode :3140, reward : 114.2, episode length: 1000
# of episode :3160, reward : 67.6, episode length: 1000
# of episode :3180, reward : -33.3, episode length: 297
# of episode :3200, reward : 110.2, episode length: 1000
# of episode :3220, reward : 87.3, episode length: 1000
# of episode :3240, reward : 199.5, episode length: 422
# of episode :3260, reward : 140.0, episode length: 761
# of episode :3280, reward : 94.6, episode length: 843
# of episode :3300, reward : 173.3, episode length: 563
# of episode :3320, reward : 39.4, episode length: 1000
# of episode :3340, reward : 77.2, episode length: 1000
# of episode :3360, reward : 195.6, episode length: 574
# of episode :3380, reward : -78.0, episode length: 619
# of episode :3400, reward : -94.2, episode length: 595
# of episode :3420, reward : 175.8, episode length: 637
# of episode :3440, reward : 64.0, episode length: 1000
# of episode :3460, reward : 162.2, episode length: 480
# of episode :3480, reward : 161.7, episode length: 623
# of episode :3500, reward : 94.9, episode length: 1000
# of episode :3520, reward : 199.5, episode length: 518
# of episode :3540, reward : 92.6, episode length: 1000
# of episode :3560, reward : 74.3, episode length: 1000
# of episode :3580, reward : 108.0, episode length: 1000
# of episode :3600, reward : 196.9, episode length: 569
# of episode :3620, reward : 120.9, episode length: 1000
# of episode :3640, reward : 172.5, episode length: 711
# of episode :3660, reward : 160.0, episode length: 1000
# of episode :3680, reward : 13.8, episode length: 1000
# of episode :3700, reward : 136.9, episode length: 1000
# of episode :3720, reward : -86.3, episode length: 349
# of episode :3740, reward : 213.4, episode length: 391
# of episode :3760, reward : 183.9, episode length: 808
# of episode :3780, reward : 122.6, episode length: 1000
# of episode :3800, reward : 89.4, episode length: 1000
# of episode :3820, reward : -47.0, episode length: 308
# of episode :3840, reward : 122.0, episode length: 1000
# of episode :3860, reward : 180.4, episode length: 498
# of episode :3880, reward : 95.1, episode length: 1000
# of episode :3900, reward : 77.4, episode length: 1000
# of episode :3920, reward : 200.0, episode length: 509
# of episode :3940, reward : 237.4, episode length: 338
# of episode :3960, reward : 107.4, episode length: 1000
# of episode :3980, reward : 152.9, episode length: 480
# of episode :4000, reward : 78.8, episode length: 1000
# of episode :4020, reward : 80.1, episode length: 1000
# of episode :4040, reward : 136.7, episode length: 1000
# of episode :4060, reward : 105.1, episode length: 1000
# of episode :4080, reward : 197.9, episode length: 481
# of episode :4100, reward : 146.8, episode length: 1000
# of episode :4120, reward : 79.3, episode length: 1000
# of episode :4140, reward : 150.8, episode length: 1000
# of episode :4160, reward : 262.8, episode length: 472
# of episode :4180, reward : 206.8, episode length: 512
# of episode :4200, reward : 170.7, episode length: 357
# of episode :4220, reward : 137.5, episode length: 1000
# of episode :4240, reward : 224.1, episode length: 432
# of episode :4260, reward : 138.6, episode length: 1000
# of episode :4280, reward : 195.7, episode length: 323
# of episode :4300, reward : 181.3, episode length: 1000
# of episode :4320, reward : 145.4, episode length: 1000
# of episode :4340, reward : 19.8, episode length: 218
# of episode :4360, reward : 1.5, episode length: 260
# of episode :4380, reward : 135.3, episode length: 1000
# of episode :4400, reward : 116.7, episode length: 1000
# of episode :4420, reward : 132.2, episode length: 1000
# of episode :4440, reward : 104.3, episode length: 1000
# of episode :4460, reward : 127.0, episode length: 1000
# of episode :4480, reward : 207.9, episode length: 367
# of episode :4500, reward : 222.4, episode length: 394
# of episode :4520, reward : 132.1, episode length: 1000
# of episode :4540, reward : 1.0, episode length: 278
# of episode :4560, reward : -14.0, episode length: 1000
# of episode :4580, reward : -73.6, episode length: 341
# of episode :4600, reward : -25.8, episode length: 1000
# of episode :4620, reward : -50.9, episode length: 392
# of episode :4640, reward : 136.7, episode length: 1000
# of episode :4660, reward : 96.9, episode length: 1000
# of episode :4680, reward : 77.3, episode length: 1000
# of episode :4700, reward : 105.1, episode length: 1000
# of episode :4720, reward : 97.2, episode length: 1000
# of episode :4740, reward : 128.4, episode length: 1000
# of episode :4760, reward : 107.8, episode length: 1000
# of episode :4780, reward : 116.2, episode length: 1000
# of episode :4800, reward : 114.7, episode length: 1000
# of episode :4820, reward : 116.4, episode length: 1000
# of episode :4840, reward : 235.1, episode length: 365
# of episode :4860, reward : 244.8, episode length: 648
# of episode :4880, reward : 139.4, episode length: 1000
# of episode :4900, reward : 190.3, episode length: 494
# of episode :4920, reward : 233.4, episode length: 317
# of episode :4940, reward : 197.9, episode length: 313
# of episode :4960, reward : 221.9, episode length: 731
# of episode :4980, reward : 85.8, episode length: 1000
/home/zihan/anaconda3/envs/exp/lib/python3.6/site-packages/gym/envs/registration.py:14: PkgResourcesDeprecationWarning: Parameters to load are deprecated.  Call .resolve and .require separately.
  result = entry_point.load(False)
8 4
# of episode :20, reward : -375.0, episode length: 111
# of episode :40, reward : -264.0, episode length: 139
# of episode :60, reward : -148.9, episode length: 73
# of episode :80, reward : -105.2, episode length: 112
# of episode :100, reward : -47.3, episode length: 93
# of episode :120, reward : -51.0, episode length: 75
# of episode :140, reward : -165.6, episode length: 132
# of episode :160, reward : -219.1, episode length: 115
# of episode :180, reward : -271.7, episode length: 122
# of episode :200, reward : -65.3, episode length: 99
# of episode :220, reward : -73.7, episode length: 93
# of episode :240, reward : -30.6, episode length: 115
# of episode :260, reward : -147.4, episode length: 239
# of episode :280, reward : -201.4, episode length: 142
# of episode :300, reward : -232.6, episode length: 206
# of episode :320, reward : -27.9, episode length: 105
# of episode :340, reward : -64.7, episode length: 199
# of episode :360, reward : 29.9, episode length: 151
# of episode :380, reward : -43.2, episode length: 106
# of episode :400, reward : -20.8, episode length: 223
# of episode :420, reward : -31.8, episode length: 267
# of episode :440, reward : 35.3, episode length: 130
# of episode :460, reward : -8.4, episode length: 268
# of episode :480, reward : -253.4, episode length: 231
# of episode :500, reward : 71.0, episode length: 1000
# of episode :520, reward : -35.8, episode length: 270
# of episode :540, reward : 15.2, episode length: 122
# of episode :560, reward : -24.7, episode length: 1000
# of episode :580, reward : -28.7, episode length: 1000
# of episode :600, reward : 41.6, episode length: 1000
# of episode :620, reward : -131.6, episode length: 714
# of episode :640, reward : 18.5, episode length: 207
# of episode :660, reward : -49.4, episode length: 195
# of episode :680, reward : 3.4, episode length: 1000
# of episode :700, reward : 67.2, episode length: 1000
# of episode :720, reward : 94.3, episode length: 1000
# of episode :740, reward : 10.9, episode length: 250
# of episode :760, reward : 114.4, episode length: 1000
# of episode :780, reward : -100.2, episode length: 424
# of episode :800, reward : -80.8, episode length: 550
# of episode :820, reward : -48.5, episode length: 376
# of episode :840, reward : 65.7, episode length: 1000
# of episode :860, reward : -68.8, episode length: 511
# of episode :880, reward : 135.6, episode length: 1000
# of episode :900, reward : 115.4, episode length: 837
# of episode :920, reward : 62.8, episode length: 1000
# of episode :940, reward : -46.6, episode length: 468
# of episode :960, reward : 73.0, episode length: 1000
# of episode :980, reward : -66.3, episode length: 617
# of episode :1000, reward : 113.9, episode length: 1000
# of episode :1020, reward : -54.6, episode length: 1000
# of episode :1040, reward : -50.6, episode length: 1000
# of episode :1060, reward : 187.3, episode length: 423
# of episode :1080, reward : 71.5, episode length: 1000
# of episode :1100, reward : -49.9, episode length: 1000
# of episode :1120, reward : 60.0, episode length: 1000
# of episode :1140, reward : 156.7, episode length: 768
# of episode :1160, reward : -114.2, episode length: 423
# of episode :1180, reward : -69.0, episode length: 526
# of episode :1200, reward : 76.9, episode length: 1000
# of episode :1220, reward : 98.2, episode length: 1000
# of episode :1240, reward : -62.4, episode length: 647
# of episode :1260, reward : -72.8, episode length: 1000
# of episode :1280, reward : 18.2, episode length: 1000
# of episode :1300, reward : 77.7, episode length: 1000
# of episode :1320, reward : 31.7, episode length: 1000
# of episode :1340, reward : 104.1, episode length: 1000
# of episode :1360, reward : 88.5, episode length: 1000
# of episode :1380, reward : 89.8, episode length: 987
# of episode :1400, reward : 41.6, episode length: 1000
# of episode :1420, reward : 43.9, episode length: 1000
# of episode :1440, reward : 9.6, episode length: 1000
# of episode :1460, reward : -66.2, episode length: 558
# of episode :1480, reward : 146.1, episode length: 991
# of episode :1500, reward : -98.6, episode length: 1000
# of episode :1520, reward : -39.1, episode length: 483
# of episode :1540, reward : 69.3, episode length: 1000
# of episode :1560, reward : 159.2, episode length: 633
# of episode :1580, reward : 125.0, episode length: 845
# of episode :1600, reward : 125.6, episode length: 614
# of episode :1620, reward : 31.2, episode length: 1000
# of episode :1640, reward : -85.9, episode length: 394
# of episode :1660, reward : -65.5, episode length: 454
# of episode :1680, reward : 82.4, episode length: 1000
# of episode :1700, reward : -68.3, episode length: 351
# of episode :1720, reward : 113.6, episode length: 616
# of episode :1740, reward : 84.7, episode length: 1000
# of episode :1760, reward : 91.5, episode length: 1000
# of episode :1780, reward : -83.5, episode length: 329
# of episode :1800, reward : 155.8, episode length: 583
# of episode :1820, reward : -67.5, episode length: 548
# of episode :1840, reward : -78.6, episode length: 1000
# of episode :1860, reward : -90.2, episode length: 806
# of episode :1880, reward : 187.5, episode length: 508
# of episode :1900, reward : 166.7, episode length: 400
# of episode :1920, reward : -77.3, episode length: 143
# of episode :1940, reward : 67.7, episode length: 1000
# of episode :1960, reward : -69.6, episode length: 168
# of episode :1980, reward : -47.5, episode length: 223
# of episode :2000, reward : -16.9, episode length: 1000
# of episode :2020, reward : -55.1, episode length: 1000
# of episode :2040, reward : -104.9, episode length: 235
# of episode :2060, reward : -86.2, episode length: 511
# of episode :2080, reward : 36.4, episode length: 1000
# of episode :2100, reward : -102.2, episode length: 414
# of episode :2120, reward : -10.2, episode length: 1000
# of episode :2140, reward : -112.7, episode length: 537
# of episode :2160, reward : -127.5, episode length: 450
# of episode :2180, reward : 100.1, episode length: 1000
# of episode :2200, reward : 131.0, episode length: 555
# of episode :2220, reward : -73.6, episode length: 1000
# of episode :2240, reward : 212.3, episode length: 335
# of episode :2260, reward : 78.1, episode length: 1000
# of episode :2280, reward : -19.8, episode length: 1000
# of episode :2300, reward : -144.9, episode length: 581
# of episode :2320, reward : -68.4, episode length: 210
# of episode :2340, reward : -1.7, episode length: 1000
# of episode :2360, reward : -69.8, episode length: 428
# of episode :2380, reward : -110.0, episode length: 879
# of episode :2400, reward : -81.5, episode length: 396
# of episode :2420, reward : 20.7, episode length: 1000
# of episode :2440, reward : -65.4, episode length: 476
# of episode :2460, reward : -10.1, episode length: 1000
# of episode :2480, reward : -52.6, episode length: 172
# of episode :2500, reward : 67.1, episode length: 1000
# of episode :2520, reward : 224.1, episode length: 780
# of episode :2540, reward : -38.2, episode length: 1000
# of episode :2560, reward : 37.9, episode length: 1000
# of episode :2580, reward : 39.0, episode length: 1000
# of episode :2600, reward : -63.3, episode length: 1000
# of episode :2620, reward : 197.2, episode length: 445
# of episode :2640, reward : 40.6, episode length: 1000
# of episode :2660, reward : 88.2, episode length: 1000
# of episode :2680, reward : -79.4, episode length: 226
# of episode :2700, reward : 5.8, episode length: 906
# of episode :2720, reward : 170.6, episode length: 296
# of episode :2740, reward : -63.6, episode length: 1000
# of episode :2760, reward : -30.5, episode length: 267
# of episode :2780, reward : -90.3, episode length: 1000
# of episode :2800, reward : 120.4, episode length: 886
# of episode :2820, reward : -96.4, episode length: 636
# of episode :2840, reward : 179.8, episode length: 344
# of episode :2860, reward : 72.5, episode length: 1000
# of episode :2880, reward : 11.5, episode length: 1000
# of episode :2900, reward : -30.5, episode length: 1000
# of episode :2920, reward : -10.7, episode length: 1000
# of episode :2940, reward : -68.6, episode length: 1000
# of episode :2960, reward : -31.0, episode length: 1000
# of episode :2980, reward : -9.0, episode length: 1000
# of episode :3000, reward : 139.4, episode length: 684
# of episode :3020, reward : -62.9, episode length: 1000
# of episode :3040, reward : 115.2, episode length: 915
# of episode :3060, reward : 205.0, episode length: 367
# of episode :3080, reward : 97.8, episode length: 1000
# of episode :3100, reward : 79.1, episode length: 1000
# of episode :3120, reward : -76.2, episode length: 489
# of episode :3140, reward : -27.1, episode length: 1000
# of episode :3160, reward : -20.6, episode length: 1000
# of episode :3180, reward : 84.9, episode length: 1000
# of episode :3200, reward : 26.8, episode length: 1000
# of episode :3220, reward : 148.7, episode length: 474
# of episode :3240, reward : -47.5, episode length: 261
# of episode :3260, reward : -36.3, episode length: 1000
# of episode :3280, reward : 50.8, episode length: 1000
# of episode :3300, reward : -41.9, episode length: 333
# of episode :3320, reward : -94.9, episode length: 538
# of episode :3340, reward : -96.0, episode length: 596
# of episode :3360, reward : -36.9, episode length: 1000
# of episode :3380, reward : 48.1, episode length: 1000
# of episode :3400, reward : 109.1, episode length: 617
# of episode :3420, reward : 102.7, episode length: 1000
# of episode :3440, reward : 45.8, episode length: 1000
# of episode :3460, reward : -10.6, episode length: 1000
# of episode :3480, reward : 153.1, episode length: 471
# of episode :3500, reward : 3.0, episode length: 1000
# of episode :3520, reward : 13.2, episode length: 318
# of episode :3540, reward : -3.8, episode length: 1000
# of episode :3560, reward : 167.3, episode length: 587
# of episode :3580, reward : 1.2, episode length: 1000
# of episode :3600, reward : -45.3, episode length: 1000
# of episode :3620, reward : -35.6, episode length: 1000
# of episode :3640, reward : -38.7, episode length: 1000
# of episode :3660, reward : -129.7, episode length: 680
# of episode :3680, reward : 182.3, episode length: 408
# of episode :3700, reward : -67.6, episode length: 1000
# of episode :3720, reward : 162.9, episode length: 502
# of episode :3740, reward : -37.2, episode length: 407
# of episode :3760, reward : 177.6, episode length: 894
# of episode :3780, reward : 97.6, episode length: 1000
# of episode :3800, reward : 76.4, episode length: 1000
# of episode :3820, reward : 105.7, episode length: 605
# of episode :3840, reward : 4.0, episode length: 1000
# of episode :3860, reward : 1.2, episode length: 1000
# of episode :3880, reward : -53.3, episode length: 596
# of episode :3900, reward : 61.4, episode length: 1000
# of episode :3920, reward : 65.9, episode length: 1000
# of episode :3940, reward : 116.0, episode length: 994
# of episode :3960, reward : -48.2, episode length: 558
# of episode :3980, reward : 107.8, episode length: 1000
# of episode :4000, reward : 62.3, episode length: 1000
# of episode :4020, reward : 103.5, episode length: 1000
# of episode :4040, reward : 89.0, episode length: 1000
# of episode :4060, reward : -72.2, episode length: 1000
# of episode :4080, reward : 80.1, episode length: 1000
# of episode :4100, reward : 1.3, episode length: 224
# of episode :4120, reward : -27.1, episode length: 1000
# of episode :4140, reward : 51.0, episode length: 1000
# of episode :4160, reward : 105.0, episode length: 1000
# of episode :4180, reward : 97.8, episode length: 1000
# of episode :4200, reward : 170.0, episode length: 452
# of episode :4220, reward : -24.1, episode length: 231
# of episode :4240, reward : -25.1, episode length: 1000
# of episode :4260, reward : 95.9, episode length: 1000
# of episode :4280, reward : 73.2, episode length: 1000
# of episode :4300, reward : 165.4, episode length: 391
# of episode :4320, reward : 87.4, episode length: 1000
# of episode :4340, reward : 99.7, episode length: 1000
# of episode :4360, reward : 52.2, episode length: 1000
# of episode :4380, reward : 2.7, episode length: 1000
# of episode :4400, reward : 94.3, episode length: 1000
# of episode :4420, reward : 112.3, episode length: 1000
# of episode :4440, reward : 154.1, episode length: 588
# of episode :4460, reward : 169.5, episode length: 565
# of episode :4480, reward : 150.1, episode length: 436
# of episode :4500, reward : 69.5, episode length: 1000
# of episode :4520, reward : 198.5, episode length: 517
# of episode :4540, reward : 117.2, episode length: 1000
# of episode :4560, reward : 59.0, episode length: 1000
# of episode :4580, reward : -95.1, episode length: 389
# of episode :4600, reward : -53.7, episode length: 1000
# of episode :4620, reward : -40.2, episode length: 1000
# of episode :4640, reward : 185.9, episode length: 666
# of episode :4660, reward : 161.4, episode length: 491
# of episode :4680, reward : 75.4, episode length: 1000
# of episode :4700, reward : -97.5, episode length: 477
# of episode :4720, reward : -91.1, episode length: 294
# of episode :4740, reward : 175.7, episode length: 633
# of episode :4760, reward : 180.3, episode length: 308
# of episode :4780, reward : 116.0, episode length: 749
# of episode :4800, reward : -13.5, episode length: 263
# of episode :4820, reward : 115.9, episode length: 1000
# of episode :4840, reward : 89.1, episode length: 1000
# of episode :4860, reward : 115.2, episode length: 741
# of episode :4880, reward : 78.0, episode length: 1000
# of episode :4900, reward : 62.0, episode length: 1000
# of episode :4920, reward : 172.1, episode length: 595
# of episode :4940, reward : 117.7, episode length: 1000
# of episode :4960, reward : -18.2, episode length: 1000
# of episode :4980, reward : -24.0, episode length: 1000
/home/zihan/anaconda3/envs/exp/lib/python3.6/site-packages/gym/envs/registration.py:14: PkgResourcesDeprecationWarning: Parameters to load are deprecated.  Call .resolve and .require separately.
  result = entry_point.load(False)
8 4
# of episode :20, reward : -374.2, episode length: 100
# of episode :40, reward : -85.5, episode length: 76
# of episode :60, reward : -16.2, episode length: 108
# of episode :80, reward : -34.8, episode length: 80
# of episode :100, reward : -66.2, episode length: 122
# of episode :120, reward : -284.6, episode length: 146
# of episode :140, reward : -238.4, episode length: 132
# of episode :160, reward : -290.9, episode length: 140
# of episode :180, reward : -249.8, episode length: 235
# of episode :200, reward : -252.6, episode length: 233
# of episode :220, reward : -32.1, episode length: 144
# of episode :240, reward : -184.7, episode length: 190
# of episode :260, reward : -140.6, episode length: 196
# of episode :280, reward : -68.6, episode length: 145
# of episode :300, reward : -168.5, episode length: 114
# of episode :320, reward : -312.5, episode length: 261
# of episode :340, reward : -87.5, episode length: 136
# of episode :360, reward : -40.3, episode length: 1000
# of episode :380, reward : -89.7, episode length: 166
# of episode :400, reward : -3.2, episode length: 178
# of episode :420, reward : 20.0, episode length: 1000
# of episode :440, reward : 4.2, episode length: 132
# of episode :460, reward : -72.1, episode length: 228
# of episode :480, reward : 7.4, episode length: 1000
# of episode :500, reward : -2.5, episode length: 208
# of episode :520, reward : 22.0, episode length: 1000
# of episode :540, reward : 4.9, episode length: 180
# of episode :560, reward : -132.3, episode length: 363
# of episode :580, reward : 33.1, episode length: 1000
# of episode :600, reward : 16.1, episode length: 1000
# of episode :620, reward : -18.7, episode length: 1000
# of episode :640, reward : -28.0, episode length: 1000
# of episode :660, reward : -7.4, episode length: 1000
# of episode :680, reward : -77.0, episode length: 1000
# of episode :700, reward : 39.0, episode length: 258
# of episode :720, reward : -21.0, episode length: 249
# of episode :740, reward : 25.8, episode length: 166
# of episode :760, reward : -19.0, episode length: 344
# of episode :780, reward : -122.3, episode length: 610
# of episode :800, reward : 102.3, episode length: 1000
# of episode :820, reward : 56.1, episode length: 1000
# of episode :840, reward : -10.6, episode length: 402
# of episode :860, reward : 72.3, episode length: 1000
# of episode :880, reward : -55.8, episode length: 232
# of episode :900, reward : 148.2, episode length: 791
# of episode :920, reward : 66.2, episode length: 1000
# of episode :940, reward : 143.6, episode length: 1000
# of episode :960, reward : -108.7, episode length: 663
# of episode :980, reward : -3.1, episode length: 285
# of episode :1000, reward : -9.0, episode length: 1000
# of episode :1020, reward : 87.9, episode length: 1000
# of episode :1040, reward : -3.1, episode length: 527
# of episode :1060, reward : -108.7, episode length: 775
# of episode :1080, reward : 65.0, episode length: 1000
# of episode :1100, reward : 91.9, episode length: 1000
# of episode :1120, reward : 30.1, episode length: 1000
# of episode :1140, reward : -64.6, episode length: 340
# of episode :1160, reward : 116.3, episode length: 1000
# of episode :1180, reward : 136.7, episode length: 1000
# of episode :1200, reward : 5.6, episode length: 1000
# of episode :1220, reward : 58.7, episode length: 1000
# of episode :1240, reward : 111.6, episode length: 1000
# of episode :1260, reward : 62.6, episode length: 1000
# of episode :1280, reward : 30.0, episode length: 1000
# of episode :1300, reward : 57.3, episode length: 1000
# of episode :1320, reward : 41.0, episode length: 1000
# of episode :1340, reward : 111.2, episode length: 616
# of episode :1360, reward : 91.1, episode length: 1000
# of episode :1380, reward : -51.1, episode length: 281
# of episode :1400, reward : 28.4, episode length: 1000
# of episode :1420, reward : -107.6, episode length: 956
# of episode :1440, reward : -129.7, episode length: 748
# of episode :1460, reward : 37.2, episode length: 1000
# of episode :1480, reward : -77.3, episode length: 430
# of episode :1500, reward : 18.3, episode length: 1000
# of episode :1520, reward : 76.2, episode length: 1000
# of episode :1540, reward : -148.1, episode length: 720
# of episode :1560, reward : 18.8, episode length: 1000
# of episode :1580, reward : 75.6, episode length: 1000
# of episode :1600, reward : -10.6, episode length: 1000
# of episode :1620, reward : -72.9, episode length: 419
# of episode :1640, reward : -72.5, episode length: 351
# of episode :1660, reward : 119.9, episode length: 1000
# of episode :1680, reward : 67.9, episode length: 1000
# of episode :1700, reward : 27.5, episode length: 1000
# of episode :1720, reward : 32.4, episode length: 1000
# of episode :1740, reward : 56.7, episode length: 1000
# of episode :1760, reward : 150.9, episode length: 654
# of episode :1780, reward : 161.7, episode length: 687
# of episode :1800, reward : 152.0, episode length: 627
# of episode :1820, reward : 37.4, episode length: 1000
# of episode :1840, reward : 67.7, episode length: 1000
# of episode :1860, reward : 81.5, episode length: 1000
# of episode :1880, reward : 95.0, episode length: 1000
# of episode :1900, reward : -40.6, episode length: 1000
# of episode :1920, reward : 23.1, episode length: 1000
# of episode :1940, reward : -6.8, episode length: 1000
# of episode :1960, reward : -44.1, episode length: 1000
# of episode :1980, reward : 45.1, episode length: 1000
# of episode :2000, reward : 93.7, episode length: 880
# of episode :2020, reward : 188.8, episode length: 716
# of episode :2040, reward : 58.1, episode length: 1000
# of episode :2060, reward : 202.7, episode length: 761
# of episode :2080, reward : 24.1, episode length: 1000
# of episode :2100, reward : 118.5, episode length: 842
# of episode :2120, reward : 82.3, episode length: 951
# of episode :2140, reward : -56.7, episode length: 298
# of episode :2160, reward : 83.5, episode length: 1000
# of episode :2180, reward : 175.8, episode length: 418
# of episode :2200, reward : 121.3, episode length: 496
# of episode :2220, reward : 112.6, episode length: 1000
# of episode :2240, reward : -72.0, episode length: 204
# of episode :2260, reward : -50.5, episode length: 1000
# of episode :2280, reward : 152.3, episode length: 498
# of episode :2300, reward : 70.8, episode length: 1000
# of episode :2320, reward : -42.4, episode length: 555
# of episode :2340, reward : 57.2, episode length: 1000
# of episode :2360, reward : -62.1, episode length: 198
# of episode :2380, reward : -17.4, episode length: 1000
# of episode :2400, reward : 70.1, episode length: 1000
# of episode :2420, reward : -10.4, episode length: 1000
# of episode :2440, reward : 8.8, episode length: 1000
# of episode :2460, reward : -74.8, episode length: 343
# of episode :2480, reward : 36.0, episode length: 1000
# of episode :2500, reward : 79.3, episode length: 843
# of episode :2520, reward : 37.0, episode length: 1000
# of episode :2540, reward : 49.5, episode length: 1000
# of episode :2560, reward : -93.5, episode length: 469
# of episode :2580, reward : -46.6, episode length: 1000
# of episode :2600, reward : -46.3, episode length: 310
# of episode :2620, reward : 132.9, episode length: 354
# of episode :2640, reward : -76.4, episode length: 407
# of episode :2660, reward : 70.9, episode length: 1000
# of episode :2680, reward : -72.4, episode length: 327
# of episode :2700, reward : -36.5, episode length: 323
# of episode :2720, reward : -53.6, episode length: 1000
# of episode :2740, reward : -68.2, episode length: 188
# of episode :2760, reward : -60.5, episode length: 222
# of episode :2780, reward : -87.8, episode length: 236
# of episode :2800, reward : -56.5, episode length: 251
# of episode :2820, reward : -83.0, episode length: 1000
# of episode :2840, reward : -58.6, episode length: 227
# of episode :2860, reward : -151.6, episode length: 666
# of episode :2880, reward : -38.7, episode length: 1000
# of episode :2900, reward : 96.7, episode length: 1000
# of episode :2920, reward : -115.7, episode length: 905
# of episode :2940, reward : -38.6, episode length: 349
# of episode :2960, reward : 6.6, episode length: 1000
# of episode :2980, reward : -35.9, episode length: 1000
# of episode :3000, reward : -8.1, episode length: 1000
# of episode :3020, reward : -30.2, episode length: 1000
# of episode :3040, reward : 71.0, episode length: 842
# of episode :3060, reward : 19.7, episode length: 1000
# of episode :3080, reward : -6.8, episode length: 1000
# of episode :3100, reward : -84.9, episode length: 180
# of episode :3120, reward : -45.6, episode length: 1000
# of episode :3140, reward : 48.4, episode length: 1000
# of episode :3160, reward : -49.3, episode length: 179
# of episode :3180, reward : -53.7, episode length: 212
# of episode :3200, reward : -130.3, episode length: 746
# of episode :3220, reward : -13.8, episode length: 330
# of episode :3240, reward : 115.8, episode length: 568
# of episode :3260, reward : 115.6, episode length: 690
# of episode :3280, reward : 168.6, episode length: 608
# of episode :3300, reward : 34.1, episode length: 1000
# of episode :3320, reward : -49.9, episode length: 1000
# of episode :3340, reward : -54.9, episode length: 240
# of episode :3360, reward : -37.0, episode length: 377
# of episode :3380, reward : 177.7, episode length: 535
# of episode :3400, reward : -28.0, episode length: 1000
# of episode :3420, reward : 1.9, episode length: 1000
# of episode :3440, reward : 87.3, episode length: 1000
# of episode :3460, reward : 156.9, episode length: 658
# of episode :3480, reward : -59.2, episode length: 476
# of episode :3500, reward : 85.4, episode length: 1000
# of episode :3520, reward : 47.5, episode length: 1000
# of episode :3540, reward : 82.0, episode length: 1000
# of episode :3560, reward : 62.8, episode length: 1000
# of episode :3580, reward : 57.8, episode length: 1000
# of episode :3600, reward : 74.9, episode length: 1000
# of episode :3620, reward : -38.7, episode length: 465
# of episode :3640, reward : 100.4, episode length: 1000
# of episode :3660, reward : -55.4, episode length: 485
# of episode :3680, reward : 149.7, episode length: 727
# of episode :3700, reward : 142.8, episode length: 439
# of episode :3720, reward : 131.8, episode length: 563
# of episode :3740, reward : -73.7, episode length: 456
# of episode :3760, reward : 64.6, episode length: 1000
# of episode :3780, reward : 164.7, episode length: 650
# of episode :3800, reward : -63.1, episode length: 458
# of episode :3820, reward : -45.7, episode length: 600
# of episode :3840, reward : 86.5, episode length: 1000
# of episode :3860, reward : 152.5, episode length: 738
# of episode :3880, reward : 82.9, episode length: 1000
# of episode :3900, reward : 118.4, episode length: 1000
# of episode :3920, reward : -79.3, episode length: 378
# of episode :3940, reward : -30.0, episode length: 248
# of episode :3960, reward : 88.0, episode length: 1000
# of episode :3980, reward : 120.5, episode length: 1000
# of episode :4000, reward : -67.8, episode length: 454
# of episode :4020, reward : 166.7, episode length: 692
# of episode :4040, reward : 100.0, episode length: 1000
# of episode :4060, reward : 26.5, episode length: 1000
# of episode :4080, reward : 95.2, episode length: 1000
# of episode :4100, reward : 21.6, episode length: 1000
# of episode :4120, reward : 174.8, episode length: 749
# of episode :4140, reward : 99.9, episode length: 1000
# of episode :4160, reward : 169.0, episode length: 424
# of episode :4180, reward : -62.5, episode length: 502
# of episode :4200, reward : 85.4, episode length: 1000
# of episode :4220, reward : 98.5, episode length: 1000
# of episode :4240, reward : 178.4, episode length: 564
# of episode :4260, reward : 107.7, episode length: 1000
# of episode :4280, reward : 85.2, episode length: 1000
# of episode :4300, reward : 214.6, episode length: 277
# of episode :4320, reward : 96.5, episode length: 1000
# of episode :4340, reward : 173.8, episode length: 933
# of episode :4360, reward : 48.9, episode length: 1000
# of episode :4380, reward : 182.5, episode length: 435
# of episode :4400, reward : -30.4, episode length: 233
# of episode :4420, reward : -29.2, episode length: 214
# of episode :4440, reward : 177.9, episode length: 338
# of episode :4460, reward : 84.8, episode length: 1000
# of episode :4480, reward : 113.5, episode length: 1000
# of episode :4500, reward : -67.7, episode length: 409
# of episode :4520, reward : 22.2, episode length: 1000
# of episode :4540, reward : 208.9, episode length: 369
# of episode :4560, reward : 166.2, episode length: 479
# of episode :4580, reward : 114.9, episode length: 1000
# of episode :4600, reward : 87.0, episode length: 1000
# of episode :4620, reward : -27.2, episode length: 1000
# of episode :4640, reward : 116.4, episode length: 1000
# of episode :4660, reward : 118.9, episode length: 1000
# of episode :4680, reward : 130.2, episode length: 1000
# of episode :4700, reward : 89.6, episode length: 1000
# of episode :4720, reward : -4.4, episode length: 281
# of episode :4740, reward : 196.7, episode length: 290
# of episode :4760, reward : -51.2, episode length: 398
# of episode :4780, reward : 194.5, episode length: 355
# of episode :4800, reward : -22.7, episode length: 368
# of episode :4820, reward : 208.8, episode length: 292
# of episode :4840, reward : -157.1, episode length: 818
# of episode :4860, reward : 170.2, episode length: 435
# of episode :4880, reward : -57.4, episode length: 603
# of episode :4900, reward : 104.8, episode length: 1000
# of episode :4920, reward : 88.8, episode length: 1000
# of episode :4940, reward : 128.7, episode length: 1000
# of episode :4960, reward : 120.4, episode length: 1000
# of episode :4980, reward : 65.8, episode length: 1000
