compute008
4
/home/zihan/anaconda3/envs/exp/lib/python3.6/site-packages/tensorboard/compat/tensorflow_stub/dtypes.py:541: FutureWarning: Passing (type, 1) or '1type' as a synonym of type is deprecated; in a future version of numpy, it will be understood as (type, (1,)) / '(1,)type'.
  _np_qint8 = np.dtype([("qint8", np.int8, 1)])
/home/zihan/anaconda3/envs/exp/lib/python3.6/site-packages/tensorboard/compat/tensorflow_stub/dtypes.py:542: FutureWarning: Passing (type, 1) or '1type' as a synonym of type is deprecated; in a future version of numpy, it will be understood as (type, (1,)) / '(1,)type'.
  _np_quint8 = np.dtype([("quint8", np.uint8, 1)])
/home/zihan/anaconda3/envs/exp/lib/python3.6/site-packages/tensorboard/compat/tensorflow_stub/dtypes.py:543: FutureWarning: Passing (type, 1) or '1type' as a synonym of type is deprecated; in a future version of numpy, it will be understood as (type, (1,)) / '(1,)type'.
  _np_qint16 = np.dtype([("qint16", np.int16, 1)])
/home/zihan/anaconda3/envs/exp/lib/python3.6/site-packages/tensorboard/compat/tensorflow_stub/dtypes.py:544: FutureWarning: Passing (type, 1) or '1type' as a synonym of type is deprecated; in a future version of numpy, it will be understood as (type, (1,)) / '(1,)type'.
  _np_quint16 = np.dtype([("quint16", np.uint16, 1)])
/home/zihan/anaconda3/envs/exp/lib/python3.6/site-packages/tensorboard/compat/tensorflow_stub/dtypes.py:545: FutureWarning: Passing (type, 1) or '1type' as a synonym of type is deprecated; in a future version of numpy, it will be understood as (type, (1,)) / '(1,)type'.
  _np_qint32 = np.dtype([("qint32", np.int32, 1)])
/home/zihan/anaconda3/envs/exp/lib/python3.6/site-packages/tensorboard/compat/tensorflow_stub/dtypes.py:550: FutureWarning: Passing (type, 1) or '1type' as a synonym of type is deprecated; in a future version of numpy, it will be understood as (type, (1,)) / '(1,)type'.
  np_resource = np.dtype([("resource", np.ubyte, 1)])
Epoch: 01 | Batch: 000 | CrossEntropy-loss: 0.69891 | Correct: 631/1280
Epoch: 01 | Batch: 100 | CrossEntropy-loss: 0.68130 | Correct: 644/1280
Epoch: 01 | Batch: 200 | CrossEntropy-loss: 0.66556 | Correct: 760/1280
Epoch: 01 | Batch: 300 | CrossEntropy-loss: 0.64711 | Correct: 969/1280
Epoch: 01 | Batch: 400 | CrossEntropy-loss: 0.62915 | Correct: 946/1280
Epoch: 01 | Batch: 500 | CrossEntropy-loss: 0.60492 | Correct: 963/1280
Epoch: 01 | Batch: 600 | CrossEntropy-loss: 0.58613 | Correct: 959/1280
Epoch: 01 | Batch: 700 | CrossEntropy-loss: 0.55842 | Correct: 998/1280
Epoch: 01 | Batch: 800 | CrossEntropy-loss: 0.55001 | Correct: 953/1280
Epoch: 01 | Batch: 900 | CrossEntropy-loss: 0.53212 | Correct: 977/1280
Epoch: 01 | Batch: 1000 | CrossEntropy-loss: 0.51428 | Correct: 976/1280
Epoch: 01 | Batch: 1100 | CrossEntropy-loss: 0.49956 | Correct: 996/1280
Epoch: 01 | Batch: 1200 | CrossEntropy-loss: 0.49039 | Correct: 970/1280
Epoch: 01 | Batch: 1300 | CrossEntropy-loss: 0.48595 | Correct: 960/1280
Epoch: 01 | Batch: 1400 | CrossEntropy-loss: 0.47671 | Correct: 989/1280
Epoch: 01 | Batch: 1500 | CrossEntropy-loss: 0.45821 | Correct: 960/1280
Epoch: 01 | Batch: 1600 | CrossEntropy-loss: 0.45056 | Correct: 1000/1280
Epoch: 01 | Batch: 1700 | CrossEntropy-loss: 0.44593 | Correct: 984/1280
Epoch: 01 | Batch: 1800 | CrossEntropy-loss: 0.44301 | Correct: 967/1280
Epoch: 01 | Batch: 1900 | CrossEntropy-loss: 0.44325 | Correct: 940/1280
Epoch: 01 | Batch: 2000 | CrossEntropy-loss: 0.42082 | Correct: 973/1280
Epoch: 01 | Batch: 2100 | CrossEntropy-loss: 0.42351 | Correct: 959/1280
Epoch: 01 | Batch: 2200 | CrossEntropy-loss: 0.41892 | Correct: 960/1280
Epoch: 01 | Batch: 2300 | CrossEntropy-loss: 0.42169 | Correct: 955/1280
Epoch: 01 | Batch: 2400 | CrossEntropy-loss: 0.40742 | Correct: 962/1280
Epoch: 01 | Batch: 2500 | CrossEntropy-loss: 0.41130 | Correct: 964/1280
Epoch: 01 | Batch: 2600 | CrossEntropy-loss: 0.41067 | Correct: 981/1280
Epoch: 01 | Batch: 2700 | CrossEntropy-loss: 0.41382 | Correct: 952/1280
Epoch: 01 | Batch: 2800 | CrossEntropy-loss: 0.38263 | Correct: 980/1280
Epoch: 01 | Batch: 2900 | CrossEntropy-loss: 0.40036 | Correct: 966/1280
Epoch: 01 | Batch: 3000 | CrossEntropy-loss: 0.38968 | Correct: 984/1280

Epoch: 01 | Testing Accuracy: 756188/990020 (76.381%) | Historical Best: 76.381% 

Epoch: 02 | Batch: 000 | CrossEntropy-loss: 0.38733 | Correct: 975/1280
Epoch: 02 | Batch: 100 | CrossEntropy-loss: 0.38542 | Correct: 1000/1280
Epoch: 02 | Batch: 200 | CrossEntropy-loss: 0.37751 | Correct: 982/1280
Epoch: 02 | Batch: 300 | CrossEntropy-loss: 0.38186 | Correct: 973/1280
Epoch: 02 | Batch: 400 | CrossEntropy-loss: 0.37796 | Correct: 982/1280
Epoch: 02 | Batch: 500 | CrossEntropy-loss: 0.38002 | Correct: 965/1280
Epoch: 02 | Batch: 600 | CrossEntropy-loss: 0.37603 | Correct: 966/1280
Epoch: 02 | Batch: 700 | CrossEntropy-loss: 0.36939 | Correct: 996/1280
Epoch: 02 | Batch: 800 | CrossEntropy-loss: 0.36882 | Correct: 964/1280
Epoch: 02 | Batch: 900 | CrossEntropy-loss: 0.39157 | Correct: 976/1280
Epoch: 02 | Batch: 1000 | CrossEntropy-loss: 0.37039 | Correct: 993/1280
Epoch: 02 | Batch: 1100 | CrossEntropy-loss: 0.36541 | Correct: 960/1280
Epoch: 02 | Batch: 1200 | CrossEntropy-loss: 0.36076 | Correct: 986/1280
Epoch: 02 | Batch: 1300 | CrossEntropy-loss: 0.36007 | Correct: 964/1280
Epoch: 02 | Batch: 1400 | CrossEntropy-loss: 0.36551 | Correct: 973/1280
Epoch: 02 | Batch: 1500 | CrossEntropy-loss: 0.35548 | Correct: 991/1280
Epoch: 02 | Batch: 1600 | CrossEntropy-loss: 0.35821 | Correct: 1014/1280
Epoch: 02 | Batch: 1700 | CrossEntropy-loss: 0.35628 | Correct: 971/1280
Epoch: 02 | Batch: 1800 | CrossEntropy-loss: 0.34229 | Correct: 997/1280
Epoch: 02 | Batch: 1900 | CrossEntropy-loss: 0.36431 | Correct: 946/1280
Epoch: 02 | Batch: 2000 | CrossEntropy-loss: 0.34928 | Correct: 1000/1280
Epoch: 02 | Batch: 2100 | CrossEntropy-loss: 0.35847 | Correct: 973/1280
Epoch: 02 | Batch: 2200 | CrossEntropy-loss: 0.35670 | Correct: 991/1280
Epoch: 02 | Batch: 2300 | CrossEntropy-loss: 0.34294 | Correct: 983/1280
Epoch: 02 | Batch: 2400 | CrossEntropy-loss: 0.33886 | Correct: 1002/1280
Epoch: 02 | Batch: 2500 | CrossEntropy-loss: 0.33209 | Correct: 977/1280
Epoch: 02 | Batch: 2600 | CrossEntropy-loss: 0.34177 | Correct: 992/1280
Epoch: 02 | Batch: 2700 | CrossEntropy-loss: 0.34349 | Correct: 991/1280
Epoch: 02 | Batch: 2800 | CrossEntropy-loss: 0.35469 | Correct: 1001/1280
Epoch: 02 | Batch: 2900 | CrossEntropy-loss: 0.35476 | Correct: 975/1280
Epoch: 02 | Batch: 3000 | CrossEntropy-loss: 0.34426 | Correct: 994/1280

Epoch: 02 | Testing Accuracy: 761408/990020 (76.908%) | Historical Best: 76.908% 

Epoch: 03 | Batch: 000 | CrossEntropy-loss: 0.35990 | Correct: 996/1280
Epoch: 03 | Batch: 100 | CrossEntropy-loss: 0.34759 | Correct: 979/1280
Epoch: 03 | Batch: 200 | CrossEntropy-loss: 0.34151 | Correct: 1004/1280
Epoch: 03 | Batch: 300 | CrossEntropy-loss: 0.33532 | Correct: 976/1280
Epoch: 03 | Batch: 400 | CrossEntropy-loss: 0.34086 | Correct: 996/1280
Epoch: 03 | Batch: 500 | CrossEntropy-loss: 0.33994 | Correct: 976/1280
Epoch: 03 | Batch: 600 | CrossEntropy-loss: 0.34107 | Correct: 972/1280
Epoch: 03 | Batch: 700 | CrossEntropy-loss: 0.33781 | Correct: 987/1280
Epoch: 03 | Batch: 800 | CrossEntropy-loss: 0.33046 | Correct: 988/1280
Epoch: 03 | Batch: 900 | CrossEntropy-loss: 0.34473 | Correct: 971/1280
Epoch: 03 | Batch: 1000 | CrossEntropy-loss: 0.33006 | Correct: 1001/1280
Epoch: 03 | Batch: 1100 | CrossEntropy-loss: 0.32983 | Correct: 991/1280
Epoch: 03 | Batch: 1200 | CrossEntropy-loss: 0.32414 | Correct: 989/1280
Epoch: 03 | Batch: 1300 | CrossEntropy-loss: 0.33840 | Correct: 976/1280
Epoch: 03 | Batch: 1400 | CrossEntropy-loss: 0.33300 | Correct: 991/1280
Epoch: 03 | Batch: 1500 | CrossEntropy-loss: 0.34521 | Correct: 963/1280
Epoch: 03 | Batch: 1600 | CrossEntropy-loss: 0.33136 | Correct: 969/1280
Epoch: 03 | Batch: 1700 | CrossEntropy-loss: 0.32376 | Correct: 986/1280
Epoch: 03 | Batch: 1800 | CrossEntropy-loss: 0.33211 | Correct: 983/1280
Epoch: 03 | Batch: 1900 | CrossEntropy-loss: 0.34034 | Correct: 980/1280
Epoch: 03 | Batch: 2000 | CrossEntropy-loss: 0.35548 | Correct: 969/1280
Epoch: 03 | Batch: 2100 | CrossEntropy-loss: 0.32462 | Correct: 978/1280
Epoch: 03 | Batch: 2200 | CrossEntropy-loss: 0.35275 | Correct: 956/1280
Epoch: 03 | Batch: 2300 | CrossEntropy-loss: 0.31968 | Correct: 986/1280
Epoch: 03 | Batch: 2400 | CrossEntropy-loss: 0.31992 | Correct: 984/1280
Epoch: 03 | Batch: 2500 | CrossEntropy-loss: 0.32648 | Correct: 984/1280
Epoch: 03 | Batch: 2600 | CrossEntropy-loss: 0.34126 | Correct: 961/1280
Epoch: 03 | Batch: 2700 | CrossEntropy-loss: 0.36138 | Correct: 967/1280
Epoch: 03 | Batch: 2800 | CrossEntropy-loss: 0.33133 | Correct: 991/1280
Epoch: 03 | Batch: 2900 | CrossEntropy-loss: 0.32400 | Correct: 987/1280
Epoch: 03 | Batch: 3000 | CrossEntropy-loss: 0.33629 | Correct: 976/1280

Epoch: 03 | Testing Accuracy: 756179/990020 (76.380%) | Historical Best: 76.908% 

Epoch: 04 | Batch: 000 | CrossEntropy-loss: 0.36106 | Correct: 943/1280
Epoch: 04 | Batch: 100 | CrossEntropy-loss: 0.32868 | Correct: 975/1280
Epoch: 04 | Batch: 200 | CrossEntropy-loss: 0.32679 | Correct: 979/1280
Epoch: 04 | Batch: 300 | CrossEntropy-loss: 0.33060 | Correct: 955/1280
Epoch: 04 | Batch: 400 | CrossEntropy-loss: 0.34157 | Correct: 970/1280
Epoch: 04 | Batch: 500 | CrossEntropy-loss: 0.32556 | Correct: 996/1280
Epoch: 04 | Batch: 600 | CrossEntropy-loss: 0.33252 | Correct: 968/1280
Epoch: 04 | Batch: 700 | CrossEntropy-loss: 0.32329 | Correct: 1007/1280
Epoch: 04 | Batch: 800 | CrossEntropy-loss: 0.35545 | Correct: 939/1280
Epoch: 04 | Batch: 900 | CrossEntropy-loss: 0.32548 | Correct: 973/1280
Epoch: 04 | Batch: 1000 | CrossEntropy-loss: 0.33271 | Correct: 962/1280
Epoch: 04 | Batch: 1100 | CrossEntropy-loss: 0.33856 | Correct: 994/1280
Epoch: 04 | Batch: 1200 | CrossEntropy-loss: 0.33153 | Correct: 986/1280
Epoch: 04 | Batch: 1300 | CrossEntropy-loss: 0.32484 | Correct: 981/1280
Epoch: 04 | Batch: 1400 | CrossEntropy-loss: 0.33008 | Correct: 980/1280
Epoch: 04 | Batch: 1500 | CrossEntropy-loss: 0.31192 | Correct: 1011/1280
Epoch: 04 | Batch: 1600 | CrossEntropy-loss: 0.30953 | Correct: 994/1280
Epoch: 04 | Batch: 1700 | CrossEntropy-loss: 0.32787 | Correct: 985/1280
Epoch: 04 | Batch: 1800 | CrossEntropy-loss: 0.33465 | Correct: 961/1280
Epoch: 04 | Batch: 1900 | CrossEntropy-loss: 0.32581 | Correct: 980/1280
Epoch: 04 | Batch: 2000 | CrossEntropy-loss: 0.31836 | Correct: 997/1280
Epoch: 04 | Batch: 2100 | CrossEntropy-loss: 0.32759 | Correct: 986/1280
Epoch: 04 | Batch: 2200 | CrossEntropy-loss: 0.34050 | Correct: 951/1280
Epoch: 04 | Batch: 2300 | CrossEntropy-loss: 0.32537 | Correct: 965/1280
Epoch: 04 | Batch: 2400 | CrossEntropy-loss: 0.32475 | Correct: 999/1280
Epoch: 04 | Batch: 2500 | CrossEntropy-loss: 0.30945 | Correct: 986/1280
Epoch: 04 | Batch: 2600 | CrossEntropy-loss: 0.31515 | Correct: 990/1280
Epoch: 04 | Batch: 2700 | CrossEntropy-loss: 0.31000 | Correct: 994/1280
Epoch: 04 | Batch: 2800 | CrossEntropy-loss: 0.31273 | Correct: 993/1280
Epoch: 04 | Batch: 2900 | CrossEntropy-loss: 0.33510 | Correct: 969/1280
Epoch: 04 | Batch: 3000 | CrossEntropy-loss: 0.31203 | Correct: 970/1280

Epoch: 04 | Testing Accuracy: 761877/990020 (76.956%) | Historical Best: 76.956% 

Epoch: 05 | Batch: 000 | CrossEntropy-loss: 0.30977 | Correct: 1009/1280
Epoch: 05 | Batch: 100 | CrossEntropy-loss: 0.31743 | Correct: 959/1280
Epoch: 05 | Batch: 200 | CrossEntropy-loss: 0.33402 | Correct: 988/1280
Epoch: 05 | Batch: 300 | CrossEntropy-loss: 0.32246 | Correct: 985/1280
Epoch: 05 | Batch: 400 | CrossEntropy-loss: 0.31565 | Correct: 1000/1280
Epoch: 05 | Batch: 500 | CrossEntropy-loss: 0.32153 | Correct: 984/1280
Epoch: 05 | Batch: 600 | CrossEntropy-loss: 0.31296 | Correct: 986/1280
Epoch: 05 | Batch: 700 | CrossEntropy-loss: 0.30317 | Correct: 996/1280
Epoch: 05 | Batch: 800 | CrossEntropy-loss: 0.30318 | Correct: 1011/1280
Epoch: 05 | Batch: 900 | CrossEntropy-loss: 0.33666 | Correct: 989/1280
Epoch: 05 | Batch: 1000 | CrossEntropy-loss: 0.33189 | Correct: 957/1280
Epoch: 05 | Batch: 1100 | CrossEntropy-loss: 0.31849 | Correct: 982/1280
Epoch: 05 | Batch: 1200 | CrossEntropy-loss: 0.32539 | Correct: 973/1280
Epoch: 05 | Batch: 1300 | CrossEntropy-loss: 0.32770 | Correct: 984/1280
Epoch: 05 | Batch: 1400 | CrossEntropy-loss: 0.32074 | Correct: 991/1280
Epoch: 05 | Batch: 1500 | CrossEntropy-loss: 0.33452 | Correct: 975/1280
Epoch: 05 | Batch: 1600 | CrossEntropy-loss: 0.30584 | Correct: 1012/1280
Epoch: 05 | Batch: 1700 | CrossEntropy-loss: 0.31410 | Correct: 996/1280
Epoch: 05 | Batch: 1800 | CrossEntropy-loss: 0.31590 | Correct: 971/1280
Epoch: 05 | Batch: 1900 | CrossEntropy-loss: 0.30371 | Correct: 996/1280
Epoch: 05 | Batch: 2000 | CrossEntropy-loss: 0.33184 | Correct: 993/1280
Epoch: 05 | Batch: 2100 | CrossEntropy-loss: 0.31800 | Correct: 980/1280
Epoch: 05 | Batch: 2200 | CrossEntropy-loss: 0.30670 | Correct: 985/1280
Epoch: 05 | Batch: 2300 | CrossEntropy-loss: 0.31016 | Correct: 1016/1280
Epoch: 05 | Batch: 2400 | CrossEntropy-loss: 0.31789 | Correct: 969/1280
Epoch: 05 | Batch: 2500 | CrossEntropy-loss: 0.31506 | Correct: 986/1280
Epoch: 05 | Batch: 2600 | CrossEntropy-loss: 0.31329 | Correct: 1013/1280
Epoch: 05 | Batch: 2700 | CrossEntropy-loss: 0.30664 | Correct: 997/1280
Epoch: 05 | Batch: 2800 | CrossEntropy-loss: 0.32209 | Correct: 952/1280
Epoch: 05 | Batch: 2900 | CrossEntropy-loss: 0.31222 | Correct: 980/1280
Epoch: 05 | Batch: 3000 | CrossEntropy-loss: 0.31418 | Correct: 996/1280

Epoch: 05 | Testing Accuracy: 769940/990020 (77.770%) | Historical Best: 77.770% 

Epoch: 06 | Batch: 000 | CrossEntropy-loss: 0.31909 | Correct: 998/1280
Epoch: 06 | Batch: 100 | CrossEntropy-loss: 0.32227 | Correct: 972/1280
Epoch: 06 | Batch: 200 | CrossEntropy-loss: 0.29789 | Correct: 997/1280
Epoch: 06 | Batch: 300 | CrossEntropy-loss: 0.30702 | Correct: 977/1280
Epoch: 06 | Batch: 400 | CrossEntropy-loss: 0.29874 | Correct: 1018/1280
Epoch: 06 | Batch: 500 | CrossEntropy-loss: 0.29857 | Correct: 994/1280
Epoch: 06 | Batch: 600 | CrossEntropy-loss: 0.30979 | Correct: 984/1280
Epoch: 06 | Batch: 700 | CrossEntropy-loss: 0.30446 | Correct: 999/1280
Epoch: 06 | Batch: 800 | CrossEntropy-loss: 0.32376 | Correct: 983/1280
Epoch: 06 | Batch: 900 | CrossEntropy-loss: 0.31847 | Correct: 995/1280
Epoch: 06 | Batch: 1000 | CrossEntropy-loss: 0.32899 | Correct: 997/1280
Epoch: 06 | Batch: 1100 | CrossEntropy-loss: 0.31112 | Correct: 968/1280
Epoch: 06 | Batch: 1200 | CrossEntropy-loss: 0.29164 | Correct: 1008/1280
Epoch: 06 | Batch: 1300 | CrossEntropy-loss: 0.32729 | Correct: 973/1280
Epoch: 06 | Batch: 1400 | CrossEntropy-loss: 0.30144 | Correct: 995/1280
Epoch: 06 | Batch: 1500 | CrossEntropy-loss: 0.30827 | Correct: 1003/1280
Epoch: 06 | Batch: 1600 | CrossEntropy-loss: 0.29934 | Correct: 998/1280
Epoch: 06 | Batch: 1700 | CrossEntropy-loss: 0.31584 | Correct: 995/1280
Epoch: 06 | Batch: 1800 | CrossEntropy-loss: 0.29551 | Correct: 1004/1280
Epoch: 06 | Batch: 1900 | CrossEntropy-loss: 0.31354 | Correct: 994/1280
Epoch: 06 | Batch: 2000 | CrossEntropy-loss: 0.29341 | Correct: 1015/1280
Epoch: 06 | Batch: 2100 | CrossEntropy-loss: 0.29964 | Correct: 1010/1280
Epoch: 06 | Batch: 2200 | CrossEntropy-loss: 0.29782 | Correct: 1017/1280
Epoch: 06 | Batch: 2300 | CrossEntropy-loss: 0.30144 | Correct: 993/1280
Epoch: 06 | Batch: 2400 | CrossEntropy-loss: 0.29420 | Correct: 1007/1280
Epoch: 06 | Batch: 2500 | CrossEntropy-loss: 0.32678 | Correct: 983/1280
Epoch: 06 | Batch: 2600 | CrossEntropy-loss: 0.28977 | Correct: 1023/1280
Epoch: 06 | Batch: 2700 | CrossEntropy-loss: 0.31013 | Correct: 1003/1280
Epoch: 06 | Batch: 2800 | CrossEntropy-loss: 0.30538 | Correct: 1022/1280
Epoch: 06 | Batch: 2900 | CrossEntropy-loss: 0.31084 | Correct: 1015/1280
Epoch: 06 | Batch: 3000 | CrossEntropy-loss: 0.30457 | Correct: 1015/1280

Epoch: 06 | Testing Accuracy: 776460/990020 (78.429%) | Historical Best: 78.429% 

Epoch: 07 | Batch: 000 | CrossEntropy-loss: 0.31534 | Correct: 973/1280
Epoch: 07 | Batch: 100 | CrossEntropy-loss: 0.30390 | Correct: 1016/1280
Epoch: 07 | Batch: 200 | CrossEntropy-loss: 0.30956 | Correct: 1015/1280
Epoch: 07 | Batch: 300 | CrossEntropy-loss: 0.30584 | Correct: 1007/1280
Epoch: 07 | Batch: 400 | CrossEntropy-loss: 0.31070 | Correct: 1001/1280
Epoch: 07 | Batch: 500 | CrossEntropy-loss: 0.30498 | Correct: 1005/1280
Epoch: 07 | Batch: 600 | CrossEntropy-loss: 0.31630 | Correct: 989/1280
Epoch: 07 | Batch: 700 | CrossEntropy-loss: 0.32116 | Correct: 997/1280
Epoch: 07 | Batch: 800 | CrossEntropy-loss: 0.30715 | Correct: 995/1280
Epoch: 07 | Batch: 900 | CrossEntropy-loss: 0.30461 | Correct: 1011/1280
Epoch: 07 | Batch: 1000 | CrossEntropy-loss: 0.30421 | Correct: 996/1280
Epoch: 07 | Batch: 1100 | CrossEntropy-loss: 0.29391 | Correct: 1002/1280
Epoch: 07 | Batch: 1200 | CrossEntropy-loss: 0.30711 | Correct: 1018/1280
Epoch: 07 | Batch: 1300 | CrossEntropy-loss: 0.30909 | Correct: 1014/1280
Epoch: 07 | Batch: 1400 | CrossEntropy-loss: 0.30287 | Correct: 1001/1280
Epoch: 07 | Batch: 1500 | CrossEntropy-loss: 0.29641 | Correct: 1026/1280
Epoch: 07 | Batch: 1600 | CrossEntropy-loss: 0.29608 | Correct: 1028/1280
Epoch: 07 | Batch: 1700 | CrossEntropy-loss: 0.30294 | Correct: 1001/1280
Epoch: 07 | Batch: 1800 | CrossEntropy-loss: 0.29628 | Correct: 1032/1280
Epoch: 07 | Batch: 1900 | CrossEntropy-loss: 0.30843 | Correct: 972/1280
Epoch: 07 | Batch: 2000 | CrossEntropy-loss: 0.29895 | Correct: 1040/1280
Epoch: 07 | Batch: 2100 | CrossEntropy-loss: 0.28904 | Correct: 1000/1280
Epoch: 07 | Batch: 2200 | CrossEntropy-loss: 0.29367 | Correct: 1007/1280
Epoch: 07 | Batch: 2300 | CrossEntropy-loss: 0.31822 | Correct: 975/1280
Epoch: 07 | Batch: 2400 | CrossEntropy-loss: 0.29493 | Correct: 1019/1280
Epoch: 07 | Batch: 2500 | CrossEntropy-loss: 0.29098 | Correct: 1012/1280
Epoch: 07 | Batch: 2600 | CrossEntropy-loss: 0.30688 | Correct: 991/1280
Epoch: 07 | Batch: 2700 | CrossEntropy-loss: 0.29560 | Correct: 1030/1280
Epoch: 07 | Batch: 2800 | CrossEntropy-loss: 0.30893 | Correct: 1004/1280
Epoch: 07 | Batch: 2900 | CrossEntropy-loss: 0.29676 | Correct: 1021/1280
Epoch: 07 | Batch: 3000 | CrossEntropy-loss: 0.28233 | Correct: 1011/1280

Epoch: 07 | Testing Accuracy: 777034/990020 (78.487%) | Historical Best: 78.487% 

Epoch: 08 | Batch: 000 | CrossEntropy-loss: 0.29608 | Correct: 982/1280
Epoch: 08 | Batch: 100 | CrossEntropy-loss: 0.30263 | Correct: 1000/1280
Epoch: 08 | Batch: 200 | CrossEntropy-loss: 0.29117 | Correct: 987/1280
Epoch: 08 | Batch: 300 | CrossEntropy-loss: 0.29833 | Correct: 987/1280
Epoch: 08 | Batch: 400 | CrossEntropy-loss: 0.30507 | Correct: 976/1280
Epoch: 08 | Batch: 500 | CrossEntropy-loss: 0.29917 | Correct: 1002/1280
Epoch: 08 | Batch: 600 | CrossEntropy-loss: 0.29454 | Correct: 997/1280
Epoch: 08 | Batch: 700 | CrossEntropy-loss: 0.30092 | Correct: 988/1280
Epoch: 08 | Batch: 800 | CrossEntropy-loss: 0.30831 | Correct: 1003/1280
Epoch: 08 | Batch: 900 | CrossEntropy-loss: 0.30676 | Correct: 1006/1280
Epoch: 08 | Batch: 1000 | CrossEntropy-loss: 0.29076 | Correct: 974/1280
Epoch: 08 | Batch: 1100 | CrossEntropy-loss: 0.30146 | Correct: 985/1280
Epoch: 08 | Batch: 1200 | CrossEntropy-loss: 0.30053 | Correct: 986/1280
Epoch: 08 | Batch: 1300 | CrossEntropy-loss: 0.31355 | Correct: 994/1280
Epoch: 08 | Batch: 1400 | CrossEntropy-loss: 0.29662 | Correct: 991/1280
Epoch: 08 | Batch: 1500 | CrossEntropy-loss: 0.30854 | Correct: 1007/1280
Epoch: 08 | Batch: 1600 | CrossEntropy-loss: 0.31342 | Correct: 987/1280
Epoch: 08 | Batch: 1700 | CrossEntropy-loss: 0.28808 | Correct: 1007/1280
Epoch: 08 | Batch: 1800 | CrossEntropy-loss: 0.29848 | Correct: 985/1280
Epoch: 08 | Batch: 1900 | CrossEntropy-loss: 0.29675 | Correct: 981/1280
Epoch: 08 | Batch: 2000 | CrossEntropy-loss: 0.29755 | Correct: 1003/1280
Epoch: 08 | Batch: 2100 | CrossEntropy-loss: 0.28990 | Correct: 1006/1280
Epoch: 08 | Batch: 2200 | CrossEntropy-loss: 0.27068 | Correct: 1025/1280
Epoch: 08 | Batch: 2300 | CrossEntropy-loss: 0.28903 | Correct: 980/1280
Epoch: 08 | Batch: 2400 | CrossEntropy-loss: 0.28641 | Correct: 1029/1280
Epoch: 08 | Batch: 2500 | CrossEntropy-loss: 0.28699 | Correct: 1009/1280
Epoch: 08 | Batch: 2600 | CrossEntropy-loss: 0.30945 | Correct: 973/1280
Epoch: 08 | Batch: 2700 | CrossEntropy-loss: 0.30519 | Correct: 993/1280
Epoch: 08 | Batch: 2800 | CrossEntropy-loss: 0.28359 | Correct: 999/1280
Epoch: 08 | Batch: 2900 | CrossEntropy-loss: 0.29279 | Correct: 1017/1280
Epoch: 08 | Batch: 3000 | CrossEntropy-loss: 0.28241 | Correct: 996/1280

Epoch: 08 | Testing Accuracy: 764844/990020 (77.255%) | Historical Best: 78.487% 

Epoch: 09 | Batch: 000 | CrossEntropy-loss: 0.28533 | Correct: 1000/1280
Epoch: 09 | Batch: 100 | CrossEntropy-loss: 0.29068 | Correct: 980/1280
Epoch: 09 | Batch: 200 | CrossEntropy-loss: 0.30309 | Correct: 1013/1280
Epoch: 09 | Batch: 300 | CrossEntropy-loss: 0.29436 | Correct: 996/1280
Epoch: 09 | Batch: 400 | CrossEntropy-loss: 0.28843 | Correct: 1002/1280
Epoch: 09 | Batch: 500 | CrossEntropy-loss: 0.28583 | Correct: 1007/1280
Epoch: 09 | Batch: 600 | CrossEntropy-loss: 0.29178 | Correct: 994/1280
Epoch: 09 | Batch: 700 | CrossEntropy-loss: 0.29380 | Correct: 966/1280
Epoch: 09 | Batch: 800 | CrossEntropy-loss: 0.29012 | Correct: 1012/1280
Epoch: 09 | Batch: 900 | CrossEntropy-loss: 0.29896 | Correct: 981/1280
Epoch: 09 | Batch: 1000 | CrossEntropy-loss: 0.28650 | Correct: 988/1280
Epoch: 09 | Batch: 1100 | CrossEntropy-loss: 0.28344 | Correct: 1012/1280
Epoch: 09 | Batch: 1200 | CrossEntropy-loss: 0.29269 | Correct: 997/1280
Epoch: 09 | Batch: 1300 | CrossEntropy-loss: 0.28633 | Correct: 980/1280
Epoch: 09 | Batch: 1400 | CrossEntropy-loss: 0.28814 | Correct: 995/1280
Epoch: 09 | Batch: 1500 | CrossEntropy-loss: 0.30225 | Correct: 971/1280
Epoch: 09 | Batch: 1600 | CrossEntropy-loss: 0.29604 | Correct: 973/1280
Epoch: 09 | Batch: 1700 | CrossEntropy-loss: 0.28416 | Correct: 1029/1280
Epoch: 09 | Batch: 1800 | CrossEntropy-loss: 0.30261 | Correct: 991/1280
Epoch: 09 | Batch: 1900 | CrossEntropy-loss: 0.29172 | Correct: 981/1280
Epoch: 09 | Batch: 2000 | CrossEntropy-loss: 0.28975 | Correct: 980/1280
Epoch: 09 | Batch: 2100 | CrossEntropy-loss: 0.29851 | Correct: 979/1280
Epoch: 09 | Batch: 2200 | CrossEntropy-loss: 0.29398 | Correct: 981/1280
Epoch: 09 | Batch: 2300 | CrossEntropy-loss: 0.30151 | Correct: 956/1280
Epoch: 09 | Batch: 2400 | CrossEntropy-loss: 0.28573 | Correct: 973/1280
Epoch: 09 | Batch: 2500 | CrossEntropy-loss: 0.28959 | Correct: 969/1280
Epoch: 09 | Batch: 2600 | CrossEntropy-loss: 0.29201 | Correct: 973/1280
Epoch: 09 | Batch: 2700 | CrossEntropy-loss: 0.30907 | Correct: 954/1280
Epoch: 09 | Batch: 2800 | CrossEntropy-loss: 0.29808 | Correct: 955/1280
Epoch: 09 | Batch: 2900 | CrossEntropy-loss: 0.27822 | Correct: 988/1280
Epoch: 09 | Batch: 3000 | CrossEntropy-loss: 0.27086 | Correct: 988/1280

Epoch: 09 | Testing Accuracy: 763273/990020 (77.097%) | Historical Best: 78.487% 

Epoch: 10 | Batch: 000 | CrossEntropy-loss: 0.30349 | Correct: 970/1280
Epoch: 10 | Batch: 100 | CrossEntropy-loss: 0.28712 | Correct: 997/1280
Epoch: 10 | Batch: 200 | CrossEntropy-loss: 0.30661 | Correct: 988/1280
Epoch: 10 | Batch: 300 | CrossEntropy-loss: 0.29082 | Correct: 962/1280
Epoch: 10 | Batch: 400 | CrossEntropy-loss: 0.29512 | Correct: 981/1280
Epoch: 10 | Batch: 500 | CrossEntropy-loss: 0.29263 | Correct: 997/1280
Epoch: 10 | Batch: 600 | CrossEntropy-loss: 0.28723 | Correct: 1013/1280
Epoch: 10 | Batch: 700 | CrossEntropy-loss: 0.28910 | Correct: 997/1280
Epoch: 10 | Batch: 800 | CrossEntropy-loss: 0.27462 | Correct: 997/1280
Epoch: 10 | Batch: 900 | CrossEntropy-loss: 0.29337 | Correct: 982/1280
Epoch: 10 | Batch: 1000 | CrossEntropy-loss: 0.28193 | Correct: 986/1280
Epoch: 10 | Batch: 1100 | CrossEntropy-loss: 0.28627 | Correct: 987/1280
Epoch: 10 | Batch: 1200 | CrossEntropy-loss: 0.27677 | Correct: 1006/1280
Epoch: 10 | Batch: 1300 | CrossEntropy-loss: 0.30715 | Correct: 961/1280
Epoch: 10 | Batch: 1400 | CrossEntropy-loss: 0.29490 | Correct: 959/1280
Epoch: 10 | Batch: 1500 | CrossEntropy-loss: 0.28496 | Correct: 967/1280
Epoch: 10 | Batch: 1600 | CrossEntropy-loss: 0.30546 | Correct: 973/1280
Epoch: 10 | Batch: 1700 | CrossEntropy-loss: 0.28561 | Correct: 999/1280
Epoch: 10 | Batch: 1800 | CrossEntropy-loss: 0.27897 | Correct: 964/1280
Epoch: 10 | Batch: 1900 | CrossEntropy-loss: 0.28948 | Correct: 982/1280
Epoch: 10 | Batch: 2000 | CrossEntropy-loss: 0.27486 | Correct: 993/1280
Epoch: 10 | Batch: 2100 | CrossEntropy-loss: 0.29260 | Correct: 997/1280
Epoch: 10 | Batch: 2200 | CrossEntropy-loss: 0.29295 | Correct: 987/1280
Epoch: 10 | Batch: 2300 | CrossEntropy-loss: 0.28087 | Correct: 994/1280
Epoch: 10 | Batch: 2400 | CrossEntropy-loss: 0.29685 | Correct: 960/1280
Epoch: 10 | Batch: 2500 | CrossEntropy-loss: 0.27141 | Correct: 993/1280
Epoch: 10 | Batch: 2600 | CrossEntropy-loss: 0.28213 | Correct: 974/1280
Epoch: 10 | Batch: 2700 | CrossEntropy-loss: 0.27410 | Correct: 1000/1280
Epoch: 10 | Batch: 2800 | CrossEntropy-loss: 0.26950 | Correct: 992/1280
Epoch: 10 | Batch: 2900 | CrossEntropy-loss: 0.29095 | Correct: 1001/1280
Epoch: 10 | Batch: 3000 | CrossEntropy-loss: 0.28070 | Correct: 1017/1280

Epoch: 10 | Testing Accuracy: 761711/990020 (76.939%) | Historical Best: 78.487% 

Epoch: 11 | Batch: 000 | CrossEntropy-loss: 0.28612 | Correct: 986/1280
Epoch: 11 | Batch: 100 | CrossEntropy-loss: 0.29024 | Correct: 987/1280
Epoch: 11 | Batch: 200 | CrossEntropy-loss: 0.29765 | Correct: 994/1280
Epoch: 11 | Batch: 300 | CrossEntropy-loss: 0.27155 | Correct: 988/1280
Epoch: 11 | Batch: 400 | CrossEntropy-loss: 0.28679 | Correct: 1002/1280
Epoch: 11 | Batch: 500 | CrossEntropy-loss: 0.29074 | Correct: 968/1280
Epoch: 11 | Batch: 600 | CrossEntropy-loss: 0.28018 | Correct: 1002/1280
Epoch: 11 | Batch: 700 | CrossEntropy-loss: 0.28683 | Correct: 979/1280
Epoch: 11 | Batch: 800 | CrossEntropy-loss: 0.28240 | Correct: 1006/1280
Epoch: 11 | Batch: 900 | CrossEntropy-loss: 0.29335 | Correct: 978/1280
Epoch: 11 | Batch: 1000 | CrossEntropy-loss: 0.27433 | Correct: 1004/1280
Epoch: 11 | Batch: 1100 | CrossEntropy-loss: 0.28401 | Correct: 1016/1280
Epoch: 11 | Batch: 1200 | CrossEntropy-loss: 0.28529 | Correct: 984/1280
Epoch: 11 | Batch: 1300 | CrossEntropy-loss: 0.29255 | Correct: 976/1280
Epoch: 11 | Batch: 1400 | CrossEntropy-loss: 0.29439 | Correct: 969/1280
Epoch: 11 | Batch: 1500 | CrossEntropy-loss: 0.28981 | Correct: 983/1280
Epoch: 11 | Batch: 1600 | CrossEntropy-loss: 0.29342 | Correct: 978/1280
Epoch: 11 | Batch: 1700 | CrossEntropy-loss: 0.28211 | Correct: 986/1280
Epoch: 11 | Batch: 1800 | CrossEntropy-loss: 0.27898 | Correct: 983/1280
Epoch: 11 | Batch: 1900 | CrossEntropy-loss: 0.26413 | Correct: 1011/1280
Epoch: 11 | Batch: 2000 | CrossEntropy-loss: 0.26383 | Correct: 995/1280
Epoch: 11 | Batch: 2100 | CrossEntropy-loss: 0.29394 | Correct: 977/1280
Epoch: 11 | Batch: 2200 | CrossEntropy-loss: 0.27931 | Correct: 1003/1280
Epoch: 11 | Batch: 2300 | CrossEntropy-loss: 0.29061 | Correct: 976/1280
Epoch: 11 | Batch: 2400 | CrossEntropy-loss: 0.27526 | Correct: 996/1280
Epoch: 11 | Batch: 2500 | CrossEntropy-loss: 0.29258 | Correct: 979/1280
Epoch: 11 | Batch: 2600 | CrossEntropy-loss: 0.28492 | Correct: 995/1280
Epoch: 11 | Batch: 2700 | CrossEntropy-loss: 0.29765 | Correct: 955/1280
Epoch: 11 | Batch: 2800 | CrossEntropy-loss: 0.29038 | Correct: 980/1280
Epoch: 11 | Batch: 2900 | CrossEntropy-loss: 0.27458 | Correct: 997/1280
Epoch: 11 | Batch: 3000 | CrossEntropy-loss: 0.29589 | Correct: 955/1280

Epoch: 11 | Testing Accuracy: 761106/990020 (76.878%) | Historical Best: 78.487% 

Epoch: 12 | Batch: 000 | CrossEntropy-loss: 0.29278 | Correct: 971/1280
Epoch: 12 | Batch: 100 | CrossEntropy-loss: 0.29288 | Correct: 984/1280
Epoch: 12 | Batch: 200 | CrossEntropy-loss: 0.28444 | Correct: 998/1280
Epoch: 12 | Batch: 300 | CrossEntropy-loss: 0.27265 | Correct: 994/1280
Epoch: 12 | Batch: 400 | CrossEntropy-loss: 0.27532 | Correct: 994/1280
Epoch: 12 | Batch: 500 | CrossEntropy-loss: 0.28271 | Correct: 952/1280
Epoch: 12 | Batch: 600 | CrossEntropy-loss: 0.28945 | Correct: 965/1280
Epoch: 12 | Batch: 700 | CrossEntropy-loss: 0.27023 | Correct: 997/1280
Epoch: 12 | Batch: 800 | CrossEntropy-loss: 0.28888 | Correct: 991/1280
Epoch: 12 | Batch: 900 | CrossEntropy-loss: 0.28271 | Correct: 994/1280
Epoch: 12 | Batch: 1000 | CrossEntropy-loss: 0.27476 | Correct: 1011/1280
Epoch: 12 | Batch: 1100 | CrossEntropy-loss: 0.27391 | Correct: 983/1280
Epoch: 12 | Batch: 1200 | CrossEntropy-loss: 0.29406 | Correct: 1002/1280
Epoch: 12 | Batch: 1300 | CrossEntropy-loss: 0.28100 | Correct: 967/1280
Epoch: 12 | Batch: 1400 | CrossEntropy-loss: 0.27070 | Correct: 989/1280
Epoch: 12 | Batch: 1500 | CrossEntropy-loss: 0.28200 | Correct: 978/1280
Epoch: 12 | Batch: 1600 | CrossEntropy-loss: 0.26526 | Correct: 1008/1280
Epoch: 12 | Batch: 1700 | CrossEntropy-loss: 0.28583 | Correct: 969/1280
Epoch: 12 | Batch: 1800 | CrossEntropy-loss: 0.27122 | Correct: 988/1280
Epoch: 12 | Batch: 1900 | CrossEntropy-loss: 0.27825 | Correct: 986/1280
Epoch: 12 | Batch: 2000 | CrossEntropy-loss: 0.27089 | Correct: 976/1280
Epoch: 12 | Batch: 2100 | CrossEntropy-loss: 0.27366 | Correct: 998/1280
Epoch: 12 | Batch: 2200 | CrossEntropy-loss: 0.28409 | Correct: 966/1280
Epoch: 12 | Batch: 2300 | CrossEntropy-loss: 0.26968 | Correct: 983/1280
Epoch: 12 | Batch: 2400 | CrossEntropy-loss: 0.26679 | Correct: 989/1280
Epoch: 12 | Batch: 2500 | CrossEntropy-loss: 0.27432 | Correct: 1000/1280
Epoch: 12 | Batch: 2600 | CrossEntropy-loss: 0.26872 | Correct: 987/1280
Epoch: 12 | Batch: 2700 | CrossEntropy-loss: 0.27036 | Correct: 1023/1280
Epoch: 12 | Batch: 2800 | CrossEntropy-loss: 0.27807 | Correct: 1002/1280
Epoch: 12 | Batch: 2900 | CrossEntropy-loss: 0.28114 | Correct: 995/1280
Epoch: 12 | Batch: 3000 | CrossEntropy-loss: 0.28409 | Correct: 978/1280

Epoch: 12 | Testing Accuracy: 761664/990020 (76.934%) | Historical Best: 78.487% 

Epoch: 13 | Batch: 000 | CrossEntropy-loss: 0.27978 | Correct: 1010/1280
Epoch: 13 | Batch: 100 | CrossEntropy-loss: 0.27604 | Correct: 981/1280
Epoch: 13 | Batch: 200 | CrossEntropy-loss: 0.27095 | Correct: 987/1280
Epoch: 13 | Batch: 300 | CrossEntropy-loss: 0.27587 | Correct: 1004/1280
Epoch: 13 | Batch: 400 | CrossEntropy-loss: 0.26376 | Correct: 992/1280
Epoch: 13 | Batch: 500 | CrossEntropy-loss: 0.26181 | Correct: 981/1280
Epoch: 13 | Batch: 600 | CrossEntropy-loss: 0.28468 | Correct: 988/1280
Epoch: 13 | Batch: 700 | CrossEntropy-loss: 0.27934 | Correct: 1001/1280
Epoch: 13 | Batch: 800 | CrossEntropy-loss: 0.27288 | Correct: 996/1280
Epoch: 13 | Batch: 900 | CrossEntropy-loss: 0.28546 | Correct: 986/1280
Epoch: 13 | Batch: 1000 | CrossEntropy-loss: 0.28079 | Correct: 996/1280
Epoch: 13 | Batch: 1100 | CrossEntropy-loss: 0.28750 | Correct: 971/1280
Epoch: 13 | Batch: 1200 | CrossEntropy-loss: 0.27820 | Correct: 1002/1280
Epoch: 13 | Batch: 1300 | CrossEntropy-loss: 0.28228 | Correct: 995/1280
Epoch: 13 | Batch: 1400 | CrossEntropy-loss: 0.27340 | Correct: 977/1280
Epoch: 13 | Batch: 1500 | CrossEntropy-loss: 0.27151 | Correct: 994/1280
Epoch: 13 | Batch: 1600 | CrossEntropy-loss: 0.28370 | Correct: 992/1280
Epoch: 13 | Batch: 1700 | CrossEntropy-loss: 0.27094 | Correct: 1006/1280
Epoch: 13 | Batch: 1800 | CrossEntropy-loss: 0.28102 | Correct: 980/1280
Epoch: 13 | Batch: 1900 | CrossEntropy-loss: 0.27308 | Correct: 965/1280
Epoch: 13 | Batch: 2000 | CrossEntropy-loss: 0.27153 | Correct: 994/1280
Epoch: 13 | Batch: 2100 | CrossEntropy-loss: 0.27561 | Correct: 989/1280
Epoch: 13 | Batch: 2200 | CrossEntropy-loss: 0.27909 | Correct: 973/1280
Epoch: 13 | Batch: 2300 | CrossEntropy-loss: 0.28686 | Correct: 973/1280
Epoch: 13 | Batch: 2400 | CrossEntropy-loss: 0.27191 | Correct: 996/1280
Epoch: 13 | Batch: 2500 | CrossEntropy-loss: 0.26754 | Correct: 990/1280
Epoch: 13 | Batch: 2600 | CrossEntropy-loss: 0.28140 | Correct: 992/1280
Epoch: 13 | Batch: 2700 | CrossEntropy-loss: 0.26620 | Correct: 1025/1280
Epoch: 13 | Batch: 2800 | CrossEntropy-loss: 0.28335 | Correct: 993/1280
Epoch: 13 | Batch: 2900 | CrossEntropy-loss: 0.27369 | Correct: 975/1280
Epoch: 13 | Batch: 3000 | CrossEntropy-loss: 0.28017 | Correct: 1009/1280

Epoch: 13 | Testing Accuracy: 763308/990020 (77.100%) | Historical Best: 78.487% 

Epoch: 14 | Batch: 000 | CrossEntropy-loss: 0.27598 | Correct: 977/1280
Epoch: 14 | Batch: 100 | CrossEntropy-loss: 0.28178 | Correct: 972/1280
Epoch: 14 | Batch: 200 | CrossEntropy-loss: 0.27773 | Correct: 995/1280
Epoch: 14 | Batch: 300 | CrossEntropy-loss: 0.26237 | Correct: 1022/1280
Epoch: 14 | Batch: 400 | CrossEntropy-loss: 0.27891 | Correct: 980/1280
Epoch: 14 | Batch: 500 | CrossEntropy-loss: 0.26026 | Correct: 1001/1280
Epoch: 14 | Batch: 600 | CrossEntropy-loss: 0.28126 | Correct: 971/1280
Epoch: 14 | Batch: 700 | CrossEntropy-loss: 0.27183 | Correct: 975/1280
Epoch: 14 | Batch: 800 | CrossEntropy-loss: 0.27168 | Correct: 975/1280
Epoch: 14 | Batch: 900 | CrossEntropy-loss: 0.27789 | Correct: 993/1280
Epoch: 14 | Batch: 1000 | CrossEntropy-loss: 0.27410 | Correct: 978/1280
Epoch: 14 | Batch: 1100 | CrossEntropy-loss: 0.25698 | Correct: 1008/1280
Epoch: 14 | Batch: 1200 | CrossEntropy-loss: 0.27833 | Correct: 974/1280
Epoch: 14 | Batch: 1300 | CrossEntropy-loss: 0.28632 | Correct: 965/1280
Epoch: 14 | Batch: 1400 | CrossEntropy-loss: 0.28503 | Correct: 986/1280
Epoch: 14 | Batch: 1500 | CrossEntropy-loss: 0.26405 | Correct: 981/1280
Epoch: 14 | Batch: 1600 | CrossEntropy-loss: 0.28653 | Correct: 995/1280
Epoch: 14 | Batch: 1700 | CrossEntropy-loss: 0.27741 | Correct: 997/1280
Epoch: 14 | Batch: 1800 | CrossEntropy-loss: 0.28865 | Correct: 981/1280
Epoch: 14 | Batch: 1900 | CrossEntropy-loss: 0.27817 | Correct: 986/1280
Epoch: 14 | Batch: 2000 | CrossEntropy-loss: 0.26742 | Correct: 1003/1280
Epoch: 14 | Batch: 2100 | CrossEntropy-loss: 0.25945 | Correct: 1030/1280
Epoch: 14 | Batch: 2200 | CrossEntropy-loss: 0.28045 | Correct: 984/1280
Epoch: 14 | Batch: 2300 | CrossEntropy-loss: 0.27983 | Correct: 961/1280
Epoch: 14 | Batch: 2400 | CrossEntropy-loss: 0.28917 | Correct: 985/1280
Epoch: 14 | Batch: 2500 | CrossEntropy-loss: 0.28449 | Correct: 997/1280
Epoch: 14 | Batch: 2600 | CrossEntropy-loss: 0.27617 | Correct: 964/1280
Epoch: 14 | Batch: 2700 | CrossEntropy-loss: 0.27334 | Correct: 1001/1280
Epoch: 14 | Batch: 2800 | CrossEntropy-loss: 0.25624 | Correct: 1008/1280
Epoch: 14 | Batch: 2900 | CrossEntropy-loss: 0.26804 | Correct: 991/1280
Epoch: 14 | Batch: 3000 | CrossEntropy-loss: 0.28260 | Correct: 981/1280

Epoch: 14 | Testing Accuracy: 766633/990020 (77.436%) | Historical Best: 78.487% 

Epoch: 15 | Batch: 000 | CrossEntropy-loss: 0.27745 | Correct: 996/1280
Epoch: 15 | Batch: 100 | CrossEntropy-loss: 0.26302 | Correct: 1016/1280
Epoch: 15 | Batch: 200 | CrossEntropy-loss: 0.27815 | Correct: 985/1280
Epoch: 15 | Batch: 300 | CrossEntropy-loss: 0.27010 | Correct: 993/1280
Epoch: 15 | Batch: 400 | CrossEntropy-loss: 0.27590 | Correct: 971/1280
Epoch: 15 | Batch: 500 | CrossEntropy-loss: 0.27143 | Correct: 1019/1280
Epoch: 15 | Batch: 600 | CrossEntropy-loss: 0.26240 | Correct: 1010/1280
Epoch: 15 | Batch: 700 | CrossEntropy-loss: 0.27253 | Correct: 987/1280
Epoch: 15 | Batch: 800 | CrossEntropy-loss: 0.26209 | Correct: 983/1280
Epoch: 15 | Batch: 900 | CrossEntropy-loss: 0.27077 | Correct: 994/1280
Epoch: 15 | Batch: 1000 | CrossEntropy-loss: 0.25935 | Correct: 988/1280
Epoch: 15 | Batch: 1100 | CrossEntropy-loss: 0.25978 | Correct: 1008/1280
Epoch: 15 | Batch: 1200 | CrossEntropy-loss: 0.27377 | Correct: 971/1280
Epoch: 15 | Batch: 1300 | CrossEntropy-loss: 0.26914 | Correct: 993/1280
Epoch: 15 | Batch: 1400 | CrossEntropy-loss: 0.27419 | Correct: 994/1280
Epoch: 15 | Batch: 1500 | CrossEntropy-loss: 0.26237 | Correct: 993/1280
Epoch: 15 | Batch: 1600 | CrossEntropy-loss: 0.27660 | Correct: 978/1280
Epoch: 15 | Batch: 1700 | CrossEntropy-loss: 0.27599 | Correct: 970/1280
Epoch: 15 | Batch: 1800 | CrossEntropy-loss: 0.26902 | Correct: 995/1280
Epoch: 15 | Batch: 1900 | CrossEntropy-loss: 0.27114 | Correct: 963/1280
Epoch: 15 | Batch: 2000 | CrossEntropy-loss: 0.25870 | Correct: 1010/1280
Epoch: 15 | Batch: 2100 | CrossEntropy-loss: 0.26038 | Correct: 1008/1280
Epoch: 15 | Batch: 2200 | CrossEntropy-loss: 0.27712 | Correct: 997/1280
Epoch: 15 | Batch: 2300 | CrossEntropy-loss: 0.26075 | Correct: 1009/1280
Epoch: 15 | Batch: 2400 | CrossEntropy-loss: 0.26656 | Correct: 1001/1280
Epoch: 15 | Batch: 2500 | CrossEntropy-loss: 0.26472 | Correct: 1023/1280
Epoch: 15 | Batch: 2600 | CrossEntropy-loss: 0.26672 | Correct: 989/1280
Epoch: 15 | Batch: 2700 | CrossEntropy-loss: 0.26237 | Correct: 984/1280
Epoch: 15 | Batch: 2800 | CrossEntropy-loss: 0.27218 | Correct: 997/1280
Epoch: 15 | Batch: 2900 | CrossEntropy-loss: 0.26151 | Correct: 992/1280
Epoch: 15 | Batch: 3000 | CrossEntropy-loss: 0.24994 | Correct: 1015/1280

Epoch: 15 | Testing Accuracy: 767764/990020 (77.550%) | Historical Best: 78.487% 

Epoch: 16 | Batch: 000 | CrossEntropy-loss: 0.28670 | Correct: 986/1280
Epoch: 16 | Batch: 100 | CrossEntropy-loss: 0.26696 | Correct: 998/1280
Epoch: 16 | Batch: 200 | CrossEntropy-loss: 0.28456 | Correct: 987/1280
Epoch: 16 | Batch: 300 | CrossEntropy-loss: 0.26483 | Correct: 996/1280
Epoch: 16 | Batch: 400 | CrossEntropy-loss: 0.26699 | Correct: 972/1280
Epoch: 16 | Batch: 500 | CrossEntropy-loss: 0.26920 | Correct: 986/1280
Epoch: 16 | Batch: 600 | CrossEntropy-loss: 0.27477 | Correct: 1004/1280
Epoch: 16 | Batch: 700 | CrossEntropy-loss: 0.26085 | Correct: 1010/1280
Epoch: 16 | Batch: 800 | CrossEntropy-loss: 0.26237 | Correct: 999/1280
Epoch: 16 | Batch: 900 | CrossEntropy-loss: 0.26966 | Correct: 1005/1280
Epoch: 16 | Batch: 1000 | CrossEntropy-loss: 0.27004 | Correct: 1008/1280
Epoch: 16 | Batch: 1100 | CrossEntropy-loss: 0.26936 | Correct: 989/1280
Epoch: 16 | Batch: 1200 | CrossEntropy-loss: 0.26868 | Correct: 984/1280
Epoch: 16 | Batch: 1300 | CrossEntropy-loss: 0.27426 | Correct: 990/1280
Epoch: 16 | Batch: 1400 | CrossEntropy-loss: 0.26717 | Correct: 998/1280
Epoch: 16 | Batch: 1500 | CrossEntropy-loss: 0.26378 | Correct: 998/1280
Epoch: 16 | Batch: 1600 | CrossEntropy-loss: 0.28143 | Correct: 990/1280
Epoch: 16 | Batch: 1700 | CrossEntropy-loss: 0.27003 | Correct: 989/1280
Epoch: 16 | Batch: 1800 | CrossEntropy-loss: 0.27396 | Correct: 989/1280
Epoch: 16 | Batch: 1900 | CrossEntropy-loss: 0.25472 | Correct: 1010/1280
Epoch: 16 | Batch: 2000 | CrossEntropy-loss: 0.26489 | Correct: 1002/1280
Epoch: 16 | Batch: 2100 | CrossEntropy-loss: 0.27111 | Correct: 999/1280
Epoch: 16 | Batch: 2200 | CrossEntropy-loss: 0.26886 | Correct: 1002/1280
Epoch: 16 | Batch: 2300 | CrossEntropy-loss: 0.27508 | Correct: 964/1280
Epoch: 16 | Batch: 2400 | CrossEntropy-loss: 0.25684 | Correct: 997/1280
Epoch: 16 | Batch: 2500 | CrossEntropy-loss: 0.27056 | Correct: 1014/1280
Epoch: 16 | Batch: 2600 | CrossEntropy-loss: 0.25155 | Correct: 981/1280
Epoch: 16 | Batch: 2700 | CrossEntropy-loss: 0.25642 | Correct: 996/1280
Epoch: 16 | Batch: 2800 | CrossEntropy-loss: 0.26025 | Correct: 1001/1280
Epoch: 16 | Batch: 2900 | CrossEntropy-loss: 0.26670 | Correct: 1000/1280
Epoch: 16 | Batch: 3000 | CrossEntropy-loss: 0.24790 | Correct: 1006/1280

Epoch: 16 | Testing Accuracy: 769588/990020 (77.735%) | Historical Best: 78.487% 

Epoch: 17 | Batch: 000 | CrossEntropy-loss: 0.26485 | Correct: 998/1280
Epoch: 17 | Batch: 100 | CrossEntropy-loss: 0.25832 | Correct: 981/1280
Epoch: 17 | Batch: 200 | CrossEntropy-loss: 0.27267 | Correct: 970/1280
Epoch: 17 | Batch: 300 | CrossEntropy-loss: 0.27311 | Correct: 982/1280
Epoch: 17 | Batch: 400 | CrossEntropy-loss: 0.27118 | Correct: 984/1280
Epoch: 17 | Batch: 500 | CrossEntropy-loss: 0.25885 | Correct: 1004/1280
Epoch: 17 | Batch: 600 | CrossEntropy-loss: 0.26784 | Correct: 1001/1280
Epoch: 17 | Batch: 700 | CrossEntropy-loss: 0.25365 | Correct: 1011/1280
Epoch: 17 | Batch: 800 | CrossEntropy-loss: 0.25525 | Correct: 1016/1280
Epoch: 17 | Batch: 900 | CrossEntropy-loss: 0.26087 | Correct: 1002/1280
Epoch: 17 | Batch: 1000 | CrossEntropy-loss: 0.26497 | Correct: 1003/1280
Epoch: 17 | Batch: 1100 | CrossEntropy-loss: 0.25942 | Correct: 988/1280
Epoch: 17 | Batch: 1200 | CrossEntropy-loss: 0.26002 | Correct: 974/1280
Epoch: 17 | Batch: 1300 | CrossEntropy-loss: 0.27214 | Correct: 998/1280
Epoch: 17 | Batch: 1400 | CrossEntropy-loss: 0.27083 | Correct: 963/1280
Epoch: 17 | Batch: 1500 | CrossEntropy-loss: 0.27032 | Correct: 995/1280
Epoch: 17 | Batch: 1600 | CrossEntropy-loss: 0.26608 | Correct: 1005/1280
Epoch: 17 | Batch: 1700 | CrossEntropy-loss: 0.26924 | Correct: 1013/1280
Epoch: 17 | Batch: 1800 | CrossEntropy-loss: 0.26128 | Correct: 990/1280
Epoch: 17 | Batch: 1900 | CrossEntropy-loss: 0.26206 | Correct: 1001/1280
Epoch: 17 | Batch: 2000 | CrossEntropy-loss: 0.26793 | Correct: 1015/1280
Epoch: 17 | Batch: 2100 | CrossEntropy-loss: 0.25972 | Correct: 995/1280
Epoch: 17 | Batch: 2200 | CrossEntropy-loss: 0.25084 | Correct: 991/1280
Epoch: 17 | Batch: 2300 | CrossEntropy-loss: 0.26109 | Correct: 1004/1280
Epoch: 17 | Batch: 2400 | CrossEntropy-loss: 0.25271 | Correct: 1011/1280
Epoch: 17 | Batch: 2500 | CrossEntropy-loss: 0.25627 | Correct: 980/1280
Epoch: 17 | Batch: 2600 | CrossEntropy-loss: 0.25596 | Correct: 1007/1280
Epoch: 17 | Batch: 2700 | CrossEntropy-loss: 0.26151 | Correct: 1012/1280
Epoch: 17 | Batch: 2800 | CrossEntropy-loss: 0.26854 | Correct: 994/1280
Epoch: 17 | Batch: 2900 | CrossEntropy-loss: 0.25666 | Correct: 986/1280
Epoch: 17 | Batch: 3000 | CrossEntropy-loss: 0.26955 | Correct: 998/1280

Epoch: 17 | Testing Accuracy: 770582/990020 (77.835%) | Historical Best: 78.487% 

Epoch: 18 | Batch: 000 | CrossEntropy-loss: 0.26144 | Correct: 1010/1280
Epoch: 18 | Batch: 100 | CrossEntropy-loss: 0.25608 | Correct: 1005/1280
Epoch: 18 | Batch: 200 | CrossEntropy-loss: 0.26598 | Correct: 996/1280
Epoch: 18 | Batch: 300 | CrossEntropy-loss: 0.26457 | Correct: 1004/1280
Epoch: 18 | Batch: 400 | CrossEntropy-loss: 0.25601 | Correct: 1010/1280
Epoch: 18 | Batch: 500 | CrossEntropy-loss: 0.25960 | Correct: 1002/1280
Epoch: 18 | Batch: 600 | CrossEntropy-loss: 0.26224 | Correct: 964/1280
Epoch: 18 | Batch: 700 | CrossEntropy-loss: 0.27356 | Correct: 983/1280
Epoch: 18 | Batch: 800 | CrossEntropy-loss: 0.25621 | Correct: 1007/1280
Epoch: 18 | Batch: 900 | CrossEntropy-loss: 0.26283 | Correct: 987/1280
Epoch: 18 | Batch: 1000 | CrossEntropy-loss: 0.25707 | Correct: 1005/1280
Epoch: 18 | Batch: 1100 | CrossEntropy-loss: 0.26227 | Correct: 1000/1280
Epoch: 18 | Batch: 1200 | CrossEntropy-loss: 0.24724 | Correct: 1015/1280
Epoch: 18 | Batch: 1300 | CrossEntropy-loss: 0.27020 | Correct: 992/1280
Epoch: 18 | Batch: 1400 | CrossEntropy-loss: 0.25533 | Correct: 1007/1280
Epoch: 18 | Batch: 1500 | CrossEntropy-loss: 0.26424 | Correct: 999/1280
Epoch: 18 | Batch: 1600 | CrossEntropy-loss: 0.26195 | Correct: 986/1280
Epoch: 18 | Batch: 1700 | CrossEntropy-loss: 0.26898 | Correct: 989/1280
Epoch: 18 | Batch: 1800 | CrossEntropy-loss: 0.25128 | Correct: 1032/1280
Epoch: 18 | Batch: 1900 | CrossEntropy-loss: 0.26511 | Correct: 1012/1280
Epoch: 18 | Batch: 2000 | CrossEntropy-loss: 0.26317 | Correct: 998/1280
Epoch: 18 | Batch: 2100 | CrossEntropy-loss: 0.24880 | Correct: 1000/1280
Epoch: 18 | Batch: 2200 | CrossEntropy-loss: 0.25350 | Correct: 1001/1280
Epoch: 18 | Batch: 2300 | CrossEntropy-loss: 0.23965 | Correct: 1017/1280
Epoch: 18 | Batch: 2400 | CrossEntropy-loss: 0.25723 | Correct: 993/1280
Epoch: 18 | Batch: 2500 | CrossEntropy-loss: 0.25628 | Correct: 1020/1280
Epoch: 18 | Batch: 2600 | CrossEntropy-loss: 0.26558 | Correct: 989/1280
Epoch: 18 | Batch: 2700 | CrossEntropy-loss: 0.24322 | Correct: 1007/1280
Epoch: 18 | Batch: 2800 | CrossEntropy-loss: 0.24424 | Correct: 1022/1280
Epoch: 18 | Batch: 2900 | CrossEntropy-loss: 0.26982 | Correct: 983/1280
Epoch: 18 | Batch: 3000 | CrossEntropy-loss: 0.25267 | Correct: 1001/1280

Epoch: 18 | Testing Accuracy: 773084/990020 (78.088%) | Historical Best: 78.487% 

Epoch: 19 | Batch: 000 | CrossEntropy-loss: 0.24341 | Correct: 1015/1280
Epoch: 19 | Batch: 100 | CrossEntropy-loss: 0.24071 | Correct: 1006/1280
Epoch: 19 | Batch: 200 | CrossEntropy-loss: 0.24722 | Correct: 999/1280
Epoch: 19 | Batch: 300 | CrossEntropy-loss: 0.25293 | Correct: 1008/1280
Epoch: 19 | Batch: 400 | CrossEntropy-loss: 0.26213 | Correct: 988/1280
Epoch: 19 | Batch: 500 | CrossEntropy-loss: 0.25390 | Correct: 1017/1280
Epoch: 19 | Batch: 600 | CrossEntropy-loss: 0.27230 | Correct: 979/1280
Epoch: 19 | Batch: 700 | CrossEntropy-loss: 0.26891 | Correct: 996/1280
Epoch: 19 | Batch: 800 | CrossEntropy-loss: 0.24343 | Correct: 1002/1280
Epoch: 19 | Batch: 900 | CrossEntropy-loss: 0.25317 | Correct: 1017/1280
Epoch: 19 | Batch: 1000 | CrossEntropy-loss: 0.25125 | Correct: 1003/1280
Epoch: 19 | Batch: 1100 | CrossEntropy-loss: 0.26006 | Correct: 1005/1280
Epoch: 19 | Batch: 1200 | CrossEntropy-loss: 0.25758 | Correct: 1002/1280
Epoch: 19 | Batch: 1300 | CrossEntropy-loss: 0.24556 | Correct: 1001/1280
Epoch: 19 | Batch: 1400 | CrossEntropy-loss: 0.25505 | Correct: 1005/1280
Epoch: 19 | Batch: 1500 | CrossEntropy-loss: 0.26285 | Correct: 986/1280
Epoch: 19 | Batch: 1600 | CrossEntropy-loss: 0.26438 | Correct: 985/1280
Epoch: 19 | Batch: 1700 | CrossEntropy-loss: 0.25751 | Correct: 1006/1280
Epoch: 19 | Batch: 1800 | CrossEntropy-loss: 0.24663 | Correct: 1024/1280
Epoch: 19 | Batch: 1900 | CrossEntropy-loss: 0.24183 | Correct: 1019/1280
Epoch: 19 | Batch: 2000 | CrossEntropy-loss: 0.25784 | Correct: 1016/1280
Epoch: 19 | Batch: 2100 | CrossEntropy-loss: 0.25131 | Correct: 991/1280
Epoch: 19 | Batch: 2200 | CrossEntropy-loss: 0.25513 | Correct: 999/1280
Epoch: 19 | Batch: 2300 | CrossEntropy-loss: 0.26127 | Correct: 1002/1280
Epoch: 19 | Batch: 2400 | CrossEntropy-loss: 0.26552 | Correct: 1020/1280
Epoch: 19 | Batch: 2500 | CrossEntropy-loss: 0.26650 | Correct: 986/1280
Epoch: 19 | Batch: 2600 | CrossEntropy-loss: 0.25419 | Correct: 988/1280
Epoch: 19 | Batch: 2700 | CrossEntropy-loss: 0.26003 | Correct: 1000/1280
Epoch: 19 | Batch: 2800 | CrossEntropy-loss: 0.25635 | Correct: 1008/1280
Epoch: 19 | Batch: 2900 | CrossEntropy-loss: 0.26421 | Correct: 1008/1280
Epoch: 19 | Batch: 3000 | CrossEntropy-loss: 0.27322 | Correct: 977/1280

Epoch: 19 | Testing Accuracy: 774662/990020 (78.247%) | Historical Best: 78.487% 

Epoch: 20 | Batch: 000 | CrossEntropy-loss: 0.25788 | Correct: 986/1280
Epoch: 20 | Batch: 100 | CrossEntropy-loss: 0.25243 | Correct: 1001/1280
Epoch: 20 | Batch: 200 | CrossEntropy-loss: 0.26171 | Correct: 1016/1280
Epoch: 20 | Batch: 300 | CrossEntropy-loss: 0.26869 | Correct: 989/1280
Epoch: 20 | Batch: 400 | CrossEntropy-loss: 0.26430 | Correct: 995/1280
Epoch: 20 | Batch: 500 | CrossEntropy-loss: 0.24877 | Correct: 984/1280
Epoch: 20 | Batch: 600 | CrossEntropy-loss: 0.26344 | Correct: 992/1280
Epoch: 20 | Batch: 700 | CrossEntropy-loss: 0.25307 | Correct: 1003/1280
Epoch: 20 | Batch: 800 | CrossEntropy-loss: 0.24622 | Correct: 1006/1280
Epoch: 20 | Batch: 900 | CrossEntropy-loss: 0.26149 | Correct: 1018/1280
Epoch: 20 | Batch: 1000 | CrossEntropy-loss: 0.26581 | Correct: 996/1280
Epoch: 20 | Batch: 1100 | CrossEntropy-loss: 0.25157 | Correct: 1024/1280
Epoch: 20 | Batch: 1200 | CrossEntropy-loss: 0.26011 | Correct: 1021/1280
Epoch: 20 | Batch: 1300 | CrossEntropy-loss: 0.23776 | Correct: 1041/1280
Epoch: 20 | Batch: 1400 | CrossEntropy-loss: 0.26333 | Correct: 1029/1280
Epoch: 20 | Batch: 1500 | CrossEntropy-loss: 0.26937 | Correct: 994/1280
Epoch: 20 | Batch: 1600 | CrossEntropy-loss: 0.26175 | Correct: 984/1280
Epoch: 20 | Batch: 1700 | CrossEntropy-loss: 0.25537 | Correct: 1015/1280
Epoch: 20 | Batch: 1800 | CrossEntropy-loss: 0.26726 | Correct: 1015/1280
Epoch: 20 | Batch: 1900 | CrossEntropy-loss: 0.25183 | Correct: 994/1280
Epoch: 20 | Batch: 2000 | CrossEntropy-loss: 0.23793 | Correct: 1025/1280
Epoch: 20 | Batch: 2100 | CrossEntropy-loss: 0.24259 | Correct: 1022/1280
Epoch: 20 | Batch: 2200 | CrossEntropy-loss: 0.25553 | Correct: 994/1280
Epoch: 20 | Batch: 2300 | CrossEntropy-loss: 0.24428 | Correct: 1033/1280
Epoch: 20 | Batch: 2400 | CrossEntropy-loss: 0.25292 | Correct: 998/1280
Epoch: 20 | Batch: 2500 | CrossEntropy-loss: 0.25170 | Correct: 1014/1280
Epoch: 20 | Batch: 2600 | CrossEntropy-loss: 0.24473 | Correct: 993/1280
Epoch: 20 | Batch: 2700 | CrossEntropy-loss: 0.25226 | Correct: 1001/1280
Epoch: 20 | Batch: 2800 | CrossEntropy-loss: 0.25860 | Correct: 1019/1280
Epoch: 20 | Batch: 2900 | CrossEntropy-loss: 0.25828 | Correct: 1008/1280
Epoch: 20 | Batch: 3000 | CrossEntropy-loss: 0.23330 | Correct: 1010/1280

Epoch: 20 | Testing Accuracy: 777035/990020 (78.487%) | Historical Best: 78.487% 

Epoch: 21 | Batch: 000 | CrossEntropy-loss: 0.24559 | Correct: 1010/1280
Epoch: 21 | Batch: 100 | CrossEntropy-loss: 0.25127 | Correct: 1023/1280
Epoch: 21 | Batch: 200 | CrossEntropy-loss: 0.25466 | Correct: 988/1280
Epoch: 21 | Batch: 300 | CrossEntropy-loss: 0.24324 | Correct: 1003/1280
Epoch: 21 | Batch: 400 | CrossEntropy-loss: 0.24413 | Correct: 1004/1280
Epoch: 21 | Batch: 500 | CrossEntropy-loss: 0.26122 | Correct: 981/1280
Epoch: 21 | Batch: 600 | CrossEntropy-loss: 0.25277 | Correct: 987/1280
Epoch: 21 | Batch: 700 | CrossEntropy-loss: 0.25825 | Correct: 1013/1280
Epoch: 21 | Batch: 800 | CrossEntropy-loss: 0.24350 | Correct: 989/1280
Epoch: 21 | Batch: 900 | CrossEntropy-loss: 0.25907 | Correct: 994/1280
Epoch: 21 | Batch: 1000 | CrossEntropy-loss: 0.25212 | Correct: 988/1280
Epoch: 21 | Batch: 1100 | CrossEntropy-loss: 0.26742 | Correct: 989/1280
Epoch: 21 | Batch: 1200 | CrossEntropy-loss: 0.25976 | Correct: 999/1280
Epoch: 21 | Batch: 1300 | CrossEntropy-loss: 0.23594 | Correct: 1022/1280
Epoch: 21 | Batch: 1400 | CrossEntropy-loss: 0.25012 | Correct: 1008/1280
Epoch: 21 | Batch: 1500 | CrossEntropy-loss: 0.23391 | Correct: 1033/1280
Epoch: 21 | Batch: 1600 | CrossEntropy-loss: 0.25419 | Correct: 1007/1280
Epoch: 21 | Batch: 1700 | CrossEntropy-loss: 0.25165 | Correct: 1024/1280
Epoch: 21 | Batch: 1800 | CrossEntropy-loss: 0.24688 | Correct: 1003/1280
Epoch: 21 | Batch: 1900 | CrossEntropy-loss: 0.25819 | Correct: 985/1280
Epoch: 21 | Batch: 2000 | CrossEntropy-loss: 0.24422 | Correct: 1003/1280
Epoch: 21 | Batch: 2100 | CrossEntropy-loss: 0.25749 | Correct: 1026/1280
Epoch: 21 | Batch: 2200 | CrossEntropy-loss: 0.25648 | Correct: 1002/1280
Epoch: 21 | Batch: 2300 | CrossEntropy-loss: 0.24229 | Correct: 1006/1280
Epoch: 21 | Batch: 2400 | CrossEntropy-loss: 0.24402 | Correct: 1003/1280
Epoch: 21 | Batch: 2500 | CrossEntropy-loss: 0.25766 | Correct: 998/1280
Epoch: 21 | Batch: 2600 | CrossEntropy-loss: 0.27105 | Correct: 1008/1280
Epoch: 21 | Batch: 2700 | CrossEntropy-loss: 0.24649 | Correct: 1002/1280
Epoch: 21 | Batch: 2800 | CrossEntropy-loss: 0.24414 | Correct: 994/1280
Epoch: 21 | Batch: 2900 | CrossEntropy-loss: 0.25995 | Correct: 987/1280
Epoch: 21 | Batch: 3000 | CrossEntropy-loss: 0.24738 | Correct: 997/1280

Epoch: 21 | Testing Accuracy: 778663/990020 (78.651%) | Historical Best: 78.651% 

Epoch: 22 | Batch: 000 | CrossEntropy-loss: 0.25132 | Correct: 991/1280
Epoch: 22 | Batch: 100 | CrossEntropy-loss: 0.24520 | Correct: 998/1280
Epoch: 22 | Batch: 200 | CrossEntropy-loss: 0.23538 | Correct: 1038/1280
Epoch: 22 | Batch: 300 | CrossEntropy-loss: 0.23566 | Correct: 1011/1280
Epoch: 22 | Batch: 400 | CrossEntropy-loss: 0.24448 | Correct: 1005/1280
Epoch: 22 | Batch: 500 | CrossEntropy-loss: 0.24493 | Correct: 1001/1280
Epoch: 22 | Batch: 600 | CrossEntropy-loss: 0.24386 | Correct: 1000/1280
Epoch: 22 | Batch: 700 | CrossEntropy-loss: 0.25323 | Correct: 995/1280
Epoch: 22 | Batch: 800 | CrossEntropy-loss: 0.24875 | Correct: 1026/1280
Epoch: 22 | Batch: 900 | CrossEntropy-loss: 0.24263 | Correct: 1003/1280
Epoch: 22 | Batch: 1000 | CrossEntropy-loss: 0.26213 | Correct: 989/1280
Epoch: 22 | Batch: 1100 | CrossEntropy-loss: 0.26359 | Correct: 992/1280
Epoch: 22 | Batch: 1200 | CrossEntropy-loss: 0.24928 | Correct: 1021/1280
Epoch: 22 | Batch: 1300 | CrossEntropy-loss: 0.25258 | Correct: 1000/1280
Epoch: 22 | Batch: 1400 | CrossEntropy-loss: 0.25058 | Correct: 990/1280
Epoch: 22 | Batch: 1500 | CrossEntropy-loss: 0.25232 | Correct: 979/1280
Epoch: 22 | Batch: 1600 | CrossEntropy-loss: 0.24857 | Correct: 1004/1280
Epoch: 22 | Batch: 1700 | CrossEntropy-loss: 0.23558 | Correct: 1016/1280
Epoch: 22 | Batch: 1800 | CrossEntropy-loss: 0.25525 | Correct: 991/1280
Epoch: 22 | Batch: 1900 | CrossEntropy-loss: 0.26772 | Correct: 995/1280
Epoch: 22 | Batch: 2000 | CrossEntropy-loss: 0.23515 | Correct: 1019/1280
Epoch: 22 | Batch: 2100 | CrossEntropy-loss: 0.25246 | Correct: 1023/1280
Epoch: 22 | Batch: 2200 | CrossEntropy-loss: 0.25014 | Correct: 1050/1280
Epoch: 22 | Batch: 2300 | CrossEntropy-loss: 0.24252 | Correct: 1010/1280
Epoch: 22 | Batch: 2400 | CrossEntropy-loss: 0.25739 | Correct: 991/1280
Epoch: 22 | Batch: 2500 | CrossEntropy-loss: 0.25181 | Correct: 1020/1280
Epoch: 22 | Batch: 2600 | CrossEntropy-loss: 0.25528 | Correct: 996/1280
Epoch: 22 | Batch: 2700 | CrossEntropy-loss: 0.25428 | Correct: 995/1280
Epoch: 22 | Batch: 2800 | CrossEntropy-loss: 0.24603 | Correct: 1030/1280
Epoch: 22 | Batch: 2900 | CrossEntropy-loss: 0.24001 | Correct: 1001/1280
Epoch: 22 | Batch: 3000 | CrossEntropy-loss: 0.25560 | Correct: 962/1280

Epoch: 22 | Testing Accuracy: 781669/990020 (78.955%) | Historical Best: 78.955% 

Epoch: 23 | Batch: 000 | CrossEntropy-loss: 0.23310 | Correct: 1008/1280
Epoch: 23 | Batch: 100 | CrossEntropy-loss: 0.25212 | Correct: 1014/1280
Epoch: 23 | Batch: 200 | CrossEntropy-loss: 0.24336 | Correct: 1034/1280
Epoch: 23 | Batch: 300 | CrossEntropy-loss: 0.24180 | Correct: 989/1280
Epoch: 23 | Batch: 400 | CrossEntropy-loss: 0.25521 | Correct: 1005/1280
Epoch: 23 | Batch: 500 | CrossEntropy-loss: 0.24109 | Correct: 1014/1280
Epoch: 23 | Batch: 600 | CrossEntropy-loss: 0.25420 | Correct: 994/1280
Epoch: 23 | Batch: 700 | CrossEntropy-loss: 0.23987 | Correct: 1024/1280
Epoch: 23 | Batch: 800 | CrossEntropy-loss: 0.24462 | Correct: 1028/1280
Epoch: 23 | Batch: 900 | CrossEntropy-loss: 0.24350 | Correct: 1022/1280
Epoch: 23 | Batch: 1000 | CrossEntropy-loss: 0.25624 | Correct: 1018/1280
Epoch: 23 | Batch: 1100 | CrossEntropy-loss: 0.25480 | Correct: 1009/1280
Epoch: 23 | Batch: 1200 | CrossEntropy-loss: 0.25649 | Correct: 1019/1280
Epoch: 23 | Batch: 1300 | CrossEntropy-loss: 0.24755 | Correct: 1032/1280
Epoch: 23 | Batch: 1400 | CrossEntropy-loss: 0.24569 | Correct: 1012/1280
Epoch: 23 | Batch: 1500 | CrossEntropy-loss: 0.24274 | Correct: 1016/1280
Epoch: 23 | Batch: 1600 | CrossEntropy-loss: 0.25595 | Correct: 1003/1280
Epoch: 23 | Batch: 1700 | CrossEntropy-loss: 0.24521 | Correct: 1024/1280
Epoch: 23 | Batch: 1800 | CrossEntropy-loss: 0.24564 | Correct: 1000/1280
Epoch: 23 | Batch: 1900 | CrossEntropy-loss: 0.23311 | Correct: 995/1280
Epoch: 23 | Batch: 2000 | CrossEntropy-loss: 0.24024 | Correct: 1034/1280
Epoch: 23 | Batch: 2100 | CrossEntropy-loss: 0.25268 | Correct: 1015/1280
Epoch: 23 | Batch: 2200 | CrossEntropy-loss: 0.25310 | Correct: 1001/1280
Epoch: 23 | Batch: 2300 | CrossEntropy-loss: 0.25249 | Correct: 1020/1280
Epoch: 23 | Batch: 2400 | CrossEntropy-loss: 0.25943 | Correct: 991/1280
Epoch: 23 | Batch: 2500 | CrossEntropy-loss: 0.24543 | Correct: 1023/1280
Epoch: 23 | Batch: 2600 | CrossEntropy-loss: 0.23439 | Correct: 1054/1280
Epoch: 23 | Batch: 2700 | CrossEntropy-loss: 0.25466 | Correct: 1007/1280
Epoch: 23 | Batch: 2800 | CrossEntropy-loss: 0.24989 | Correct: 1037/1280
Epoch: 23 | Batch: 2900 | CrossEntropy-loss: 0.25349 | Correct: 1014/1280
Epoch: 23 | Batch: 3000 | CrossEntropy-loss: 0.24731 | Correct: 1017/1280

Epoch: 23 | Testing Accuracy: 783239/990020 (79.113%) | Historical Best: 79.113% 

Epoch: 24 | Batch: 000 | CrossEntropy-loss: 0.24221 | Correct: 1014/1280
Epoch: 24 | Batch: 100 | CrossEntropy-loss: 0.24396 | Correct: 1024/1280
Epoch: 24 | Batch: 200 | CrossEntropy-loss: 0.24572 | Correct: 1012/1280
Epoch: 24 | Batch: 300 | CrossEntropy-loss: 0.24859 | Correct: 1000/1280
Epoch: 24 | Batch: 400 | CrossEntropy-loss: 0.24252 | Correct: 1019/1280
Epoch: 24 | Batch: 500 | CrossEntropy-loss: 0.25212 | Correct: 1003/1280
Epoch: 24 | Batch: 600 | CrossEntropy-loss: 0.25877 | Correct: 1014/1280
Epoch: 24 | Batch: 700 | CrossEntropy-loss: 0.24511 | Correct: 1003/1280
Epoch: 24 | Batch: 800 | CrossEntropy-loss: 0.25739 | Correct: 982/1280
Epoch: 24 | Batch: 900 | CrossEntropy-loss: 0.23984 | Correct: 1021/1280
Epoch: 24 | Batch: 1000 | CrossEntropy-loss: 0.25553 | Correct: 996/1280
Epoch: 24 | Batch: 1100 | CrossEntropy-loss: 0.24860 | Correct: 994/1280
Epoch: 24 | Batch: 1200 | CrossEntropy-loss: 0.26179 | Correct: 988/1280
Epoch: 24 | Batch: 1300 | CrossEntropy-loss: 0.24188 | Correct: 996/1280
Epoch: 24 | Batch: 1400 | CrossEntropy-loss: 0.25131 | Correct: 1020/1280
Epoch: 24 | Batch: 1500 | CrossEntropy-loss: 0.24393 | Correct: 1029/1280
Epoch: 24 | Batch: 1600 | CrossEntropy-loss: 0.23716 | Correct: 1025/1280
Epoch: 24 | Batch: 1700 | CrossEntropy-loss: 0.23998 | Correct: 1029/1280
Epoch: 24 | Batch: 1800 | CrossEntropy-loss: 0.22693 | Correct: 1026/1280
Epoch: 24 | Batch: 1900 | CrossEntropy-loss: 0.23106 | Correct: 1019/1280
Epoch: 24 | Batch: 2000 | CrossEntropy-loss: 0.25756 | Correct: 970/1280
Epoch: 24 | Batch: 2100 | CrossEntropy-loss: 0.25720 | Correct: 1000/1280
Epoch: 24 | Batch: 2200 | CrossEntropy-loss: 0.24109 | Correct: 1005/1280
Epoch: 24 | Batch: 2300 | CrossEntropy-loss: 0.23526 | Correct: 1030/1280
Epoch: 24 | Batch: 2400 | CrossEntropy-loss: 0.24512 | Correct: 1032/1280
Epoch: 24 | Batch: 2500 | CrossEntropy-loss: 0.26660 | Correct: 993/1280
Epoch: 24 | Batch: 2600 | CrossEntropy-loss: 0.24244 | Correct: 991/1280
Epoch: 24 | Batch: 2700 | CrossEntropy-loss: 0.25362 | Correct: 1011/1280
Epoch: 24 | Batch: 2800 | CrossEntropy-loss: 0.23714 | Correct: 1017/1280
Epoch: 24 | Batch: 2900 | CrossEntropy-loss: 0.23956 | Correct: 994/1280
Epoch: 24 | Batch: 3000 | CrossEntropy-loss: 0.23235 | Correct: 1029/1280

Epoch: 24 | Testing Accuracy: 785569/990020 (79.349%) | Historical Best: 79.349% 

Epoch: 25 | Batch: 000 | CrossEntropy-loss: 0.24184 | Correct: 1010/1280
Epoch: 25 | Batch: 100 | CrossEntropy-loss: 0.23908 | Correct: 1026/1280
Epoch: 25 | Batch: 200 | CrossEntropy-loss: 0.23589 | Correct: 1014/1280
Epoch: 25 | Batch: 300 | CrossEntropy-loss: 0.24556 | Correct: 1025/1280
Epoch: 25 | Batch: 400 | CrossEntropy-loss: 0.26124 | Correct: 984/1280
Epoch: 25 | Batch: 500 | CrossEntropy-loss: 0.23577 | Correct: 1003/1280
Epoch: 25 | Batch: 600 | CrossEntropy-loss: 0.25727 | Correct: 1015/1280
Epoch: 25 | Batch: 700 | CrossEntropy-loss: 0.24676 | Correct: 1028/1280
Epoch: 25 | Batch: 800 | CrossEntropy-loss: 0.24651 | Correct: 1004/1280
Epoch: 25 | Batch: 900 | CrossEntropy-loss: 0.23118 | Correct: 1051/1280
Epoch: 25 | Batch: 1000 | CrossEntropy-loss: 0.25935 | Correct: 1007/1280
Epoch: 25 | Batch: 1100 | CrossEntropy-loss: 0.25037 | Correct: 1023/1280
Epoch: 25 | Batch: 1200 | CrossEntropy-loss: 0.23884 | Correct: 1016/1280
Epoch: 25 | Batch: 1300 | CrossEntropy-loss: 0.23998 | Correct: 1015/1280
Epoch: 25 | Batch: 1400 | CrossEntropy-loss: 0.24041 | Correct: 1008/1280
Epoch: 25 | Batch: 1500 | CrossEntropy-loss: 0.23591 | Correct: 1028/1280
Epoch: 25 | Batch: 1600 | CrossEntropy-loss: 0.24736 | Correct: 1011/1280
Epoch: 25 | Batch: 1700 | CrossEntropy-loss: 0.23551 | Correct: 1022/1280
Epoch: 25 | Batch: 1800 | CrossEntropy-loss: 0.23982 | Correct: 1011/1280
Epoch: 25 | Batch: 1900 | CrossEntropy-loss: 0.22758 | Correct: 1045/1280
Epoch: 25 | Batch: 2000 | CrossEntropy-loss: 0.24686 | Correct: 1009/1280
Epoch: 25 | Batch: 2100 | CrossEntropy-loss: 0.24347 | Correct: 1031/1280
Epoch: 25 | Batch: 2200 | CrossEntropy-loss: 0.24961 | Correct: 1007/1280
Epoch: 25 | Batch: 2300 | CrossEntropy-loss: 0.23913 | Correct: 1036/1280
Epoch: 25 | Batch: 2400 | CrossEntropy-loss: 0.24220 | Correct: 1005/1280
Epoch: 25 | Batch: 2500 | CrossEntropy-loss: 0.23185 | Correct: 1046/1280
Epoch: 25 | Batch: 2600 | CrossEntropy-loss: 0.25914 | Correct: 1015/1280
Epoch: 25 | Batch: 2700 | CrossEntropy-loss: 0.22971 | Correct: 1014/1280
Epoch: 25 | Batch: 2800 | CrossEntropy-loss: 0.22711 | Correct: 1049/1280
Epoch: 25 | Batch: 2900 | CrossEntropy-loss: 0.25153 | Correct: 1012/1280
Epoch: 25 | Batch: 3000 | CrossEntropy-loss: 0.24331 | Correct: 1019/1280

Epoch: 25 | Testing Accuracy: 789542/990020 (79.750%) | Historical Best: 79.750% 

Epoch: 26 | Batch: 000 | CrossEntropy-loss: 0.23809 | Correct: 1036/1280
Epoch: 26 | Batch: 100 | CrossEntropy-loss: 0.24372 | Correct: 994/1280
Epoch: 26 | Batch: 200 | CrossEntropy-loss: 0.23879 | Correct: 1007/1280
Epoch: 26 | Batch: 300 | CrossEntropy-loss: 0.25308 | Correct: 986/1280
Epoch: 26 | Batch: 400 | CrossEntropy-loss: 0.24209 | Correct: 1023/1280
Epoch: 26 | Batch: 500 | CrossEntropy-loss: 0.24323 | Correct: 1033/1280
Epoch: 26 | Batch: 600 | CrossEntropy-loss: 0.24782 | Correct: 1020/1280
Epoch: 26 | Batch: 700 | CrossEntropy-loss: 0.23549 | Correct: 997/1280
Epoch: 26 | Batch: 800 | CrossEntropy-loss: 0.23778 | Correct: 1012/1280
Epoch: 26 | Batch: 900 | CrossEntropy-loss: 0.23102 | Correct: 1015/1280
Epoch: 26 | Batch: 1000 | CrossEntropy-loss: 0.24430 | Correct: 1026/1280
Epoch: 26 | Batch: 1100 | CrossEntropy-loss: 0.24945 | Correct: 994/1280
Epoch: 26 | Batch: 1200 | CrossEntropy-loss: 0.24080 | Correct: 1019/1280
Epoch: 26 | Batch: 1300 | CrossEntropy-loss: 0.24344 | Correct: 997/1280
Epoch: 26 | Batch: 1400 | CrossEntropy-loss: 0.23931 | Correct: 1036/1280
Epoch: 26 | Batch: 1500 | CrossEntropy-loss: 0.23830 | Correct: 1001/1280
Epoch: 26 | Batch: 1600 | CrossEntropy-loss: 0.23462 | Correct: 1050/1280
Epoch: 26 | Batch: 1700 | CrossEntropy-loss: 0.24609 | Correct: 1027/1280
Epoch: 26 | Batch: 1800 | CrossEntropy-loss: 0.23311 | Correct: 1006/1280
Epoch: 26 | Batch: 1900 | CrossEntropy-loss: 0.24199 | Correct: 1015/1280
Epoch: 26 | Batch: 2000 | CrossEntropy-loss: 0.24828 | Correct: 997/1280
Epoch: 26 | Batch: 2100 | CrossEntropy-loss: 0.25412 | Correct: 993/1280
Epoch: 26 | Batch: 2200 | CrossEntropy-loss: 0.25034 | Correct: 1005/1280
Epoch: 26 | Batch: 2300 | CrossEntropy-loss: 0.23351 | Correct: 1007/1280
Epoch: 26 | Batch: 2400 | CrossEntropy-loss: 0.24043 | Correct: 1000/1280
Epoch: 26 | Batch: 2500 | CrossEntropy-loss: 0.23603 | Correct: 1025/1280
Epoch: 26 | Batch: 2600 | CrossEntropy-loss: 0.23683 | Correct: 1000/1280
Epoch: 26 | Batch: 2700 | CrossEntropy-loss: 0.24368 | Correct: 1022/1280
Epoch: 26 | Batch: 2800 | CrossEntropy-loss: 0.23730 | Correct: 1034/1280
Epoch: 26 | Batch: 2900 | CrossEntropy-loss: 0.22299 | Correct: 1039/1280
Epoch: 26 | Batch: 3000 | CrossEntropy-loss: 0.24362 | Correct: 1017/1280

Epoch: 26 | Testing Accuracy: 789598/990020 (79.756%) | Historical Best: 79.756% 

Epoch: 27 | Batch: 000 | CrossEntropy-loss: 0.22596 | Correct: 1032/1280
Epoch: 27 | Batch: 100 | CrossEntropy-loss: 0.24224 | Correct: 1023/1280
Epoch: 27 | Batch: 200 | CrossEntropy-loss: 0.25026 | Correct: 1014/1280
Epoch: 27 | Batch: 300 | CrossEntropy-loss: 0.23426 | Correct: 1023/1280
Epoch: 27 | Batch: 400 | CrossEntropy-loss: 0.24090 | Correct: 1017/1280
Epoch: 27 | Batch: 500 | CrossEntropy-loss: 0.23789 | Correct: 1015/1280
Epoch: 27 | Batch: 600 | CrossEntropy-loss: 0.24031 | Correct: 1033/1280
Epoch: 27 | Batch: 700 | CrossEntropy-loss: 0.22736 | Correct: 1044/1280
Epoch: 27 | Batch: 800 | CrossEntropy-loss: 0.23959 | Correct: 1019/1280
Epoch: 27 | Batch: 900 | CrossEntropy-loss: 0.22450 | Correct: 1029/1280
Epoch: 27 | Batch: 1000 | CrossEntropy-loss: 0.24686 | Correct: 1017/1280
Epoch: 27 | Batch: 1100 | CrossEntropy-loss: 0.23430 | Correct: 1026/1280
Epoch: 27 | Batch: 1200 | CrossEntropy-loss: 0.22600 | Correct: 1014/1280
Epoch: 27 | Batch: 1300 | CrossEntropy-loss: 0.24267 | Correct: 1005/1280
Epoch: 27 | Batch: 1400 | CrossEntropy-loss: 0.23539 | Correct: 1031/1280
Epoch: 27 | Batch: 1500 | CrossEntropy-loss: 0.23522 | Correct: 1009/1280
Epoch: 27 | Batch: 1600 | CrossEntropy-loss: 0.23228 | Correct: 1004/1280
Epoch: 27 | Batch: 1700 | CrossEntropy-loss: 0.23540 | Correct: 1016/1280
Epoch: 27 | Batch: 1800 | CrossEntropy-loss: 0.23528 | Correct: 1019/1280
Epoch: 27 | Batch: 1900 | CrossEntropy-loss: 0.23769 | Correct: 1032/1280
Epoch: 27 | Batch: 2000 | CrossEntropy-loss: 0.23942 | Correct: 1003/1280
Epoch: 27 | Batch: 2100 | CrossEntropy-loss: 0.23094 | Correct: 1044/1280
Epoch: 27 | Batch: 2200 | CrossEntropy-loss: 0.22548 | Correct: 1011/1280
Epoch: 27 | Batch: 2300 | CrossEntropy-loss: 0.24398 | Correct: 1030/1280
Epoch: 27 | Batch: 2400 | CrossEntropy-loss: 0.24147 | Correct: 1018/1280
Epoch: 27 | Batch: 2500 | CrossEntropy-loss: 0.23405 | Correct: 1024/1280
Epoch: 27 | Batch: 2600 | CrossEntropy-loss: 0.22476 | Correct: 1057/1280
Epoch: 27 | Batch: 2700 | CrossEntropy-loss: 0.24191 | Correct: 1005/1280
Epoch: 27 | Batch: 2800 | CrossEntropy-loss: 0.24179 | Correct: 1012/1280
Epoch: 27 | Batch: 2900 | CrossEntropy-loss: 0.23496 | Correct: 1023/1280
Epoch: 27 | Batch: 3000 | CrossEntropy-loss: 0.25028 | Correct: 1022/1280

Epoch: 27 | Testing Accuracy: 791948/990020 (79.993%) | Historical Best: 79.993% 

Epoch: 28 | Batch: 000 | CrossEntropy-loss: 0.22943 | Correct: 1031/1280
Epoch: 28 | Batch: 100 | CrossEntropy-loss: 0.24518 | Correct: 1014/1280
Epoch: 28 | Batch: 200 | CrossEntropy-loss: 0.23961 | Correct: 1024/1280
Epoch: 28 | Batch: 300 | CrossEntropy-loss: 0.23751 | Correct: 1017/1280
Epoch: 28 | Batch: 400 | CrossEntropy-loss: 0.23405 | Correct: 1045/1280
Epoch: 28 | Batch: 500 | CrossEntropy-loss: 0.23871 | Correct: 992/1280
Epoch: 28 | Batch: 600 | CrossEntropy-loss: 0.21984 | Correct: 1020/1280
Epoch: 28 | Batch: 700 | CrossEntropy-loss: 0.23433 | Correct: 1012/1280
Epoch: 28 | Batch: 800 | CrossEntropy-loss: 0.23870 | Correct: 1029/1280
Epoch: 28 | Batch: 900 | CrossEntropy-loss: 0.24320 | Correct: 1014/1280
Epoch: 28 | Batch: 1000 | CrossEntropy-loss: 0.24745 | Correct: 1011/1280
Epoch: 28 | Batch: 1100 | CrossEntropy-loss: 0.21689 | Correct: 1035/1280
Epoch: 28 | Batch: 1200 | CrossEntropy-loss: 0.24050 | Correct: 1024/1280
Epoch: 28 | Batch: 1300 | CrossEntropy-loss: 0.23269 | Correct: 1026/1280
Epoch: 28 | Batch: 1400 | CrossEntropy-loss: 0.22772 | Correct: 1031/1280
Epoch: 28 | Batch: 1500 | CrossEntropy-loss: 0.22805 | Correct: 1026/1280
Epoch: 28 | Batch: 1600 | CrossEntropy-loss: 0.24003 | Correct: 1009/1280
Epoch: 28 | Batch: 1700 | CrossEntropy-loss: 0.21263 | Correct: 1061/1280
Epoch: 28 | Batch: 1800 | CrossEntropy-loss: 0.21054 | Correct: 1057/1280
Epoch: 28 | Batch: 1900 | CrossEntropy-loss: 0.22699 | Correct: 1012/1280
Epoch: 28 | Batch: 2000 | CrossEntropy-loss: 0.22171 | Correct: 1046/1280
Epoch: 28 | Batch: 2100 | CrossEntropy-loss: 0.23263 | Correct: 1031/1280
Epoch: 28 | Batch: 2200 | CrossEntropy-loss: 0.23756 | Correct: 1031/1280
Epoch: 28 | Batch: 2300 | CrossEntropy-loss: 0.23385 | Correct: 1030/1280
Epoch: 28 | Batch: 2400 | CrossEntropy-loss: 0.23553 | Correct: 997/1280
Epoch: 28 | Batch: 2500 | CrossEntropy-loss: 0.23386 | Correct: 1012/1280
Epoch: 28 | Batch: 2600 | CrossEntropy-loss: 0.22885 | Correct: 1041/1280
Epoch: 28 | Batch: 2700 | CrossEntropy-loss: 0.23665 | Correct: 1021/1280
Epoch: 28 | Batch: 2800 | CrossEntropy-loss: 0.24026 | Correct: 1038/1280
Epoch: 28 | Batch: 2900 | CrossEntropy-loss: 0.22136 | Correct: 1039/1280
Epoch: 28 | Batch: 3000 | CrossEntropy-loss: 0.23848 | Correct: 1019/1280

Epoch: 28 | Testing Accuracy: 794220/990020 (80.223%) | Historical Best: 80.223% 

Epoch: 29 | Batch: 000 | CrossEntropy-loss: 0.23714 | Correct: 1051/1280
Epoch: 29 | Batch: 100 | CrossEntropy-loss: 0.22868 | Correct: 1024/1280
Epoch: 29 | Batch: 200 | CrossEntropy-loss: 0.23471 | Correct: 1028/1280
Epoch: 29 | Batch: 300 | CrossEntropy-loss: 0.22911 | Correct: 1036/1280
Epoch: 29 | Batch: 400 | CrossEntropy-loss: 0.24380 | Correct: 1031/1280
Epoch: 29 | Batch: 500 | CrossEntropy-loss: 0.23667 | Correct: 1005/1280
Epoch: 29 | Batch: 600 | CrossEntropy-loss: 0.23739 | Correct: 1020/1280
Epoch: 29 | Batch: 700 | CrossEntropy-loss: 0.21838 | Correct: 1019/1280
Epoch: 29 | Batch: 800 | CrossEntropy-loss: 0.23482 | Correct: 1022/1280
Epoch: 29 | Batch: 900 | CrossEntropy-loss: 0.24593 | Correct: 994/1280
Epoch: 29 | Batch: 1000 | CrossEntropy-loss: 0.23178 | Correct: 1037/1280
Epoch: 29 | Batch: 1100 | CrossEntropy-loss: 0.23535 | Correct: 1028/1280
Epoch: 29 | Batch: 1200 | CrossEntropy-loss: 0.22800 | Correct: 1022/1280
Epoch: 29 | Batch: 1300 | CrossEntropy-loss: 0.23542 | Correct: 1007/1280
Epoch: 29 | Batch: 1400 | CrossEntropy-loss: 0.22999 | Correct: 1014/1280
Epoch: 29 | Batch: 1500 | CrossEntropy-loss: 0.22119 | Correct: 1029/1280
Epoch: 29 | Batch: 1600 | CrossEntropy-loss: 0.21947 | Correct: 1030/1280
Epoch: 29 | Batch: 1700 | CrossEntropy-loss: 0.25465 | Correct: 997/1280
Epoch: 29 | Batch: 1800 | CrossEntropy-loss: 0.22017 | Correct: 1054/1280
Epoch: 29 | Batch: 1900 | CrossEntropy-loss: 0.22559 | Correct: 1031/1280
Epoch: 29 | Batch: 2000 | CrossEntropy-loss: 0.22980 | Correct: 1048/1280
Epoch: 29 | Batch: 2100 | CrossEntropy-loss: 0.22757 | Correct: 1028/1280
Epoch: 29 | Batch: 2200 | CrossEntropy-loss: 0.23216 | Correct: 1012/1280
Epoch: 29 | Batch: 2300 | CrossEntropy-loss: 0.23712 | Correct: 1004/1280
Epoch: 29 | Batch: 2400 | CrossEntropy-loss: 0.23699 | Correct: 1046/1280
Epoch: 29 | Batch: 2500 | CrossEntropy-loss: 0.22903 | Correct: 1039/1280
Epoch: 29 | Batch: 2600 | CrossEntropy-loss: 0.23764 | Correct: 1016/1280
Epoch: 29 | Batch: 2700 | CrossEntropy-loss: 0.23632 | Correct: 1019/1280
Epoch: 29 | Batch: 2800 | CrossEntropy-loss: 0.21965 | Correct: 1043/1280
Epoch: 29 | Batch: 2900 | CrossEntropy-loss: 0.23902 | Correct: 1009/1280
Epoch: 29 | Batch: 3000 | CrossEntropy-loss: 0.23769 | Correct: 1003/1280

Epoch: 29 | Testing Accuracy: 795857/990020 (80.388%) | Historical Best: 80.388% 

Epoch: 30 | Batch: 000 | CrossEntropy-loss: 0.22556 | Correct: 1019/1280
Epoch: 30 | Batch: 100 | CrossEntropy-loss: 0.24641 | Correct: 993/1280
Epoch: 30 | Batch: 200 | CrossEntropy-loss: 0.22432 | Correct: 1033/1280
Epoch: 30 | Batch: 300 | CrossEntropy-loss: 0.24637 | Correct: 1013/1280
Epoch: 30 | Batch: 400 | CrossEntropy-loss: 0.21472 | Correct: 1049/1280
Epoch: 30 | Batch: 500 | CrossEntropy-loss: 0.22221 | Correct: 1025/1280
Epoch: 30 | Batch: 600 | CrossEntropy-loss: 0.24382 | Correct: 1016/1280
Epoch: 30 | Batch: 700 | CrossEntropy-loss: 0.23334 | Correct: 1033/1280
Epoch: 30 | Batch: 800 | CrossEntropy-loss: 0.23844 | Correct: 1020/1280
Epoch: 30 | Batch: 900 | CrossEntropy-loss: 0.22367 | Correct: 1023/1280
Epoch: 30 | Batch: 1000 | CrossEntropy-loss: 0.21778 | Correct: 1014/1280
Epoch: 30 | Batch: 1100 | CrossEntropy-loss: 0.23775 | Correct: 1019/1280
Epoch: 30 | Batch: 1200 | CrossEntropy-loss: 0.23107 | Correct: 1026/1280
Epoch: 30 | Batch: 1300 | CrossEntropy-loss: 0.23690 | Correct: 1011/1280
Epoch: 30 | Batch: 1400 | CrossEntropy-loss: 0.24003 | Correct: 1006/1280
Epoch: 30 | Batch: 1500 | CrossEntropy-loss: 0.21835 | Correct: 1047/1280
Epoch: 30 | Batch: 1600 | CrossEntropy-loss: 0.23014 | Correct: 1026/1280
Epoch: 30 | Batch: 1700 | CrossEntropy-loss: 0.24184 | Correct: 1031/1280
Epoch: 30 | Batch: 1800 | CrossEntropy-loss: 0.23703 | Correct: 1037/1280
Epoch: 30 | Batch: 1900 | CrossEntropy-loss: 0.21974 | Correct: 1034/1280
Epoch: 30 | Batch: 2000 | CrossEntropy-loss: 0.24482 | Correct: 1010/1280
Epoch: 30 | Batch: 2100 | CrossEntropy-loss: 0.23453 | Correct: 1027/1280
Epoch: 30 | Batch: 2200 | CrossEntropy-loss: 0.22147 | Correct: 1041/1280
Epoch: 30 | Batch: 2300 | CrossEntropy-loss: 0.23173 | Correct: 1035/1280
Epoch: 30 | Batch: 2400 | CrossEntropy-loss: 0.22064 | Correct: 1056/1280
Epoch: 30 | Batch: 2500 | CrossEntropy-loss: 0.22590 | Correct: 1041/1280
Epoch: 30 | Batch: 2600 | CrossEntropy-loss: 0.22138 | Correct: 1043/1280
Epoch: 30 | Batch: 2700 | CrossEntropy-loss: 0.23454 | Correct: 1024/1280
Epoch: 30 | Batch: 2800 | CrossEntropy-loss: 0.23629 | Correct: 1040/1280
Epoch: 30 | Batch: 2900 | CrossEntropy-loss: 0.23815 | Correct: 1037/1280
Epoch: 30 | Batch: 3000 | CrossEntropy-loss: 0.23118 | Correct: 1040/1280

Epoch: 30 | Testing Accuracy: 801239/990020 (80.932%) | Historical Best: 80.932% 

Epoch: 31 | Batch: 000 | CrossEntropy-loss: 0.24338 | Correct: 1010/1280
Epoch: 31 | Batch: 100 | CrossEntropy-loss: 0.24113 | Correct: 1011/1280
Epoch: 31 | Batch: 200 | CrossEntropy-loss: 0.23327 | Correct: 1026/1280
Epoch: 31 | Batch: 300 | CrossEntropy-loss: 0.22680 | Correct: 1042/1280
Epoch: 31 | Batch: 400 | CrossEntropy-loss: 0.23255 | Correct: 1020/1280
Epoch: 31 | Batch: 500 | CrossEntropy-loss: 0.22738 | Correct: 1034/1280
Epoch: 31 | Batch: 600 | CrossEntropy-loss: 0.24354 | Correct: 1014/1280
Epoch: 31 | Batch: 700 | CrossEntropy-loss: 0.23718 | Correct: 1024/1280
Epoch: 31 | Batch: 800 | CrossEntropy-loss: 0.24677 | Correct: 990/1280
Epoch: 31 | Batch: 900 | CrossEntropy-loss: 0.22586 | Correct: 1047/1280
Epoch: 31 | Batch: 1000 | CrossEntropy-loss: 0.23792 | Correct: 1038/1280
Epoch: 31 | Batch: 1100 | CrossEntropy-loss: 0.22051 | Correct: 1059/1280
Epoch: 31 | Batch: 1200 | CrossEntropy-loss: 0.22333 | Correct: 1058/1280
Epoch: 31 | Batch: 1300 | CrossEntropy-loss: 0.22607 | Correct: 1042/1280
Epoch: 31 | Batch: 1400 | CrossEntropy-loss: 0.23069 | Correct: 1027/1280
Epoch: 31 | Batch: 1500 | CrossEntropy-loss: 0.22802 | Correct: 1029/1280
Epoch: 31 | Batch: 1600 | CrossEntropy-loss: 0.23470 | Correct: 1041/1280
Epoch: 31 | Batch: 1700 | CrossEntropy-loss: 0.21735 | Correct: 1036/1280
Epoch: 31 | Batch: 1800 | CrossEntropy-loss: 0.23820 | Correct: 1038/1280
Epoch: 31 | Batch: 1900 | CrossEntropy-loss: 0.22497 | Correct: 1034/1280
Epoch: 31 | Batch: 2000 | CrossEntropy-loss: 0.22224 | Correct: 1031/1280
Epoch: 31 | Batch: 2100 | CrossEntropy-loss: 0.22130 | Correct: 1065/1280
Epoch: 31 | Batch: 2200 | CrossEntropy-loss: 0.21719 | Correct: 1069/1280
Epoch: 31 | Batch: 2300 | CrossEntropy-loss: 0.21559 | Correct: 1060/1280
Epoch: 31 | Batch: 2400 | CrossEntropy-loss: 0.23235 | Correct: 1034/1280
Epoch: 31 | Batch: 2500 | CrossEntropy-loss: 0.23050 | Correct: 1033/1280
Epoch: 31 | Batch: 2600 | CrossEntropy-loss: 0.22057 | Correct: 1055/1280
Epoch: 31 | Batch: 2700 | CrossEntropy-loss: 0.23626 | Correct: 1027/1280
Epoch: 31 | Batch: 2800 | CrossEntropy-loss: 0.23155 | Correct: 1041/1280
Epoch: 31 | Batch: 2900 | CrossEntropy-loss: 0.23599 | Correct: 1033/1280
Epoch: 31 | Batch: 3000 | CrossEntropy-loss: 0.22647 | Correct: 1045/1280

Epoch: 31 | Testing Accuracy: 805314/990020 (81.343%) | Historical Best: 81.343% 

Epoch: 32 | Batch: 000 | CrossEntropy-loss: 0.22329 | Correct: 1048/1280
Epoch: 32 | Batch: 100 | CrossEntropy-loss: 0.22139 | Correct: 1053/1280
Epoch: 32 | Batch: 200 | CrossEntropy-loss: 0.24003 | Correct: 1045/1280
Epoch: 32 | Batch: 300 | CrossEntropy-loss: 0.22437 | Correct: 1050/1280
Epoch: 32 | Batch: 400 | CrossEntropy-loss: 0.23391 | Correct: 1044/1280
Epoch: 32 | Batch: 500 | CrossEntropy-loss: 0.21910 | Correct: 1047/1280
Epoch: 32 | Batch: 600 | CrossEntropy-loss: 0.21771 | Correct: 1033/1280
Epoch: 32 | Batch: 700 | CrossEntropy-loss: 0.23042 | Correct: 1028/1280
Epoch: 32 | Batch: 800 | CrossEntropy-loss: 0.21308 | Correct: 1045/1280
Epoch: 32 | Batch: 900 | CrossEntropy-loss: 0.20745 | Correct: 1047/1280
Epoch: 32 | Batch: 1000 | CrossEntropy-loss: 0.22044 | Correct: 1055/1280
Epoch: 32 | Batch: 1100 | CrossEntropy-loss: 0.23318 | Correct: 1041/1280
Epoch: 32 | Batch: 1200 | CrossEntropy-loss: 0.21629 | Correct: 1041/1280
Epoch: 32 | Batch: 1300 | CrossEntropy-loss: 0.22579 | Correct: 1028/1280
Epoch: 32 | Batch: 1400 | CrossEntropy-loss: 0.23589 | Correct: 1034/1280
Epoch: 32 | Batch: 1500 | CrossEntropy-loss: 0.21955 | Correct: 1069/1280
Epoch: 32 | Batch: 1600 | CrossEntropy-loss: 0.21329 | Correct: 1052/1280
Epoch: 32 | Batch: 1700 | CrossEntropy-loss: 0.22653 | Correct: 1034/1280
Epoch: 32 | Batch: 1800 | CrossEntropy-loss: 0.22472 | Correct: 1050/1280
Epoch: 32 | Batch: 1900 | CrossEntropy-loss: 0.21710 | Correct: 1055/1280
Epoch: 32 | Batch: 2000 | CrossEntropy-loss: 0.23117 | Correct: 1043/1280
Epoch: 32 | Batch: 2100 | CrossEntropy-loss: 0.23515 | Correct: 1039/1280
Epoch: 32 | Batch: 2200 | CrossEntropy-loss: 0.22399 | Correct: 1060/1280
Epoch: 32 | Batch: 2300 | CrossEntropy-loss: 0.22537 | Correct: 1052/1280
Epoch: 32 | Batch: 2400 | CrossEntropy-loss: 0.21090 | Correct: 1066/1280
Epoch: 32 | Batch: 2500 | CrossEntropy-loss: 0.22058 | Correct: 1058/1280
Epoch: 32 | Batch: 2600 | CrossEntropy-loss: 0.21477 | Correct: 1058/1280
Epoch: 32 | Batch: 2700 | CrossEntropy-loss: 0.20867 | Correct: 1074/1280
Epoch: 32 | Batch: 2800 | CrossEntropy-loss: 0.21956 | Correct: 1060/1280
Epoch: 32 | Batch: 2900 | CrossEntropy-loss: 0.24870 | Correct: 1027/1280
Epoch: 32 | Batch: 3000 | CrossEntropy-loss: 0.22343 | Correct: 1034/1280

Epoch: 32 | Testing Accuracy: 810982/990020 (81.916%) | Historical Best: 81.916% 

Epoch: 33 | Batch: 000 | CrossEntropy-loss: 0.22114 | Correct: 1055/1280
Epoch: 33 | Batch: 100 | CrossEntropy-loss: 0.22426 | Correct: 1051/1280
Epoch: 33 | Batch: 200 | CrossEntropy-loss: 0.23005 | Correct: 1079/1280
Epoch: 33 | Batch: 300 | CrossEntropy-loss: 0.20491 | Correct: 1079/1280
Epoch: 33 | Batch: 400 | CrossEntropy-loss: 0.21499 | Correct: 1039/1280
Epoch: 33 | Batch: 500 | CrossEntropy-loss: 0.22171 | Correct: 1034/1280
Epoch: 33 | Batch: 600 | CrossEntropy-loss: 0.22946 | Correct: 1022/1280
Epoch: 33 | Batch: 700 | CrossEntropy-loss: 0.23380 | Correct: 1033/1280
Epoch: 33 | Batch: 800 | CrossEntropy-loss: 0.22368 | Correct: 1041/1280
Epoch: 33 | Batch: 900 | CrossEntropy-loss: 0.22912 | Correct: 1045/1280
Epoch: 33 | Batch: 1000 | CrossEntropy-loss: 0.21539 | Correct: 1046/1280
Epoch: 33 | Batch: 1100 | CrossEntropy-loss: 0.22263 | Correct: 1045/1280
Epoch: 33 | Batch: 1200 | CrossEntropy-loss: 0.21555 | Correct: 1060/1280
Epoch: 33 | Batch: 1300 | CrossEntropy-loss: 0.21714 | Correct: 1049/1280
Epoch: 33 | Batch: 1400 | CrossEntropy-loss: 0.22811 | Correct: 1019/1280
Epoch: 33 | Batch: 1500 | CrossEntropy-loss: 0.20521 | Correct: 1052/1280
Epoch: 33 | Batch: 1600 | CrossEntropy-loss: 0.21611 | Correct: 1071/1280
Epoch: 33 | Batch: 1700 | CrossEntropy-loss: 0.21607 | Correct: 1054/1280
Epoch: 33 | Batch: 1800 | CrossEntropy-loss: 0.23217 | Correct: 1034/1280
Epoch: 33 | Batch: 1900 | CrossEntropy-loss: 0.22697 | Correct: 1045/1280
Epoch: 33 | Batch: 2000 | CrossEntropy-loss: 0.22667 | Correct: 1059/1280
Epoch: 33 | Batch: 2100 | CrossEntropy-loss: 0.22685 | Correct: 1051/1280
Epoch: 33 | Batch: 2200 | CrossEntropy-loss: 0.21955 | Correct: 1060/1280
Epoch: 33 | Batch: 2300 | CrossEntropy-loss: 0.21407 | Correct: 1069/1280
Epoch: 33 | Batch: 2400 | CrossEntropy-loss: 0.23447 | Correct: 1067/1280
Epoch: 33 | Batch: 2500 | CrossEntropy-loss: 0.23305 | Correct: 1053/1280
Epoch: 33 | Batch: 2600 | CrossEntropy-loss: 0.22611 | Correct: 1076/1280
Epoch: 33 | Batch: 2700 | CrossEntropy-loss: 0.22625 | Correct: 1040/1280
Epoch: 33 | Batch: 2800 | CrossEntropy-loss: 0.22678 | Correct: 1042/1280
Epoch: 33 | Batch: 2900 | CrossEntropy-loss: 0.23291 | Correct: 1033/1280
Epoch: 33 | Batch: 3000 | CrossEntropy-loss: 0.21763 | Correct: 1070/1280

Epoch: 33 | Testing Accuracy: 814738/990020 (82.295%) | Historical Best: 82.295% 

Epoch: 34 | Batch: 000 | CrossEntropy-loss: 0.21947 | Correct: 1071/1280
Epoch: 34 | Batch: 100 | CrossEntropy-loss: 0.23088 | Correct: 1047/1280
Epoch: 34 | Batch: 200 | CrossEntropy-loss: 0.21880 | Correct: 1052/1280
Epoch: 34 | Batch: 300 | CrossEntropy-loss: 0.22207 | Correct: 1054/1280
Epoch: 34 | Batch: 400 | CrossEntropy-loss: 0.22137 | Correct: 1067/1280
Epoch: 34 | Batch: 500 | CrossEntropy-loss: 0.22040 | Correct: 1060/1280
Epoch: 34 | Batch: 600 | CrossEntropy-loss: 0.22111 | Correct: 1066/1280
Epoch: 34 | Batch: 700 | CrossEntropy-loss: 0.22982 | Correct: 1058/1280
Epoch: 34 | Batch: 800 | CrossEntropy-loss: 0.22501 | Correct: 1065/1280
Epoch: 34 | Batch: 900 | CrossEntropy-loss: 0.22927 | Correct: 1073/1280
Epoch: 34 | Batch: 1000 | CrossEntropy-loss: 0.22251 | Correct: 1046/1280
Epoch: 34 | Batch: 1100 | CrossEntropy-loss: 0.21840 | Correct: 1053/1280
Epoch: 34 | Batch: 1200 | CrossEntropy-loss: 0.22671 | Correct: 1065/1280
Epoch: 34 | Batch: 1300 | CrossEntropy-loss: 0.21846 | Correct: 1039/1280
Epoch: 34 | Batch: 1400 | CrossEntropy-loss: 0.21512 | Correct: 1056/1280
Epoch: 34 | Batch: 1500 | CrossEntropy-loss: 0.21339 | Correct: 1065/1280
Epoch: 34 | Batch: 1600 | CrossEntropy-loss: 0.23768 | Correct: 1043/1280
Epoch: 34 | Batch: 1700 | CrossEntropy-loss: 0.21708 | Correct: 1081/1280
Epoch: 34 | Batch: 1800 | CrossEntropy-loss: 0.21289 | Correct: 1075/1280
Epoch: 34 | Batch: 1900 | CrossEntropy-loss: 0.22684 | Correct: 1077/1280
Epoch: 34 | Batch: 2000 | CrossEntropy-loss: 0.21562 | Correct: 1063/1280
Epoch: 34 | Batch: 2100 | CrossEntropy-loss: 0.22656 | Correct: 1061/1280
Epoch: 34 | Batch: 2200 | CrossEntropy-loss: 0.21852 | Correct: 1070/1280
Epoch: 34 | Batch: 2300 | CrossEntropy-loss: 0.22911 | Correct: 1055/1280
Epoch: 34 | Batch: 2400 | CrossEntropy-loss: 0.21691 | Correct: 1058/1280
Epoch: 34 | Batch: 2500 | CrossEntropy-loss: 0.21795 | Correct: 1061/1280
Epoch: 34 | Batch: 2600 | CrossEntropy-loss: 0.23530 | Correct: 1050/1280
Epoch: 34 | Batch: 2700 | CrossEntropy-loss: 0.21698 | Correct: 1056/1280
Epoch: 34 | Batch: 2800 | CrossEntropy-loss: 0.22596 | Correct: 1060/1280
Epoch: 34 | Batch: 2900 | CrossEntropy-loss: 0.21101 | Correct: 1057/1280
Epoch: 34 | Batch: 3000 | CrossEntropy-loss: 0.21292 | Correct: 1063/1280

Epoch: 34 | Testing Accuracy: 820414/990020 (82.868%) | Historical Best: 82.868% 

Epoch: 35 | Batch: 000 | CrossEntropy-loss: 0.20763 | Correct: 1049/1280
Epoch: 35 | Batch: 100 | CrossEntropy-loss: 0.21373 | Correct: 1062/1280
Epoch: 35 | Batch: 200 | CrossEntropy-loss: 0.22548 | Correct: 1062/1280
Epoch: 35 | Batch: 300 | CrossEntropy-loss: 0.22421 | Correct: 1050/1280
Epoch: 35 | Batch: 400 | CrossEntropy-loss: 0.20429 | Correct: 1083/1280
Epoch: 35 | Batch: 500 | CrossEntropy-loss: 0.22098 | Correct: 1051/1280
Epoch: 35 | Batch: 600 | CrossEntropy-loss: 0.22312 | Correct: 1048/1280
Epoch: 35 | Batch: 700 | CrossEntropy-loss: 0.22034 | Correct: 1073/1280
Epoch: 35 | Batch: 800 | CrossEntropy-loss: 0.23127 | Correct: 1051/1280
Epoch: 35 | Batch: 900 | CrossEntropy-loss: 0.22056 | Correct: 1053/1280
Epoch: 35 | Batch: 1000 | CrossEntropy-loss: 0.21430 | Correct: 1067/1280
Epoch: 35 | Batch: 1100 | CrossEntropy-loss: 0.21816 | Correct: 1095/1280
Epoch: 35 | Batch: 1200 | CrossEntropy-loss: 0.22239 | Correct: 1063/1280
Epoch: 35 | Batch: 1300 | CrossEntropy-loss: 0.21255 | Correct: 1039/1280
Epoch: 35 | Batch: 1400 | CrossEntropy-loss: 0.23069 | Correct: 1053/1280
Epoch: 35 | Batch: 1500 | CrossEntropy-loss: 0.21611 | Correct: 1083/1280
Epoch: 35 | Batch: 1600 | CrossEntropy-loss: 0.22673 | Correct: 1043/1280
Epoch: 35 | Batch: 1700 | CrossEntropy-loss: 0.21676 | Correct: 1061/1280
Epoch: 35 | Batch: 1800 | CrossEntropy-loss: 0.21107 | Correct: 1092/1280
Epoch: 35 | Batch: 1900 | CrossEntropy-loss: 0.21129 | Correct: 1047/1280
Epoch: 35 | Batch: 2000 | CrossEntropy-loss: 0.22396 | Correct: 1057/1280
Epoch: 35 | Batch: 2100 | CrossEntropy-loss: 0.22473 | Correct: 1055/1280
Epoch: 35 | Batch: 2200 | CrossEntropy-loss: 0.20629 | Correct: 1070/1280
Epoch: 35 | Batch: 2300 | CrossEntropy-loss: 0.22120 | Correct: 1056/1280
Epoch: 35 | Batch: 2400 | CrossEntropy-loss: 0.22037 | Correct: 1075/1280
Epoch: 35 | Batch: 2500 | CrossEntropy-loss: 0.21111 | Correct: 1074/1280
Epoch: 35 | Batch: 2600 | CrossEntropy-loss: 0.20952 | Correct: 1066/1280
Epoch: 35 | Batch: 2700 | CrossEntropy-loss: 0.20928 | Correct: 1081/1280
Epoch: 35 | Batch: 2800 | CrossEntropy-loss: 0.22193 | Correct: 1070/1280
Epoch: 35 | Batch: 2900 | CrossEntropy-loss: 0.19949 | Correct: 1065/1280
Epoch: 35 | Batch: 3000 | CrossEntropy-loss: 0.22892 | Correct: 1054/1280

Epoch: 35 | Testing Accuracy: 822350/990020 (83.064%) | Historical Best: 83.064% 

Epoch: 36 | Batch: 000 | CrossEntropy-loss: 0.21808 | Correct: 1058/1280
Epoch: 36 | Batch: 100 | CrossEntropy-loss: 0.21748 | Correct: 1061/1280
Epoch: 36 | Batch: 200 | CrossEntropy-loss: 0.21151 | Correct: 1053/1280
Epoch: 36 | Batch: 300 | CrossEntropy-loss: 0.20806 | Correct: 1072/1280
Epoch: 36 | Batch: 400 | CrossEntropy-loss: 0.21811 | Correct: 1060/1280
Epoch: 36 | Batch: 500 | CrossEntropy-loss: 0.21818 | Correct: 1085/1280
Epoch: 36 | Batch: 600 | CrossEntropy-loss: 0.22931 | Correct: 1069/1280
Epoch: 36 | Batch: 700 | CrossEntropy-loss: 0.20948 | Correct: 1070/1280
Epoch: 36 | Batch: 800 | CrossEntropy-loss: 0.20405 | Correct: 1080/1280
Epoch: 36 | Batch: 900 | CrossEntropy-loss: 0.22508 | Correct: 1052/1280
Epoch: 36 | Batch: 1000 | CrossEntropy-loss: 0.22198 | Correct: 1065/1280
Epoch: 36 | Batch: 1100 | CrossEntropy-loss: 0.21880 | Correct: 1066/1280
Epoch: 36 | Batch: 1200 | CrossEntropy-loss: 0.22641 | Correct: 1064/1280
Epoch: 36 | Batch: 1300 | CrossEntropy-loss: 0.20518 | Correct: 1079/1280
Epoch: 36 | Batch: 1400 | CrossEntropy-loss: 0.20804 | Correct: 1059/1280
Epoch: 36 | Batch: 1500 | CrossEntropy-loss: 0.21132 | Correct: 1085/1280
Epoch: 36 | Batch: 1600 | CrossEntropy-loss: 0.22017 | Correct: 1059/1280
Epoch: 36 | Batch: 1700 | CrossEntropy-loss: 0.21468 | Correct: 1065/1280
Epoch: 36 | Batch: 1800 | CrossEntropy-loss: 0.22153 | Correct: 1076/1280
Epoch: 36 | Batch: 1900 | CrossEntropy-loss: 0.21812 | Correct: 1067/1280
Epoch: 36 | Batch: 2000 | CrossEntropy-loss: 0.22412 | Correct: 1054/1280
Epoch: 36 | Batch: 2100 | CrossEntropy-loss: 0.21582 | Correct: 1062/1280
Epoch: 36 | Batch: 2200 | CrossEntropy-loss: 0.20703 | Correct: 1090/1280
Epoch: 36 | Batch: 2300 | CrossEntropy-loss: 0.22156 | Correct: 1057/1280
Epoch: 36 | Batch: 2400 | CrossEntropy-loss: 0.21800 | Correct: 1057/1280
Epoch: 36 | Batch: 2500 | CrossEntropy-loss: 0.21855 | Correct: 1058/1280
Epoch: 36 | Batch: 2600 | CrossEntropy-loss: 0.21372 | Correct: 1051/1280
Epoch: 36 | Batch: 2700 | CrossEntropy-loss: 0.22820 | Correct: 1062/1280
Epoch: 36 | Batch: 2800 | CrossEntropy-loss: 0.21516 | Correct: 1073/1280
Epoch: 36 | Batch: 2900 | CrossEntropy-loss: 0.21140 | Correct: 1092/1280
Epoch: 36 | Batch: 3000 | CrossEntropy-loss: 0.22279 | Correct: 1067/1280

Epoch: 36 | Testing Accuracy: 825959/990020 (83.429%) | Historical Best: 83.429% 

Epoch: 37 | Batch: 000 | CrossEntropy-loss: 0.21637 | Correct: 1068/1280
Epoch: 37 | Batch: 100 | CrossEntropy-loss: 0.21206 | Correct: 1077/1280
Epoch: 37 | Batch: 200 | CrossEntropy-loss: 0.22305 | Correct: 1056/1280
Epoch: 37 | Batch: 300 | CrossEntropy-loss: 0.23563 | Correct: 1067/1280
Epoch: 37 | Batch: 400 | CrossEntropy-loss: 0.20870 | Correct: 1085/1280
Epoch: 37 | Batch: 500 | CrossEntropy-loss: 0.21882 | Correct: 1082/1280
Epoch: 37 | Batch: 600 | CrossEntropy-loss: 0.19852 | Correct: 1084/1280
Epoch: 37 | Batch: 700 | CrossEntropy-loss: 0.20804 | Correct: 1079/1280
Epoch: 37 | Batch: 800 | CrossEntropy-loss: 0.21795 | Correct: 1060/1280
Epoch: 37 | Batch: 900 | CrossEntropy-loss: 0.22091 | Correct: 1070/1280
Epoch: 37 | Batch: 1000 | CrossEntropy-loss: 0.20811 | Correct: 1068/1280
Epoch: 37 | Batch: 1100 | CrossEntropy-loss: 0.21191 | Correct: 1079/1280
Epoch: 37 | Batch: 1200 | CrossEntropy-loss: 0.21458 | Correct: 1056/1280
Epoch: 37 | Batch: 1300 | CrossEntropy-loss: 0.22747 | Correct: 1058/1280
Epoch: 37 | Batch: 1400 | CrossEntropy-loss: 0.21911 | Correct: 1061/1280
Epoch: 37 | Batch: 1500 | CrossEntropy-loss: 0.21222 | Correct: 1084/1280
Epoch: 37 | Batch: 1600 | CrossEntropy-loss: 0.21220 | Correct: 1077/1280
Epoch: 37 | Batch: 1700 | CrossEntropy-loss: 0.21959 | Correct: 1080/1280
Epoch: 37 | Batch: 1800 | CrossEntropy-loss: 0.22792 | Correct: 1067/1280
Epoch: 37 | Batch: 1900 | CrossEntropy-loss: 0.22535 | Correct: 1065/1280
Epoch: 37 | Batch: 2000 | CrossEntropy-loss: 0.20221 | Correct: 1075/1280
Epoch: 37 | Batch: 2100 | CrossEntropy-loss: 0.22090 | Correct: 1049/1280
Epoch: 37 | Batch: 2200 | CrossEntropy-loss: 0.22581 | Correct: 1067/1280
Epoch: 37 | Batch: 2300 | CrossEntropy-loss: 0.20558 | Correct: 1085/1280
Epoch: 37 | Batch: 2400 | CrossEntropy-loss: 0.21522 | Correct: 1082/1280
Epoch: 37 | Batch: 2500 | CrossEntropy-loss: 0.21359 | Correct: 1072/1280
Epoch: 37 | Batch: 2600 | CrossEntropy-loss: 0.21667 | Correct: 1068/1280
Epoch: 37 | Batch: 2700 | CrossEntropy-loss: 0.20833 | Correct: 1078/1280
Epoch: 37 | Batch: 2800 | CrossEntropy-loss: 0.22120 | Correct: 1064/1280
Epoch: 37 | Batch: 2900 | CrossEntropy-loss: 0.21011 | Correct: 1080/1280
Epoch: 37 | Batch: 3000 | CrossEntropy-loss: 0.22261 | Correct: 1065/1280

Epoch: 37 | Testing Accuracy: 829807/990020 (83.817%) | Historical Best: 83.817% 

Epoch: 38 | Batch: 000 | CrossEntropy-loss: 0.21503 | Correct: 1077/1280
Epoch: 38 | Batch: 100 | CrossEntropy-loss: 0.20094 | Correct: 1070/1280
Epoch: 38 | Batch: 200 | CrossEntropy-loss: 0.21055 | Correct: 1065/1280
Epoch: 38 | Batch: 300 | CrossEntropy-loss: 0.22974 | Correct: 1050/1280
Epoch: 38 | Batch: 400 | CrossEntropy-loss: 0.21580 | Correct: 1061/1280
Epoch: 38 | Batch: 500 | CrossEntropy-loss: 0.21868 | Correct: 1072/1280
Epoch: 38 | Batch: 600 | CrossEntropy-loss: 0.21573 | Correct: 1080/1280
Epoch: 38 | Batch: 700 | CrossEntropy-loss: 0.21527 | Correct: 1078/1280
Epoch: 38 | Batch: 800 | CrossEntropy-loss: 0.21751 | Correct: 1070/1280
Epoch: 38 | Batch: 900 | CrossEntropy-loss: 0.20955 | Correct: 1063/1280
Epoch: 38 | Batch: 1000 | CrossEntropy-loss: 0.22000 | Correct: 1080/1280
Epoch: 38 | Batch: 1100 | CrossEntropy-loss: 0.20727 | Correct: 1077/1280
Epoch: 38 | Batch: 1200 | CrossEntropy-loss: 0.23007 | Correct: 1062/1280
Epoch: 38 | Batch: 1300 | CrossEntropy-loss: 0.21567 | Correct: 1060/1280
Epoch: 38 | Batch: 1400 | CrossEntropy-loss: 0.20872 | Correct: 1085/1280
Epoch: 38 | Batch: 1500 | CrossEntropy-loss: 0.20291 | Correct: 1088/1280
Epoch: 38 | Batch: 1600 | CrossEntropy-loss: 0.21832 | Correct: 1084/1280
Epoch: 38 | Batch: 1700 | CrossEntropy-loss: 0.21059 | Correct: 1076/1280
Epoch: 38 | Batch: 1800 | CrossEntropy-loss: 0.20853 | Correct: 1088/1280
Epoch: 38 | Batch: 1900 | CrossEntropy-loss: 0.20476 | Correct: 1094/1280
Epoch: 38 | Batch: 2000 | CrossEntropy-loss: 0.21368 | Correct: 1094/1280
Epoch: 38 | Batch: 2100 | CrossEntropy-loss: 0.20588 | Correct: 1074/1280
Epoch: 38 | Batch: 2200 | CrossEntropy-loss: 0.21751 | Correct: 1067/1280
Epoch: 38 | Batch: 2300 | CrossEntropy-loss: 0.21350 | Correct: 1081/1280
Epoch: 38 | Batch: 2400 | CrossEntropy-loss: 0.20863 | Correct: 1093/1280
Epoch: 38 | Batch: 2500 | CrossEntropy-loss: 0.22580 | Correct: 1085/1280
Epoch: 38 | Batch: 2600 | CrossEntropy-loss: 0.20185 | Correct: 1101/1280
Epoch: 38 | Batch: 2700 | CrossEntropy-loss: 0.20929 | Correct: 1073/1280
Epoch: 38 | Batch: 2800 | CrossEntropy-loss: 0.20540 | Correct: 1091/1280
Epoch: 38 | Batch: 2900 | CrossEntropy-loss: 0.22307 | Correct: 1040/1280
Epoch: 38 | Batch: 3000 | CrossEntropy-loss: 0.21444 | Correct: 1064/1280

Epoch: 38 | Testing Accuracy: 833043/990020 (84.144%) | Historical Best: 84.144% 

Epoch: 39 | Batch: 000 | CrossEntropy-loss: 0.20692 | Correct: 1085/1280
Epoch: 39 | Batch: 100 | CrossEntropy-loss: 0.20635 | Correct: 1077/1280
Epoch: 39 | Batch: 200 | CrossEntropy-loss: 0.21423 | Correct: 1088/1280
Epoch: 39 | Batch: 300 | CrossEntropy-loss: 0.22242 | Correct: 1067/1280
Epoch: 39 | Batch: 400 | CrossEntropy-loss: 0.20817 | Correct: 1084/1280
Epoch: 39 | Batch: 500 | CrossEntropy-loss: 0.20836 | Correct: 1051/1280
Epoch: 39 | Batch: 600 | CrossEntropy-loss: 0.21818 | Correct: 1075/1280
Epoch: 39 | Batch: 700 | CrossEntropy-loss: 0.21273 | Correct: 1057/1280
Epoch: 39 | Batch: 800 | CrossEntropy-loss: 0.21836 | Correct: 1081/1280
Epoch: 39 | Batch: 900 | CrossEntropy-loss: 0.22507 | Correct: 1065/1280
Epoch: 39 | Batch: 1000 | CrossEntropy-loss: 0.21264 | Correct: 1050/1280
Epoch: 39 | Batch: 1100 | CrossEntropy-loss: 0.20731 | Correct: 1078/1280
Epoch: 39 | Batch: 1200 | CrossEntropy-loss: 0.20654 | Correct: 1068/1280
Epoch: 39 | Batch: 1300 | CrossEntropy-loss: 0.21746 | Correct: 1088/1280
Epoch: 39 | Batch: 1400 | CrossEntropy-loss: 0.21853 | Correct: 1080/1280
Epoch: 39 | Batch: 1500 | CrossEntropy-loss: 0.21280 | Correct: 1078/1280
Epoch: 39 | Batch: 1600 | CrossEntropy-loss: 0.22364 | Correct: 1076/1280
Epoch: 39 | Batch: 1700 | CrossEntropy-loss: 0.21533 | Correct: 1093/1280
Epoch: 39 | Batch: 1800 | CrossEntropy-loss: 0.21912 | Correct: 1078/1280
Epoch: 39 | Batch: 1900 | CrossEntropy-loss: 0.20811 | Correct: 1098/1280
Epoch: 39 | Batch: 2000 | CrossEntropy-loss: 0.21528 | Correct: 1062/1280
Epoch: 39 | Batch: 2100 | CrossEntropy-loss: 0.21680 | Correct: 1075/1280
Epoch: 39 | Batch: 2200 | CrossEntropy-loss: 0.20441 | Correct: 1085/1280
Epoch: 39 | Batch: 2300 | CrossEntropy-loss: 0.22024 | Correct: 1079/1280
Epoch: 39 | Batch: 2400 | CrossEntropy-loss: 0.21295 | Correct: 1081/1280
Epoch: 39 | Batch: 2500 | CrossEntropy-loss: 0.21880 | Correct: 1070/1280
Epoch: 39 | Batch: 2600 | CrossEntropy-loss: 0.21044 | Correct: 1062/1280
Epoch: 39 | Batch: 2700 | CrossEntropy-loss: 0.21308 | Correct: 1075/1280
Epoch: 39 | Batch: 2800 | CrossEntropy-loss: 0.19791 | Correct: 1101/1280
Epoch: 39 | Batch: 2900 | CrossEntropy-loss: 0.20647 | Correct: 1060/1280
Epoch: 39 | Batch: 3000 | CrossEntropy-loss: 0.20103 | Correct: 1099/1280

Epoch: 39 | Testing Accuracy: 834588/990020 (84.300%) | Historical Best: 84.300% 

Epoch: 40 | Batch: 000 | CrossEntropy-loss: 0.21414 | Correct: 1073/1280
Epoch: 40 | Batch: 100 | CrossEntropy-loss: 0.22700 | Correct: 1067/1280
Epoch: 40 | Batch: 200 | CrossEntropy-loss: 0.21303 | Correct: 1062/1280
Epoch: 40 | Batch: 300 | CrossEntropy-loss: 0.20935 | Correct: 1075/1280
Epoch: 40 | Batch: 400 | CrossEntropy-loss: 0.20664 | Correct: 1079/1280
Epoch: 40 | Batch: 500 | CrossEntropy-loss: 0.21669 | Correct: 1091/1280
Epoch: 40 | Batch: 600 | CrossEntropy-loss: 0.22196 | Correct: 1067/1280
Epoch: 40 | Batch: 700 | CrossEntropy-loss: 0.21684 | Correct: 1099/1280
Epoch: 40 | Batch: 800 | CrossEntropy-loss: 0.20462 | Correct: 1068/1280
Epoch: 40 | Batch: 900 | CrossEntropy-loss: 0.21163 | Correct: 1074/1280
Epoch: 40 | Batch: 1000 | CrossEntropy-loss: 0.23191 | Correct: 1061/1280
Epoch: 40 | Batch: 1100 | CrossEntropy-loss: 0.21038 | Correct: 1082/1280
Epoch: 40 | Batch: 1200 | CrossEntropy-loss: 0.21651 | Correct: 1071/1280
Epoch: 40 | Batch: 1300 | CrossEntropy-loss: 0.22249 | Correct: 1077/1280
Epoch: 40 | Batch: 1400 | CrossEntropy-loss: 0.20668 | Correct: 1076/1280
Epoch: 40 | Batch: 1500 | CrossEntropy-loss: 0.20956 | Correct: 1082/1280
Epoch: 40 | Batch: 1600 | CrossEntropy-loss: 0.20738 | Correct: 1097/1280
Epoch: 40 | Batch: 1700 | CrossEntropy-loss: 0.21638 | Correct: 1092/1280
Epoch: 40 | Batch: 1800 | CrossEntropy-loss: 0.19470 | Correct: 1106/1280
Epoch: 40 | Batch: 1900 | CrossEntropy-loss: 0.20561 | Correct: 1089/1280
Epoch: 40 | Batch: 2000 | CrossEntropy-loss: 0.20892 | Correct: 1071/1280
Epoch: 40 | Batch: 2100 | CrossEntropy-loss: 0.22123 | Correct: 1073/1280
Epoch: 40 | Batch: 2200 | CrossEntropy-loss: 0.19196 | Correct: 1088/1280
Epoch: 40 | Batch: 2300 | CrossEntropy-loss: 0.19928 | Correct: 1083/1280
Epoch: 40 | Batch: 2400 | CrossEntropy-loss: 0.22646 | Correct: 1081/1280
Epoch: 40 | Batch: 2500 | CrossEntropy-loss: 0.21227 | Correct: 1082/1280
Epoch: 40 | Batch: 2600 | CrossEntropy-loss: 0.21885 | Correct: 1064/1280
Epoch: 40 | Batch: 2700 | CrossEntropy-loss: 0.20902 | Correct: 1090/1280
Epoch: 40 | Batch: 2800 | CrossEntropy-loss: 0.22539 | Correct: 1048/1280
Epoch: 40 | Batch: 2900 | CrossEntropy-loss: 0.21031 | Correct: 1099/1280
Epoch: 40 | Batch: 3000 | CrossEntropy-loss: 0.22315 | Correct: 1077/1280

Epoch: 40 | Testing Accuracy: 837098/990020 (84.554%) | Historical Best: 84.554% 

