compute004
1
/home/zihan/anaconda3/envs/exp/lib/python3.6/site-packages/tensorboard/compat/tensorflow_stub/dtypes.py:541: FutureWarning: Passing (type, 1) or '1type' as a synonym of type is deprecated; in a future version of numpy, it will be understood as (type, (1,)) / '(1,)type'.
  _np_qint8 = np.dtype([("qint8", np.int8, 1)])
/home/zihan/anaconda3/envs/exp/lib/python3.6/site-packages/tensorboard/compat/tensorflow_stub/dtypes.py:542: FutureWarning: Passing (type, 1) or '1type' as a synonym of type is deprecated; in a future version of numpy, it will be understood as (type, (1,)) / '(1,)type'.
  _np_quint8 = np.dtype([("quint8", np.uint8, 1)])
/home/zihan/anaconda3/envs/exp/lib/python3.6/site-packages/tensorboard/compat/tensorflow_stub/dtypes.py:543: FutureWarning: Passing (type, 1) or '1type' as a synonym of type is deprecated; in a future version of numpy, it will be understood as (type, (1,)) / '(1,)type'.
  _np_qint16 = np.dtype([("qint16", np.int16, 1)])
/home/zihan/anaconda3/envs/exp/lib/python3.6/site-packages/tensorboard/compat/tensorflow_stub/dtypes.py:544: FutureWarning: Passing (type, 1) or '1type' as a synonym of type is deprecated; in a future version of numpy, it will be understood as (type, (1,)) / '(1,)type'.
  _np_quint16 = np.dtype([("quint16", np.uint16, 1)])
/home/zihan/anaconda3/envs/exp/lib/python3.6/site-packages/tensorboard/compat/tensorflow_stub/dtypes.py:545: FutureWarning: Passing (type, 1) or '1type' as a synonym of type is deprecated; in a future version of numpy, it will be understood as (type, (1,)) / '(1,)type'.
  _np_qint32 = np.dtype([("qint32", np.int32, 1)])
/home/zihan/anaconda3/envs/exp/lib/python3.6/site-packages/tensorboard/compat/tensorflow_stub/dtypes.py:550: FutureWarning: Passing (type, 1) or '1type' as a synonym of type is deprecated; in a future version of numpy, it will be understood as (type, (1,)) / '(1,)type'.
  np_resource = np.dtype([("resource", np.ubyte, 1)])
Epoch: 01 | Batch: 000 | CrossEntropy-loss: 1.38334 | Correct: 505/1280 | Difference: 1.0214123749407191
Epoch: 01 | Batch: 100 | CrossEntropy-loss: 1.27010 | Correct: 756/1280 | Difference: 1.005241374905487
Epoch: 01 | Batch: 200 | CrossEntropy-loss: 1.18629 | Correct: 754/1280 | Difference: 0.9953696316109419
Epoch: 01 | Batch: 300 | CrossEntropy-loss: 1.10555 | Correct: 750/1280 | Difference: 0.9727875417577873
Epoch: 01 | Batch: 400 | CrossEntropy-loss: 1.05423 | Correct: 799/1280 | Difference: 0.9433838130100711
Epoch: 01 | Batch: 500 | CrossEntropy-loss: 1.00350 | Correct: 794/1280 | Difference: 0.9263286616775707
Epoch: 01 | Batch: 600 | CrossEntropy-loss: 0.98854 | Correct: 795/1280 | Difference: 0.9117689240838637
Epoch: 01 | Batch: 700 | CrossEntropy-loss: 0.91792 | Correct: 825/1280 | Difference: 0.8984165679045935
Epoch: 01 | Batch: 800 | CrossEntropy-loss: 0.90978 | Correct: 867/1280 | Difference: 0.8868134533998978
Epoch: 01 | Batch: 900 | CrossEntropy-loss: 0.87302 | Correct: 883/1280 | Difference: 0.8761292192401873
Epoch: 01 | Batch: 1000 | CrossEntropy-loss: 0.85674 | Correct: 907/1280 | Difference: 0.8678435795253399
Epoch: 01 | Batch: 1100 | CrossEntropy-loss: 0.83045 | Correct: 934/1280 | Difference: 0.8565885397136269
Epoch: 01 | Batch: 1200 | CrossEntropy-loss: 0.79649 | Correct: 938/1280 | Difference: 0.8431717791462303
Epoch: 01 | Batch: 1300 | CrossEntropy-loss: 0.81481 | Correct: 939/1280 | Difference: 0.8309023684877487
Epoch: 01 | Batch: 1400 | CrossEntropy-loss: 0.75008 | Correct: 961/1280 | Difference: 0.8204937978721873
Epoch: 01 | Batch: 1500 | CrossEntropy-loss: 0.78833 | Correct: 935/1280 | Difference: 0.8090739382526647

Epoch: 01 | Testing Accuracy: 375804/504607 (74.475%) | Historical Best: 74.475% 

Epoch: 02 | Batch: 000 | CrossEntropy-loss: 0.77819 | Correct: 950/1280 | Difference: 0.8018398052508509
Epoch: 02 | Batch: 100 | CrossEntropy-loss: 0.76278 | Correct: 942/1280 | Difference: 0.7947624531070268
Epoch: 02 | Batch: 200 | CrossEntropy-loss: 0.74404 | Correct: 953/1280 | Difference: 0.7897503460444415
Epoch: 02 | Batch: 300 | CrossEntropy-loss: 0.72332 | Correct: 959/1280 | Difference: 0.7842340128861545
Epoch: 02 | Batch: 400 | CrossEntropy-loss: 0.72154 | Correct: 966/1280 | Difference: 0.7811478882380505
Epoch: 02 | Batch: 500 | CrossEntropy-loss: 0.68869 | Correct: 977/1280 | Difference: 0.7787241742075022
Epoch: 02 | Batch: 600 | CrossEntropy-loss: 0.68159 | Correct: 981/1280 | Difference: 0.7751092888837517
Epoch: 02 | Batch: 700 | CrossEntropy-loss: 0.64090 | Correct: 990/1280 | Difference: 0.7713673903253387
Epoch: 02 | Batch: 800 | CrossEntropy-loss: 0.67339 | Correct: 961/1280 | Difference: 0.768319052410851
Epoch: 02 | Batch: 900 | CrossEntropy-loss: 0.66707 | Correct: 990/1280 | Difference: 0.7665931991959115
Epoch: 02 | Batch: 1000 | CrossEntropy-loss: 0.64210 | Correct: 992/1280 | Difference: 0.7647248230135193
Epoch: 02 | Batch: 1100 | CrossEntropy-loss: 0.64944 | Correct: 978/1280 | Difference: 0.7629574176045433
Epoch: 02 | Batch: 1200 | CrossEntropy-loss: 0.63211 | Correct: 987/1280 | Difference: 0.7625231236630283
Epoch: 02 | Batch: 1300 | CrossEntropy-loss: 0.64582 | Correct: 986/1280 | Difference: 0.7619350520153315
Epoch: 02 | Batch: 1400 | CrossEntropy-loss: 0.64741 | Correct: 967/1280 | Difference: 0.7606402340846231
Epoch: 02 | Batch: 1500 | CrossEntropy-loss: 0.63124 | Correct: 978/1280 | Difference: 0.759765429829408

Epoch: 02 | Testing Accuracy: 389311/504607 (77.151%) | Historical Best: 77.151% 

Epoch: 03 | Batch: 000 | CrossEntropy-loss: 0.62046 | Correct: 991/1280 | Difference: 0.759630783743224
Epoch: 03 | Batch: 100 | CrossEntropy-loss: 0.59470 | Correct: 1017/1280 | Difference: 0.7586427300988005
Epoch: 03 | Batch: 200 | CrossEntropy-loss: 0.61026 | Correct: 984/1280 | Difference: 0.7582573882000269
Epoch: 03 | Batch: 300 | CrossEntropy-loss: 0.59934 | Correct: 979/1280 | Difference: 0.7569309313710526
Epoch: 03 | Batch: 400 | CrossEntropy-loss: 0.62567 | Correct: 984/1280 | Difference: 0.7560647317447757
Epoch: 03 | Batch: 500 | CrossEntropy-loss: 0.60329 | Correct: 1010/1280 | Difference: 0.7556181774636478
Epoch: 03 | Batch: 600 | CrossEntropy-loss: 0.57451 | Correct: 1020/1280 | Difference: 0.7551620819379633
Epoch: 03 | Batch: 700 | CrossEntropy-loss: 0.57863 | Correct: 993/1280 | Difference: 0.7549832037449346
Epoch: 03 | Batch: 800 | CrossEntropy-loss: 0.61205 | Correct: 978/1280 | Difference: 0.7539790910346491
Epoch: 03 | Batch: 900 | CrossEntropy-loss: 0.57875 | Correct: 1003/1280 | Difference: 0.7537907444274298
Epoch: 03 | Batch: 1000 | CrossEntropy-loss: 0.60407 | Correct: 971/1280 | Difference: 0.753798422122678
Epoch: 03 | Batch: 1100 | CrossEntropy-loss: 0.56512 | Correct: 1013/1280 | Difference: 0.7537602529462227
Epoch: 03 | Batch: 1200 | CrossEntropy-loss: 0.55307 | Correct: 1008/1280 | Difference: 0.7539071055169287
Epoch: 03 | Batch: 1300 | CrossEntropy-loss: 0.56135 | Correct: 1006/1280 | Difference: 0.7546525143236745
Epoch: 03 | Batch: 1400 | CrossEntropy-loss: 0.56371 | Correct: 1002/1280 | Difference: 0.7553990991780737
Epoch: 03 | Batch: 1500 | CrossEntropy-loss: 0.57721 | Correct: 996/1280 | Difference: 0.7557344748866015

Epoch: 03 | Testing Accuracy: 392514/504607 (77.786%) | Historical Best: 77.786% 

Epoch: 04 | Batch: 000 | CrossEntropy-loss: 0.58388 | Correct: 991/1280 | Difference: 0.756033706105707
Epoch: 04 | Batch: 100 | CrossEntropy-loss: 0.57656 | Correct: 972/1280 | Difference: 0.7564856908430587
Epoch: 04 | Batch: 200 | CrossEntropy-loss: 0.55393 | Correct: 999/1280 | Difference: 0.7571455525021854
Epoch: 04 | Batch: 300 | CrossEntropy-loss: 0.55987 | Correct: 985/1280 | Difference: 0.7568377642287888
Epoch: 04 | Batch: 400 | CrossEntropy-loss: 0.55743 | Correct: 1001/1280 | Difference: 0.756128071790418
Epoch: 04 | Batch: 500 | CrossEntropy-loss: 0.56528 | Correct: 985/1280 | Difference: 0.7555768766476322
Epoch: 04 | Batch: 600 | CrossEntropy-loss: 0.52990 | Correct: 1040/1280 | Difference: 0.7551854193091252
Epoch: 04 | Batch: 700 | CrossEntropy-loss: 0.51385 | Correct: 1030/1280 | Difference: 0.7550615451986384
Epoch: 04 | Batch: 800 | CrossEntropy-loss: 0.54646 | Correct: 1009/1280 | Difference: 0.7547203610931472
Epoch: 04 | Batch: 900 | CrossEntropy-loss: 0.54467 | Correct: 1008/1280 | Difference: 0.7536953075933375
Epoch: 04 | Batch: 1000 | CrossEntropy-loss: 0.52320 | Correct: 1039/1280 | Difference: 0.7537362792113316
Epoch: 04 | Batch: 1100 | CrossEntropy-loss: 0.54367 | Correct: 1021/1280 | Difference: 0.7532978868889375
Epoch: 04 | Batch: 1200 | CrossEntropy-loss: 0.50196 | Correct: 1021/1280 | Difference: 0.7525344430897137
Epoch: 04 | Batch: 1300 | CrossEntropy-loss: 0.52870 | Correct: 1032/1280 | Difference: 0.7518829353155011
Epoch: 04 | Batch: 1400 | CrossEntropy-loss: 0.49512 | Correct: 1051/1280 | Difference: 0.7510111892448698
Epoch: 04 | Batch: 1500 | CrossEntropy-loss: 0.53782 | Correct: 1018/1280 | Difference: 0.7503471808920548

Epoch: 04 | Testing Accuracy: 403048/504607 (79.874%) | Historical Best: 79.874% 

Epoch: 05 | Batch: 000 | CrossEntropy-loss: 0.51056 | Correct: 1033/1280 | Difference: 0.7498240076788725
Epoch: 05 | Batch: 100 | CrossEntropy-loss: 0.51185 | Correct: 1026/1280 | Difference: 0.7482583161605856
Epoch: 05 | Batch: 200 | CrossEntropy-loss: 0.52457 | Correct: 1023/1280 | Difference: 0.7470222169324682
Epoch: 05 | Batch: 300 | CrossEntropy-loss: 0.52789 | Correct: 1010/1280 | Difference: 0.7458653914679062
Epoch: 05 | Batch: 400 | CrossEntropy-loss: 0.53982 | Correct: 1020/1280 | Difference: 0.7449495388131809
Epoch: 05 | Batch: 500 | CrossEntropy-loss: 0.48745 | Correct: 1037/1280 | Difference: 0.7434485764800481
Epoch: 05 | Batch: 600 | CrossEntropy-loss: 0.50989 | Correct: 1025/1280 | Difference: 0.7421546224461003
Epoch: 05 | Batch: 700 | CrossEntropy-loss: 0.50539 | Correct: 1034/1280 | Difference: 0.7415413443135253
Epoch: 05 | Batch: 800 | CrossEntropy-loss: 0.53058 | Correct: 998/1280 | Difference: 0.7409150851462024
Epoch: 05 | Batch: 900 | CrossEntropy-loss: 0.49887 | Correct: 1028/1280 | Difference: 0.7402014911163508
Epoch: 05 | Batch: 1000 | CrossEntropy-loss: 0.50085 | Correct: 1033/1280 | Difference: 0.7394917988316241
Epoch: 05 | Batch: 1100 | CrossEntropy-loss: 0.47336 | Correct: 1047/1280 | Difference: 0.7388099443627907
Epoch: 05 | Batch: 1200 | CrossEntropy-loss: 0.50468 | Correct: 1019/1280 | Difference: 0.7374777705179089
Epoch: 05 | Batch: 1300 | CrossEntropy-loss: 0.49732 | Correct: 1029/1280 | Difference: 0.7372918541716245
Epoch: 05 | Batch: 1400 | CrossEntropy-loss: 0.49634 | Correct: 1004/1280 | Difference: 0.7368453028990988
Epoch: 05 | Batch: 1500 | CrossEntropy-loss: 0.50699 | Correct: 1018/1280 | Difference: 0.7355494505096017

Epoch: 05 | Testing Accuracy: 407920/504607 (80.839%) | Historical Best: 80.839% 

Epoch: 06 | Batch: 000 | CrossEntropy-loss: 0.50689 | Correct: 1034/1280 | Difference: 0.7349708119554257
Epoch: 06 | Batch: 100 | CrossEntropy-loss: 0.47711 | Correct: 1036/1280 | Difference: 0.7354226866281848
Epoch: 06 | Batch: 200 | CrossEntropy-loss: 0.49516 | Correct: 1026/1280 | Difference: 0.7356686175985984
Epoch: 06 | Batch: 300 | CrossEntropy-loss: 0.51855 | Correct: 1020/1280 | Difference: 0.7356757359950528
Epoch: 06 | Batch: 400 | CrossEntropy-loss: 0.49386 | Correct: 1037/1280 | Difference: 0.7363103083162914
Epoch: 06 | Batch: 500 | CrossEntropy-loss: 0.46240 | Correct: 1063/1280 | Difference: 0.7362390923535057
Epoch: 06 | Batch: 600 | CrossEntropy-loss: 0.51002 | Correct: 1021/1280 | Difference: 0.7370341699889015
Epoch: 06 | Batch: 700 | CrossEntropy-loss: 0.47252 | Correct: 1050/1280 | Difference: 0.7364639905386535
Epoch: 06 | Batch: 800 | CrossEntropy-loss: 0.48031 | Correct: 1026/1280 | Difference: 0.7362939108889169
Epoch: 06 | Batch: 900 | CrossEntropy-loss: 0.48873 | Correct: 1040/1280 | Difference: 0.7360957509011892
Epoch: 06 | Batch: 1000 | CrossEntropy-loss: 0.47095 | Correct: 1044/1280 | Difference: 0.7357935781295367
Epoch: 06 | Batch: 1100 | CrossEntropy-loss: 0.49887 | Correct: 1013/1280 | Difference: 0.735431786573767
Epoch: 06 | Batch: 1200 | CrossEntropy-loss: 0.48447 | Correct: 1018/1280 | Difference: 0.7349663682529327
Epoch: 06 | Batch: 1300 | CrossEntropy-loss: 0.48239 | Correct: 1047/1280 | Difference: 0.7353174150086067
Epoch: 06 | Batch: 1400 | CrossEntropy-loss: 0.45933 | Correct: 1060/1280 | Difference: 0.7355158714906371
Epoch: 06 | Batch: 1500 | CrossEntropy-loss: 0.44540 | Correct: 1049/1280 | Difference: 0.7353141459863343

Epoch: 06 | Testing Accuracy: 409724/504607 (81.197%) | Historical Best: 81.197% 

Epoch: 07 | Batch: 000 | CrossEntropy-loss: 0.47729 | Correct: 1034/1280 | Difference: 0.7349424614046138
Epoch: 07 | Batch: 100 | CrossEntropy-loss: 0.45704 | Correct: 1039/1280 | Difference: 0.7349641603436069
Epoch: 07 | Batch: 200 | CrossEntropy-loss: 0.47003 | Correct: 1033/1280 | Difference: 0.7349881536966559
Epoch: 07 | Batch: 300 | CrossEntropy-loss: 0.47772 | Correct: 1041/1280 | Difference: 0.7354540044046913
Epoch: 07 | Batch: 400 | CrossEntropy-loss: 0.45671 | Correct: 1045/1280 | Difference: 0.7356102032153221
Epoch: 07 | Batch: 500 | CrossEntropy-loss: 0.46930 | Correct: 1045/1280 | Difference: 0.7351964275069316
Epoch: 07 | Batch: 600 | CrossEntropy-loss: 0.45487 | Correct: 1036/1280 | Difference: 0.7344614624630713
Epoch: 07 | Batch: 700 | CrossEntropy-loss: 0.50426 | Correct: 1019/1280 | Difference: 0.7340447180470737
Epoch: 07 | Batch: 800 | CrossEntropy-loss: 0.44912 | Correct: 1054/1280 | Difference: 0.7338688593277086
Epoch: 07 | Batch: 900 | CrossEntropy-loss: 0.46587 | Correct: 1039/1280 | Difference: 0.734205605464557
Epoch: 07 | Batch: 1000 | CrossEntropy-loss: 0.45825 | Correct: 1056/1280 | Difference: 0.7342489336039447
Epoch: 07 | Batch: 1100 | CrossEntropy-loss: 0.43916 | Correct: 1059/1280 | Difference: 0.7340386659473843
Epoch: 07 | Batch: 1200 | CrossEntropy-loss: 0.46080 | Correct: 1039/1280 | Difference: 0.7338323757541718
Epoch: 07 | Batch: 1300 | CrossEntropy-loss: 0.45611 | Correct: 1057/1280 | Difference: 0.7336743165044621
Epoch: 07 | Batch: 1400 | CrossEntropy-loss: 0.47024 | Correct: 1037/1280 | Difference: 0.7333297496568764
Epoch: 07 | Batch: 1500 | CrossEntropy-loss: 0.47155 | Correct: 1047/1280 | Difference: 0.7329439530405568

Epoch: 07 | Testing Accuracy: 414453/504607 (82.134%) | Historical Best: 82.134% 

Epoch: 08 | Batch: 000 | CrossEntropy-loss: 0.46045 | Correct: 1053/1280 | Difference: 0.7327334095631147
Epoch: 08 | Batch: 100 | CrossEntropy-loss: 0.49133 | Correct: 1024/1280 | Difference: 0.7330336594835207
Epoch: 08 | Batch: 200 | CrossEntropy-loss: 0.43789 | Correct: 1060/1280 | Difference: 0.7329689943888819
Epoch: 08 | Batch: 300 | CrossEntropy-loss: 0.45861 | Correct: 1039/1280 | Difference: 0.7331959859581948
Epoch: 08 | Batch: 400 | CrossEntropy-loss: 0.46447 | Correct: 1041/1280 | Difference: 0.7334121015347203
Epoch: 08 | Batch: 500 | CrossEntropy-loss: 0.46140 | Correct: 1051/1280 | Difference: 0.7335672681656881
Epoch: 08 | Batch: 600 | CrossEntropy-loss: 0.44238 | Correct: 1062/1280 | Difference: 0.734014813910812
Epoch: 08 | Batch: 700 | CrossEntropy-loss: 0.47342 | Correct: 1045/1280 | Difference: 0.734563975872735
Epoch: 08 | Batch: 800 | CrossEntropy-loss: 0.45218 | Correct: 1039/1280 | Difference: 0.7347231267741408
Epoch: 08 | Batch: 900 | CrossEntropy-loss: 0.45392 | Correct: 1042/1280 | Difference: 0.7357034533171596
Epoch: 08 | Batch: 1000 | CrossEntropy-loss: 0.44389 | Correct: 1060/1280 | Difference: 0.7361758992971844
Epoch: 08 | Batch: 1100 | CrossEntropy-loss: 0.43715 | Correct: 1066/1280 | Difference: 0.7368231567737268
Epoch: 08 | Batch: 1200 | CrossEntropy-loss: 0.43088 | Correct: 1055/1280 | Difference: 0.7369765954896118
Epoch: 08 | Batch: 1300 | CrossEntropy-loss: 0.41447 | Correct: 1074/1280 | Difference: 0.7377563181205894
Epoch: 08 | Batch: 1400 | CrossEntropy-loss: 0.45486 | Correct: 1060/1280 | Difference: 0.7384891365216977
Epoch: 08 | Batch: 1500 | CrossEntropy-loss: 0.44436 | Correct: 1057/1280 | Difference: 0.7389801813084563

Epoch: 08 | Testing Accuracy: 417697/504607 (82.777%) | Historical Best: 82.777% 

Epoch: 09 | Batch: 000 | CrossEntropy-loss: 0.44493 | Correct: 1062/1280 | Difference: 0.7394494289016903
Epoch: 09 | Batch: 100 | CrossEntropy-loss: 0.45003 | Correct: 1052/1280 | Difference: 0.7398544102469391
Epoch: 09 | Batch: 200 | CrossEntropy-loss: 0.42877 | Correct: 1061/1280 | Difference: 0.740723011649362
Epoch: 09 | Batch: 300 | CrossEntropy-loss: 0.43140 | Correct: 1071/1280 | Difference: 0.7413851351020013
Epoch: 09 | Batch: 400 | CrossEntropy-loss: 0.44957 | Correct: 1060/1280 | Difference: 0.7416554358440314
Epoch: 09 | Batch: 500 | CrossEntropy-loss: 0.46399 | Correct: 1043/1280 | Difference: 0.7415512654621638
Epoch: 09 | Batch: 600 | CrossEntropy-loss: 0.44245 | Correct: 1070/1280 | Difference: 0.7414818278748405
Epoch: 09 | Batch: 700 | CrossEntropy-loss: 0.45459 | Correct: 1061/1280 | Difference: 0.742056966967827
Epoch: 09 | Batch: 800 | CrossEntropy-loss: 0.42289 | Correct: 1071/1280 | Difference: 0.7425619427007862
Epoch: 09 | Batch: 900 | CrossEntropy-loss: 0.44847 | Correct: 1049/1280 | Difference: 0.7433724263420878
Epoch: 09 | Batch: 1000 | CrossEntropy-loss: 0.43349 | Correct: 1065/1280 | Difference: 0.7434489609004082
Epoch: 09 | Batch: 1100 | CrossEntropy-loss: 0.42854 | Correct: 1067/1280 | Difference: 0.7437956927586585
Epoch: 09 | Batch: 1200 | CrossEntropy-loss: 0.42655 | Correct: 1075/1280 | Difference: 0.7439728966846059
Epoch: 09 | Batch: 1300 | CrossEntropy-loss: 0.42780 | Correct: 1056/1280 | Difference: 0.743980016866878
Epoch: 09 | Batch: 1400 | CrossEntropy-loss: 0.46890 | Correct: 1028/1280 | Difference: 0.744544080321315
Epoch: 09 | Batch: 1500 | CrossEntropy-loss: 0.45644 | Correct: 1045/1280 | Difference: 0.7446695866776347

Epoch: 09 | Testing Accuracy: 418954/504607 (83.026%) | Historical Best: 83.026% 

Epoch: 10 | Batch: 000 | CrossEntropy-loss: 0.43407 | Correct: 1059/1280 | Difference: 0.7447512942065413
Epoch: 10 | Batch: 100 | CrossEntropy-loss: 0.43710 | Correct: 1058/1280 | Difference: 0.7453336325226767
Epoch: 10 | Batch: 200 | CrossEntropy-loss: 0.43856 | Correct: 1053/1280 | Difference: 0.7455704411337699
Epoch: 10 | Batch: 300 | CrossEntropy-loss: 0.45829 | Correct: 1046/1280 | Difference: 0.7457962619918014
Epoch: 10 | Batch: 400 | CrossEntropy-loss: 0.46331 | Correct: 1046/1280 | Difference: 0.7457391462829669
Epoch: 10 | Batch: 500 | CrossEntropy-loss: 0.43884 | Correct: 1071/1280 | Difference: 0.7455416690245354
Epoch: 10 | Batch: 600 | CrossEntropy-loss: 0.44003 | Correct: 1047/1280 | Difference: 0.7457433881550778
Epoch: 10 | Batch: 700 | CrossEntropy-loss: 0.43950 | Correct: 1062/1280 | Difference: 0.7455098264299937
Epoch: 10 | Batch: 800 | CrossEntropy-loss: 0.44256 | Correct: 1058/1280 | Difference: 0.7453239145385375
Epoch: 10 | Batch: 900 | CrossEntropy-loss: 0.42476 | Correct: 1066/1280 | Difference: 0.7451389891588268
Epoch: 10 | Batch: 1000 | CrossEntropy-loss: 0.44472 | Correct: 1050/1280 | Difference: 0.7448098688582875
Epoch: 10 | Batch: 1100 | CrossEntropy-loss: 0.43552 | Correct: 1066/1280 | Difference: 0.7446385189767214
Epoch: 10 | Batch: 1200 | CrossEntropy-loss: 0.42634 | Correct: 1052/1280 | Difference: 0.7442576480304265
Epoch: 10 | Batch: 1300 | CrossEntropy-loss: 0.41045 | Correct: 1066/1280 | Difference: 0.7439954593634607
Epoch: 10 | Batch: 1400 | CrossEntropy-loss: 0.40704 | Correct: 1090/1280 | Difference: 0.7438541565354821
Epoch: 10 | Batch: 1500 | CrossEntropy-loss: 0.39669 | Correct: 1088/1280 | Difference: 0.7439149961023499

Epoch: 10 | Testing Accuracy: 419523/504607 (83.139%) | Historical Best: 83.139% 

Epoch: 11 | Batch: 000 | CrossEntropy-loss: 0.41004 | Correct: 1060/1280 | Difference: 0.74382130145217
Epoch: 11 | Batch: 100 | CrossEntropy-loss: 0.42089 | Correct: 1071/1280 | Difference: 0.7435619914328413
Epoch: 11 | Batch: 200 | CrossEntropy-loss: 0.44023 | Correct: 1064/1280 | Difference: 0.7433038466150605
Epoch: 11 | Batch: 300 | CrossEntropy-loss: 0.40376 | Correct: 1084/1280 | Difference: 0.7434172046745705
Epoch: 11 | Batch: 400 | CrossEntropy-loss: 0.42079 | Correct: 1058/1280 | Difference: 0.7435623547805827
Epoch: 11 | Batch: 500 | CrossEntropy-loss: 0.39644 | Correct: 1083/1280 | Difference: 0.7435147002730293
Epoch: 11 | Batch: 600 | CrossEntropy-loss: 0.42839 | Correct: 1056/1280 | Difference: 0.7436366767004527
Epoch: 11 | Batch: 700 | CrossEntropy-loss: 0.43405 | Correct: 1053/1280 | Difference: 0.7437382333526783
Epoch: 11 | Batch: 800 | CrossEntropy-loss: 0.43735 | Correct: 1062/1280 | Difference: 0.7433766287055883
Epoch: 11 | Batch: 900 | CrossEntropy-loss: 0.43066 | Correct: 1061/1280 | Difference: 0.7428462373910557
Epoch: 11 | Batch: 1000 | CrossEntropy-loss: 0.44043 | Correct: 1061/1280 | Difference: 0.7428099751281326
Epoch: 11 | Batch: 1100 | CrossEntropy-loss: 0.44399 | Correct: 1045/1280 | Difference: 0.7427899197949802
Epoch: 11 | Batch: 1200 | CrossEntropy-loss: 0.42240 | Correct: 1057/1280 | Difference: 0.7426584160462728
Epoch: 11 | Batch: 1300 | CrossEntropy-loss: 0.42054 | Correct: 1058/1280 | Difference: 0.7422530092418279
Epoch: 11 | Batch: 1400 | CrossEntropy-loss: 0.44802 | Correct: 1051/1280 | Difference: 0.741678263345879
Epoch: 11 | Batch: 1500 | CrossEntropy-loss: 0.40513 | Correct: 1068/1280 | Difference: 0.7413519340857458

Epoch: 11 | Testing Accuracy: 420197/504607 (83.272%) | Historical Best: 83.272% 

Epoch: 12 | Batch: 000 | CrossEntropy-loss: 0.41867 | Correct: 1060/1280 | Difference: 0.741034618569252
Epoch: 12 | Batch: 100 | CrossEntropy-loss: 0.42446 | Correct: 1055/1280 | Difference: 0.7407023684787226
Epoch: 12 | Batch: 200 | CrossEntropy-loss: 0.38438 | Correct: 1081/1280 | Difference: 0.7404212342464649
Epoch: 12 | Batch: 300 | CrossEntropy-loss: 0.41271 | Correct: 1087/1280 | Difference: 0.7400443805853189
Epoch: 12 | Batch: 400 | CrossEntropy-loss: 0.39267 | Correct: 1085/1280 | Difference: 0.7397489996865675
Epoch: 12 | Batch: 500 | CrossEntropy-loss: 0.44199 | Correct: 1048/1280 | Difference: 0.7391126692553179
Epoch: 12 | Batch: 600 | CrossEntropy-loss: 0.39177 | Correct: 1078/1280 | Difference: 0.7386873044700335
Epoch: 12 | Batch: 700 | CrossEntropy-loss: 0.42889 | Correct: 1053/1280 | Difference: 0.73830169762233
Epoch: 12 | Batch: 800 | CrossEntropy-loss: 0.41454 | Correct: 1076/1280 | Difference: 0.7379220437225549
Epoch: 12 | Batch: 900 | CrossEntropy-loss: 0.42485 | Correct: 1070/1280 | Difference: 0.7376530913777778
Epoch: 12 | Batch: 1000 | CrossEntropy-loss: 0.39188 | Correct: 1076/1280 | Difference: 0.7371882755077533
Epoch: 12 | Batch: 1100 | CrossEntropy-loss: 0.40094 | Correct: 1078/1280 | Difference: 0.7366469882550933
Epoch: 12 | Batch: 1200 | CrossEntropy-loss: 0.39988 | Correct: 1076/1280 | Difference: 0.7366984233658928
Epoch: 12 | Batch: 1300 | CrossEntropy-loss: 0.39946 | Correct: 1087/1280 | Difference: 0.7361727074036836
Epoch: 12 | Batch: 1400 | CrossEntropy-loss: 0.42626 | Correct: 1057/1280 | Difference: 0.7357224191976357
Epoch: 12 | Batch: 1500 | CrossEntropy-loss: 0.39252 | Correct: 1086/1280 | Difference: 0.7353133519559278

Epoch: 12 | Testing Accuracy: 421122/504607 (83.455%) | Historical Best: 83.455% 

Epoch: 13 | Batch: 000 | CrossEntropy-loss: 0.42924 | Correct: 1050/1280 | Difference: 0.7352283187971028
Epoch: 13 | Batch: 100 | CrossEntropy-loss: 0.40513 | Correct: 1065/1280 | Difference: 0.7348347710194633
Epoch: 13 | Batch: 200 | CrossEntropy-loss: 0.40176 | Correct: 1086/1280 | Difference: 0.7347256278200933
Epoch: 13 | Batch: 300 | CrossEntropy-loss: 0.41541 | Correct: 1065/1280 | Difference: 0.7343537926585495
Epoch: 13 | Batch: 400 | CrossEntropy-loss: 0.40790 | Correct: 1082/1280 | Difference: 0.7338184126574084
Epoch: 13 | Batch: 500 | CrossEntropy-loss: 0.43159 | Correct: 1055/1280 | Difference: 0.7334971211592477
Epoch: 13 | Batch: 600 | CrossEntropy-loss: 0.41175 | Correct: 1078/1280 | Difference: 0.7331809863189976
Epoch: 13 | Batch: 700 | CrossEntropy-loss: 0.39945 | Correct: 1068/1280 | Difference: 0.7327441171099717
Epoch: 13 | Batch: 800 | CrossEntropy-loss: 0.40812 | Correct: 1064/1280 | Difference: 0.7327941996151576
Epoch: 13 | Batch: 900 | CrossEntropy-loss: 0.41471 | Correct: 1061/1280 | Difference: 0.7327287508957606
Epoch: 13 | Batch: 1000 | CrossEntropy-loss: 0.39180 | Correct: 1100/1280 | Difference: 0.7323299401842558
Epoch: 13 | Batch: 1100 | CrossEntropy-loss: 0.40266 | Correct: 1077/1280 | Difference: 0.7320731217216463
Epoch: 13 | Batch: 1200 | CrossEntropy-loss: 0.40849 | Correct: 1062/1280 | Difference: 0.7320792708095042
Epoch: 13 | Batch: 1300 | CrossEntropy-loss: 0.41626 | Correct: 1067/1280 | Difference: 0.7320802135960777
Epoch: 13 | Batch: 1400 | CrossEntropy-loss: 0.40534 | Correct: 1068/1280 | Difference: 0.7319780863108691
Epoch: 13 | Batch: 1500 | CrossEntropy-loss: 0.40609 | Correct: 1060/1280 | Difference: 0.73198166856821

Epoch: 13 | Testing Accuracy: 423531/504607 (83.933%) | Historical Best: 83.933% 

Epoch: 14 | Batch: 000 | CrossEntropy-loss: 0.41879 | Correct: 1052/1280 | Difference: 0.7319248188238742
Epoch: 14 | Batch: 100 | CrossEntropy-loss: 0.40673 | Correct: 1065/1280 | Difference: 0.7318380884181277
Epoch: 14 | Batch: 200 | CrossEntropy-loss: 0.39028 | Correct: 1079/1280 | Difference: 0.7317216634765147
Epoch: 14 | Batch: 300 | CrossEntropy-loss: 0.40809 | Correct: 1073/1280 | Difference: 0.7315037931427394
Epoch: 14 | Batch: 400 | CrossEntropy-loss: 0.39497 | Correct: 1079/1280 | Difference: 0.7313513949140165
Epoch: 14 | Batch: 500 | CrossEntropy-loss: 0.40859 | Correct: 1082/1280 | Difference: 0.7311423940812272
Epoch: 14 | Batch: 600 | CrossEntropy-loss: 0.41905 | Correct: 1069/1280 | Difference: 0.7309216326097993
Epoch: 14 | Batch: 700 | CrossEntropy-loss: 0.41192 | Correct: 1084/1280 | Difference: 0.7305836690177709
Epoch: 14 | Batch: 800 | CrossEntropy-loss: 0.37525 | Correct: 1109/1280 | Difference: 0.7304370461119335
Epoch: 14 | Batch: 900 | CrossEntropy-loss: 0.41258 | Correct: 1058/1280 | Difference: 0.7307300808203158
Epoch: 14 | Batch: 1000 | CrossEntropy-loss: 0.40930 | Correct: 1088/1280 | Difference: 0.7305184670644168
Epoch: 14 | Batch: 1100 | CrossEntropy-loss: 0.42587 | Correct: 1058/1280 | Difference: 0.7307845133269667
Epoch: 14 | Batch: 1200 | CrossEntropy-loss: 0.42682 | Correct: 1061/1280 | Difference: 0.7307243470063972
Epoch: 14 | Batch: 1300 | CrossEntropy-loss: 0.36099 | Correct: 1104/1280 | Difference: 0.7307483453473577
Epoch: 14 | Batch: 1400 | CrossEntropy-loss: 0.38923 | Correct: 1098/1280 | Difference: 0.7307956260715472
Epoch: 14 | Batch: 1500 | CrossEntropy-loss: 0.37086 | Correct: 1101/1280 | Difference: 0.7307941921462366

Epoch: 14 | Testing Accuracy: 424574/504607 (84.140%) | Historical Best: 84.140% 

Epoch: 15 | Batch: 000 | CrossEntropy-loss: 0.39482 | Correct: 1092/1280 | Difference: 0.7307789171832054
Epoch: 15 | Batch: 100 | CrossEntropy-loss: 0.39082 | Correct: 1078/1280 | Difference: 0.730440131949298
Epoch: 15 | Batch: 200 | CrossEntropy-loss: 0.38595 | Correct: 1088/1280 | Difference: 0.7302802521408821
Epoch: 15 | Batch: 300 | CrossEntropy-loss: 0.41588 | Correct: 1052/1280 | Difference: 0.7304495102206501
Epoch: 15 | Batch: 400 | CrossEntropy-loss: 0.40809 | Correct: 1066/1280 | Difference: 0.7302948931055192
Epoch: 15 | Batch: 500 | CrossEntropy-loss: 0.39988 | Correct: 1067/1280 | Difference: 0.7302307952998333
Epoch: 15 | Batch: 600 | CrossEntropy-loss: 0.39688 | Correct: 1074/1280 | Difference: 0.730193027422031
Epoch: 15 | Batch: 700 | CrossEntropy-loss: 0.41222 | Correct: 1058/1280 | Difference: 0.7299604395353672
Epoch: 15 | Batch: 800 | CrossEntropy-loss: 0.41177 | Correct: 1079/1280 | Difference: 0.730004318728621
Epoch: 15 | Batch: 900 | CrossEntropy-loss: 0.43786 | Correct: 1064/1280 | Difference: 0.729894805213325
Epoch: 15 | Batch: 1000 | CrossEntropy-loss: 0.41241 | Correct: 1073/1280 | Difference: 0.729831266795171
Epoch: 15 | Batch: 1100 | CrossEntropy-loss: 0.39488 | Correct: 1086/1280 | Difference: 0.7296903175729117
Epoch: 15 | Batch: 1200 | CrossEntropy-loss: 0.39437 | Correct: 1080/1280 | Difference: 0.7298379888021177
Epoch: 15 | Batch: 1300 | CrossEntropy-loss: 0.41322 | Correct: 1067/1280 | Difference: 0.7300764754298554
Epoch: 15 | Batch: 1400 | CrossEntropy-loss: 0.36432 | Correct: 1090/1280 | Difference: 0.7298105497301657
Epoch: 15 | Batch: 1500 | CrossEntropy-loss: 0.38884 | Correct: 1077/1280 | Difference: 0.7301065310603418

Epoch: 15 | Testing Accuracy: 425137/504607 (84.251%) | Historical Best: 84.251% 

Epoch: 16 | Batch: 000 | CrossEntropy-loss: 0.38971 | Correct: 1088/1280 | Difference: 0.7300393408902089
Epoch: 16 | Batch: 100 | CrossEntropy-loss: 0.41533 | Correct: 1052/1280 | Difference: 0.7298982901770722
Epoch: 16 | Batch: 200 | CrossEntropy-loss: 0.37372 | Correct: 1086/1280 | Difference: 0.7298747429896246
Epoch: 16 | Batch: 300 | CrossEntropy-loss: 0.39458 | Correct: 1091/1280 | Difference: 0.7300036391748216
Epoch: 16 | Batch: 400 | CrossEntropy-loss: 0.36656 | Correct: 1100/1280 | Difference: 0.7301481056601776
Epoch: 16 | Batch: 500 | CrossEntropy-loss: 0.38823 | Correct: 1073/1280 | Difference: 0.7300322306839475
Epoch: 16 | Batch: 600 | CrossEntropy-loss: 0.37229 | Correct: 1100/1280 | Difference: 0.7301142076527426
Epoch: 16 | Batch: 700 | CrossEntropy-loss: 0.40842 | Correct: 1051/1280 | Difference: 0.729948877880074
Epoch: 16 | Batch: 800 | CrossEntropy-loss: 0.38025 | Correct: 1089/1280 | Difference: 0.7298678016088629
Epoch: 16 | Batch: 900 | CrossEntropy-loss: 0.37335 | Correct: 1082/1280 | Difference: 0.7298862061339466
Epoch: 16 | Batch: 1000 | CrossEntropy-loss: 0.38085 | Correct: 1079/1280 | Difference: 0.730090462757154
Epoch: 16 | Batch: 1100 | CrossEntropy-loss: 0.42884 | Correct: 1051/1280 | Difference: 0.7301602546739118
Epoch: 16 | Batch: 1200 | CrossEntropy-loss: 0.40402 | Correct: 1082/1280 | Difference: 0.7300568132188208
Epoch: 16 | Batch: 1300 | CrossEntropy-loss: 0.38208 | Correct: 1074/1280 | Difference: 0.7299325217500653
Epoch: 16 | Batch: 1400 | CrossEntropy-loss: 0.37932 | Correct: 1089/1280 | Difference: 0.7297881978785167
Epoch: 16 | Batch: 1500 | CrossEntropy-loss: 0.39049 | Correct: 1089/1280 | Difference: 0.7296708766960863

Epoch: 16 | Testing Accuracy: 426682/504607 (84.557%) | Historical Best: 84.557% 

Epoch: 17 | Batch: 000 | CrossEntropy-loss: 0.42047 | Correct: 1072/1280 | Difference: 0.7295914731597697
Epoch: 17 | Batch: 100 | CrossEntropy-loss: 0.36829 | Correct: 1090/1280 | Difference: 0.7297232401700859
Epoch: 17 | Batch: 200 | CrossEntropy-loss: 0.42105 | Correct: 1057/1280 | Difference: 0.7296680104596709
Epoch: 17 | Batch: 300 | CrossEntropy-loss: 0.37678 | Correct: 1094/1280 | Difference: 0.7295915800639597
Epoch: 17 | Batch: 400 | CrossEntropy-loss: 0.37067 | Correct: 1106/1280 | Difference: 0.729722231885342
Epoch: 17 | Batch: 500 | CrossEntropy-loss: 0.37729 | Correct: 1086/1280 | Difference: 0.7293851300635544
Epoch: 17 | Batch: 600 | CrossEntropy-loss: 0.37742 | Correct: 1087/1280 | Difference: 0.7293646038692303
Epoch: 17 | Batch: 700 | CrossEntropy-loss: 0.36586 | Correct: 1097/1280 | Difference: 0.7294584120573334
Epoch: 17 | Batch: 800 | CrossEntropy-loss: 0.37712 | Correct: 1083/1280 | Difference: 0.7294909860267472
Epoch: 17 | Batch: 900 | CrossEntropy-loss: 0.42276 | Correct: 1060/1280 | Difference: 0.7293267377291354
Epoch: 17 | Batch: 1000 | CrossEntropy-loss: 0.38545 | Correct: 1069/1280 | Difference: 0.7294054530355317
Epoch: 17 | Batch: 1100 | CrossEntropy-loss: 0.37487 | Correct: 1087/1280 | Difference: 0.7293791637395056
Epoch: 17 | Batch: 1200 | CrossEntropy-loss: 0.37200 | Correct: 1093/1280 | Difference: 0.729139524289641
Epoch: 17 | Batch: 1300 | CrossEntropy-loss: 0.35040 | Correct: 1104/1280 | Difference: 0.7292672049048525
Epoch: 17 | Batch: 1400 | CrossEntropy-loss: 0.38060 | Correct: 1095/1280 | Difference: 0.7291379339011245
Epoch: 17 | Batch: 1500 | CrossEntropy-loss: 0.39218 | Correct: 1079/1280 | Difference: 0.7288383092059922

Epoch: 17 | Testing Accuracy: 426715/504607 (84.564%) | Historical Best: 84.564% 

Epoch: 18 | Batch: 000 | CrossEntropy-loss: 0.39064 | Correct: 1063/1280 | Difference: 0.7287606674972159
Epoch: 18 | Batch: 100 | CrossEntropy-loss: 0.40491 | Correct: 1071/1280 | Difference: 0.7288848226451484
Epoch: 18 | Batch: 200 | CrossEntropy-loss: 0.39925 | Correct: 1065/1280 | Difference: 0.7287296852977805
Epoch: 18 | Batch: 300 | CrossEntropy-loss: 0.38568 | Correct: 1078/1280 | Difference: 0.7286635378247606
Epoch: 18 | Batch: 400 | CrossEntropy-loss: 0.39487 | Correct: 1081/1280 | Difference: 0.7285490007865412
Epoch: 18 | Batch: 500 | CrossEntropy-loss: 0.37538 | Correct: 1089/1280 | Difference: 0.7286095062375548
Epoch: 18 | Batch: 600 | CrossEntropy-loss: 0.40457 | Correct: 1079/1280 | Difference: 0.7286635283330314
Epoch: 18 | Batch: 700 | CrossEntropy-loss: 0.38357 | Correct: 1085/1280 | Difference: 0.7287273724047325
Epoch: 18 | Batch: 800 | CrossEntropy-loss: 0.39093 | Correct: 1088/1280 | Difference: 0.7284850315916521
Epoch: 18 | Batch: 900 | CrossEntropy-loss: 0.38439 | Correct: 1085/1280 | Difference: 0.7285416003266207
Epoch: 18 | Batch: 1000 | CrossEntropy-loss: 0.39436 | Correct: 1066/1280 | Difference: 0.7285159241202456
Epoch: 18 | Batch: 1100 | CrossEntropy-loss: 0.40093 | Correct: 1071/1280 | Difference: 0.728540870433597
Epoch: 18 | Batch: 1200 | CrossEntropy-loss: 0.35907 | Correct: 1098/1280 | Difference: 0.7284530141961308
Epoch: 18 | Batch: 1300 | CrossEntropy-loss: 0.39267 | Correct: 1078/1280 | Difference: 0.7281214716328166
Epoch: 18 | Batch: 1400 | CrossEntropy-loss: 0.36174 | Correct: 1095/1280 | Difference: 0.728169176349961
Epoch: 18 | Batch: 1500 | CrossEntropy-loss: 0.40510 | Correct: 1073/1280 | Difference: 0.7282517679450892

Epoch: 18 | Testing Accuracy: 427697/504607 (84.758%) | Historical Best: 84.758% 

Epoch: 19 | Batch: 000 | CrossEntropy-loss: 0.36548 | Correct: 1096/1280 | Difference: 0.7280489683566473
Epoch: 19 | Batch: 100 | CrossEntropy-loss: 0.37545 | Correct: 1074/1280 | Difference: 0.7279369880550088
Epoch: 19 | Batch: 200 | CrossEntropy-loss: 0.36838 | Correct: 1088/1280 | Difference: 0.7276655667721462
Epoch: 19 | Batch: 300 | CrossEntropy-loss: 0.36895 | Correct: 1091/1280 | Difference: 0.7278089974490783
Epoch: 19 | Batch: 400 | CrossEntropy-loss: 0.38013 | Correct: 1098/1280 | Difference: 0.7279091479982418
Epoch: 19 | Batch: 500 | CrossEntropy-loss: 0.39272 | Correct: 1083/1280 | Difference: 0.7280040434356017
Epoch: 19 | Batch: 600 | CrossEntropy-loss: 0.36148 | Correct: 1098/1280 | Difference: 0.7279972392083935
Epoch: 19 | Batch: 700 | CrossEntropy-loss: 0.38541 | Correct: 1079/1280 | Difference: 0.7279354621916246
Epoch: 19 | Batch: 800 | CrossEntropy-loss: 0.37915 | Correct: 1077/1280 | Difference: 0.7279031025971455
Epoch: 19 | Batch: 900 | CrossEntropy-loss: 0.38947 | Correct: 1069/1280 | Difference: 0.7278802823845776
Epoch: 19 | Batch: 1000 | CrossEntropy-loss: 0.37771 | Correct: 1073/1280 | Difference: 0.7278916736548625
Epoch: 19 | Batch: 1100 | CrossEntropy-loss: 0.39250 | Correct: 1077/1280 | Difference: 0.7276209222878498
Epoch: 19 | Batch: 1200 | CrossEntropy-loss: 0.36224 | Correct: 1106/1280 | Difference: 0.7274311117568392
Epoch: 19 | Batch: 1300 | CrossEntropy-loss: 0.37027 | Correct: 1092/1280 | Difference: 0.7273327980551897
Epoch: 19 | Batch: 1400 | CrossEntropy-loss: 0.32314 | Correct: 1123/1280 | Difference: 0.727331541902823
Epoch: 19 | Batch: 1500 | CrossEntropy-loss: 0.35386 | Correct: 1103/1280 | Difference: 0.7271809963560381

Epoch: 19 | Testing Accuracy: 428307/504607 (84.879%) | Historical Best: 84.879% 

Epoch: 20 | Batch: 000 | CrossEntropy-loss: 0.37957 | Correct: 1090/1280 | Difference: 0.7272339856923896
Epoch: 20 | Batch: 100 | CrossEntropy-loss: 0.37425 | Correct: 1092/1280 | Difference: 0.7272057493268229
Epoch: 20 | Batch: 200 | CrossEntropy-loss: 0.36926 | Correct: 1097/1280 | Difference: 0.7270839772263432
Epoch: 20 | Batch: 300 | CrossEntropy-loss: 0.40049 | Correct: 1063/1280 | Difference: 0.7270121277075773
Epoch: 20 | Batch: 400 | CrossEntropy-loss: 0.40776 | Correct: 1065/1280 | Difference: 0.7268129433271056
Epoch: 20 | Batch: 500 | CrossEntropy-loss: 0.38538 | Correct: 1089/1280 | Difference: 0.7267572317503904
Epoch: 20 | Batch: 600 | CrossEntropy-loss: 0.37010 | Correct: 1090/1280 | Difference: 0.7266090133303666
Epoch: 20 | Batch: 700 | CrossEntropy-loss: 0.36529 | Correct: 1089/1280 | Difference: 0.726557963224924
Epoch: 20 | Batch: 800 | CrossEntropy-loss: 0.38311 | Correct: 1080/1280 | Difference: 0.7262174913891172
Epoch: 20 | Batch: 900 | CrossEntropy-loss: 0.37669 | Correct: 1078/1280 | Difference: 0.7259281371951615
Epoch: 20 | Batch: 1000 | CrossEntropy-loss: 0.37252 | Correct: 1105/1280 | Difference: 0.725857264913173
Epoch: 20 | Batch: 1100 | CrossEntropy-loss: 0.37645 | Correct: 1091/1280 | Difference: 0.7259936958782887
Epoch: 20 | Batch: 1200 | CrossEntropy-loss: 0.34728 | Correct: 1106/1280 | Difference: 0.7259406783629341
Epoch: 20 | Batch: 1300 | CrossEntropy-loss: 0.41083 | Correct: 1062/1280 | Difference: 0.7261356856064383
Epoch: 20 | Batch: 1400 | CrossEntropy-loss: 0.38636 | Correct: 1084/1280 | Difference: 0.7262430533157173
Epoch: 20 | Batch: 1500 | CrossEntropy-loss: 0.38791 | Correct: 1087/1280 | Difference: 0.7262864673443892

Epoch: 20 | Testing Accuracy: 429151/504607 (85.047%) | Historical Best: 85.047% 

Epoch: 21 | Batch: 000 | CrossEntropy-loss: 0.39294 | Correct: 1080/1280 | Difference: 0.7260220432665332
Epoch: 21 | Batch: 100 | CrossEntropy-loss: 0.39857 | Correct: 1072/1280 | Difference: 0.7259217355245607
Epoch: 21 | Batch: 200 | CrossEntropy-loss: 0.38762 | Correct: 1084/1280 | Difference: 0.7258527270751578
Epoch: 21 | Batch: 300 | CrossEntropy-loss: 0.40403 | Correct: 1068/1280 | Difference: 0.7257773570328835
Epoch: 21 | Batch: 400 | CrossEntropy-loss: 0.38272 | Correct: 1082/1280 | Difference: 0.7257149002127233
Epoch: 21 | Batch: 500 | CrossEntropy-loss: 0.37694 | Correct: 1086/1280 | Difference: 0.7257180079934692
Epoch: 21 | Batch: 600 | CrossEntropy-loss: 0.39573 | Correct: 1079/1280 | Difference: 0.7254132475394018
Epoch: 21 | Batch: 700 | CrossEntropy-loss: 0.37515 | Correct: 1093/1280 | Difference: 0.7248376906151457
Epoch: 21 | Batch: 800 | CrossEntropy-loss: 0.39134 | Correct: 1093/1280 | Difference: 0.7245149189412788
Epoch: 21 | Batch: 900 | CrossEntropy-loss: 0.36105 | Correct: 1100/1280 | Difference: 0.7242763859967352
Epoch: 21 | Batch: 1000 | CrossEntropy-loss: 0.36567 | Correct: 1100/1280 | Difference: 0.7241125696339218
Epoch: 21 | Batch: 1100 | CrossEntropy-loss: 0.36781 | Correct: 1097/1280 | Difference: 0.7239032314809466
Epoch: 21 | Batch: 1200 | CrossEntropy-loss: 0.37075 | Correct: 1100/1280 | Difference: 0.7237883341205714
Epoch: 21 | Batch: 1300 | CrossEntropy-loss: 0.37789 | Correct: 1078/1280 | Difference: 0.7236561532309881
Epoch: 21 | Batch: 1400 | CrossEntropy-loss: 0.39167 | Correct: 1080/1280 | Difference: 0.7236705061006726
Epoch: 21 | Batch: 1500 | CrossEntropy-loss: 0.33201 | Correct: 1097/1280 | Difference: 0.7233863449156152

Epoch: 21 | Testing Accuracy: 428363/504607 (84.890%) | Historical Best: 85.047% 

Epoch: 22 | Batch: 000 | CrossEntropy-loss: 0.37499 | Correct: 1084/1280 | Difference: 0.7233239593001595
Epoch: 22 | Batch: 100 | CrossEntropy-loss: 0.35107 | Correct: 1075/1280 | Difference: 0.7231816180649725
Epoch: 22 | Batch: 200 | CrossEntropy-loss: 0.36189 | Correct: 1089/1280 | Difference: 0.7228624626312917
Epoch: 22 | Batch: 300 | CrossEntropy-loss: 0.35478 | Correct: 1108/1280 | Difference: 0.7225786674940229
Epoch: 22 | Batch: 400 | CrossEntropy-loss: 0.37885 | Correct: 1081/1280 | Difference: 0.7222823735421414
Epoch: 22 | Batch: 500 | CrossEntropy-loss: 0.37668 | Correct: 1074/1280 | Difference: 0.7219882927308992
Epoch: 22 | Batch: 600 | CrossEntropy-loss: 0.34267 | Correct: 1099/1280 | Difference: 0.7217915217370617
Epoch: 22 | Batch: 700 | CrossEntropy-loss: 0.37717 | Correct: 1086/1280 | Difference: 0.7214868736431825
Epoch: 22 | Batch: 800 | CrossEntropy-loss: 0.38025 | Correct: 1074/1280 | Difference: 0.721081330752591
Epoch: 22 | Batch: 900 | CrossEntropy-loss: 0.36981 | Correct: 1091/1280 | Difference: 0.7208378885729557
Epoch: 22 | Batch: 1000 | CrossEntropy-loss: 0.37591 | Correct: 1098/1280 | Difference: 0.7205109410310483
Epoch: 22 | Batch: 1100 | CrossEntropy-loss: 0.36781 | Correct: 1089/1280 | Difference: 0.7201489646174488
Epoch: 22 | Batch: 1200 | CrossEntropy-loss: 0.40147 | Correct: 1077/1280 | Difference: 0.7201708210624919
Epoch: 22 | Batch: 1300 | CrossEntropy-loss: 0.37460 | Correct: 1094/1280 | Difference: 0.7197073141661642
Epoch: 22 | Batch: 1400 | CrossEntropy-loss: 0.38757 | Correct: 1067/1280 | Difference: 0.7195612100969194
Epoch: 22 | Batch: 1500 | CrossEntropy-loss: 0.37882 | Correct: 1075/1280 | Difference: 0.71935681285613

Epoch: 22 | Testing Accuracy: 428626/504607 (84.943%) | Historical Best: 85.047% 

Epoch: 23 | Batch: 000 | CrossEntropy-loss: 0.35582 | Correct: 1104/1280 | Difference: 0.7190355864462606
Epoch: 23 | Batch: 100 | CrossEntropy-loss: 0.36917 | Correct: 1081/1280 | Difference: 0.7187791189307355
Epoch: 23 | Batch: 200 | CrossEntropy-loss: 0.37478 | Correct: 1085/1280 | Difference: 0.718701614630844
Epoch: 23 | Batch: 300 | CrossEntropy-loss: 0.36712 | Correct: 1089/1280 | Difference: 0.7183350270005262
Epoch: 23 | Batch: 400 | CrossEntropy-loss: 0.37837 | Correct: 1080/1280 | Difference: 0.7180449934339159
Epoch: 23 | Batch: 500 | CrossEntropy-loss: 0.38547 | Correct: 1087/1280 | Difference: 0.7180367662738707
Epoch: 23 | Batch: 600 | CrossEntropy-loss: 0.37122 | Correct: 1089/1280 | Difference: 0.7176386120586044
Epoch: 23 | Batch: 700 | CrossEntropy-loss: 0.39729 | Correct: 1075/1280 | Difference: 0.7173721459628712
Epoch: 23 | Batch: 800 | CrossEntropy-loss: 0.39121 | Correct: 1080/1280 | Difference: 0.7170526083182863
Epoch: 23 | Batch: 900 | CrossEntropy-loss: 0.36846 | Correct: 1080/1280 | Difference: 0.7167510956537918
Epoch: 23 | Batch: 1000 | CrossEntropy-loss: 0.36508 | Correct: 1078/1280 | Difference: 0.7165818772834114
Epoch: 23 | Batch: 1100 | CrossEntropy-loss: 0.33990 | Correct: 1102/1280 | Difference: 0.7163053465631178
Epoch: 23 | Batch: 1200 | CrossEntropy-loss: 0.38595 | Correct: 1088/1280 | Difference: 0.7160063659279926
Epoch: 23 | Batch: 1300 | CrossEntropy-loss: 0.36617 | Correct: 1097/1280 | Difference: 0.7158505006627809
Epoch: 23 | Batch: 1400 | CrossEntropy-loss: 0.37823 | Correct: 1080/1280 | Difference: 0.7158142864367002
Epoch: 23 | Batch: 1500 | CrossEntropy-loss: 0.36165 | Correct: 1085/1280 | Difference: 0.7155742996617229

Epoch: 23 | Testing Accuracy: 429084/504607 (85.033%) | Historical Best: 85.047% 

Epoch: 24 | Batch: 000 | CrossEntropy-loss: 0.37782 | Correct: 1094/1280 | Difference: 0.7155460078320164
Epoch: 24 | Batch: 100 | CrossEntropy-loss: 0.37026 | Correct: 1083/1280 | Difference: 0.7152160278698516
Epoch: 24 | Batch: 200 | CrossEntropy-loss: 0.35084 | Correct: 1098/1280 | Difference: 0.7151944844646388
Epoch: 24 | Batch: 300 | CrossEntropy-loss: 0.33076 | Correct: 1115/1280 | Difference: 0.714852110522769
Epoch: 24 | Batch: 400 | CrossEntropy-loss: 0.38170 | Correct: 1074/1280 | Difference: 0.7146132445343624
Epoch: 24 | Batch: 500 | CrossEntropy-loss: 0.36185 | Correct: 1087/1280 | Difference: 0.714284851070017
Epoch: 24 | Batch: 600 | CrossEntropy-loss: 0.37351 | Correct: 1094/1280 | Difference: 0.7138796679765306
Epoch: 24 | Batch: 700 | CrossEntropy-loss: 0.35776 | Correct: 1086/1280 | Difference: 0.7137760912817601
Epoch: 24 | Batch: 800 | CrossEntropy-loss: 0.35277 | Correct: 1112/1280 | Difference: 0.7136041369301276
Epoch: 24 | Batch: 900 | CrossEntropy-loss: 0.34870 | Correct: 1098/1280 | Difference: 0.7133398466484009
Epoch: 24 | Batch: 1000 | CrossEntropy-loss: 0.35020 | Correct: 1101/1280 | Difference: 0.7130507104576574
Epoch: 24 | Batch: 1100 | CrossEntropy-loss: 0.36324 | Correct: 1085/1280 | Difference: 0.7128553462653101
Epoch: 24 | Batch: 1200 | CrossEntropy-loss: 0.37891 | Correct: 1082/1280 | Difference: 0.7126924829353161
Epoch: 24 | Batch: 1300 | CrossEntropy-loss: 0.35021 | Correct: 1110/1280 | Difference: 0.712304157186186
Epoch: 24 | Batch: 1400 | CrossEntropy-loss: 0.34452 | Correct: 1107/1280 | Difference: 0.7120638595211815
Epoch: 24 | Batch: 1500 | CrossEntropy-loss: 0.36864 | Correct: 1098/1280 | Difference: 0.7118702054466925

Epoch: 24 | Testing Accuracy: 429471/504607 (85.110%) | Historical Best: 85.110% 

Epoch: 25 | Batch: 000 | CrossEntropy-loss: 0.36911 | Correct: 1098/1280 | Difference: 0.7114844208910004
Epoch: 25 | Batch: 100 | CrossEntropy-loss: 0.37652 | Correct: 1087/1280 | Difference: 0.7112574949217213
Epoch: 25 | Batch: 200 | CrossEntropy-loss: 0.40134 | Correct: 1069/1280 | Difference: 0.7109787547569751
Epoch: 25 | Batch: 300 | CrossEntropy-loss: 0.38235 | Correct: 1079/1280 | Difference: 0.7107180827216585
Epoch: 25 | Batch: 400 | CrossEntropy-loss: 0.36706 | Correct: 1096/1280 | Difference: 0.7103735913694089
Epoch: 25 | Batch: 500 | CrossEntropy-loss: 0.37591 | Correct: 1083/1280 | Difference: 0.7100629340873594
Epoch: 25 | Batch: 600 | CrossEntropy-loss: 0.36114 | Correct: 1085/1280 | Difference: 0.7097855537898751
Epoch: 25 | Batch: 700 | CrossEntropy-loss: 0.35077 | Correct: 1106/1280 | Difference: 0.7093826435052158
Epoch: 25 | Batch: 800 | CrossEntropy-loss: 0.37243 | Correct: 1094/1280 | Difference: 0.7091900703358338
Epoch: 25 | Batch: 900 | CrossEntropy-loss: 0.37451 | Correct: 1099/1280 | Difference: 0.7088637283592669
Epoch: 25 | Batch: 1000 | CrossEntropy-loss: 0.37250 | Correct: 1081/1280 | Difference: 0.7083888885397105
Epoch: 25 | Batch: 1100 | CrossEntropy-loss: 0.37847 | Correct: 1085/1280 | Difference: 0.708048650247591
Epoch: 25 | Batch: 1200 | CrossEntropy-loss: 0.35906 | Correct: 1109/1280 | Difference: 0.7076428150017775
Epoch: 25 | Batch: 1300 | CrossEntropy-loss: 0.37528 | Correct: 1097/1280 | Difference: 0.7072347688621404
Epoch: 25 | Batch: 1400 | CrossEntropy-loss: 0.33996 | Correct: 1103/1280 | Difference: 0.7069850148959891
Epoch: 25 | Batch: 1500 | CrossEntropy-loss: 0.33997 | Correct: 1103/1280 | Difference: 0.7068302764631836

Epoch: 25 | Testing Accuracy: 429893/504607 (85.194%) | Historical Best: 85.194% 

Epoch: 26 | Batch: 000 | CrossEntropy-loss: 0.33875 | Correct: 1098/1280 | Difference: 0.7065965062314673
Epoch: 26 | Batch: 100 | CrossEntropy-loss: 0.36369 | Correct: 1095/1280 | Difference: 0.706223980436997
Epoch: 26 | Batch: 200 | CrossEntropy-loss: 0.34652 | Correct: 1090/1280 | Difference: 0.7060339940701212
Epoch: 26 | Batch: 300 | CrossEntropy-loss: 0.37120 | Correct: 1090/1280 | Difference: 0.7054531217716701
Epoch: 26 | Batch: 400 | CrossEntropy-loss: 0.36486 | Correct: 1097/1280 | Difference: 0.7051134114957947
Epoch: 26 | Batch: 500 | CrossEntropy-loss: 0.36135 | Correct: 1097/1280 | Difference: 0.7048948612189297
Epoch: 26 | Batch: 600 | CrossEntropy-loss: 0.34449 | Correct: 1103/1280 | Difference: 0.704506146200489
Epoch: 26 | Batch: 700 | CrossEntropy-loss: 0.35136 | Correct: 1105/1280 | Difference: 0.7041564876940323
Epoch: 26 | Batch: 800 | CrossEntropy-loss: 0.35593 | Correct: 1086/1280 | Difference: 0.7039760832043276
Epoch: 26 | Batch: 900 | CrossEntropy-loss: 0.35541 | Correct: 1103/1280 | Difference: 0.703614578748144
Epoch: 26 | Batch: 1000 | CrossEntropy-loss: 0.36357 | Correct: 1092/1280 | Difference: 0.7035432871445255
Epoch: 26 | Batch: 1100 | CrossEntropy-loss: 0.33083 | Correct: 1108/1280 | Difference: 0.703191679041103
Epoch: 26 | Batch: 1200 | CrossEntropy-loss: 0.37679 | Correct: 1081/1280 | Difference: 0.7028503721465511
Epoch: 26 | Batch: 1300 | CrossEntropy-loss: 0.34005 | Correct: 1101/1280 | Difference: 0.7025458548103614
Epoch: 26 | Batch: 1400 | CrossEntropy-loss: 0.35156 | Correct: 1095/1280 | Difference: 0.7022912666339426
Epoch: 26 | Batch: 1500 | CrossEntropy-loss: 0.34684 | Correct: 1100/1280 | Difference: 0.701981898147116

Epoch: 26 | Testing Accuracy: 430340/504607 (85.282%) | Historical Best: 85.282% 

Epoch: 27 | Batch: 000 | CrossEntropy-loss: 0.38813 | Correct: 1080/1280 | Difference: 0.7018346855768157
Epoch: 27 | Batch: 100 | CrossEntropy-loss: 0.36829 | Correct: 1098/1280 | Difference: 0.7015107912876875
Epoch: 27 | Batch: 200 | CrossEntropy-loss: 0.36055 | Correct: 1088/1280 | Difference: 0.7012596771588703
Epoch: 27 | Batch: 300 | CrossEntropy-loss: 0.35893 | Correct: 1092/1280 | Difference: 0.7010035882265782
Epoch: 27 | Batch: 400 | CrossEntropy-loss: 0.36188 | Correct: 1095/1280 | Difference: 0.700713798342096
Epoch: 27 | Batch: 500 | CrossEntropy-loss: 0.35584 | Correct: 1087/1280 | Difference: 0.7004462967861598
Epoch: 27 | Batch: 600 | CrossEntropy-loss: 0.37074 | Correct: 1094/1280 | Difference: 0.7002887658699259
Epoch: 27 | Batch: 700 | CrossEntropy-loss: 0.38448 | Correct: 1082/1280 | Difference: 0.7000056586307938
Epoch: 27 | Batch: 800 | CrossEntropy-loss: 0.36446 | Correct: 1090/1280 | Difference: 0.6998778909466228
Epoch: 27 | Batch: 900 | CrossEntropy-loss: 0.37211 | Correct: 1081/1280 | Difference: 0.6995408479572583
Epoch: 27 | Batch: 1000 | CrossEntropy-loss: 0.36963 | Correct: 1100/1280 | Difference: 0.6993404948329242
Epoch: 27 | Batch: 1100 | CrossEntropy-loss: 0.34890 | Correct: 1100/1280 | Difference: 0.6991990868644478
Epoch: 27 | Batch: 1200 | CrossEntropy-loss: 0.40071 | Correct: 1070/1280 | Difference: 0.6990856613015134
Epoch: 27 | Batch: 1300 | CrossEntropy-loss: 0.35510 | Correct: 1100/1280 | Difference: 0.6989541073137738
Epoch: 27 | Batch: 1400 | CrossEntropy-loss: 0.34091 | Correct: 1103/1280 | Difference: 0.6986759875039646
Epoch: 27 | Batch: 1500 | CrossEntropy-loss: 0.33593 | Correct: 1109/1280 | Difference: 0.6983832601615071

Epoch: 27 | Testing Accuracy: 431175/504607 (85.448%) | Historical Best: 85.448% 

Epoch: 28 | Batch: 000 | CrossEntropy-loss: 0.33345 | Correct: 1115/1280 | Difference: 0.6981181758108703
Epoch: 28 | Batch: 100 | CrossEntropy-loss: 0.37330 | Correct: 1095/1280 | Difference: 0.6978538532413541
Epoch: 28 | Batch: 200 | CrossEntropy-loss: 0.36277 | Correct: 1095/1280 | Difference: 0.6975087155589988
Epoch: 28 | Batch: 300 | CrossEntropy-loss: 0.33891 | Correct: 1104/1280 | Difference: 0.6974620880017832
Epoch: 28 | Batch: 400 | CrossEntropy-loss: 0.37974 | Correct: 1087/1280 | Difference: 0.6973002956794108
Epoch: 28 | Batch: 500 | CrossEntropy-loss: 0.36100 | Correct: 1091/1280 | Difference: 0.6969875649260046
Epoch: 28 | Batch: 600 | CrossEntropy-loss: 0.33925 | Correct: 1105/1280 | Difference: 0.6968014926418175
Epoch: 28 | Batch: 700 | CrossEntropy-loss: 0.39060 | Correct: 1077/1280 | Difference: 0.6966655916283506
Epoch: 28 | Batch: 800 | CrossEntropy-loss: 0.33274 | Correct: 1113/1280 | Difference: 0.6964533154951076
Epoch: 28 | Batch: 900 | CrossEntropy-loss: 0.34408 | Correct: 1100/1280 | Difference: 0.6963774222881977
Epoch: 28 | Batch: 1000 | CrossEntropy-loss: 0.31781 | Correct: 1131/1280 | Difference: 0.6961307880237211
Epoch: 28 | Batch: 1100 | CrossEntropy-loss: 0.33598 | Correct: 1119/1280 | Difference: 0.6960776200512921
Epoch: 28 | Batch: 1200 | CrossEntropy-loss: 0.38476 | Correct: 1073/1280 | Difference: 0.6958316249832489
Epoch: 28 | Batch: 1300 | CrossEntropy-loss: 0.40827 | Correct: 1062/1280 | Difference: 0.6955170347055941
Epoch: 28 | Batch: 1400 | CrossEntropy-loss: 0.35029 | Correct: 1091/1280 | Difference: 0.6953164837503978
Epoch: 28 | Batch: 1500 | CrossEntropy-loss: 0.33180 | Correct: 1107/1280 | Difference: 0.6951893018880139

Epoch: 28 | Testing Accuracy: 431697/504607 (85.551%) | Historical Best: 85.551% 

Epoch: 29 | Batch: 000 | CrossEntropy-loss: 0.35039 | Correct: 1110/1280 | Difference: 0.6951026161202674
Epoch: 29 | Batch: 100 | CrossEntropy-loss: 0.35902 | Correct: 1096/1280 | Difference: 0.694843027441085
Epoch: 29 | Batch: 200 | CrossEntropy-loss: 0.36831 | Correct: 1075/1280 | Difference: 0.6946567284788682
Epoch: 29 | Batch: 300 | CrossEntropy-loss: 0.35142 | Correct: 1103/1280 | Difference: 0.6944606739922327
Epoch: 29 | Batch: 400 | CrossEntropy-loss: 0.35486 | Correct: 1087/1280 | Difference: 0.6944110154156241
Epoch: 29 | Batch: 500 | CrossEntropy-loss: 0.35480 | Correct: 1098/1280 | Difference: 0.6942870945942722
Epoch: 29 | Batch: 600 | CrossEntropy-loss: 0.35608 | Correct: 1101/1280 | Difference: 0.6940576320631873
Epoch: 29 | Batch: 700 | CrossEntropy-loss: 0.32846 | Correct: 1109/1280 | Difference: 0.6937234896449971
Epoch: 29 | Batch: 800 | CrossEntropy-loss: 0.35632 | Correct: 1086/1280 | Difference: 0.6934990597211113
Epoch: 29 | Batch: 900 | CrossEntropy-loss: 0.34925 | Correct: 1106/1280 | Difference: 0.6932792431065092
Epoch: 29 | Batch: 1000 | CrossEntropy-loss: 0.36541 | Correct: 1086/1280 | Difference: 0.6931386872137875
Epoch: 29 | Batch: 1100 | CrossEntropy-loss: 0.37163 | Correct: 1089/1280 | Difference: 0.6928127495515138
Epoch: 29 | Batch: 1200 | CrossEntropy-loss: 0.36894 | Correct: 1085/1280 | Difference: 0.6925971636993846
Epoch: 29 | Batch: 1300 | CrossEntropy-loss: 0.38198 | Correct: 1076/1280 | Difference: 0.6923977564400816
Epoch: 29 | Batch: 1400 | CrossEntropy-loss: 0.35187 | Correct: 1106/1280 | Difference: 0.6922851524084319
Epoch: 29 | Batch: 1500 | CrossEntropy-loss: 0.37028 | Correct: 1083/1280 | Difference: 0.6922586044482322

Epoch: 29 | Testing Accuracy: 431969/504607 (85.605%) | Historical Best: 85.605% 

Epoch: 30 | Batch: 000 | CrossEntropy-loss: 0.33992 | Correct: 1108/1280 | Difference: 0.6919985137726002
Epoch: 30 | Batch: 100 | CrossEntropy-loss: 0.33585 | Correct: 1100/1280 | Difference: 0.6918308364791463
Epoch: 30 | Batch: 200 | CrossEntropy-loss: 0.36789 | Correct: 1088/1280 | Difference: 0.6914663170097063
Epoch: 30 | Batch: 300 | CrossEntropy-loss: 0.35438 | Correct: 1104/1280 | Difference: 0.6912610319294052
Epoch: 30 | Batch: 400 | CrossEntropy-loss: 0.34862 | Correct: 1100/1280 | Difference: 0.6910716486271526
Epoch: 30 | Batch: 500 | CrossEntropy-loss: 0.33743 | Correct: 1102/1280 | Difference: 0.690961752130671
Epoch: 30 | Batch: 600 | CrossEntropy-loss: 0.37834 | Correct: 1086/1280 | Difference: 0.6906547893977566
Epoch: 30 | Batch: 700 | CrossEntropy-loss: 0.36172 | Correct: 1091/1280 | Difference: 0.6905446430556832
Epoch: 30 | Batch: 800 | CrossEntropy-loss: 0.35591 | Correct: 1099/1280 | Difference: 0.6902615259160343
Epoch: 30 | Batch: 900 | CrossEntropy-loss: 0.33179 | Correct: 1111/1280 | Difference: 0.690099768423186
Epoch: 30 | Batch: 1000 | CrossEntropy-loss: 0.34337 | Correct: 1102/1280 | Difference: 0.6897343755851438
Epoch: 30 | Batch: 1100 | CrossEntropy-loss: 0.34873 | Correct: 1096/1280 | Difference: 0.6896065810851886
Epoch: 30 | Batch: 1200 | CrossEntropy-loss: 0.34902 | Correct: 1108/1280 | Difference: 0.6893842306105864
Epoch: 30 | Batch: 1300 | CrossEntropy-loss: 0.35696 | Correct: 1102/1280 | Difference: 0.689392948354499
Epoch: 30 | Batch: 1400 | CrossEntropy-loss: 0.34678 | Correct: 1099/1280 | Difference: 0.6891401380567469
Epoch: 30 | Batch: 1500 | CrossEntropy-loss: 0.37481 | Correct: 1065/1280 | Difference: 0.6888736895078345

Epoch: 30 | Testing Accuracy: 432352/504607 (85.681%) | Historical Best: 85.681% 

Epoch: 31 | Batch: 000 | CrossEntropy-loss: 0.33805 | Correct: 1102/1280 | Difference: 0.6888289078625207
Epoch: 31 | Batch: 100 | CrossEntropy-loss: 0.31850 | Correct: 1132/1280 | Difference: 0.6886259869314786
Epoch: 31 | Batch: 200 | CrossEntropy-loss: 0.36073 | Correct: 1088/1280 | Difference: 0.688525571857115
Epoch: 31 | Batch: 300 | CrossEntropy-loss: 0.32536 | Correct: 1100/1280 | Difference: 0.6883341296246283
Epoch: 31 | Batch: 400 | CrossEntropy-loss: 0.37247 | Correct: 1073/1280 | Difference: 0.6880188538044281
Epoch: 31 | Batch: 500 | CrossEntropy-loss: 0.33340 | Correct: 1106/1280 | Difference: 0.6879164944724391
Epoch: 31 | Batch: 600 | CrossEntropy-loss: 0.34431 | Correct: 1096/1280 | Difference: 0.6876869803000025
Epoch: 31 | Batch: 700 | CrossEntropy-loss: 0.33999 | Correct: 1105/1280 | Difference: 0.6873060220976348
Epoch: 31 | Batch: 800 | CrossEntropy-loss: 0.33804 | Correct: 1085/1280 | Difference: 0.687066450263123
Epoch: 31 | Batch: 900 | CrossEntropy-loss: 0.33310 | Correct: 1120/1280 | Difference: 0.6872258035428644
Epoch: 31 | Batch: 1000 | CrossEntropy-loss: 0.37265 | Correct: 1074/1280 | Difference: 0.687018652070781
Epoch: 31 | Batch: 1100 | CrossEntropy-loss: 0.33566 | Correct: 1102/1280 | Difference: 0.6867101654161929
Epoch: 31 | Batch: 1200 | CrossEntropy-loss: 0.35336 | Correct: 1109/1280 | Difference: 0.6866365241409625
Epoch: 31 | Batch: 1300 | CrossEntropy-loss: 0.35289 | Correct: 1099/1280 | Difference: 0.6864026627999475
Epoch: 31 | Batch: 1400 | CrossEntropy-loss: 0.30555 | Correct: 1120/1280 | Difference: 0.6860591731064698
Epoch: 31 | Batch: 1500 | CrossEntropy-loss: 0.36990 | Correct: 1093/1280 | Difference: 0.6858823232620893

Epoch: 31 | Testing Accuracy: 432536/504607 (85.717%) | Historical Best: 85.717% 

Epoch: 32 | Batch: 000 | CrossEntropy-loss: 0.36812 | Correct: 1082/1280 | Difference: 0.6857973934123504
Epoch: 32 | Batch: 100 | CrossEntropy-loss: 0.33685 | Correct: 1099/1280 | Difference: 0.6856354201789914
Epoch: 32 | Batch: 200 | CrossEntropy-loss: 0.34034 | Correct: 1104/1280 | Difference: 0.6855425523930697
Epoch: 32 | Batch: 300 | CrossEntropy-loss: 0.34186 | Correct: 1102/1280 | Difference: 0.6852202729796328
Epoch: 32 | Batch: 400 | CrossEntropy-loss: 0.36827 | Correct: 1087/1280 | Difference: 0.6852428413150402
Epoch: 32 | Batch: 500 | CrossEntropy-loss: 0.35733 | Correct: 1097/1280 | Difference: 0.6849812828700589
Epoch: 32 | Batch: 600 | CrossEntropy-loss: 0.33239 | Correct: 1117/1280 | Difference: 0.6847899978457928
Epoch: 32 | Batch: 700 | CrossEntropy-loss: 0.34540 | Correct: 1100/1280 | Difference: 0.6845556933706813
Epoch: 32 | Batch: 800 | CrossEntropy-loss: 0.35631 | Correct: 1095/1280 | Difference: 0.6843804112709687
Epoch: 32 | Batch: 900 | CrossEntropy-loss: 0.34001 | Correct: 1105/1280 | Difference: 0.6842578403995059
Epoch: 32 | Batch: 1000 | CrossEntropy-loss: 0.32911 | Correct: 1102/1280 | Difference: 0.6839618070319234
Epoch: 32 | Batch: 1100 | CrossEntropy-loss: 0.36285 | Correct: 1082/1280 | Difference: 0.6836991011680625
Epoch: 32 | Batch: 1200 | CrossEntropy-loss: 0.34308 | Correct: 1098/1280 | Difference: 0.6835566362925278
Epoch: 32 | Batch: 1300 | CrossEntropy-loss: 0.33206 | Correct: 1095/1280 | Difference: 0.683358780551878
Epoch: 32 | Batch: 1400 | CrossEntropy-loss: 0.34153 | Correct: 1106/1280 | Difference: 0.6831777865058798
Epoch: 32 | Batch: 1500 | CrossEntropy-loss: 0.35088 | Correct: 1101/1280 | Difference: 0.6829310114981895

Epoch: 32 | Testing Accuracy: 432820/504607 (85.774%) | Historical Best: 85.774% 

Epoch: 33 | Batch: 000 | CrossEntropy-loss: 0.36473 | Correct: 1094/1280 | Difference: 0.6828250582438018
Epoch: 33 | Batch: 100 | CrossEntropy-loss: 0.35035 | Correct: 1090/1280 | Difference: 0.6825713206765792
Epoch: 33 | Batch: 200 | CrossEntropy-loss: 0.34403 | Correct: 1101/1280 | Difference: 0.6824614736388726
Epoch: 33 | Batch: 300 | CrossEntropy-loss: 0.31191 | Correct: 1133/1280 | Difference: 0.6822997165908278
Epoch: 33 | Batch: 400 | CrossEntropy-loss: 0.36729 | Correct: 1106/1280 | Difference: 0.6819877511604784
Epoch: 33 | Batch: 500 | CrossEntropy-loss: 0.34200 | Correct: 1100/1280 | Difference: 0.68188962031383
Epoch: 33 | Batch: 600 | CrossEntropy-loss: 0.34484 | Correct: 1103/1280 | Difference: 0.681797506755433
Epoch: 33 | Batch: 700 | CrossEntropy-loss: 0.36099 | Correct: 1089/1280 | Difference: 0.6815716220993798
Epoch: 33 | Batch: 800 | CrossEntropy-loss: 0.32233 | Correct: 1119/1280 | Difference: 0.681134161910102
Epoch: 33 | Batch: 900 | CrossEntropy-loss: 0.34392 | Correct: 1114/1280 | Difference: 0.6810539435397772
Epoch: 33 | Batch: 1000 | CrossEntropy-loss: 0.33811 | Correct: 1097/1280 | Difference: 0.6809041067076437
Epoch: 33 | Batch: 1100 | CrossEntropy-loss: 0.33295 | Correct: 1100/1280 | Difference: 0.6808950977574467
Epoch: 33 | Batch: 1200 | CrossEntropy-loss: 0.33188 | Correct: 1112/1280 | Difference: 0.6806490135995066
Epoch: 33 | Batch: 1300 | CrossEntropy-loss: 0.35674 | Correct: 1090/1280 | Difference: 0.6806006973347293
Epoch: 33 | Batch: 1400 | CrossEntropy-loss: 0.32986 | Correct: 1105/1280 | Difference: 0.6803279618898928
Epoch: 33 | Batch: 1500 | CrossEntropy-loss: 0.32598 | Correct: 1125/1280 | Difference: 0.6801357456199404

Epoch: 33 | Testing Accuracy: 433050/504607 (85.819%) | Historical Best: 85.819% 

Epoch: 34 | Batch: 000 | CrossEntropy-loss: 0.35389 | Correct: 1088/1280 | Difference: 0.6799120184771569
Epoch: 34 | Batch: 100 | CrossEntropy-loss: 0.35655 | Correct: 1090/1280 | Difference: 0.6796945860188781
Epoch: 34 | Batch: 200 | CrossEntropy-loss: 0.32661 | Correct: 1103/1280 | Difference: 0.6795299769623105
Epoch: 34 | Batch: 300 | CrossEntropy-loss: 0.35115 | Correct: 1098/1280 | Difference: 0.6793021222646732
Epoch: 34 | Batch: 400 | CrossEntropy-loss: 0.34916 | Correct: 1103/1280 | Difference: 0.679020149110169
Epoch: 34 | Batch: 500 | CrossEntropy-loss: 0.33305 | Correct: 1107/1280 | Difference: 0.6787285947655838
Epoch: 34 | Batch: 600 | CrossEntropy-loss: 0.35386 | Correct: 1092/1280 | Difference: 0.6786106567086706
Epoch: 34 | Batch: 700 | CrossEntropy-loss: 0.31922 | Correct: 1117/1280 | Difference: 0.6785426386115652
Epoch: 34 | Batch: 800 | CrossEntropy-loss: 0.37266 | Correct: 1089/1280 | Difference: 0.678364715110387
Epoch: 34 | Batch: 900 | CrossEntropy-loss: 0.31224 | Correct: 1121/1280 | Difference: 0.6782436294663277
Epoch: 34 | Batch: 1000 | CrossEntropy-loss: 0.34667 | Correct: 1110/1280 | Difference: 0.6780777697458907
Epoch: 34 | Batch: 1100 | CrossEntropy-loss: 0.35172 | Correct: 1102/1280 | Difference: 0.678028383169316
Epoch: 34 | Batch: 1200 | CrossEntropy-loss: 0.33550 | Correct: 1101/1280 | Difference: 0.6777606566582933
Epoch: 34 | Batch: 1300 | CrossEntropy-loss: 0.31884 | Correct: 1119/1280 | Difference: 0.6776345794310061
Epoch: 34 | Batch: 1400 | CrossEntropy-loss: 0.34765 | Correct: 1090/1280 | Difference: 0.6774841518119721
Epoch: 34 | Batch: 1500 | CrossEntropy-loss: 0.33599 | Correct: 1106/1280 | Difference: 0.6772796203144851

Epoch: 34 | Testing Accuracy: 433175/504607 (85.844%) | Historical Best: 85.844% 

Epoch: 35 | Batch: 000 | CrossEntropy-loss: 0.35919 | Correct: 1078/1280 | Difference: 0.6771861308397614
Epoch: 35 | Batch: 100 | CrossEntropy-loss: 0.36509 | Correct: 1084/1280 | Difference: 0.677000415680981
Epoch: 35 | Batch: 200 | CrossEntropy-loss: 0.33731 | Correct: 1105/1280 | Difference: 0.6767711852740124
Epoch: 35 | Batch: 300 | CrossEntropy-loss: 0.32037 | Correct: 1114/1280 | Difference: 0.6765825469490884
Epoch: 35 | Batch: 400 | CrossEntropy-loss: 0.36832 | Correct: 1080/1280 | Difference: 0.6765129722807833
Epoch: 35 | Batch: 500 | CrossEntropy-loss: 0.37758 | Correct: 1069/1280 | Difference: 0.6763201759087898
Epoch: 35 | Batch: 600 | CrossEntropy-loss: 0.35693 | Correct: 1090/1280 | Difference: 0.6762864776031081
Epoch: 35 | Batch: 700 | CrossEntropy-loss: 0.34247 | Correct: 1093/1280 | Difference: 0.6761558709780342
Epoch: 35 | Batch: 800 | CrossEntropy-loss: 0.35246 | Correct: 1087/1280 | Difference: 0.6759873440719797
Epoch: 35 | Batch: 900 | CrossEntropy-loss: 0.34407 | Correct: 1100/1280 | Difference: 0.6759654099517236
Epoch: 35 | Batch: 1000 | CrossEntropy-loss: 0.34100 | Correct: 1109/1280 | Difference: 0.6756972430407502
Epoch: 35 | Batch: 1100 | CrossEntropy-loss: 0.33827 | Correct: 1096/1280 | Difference: 0.6754242439506825
Epoch: 35 | Batch: 1200 | CrossEntropy-loss: 0.33745 | Correct: 1108/1280 | Difference: 0.6752581152364268
Epoch: 35 | Batch: 1300 | CrossEntropy-loss: 0.32879 | Correct: 1114/1280 | Difference: 0.6750724167473503
Epoch: 35 | Batch: 1400 | CrossEntropy-loss: 0.33912 | Correct: 1096/1280 | Difference: 0.6747394258413721
Epoch: 35 | Batch: 1500 | CrossEntropy-loss: 0.34941 | Correct: 1093/1280 | Difference: 0.6746531603836267

Epoch: 35 | Testing Accuracy: 433583/504607 (85.925%) | Historical Best: 85.925% 

Epoch: 36 | Batch: 000 | CrossEntropy-loss: 0.33037 | Correct: 1096/1280 | Difference: 0.674446389031337
Epoch: 36 | Batch: 100 | CrossEntropy-loss: 0.34930 | Correct: 1099/1280 | Difference: 0.6742612609792779
Epoch: 36 | Batch: 200 | CrossEntropy-loss: 0.34329 | Correct: 1084/1280 | Difference: 0.6740195605449487
Epoch: 36 | Batch: 300 | CrossEntropy-loss: 0.32844 | Correct: 1109/1280 | Difference: 0.6738962223789932
Epoch: 36 | Batch: 400 | CrossEntropy-loss: 0.33454 | Correct: 1107/1280 | Difference: 0.6737368927829788
Epoch: 36 | Batch: 500 | CrossEntropy-loss: 0.34381 | Correct: 1108/1280 | Difference: 0.6736424748153005
Epoch: 36 | Batch: 600 | CrossEntropy-loss: 0.36043 | Correct: 1091/1280 | Difference: 0.6735304652167762
Epoch: 36 | Batch: 700 | CrossEntropy-loss: 0.31886 | Correct: 1100/1280 | Difference: 0.6734232088623904
Epoch: 36 | Batch: 800 | CrossEntropy-loss: 0.32363 | Correct: 1104/1280 | Difference: 0.6731820370548643
Epoch: 36 | Batch: 900 | CrossEntropy-loss: 0.35921 | Correct: 1096/1280 | Difference: 0.6731579599019212
Epoch: 36 | Batch: 1000 | CrossEntropy-loss: 0.33912 | Correct: 1113/1280 | Difference: 0.6729138274616684
Epoch: 36 | Batch: 1100 | CrossEntropy-loss: 0.34128 | Correct: 1106/1280 | Difference: 0.6727482037104583
Epoch: 36 | Batch: 1200 | CrossEntropy-loss: 0.36679 | Correct: 1089/1280 | Difference: 0.6726303423007867
Epoch: 36 | Batch: 1300 | CrossEntropy-loss: 0.32805 | Correct: 1099/1280 | Difference: 0.6724604484266208
Epoch: 36 | Batch: 1400 | CrossEntropy-loss: 0.36690 | Correct: 1081/1280 | Difference: 0.6721464500946841
Epoch: 36 | Batch: 1500 | CrossEntropy-loss: 0.32518 | Correct: 1104/1280 | Difference: 0.6719970295506446

Epoch: 36 | Testing Accuracy: 433776/504607 (85.963%) | Historical Best: 85.963% 

Epoch: 37 | Batch: 000 | CrossEntropy-loss: 0.33864 | Correct: 1109/1280 | Difference: 0.6717222870453643
Epoch: 37 | Batch: 100 | CrossEntropy-loss: 0.33093 | Correct: 1116/1280 | Difference: 0.6716176117954692
Epoch: 37 | Batch: 200 | CrossEntropy-loss: 0.33382 | Correct: 1106/1280 | Difference: 0.6713667540549062
Epoch: 37 | Batch: 300 | CrossEntropy-loss: 0.33970 | Correct: 1098/1280 | Difference: 0.6711122780776344
Epoch: 37 | Batch: 400 | CrossEntropy-loss: 0.32661 | Correct: 1111/1280 | Difference: 0.670782779552003
Epoch: 37 | Batch: 500 | CrossEntropy-loss: 0.33078 | Correct: 1102/1280 | Difference: 0.6707028437628948
Epoch: 37 | Batch: 600 | CrossEntropy-loss: 0.35161 | Correct: 1092/1280 | Difference: 0.6704480382351897
Epoch: 37 | Batch: 700 | CrossEntropy-loss: 0.33029 | Correct: 1106/1280 | Difference: 0.6703823927314558
Epoch: 37 | Batch: 800 | CrossEntropy-loss: 0.32537 | Correct: 1102/1280 | Difference: 0.6702389638288871
Epoch: 37 | Batch: 900 | CrossEntropy-loss: 0.36512 | Correct: 1089/1280 | Difference: 0.6698994896675377
Epoch: 37 | Batch: 1000 | CrossEntropy-loss: 0.33522 | Correct: 1088/1280 | Difference: 0.6698031923200075
Epoch: 37 | Batch: 1100 | CrossEntropy-loss: 0.35254 | Correct: 1091/1280 | Difference: 0.6695184926027038
Epoch: 37 | Batch: 1200 | CrossEntropy-loss: 0.32760 | Correct: 1105/1280 | Difference: 0.6693397265480593
Epoch: 37 | Batch: 1300 | CrossEntropy-loss: 0.33761 | Correct: 1104/1280 | Difference: 0.6693472325811545
Epoch: 37 | Batch: 1400 | CrossEntropy-loss: 0.33753 | Correct: 1112/1280 | Difference: 0.6691117590778346
Epoch: 37 | Batch: 1500 | CrossEntropy-loss: 0.31569 | Correct: 1106/1280 | Difference: 0.6689393529099708

Epoch: 37 | Testing Accuracy: 434229/504607 (86.053%) | Historical Best: 86.053% 

Epoch: 38 | Batch: 000 | CrossEntropy-loss: 0.34121 | Correct: 1107/1280 | Difference: 0.668906398797965
Epoch: 38 | Batch: 100 | CrossEntropy-loss: 0.36246 | Correct: 1080/1280 | Difference: 0.6686983392265872
Epoch: 38 | Batch: 200 | CrossEntropy-loss: 0.32328 | Correct: 1118/1280 | Difference: 0.6686698057727571
Epoch: 38 | Batch: 300 | CrossEntropy-loss: 0.30301 | Correct: 1127/1280 | Difference: 0.6683899065023671
Epoch: 38 | Batch: 400 | CrossEntropy-loss: 0.34041 | Correct: 1110/1280 | Difference: 0.6681983629678138
Epoch: 38 | Batch: 500 | CrossEntropy-loss: 0.34956 | Correct: 1090/1280 | Difference: 0.668162486662428
Epoch: 38 | Batch: 600 | CrossEntropy-loss: 0.35191 | Correct: 1078/1280 | Difference: 0.6679886207168838
Epoch: 38 | Batch: 700 | CrossEntropy-loss: 0.32098 | Correct: 1139/1280 | Difference: 0.667795363387752
Epoch: 38 | Batch: 800 | CrossEntropy-loss: 0.33586 | Correct: 1106/1280 | Difference: 0.6673461198816458
Epoch: 38 | Batch: 900 | CrossEntropy-loss: 0.34255 | Correct: 1095/1280 | Difference: 0.6672815341628539
Epoch: 38 | Batch: 1000 | CrossEntropy-loss: 0.30729 | Correct: 1119/1280 | Difference: 0.6669538207400662
Epoch: 38 | Batch: 1100 | CrossEntropy-loss: 0.30964 | Correct: 1111/1280 | Difference: 0.6668607666360907
Epoch: 38 | Batch: 1200 | CrossEntropy-loss: 0.32987 | Correct: 1111/1280 | Difference: 0.666691242337886
Epoch: 38 | Batch: 1300 | CrossEntropy-loss: 0.33397 | Correct: 1101/1280 | Difference: 0.6665749773392836
Epoch: 38 | Batch: 1400 | CrossEntropy-loss: 0.34692 | Correct: 1096/1280 | Difference: 0.6663242503583503
Epoch: 38 | Batch: 1500 | CrossEntropy-loss: 0.32168 | Correct: 1111/1280 | Difference: 0.6662552819752207

Epoch: 38 | Testing Accuracy: 434301/504607 (86.067%) | Historical Best: 86.067% 

Epoch: 39 | Batch: 000 | CrossEntropy-loss: 0.34077 | Correct: 1105/1280 | Difference: 0.6661381130970155
Epoch: 39 | Batch: 100 | CrossEntropy-loss: 0.33047 | Correct: 1114/1280 | Difference: 0.6659889089380152
Epoch: 39 | Batch: 200 | CrossEntropy-loss: 0.36219 | Correct: 1077/1280 | Difference: 0.6656894132116571
Epoch: 39 | Batch: 300 | CrossEntropy-loss: 0.30385 | Correct: 1124/1280 | Difference: 0.6653741462088262
Epoch: 39 | Batch: 400 | CrossEntropy-loss: 0.32521 | Correct: 1107/1280 | Difference: 0.6651656209500889
Epoch: 39 | Batch: 500 | CrossEntropy-loss: 0.31913 | Correct: 1130/1280 | Difference: 0.6651471270801903
Epoch: 39 | Batch: 600 | CrossEntropy-loss: 0.35244 | Correct: 1095/1280 | Difference: 0.6651028431341455
Epoch: 39 | Batch: 700 | CrossEntropy-loss: 0.35761 | Correct: 1098/1280 | Difference: 0.6648173347979566
Epoch: 39 | Batch: 800 | CrossEntropy-loss: 0.33235 | Correct: 1103/1280 | Difference: 0.6646589208016576
Epoch: 39 | Batch: 900 | CrossEntropy-loss: 0.36434 | Correct: 1099/1280 | Difference: 0.6645826838300035
Epoch: 39 | Batch: 1000 | CrossEntropy-loss: 0.33248 | Correct: 1115/1280 | Difference: 0.6643636274355866
Epoch: 39 | Batch: 1100 | CrossEntropy-loss: 0.34420 | Correct: 1097/1280 | Difference: 0.6641652685328789
Epoch: 39 | Batch: 1200 | CrossEntropy-loss: 0.32397 | Correct: 1127/1280 | Difference: 0.6641248480465977
Epoch: 39 | Batch: 1300 | CrossEntropy-loss: 0.32598 | Correct: 1128/1280 | Difference: 0.6640126583021537
Epoch: 39 | Batch: 1400 | CrossEntropy-loss: 0.31259 | Correct: 1114/1280 | Difference: 0.663863304223502
Epoch: 39 | Batch: 1500 | CrossEntropy-loss: 0.32320 | Correct: 1114/1280 | Difference: 0.6637554253539474

Epoch: 39 | Testing Accuracy: 434974/504607 (86.201%) | Historical Best: 86.201% 

Epoch: 40 | Batch: 000 | CrossEntropy-loss: 0.36026 | Correct: 1102/1280 | Difference: 0.6636462436960482
Epoch: 40 | Batch: 100 | CrossEntropy-loss: 0.31915 | Correct: 1126/1280 | Difference: 0.6635062393374057
Epoch: 40 | Batch: 200 | CrossEntropy-loss: 0.34358 | Correct: 1096/1280 | Difference: 0.6632833475684219
Epoch: 40 | Batch: 300 | CrossEntropy-loss: 0.33540 | Correct: 1102/1280 | Difference: 0.6629899593604356
Epoch: 40 | Batch: 400 | CrossEntropy-loss: 0.30565 | Correct: 1123/1280 | Difference: 0.6627939134259607
Epoch: 40 | Batch: 500 | CrossEntropy-loss: 0.31846 | Correct: 1110/1280 | Difference: 0.6626820740164505
Epoch: 40 | Batch: 600 | CrossEntropy-loss: 0.31929 | Correct: 1112/1280 | Difference: 0.6624858181089954
Epoch: 40 | Batch: 700 | CrossEntropy-loss: 0.32554 | Correct: 1106/1280 | Difference: 0.6625108880379563
Epoch: 40 | Batch: 800 | CrossEntropy-loss: 0.31528 | Correct: 1121/1280 | Difference: 0.6623569497790746
Epoch: 40 | Batch: 900 | CrossEntropy-loss: 0.34953 | Correct: 1091/1280 | Difference: 0.6621957479908844
Epoch: 40 | Batch: 1000 | CrossEntropy-loss: 0.34652 | Correct: 1097/1280 | Difference: 0.6619667565266384
Epoch: 40 | Batch: 1100 | CrossEntropy-loss: 0.34124 | Correct: 1097/1280 | Difference: 0.6618384822961191
Epoch: 40 | Batch: 1200 | CrossEntropy-loss: 0.32771 | Correct: 1102/1280 | Difference: 0.6616323219156917
Epoch: 40 | Batch: 1300 | CrossEntropy-loss: 0.31784 | Correct: 1118/1280 | Difference: 0.661541446629238
Epoch: 40 | Batch: 1400 | CrossEntropy-loss: 0.32728 | Correct: 1125/1280 | Difference: 0.6613681710995205
Epoch: 40 | Batch: 1500 | CrossEntropy-loss: 0.32300 | Correct: 1106/1280 | Difference: 0.6611055109272183

Epoch: 40 | Testing Accuracy: 435349/504607 (86.275%) | Historical Best: 86.275% 

