compute002
4
/home/zihan/anaconda3/envs/exp/lib/python3.6/site-packages/gym/envs/registration.py:14: PkgResourcesDeprecationWarning: Parameters to load are deprecated.  Call .resolve and .require separately.
  result = entry_point.load(False)
4 2
# of episode :20, reward : 14.0, episode length: 14
# of episode :40, reward : 12.0, episode length: 12
# of episode :60, reward : 10.0, episode length: 10
# of episode :80, reward : 21.0, episode length: 21
# of episode :100, reward : 28.0, episode length: 28
# of episode :120, reward : 17.0, episode length: 17
# of episode :140, reward : 20.0, episode length: 20
# of episode :160, reward : 19.0, episode length: 19
# of episode :180, reward : 67.0, episode length: 67
# of episode :200, reward : 26.0, episode length: 26
# of episode :220, reward : 24.0, episode length: 24
# of episode :240, reward : 12.0, episode length: 12
# of episode :260, reward : 31.0, episode length: 31
# of episode :280, reward : 39.0, episode length: 39
# of episode :300, reward : 42.0, episode length: 42
# of episode :320, reward : 72.0, episode length: 72
# of episode :340, reward : 49.0, episode length: 49
# of episode :360, reward : 56.0, episode length: 56
# of episode :380, reward : 33.0, episode length: 33
# of episode :400, reward : 313.0, episode length: 313
# of episode :420, reward : 132.0, episode length: 132
# of episode :440, reward : 205.0, episode length: 205
# of episode :460, reward : 153.0, episode length: 153
# of episode :480, reward : 302.0, episode length: 302
# of episode :500, reward : 248.0, episode length: 248
# of episode :520, reward : 117.0, episode length: 117
# of episode :540, reward : 261.0, episode length: 261
# of episode :560, reward : 384.0, episode length: 384
# of episode :580, reward : 372.0, episode length: 372
# of episode :600, reward : 235.0, episode length: 235
# of episode :620, reward : 409.0, episode length: 409
# of episode :640, reward : 235.0, episode length: 235
# of episode :660, reward : 380.0, episode length: 380
# of episode :680, reward : 239.0, episode length: 239
# of episode :700, reward : 235.0, episode length: 235
# of episode :720, reward : 226.0, episode length: 226
# of episode :740, reward : 299.0, episode length: 299
# of episode :760, reward : 211.0, episode length: 211
# of episode :780, reward : 500.0, episode length: 500
# of episode :800, reward : 222.0, episode length: 222
# of episode :820, reward : 397.0, episode length: 397
# of episode :840, reward : 359.0, episode length: 359
# of episode :860, reward : 362.0, episode length: 362
# of episode :880, reward : 343.0, episode length: 343
# of episode :900, reward : 277.0, episode length: 277
# of episode :920, reward : 433.0, episode length: 433
# of episode :940, reward : 328.0, episode length: 328
# of episode :960, reward : 500.0, episode length: 500
# of episode :980, reward : 216.0, episode length: 216
# of episode :1000, reward : 239.0, episode length: 239
# of episode :1020, reward : 346.0, episode length: 346
# of episode :1040, reward : 290.0, episode length: 290
# of episode :1060, reward : 500.0, episode length: 500
# of episode :1080, reward : 500.0, episode length: 500
# of episode :1100, reward : 500.0, episode length: 500
# of episode :1120, reward : 410.0, episode length: 410
# of episode :1140, reward : 500.0, episode length: 500
# of episode :1160, reward : 500.0, episode length: 500
# of episode :1180, reward : 500.0, episode length: 500
# of episode :1200, reward : 432.0, episode length: 432
# of episode :1220, reward : 500.0, episode length: 500
# of episode :1240, reward : 380.0, episode length: 380
# of episode :1260, reward : 220.0, episode length: 220
# of episode :1280, reward : 500.0, episode length: 500
# of episode :1300, reward : 420.0, episode length: 420
# of episode :1320, reward : 500.0, episode length: 500
# of episode :1340, reward : 500.0, episode length: 500
# of episode :1360, reward : 500.0, episode length: 500
# of episode :1380, reward : 500.0, episode length: 500
# of episode :1400, reward : 500.0, episode length: 500
# of episode :1420, reward : 500.0, episode length: 500
# of episode :1440, reward : 154.0, episode length: 154
# of episode :1460, reward : 500.0, episode length: 500
# of episode :1480, reward : 338.0, episode length: 338
# of episode :1500, reward : 500.0, episode length: 500
# of episode :1520, reward : 500.0, episode length: 500
# of episode :1540, reward : 500.0, episode length: 500
# of episode :1560, reward : 500.0, episode length: 500
# of episode :1580, reward : 500.0, episode length: 500
# of episode :1600, reward : 500.0, episode length: 500
# of episode :1620, reward : 500.0, episode length: 500
# of episode :1640, reward : 500.0, episode length: 500
# of episode :1660, reward : 500.0, episode length: 500
# of episode :1680, reward : 500.0, episode length: 500
# of episode :1700, reward : 500.0, episode length: 500
# of episode :1720, reward : 500.0, episode length: 500
# of episode :1740, reward : 500.0, episode length: 500
# of episode :1760, reward : 500.0, episode length: 500
# of episode :1780, reward : 500.0, episode length: 500
# of episode :1800, reward : 500.0, episode length: 500
# of episode :1820, reward : 500.0, episode length: 500
# of episode :1840, reward : 500.0, episode length: 500
# of episode :1860, reward : 500.0, episode length: 500
# of episode :1880, reward : 500.0, episode length: 500
# of episode :1900, reward : 500.0, episode length: 500
# of episode :1920, reward : 500.0, episode length: 500
# of episode :1940, reward : 500.0, episode length: 500
# of episode :1960, reward : 500.0, episode length: 500
# of episode :1980, reward : 500.0, episode length: 500
# of episode :2000, reward : 500.0, episode length: 500
# of episode :2020, reward : 500.0, episode length: 500
# of episode :2040, reward : 500.0, episode length: 500
# of episode :2060, reward : 500.0, episode length: 500
# of episode :2080, reward : 500.0, episode length: 500
# of episode :2100, reward : 500.0, episode length: 500
# of episode :2120, reward : 500.0, episode length: 500
# of episode :2140, reward : 500.0, episode length: 500
# of episode :2160, reward : 500.0, episode length: 500
# of episode :2180, reward : 500.0, episode length: 500
# of episode :2200, reward : 500.0, episode length: 500
# of episode :2220, reward : 500.0, episode length: 500
# of episode :2240, reward : 500.0, episode length: 500
# of episode :2260, reward : 477.0, episode length: 477
# of episode :2280, reward : 500.0, episode length: 500
# of episode :2300, reward : 500.0, episode length: 500
# of episode :2320, reward : 500.0, episode length: 500
# of episode :2340, reward : 500.0, episode length: 500
# of episode :2360, reward : 500.0, episode length: 500
# of episode :2380, reward : 500.0, episode length: 500
# of episode :2400, reward : 500.0, episode length: 500
# of episode :2420, reward : 500.0, episode length: 500
# of episode :2440, reward : 500.0, episode length: 500
# of episode :2460, reward : 500.0, episode length: 500
# of episode :2480, reward : 500.0, episode length: 500
# of episode :2500, reward : 500.0, episode length: 500
# of episode :2520, reward : 312.0, episode length: 312
# of episode :2540, reward : 500.0, episode length: 500
# of episode :2560, reward : 500.0, episode length: 500
# of episode :2580, reward : 500.0, episode length: 500
# of episode :2600, reward : 500.0, episode length: 500
# of episode :2620, reward : 500.0, episode length: 500
# of episode :2640, reward : 500.0, episode length: 500
# of episode :2660, reward : 500.0, episode length: 500
# of episode :2680, reward : 500.0, episode length: 500
# of episode :2700, reward : 500.0, episode length: 500
# of episode :2720, reward : 500.0, episode length: 500
# of episode :2740, reward : 500.0, episode length: 500
# of episode :2760, reward : 500.0, episode length: 500
# of episode :2780, reward : 500.0, episode length: 500
# of episode :2800, reward : 500.0, episode length: 500
# of episode :2820, reward : 500.0, episode length: 500
# of episode :2840, reward : 500.0, episode length: 500
# of episode :2860, reward : 500.0, episode length: 500
# of episode :2880, reward : 500.0, episode length: 500
# of episode :2900, reward : 500.0, episode length: 500
# of episode :2920, reward : 500.0, episode length: 500
# of episode :2940, reward : 500.0, episode length: 500
# of episode :2960, reward : 500.0, episode length: 500
# of episode :2980, reward : 500.0, episode length: 500
# of episode :3000, reward : 500.0, episode length: 500
# of episode :3020, reward : 500.0, episode length: 500
# of episode :3040, reward : 500.0, episode length: 500
# of episode :3060, reward : 500.0, episode length: 500
# of episode :3080, reward : 500.0, episode length: 500
# of episode :3100, reward : 500.0, episode length: 500
# of episode :3120, reward : 500.0, episode length: 500
# of episode :3140, reward : 500.0, episode length: 500
# of episode :3160, reward : 500.0, episode length: 500
# of episode :3180, reward : 500.0, episode length: 500
# of episode :3200, reward : 500.0, episode length: 500
# of episode :3220, reward : 500.0, episode length: 500
# of episode :3240, reward : 500.0, episode length: 500
# of episode :3260, reward : 500.0, episode length: 500
# of episode :3280, reward : 500.0, episode length: 500
# of episode :3300, reward : 500.0, episode length: 500
# of episode :3320, reward : 500.0, episode length: 500
# of episode :3340, reward : 500.0, episode length: 500
# of episode :3360, reward : 500.0, episode length: 500
# of episode :3380, reward : 500.0, episode length: 500
# of episode :3400, reward : 500.0, episode length: 500
# of episode :3420, reward : 500.0, episode length: 500
# of episode :3440, reward : 500.0, episode length: 500
# of episode :3460, reward : 500.0, episode length: 500
# of episode :3480, reward : 500.0, episode length: 500
# of episode :3500, reward : 500.0, episode length: 500
# of episode :3520, reward : 500.0, episode length: 500
# of episode :3540, reward : 500.0, episode length: 500
# of episode :3560, reward : 500.0, episode length: 500
# of episode :3580, reward : 500.0, episode length: 500
# of episode :3600, reward : 500.0, episode length: 500
# of episode :3620, reward : 500.0, episode length: 500
# of episode :3640, reward : 500.0, episode length: 500
# of episode :3660, reward : 500.0, episode length: 500
# of episode :3680, reward : 500.0, episode length: 500
# of episode :3700, reward : 500.0, episode length: 500
# of episode :3720, reward : 500.0, episode length: 500
# of episode :3740, reward : 500.0, episode length: 500
# of episode :3760, reward : 500.0, episode length: 500
# of episode :3780, reward : 500.0, episode length: 500
# of episode :3800, reward : 500.0, episode length: 500
# of episode :3820, reward : 500.0, episode length: 500
# of episode :3840, reward : 500.0, episode length: 500
# of episode :3860, reward : 500.0, episode length: 500
# of episode :3880, reward : 500.0, episode length: 500
# of episode :3900, reward : 500.0, episode length: 500
# of episode :3920, reward : 500.0, episode length: 500
# of episode :3940, reward : 500.0, episode length: 500
# of episode :3960, reward : 500.0, episode length: 500
# of episode :3980, reward : 500.0, episode length: 500
# of episode :4000, reward : 500.0, episode length: 500
# of episode :4020, reward : 500.0, episode length: 500
# of episode :4040, reward : 500.0, episode length: 500
# of episode :4060, reward : 500.0, episode length: 500
# of episode :4080, reward : 500.0, episode length: 500
# of episode :4100, reward : 500.0, episode length: 500
# of episode :4120, reward : 500.0, episode length: 500
# of episode :4140, reward : 500.0, episode length: 500
# of episode :4160, reward : 500.0, episode length: 500
# of episode :4180, reward : 500.0, episode length: 500
# of episode :4200, reward : 500.0, episode length: 500
# of episode :4220, reward : 500.0, episode length: 500
# of episode :4240, reward : 500.0, episode length: 500
# of episode :4260, reward : 500.0, episode length: 500
# of episode :4280, reward : 500.0, episode length: 500
# of episode :4300, reward : 500.0, episode length: 500
# of episode :4320, reward : 500.0, episode length: 500
# of episode :4340, reward : 500.0, episode length: 500
# of episode :4360, reward : 500.0, episode length: 500
# of episode :4380, reward : 500.0, episode length: 500
# of episode :4400, reward : 500.0, episode length: 500
# of episode :4420, reward : 500.0, episode length: 500
# of episode :4440, reward : 500.0, episode length: 500
# of episode :4460, reward : 500.0, episode length: 500
# of episode :4480, reward : 500.0, episode length: 500
# of episode :4500, reward : 500.0, episode length: 500
# of episode :4520, reward : 500.0, episode length: 500
# of episode :4540, reward : 500.0, episode length: 500
# of episode :4560, reward : 500.0, episode length: 500
# of episode :4580, reward : 500.0, episode length: 500
# of episode :4600, reward : 500.0, episode length: 500
# of episode :4620, reward : 500.0, episode length: 500
# of episode :4640, reward : 500.0, episode length: 500
# of episode :4660, reward : 500.0, episode length: 500
# of episode :4680, reward : 500.0, episode length: 500
# of episode :4700, reward : 500.0, episode length: 500
# of episode :4720, reward : 500.0, episode length: 500
# of episode :4740, reward : 500.0, episode length: 500
# of episode :4760, reward : 500.0, episode length: 500
# of episode :4780, reward : 500.0, episode length: 500
# of episode :4800, reward : 500.0, episode length: 500
# of episode :4820, reward : 500.0, episode length: 500
# of episode :4840, reward : 500.0, episode length: 500
# of episode :4860, reward : 500.0, episode length: 500
# of episode :4880, reward : 500.0, episode length: 500
# of episode :4900, reward : 500.0, episode length: 500
# of episode :4920, reward : 500.0, episode length: 500
# of episode :4940, reward : 500.0, episode length: 500
# of episode :4960, reward : 500.0, episode length: 500
# of episode :4980, reward : 500.0, episode length: 500
# of episode :5000, reward : 500.0, episode length: 500
# of episode :5020, reward : 500.0, episode length: 500
# of episode :5040, reward : 500.0, episode length: 500
# of episode :5060, reward : 500.0, episode length: 500
# of episode :5080, reward : 500.0, episode length: 500
# of episode :5100, reward : 500.0, episode length: 500
# of episode :5120, reward : 500.0, episode length: 500
# of episode :5140, reward : 500.0, episode length: 500
# of episode :5160, reward : 500.0, episode length: 500
# of episode :5180, reward : 500.0, episode length: 500
# of episode :5200, reward : 500.0, episode length: 500
# of episode :5220, reward : 500.0, episode length: 500
# of episode :5240, reward : 500.0, episode length: 500
# of episode :5260, reward : 500.0, episode length: 500
# of episode :5280, reward : 500.0, episode length: 500
# of episode :5300, reward : 500.0, episode length: 500
# of episode :5320, reward : 500.0, episode length: 500
# of episode :5340, reward : 500.0, episode length: 500
# of episode :5360, reward : 500.0, episode length: 500
# of episode :5380, reward : 500.0, episode length: 500
# of episode :5400, reward : 500.0, episode length: 500
# of episode :5420, reward : 500.0, episode length: 500
# of episode :5440, reward : 500.0, episode length: 500
# of episode :5460, reward : 500.0, episode length: 500
# of episode :5480, reward : 500.0, episode length: 500
# of episode :5500, reward : 500.0, episode length: 500
# of episode :5520, reward : 500.0, episode length: 500
# of episode :5540, reward : 500.0, episode length: 500
# of episode :5560, reward : 500.0, episode length: 500
# of episode :5580, reward : 500.0, episode length: 500
# of episode :5600, reward : 500.0, episode length: 500
# of episode :5620, reward : 500.0, episode length: 500
# of episode :5640, reward : 500.0, episode length: 500
# of episode :5660, reward : 500.0, episode length: 500
# of episode :5680, reward : 500.0, episode length: 500
# of episode :5700, reward : 500.0, episode length: 500
# of episode :5720, reward : 500.0, episode length: 500
# of episode :5740, reward : 500.0, episode length: 500
# of episode :5760, reward : 500.0, episode length: 500
# of episode :5780, reward : 500.0, episode length: 500
# of episode :5800, reward : 500.0, episode length: 500
# of episode :5820, reward : 500.0, episode length: 500
# of episode :5840, reward : 500.0, episode length: 500
# of episode :5860, reward : 500.0, episode length: 500
# of episode :5880, reward : 500.0, episode length: 500
# of episode :5900, reward : 500.0, episode length: 500
# of episode :5920, reward : 500.0, episode length: 500
# of episode :5940, reward : 500.0, episode length: 500
# of episode :5960, reward : 500.0, episode length: 500
# of episode :5980, reward : 500.0, episode length: 500
# of episode :6000, reward : 500.0, episode length: 500
# of episode :6020, reward : 500.0, episode length: 500
# of episode :6040, reward : 500.0, episode length: 500
# of episode :6060, reward : 500.0, episode length: 500
# of episode :6080, reward : 500.0, episode length: 500
# of episode :6100, reward : 500.0, episode length: 500
# of episode :6120, reward : 500.0, episode length: 500
# of episode :6140, reward : 500.0, episode length: 500
# of episode :6160, reward : 500.0, episode length: 500
# of episode :6180, reward : 500.0, episode length: 500
# of episode :6200, reward : 500.0, episode length: 500
# of episode :6220, reward : 500.0, episode length: 500
# of episode :6240, reward : 500.0, episode length: 500
# of episode :6260, reward : 500.0, episode length: 500
# of episode :6280, reward : 500.0, episode length: 500
# of episode :6300, reward : 500.0, episode length: 500
# of episode :6320, reward : 500.0, episode length: 500
# of episode :6340, reward : 500.0, episode length: 500
# of episode :6360, reward : 500.0, episode length: 500
# of episode :6380, reward : 500.0, episode length: 500
# of episode :6400, reward : 500.0, episode length: 500
# of episode :6420, reward : 500.0, episode length: 500
# of episode :6440, reward : 500.0, episode length: 500
# of episode :6460, reward : 500.0, episode length: 500
# of episode :6480, reward : 450.0, episode length: 450
# of episode :6500, reward : 500.0, episode length: 500
# of episode :6520, reward : 500.0, episode length: 500
# of episode :6540, reward : 500.0, episode length: 500
# of episode :6560, reward : 500.0, episode length: 500
# of episode :6580, reward : 500.0, episode length: 500
# of episode :6600, reward : 500.0, episode length: 500
# of episode :6620, reward : 500.0, episode length: 500
# of episode :6640, reward : 500.0, episode length: 500
# of episode :6660, reward : 500.0, episode length: 500
# of episode :6680, reward : 500.0, episode length: 500
# of episode :6700, reward : 500.0, episode length: 500
# of episode :6720, reward : 500.0, episode length: 500
# of episode :6740, reward : 500.0, episode length: 500
# of episode :6760, reward : 500.0, episode length: 500
# of episode :6780, reward : 500.0, episode length: 500
# of episode :6800, reward : 500.0, episode length: 500
# of episode :6820, reward : 500.0, episode length: 500
# of episode :6840, reward : 500.0, episode length: 500
# of episode :6860, reward : 500.0, episode length: 500
# of episode :6880, reward : 500.0, episode length: 500
# of episode :6900, reward : 500.0, episode length: 500
# of episode :6920, reward : 500.0, episode length: 500
# of episode :6940, reward : 500.0, episode length: 500
# of episode :6960, reward : 500.0, episode length: 500
# of episode :6980, reward : 500.0, episode length: 500
# of episode :7000, reward : 500.0, episode length: 500
# of episode :7020, reward : 500.0, episode length: 500
# of episode :7040, reward : 500.0, episode length: 500
# of episode :7060, reward : 500.0, episode length: 500
# of episode :7080, reward : 500.0, episode length: 500
# of episode :7100, reward : 500.0, episode length: 500
# of episode :7120, reward : 500.0, episode length: 500
# of episode :7140, reward : 500.0, episode length: 500
# of episode :7160, reward : 500.0, episode length: 500
# of episode :7180, reward : 500.0, episode length: 500
# of episode :7200, reward : 500.0, episode length: 500
# of episode :7220, reward : 500.0, episode length: 500
# of episode :7240, reward : 500.0, episode length: 500
# of episode :7260, reward : 500.0, episode length: 500
# of episode :7280, reward : 500.0, episode length: 500
# of episode :7300, reward : 500.0, episode length: 500
# of episode :7320, reward : 500.0, episode length: 500
# of episode :7340, reward : 500.0, episode length: 500
# of episode :7360, reward : 500.0, episode length: 500
# of episode :7380, reward : 500.0, episode length: 500
# of episode :7400, reward : 500.0, episode length: 500
# of episode :7420, reward : 500.0, episode length: 500
# of episode :7440, reward : 500.0, episode length: 500
# of episode :7460, reward : 500.0, episode length: 500
# of episode :7480, reward : 500.0, episode length: 500
# of episode :7500, reward : 500.0, episode length: 500
# of episode :7520, reward : 500.0, episode length: 500
# of episode :7540, reward : 500.0, episode length: 500
# of episode :7560, reward : 500.0, episode length: 500
# of episode :7580, reward : 500.0, episode length: 500
# of episode :7600, reward : 500.0, episode length: 500
# of episode :7620, reward : 500.0, episode length: 500
# of episode :7640, reward : 500.0, episode length: 500
# of episode :7660, reward : 500.0, episode length: 500
# of episode :7680, reward : 500.0, episode length: 500
# of episode :7700, reward : 500.0, episode length: 500
# of episode :7720, reward : 500.0, episode length: 500
# of episode :7740, reward : 500.0, episode length: 500
# of episode :7760, reward : 500.0, episode length: 500
# of episode :7780, reward : 500.0, episode length: 500
# of episode :7800, reward : 500.0, episode length: 500
# of episode :7820, reward : 500.0, episode length: 500
# of episode :7840, reward : 500.0, episode length: 500
# of episode :7860, reward : 500.0, episode length: 500
# of episode :7880, reward : 500.0, episode length: 500
# of episode :7900, reward : 500.0, episode length: 500
# of episode :7920, reward : 500.0, episode length: 500
# of episode :7940, reward : 500.0, episode length: 500
# of episode :7960, reward : 500.0, episode length: 500
# of episode :7980, reward : 500.0, episode length: 500
# of episode :8000, reward : 500.0, episode length: 500
# of episode :8020, reward : 500.0, episode length: 500
# of episode :8040, reward : 500.0, episode length: 500
# of episode :8060, reward : 500.0, episode length: 500
# of episode :8080, reward : 500.0, episode length: 500
# of episode :8100, reward : 500.0, episode length: 500
# of episode :8120, reward : 500.0, episode length: 500
# of episode :8140, reward : 500.0, episode length: 500
# of episode :8160, reward : 500.0, episode length: 500
# of episode :8180, reward : 500.0, episode length: 500
# of episode :8200, reward : 500.0, episode length: 500
# of episode :8220, reward : 500.0, episode length: 500
# of episode :8240, reward : 500.0, episode length: 500
# of episode :8260, reward : 500.0, episode length: 500
# of episode :8280, reward : 500.0, episode length: 500
# of episode :8300, reward : 500.0, episode length: 500
# of episode :8320, reward : 500.0, episode length: 500
# of episode :8340, reward : 500.0, episode length: 500
# of episode :8360, reward : 500.0, episode length: 500
# of episode :8380, reward : 500.0, episode length: 500
# of episode :8400, reward : 500.0, episode length: 500
# of episode :8420, reward : 500.0, episode length: 500
# of episode :8440, reward : 500.0, episode length: 500
# of episode :8460, reward : 500.0, episode length: 500
# of episode :8480, reward : 500.0, episode length: 500
# of episode :8500, reward : 500.0, episode length: 500
# of episode :8520, reward : 500.0, episode length: 500
# of episode :8540, reward : 500.0, episode length: 500
# of episode :8560, reward : 500.0, episode length: 500
# of episode :8580, reward : 500.0, episode length: 500
# of episode :8600, reward : 500.0, episode length: 500
# of episode :8620, reward : 500.0, episode length: 500
# of episode :8640, reward : 500.0, episode length: 500
# of episode :8660, reward : 500.0, episode length: 500
# of episode :8680, reward : 500.0, episode length: 500
# of episode :8700, reward : 500.0, episode length: 500
# of episode :8720, reward : 500.0, episode length: 500
# of episode :8740, reward : 500.0, episode length: 500
# of episode :8760, reward : 500.0, episode length: 500
# of episode :8780, reward : 500.0, episode length: 500
# of episode :8800, reward : 500.0, episode length: 500
# of episode :8820, reward : 500.0, episode length: 500
# of episode :8840, reward : 500.0, episode length: 500
# of episode :8860, reward : 500.0, episode length: 500
# of episode :8880, reward : 500.0, episode length: 500
# of episode :8900, reward : 500.0, episode length: 500
# of episode :8920, reward : 500.0, episode length: 500
# of episode :8940, reward : 500.0, episode length: 500
# of episode :8960, reward : 500.0, episode length: 500
# of episode :8980, reward : 500.0, episode length: 500
# of episode :9000, reward : 500.0, episode length: 500
# of episode :9020, reward : 500.0, episode length: 500
# of episode :9040, reward : 500.0, episode length: 500
# of episode :9060, reward : 500.0, episode length: 500
# of episode :9080, reward : 500.0, episode length: 500
# of episode :9100, reward : 500.0, episode length: 500
# of episode :9120, reward : 500.0, episode length: 500
# of episode :9140, reward : 500.0, episode length: 500
# of episode :9160, reward : 500.0, episode length: 500
# of episode :9180, reward : 500.0, episode length: 500
# of episode :9200, reward : 500.0, episode length: 500
# of episode :9220, reward : 500.0, episode length: 500
# of episode :9240, reward : 500.0, episode length: 500
# of episode :9260, reward : 500.0, episode length: 500
# of episode :9280, reward : 500.0, episode length: 500
# of episode :9300, reward : 500.0, episode length: 500
# of episode :9320, reward : 500.0, episode length: 500
# of episode :9340, reward : 500.0, episode length: 500
# of episode :9360, reward : 500.0, episode length: 500
# of episode :9380, reward : 500.0, episode length: 500
# of episode :9400, reward : 500.0, episode length: 500
# of episode :9420, reward : 500.0, episode length: 500
# of episode :9440, reward : 500.0, episode length: 500
# of episode :9460, reward : 500.0, episode length: 500
# of episode :9480, reward : 500.0, episode length: 500
# of episode :9500, reward : 500.0, episode length: 500
# of episode :9520, reward : 500.0, episode length: 500
# of episode :9540, reward : 500.0, episode length: 500
# of episode :9560, reward : 500.0, episode length: 500
# of episode :9580, reward : 500.0, episode length: 500
# of episode :9600, reward : 500.0, episode length: 500
# of episode :9620, reward : 500.0, episode length: 500
# of episode :9640, reward : 500.0, episode length: 500
# of episode :9660, reward : 500.0, episode length: 500
# of episode :9680, reward : 500.0, episode length: 500
# of episode :9700, reward : 500.0, episode length: 500
# of episode :9720, reward : 500.0, episode length: 500
# of episode :9740, reward : 500.0, episode length: 500
# of episode :9760, reward : 500.0, episode length: 500
# of episode :9780, reward : 500.0, episode length: 500
# of episode :9800, reward : 500.0, episode length: 500
# of episode :9820, reward : 500.0, episode length: 500
# of episode :9840, reward : 500.0, episode length: 500
# of episode :9860, reward : 500.0, episode length: 500
# of episode :9880, reward : 500.0, episode length: 500
# of episode :9900, reward : 500.0, episode length: 500
# of episode :9920, reward : 500.0, episode length: 500
# of episode :9940, reward : 500.0, episode length: 500
# of episode :9960, reward : 500.0, episode length: 500
# of episode :9980, reward : 500.0, episode length: 500
/home/zihan/anaconda3/envs/exp/lib/python3.6/site-packages/gym/envs/registration.py:14: PkgResourcesDeprecationWarning: Parameters to load are deprecated.  Call .resolve and .require separately.
  result = entry_point.load(False)
4 2
# of episode :20, reward : 41.0, episode length: 41
# of episode :40, reward : 12.0, episode length: 12
# of episode :60, reward : 18.0, episode length: 18
# of episode :80, reward : 12.0, episode length: 12
# of episode :100, reward : 14.0, episode length: 14
# of episode :120, reward : 47.0, episode length: 47
# of episode :140, reward : 21.0, episode length: 21
# of episode :160, reward : 10.0, episode length: 10
# of episode :180, reward : 17.0, episode length: 17
# of episode :200, reward : 17.0, episode length: 17
# of episode :220, reward : 17.0, episode length: 17
# of episode :240, reward : 22.0, episode length: 22
# of episode :260, reward : 21.0, episode length: 21
# of episode :280, reward : 16.0, episode length: 16
# of episode :300, reward : 23.0, episode length: 23
# of episode :320, reward : 13.0, episode length: 13
# of episode :340, reward : 14.0, episode length: 14
# of episode :360, reward : 35.0, episode length: 35
# of episode :380, reward : 53.0, episode length: 53
# of episode :400, reward : 11.0, episode length: 11
# of episode :420, reward : 20.0, episode length: 20
# of episode :440, reward : 58.0, episode length: 58
# of episode :460, reward : 34.0, episode length: 34
# of episode :480, reward : 58.0, episode length: 58
# of episode :500, reward : 39.0, episode length: 39
# of episode :520, reward : 44.0, episode length: 44
# of episode :540, reward : 62.0, episode length: 62
# of episode :560, reward : 90.0, episode length: 90
# of episode :580, reward : 134.0, episode length: 134
# of episode :600, reward : 45.0, episode length: 45
# of episode :620, reward : 35.0, episode length: 35
# of episode :640, reward : 71.0, episode length: 71
# of episode :660, reward : 60.0, episode length: 60
# of episode :680, reward : 95.0, episode length: 95
# of episode :700, reward : 69.0, episode length: 69
# of episode :720, reward : 93.0, episode length: 93
# of episode :740, reward : 208.0, episode length: 208
# of episode :760, reward : 120.0, episode length: 120
# of episode :780, reward : 87.0, episode length: 87
# of episode :800, reward : 60.0, episode length: 60
# of episode :820, reward : 191.0, episode length: 191
# of episode :840, reward : 151.0, episode length: 151
# of episode :860, reward : 190.0, episode length: 190
# of episode :880, reward : 253.0, episode length: 253
# of episode :900, reward : 216.0, episode length: 216
# of episode :920, reward : 234.0, episode length: 234
# of episode :940, reward : 173.0, episode length: 173
# of episode :960, reward : 243.0, episode length: 243
# of episode :980, reward : 191.0, episode length: 191
# of episode :1000, reward : 224.0, episode length: 224
# of episode :1020, reward : 193.0, episode length: 193
# of episode :1040, reward : 159.0, episode length: 159
# of episode :1060, reward : 212.0, episode length: 212
# of episode :1080, reward : 217.0, episode length: 217
# of episode :1100, reward : 379.0, episode length: 379
# of episode :1120, reward : 427.0, episode length: 427
# of episode :1140, reward : 399.0, episode length: 399
# of episode :1160, reward : 297.0, episode length: 297
# of episode :1180, reward : 236.0, episode length: 236
# of episode :1200, reward : 247.0, episode length: 247
# of episode :1220, reward : 199.0, episode length: 199
# of episode :1240, reward : 277.0, episode length: 277
# of episode :1260, reward : 500.0, episode length: 500
# of episode :1280, reward : 500.0, episode length: 500
# of episode :1300, reward : 500.0, episode length: 500
# of episode :1320, reward : 500.0, episode length: 500
# of episode :1340, reward : 474.0, episode length: 474
# of episode :1360, reward : 443.0, episode length: 443
# of episode :1380, reward : 500.0, episode length: 500
# of episode :1400, reward : 335.0, episode length: 335
# of episode :1420, reward : 500.0, episode length: 500
# of episode :1440, reward : 500.0, episode length: 500
# of episode :1460, reward : 500.0, episode length: 500
# of episode :1480, reward : 500.0, episode length: 500
# of episode :1500, reward : 500.0, episode length: 500
# of episode :1520, reward : 500.0, episode length: 500
# of episode :1540, reward : 500.0, episode length: 500
# of episode :1560, reward : 500.0, episode length: 500
# of episode :1580, reward : 500.0, episode length: 500
# of episode :1600, reward : 500.0, episode length: 500
# of episode :1620, reward : 500.0, episode length: 500
# of episode :1640, reward : 500.0, episode length: 500
# of episode :1660, reward : 500.0, episode length: 500
# of episode :1680, reward : 500.0, episode length: 500
# of episode :1700, reward : 500.0, episode length: 500
# of episode :1720, reward : 500.0, episode length: 500
# of episode :1740, reward : 500.0, episode length: 500
# of episode :1760, reward : 500.0, episode length: 500
# of episode :1780, reward : 500.0, episode length: 500
# of episode :1800, reward : 87.0, episode length: 87
# of episode :1820, reward : 500.0, episode length: 500
# of episode :1840, reward : 500.0, episode length: 500
# of episode :1860, reward : 500.0, episode length: 500
# of episode :1880, reward : 500.0, episode length: 500
# of episode :1900, reward : 500.0, episode length: 500
# of episode :1920, reward : 500.0, episode length: 500
# of episode :1940, reward : 500.0, episode length: 500
# of episode :1960, reward : 500.0, episode length: 500
# of episode :1980, reward : 500.0, episode length: 500
# of episode :2000, reward : 500.0, episode length: 500
# of episode :2020, reward : 500.0, episode length: 500
# of episode :2040, reward : 500.0, episode length: 500
# of episode :2060, reward : 500.0, episode length: 500
# of episode :2080, reward : 500.0, episode length: 500
# of episode :2100, reward : 500.0, episode length: 500
# of episode :2120, reward : 500.0, episode length: 500
# of episode :2140, reward : 500.0, episode length: 500
# of episode :2160, reward : 500.0, episode length: 500
# of episode :2180, reward : 500.0, episode length: 500
# of episode :2200, reward : 500.0, episode length: 500
# of episode :2220, reward : 500.0, episode length: 500
# of episode :2240, reward : 500.0, episode length: 500
# of episode :2260, reward : 500.0, episode length: 500
# of episode :2280, reward : 500.0, episode length: 500
# of episode :2300, reward : 500.0, episode length: 500
# of episode :2320, reward : 500.0, episode length: 500
# of episode :2340, reward : 500.0, episode length: 500
# of episode :2360, reward : 500.0, episode length: 500
# of episode :2380, reward : 500.0, episode length: 500
# of episode :2400, reward : 500.0, episode length: 500
# of episode :2420, reward : 500.0, episode length: 500
# of episode :2440, reward : 500.0, episode length: 500
# of episode :2460, reward : 500.0, episode length: 500
# of episode :2480, reward : 500.0, episode length: 500
# of episode :2500, reward : 500.0, episode length: 500
# of episode :2520, reward : 500.0, episode length: 500
# of episode :2540, reward : 500.0, episode length: 500
# of episode :2560, reward : 500.0, episode length: 500
# of episode :2580, reward : 500.0, episode length: 500
# of episode :2600, reward : 500.0, episode length: 500
# of episode :2620, reward : 500.0, episode length: 500
# of episode :2640, reward : 500.0, episode length: 500
# of episode :2660, reward : 500.0, episode length: 500
# of episode :2680, reward : 500.0, episode length: 500
# of episode :2700, reward : 500.0, episode length: 500
# of episode :2720, reward : 500.0, episode length: 500
# of episode :2740, reward : 500.0, episode length: 500
# of episode :2760, reward : 500.0, episode length: 500
# of episode :2780, reward : 500.0, episode length: 500
# of episode :2800, reward : 500.0, episode length: 500
# of episode :2820, reward : 500.0, episode length: 500
# of episode :2840, reward : 500.0, episode length: 500
# of episode :2860, reward : 500.0, episode length: 500
# of episode :2880, reward : 500.0, episode length: 500
# of episode :2900, reward : 500.0, episode length: 500
# of episode :2920, reward : 500.0, episode length: 500
# of episode :2940, reward : 500.0, episode length: 500
# of episode :2960, reward : 500.0, episode length: 500
# of episode :2980, reward : 500.0, episode length: 500
