compute002
7
/home/zihan/anaconda3/envs/exp/lib/python3.6/site-packages/gym/envs/registration.py:14: PkgResourcesDeprecationWarning: Parameters to load are deprecated.  Call .resolve and .require separately.
  result = entry_point.load(False)
8 4
# of episode :20, reward : -304.9, episode length: 94
# of episode :40, reward : -288.9, episode length: 104
# of episode :60, reward : -174.4, episode length: 65
# of episode :80, reward : -329.4, episode length: 92
# of episode :100, reward : -208.0, episode length: 112
# of episode :120, reward : -106.1, episode length: 71
# of episode :140, reward : -107.9, episode length: 98
# of episode :160, reward : -226.3, episode length: 82
# of episode :180, reward : -228.1, episode length: 74
# of episode :200, reward : -124.9, episode length: 65
# of episode :220, reward : -104.5, episode length: 70
# of episode :240, reward : -164.8, episode length: 99
# of episode :260, reward : -64.4, episode length: 67
# of episode :280, reward : -143.7, episode length: 83
# of episode :300, reward : -127.6, episode length: 98
# of episode :320, reward : -139.8, episode length: 131
# of episode :340, reward : -101.3, episode length: 73
# of episode :360, reward : -135.1, episode length: 132
# of episode :380, reward : -165.6, episode length: 66
# of episode :400, reward : -71.4, episode length: 73
# of episode :420, reward : -228.2, episode length: 121
# of episode :440, reward : -95.2, episode length: 57
# of episode :460, reward : -120.3, episode length: 129
# of episode :480, reward : -218.1, episode length: 80
# of episode :500, reward : -186.7, episode length: 108
# of episode :520, reward : -77.2, episode length: 121
# of episode :540, reward : -138.9, episode length: 81
# of episode :560, reward : -58.9, episode length: 95
# of episode :580, reward : -89.7, episode length: 75
# of episode :600, reward : -51.4, episode length: 89
# of episode :620, reward : -127.6, episode length: 92
# of episode :640, reward : -84.8, episode length: 123
# of episode :660, reward : -62.5, episode length: 133
# of episode :680, reward : -55.1, episode length: 101
# of episode :700, reward : -104.3, episode length: 111
# of episode :720, reward : -119.8, episode length: 206
# of episode :740, reward : -162.5, episode length: 96
# of episode :760, reward : -295.7, episode length: 194
# of episode :780, reward : -140.5, episode length: 102
# of episode :800, reward : -121.9, episode length: 111
# of episode :820, reward : -87.0, episode length: 81
# of episode :840, reward : -95.6, episode length: 320
# of episode :860, reward : -178.9, episode length: 117
# of episode :880, reward : -94.6, episode length: 83
# of episode :900, reward : -189.7, episode length: 239
# of episode :920, reward : -175.5, episode length: 108
# of episode :940, reward : 3.7, episode length: 77
# of episode :960, reward : -98.6, episode length: 200
# of episode :980, reward : -152.0, episode length: 111
# of episode :1000, reward : -144.8, episode length: 93
# of episode :1020, reward : -87.0, episode length: 159
# of episode :1040, reward : -80.3, episode length: 133
# of episode :1060, reward : -32.3, episode length: 296
# of episode :1080, reward : -35.9, episode length: 94
# of episode :1100, reward : -97.2, episode length: 102
# of episode :1120, reward : -44.2, episode length: 127
# of episode :1140, reward : -50.3, episode length: 198
# of episode :1160, reward : -366.8, episode length: 193
# of episode :1180, reward : -69.0, episode length: 96
# of episode :1200, reward : -309.2, episode length: 440
# of episode :1220, reward : 3.2, episode length: 107
# of episode :1240, reward : -33.1, episode length: 175
# of episode :1260, reward : -33.7, episode length: 360
# of episode :1280, reward : -60.3, episode length: 91
# of episode :1300, reward : -9.9, episode length: 271
# of episode :1320, reward : -127.6, episode length: 208
# of episode :1340, reward : 9.9, episode length: 129
# of episode :1360, reward : -91.4, episode length: 284
# of episode :1380, reward : -17.0, episode length: 303
# of episode :1400, reward : -49.2, episode length: 386
# of episode :1420, reward : -93.3, episode length: 637
# of episode :1440, reward : -39.0, episode length: 251
# of episode :1460, reward : 13.6, episode length: 107
# of episode :1480, reward : -6.2, episode length: 113
# of episode :1500, reward : -42.2, episode length: 212
# of episode :1520, reward : -32.3, episode length: 354
# of episode :1540, reward : -95.0, episode length: 645
# of episode :1560, reward : -3.7, episode length: 118
# of episode :1580, reward : -32.9, episode length: 171
# of episode :1600, reward : 61.3, episode length: 1000
# of episode :1620, reward : -22.9, episode length: 363
# of episode :1640, reward : -13.1, episode length: 215
# of episode :1660, reward : -18.8, episode length: 174
# of episode :1680, reward : -66.8, episode length: 388
# of episode :1700, reward : -150.8, episode length: 1000
# of episode :1720, reward : -34.6, episode length: 111
# of episode :1740, reward : -44.6, episode length: 549
# of episode :1760, reward : -29.4, episode length: 141
# of episode :1780, reward : -22.9, episode length: 416
# of episode :1800, reward : -118.5, episode length: 563
# of episode :1820, reward : -6.1, episode length: 235
# of episode :1840, reward : -58.8, episode length: 1000
# of episode :1860, reward : -27.2, episode length: 157
# of episode :1880, reward : -52.0, episode length: 1000
# of episode :1900, reward : 64.4, episode length: 1000
# of episode :1920, reward : 4.8, episode length: 490
# of episode :1940, reward : -66.9, episode length: 367
# of episode :1960, reward : -42.4, episode length: 1000
# of episode :1980, reward : -18.3, episode length: 222
# of episode :2000, reward : 31.0, episode length: 1000
# of episode :2020, reward : -204.7, episode length: 767
# of episode :2040, reward : -2.8, episode length: 350
# of episode :2060, reward : -59.7, episode length: 776
# of episode :2080, reward : 20.7, episode length: 1000
# of episode :2100, reward : 35.1, episode length: 206
# of episode :2120, reward : 11.0, episode length: 1000
# of episode :2140, reward : 43.7, episode length: 1000
# of episode :2160, reward : -14.3, episode length: 1000
# of episode :2180, reward : -11.5, episode length: 1000
# of episode :2200, reward : 83.6, episode length: 1000
# of episode :2220, reward : 189.9, episode length: 482
# of episode :2240, reward : 31.7, episode length: 1000
# of episode :2260, reward : -7.0, episode length: 1000
# of episode :2280, reward : 5.0, episode length: 272
# of episode :2300, reward : 62.7, episode length: 1000
# of episode :2320, reward : 172.7, episode length: 614
# of episode :2340, reward : 23.4, episode length: 1000
# of episode :2360, reward : 29.6, episode length: 1000
# of episode :2380, reward : 77.8, episode length: 1000
# of episode :2400, reward : 152.2, episode length: 686
# of episode :2420, reward : -128.3, episode length: 610
# of episode :2440, reward : 38.0, episode length: 1000
# of episode :2460, reward : -88.8, episode length: 603
# of episode :2480, reward : -35.2, episode length: 648
# of episode :2500, reward : -45.6, episode length: 416
# of episode :2520, reward : 72.6, episode length: 1000
# of episode :2540, reward : 188.8, episode length: 444
# of episode :2560, reward : 94.9, episode length: 1000
# of episode :2580, reward : 163.7, episode length: 581
# of episode :2600, reward : 23.2, episode length: 1000
# of episode :2620, reward : 76.7, episode length: 1000
# of episode :2640, reward : 180.5, episode length: 677
# of episode :2660, reward : 196.2, episode length: 934
# of episode :2680, reward : 1.2, episode length: 1000
# of episode :2700, reward : 111.7, episode length: 1000
# of episode :2720, reward : 91.4, episode length: 1000
# of episode :2740, reward : 50.8, episode length: 1000
# of episode :2760, reward : -18.9, episode length: 400
# of episode :2780, reward : 84.6, episode length: 1000
# of episode :2800, reward : -113.5, episode length: 459
# of episode :2820, reward : 103.4, episode length: 1000
# of episode :2840, reward : 54.1, episode length: 1000
# of episode :2860, reward : 40.4, episode length: 1000
# of episode :2880, reward : -114.0, episode length: 647
# of episode :2900, reward : 34.0, episode length: 1000
# of episode :2920, reward : 70.9, episode length: 1000
# of episode :2940, reward : 46.0, episode length: 1000
# of episode :2960, reward : 113.9, episode length: 920
# of episode :2980, reward : 172.8, episode length: 956
# of episode :3000, reward : 90.8, episode length: 1000
# of episode :3020, reward : 69.8, episode length: 1000
# of episode :3040, reward : 58.5, episode length: 1000
# of episode :3060, reward : 57.5, episode length: 1000
# of episode :3080, reward : 23.3, episode length: 1000
# of episode :3100, reward : -40.7, episode length: 213
# of episode :3120, reward : 57.2, episode length: 1000
# of episode :3140, reward : 159.3, episode length: 926
# of episode :3160, reward : -57.9, episode length: 517
# of episode :3180, reward : 49.1, episode length: 1000
# of episode :3200, reward : 57.4, episode length: 1000
# of episode :3220, reward : 157.5, episode length: 602
# of episode :3240, reward : -60.3, episode length: 729
# of episode :3260, reward : 66.5, episode length: 1000
# of episode :3280, reward : 49.3, episode length: 1000
# of episode :3300, reward : -4.1, episode length: 1000
# of episode :3320, reward : 147.5, episode length: 636
# of episode :3340, reward : 68.4, episode length: 1000
# of episode :3360, reward : 155.2, episode length: 542
# of episode :3380, reward : -142.6, episode length: 747
# of episode :3400, reward : 82.9, episode length: 1000
# of episode :3420, reward : -61.0, episode length: 394
# of episode :3440, reward : 45.7, episode length: 1000
# of episode :3460, reward : -29.7, episode length: 417
# of episode :3480, reward : 47.8, episode length: 1000
# of episode :3500, reward : 46.4, episode length: 1000
# of episode :3520, reward : 170.1, episode length: 644
# of episode :3540, reward : 68.2, episode length: 1000
# of episode :3560, reward : 100.4, episode length: 1000
# of episode :3580, reward : 206.3, episode length: 486
# of episode :3600, reward : 118.5, episode length: 1000
# of episode :3620, reward : 123.0, episode length: 734
# of episode :3640, reward : 116.4, episode length: 1000
# of episode :3660, reward : -111.2, episode length: 386
# of episode :3680, reward : -227.3, episode length: 692
# of episode :3700, reward : 180.3, episode length: 442
# of episode :3720, reward : 133.2, episode length: 1000
# of episode :3740, reward : -54.1, episode length: 358
# of episode :3760, reward : 132.8, episode length: 556
# of episode :3780, reward : -42.3, episode length: 308
# of episode :3800, reward : 200.3, episode length: 522
# of episode :3820, reward : 157.3, episode length: 531
# of episode :3840, reward : 148.3, episode length: 641
# of episode :3860, reward : 141.8, episode length: 431
# of episode :3880, reward : -43.8, episode length: 498
# of episode :3900, reward : 190.5, episode length: 326
# of episode :3920, reward : 21.1, episode length: 1000
# of episode :3940, reward : 201.9, episode length: 579
# of episode :3960, reward : 44.2, episode length: 1000
# of episode :3980, reward : 72.4, episode length: 1000
# of episode :4000, reward : 175.2, episode length: 598
# of episode :4020, reward : 184.4, episode length: 367
# of episode :4040, reward : -48.2, episode length: 460
# of episode :4060, reward : 184.4, episode length: 382
# of episode :4080, reward : -46.3, episode length: 1000
# of episode :4100, reward : 53.1, episode length: 1000
# of episode :4120, reward : -5.1, episode length: 260
# of episode :4140, reward : 92.2, episode length: 855
# of episode :4160, reward : 143.6, episode length: 604
# of episode :4180, reward : 63.1, episode length: 1000
# of episode :4200, reward : 84.1, episode length: 1000
# of episode :4220, reward : 148.5, episode length: 659
# of episode :4240, reward : 99.2, episode length: 873
# of episode :4260, reward : 91.0, episode length: 1000
# of episode :4280, reward : 216.5, episode length: 507
# of episode :4300, reward : 192.2, episode length: 486
# of episode :4320, reward : 102.1, episode length: 1000
# of episode :4340, reward : 78.1, episode length: 1000
# of episode :4360, reward : 90.3, episode length: 1000
# of episode :4380, reward : 101.3, episode length: 1000
# of episode :4400, reward : 72.7, episode length: 1000
# of episode :4420, reward : 96.7, episode length: 1000
# of episode :4440, reward : 165.8, episode length: 491
# of episode :4460, reward : -73.8, episode length: 468
# of episode :4480, reward : 27.6, episode length: 1000
# of episode :4500, reward : 195.6, episode length: 526
# of episode :4520, reward : 106.6, episode length: 1000
# of episode :4540, reward : 113.6, episode length: 1000
# of episode :4560, reward : 89.7, episode length: 1000
# of episode :4580, reward : 194.1, episode length: 803
# of episode :4600, reward : 191.4, episode length: 417
# of episode :4620, reward : -50.6, episode length: 403
# of episode :4640, reward : 106.2, episode length: 1000
# of episode :4660, reward : 99.9, episode length: 1000
# of episode :4680, reward : -22.4, episode length: 320
# of episode :4700, reward : 73.0, episode length: 1000
# of episode :4720, reward : 86.8, episode length: 1000
# of episode :4740, reward : 84.4, episode length: 1000
# of episode :4760, reward : 136.1, episode length: 618
# of episode :4780, reward : 67.9, episode length: 1000
# of episode :4800, reward : 88.6, episode length: 1000
# of episode :4820, reward : 148.0, episode length: 706
# of episode :4840, reward : 202.0, episode length: 533
# of episode :4860, reward : -11.9, episode length: 266
# of episode :4880, reward : 67.2, episode length: 1000
# of episode :4900, reward : 146.9, episode length: 629
# of episode :4920, reward : 190.4, episode length: 762
# of episode :4940, reward : 190.2, episode length: 649
# of episode :4960, reward : 96.5, episode length: 1000
# of episode :4980, reward : -26.9, episode length: 425
/home/zihan/anaconda3/envs/exp/lib/python3.6/site-packages/gym/envs/registration.py:14: PkgResourcesDeprecationWarning: Parameters to load are deprecated.  Call .resolve and .require separately.
  result = entry_point.load(False)
8 4
# of episode :20, reward : -517.6, episode length: 114
# of episode :40, reward : -129.5, episode length: 77
# of episode :60, reward : -319.5, episode length: 76
# of episode :80, reward : -101.8, episode length: 65
# of episode :100, reward : -171.1, episode length: 105
# of episode :120, reward : -393.6, episode length: 104
# of episode :140, reward : -376.7, episode length: 93
# of episode :160, reward : -401.4, episode length: 130
# of episode :180, reward : -343.8, episode length: 86
# of episode :200, reward : -91.0, episode length: 96
# of episode :220, reward : -455.5, episode length: 93
# of episode :240, reward : -71.0, episode length: 65
# of episode :260, reward : -117.2, episode length: 128
# of episode :280, reward : -79.3, episode length: 98
# of episode :300, reward : -75.9, episode length: 68
# of episode :320, reward : -255.2, episode length: 82
# of episode :340, reward : -151.2, episode length: 61
# of episode :360, reward : -122.5, episode length: 68
# of episode :380, reward : -177.3, episode length: 144
# of episode :400, reward : -60.5, episode length: 68
# of episode :420, reward : -86.4, episode length: 77
# of episode :440, reward : -79.1, episode length: 145
# of episode :460, reward : -164.1, episode length: 106
# of episode :480, reward : -100.7, episode length: 164
# of episode :500, reward : -105.3, episode length: 78
# of episode :520, reward : -185.1, episode length: 97
# of episode :540, reward : -229.9, episode length: 105
# of episode :560, reward : -134.8, episode length: 124
# of episode :580, reward : -178.0, episode length: 120
# of episode :600, reward : -96.0, episode length: 66
# of episode :620, reward : -37.1, episode length: 132
# of episode :640, reward : -39.0, episode length: 90
# of episode :660, reward : -325.6, episode length: 170
# of episode :680, reward : -99.2, episode length: 208
# of episode :700, reward : -170.6, episode length: 125
# of episode :720, reward : -60.4, episode length: 175
# of episode :740, reward : -92.6, episode length: 109
# of episode :760, reward : -144.3, episode length: 179
# of episode :780, reward : -115.3, episode length: 103
# of episode :800, reward : -148.6, episode length: 211
# of episode :820, reward : -24.8, episode length: 186
# of episode :840, reward : -97.4, episode length: 66
# of episode :860, reward : -104.2, episode length: 208
# of episode :880, reward : -61.7, episode length: 188
# of episode :900, reward : -15.5, episode length: 151
# of episode :920, reward : -122.2, episode length: 215
# of episode :940, reward : -14.5, episode length: 166
# of episode :960, reward : -64.5, episode length: 317
# of episode :980, reward : -69.2, episode length: 239
# of episode :1000, reward : -112.6, episode length: 714
# of episode :1020, reward : -31.1, episode length: 88
# of episode :1040, reward : -250.3, episode length: 171
# of episode :1060, reward : -78.0, episode length: 321
# of episode :1080, reward : -45.9, episode length: 429
# of episode :1100, reward : -56.8, episode length: 181
# of episode :1120, reward : -8.0, episode length: 161
# of episode :1140, reward : -151.9, episode length: 329
# of episode :1160, reward : -18.6, episode length: 152
# of episode :1180, reward : -122.7, episode length: 290
# of episode :1200, reward : -92.3, episode length: 301
# of episode :1220, reward : -15.8, episode length: 300
# of episode :1240, reward : -24.7, episode length: 99
# of episode :1260, reward : -274.8, episode length: 671
# of episode :1280, reward : -227.8, episode length: 512
# of episode :1300, reward : -108.5, episode length: 1000
# of episode :1320, reward : -11.2, episode length: 119
# of episode :1340, reward : -118.0, episode length: 202
# of episode :1360, reward : -54.1, episode length: 102
# of episode :1380, reward : -82.1, episode length: 1000
# of episode :1400, reward : -107.0, episode length: 1000
# of episode :1420, reward : -107.3, episode length: 1000
# of episode :1440, reward : -75.7, episode length: 198
# of episode :1460, reward : -71.1, episode length: 1000
# of episode :1480, reward : -132.6, episode length: 1000
# of episode :1500, reward : -107.7, episode length: 455
# of episode :1520, reward : -85.3, episode length: 382
# of episode :1540, reward : -53.5, episode length: 1000
# of episode :1560, reward : -15.6, episode length: 1000
# of episode :1580, reward : -37.1, episode length: 1000
# of episode :1600, reward : -57.7, episode length: 1000
# of episode :1620, reward : 8.8, episode length: 214
# of episode :1640, reward : -80.9, episode length: 1000
# of episode :1660, reward : -82.7, episode length: 367
# of episode :1680, reward : -16.0, episode length: 253
# of episode :1700, reward : -37.4, episode length: 1000
# of episode :1720, reward : 28.1, episode length: 171
# of episode :1740, reward : -27.2, episode length: 1000
# of episode :1760, reward : -283.5, episode length: 911
# of episode :1780, reward : 11.7, episode length: 220
# of episode :1800, reward : 14.5, episode length: 1000
# of episode :1820, reward : -227.1, episode length: 227
# of episode :1840, reward : 14.8, episode length: 1000
# of episode :1860, reward : -8.6, episode length: 1000
# of episode :1880, reward : -131.5, episode length: 909
# of episode :1900, reward : -6.1, episode length: 1000
# of episode :1920, reward : -18.8, episode length: 378
# of episode :1940, reward : 3.2, episode length: 1000
# of episode :1960, reward : -106.9, episode length: 430
# of episode :1980, reward : 12.3, episode length: 1000
# of episode :2000, reward : -30.3, episode length: 1000
# of episode :2020, reward : 16.6, episode length: 1000
# of episode :2040, reward : -16.3, episode length: 1000
# of episode :2060, reward : -68.2, episode length: 1000
# of episode :2080, reward : -29.1, episode length: 1000
# of episode :2100, reward : -52.3, episode length: 1000
# of episode :2120, reward : -10.6, episode length: 1000
# of episode :2140, reward : 32.5, episode length: 1000
# of episode :2160, reward : 28.5, episode length: 1000
# of episode :2180, reward : 16.8, episode length: 1000
# of episode :2200, reward : 28.5, episode length: 1000
# of episode :2220, reward : -37.6, episode length: 1000
# of episode :2240, reward : -20.5, episode length: 349
# of episode :2260, reward : -44.4, episode length: 1000
# of episode :2280, reward : 3.9, episode length: 1000
# of episode :2300, reward : 19.2, episode length: 1000
# of episode :2320, reward : 39.2, episode length: 1000
# of episode :2340, reward : 68.8, episode length: 1000
# of episode :2360, reward : -21.2, episode length: 1000
# of episode :2380, reward : 52.9, episode length: 1000
# of episode :2400, reward : -8.3, episode length: 1000
# of episode :2420, reward : 32.5, episode length: 1000
# of episode :2440, reward : 51.1, episode length: 1000
# of episode :2460, reward : -46.0, episode length: 362
# of episode :2480, reward : 61.4, episode length: 1000
# of episode :2500, reward : -38.7, episode length: 1000
# of episode :2520, reward : 32.2, episode length: 1000
# of episode :2540, reward : 58.6, episode length: 1000
# of episode :2560, reward : 38.3, episode length: 1000
# of episode :2580, reward : 38.7, episode length: 1000
# of episode :2600, reward : 67.6, episode length: 1000
# of episode :2620, reward : 75.5, episode length: 1000
# of episode :2640, reward : 67.4, episode length: 1000
# of episode :2660, reward : 80.7, episode length: 1000
# of episode :2680, reward : 87.7, episode length: 1000
# of episode :2700, reward : 67.2, episode length: 1000
# of episode :2720, reward : 44.1, episode length: 1000
# of episode :2740, reward : -51.5, episode length: 389
# of episode :2760, reward : 16.5, episode length: 1000
# of episode :2780, reward : 94.5, episode length: 1000
# of episode :2800, reward : 177.3, episode length: 831
# of episode :2820, reward : 156.0, episode length: 979
# of episode :2840, reward : 113.9, episode length: 1000
# of episode :2860, reward : 76.0, episode length: 1000
# of episode :2880, reward : 38.2, episode length: 1000
# of episode :2900, reward : 81.4, episode length: 1000
# of episode :2920, reward : 51.9, episode length: 1000
# of episode :2940, reward : -17.3, episode length: 1000
# of episode :2960, reward : 65.1, episode length: 1000
# of episode :2980, reward : 63.1, episode length: 1000
# of episode :3000, reward : -99.3, episode length: 510
# of episode :3020, reward : 64.0, episode length: 1000
# of episode :3040, reward : 160.9, episode length: 546
# of episode :3060, reward : -89.1, episode length: 531
# of episode :3080, reward : 81.9, episode length: 1000
# of episode :3100, reward : 68.0, episode length: 1000
# of episode :3120, reward : 99.2, episode length: 1000
# of episode :3140, reward : 109.3, episode length: 622
# of episode :3160, reward : 174.8, episode length: 547
# of episode :3180, reward : 164.9, episode length: 643
# of episode :3200, reward : 178.3, episode length: 968
# of episode :3220, reward : 105.5, episode length: 1000
# of episode :3240, reward : 68.0, episode length: 1000
# of episode :3260, reward : -71.0, episode length: 568
# of episode :3280, reward : -118.8, episode length: 562
# of episode :3300, reward : 18.1, episode length: 1000
# of episode :3320, reward : 48.1, episode length: 1000
# of episode :3340, reward : 84.3, episode length: 1000
# of episode :3360, reward : 154.9, episode length: 616
# of episode :3380, reward : 78.5, episode length: 1000
# of episode :3400, reward : 175.8, episode length: 341
# of episode :3420, reward : 127.0, episode length: 626
# of episode :3440, reward : 18.4, episode length: 1000
# of episode :3460, reward : 111.9, episode length: 1000
# of episode :3480, reward : -60.4, episode length: 383
# of episode :3500, reward : 142.3, episode length: 598
# of episode :3520, reward : 194.0, episode length: 509
# of episode :3540, reward : 180.5, episode length: 566
# of episode :3560, reward : 150.6, episode length: 625
# of episode :3580, reward : -141.0, episode length: 470
# of episode :3600, reward : -51.2, episode length: 515
# of episode :3620, reward : 63.2, episode length: 1000
# of episode :3640, reward : 66.2, episode length: 1000
# of episode :3660, reward : 102.6, episode length: 1000
# of episode :3680, reward : 89.5, episode length: 1000
# of episode :3700, reward : -99.3, episode length: 455
# of episode :3720, reward : 55.0, episode length: 1000
# of episode :3740, reward : 76.4, episode length: 1000
# of episode :3760, reward : -111.2, episode length: 589
# of episode :3780, reward : -75.1, episode length: 664
# of episode :3800, reward : 148.8, episode length: 619
# of episode :3820, reward : 36.4, episode length: 1000
# of episode :3840, reward : -33.7, episode length: 217
# of episode :3860, reward : 76.9, episode length: 1000
# of episode :3880, reward : 49.3, episode length: 1000
# of episode :3900, reward : 206.3, episode length: 754
# of episode :3920, reward : 145.2, episode length: 885
# of episode :3940, reward : 143.5, episode length: 771
# of episode :3960, reward : 54.4, episode length: 1000
# of episode :3980, reward : 69.9, episode length: 1000
# of episode :4000, reward : 56.1, episode length: 1000
# of episode :4020, reward : 139.3, episode length: 544
# of episode :4040, reward : 137.1, episode length: 807
# of episode :4060, reward : 155.2, episode length: 738
# of episode :4080, reward : 76.4, episode length: 1000
# of episode :4100, reward : 128.9, episode length: 1000
# of episode :4120, reward : 58.5, episode length: 1000
# of episode :4140, reward : 50.3, episode length: 1000
# of episode :4160, reward : 3.0, episode length: 1000
# of episode :4180, reward : 193.7, episode length: 468
# of episode :4200, reward : 87.0, episode length: 1000
# of episode :4220, reward : -14.5, episode length: 450
# of episode :4240, reward : -58.5, episode length: 368
# of episode :4260, reward : -59.7, episode length: 571
# of episode :4280, reward : 104.6, episode length: 1000
# of episode :4300, reward : 57.0, episode length: 1000
# of episode :4320, reward : 185.5, episode length: 522
# of episode :4340, reward : 84.9, episode length: 1000
# of episode :4360, reward : -42.6, episode length: 392
# of episode :4380, reward : 53.8, episode length: 1000
# of episode :4400, reward : 138.9, episode length: 987
# of episode :4420, reward : -47.2, episode length: 506
# of episode :4440, reward : 163.2, episode length: 606
# of episode :4460, reward : 90.5, episode length: 1000
# of episode :4480, reward : 59.4, episode length: 1000
# of episode :4500, reward : 41.1, episode length: 1000
# of episode :4520, reward : 101.3, episode length: 1000
# of episode :4540, reward : 100.3, episode length: 939
# of episode :4560, reward : -35.4, episode length: 407
# of episode :4580, reward : 168.9, episode length: 646
# of episode :4600, reward : 174.5, episode length: 497
# of episode :4620, reward : 72.9, episode length: 1000
# of episode :4640, reward : -71.2, episode length: 382
# of episode :4660, reward : 201.7, episode length: 557
# of episode :4680, reward : 69.2, episode length: 1000
# of episode :4700, reward : 153.5, episode length: 588
# of episode :4720, reward : 56.8, episode length: 1000
# of episode :4740, reward : 142.0, episode length: 586
# of episode :4760, reward : -20.5, episode length: 514
# of episode :4780, reward : 87.5, episode length: 1000
# of episode :4800, reward : 92.1, episode length: 1000
# of episode :4820, reward : 0.8, episode length: 458
# of episode :4840, reward : 158.3, episode length: 582
# of episode :4860, reward : 88.2, episode length: 1000
# of episode :4880, reward : 62.3, episode length: 1000
# of episode :4900, reward : 181.3, episode length: 711
# of episode :4920, reward : 202.0, episode length: 388
# of episode :4940, reward : 46.8, episode length: 1000
# of episode :4960, reward : 171.2, episode length: 627
# of episode :4980, reward : -71.7, episode length: 771
/home/zihan/anaconda3/envs/exp/lib/python3.6/site-packages/gym/envs/registration.py:14: PkgResourcesDeprecationWarning: Parameters to load are deprecated.  Call .resolve and .require separately.
  result = entry_point.load(False)
8 4
# of episode :20, reward : -399.0, episode length: 93
# of episode :40, reward : -175.0, episode length: 94
# of episode :60, reward : -250.2, episode length: 119
# of episode :80, reward : -80.0, episode length: 163
# of episode :100, reward : -428.6, episode length: 121
# of episode :120, reward : -178.2, episode length: 96
# of episode :140, reward : -298.8, episode length: 112
# of episode :160, reward : -416.7, episode length: 82
# of episode :180, reward : -118.4, episode length: 73
# of episode :200, reward : -114.1, episode length: 109
# of episode :220, reward : -126.0, episode length: 110
# of episode :240, reward : -191.6, episode length: 78
# of episode :260, reward : -180.6, episode length: 79
# of episode :280, reward : -252.3, episode length: 161
# of episode :300, reward : -80.5, episode length: 126
# of episode :320, reward : -84.3, episode length: 104
# of episode :340, reward : -192.4, episode length: 111
# of episode :360, reward : -91.4, episode length: 96
# of episode :380, reward : -69.8, episode length: 113
# of episode :400, reward : -72.6, episode length: 79
# of episode :420, reward : -116.3, episode length: 103
# of episode :440, reward : -109.5, episode length: 68
# of episode :460, reward : -159.0, episode length: 147
# of episode :480, reward : -136.7, episode length: 99
# of episode :500, reward : -270.8, episode length: 112
# of episode :520, reward : -8.9, episode length: 72
# of episode :540, reward : -88.8, episode length: 77
# of episode :560, reward : -176.9, episode length: 98
# of episode :580, reward : -179.2, episode length: 135
# of episode :600, reward : -166.4, episode length: 150
# of episode :620, reward : -78.6, episode length: 66
# of episode :640, reward : -150.4, episode length: 122
# of episode :660, reward : -39.6, episode length: 114
# of episode :680, reward : -219.9, episode length: 98
# of episode :700, reward : -107.9, episode length: 121
# of episode :720, reward : -185.9, episode length: 133
# of episode :740, reward : -376.4, episode length: 172
# of episode :760, reward : -107.4, episode length: 105
# of episode :780, reward : -282.9, episode length: 129
# of episode :800, reward : -128.4, episode length: 191
# of episode :820, reward : -82.7, episode length: 94
# of episode :840, reward : -236.4, episode length: 134
# of episode :860, reward : -116.8, episode length: 115
# of episode :880, reward : -48.2, episode length: 95
# of episode :900, reward : -188.6, episode length: 110
# of episode :920, reward : -95.9, episode length: 113
# of episode :940, reward : -51.5, episode length: 146
# of episode :960, reward : -65.6, episode length: 143
# of episode :980, reward : -139.1, episode length: 128
# of episode :1000, reward : -309.8, episode length: 114
# of episode :1020, reward : -117.3, episode length: 66
# of episode :1040, reward : -120.2, episode length: 173
# of episode :1060, reward : -211.8, episode length: 133
# of episode :1080, reward : -147.6, episode length: 190
# of episode :1100, reward : -35.0, episode length: 174
# of episode :1120, reward : -168.0, episode length: 123
# of episode :1140, reward : -340.8, episode length: 178
# of episode :1160, reward : -72.3, episode length: 145
# of episode :1180, reward : -150.1, episode length: 112
# of episode :1200, reward : -90.7, episode length: 104
# of episode :1220, reward : -39.0, episode length: 76
# of episode :1240, reward : -16.1, episode length: 139
# of episode :1260, reward : -50.2, episode length: 90
# of episode :1280, reward : -2.8, episode length: 95
# of episode :1300, reward : -61.7, episode length: 68
# of episode :1320, reward : -67.5, episode length: 217
# of episode :1340, reward : -72.6, episode length: 88
# of episode :1360, reward : -74.4, episode length: 179
# of episode :1380, reward : -77.9, episode length: 72
# of episode :1400, reward : -65.4, episode length: 216
# of episode :1420, reward : -113.3, episode length: 180
# of episode :1440, reward : -54.7, episode length: 161
# of episode :1460, reward : 1.5, episode length: 132
# of episode :1480, reward : -98.2, episode length: 120
# of episode :1500, reward : -136.1, episode length: 347
# of episode :1520, reward : -81.2, episode length: 82
# of episode :1540, reward : -52.3, episode length: 164
# of episode :1560, reward : -61.7, episode length: 177
# of episode :1580, reward : -104.1, episode length: 1000
# of episode :1600, reward : -290.8, episode length: 279
# of episode :1620, reward : 7.9, episode length: 184
# of episode :1640, reward : -62.3, episode length: 221
# of episode :1660, reward : -71.6, episode length: 1000
# of episode :1680, reward : -76.9, episode length: 707
# of episode :1700, reward : -17.8, episode length: 1000
# of episode :1720, reward : -10.7, episode length: 235
# of episode :1740, reward : -73.2, episode length: 185
# of episode :1760, reward : -69.1, episode length: 1000
# of episode :1780, reward : -131.3, episode length: 481
# of episode :1800, reward : -64.4, episode length: 1000
# of episode :1820, reward : -145.9, episode length: 1000
# of episode :1840, reward : -23.9, episode length: 382
# of episode :1860, reward : -63.6, episode length: 1000
# of episode :1880, reward : -59.7, episode length: 1000
# of episode :1900, reward : -26.6, episode length: 1000
# of episode :1920, reward : 20.5, episode length: 175
# of episode :1940, reward : 50.2, episode length: 113
# of episode :1960, reward : -14.0, episode length: 1000
# of episode :1980, reward : -3.7, episode length: 1000
# of episode :2000, reward : -58.6, episode length: 323
# of episode :2020, reward : -90.0, episode length: 786
# of episode :2040, reward : -59.9, episode length: 1000
# of episode :2060, reward : -8.4, episode length: 1000
# of episode :2080, reward : -82.5, episode length: 1000
# of episode :2100, reward : 20.5, episode length: 321
# of episode :2120, reward : -53.8, episode length: 1000
# of episode :2140, reward : -80.7, episode length: 1000
# of episode :2160, reward : -16.1, episode length: 1000
# of episode :2180, reward : -52.7, episode length: 1000
# of episode :2200, reward : -30.3, episode length: 344
# of episode :2220, reward : -28.5, episode length: 1000
# of episode :2240, reward : -98.7, episode length: 975
# of episode :2260, reward : -35.8, episode length: 1000
# of episode :2280, reward : -0.3, episode length: 1000
# of episode :2300, reward : -42.6, episode length: 1000
# of episode :2320, reward : 22.4, episode length: 1000
# of episode :2340, reward : -29.4, episode length: 1000
# of episode :2360, reward : 23.2, episode length: 1000
# of episode :2380, reward : -38.1, episode length: 1000
# of episode :2400, reward : -28.6, episode length: 1000
# of episode :2420, reward : -85.8, episode length: 431
# of episode :2440, reward : -4.0, episode length: 1000
# of episode :2460, reward : -21.0, episode length: 1000
# of episode :2480, reward : -19.4, episode length: 1000
# of episode :2500, reward : 22.3, episode length: 1000
# of episode :2520, reward : -1.1, episode length: 1000
# of episode :2540, reward : -15.2, episode length: 358
# of episode :2560, reward : 34.4, episode length: 1000
# of episode :2580, reward : -1.9, episode length: 1000
# of episode :2600, reward : 72.5, episode length: 1000
# of episode :2620, reward : 48.2, episode length: 1000
# of episode :2640, reward : -78.1, episode length: 495
# of episode :2660, reward : -30.6, episode length: 362
# of episode :2680, reward : 99.4, episode length: 1000
# of episode :2700, reward : 64.4, episode length: 1000
# of episode :2720, reward : -2.5, episode length: 391
# of episode :2740, reward : -31.1, episode length: 370
# of episode :2760, reward : 102.3, episode length: 1000
# of episode :2780, reward : 74.3, episode length: 1000
# of episode :2800, reward : 82.5, episode length: 1000
# of episode :2820, reward : 86.9, episode length: 1000
# of episode :2840, reward : 123.7, episode length: 1000
# of episode :2860, reward : 68.6, episode length: 1000
# of episode :2880, reward : 85.3, episode length: 1000
# of episode :2900, reward : -130.0, episode length: 850
# of episode :2920, reward : 54.4, episode length: 1000
# of episode :2940, reward : 120.2, episode length: 1000
# of episode :2960, reward : 73.3, episode length: 1000
# of episode :2980, reward : 119.6, episode length: 1000
# of episode :3000, reward : 64.5, episode length: 1000
# of episode :3020, reward : -55.1, episode length: 373
# of episode :3040, reward : 58.8, episode length: 1000
# of episode :3060, reward : 56.4, episode length: 1000
# of episode :3080, reward : 26.8, episode length: 1000
# of episode :3100, reward : -31.7, episode length: 673
# of episode :3120, reward : 7.2, episode length: 1000
# of episode :3140, reward : 104.8, episode length: 1000
# of episode :3160, reward : 83.3, episode length: 1000
# of episode :3180, reward : -40.6, episode length: 491
# of episode :3200, reward : 79.5, episode length: 1000
# of episode :3220, reward : 53.0, episode length: 1000
# of episode :3240, reward : 50.5, episode length: 1000
# of episode :3260, reward : -23.5, episode length: 1000
# of episode :3280, reward : 19.2, episode length: 1000
# of episode :3300, reward : -125.2, episode length: 804
# of episode :3320, reward : 67.9, episode length: 1000
# of episode :3340, reward : 19.1, episode length: 1000
# of episode :3360, reward : -100.8, episode length: 638
# of episode :3380, reward : 32.0, episode length: 1000
# of episode :3400, reward : -66.1, episode length: 719
# of episode :3420, reward : 17.0, episode length: 1000
# of episode :3440, reward : 28.9, episode length: 1000
# of episode :3460, reward : -93.1, episode length: 490
# of episode :3480, reward : 141.7, episode length: 735
# of episode :3500, reward : 93.3, episode length: 1000
# of episode :3520, reward : 82.4, episode length: 1000
# of episode :3540, reward : -148.9, episode length: 842
# of episode :3560, reward : 57.4, episode length: 1000
# of episode :3580, reward : 67.4, episode length: 1000
# of episode :3600, reward : -67.2, episode length: 609
# of episode :3620, reward : -84.8, episode length: 1000
# of episode :3640, reward : -21.9, episode length: 1000
# of episode :3660, reward : 107.2, episode length: 1000
# of episode :3680, reward : 6.9, episode length: 1000
# of episode :3700, reward : 51.5, episode length: 1000
# of episode :3720, reward : -63.3, episode length: 542
# of episode :3740, reward : -7.0, episode length: 1000
# of episode :3760, reward : 99.1, episode length: 776
# of episode :3780, reward : 59.5, episode length: 1000
# of episode :3800, reward : 157.9, episode length: 499
# of episode :3820, reward : 130.1, episode length: 692
# of episode :3840, reward : 41.0, episode length: 1000
# of episode :3860, reward : 80.4, episode length: 1000
# of episode :3880, reward : 68.2, episode length: 1000
# of episode :3900, reward : 40.6, episode length: 1000
# of episode :3920, reward : -44.7, episode length: 317
# of episode :3940, reward : 66.9, episode length: 1000
# of episode :3960, reward : -23.8, episode length: 1000
# of episode :3980, reward : -71.0, episode length: 518
# of episode :4000, reward : 155.0, episode length: 820
# of episode :4020, reward : 80.6, episode length: 1000
# of episode :4040, reward : 75.1, episode length: 1000
# of episode :4060, reward : 119.7, episode length: 799
# of episode :4080, reward : 82.7, episode length: 1000
# of episode :4100, reward : 8.4, episode length: 1000
# of episode :4120, reward : -47.6, episode length: 481
# of episode :4140, reward : -38.1, episode length: 613
# of episode :4160, reward : 172.3, episode length: 731
# of episode :4180, reward : 56.0, episode length: 1000
# of episode :4200, reward : 78.4, episode length: 1000
# of episode :4220, reward : 35.4, episode length: 1000
# of episode :4240, reward : 123.0, episode length: 672
# of episode :4260, reward : 67.3, episode length: 1000
# of episode :4280, reward : 148.9, episode length: 797
# of episode :4300, reward : 83.0, episode length: 980
# of episode :4320, reward : 34.1, episode length: 1000
# of episode :4340, reward : 16.3, episode length: 1000
# of episode :4360, reward : 58.8, episode length: 1000
# of episode :4380, reward : 53.3, episode length: 1000
# of episode :4400, reward : 201.6, episode length: 655
# of episode :4420, reward : -64.5, episode length: 530
# of episode :4440, reward : -21.5, episode length: 1000
# of episode :4460, reward : 21.5, episode length: 1000
# of episode :4480, reward : -1.8, episode length: 1000
# of episode :4500, reward : 197.1, episode length: 606
# of episode :4520, reward : 72.7, episode length: 1000
# of episode :4540, reward : -34.8, episode length: 468
# of episode :4560, reward : 46.8, episode length: 1000
# of episode :4580, reward : 50.9, episode length: 1000
# of episode :4600, reward : 125.1, episode length: 784
# of episode :4620, reward : 27.9, episode length: 1000
# of episode :4640, reward : 212.7, episode length: 479
# of episode :4660, reward : 88.8, episode length: 1000
# of episode :4680, reward : 79.5, episode length: 1000
# of episode :4700, reward : 79.2, episode length: 1000
# of episode :4720, reward : 83.6, episode length: 1000
# of episode :4740, reward : 69.7, episode length: 1000
# of episode :4760, reward : 68.7, episode length: 1000
# of episode :4780, reward : 85.0, episode length: 913
# of episode :4800, reward : 100.6, episode length: 1000
# of episode :4820, reward : 104.7, episode length: 1000
# of episode :4840, reward : 92.8, episode length: 1000
# of episode :4860, reward : 70.6, episode length: 1000
# of episode :4880, reward : -87.2, episode length: 757
# of episode :4900, reward : 113.3, episode length: 1000
# of episode :4920, reward : 85.2, episode length: 1000
# of episode :4940, reward : 79.1, episode length: 1000
# of episode :4960, reward : -175.7, episode length: 497
# of episode :4980, reward : 184.7, episode length: 637
