compute007
3
/home/zihan/anaconda3/envs/exp/lib/python3.6/site-packages/tensorboard/compat/tensorflow_stub/dtypes.py:541: FutureWarning: Passing (type, 1) or '1type' as a synonym of type is deprecated; in a future version of numpy, it will be understood as (type, (1,)) / '(1,)type'.
  _np_qint8 = np.dtype([("qint8", np.int8, 1)])
/home/zihan/anaconda3/envs/exp/lib/python3.6/site-packages/tensorboard/compat/tensorflow_stub/dtypes.py:542: FutureWarning: Passing (type, 1) or '1type' as a synonym of type is deprecated; in a future version of numpy, it will be understood as (type, (1,)) / '(1,)type'.
  _np_quint8 = np.dtype([("quint8", np.uint8, 1)])
/home/zihan/anaconda3/envs/exp/lib/python3.6/site-packages/tensorboard/compat/tensorflow_stub/dtypes.py:543: FutureWarning: Passing (type, 1) or '1type' as a synonym of type is deprecated; in a future version of numpy, it will be understood as (type, (1,)) / '(1,)type'.
  _np_qint16 = np.dtype([("qint16", np.int16, 1)])
/home/zihan/anaconda3/envs/exp/lib/python3.6/site-packages/tensorboard/compat/tensorflow_stub/dtypes.py:544: FutureWarning: Passing (type, 1) or '1type' as a synonym of type is deprecated; in a future version of numpy, it will be understood as (type, (1,)) / '(1,)type'.
  _np_quint16 = np.dtype([("quint16", np.uint16, 1)])
/home/zihan/anaconda3/envs/exp/lib/python3.6/site-packages/tensorboard/compat/tensorflow_stub/dtypes.py:545: FutureWarning: Passing (type, 1) or '1type' as a synonym of type is deprecated; in a future version of numpy, it will be understood as (type, (1,)) / '(1,)type'.
  _np_qint32 = np.dtype([("qint32", np.int32, 1)])
/home/zihan/anaconda3/envs/exp/lib/python3.6/site-packages/tensorboard/compat/tensorflow_stub/dtypes.py:550: FutureWarning: Passing (type, 1) or '1type' as a synonym of type is deprecated; in a future version of numpy, it will be understood as (type, (1,)) / '(1,)type'.
  np_resource = np.dtype([("resource", np.ubyte, 1)])
{'input_dim': 8, 'output_dim': 4, 'depth': 5, 'lamda': 0.001, 'lr': 0.001, 'weight_decay': 0.005, 'batch_size': 1280, 'epochs': 40, 'cuda': True, 'log_interval': 100, 'exp_scheduler_gamma': 1.0, 'beta': False, 'greatest_path_probability': True, 'model_path': './model/trees/sdt_0.001_id1beta_weight_3'}
Epoch: 01 | Batch: 000 | CrossEntropy-loss: 1.45768 | Correct: 502/1280 | Difference: 0.973284892719327
Epoch: 01 | Batch: 100 | CrossEntropy-loss: 1.33899 | Correct: 818/1280 | Difference: 1.0709072126054797
Epoch: 01 | Batch: 200 | CrossEntropy-loss: 1.24709 | Correct: 800/1280 | Difference: 1.0994241582322648
Epoch: 01 | Batch: 300 | CrossEntropy-loss: 1.16707 | Correct: 836/1280 | Difference: 1.1246671692134833
Epoch: 01 | Batch: 400 | CrossEntropy-loss: 1.12448 | Correct: 850/1280 | Difference: 1.1734691437694058
Epoch: 01 | Batch: 500 | CrossEntropy-loss: 1.06620 | Correct: 809/1280 | Difference: 1.20746830874397
Epoch: 01 | Batch: 600 | CrossEntropy-loss: 1.00025 | Correct: 731/1280 | Difference: 1.2157345123288492
Epoch: 01 | Batch: 700 | CrossEntropy-loss: 0.97204 | Correct: 691/1280 | Difference: 1.2188786750548537
Epoch: 01 | Batch: 800 | CrossEntropy-loss: 0.92116 | Correct: 737/1280 | Difference: 1.210340441220209
Epoch: 01 | Batch: 900 | CrossEntropy-loss: 0.92275 | Correct: 741/1280 | Difference: 1.200757119078633
Epoch: 01 | Batch: 1000 | CrossEntropy-loss: 0.88154 | Correct: 817/1280 | Difference: 1.1902704265598956
Epoch: 01 | Batch: 1100 | CrossEntropy-loss: 0.89876 | Correct: 820/1280 | Difference: 1.177271922714062
Epoch: 01 | Batch: 1200 | CrossEntropy-loss: 0.87319 | Correct: 886/1280 | Difference: 1.1623335658328937
Epoch: 01 | Batch: 1300 | CrossEntropy-loss: 0.85091 | Correct: 957/1280 | Difference: 1.1566271483798913
Epoch: 01 | Batch: 1400 | CrossEntropy-loss: 0.83158 | Correct: 982/1280 | Difference: 1.141653371176462
Epoch: 01 | Batch: 1500 | CrossEntropy-loss: 0.83666 | Correct: 987/1280 | Difference: 1.1336021244122674

Epoch: 01 | Testing Accuracy: 368630/504607 (73.053%) | Historical Best: 73.053% 

Epoch: 02 | Batch: 000 | CrossEntropy-loss: 0.84763 | Correct: 927/1280 | Difference: 1.1295061544944334
Epoch: 02 | Batch: 100 | CrossEntropy-loss: 0.84683 | Correct: 933/1280 | Difference: 1.1210821782563611
Epoch: 02 | Batch: 200 | CrossEntropy-loss: 0.82956 | Correct: 935/1280 | Difference: 1.1194782244894643
Epoch: 02 | Batch: 300 | CrossEntropy-loss: 0.84934 | Correct: 908/1280 | Difference: 1.1121873035403955
Epoch: 02 | Batch: 400 | CrossEntropy-loss: 0.81365 | Correct: 934/1280 | Difference: 1.1137679991747407
Epoch: 02 | Batch: 500 | CrossEntropy-loss: 0.79742 | Correct: 940/1280 | Difference: 1.1141212117926191
Epoch: 02 | Batch: 600 | CrossEntropy-loss: 0.79789 | Correct: 944/1280 | Difference: 1.10923690787379
Epoch: 02 | Batch: 700 | CrossEntropy-loss: 0.82429 | Correct: 929/1280 | Difference: 1.1081803947753999
Epoch: 02 | Batch: 800 | CrossEntropy-loss: 0.80274 | Correct: 921/1280 | Difference: 1.0981922716972035
Epoch: 02 | Batch: 900 | CrossEntropy-loss: 0.79354 | Correct: 934/1280 | Difference: 1.0938357103760423
Epoch: 02 | Batch: 1000 | CrossEntropy-loss: 0.79724 | Correct: 935/1280 | Difference: 1.0989842382050088
Epoch: 02 | Batch: 1100 | CrossEntropy-loss: 0.82525 | Correct: 930/1280 | Difference: 1.0934485185664236
Epoch: 02 | Batch: 1200 | CrossEntropy-loss: 0.77581 | Correct: 941/1280 | Difference: 1.0903287839902869
Epoch: 02 | Batch: 1300 | CrossEntropy-loss: 0.78829 | Correct: 944/1280 | Difference: 1.0790570659962595
Epoch: 02 | Batch: 1400 | CrossEntropy-loss: 0.76458 | Correct: 966/1280 | Difference: 1.0668583809913244
Epoch: 02 | Batch: 1500 | CrossEntropy-loss: 0.78924 | Correct: 946/1280 | Difference: 1.0667385577881017

Epoch: 02 | Testing Accuracy: 367238/504607 (72.777%) | Historical Best: 73.053% 

Epoch: 03 | Batch: 000 | CrossEntropy-loss: 0.78646 | Correct: 941/1280 | Difference: 1.070721877587774
Epoch: 03 | Batch: 100 | CrossEntropy-loss: 0.81244 | Correct: 926/1280 | Difference: 1.0655529620897521
Epoch: 03 | Batch: 200 | CrossEntropy-loss: 0.82494 | Correct: 923/1280 | Difference: 1.0417350906070244
Epoch: 03 | Batch: 300 | CrossEntropy-loss: 0.75686 | Correct: 947/1280 | Difference: 1.0301064303058753
Epoch: 03 | Batch: 400 | CrossEntropy-loss: 0.81745 | Correct: 922/1280 | Difference: 1.0077090839839173
Epoch: 03 | Batch: 500 | CrossEntropy-loss: 0.78211 | Correct: 928/1280 | Difference: 1.0298109684707706
Epoch: 03 | Batch: 600 | CrossEntropy-loss: 0.76950 | Correct: 965/1280 | Difference: 0.9861976020287654
Epoch: 03 | Batch: 700 | CrossEntropy-loss: 0.80481 | Correct: 933/1280 | Difference: 1.0161838193231953
Epoch: 03 | Batch: 800 | CrossEntropy-loss: 0.81292 | Correct: 931/1280 | Difference: 0.9712826002870913
Epoch: 03 | Batch: 900 | CrossEntropy-loss: 0.78087 | Correct: 958/1280 | Difference: 1.0020810278804424
Epoch: 03 | Batch: 1000 | CrossEntropy-loss: 0.80955 | Correct: 906/1280 | Difference: 0.9966197362748762
Epoch: 03 | Batch: 1100 | CrossEntropy-loss: 0.79166 | Correct: 925/1280 | Difference: 0.9313903797557461
Epoch: 03 | Batch: 1200 | CrossEntropy-loss: 0.79249 | Correct: 916/1280 | Difference: 0.9870403521774453
Epoch: 03 | Batch: 1300 | CrossEntropy-loss: 0.76905 | Correct: 963/1280 | Difference: 0.9690050821164966
Epoch: 03 | Batch: 1400 | CrossEntropy-loss: 0.80027 | Correct: 927/1280 | Difference: 0.9250181660508644
Epoch: 03 | Batch: 1500 | CrossEntropy-loss: 0.81277 | Correct: 931/1280 | Difference: 0.8872448176522033

Epoch: 03 | Testing Accuracy: 367431/504607 (72.815%) | Historical Best: 73.053% 

Epoch: 04 | Batch: 000 | CrossEntropy-loss: 0.80113 | Correct: 934/1280 | Difference: 0.9048805217125875
Epoch: 04 | Batch: 100 | CrossEntropy-loss: 0.76792 | Correct: 958/1280 | Difference: 0.9521525802682578
Epoch: 04 | Batch: 200 | CrossEntropy-loss: 0.78555 | Correct: 935/1280 | Difference: 0.9434733819507157
Epoch: 04 | Batch: 300 | CrossEntropy-loss: 0.78135 | Correct: 952/1280 | Difference: 0.9410330019771762
Epoch: 04 | Batch: 400 | CrossEntropy-loss: 0.77687 | Correct: 957/1280 | Difference: 0.9429028421904242
Epoch: 04 | Batch: 500 | CrossEntropy-loss: 0.80270 | Correct: 939/1280 | Difference: 0.9701240711582975
Epoch: 04 | Batch: 600 | CrossEntropy-loss: 0.76945 | Correct: 948/1280 | Difference: 1.0196234266921929
Epoch: 04 | Batch: 700 | CrossEntropy-loss: 0.83308 | Correct: 919/1280 | Difference: 1.0080934346800403
Epoch: 04 | Batch: 800 | CrossEntropy-loss: 0.79604 | Correct: 932/1280 | Difference: 0.9619334176163257
Epoch: 04 | Batch: 900 | CrossEntropy-loss: 0.79282 | Correct: 933/1280 | Difference: 0.992651677587255
Epoch: 04 | Batch: 1000 | CrossEntropy-loss: 0.83133 | Correct: 907/1280 | Difference: 0.9003224682564867
Epoch: 04 | Batch: 1100 | CrossEntropy-loss: 0.78564 | Correct: 949/1280 | Difference: 0.880919535951856
Epoch: 04 | Batch: 1200 | CrossEntropy-loss: 0.79657 | Correct: 923/1280 | Difference: 0.9393541397699262
Epoch: 04 | Batch: 1300 | CrossEntropy-loss: 0.81421 | Correct: 924/1280 | Difference: 0.9687919599483027
Epoch: 04 | Batch: 1400 | CrossEntropy-loss: 0.78765 | Correct: 951/1280 | Difference: 0.8517151954615734
Epoch: 04 | Batch: 1500 | CrossEntropy-loss: 0.80850 | Correct: 935/1280 | Difference: 0.9554858924558643

Epoch: 04 | Testing Accuracy: 367227/504607 (72.775%) | Historical Best: 73.053% 

Epoch: 05 | Batch: 000 | CrossEntropy-loss: 0.74066 | Correct: 925/1280 | Difference: 0.9259976551875252
Epoch: 05 | Batch: 100 | CrossEntropy-loss: 0.72343 | Correct: 951/1280 | Difference: 0.9607377921465832
Epoch: 05 | Batch: 200 | CrossEntropy-loss: 0.72001 | Correct: 952/1280 | Difference: 0.91587243191194
Epoch: 05 | Batch: 300 | CrossEntropy-loss: 0.72935 | Correct: 943/1280 | Difference: 0.8911040653940511
Epoch: 05 | Batch: 400 | CrossEntropy-loss: 0.75361 | Correct: 945/1280 | Difference: 0.8985696113833072
Epoch: 05 | Batch: 500 | CrossEntropy-loss: 0.71298 | Correct: 955/1280 | Difference: 0.9877986270792498
Epoch: 05 | Batch: 600 | CrossEntropy-loss: 0.68651 | Correct: 954/1280 | Difference: 0.8627956781808824
Epoch: 05 | Batch: 700 | CrossEntropy-loss: 0.70915 | Correct: 962/1280 | Difference: 0.8859540782731937
Epoch: 05 | Batch: 800 | CrossEntropy-loss: 0.71697 | Correct: 945/1280 | Difference: 0.900109739262221
Epoch: 05 | Batch: 900 | CrossEntropy-loss: 0.72419 | Correct: 949/1280 | Difference: 0.898617800957972
Epoch: 05 | Batch: 1000 | CrossEntropy-loss: 0.73658 | Correct: 931/1280 | Difference: 0.874084598390167
Epoch: 05 | Batch: 1100 | CrossEntropy-loss: 0.73911 | Correct: 926/1280 | Difference: 0.8831151519975328
Epoch: 05 | Batch: 1200 | CrossEntropy-loss: 0.70555 | Correct: 949/1280 | Difference: 0.9423118238182597
Epoch: 05 | Batch: 1300 | CrossEntropy-loss: 0.71367 | Correct: 943/1280 | Difference: 0.8391989537064348
Epoch: 05 | Batch: 1400 | CrossEntropy-loss: 0.73011 | Correct: 934/1280 | Difference: 0.925912205498563
Epoch: 05 | Batch: 1500 | CrossEntropy-loss: 0.72889 | Correct: 934/1280 | Difference: 0.8615105571318866

Epoch: 05 | Testing Accuracy: 369639/504607 (73.253%) | Historical Best: 73.253% 

Epoch: 06 | Batch: 000 | CrossEntropy-loss: 0.75421 | Correct: 920/1280 | Difference: 0.8874454461178527
Epoch: 06 | Batch: 100 | CrossEntropy-loss: 0.72021 | Correct: 943/1280 | Difference: 0.8837267831134112
Epoch: 06 | Batch: 200 | CrossEntropy-loss: 0.71843 | Correct: 959/1280 | Difference: 0.9466214457709965
Epoch: 06 | Batch: 300 | CrossEntropy-loss: 0.73742 | Correct: 928/1280 | Difference: 0.9225801728783982
Epoch: 06 | Batch: 400 | CrossEntropy-loss: 0.75293 | Correct: 933/1280 | Difference: 0.8871913786746631
Epoch: 06 | Batch: 500 | CrossEntropy-loss: 0.71480 | Correct: 961/1280 | Difference: 1.0445139249975015
Epoch: 06 | Batch: 600 | CrossEntropy-loss: 0.71359 | Correct: 936/1280 | Difference: 0.9122256009127383
Epoch: 06 | Batch: 700 | CrossEntropy-loss: 0.70822 | Correct: 961/1280 | Difference: 1.0436065535517827
Epoch: 06 | Batch: 800 | CrossEntropy-loss: 0.71886 | Correct: 942/1280 | Difference: 0.9300312495316159
Epoch: 06 | Batch: 900 | CrossEntropy-loss: 0.75193 | Correct: 923/1280 | Difference: 0.966762106081556
Epoch: 06 | Batch: 1000 | CrossEntropy-loss: 0.72443 | Correct: 933/1280 | Difference: 0.8434639209587088
Epoch: 06 | Batch: 1100 | CrossEntropy-loss: 0.75306 | Correct: 931/1280 | Difference: 0.8837951302901788
Epoch: 06 | Batch: 1200 | CrossEntropy-loss: 0.73079 | Correct: 926/1280 | Difference: 0.9177342417986258
Epoch: 06 | Batch: 1300 | CrossEntropy-loss: 0.70703 | Correct: 948/1280 | Difference: 0.9067925623461611
Epoch: 06 | Batch: 1400 | CrossEntropy-loss: 0.72505 | Correct: 949/1280 | Difference: 0.9893455352423676
Epoch: 06 | Batch: 1500 | CrossEntropy-loss: 0.73196 | Correct: 925/1280 | Difference: 0.9946979479062475

Epoch: 06 | Testing Accuracy: 369690/504607 (73.263%) | Historical Best: 73.263% 

Epoch: 07 | Batch: 000 | CrossEntropy-loss: 0.72000 | Correct: 957/1280 | Difference: 1.0124124918902238
Epoch: 07 | Batch: 100 | CrossEntropy-loss: 0.72067 | Correct: 947/1280 | Difference: 0.897181651862224
Epoch: 07 | Batch: 200 | CrossEntropy-loss: 0.73055 | Correct: 928/1280 | Difference: 0.9110133681897131
Epoch: 07 | Batch: 300 | CrossEntropy-loss: 0.72490 | Correct: 952/1280 | Difference: 0.9038838524703087
Epoch: 07 | Batch: 400 | CrossEntropy-loss: 0.71494 | Correct: 958/1280 | Difference: 0.9171460441504632
Epoch: 07 | Batch: 500 | CrossEntropy-loss: 0.70444 | Correct: 946/1280 | Difference: 1.0401278822028701
Epoch: 07 | Batch: 600 | CrossEntropy-loss: 0.73292 | Correct: 930/1280 | Difference: 0.9299911512934194
Epoch: 07 | Batch: 700 | CrossEntropy-loss: 0.72535 | Correct: 943/1280 | Difference: 0.9166890611676765
Epoch: 07 | Batch: 800 | CrossEntropy-loss: 0.71885 | Correct: 938/1280 | Difference: 0.9026864114465696
Epoch: 07 | Batch: 900 | CrossEntropy-loss: 0.72388 | Correct: 948/1280 | Difference: 0.9806398938654264
Epoch: 07 | Batch: 1000 | CrossEntropy-loss: 0.74760 | Correct: 918/1280 | Difference: 0.9965892755883303
Epoch: 07 | Batch: 1100 | CrossEntropy-loss: 0.72650 | Correct: 931/1280 | Difference: 0.9654931786192947
Epoch: 07 | Batch: 1200 | CrossEntropy-loss: 0.73194 | Correct: 949/1280 | Difference: 0.9729747422262499
Epoch: 07 | Batch: 1300 | CrossEntropy-loss: 0.73776 | Correct: 928/1280 | Difference: 0.9493969569762436
Epoch: 07 | Batch: 1400 | CrossEntropy-loss: 0.74015 | Correct: 943/1280 | Difference: 1.0085353832103792
Epoch: 07 | Batch: 1500 | CrossEntropy-loss: 0.72460 | Correct: 935/1280 | Difference: 0.9748434480580294

Epoch: 07 | Testing Accuracy: 369718/504607 (73.269%) | Historical Best: 73.269% 

Epoch: 08 | Batch: 000 | CrossEntropy-loss: 0.76247 | Correct: 924/1280 | Difference: 0.9645691993173078
Epoch: 08 | Batch: 100 | CrossEntropy-loss: 0.75226 | Correct: 913/1280 | Difference: 1.0294371185826867
Epoch: 08 | Batch: 200 | CrossEntropy-loss: 0.74219 | Correct: 923/1280 | Difference: 0.9946385254243668
Epoch: 08 | Batch: 300 | CrossEntropy-loss: 0.72671 | Correct: 946/1280 | Difference: 0.97242023518401
Epoch: 08 | Batch: 400 | CrossEntropy-loss: 0.73196 | Correct: 941/1280 | Difference: 0.932731157024301
Epoch: 08 | Batch: 500 | CrossEntropy-loss: 0.70880 | Correct: 946/1280 | Difference: 0.8674104261000372
Epoch: 08 | Batch: 600 | CrossEntropy-loss: 0.70312 | Correct: 960/1280 | Difference: 0.9563604885997358
Epoch: 08 | Batch: 700 | CrossEntropy-loss: 0.70354 | Correct: 965/1280 | Difference: 0.924948025595106
Epoch: 08 | Batch: 800 | CrossEntropy-loss: 0.75071 | Correct: 925/1280 | Difference: 0.9650484722955333
Epoch: 08 | Batch: 900 | CrossEntropy-loss: 0.71799 | Correct: 966/1280 | Difference: 0.9825182057013421
Epoch: 08 | Batch: 1000 | CrossEntropy-loss: 0.68918 | Correct: 964/1280 | Difference: 0.9461917951418066
Epoch: 08 | Batch: 1100 | CrossEntropy-loss: 0.71458 | Correct: 942/1280 | Difference: 0.9676415911554934
Epoch: 08 | Batch: 1200 | CrossEntropy-loss: 0.69611 | Correct: 970/1280 | Difference: 1.0003687202396876
Epoch: 08 | Batch: 1300 | CrossEntropy-loss: 0.76519 | Correct: 894/1280 | Difference: 1.0030723176033933
Epoch: 08 | Batch: 1400 | CrossEntropy-loss: 0.71807 | Correct: 945/1280 | Difference: 0.9704708787776686
Epoch: 08 | Batch: 1500 | CrossEntropy-loss: 0.72849 | Correct: 932/1280 | Difference: 1.0315462111567972

Epoch: 08 | Testing Accuracy: 369591/504607 (73.243%) | Historical Best: 73.269% 

Epoch: 09 | Batch: 000 | CrossEntropy-loss: 0.71851 | Correct: 947/1280 | Difference: 0.9283094815823004
Epoch: 09 | Batch: 100 | CrossEntropy-loss: 0.67429 | Correct: 972/1280 | Difference: 0.9563607220399664
Epoch: 09 | Batch: 200 | CrossEntropy-loss: 0.74147 | Correct: 929/1280 | Difference: 0.9621321140073744
Epoch: 09 | Batch: 300 | CrossEntropy-loss: 0.72998 | Correct: 942/1280 | Difference: 0.9890552522967603
Epoch: 09 | Batch: 400 | CrossEntropy-loss: 0.73602 | Correct: 936/1280 | Difference: 0.9325342761140638
Epoch: 09 | Batch: 500 | CrossEntropy-loss: 0.70716 | Correct: 970/1280 | Difference: 0.9393687919528843
Epoch: 09 | Batch: 600 | CrossEntropy-loss: 0.74532 | Correct: 932/1280 | Difference: 0.9592481034926247
Epoch: 09 | Batch: 700 | CrossEntropy-loss: 0.69503 | Correct: 970/1280 | Difference: 0.9327866744203493
Epoch: 09 | Batch: 800 | CrossEntropy-loss: 0.74679 | Correct: 930/1280 | Difference: 0.8557017352325309
Epoch: 09 | Batch: 900 | CrossEntropy-loss: 0.72926 | Correct: 943/1280 | Difference: 0.8766729684487092
Epoch: 09 | Batch: 1000 | CrossEntropy-loss: 0.72836 | Correct: 926/1280 | Difference: 0.9294295916188964
Epoch: 09 | Batch: 1100 | CrossEntropy-loss: 0.71206 | Correct: 959/1280 | Difference: 0.9858775997539512
Epoch: 09 | Batch: 1200 | CrossEntropy-loss: 0.71848 | Correct: 943/1280 | Difference: 0.9136924764545831
Epoch: 09 | Batch: 1300 | CrossEntropy-loss: 0.68146 | Correct: 980/1280 | Difference: 0.9529081919433608
Epoch: 09 | Batch: 1400 | CrossEntropy-loss: 0.66816 | Correct: 986/1280 | Difference: 0.9078193478405326
Epoch: 09 | Batch: 1500 | CrossEntropy-loss: 0.69959 | Correct: 949/1280 | Difference: 0.9501001923551181

Epoch: 09 | Testing Accuracy: 369722/504607 (73.269%) | Historical Best: 73.269% 

Epoch: 10 | Batch: 000 | CrossEntropy-loss: 0.74709 | Correct: 936/1280 | Difference: 0.935602723342282
Epoch: 10 | Batch: 100 | CrossEntropy-loss: 0.70191 | Correct: 937/1280 | Difference: 1.0169139447064777
Epoch: 10 | Batch: 200 | CrossEntropy-loss: 0.69414 | Correct: 942/1280 | Difference: 0.9501162905981456
Epoch: 10 | Batch: 300 | CrossEntropy-loss: 0.67210 | Correct: 949/1280 | Difference: 0.8606835985162609
Epoch: 10 | Batch: 400 | CrossEntropy-loss: 0.66166 | Correct: 957/1280 | Difference: 0.913049729844795
Epoch: 10 | Batch: 500 | CrossEntropy-loss: 0.69747 | Correct: 922/1280 | Difference: 0.991102773784316
Epoch: 10 | Batch: 600 | CrossEntropy-loss: 0.69360 | Correct: 940/1280 | Difference: 0.9445172672536428
Epoch: 10 | Batch: 700 | CrossEntropy-loss: 0.65822 | Correct: 962/1280 | Difference: 0.9089784078535112
Epoch: 10 | Batch: 800 | CrossEntropy-loss: 0.66331 | Correct: 959/1280 | Difference: 0.9726676792483671
Epoch: 10 | Batch: 900 | CrossEntropy-loss: 0.73325 | Correct: 904/1280 | Difference: 0.901175525379341
Epoch: 10 | Batch: 1000 | CrossEntropy-loss: 0.67235 | Correct: 950/1280 | Difference: 0.9199448581747376
Epoch: 10 | Batch: 1100 | CrossEntropy-loss: 0.70966 | Correct: 912/1280 | Difference: 0.9708043742702368
Epoch: 10 | Batch: 1200 | CrossEntropy-loss: 0.66243 | Correct: 946/1280 | Difference: 0.8893312775223433
Epoch: 10 | Batch: 1300 | CrossEntropy-loss: 0.65889 | Correct: 948/1280 | Difference: 0.9384456964755239
Epoch: 10 | Batch: 1400 | CrossEntropy-loss: 0.67335 | Correct: 957/1280 | Difference: 0.9510043179865669
Epoch: 10 | Batch: 1500 | CrossEntropy-loss: 0.65719 | Correct: 949/1280 | Difference: 0.901170732702038

Epoch: 10 | Testing Accuracy: 375135/504607 (74.342%) | Historical Best: 74.342% 

Epoch: 11 | Batch: 000 | CrossEntropy-loss: 0.65950 | Correct: 939/1280 | Difference: 0.9981931446813828
Epoch: 11 | Batch: 100 | CrossEntropy-loss: 0.64733 | Correct: 949/1280 | Difference: 0.9512252715993412
Epoch: 11 | Batch: 200 | CrossEntropy-loss: 0.66997 | Correct: 933/1280 | Difference: 0.8587529066530663
Epoch: 11 | Batch: 300 | CrossEntropy-loss: 0.64820 | Correct: 952/1280 | Difference: 1.004649661430429
Epoch: 11 | Batch: 400 | CrossEntropy-loss: 0.67011 | Correct: 940/1280 | Difference: 0.9569618621734326
Epoch: 11 | Batch: 500 | CrossEntropy-loss: 0.66125 | Correct: 944/1280 | Difference: 0.914548902901294
Epoch: 11 | Batch: 600 | CrossEntropy-loss: 0.60534 | Correct: 981/1280 | Difference: 0.9039292517369927
Epoch: 11 | Batch: 700 | CrossEntropy-loss: 0.62827 | Correct: 965/1280 | Difference: 0.954304442231047
Epoch: 11 | Batch: 800 | CrossEntropy-loss: 0.63658 | Correct: 959/1280 | Difference: 0.902704090315082
Epoch: 11 | Batch: 900 | CrossEntropy-loss: 0.62996 | Correct: 961/1280 | Difference: 0.9628387506779897
Epoch: 11 | Batch: 1000 | CrossEntropy-loss: 0.61966 | Correct: 976/1280 | Difference: 0.9754419381922573
Epoch: 11 | Batch: 1100 | CrossEntropy-loss: 0.64978 | Correct: 944/1280 | Difference: 0.9869118388325314
Epoch: 11 | Batch: 1200 | CrossEntropy-loss: 0.66353 | Correct: 939/1280 | Difference: 0.9425247198112612
Epoch: 11 | Batch: 1300 | CrossEntropy-loss: 0.62838 | Correct: 968/1280 | Difference: 0.92530100309651
Epoch: 11 | Batch: 1400 | CrossEntropy-loss: 0.62754 | Correct: 968/1280 | Difference: 0.9363907085039205
Epoch: 11 | Batch: 1500 | CrossEntropy-loss: 0.61944 | Correct: 979/1280 | Difference: 0.9717722689578304

Epoch: 11 | Testing Accuracy: 378920/504607 (75.092%) | Historical Best: 75.092% 

Epoch: 12 | Batch: 000 | CrossEntropy-loss: 0.64340 | Correct: 953/1280 | Difference: 0.9854195415221011
Epoch: 12 | Batch: 100 | CrossEntropy-loss: 0.62885 | Correct: 947/1280 | Difference: 0.9165216219230771
Epoch: 12 | Batch: 200 | CrossEntropy-loss: 0.65553 | Correct: 935/1280 | Difference: 0.9624948521534608
Epoch: 12 | Batch: 300 | CrossEntropy-loss: 0.60526 | Correct: 982/1280 | Difference: 1.0270397654490926
Epoch: 12 | Batch: 400 | CrossEntropy-loss: 0.62684 | Correct: 958/1280 | Difference: 0.9536157018598045
Epoch: 12 | Batch: 500 | CrossEntropy-loss: 0.63327 | Correct: 964/1280 | Difference: 0.9223930819987152
Epoch: 12 | Batch: 600 | CrossEntropy-loss: 0.59899 | Correct: 994/1280 | Difference: 0.9451792619483992
Epoch: 12 | Batch: 700 | CrossEntropy-loss: 0.62650 | Correct: 976/1280 | Difference: 0.9568649783188664
Epoch: 12 | Batch: 800 | CrossEntropy-loss: 0.62882 | Correct: 975/1280 | Difference: 0.962931273125304
Epoch: 12 | Batch: 900 | CrossEntropy-loss: 0.57989 | Correct: 990/1280 | Difference: 0.9431645027068284
Epoch: 12 | Batch: 1000 | CrossEntropy-loss: 0.65102 | Correct: 938/1280 | Difference: 0.967893082865361
Epoch: 12 | Batch: 1100 | CrossEntropy-loss: 0.66227 | Correct: 958/1280 | Difference: 0.9847648220193735
Epoch: 12 | Batch: 1200 | CrossEntropy-loss: 0.61905 | Correct: 977/1280 | Difference: 0.9275841716938266
Epoch: 12 | Batch: 1300 | CrossEntropy-loss: 0.60676 | Correct: 977/1280 | Difference: 0.8990356966932708
Epoch: 12 | Batch: 1400 | CrossEntropy-loss: 0.64317 | Correct: 952/1280 | Difference: 0.988254580938485
Epoch: 12 | Batch: 1500 | CrossEntropy-loss: 0.63504 | Correct: 959/1280 | Difference: 0.9079834059712154

Epoch: 12 | Testing Accuracy: 378604/504607 (75.029%) | Historical Best: 75.092% 

Epoch: 13 | Batch: 000 | CrossEntropy-loss: 0.65025 | Correct: 953/1280 | Difference: 0.958708599029504
Epoch: 13 | Batch: 100 | CrossEntropy-loss: 0.63253 | Correct: 960/1280 | Difference: 0.9473200463805884
Epoch: 13 | Batch: 200 | CrossEntropy-loss: 0.61018 | Correct: 986/1280 | Difference: 0.9386859078280593
Epoch: 13 | Batch: 300 | CrossEntropy-loss: 0.63638 | Correct: 949/1280 | Difference: 0.9582283821380776
Epoch: 13 | Batch: 400 | CrossEntropy-loss: 0.62781 | Correct: 959/1280 | Difference: 0.9562808465036844
Epoch: 13 | Batch: 500 | CrossEntropy-loss: 0.66775 | Correct: 949/1280 | Difference: 0.9947485086592778
Epoch: 13 | Batch: 600 | CrossEntropy-loss: 0.61988 | Correct: 988/1280 | Difference: 0.9746579935475023
Epoch: 13 | Batch: 700 | CrossEntropy-loss: 0.60331 | Correct: 984/1280 | Difference: 0.950841892905982
Epoch: 13 | Batch: 800 | CrossEntropy-loss: 0.64249 | Correct: 954/1280 | Difference: 0.971784906530579
Epoch: 13 | Batch: 900 | CrossEntropy-loss: 0.62183 | Correct: 971/1280 | Difference: 0.9523690514118391
Epoch: 13 | Batch: 1000 | CrossEntropy-loss: 0.63322 | Correct: 971/1280 | Difference: 0.9454656577950074
Epoch: 13 | Batch: 1100 | CrossEntropy-loss: 0.63842 | Correct: 961/1280 | Difference: 0.9537423839476389
Epoch: 13 | Batch: 1200 | CrossEntropy-loss: 0.65182 | Correct: 948/1280 | Difference: 0.9758560694261222
Epoch: 13 | Batch: 1300 | CrossEntropy-loss: 0.60007 | Correct: 986/1280 | Difference: 0.9782420450683003
Epoch: 13 | Batch: 1400 | CrossEntropy-loss: 0.61078 | Correct: 972/1280 | Difference: 0.9633473404014335
Epoch: 13 | Batch: 1500 | CrossEntropy-loss: 0.63221 | Correct: 961/1280 | Difference: 0.9692498554671605

Epoch: 13 | Testing Accuracy: 378827/504607 (75.074%) | Historical Best: 75.092% 

Epoch: 14 | Batch: 000 | CrossEntropy-loss: 0.65075 | Correct: 957/1280 | Difference: 0.9606663427401111
Epoch: 14 | Batch: 100 | CrossEntropy-loss: 0.60612 | Correct: 983/1280 | Difference: 0.9918810125412308
Epoch: 14 | Batch: 200 | CrossEntropy-loss: 0.62183 | Correct: 973/1280 | Difference: 1.0184033517765945
Epoch: 14 | Batch: 300 | CrossEntropy-loss: 0.61402 | Correct: 976/1280 | Difference: 0.9668533347009259
Epoch: 14 | Batch: 400 | CrossEntropy-loss: 0.62042 | Correct: 973/1280 | Difference: 0.9839334396288253
Epoch: 14 | Batch: 500 | CrossEntropy-loss: 0.63716 | Correct: 954/1280 | Difference: 0.9989044315253544
Epoch: 14 | Batch: 600 | CrossEntropy-loss: 0.61981 | Correct: 971/1280 | Difference: 0.9684683598073714
Epoch: 14 | Batch: 700 | CrossEntropy-loss: 0.63311 | Correct: 960/1280 | Difference: 0.9994020526328419
Epoch: 14 | Batch: 800 | CrossEntropy-loss: 0.65251 | Correct: 950/1280 | Difference: 1.013085344994063
Epoch: 14 | Batch: 900 | CrossEntropy-loss: 0.63816 | Correct: 967/1280 | Difference: 0.9487306003239739
Epoch: 14 | Batch: 1000 | CrossEntropy-loss: 0.64318 | Correct: 946/1280 | Difference: 0.917335587032196
Epoch: 14 | Batch: 1100 | CrossEntropy-loss: 0.59256 | Correct: 992/1280 | Difference: 0.9666223312422179
Epoch: 14 | Batch: 1200 | CrossEntropy-loss: 0.60848 | Correct: 987/1280 | Difference: 0.9736029983959048
Epoch: 14 | Batch: 1300 | CrossEntropy-loss: 0.63120 | Correct: 957/1280 | Difference: 0.9868851070744559
Epoch: 14 | Batch: 1400 | CrossEntropy-loss: 0.63320 | Correct: 956/1280 | Difference: 0.9775450385484274
Epoch: 14 | Batch: 1500 | CrossEntropy-loss: 0.64425 | Correct: 953/1280 | Difference: 0.9832380528098131

Epoch: 14 | Testing Accuracy: 378743/504607 (75.057%) | Historical Best: 75.092% 

Epoch: 15 | Batch: 000 | CrossEntropy-loss: 0.62142 | Correct: 969/1280 | Difference: 0.9773893714339168
Epoch: 15 | Batch: 100 | CrossEntropy-loss: 0.56094 | Correct: 1019/1280 | Difference: 1.050282457995749
Epoch: 15 | Batch: 200 | CrossEntropy-loss: 0.53804 | Correct: 1052/1280 | Difference: 1.0179818525303683
Epoch: 15 | Batch: 300 | CrossEntropy-loss: 0.57233 | Correct: 1030/1280 | Difference: 0.986259109497054
Epoch: 15 | Batch: 400 | CrossEntropy-loss: 0.57202 | Correct: 1018/1280 | Difference: 0.9644010493676666
Epoch: 15 | Batch: 500 | CrossEntropy-loss: 0.54817 | Correct: 1035/1280 | Difference: 0.9661660166194062
Epoch: 15 | Batch: 600 | CrossEntropy-loss: 0.55680 | Correct: 1032/1280 | Difference: 0.9422808206377388
Epoch: 15 | Batch: 700 | CrossEntropy-loss: 0.56886 | Correct: 1014/1280 | Difference: 0.9883792136178395
Epoch: 15 | Batch: 800 | CrossEntropy-loss: 0.56644 | Correct: 1020/1280 | Difference: 1.0382100368743516
Epoch: 15 | Batch: 900 | CrossEntropy-loss: 0.55247 | Correct: 1031/1280 | Difference: 0.9808447003820546
Epoch: 15 | Batch: 1000 | CrossEntropy-loss: 0.56137 | Correct: 1032/1280 | Difference: 1.032495341893791
Epoch: 15 | Batch: 1100 | CrossEntropy-loss: 0.56843 | Correct: 1023/1280 | Difference: 1.0226927121188725
Epoch: 15 | Batch: 1200 | CrossEntropy-loss: 0.56370 | Correct: 1014/1280 | Difference: 1.0346281160545905
Epoch: 15 | Batch: 1300 | CrossEntropy-loss: 0.56514 | Correct: 1023/1280 | Difference: 1.0147392140226845
Epoch: 15 | Batch: 1400 | CrossEntropy-loss: 0.53082 | Correct: 1047/1280 | Difference: 1.0558516692237199
Epoch: 15 | Batch: 1500 | CrossEntropy-loss: 0.58813 | Correct: 1007/1280 | Difference: 1.001876051017076

Epoch: 15 | Testing Accuracy: 404415/504607 (80.145%) | Historical Best: 80.145% 

Epoch: 16 | Batch: 000 | CrossEntropy-loss: 0.58144 | Correct: 1013/1280 | Difference: 1.0456034554162716
Epoch: 16 | Batch: 100 | CrossEntropy-loss: 0.54557 | Correct: 1041/1280 | Difference: 1.0069411534731165
Epoch: 16 | Batch: 200 | CrossEntropy-loss: 0.57913 | Correct: 1024/1280 | Difference: 1.0342101821012755
Epoch: 16 | Batch: 300 | CrossEntropy-loss: 0.56715 | Correct: 1030/1280 | Difference: 1.009461131774172
Epoch: 16 | Batch: 400 | CrossEntropy-loss: 0.56854 | Correct: 1026/1280 | Difference: 1.0047822325011815
Epoch: 16 | Batch: 500 | CrossEntropy-loss: 0.58189 | Correct: 1026/1280 | Difference: 1.0017234546856122
Epoch: 16 | Batch: 600 | CrossEntropy-loss: 0.55509 | Correct: 1033/1280 | Difference: 1.0263756431928974
Epoch: 16 | Batch: 700 | CrossEntropy-loss: 0.58507 | Correct: 1027/1280 | Difference: 0.9922708999718379
Epoch: 16 | Batch: 800 | CrossEntropy-loss: 0.59858 | Correct: 1010/1280 | Difference: 1.056747541732402
Epoch: 16 | Batch: 900 | CrossEntropy-loss: 0.54697 | Correct: 1032/1280 | Difference: 1.0011170610559892
Epoch: 16 | Batch: 1000 | CrossEntropy-loss: 0.54630 | Correct: 1042/1280 | Difference: 1.0172007117713608
Epoch: 16 | Batch: 1100 | CrossEntropy-loss: 0.54236 | Correct: 1038/1280 | Difference: 0.9506345511693816
Epoch: 16 | Batch: 1200 | CrossEntropy-loss: 0.56936 | Correct: 1036/1280 | Difference: 1.0064950583932983
Epoch: 16 | Batch: 1300 | CrossEntropy-loss: 0.53512 | Correct: 1055/1280 | Difference: 0.9544347220517054
Epoch: 16 | Batch: 1400 | CrossEntropy-loss: 0.54793 | Correct: 1038/1280 | Difference: 0.9576624894783037
Epoch: 16 | Batch: 1500 | CrossEntropy-loss: 0.58198 | Correct: 1026/1280 | Difference: 0.9648293038323158

Epoch: 16 | Testing Accuracy: 405033/504607 (80.267%) | Historical Best: 80.267% 

Epoch: 17 | Batch: 000 | CrossEntropy-loss: 0.57702 | Correct: 1029/1280 | Difference: 1.0085646737495424
Epoch: 17 | Batch: 100 | CrossEntropy-loss: 0.53170 | Correct: 1050/1280 | Difference: 0.9477994610027013
Epoch: 17 | Batch: 200 | CrossEntropy-loss: 0.56936 | Correct: 1036/1280 | Difference: 0.9996432479927121
Epoch: 17 | Batch: 300 | CrossEntropy-loss: 0.53019 | Correct: 1054/1280 | Difference: 0.9621217726893654
Epoch: 17 | Batch: 400 | CrossEntropy-loss: 0.59174 | Correct: 1007/1280 | Difference: 0.9584532222685762
Epoch: 17 | Batch: 500 | CrossEntropy-loss: 0.58968 | Correct: 1015/1280 | Difference: 0.9755784862908986
Epoch: 17 | Batch: 600 | CrossEntropy-loss: 0.54250 | Correct: 1048/1280 | Difference: 0.9538460900521585
Epoch: 17 | Batch: 700 | CrossEntropy-loss: 0.56054 | Correct: 1030/1280 | Difference: 0.9694603227930888
Epoch: 17 | Batch: 800 | CrossEntropy-loss: 0.53625 | Correct: 1065/1280 | Difference: 1.0161431067589068
Epoch: 17 | Batch: 900 | CrossEntropy-loss: 0.53864 | Correct: 1051/1280 | Difference: 0.9986821254769417
Epoch: 17 | Batch: 1000 | CrossEntropy-loss: 0.59063 | Correct: 1008/1280 | Difference: 0.9612160925999449
Epoch: 17 | Batch: 1100 | CrossEntropy-loss: 0.53990 | Correct: 1051/1280 | Difference: 1.0165754123667468
Epoch: 17 | Batch: 1200 | CrossEntropy-loss: 0.55963 | Correct: 1045/1280 | Difference: 0.970496796535553
Epoch: 17 | Batch: 1300 | CrossEntropy-loss: 0.55760 | Correct: 1024/1280 | Difference: 0.9903029514303463
Epoch: 17 | Batch: 1400 | CrossEntropy-loss: 0.56495 | Correct: 1033/1280 | Difference: 0.9631978102934944
Epoch: 17 | Batch: 1500 | CrossEntropy-loss: 0.56417 | Correct: 1038/1280 | Difference: 0.9823402028952972

Epoch: 17 | Testing Accuracy: 404530/504607 (80.167%) | Historical Best: 80.267% 

Epoch: 18 | Batch: 000 | CrossEntropy-loss: 0.57646 | Correct: 1018/1280 | Difference: 0.9902525059503742
Epoch: 18 | Batch: 100 | CrossEntropy-loss: 0.57782 | Correct: 1017/1280 | Difference: 0.9762439732852428
Epoch: 18 | Batch: 200 | CrossEntropy-loss: 0.56963 | Correct: 1019/1280 | Difference: 0.9707046886835129
Epoch: 18 | Batch: 300 | CrossEntropy-loss: 0.57581 | Correct: 1017/1280 | Difference: 1.0201972665810264
Epoch: 18 | Batch: 400 | CrossEntropy-loss: 0.58304 | Correct: 1030/1280 | Difference: 1.014812625478755
Epoch: 18 | Batch: 500 | CrossEntropy-loss: 0.55166 | Correct: 1039/1280 | Difference: 1.0158897123816095
Epoch: 18 | Batch: 600 | CrossEntropy-loss: 0.55191 | Correct: 1037/1280 | Difference: 1.0045251509733524
Epoch: 18 | Batch: 700 | CrossEntropy-loss: 0.54472 | Correct: 1042/1280 | Difference: 1.005975295842406
Epoch: 18 | Batch: 800 | CrossEntropy-loss: 0.53880 | Correct: 1052/1280 | Difference: 0.967399086209908
Epoch: 18 | Batch: 900 | CrossEntropy-loss: 0.56675 | Correct: 1029/1280 | Difference: 0.9507648038096825
Epoch: 18 | Batch: 1000 | CrossEntropy-loss: 0.56908 | Correct: 1019/1280 | Difference: 0.9948763704835971
Epoch: 18 | Batch: 1100 | CrossEntropy-loss: 0.55807 | Correct: 1031/1280 | Difference: 1.0123785655808573
Epoch: 18 | Batch: 1200 | CrossEntropy-loss: 0.56759 | Correct: 1035/1280 | Difference: 1.0049965319994763
Epoch: 18 | Batch: 1300 | CrossEntropy-loss: 0.56697 | Correct: 1034/1280 | Difference: 0.9677059228645757
Epoch: 18 | Batch: 1400 | CrossEntropy-loss: 0.55615 | Correct: 1046/1280 | Difference: 0.9840750890204366
Epoch: 18 | Batch: 1500 | CrossEntropy-loss: 0.57042 | Correct: 1025/1280 | Difference: 1.0023935264225803

Epoch: 18 | Testing Accuracy: 404553/504607 (80.172%) | Historical Best: 80.267% 

Epoch: 19 | Batch: 000 | CrossEntropy-loss: 0.59384 | Correct: 1001/1280 | Difference: 0.9991171020225258
Epoch: 19 | Batch: 100 | CrossEntropy-loss: 0.55898 | Correct: 1027/1280 | Difference: 0.9896046585155783
Epoch: 19 | Batch: 200 | CrossEntropy-loss: 0.58462 | Correct: 1008/1280 | Difference: 0.9562142578280091
Epoch: 19 | Batch: 300 | CrossEntropy-loss: 0.54919 | Correct: 1036/1280 | Difference: 1.0201840306500387
Epoch: 19 | Batch: 400 | CrossEntropy-loss: 0.54044 | Correct: 1049/1280 | Difference: 0.9432940773171581
Epoch: 19 | Batch: 500 | CrossEntropy-loss: 0.57744 | Correct: 1016/1280 | Difference: 0.9795258063240968
Epoch: 19 | Batch: 600 | CrossEntropy-loss: 0.60035 | Correct: 1010/1280 | Difference: 1.0140651176577824
Epoch: 19 | Batch: 700 | CrossEntropy-loss: 0.55173 | Correct: 1037/1280 | Difference: 1.0008563018075707
Epoch: 19 | Batch: 800 | CrossEntropy-loss: 0.57637 | Correct: 1020/1280 | Difference: 1.020356095013683
Epoch: 19 | Batch: 900 | CrossEntropy-loss: 0.54729 | Correct: 1045/1280 | Difference: 1.00965858102091
Epoch: 19 | Batch: 1000 | CrossEntropy-loss: 0.55674 | Correct: 1047/1280 | Difference: 1.0365392226171652
Epoch: 19 | Batch: 1100 | CrossEntropy-loss: 0.56937 | Correct: 1036/1280 | Difference: 0.9873166020952918
Epoch: 19 | Batch: 1200 | CrossEntropy-loss: 0.53333 | Correct: 1050/1280 | Difference: 1.023497792571786
Epoch: 19 | Batch: 1300 | CrossEntropy-loss: 0.58434 | Correct: 1014/1280 | Difference: 1.036527437368366
Epoch: 19 | Batch: 1400 | CrossEntropy-loss: 0.58345 | Correct: 1017/1280 | Difference: 0.9464376841996511
Epoch: 19 | Batch: 1500 | CrossEntropy-loss: 0.58612 | Correct: 1024/1280 | Difference: 1.0171008791112826

Epoch: 19 | Testing Accuracy: 404876/504607 (80.236%) | Historical Best: 80.267% 

Epoch: 20 | Batch: 000 | CrossEntropy-loss: 0.58597 | Correct: 1028/1280 | Difference: 0.9680594366902654
Epoch: 20 | Batch: 100 | CrossEntropy-loss: 0.56157 | Correct: 1016/1280 | Difference: 1.0343920388233543
Epoch: 20 | Batch: 200 | CrossEntropy-loss: 0.54387 | Correct: 1025/1280 | Difference: 1.0411741406439652
Epoch: 20 | Batch: 300 | CrossEntropy-loss: 0.51370 | Correct: 1036/1280 | Difference: 1.0263345384793459
Epoch: 20 | Batch: 400 | CrossEntropy-loss: 0.49856 | Correct: 1047/1280 | Difference: 1.0152368444588218
Epoch: 20 | Batch: 500 | CrossEntropy-loss: 0.54043 | Correct: 1023/1280 | Difference: 0.9862755531520798
Epoch: 20 | Batch: 600 | CrossEntropy-loss: 0.48725 | Correct: 1052/1280 | Difference: 1.0394784009308096
Epoch: 20 | Batch: 700 | CrossEntropy-loss: 0.49854 | Correct: 1044/1280 | Difference: 0.9802355999002766
Epoch: 20 | Batch: 800 | CrossEntropy-loss: 0.51020 | Correct: 1043/1280 | Difference: 1.024511423461591
Epoch: 20 | Batch: 900 | CrossEntropy-loss: 0.50393 | Correct: 1050/1280 | Difference: 1.031043824335698
Epoch: 20 | Batch: 1000 | CrossEntropy-loss: 0.52841 | Correct: 1032/1280 | Difference: 1.0281010883468278
Epoch: 20 | Batch: 1100 | CrossEntropy-loss: 0.49962 | Correct: 1054/1280 | Difference: 1.0169784610723118
Epoch: 20 | Batch: 1200 | CrossEntropy-loss: 0.50745 | Correct: 1032/1280 | Difference: 1.0095635616219687
Epoch: 20 | Batch: 1300 | CrossEntropy-loss: 0.52141 | Correct: 1027/1280 | Difference: 1.0245319161976454
Epoch: 20 | Batch: 1400 | CrossEntropy-loss: 0.49140 | Correct: 1045/1280 | Difference: 0.9884071425366627
Epoch: 20 | Batch: 1500 | CrossEntropy-loss: 0.51210 | Correct: 1035/1280 | Difference: 0.9963001495424832

Epoch: 20 | Testing Accuracy: 411061/504607 (81.462%) | Historical Best: 81.462% 

Epoch: 21 | Batch: 000 | CrossEntropy-loss: 0.50727 | Correct: 1039/1280 | Difference: 1.0648038707458414
Epoch: 21 | Batch: 100 | CrossEntropy-loss: 0.47825 | Correct: 1070/1280 | Difference: 0.9872453592145878
Epoch: 21 | Batch: 200 | CrossEntropy-loss: 0.50731 | Correct: 1040/1280 | Difference: 1.0104049900248095
Epoch: 21 | Batch: 300 | CrossEntropy-loss: 0.51659 | Correct: 1030/1280 | Difference: 0.9984970749558084
Epoch: 21 | Batch: 400 | CrossEntropy-loss: 0.49833 | Correct: 1058/1280 | Difference: 1.0623627348422584
Epoch: 21 | Batch: 500 | CrossEntropy-loss: 0.48718 | Correct: 1059/1280 | Difference: 1.041505690424623
Epoch: 21 | Batch: 600 | CrossEntropy-loss: 0.52986 | Correct: 1024/1280 | Difference: 0.9845000135293055
Epoch: 21 | Batch: 700 | CrossEntropy-loss: 0.48604 | Correct: 1068/1280 | Difference: 1.010720437248464
Epoch: 21 | Batch: 800 | CrossEntropy-loss: 0.49741 | Correct: 1044/1280 | Difference: 1.0491847381567783
Epoch: 21 | Batch: 900 | CrossEntropy-loss: 0.53426 | Correct: 1018/1280 | Difference: 0.9878606638539866
Epoch: 21 | Batch: 1000 | CrossEntropy-loss: 0.50739 | Correct: 1038/1280 | Difference: 1.0176384116014623
Epoch: 21 | Batch: 1100 | CrossEntropy-loss: 0.47834 | Correct: 1058/1280 | Difference: 0.9942755509793527
Epoch: 21 | Batch: 1200 | CrossEntropy-loss: 0.50690 | Correct: 1048/1280 | Difference: 1.020391872316217
Epoch: 21 | Batch: 1300 | CrossEntropy-loss: 0.49537 | Correct: 1036/1280 | Difference: 0.9834109734834551
Epoch: 21 | Batch: 1400 | CrossEntropy-loss: 0.46621 | Correct: 1083/1280 | Difference: 1.0355134716855645
Epoch: 21 | Batch: 1500 | CrossEntropy-loss: 0.49112 | Correct: 1060/1280 | Difference: 1.0200709049570458

Epoch: 21 | Testing Accuracy: 413178/504607 (81.881%) | Historical Best: 81.881% 

Epoch: 22 | Batch: 000 | CrossEntropy-loss: 0.50316 | Correct: 1057/1280 | Difference: 1.030309507289439
Epoch: 22 | Batch: 100 | CrossEntropy-loss: 0.48805 | Correct: 1048/1280 | Difference: 1.040137726243712
Epoch: 22 | Batch: 200 | CrossEntropy-loss: 0.46548 | Correct: 1074/1280 | Difference: 1.0191045200903974
Epoch: 22 | Batch: 300 | CrossEntropy-loss: 0.49225 | Correct: 1063/1280 | Difference: 1.02041659211603
Epoch: 22 | Batch: 400 | CrossEntropy-loss: 0.51731 | Correct: 1050/1280 | Difference: 1.0141821824342834
Epoch: 22 | Batch: 500 | CrossEntropy-loss: 0.47811 | Correct: 1062/1280 | Difference: 1.008439928661666
Epoch: 22 | Batch: 600 | CrossEntropy-loss: 0.50548 | Correct: 1057/1280 | Difference: 1.0258361521281052
Epoch: 22 | Batch: 700 | CrossEntropy-loss: 0.50826 | Correct: 1037/1280 | Difference: 0.989503187700862
Epoch: 22 | Batch: 800 | CrossEntropy-loss: 0.48835 | Correct: 1042/1280 | Difference: 0.9566215513057209
Epoch: 22 | Batch: 900 | CrossEntropy-loss: 0.48343 | Correct: 1057/1280 | Difference: 0.9818080516075346
Epoch: 22 | Batch: 1000 | CrossEntropy-loss: 0.52242 | Correct: 1025/1280 | Difference: 0.9940549857958655
Epoch: 22 | Batch: 1100 | CrossEntropy-loss: 0.50268 | Correct: 1059/1280 | Difference: 0.9638846771642474
Epoch: 22 | Batch: 1200 | CrossEntropy-loss: 0.46351 | Correct: 1069/1280 | Difference: 1.0050085005470362
Epoch: 22 | Batch: 1300 | CrossEntropy-loss: 0.50422 | Correct: 1046/1280 | Difference: 1.0410392137929474
Epoch: 22 | Batch: 1400 | CrossEntropy-loss: 0.49587 | Correct: 1060/1280 | Difference: 0.9891954352581297
Epoch: 22 | Batch: 1500 | CrossEntropy-loss: 0.51146 | Correct: 1040/1280 | Difference: 1.0025221381392027

Epoch: 22 | Testing Accuracy: 415773/504607 (82.395%) | Historical Best: 82.395% 

Epoch: 23 | Batch: 000 | CrossEntropy-loss: 0.48263 | Correct: 1069/1280 | Difference: 0.9843435854145038
Epoch: 23 | Batch: 100 | CrossEntropy-loss: 0.47873 | Correct: 1076/1280 | Difference: 0.9534848597881797
Epoch: 23 | Batch: 200 | CrossEntropy-loss: 0.50862 | Correct: 1042/1280 | Difference: 0.9493922471566268
Epoch: 23 | Batch: 300 | CrossEntropy-loss: 0.49671 | Correct: 1055/1280 | Difference: 0.991736118545971
Epoch: 23 | Batch: 400 | CrossEntropy-loss: 0.49560 | Correct: 1050/1280 | Difference: 1.0066007838014954
Epoch: 23 | Batch: 500 | CrossEntropy-loss: 0.48416 | Correct: 1067/1280 | Difference: 0.9923169955612196
Epoch: 23 | Batch: 600 | CrossEntropy-loss: 0.51372 | Correct: 1031/1280 | Difference: 1.011519583239286
Epoch: 23 | Batch: 700 | CrossEntropy-loss: 0.50861 | Correct: 1050/1280 | Difference: 1.0233169811667848
Epoch: 23 | Batch: 800 | CrossEntropy-loss: 0.46573 | Correct: 1074/1280 | Difference: 0.9800396157604341
Epoch: 23 | Batch: 900 | CrossEntropy-loss: 0.49977 | Correct: 1058/1280 | Difference: 1.0014267802986538
Epoch: 23 | Batch: 1000 | CrossEntropy-loss: 0.51832 | Correct: 1025/1280 | Difference: 0.9745976366845447
Epoch: 23 | Batch: 1100 | CrossEntropy-loss: 0.46460 | Correct: 1090/1280 | Difference: 1.0054985898433926
Epoch: 23 | Batch: 1200 | CrossEntropy-loss: 0.47097 | Correct: 1073/1280 | Difference: 0.9689096357983852
Epoch: 23 | Batch: 1300 | CrossEntropy-loss: 0.49742 | Correct: 1053/1280 | Difference: 1.0141056786543863
Epoch: 23 | Batch: 1400 | CrossEntropy-loss: 0.47557 | Correct: 1063/1280 | Difference: 1.0157250416097416
Epoch: 23 | Batch: 1500 | CrossEntropy-loss: 0.49780 | Correct: 1061/1280 | Difference: 0.9650337962786778

Epoch: 23 | Testing Accuracy: 418045/504607 (82.846%) | Historical Best: 82.846% 

Epoch: 24 | Batch: 000 | CrossEntropy-loss: 0.46752 | Correct: 1077/1280 | Difference: 0.9990014697646703
Epoch: 24 | Batch: 100 | CrossEntropy-loss: 0.51230 | Correct: 1036/1280 | Difference: 0.9704584114947358
Epoch: 24 | Batch: 200 | CrossEntropy-loss: 0.49793 | Correct: 1064/1280 | Difference: 0.997196493596595
Epoch: 24 | Batch: 300 | CrossEntropy-loss: 0.51026 | Correct: 1056/1280 | Difference: 1.0258881910911712
Epoch: 24 | Batch: 400 | CrossEntropy-loss: 0.49855 | Correct: 1049/1280 | Difference: 0.9976767468713126
Epoch: 24 | Batch: 500 | CrossEntropy-loss: 0.50177 | Correct: 1063/1280 | Difference: 1.0078105430651685
Epoch: 24 | Batch: 600 | CrossEntropy-loss: 0.46809 | Correct: 1073/1280 | Difference: 0.9974005076024958
Epoch: 24 | Batch: 700 | CrossEntropy-loss: 0.48858 | Correct: 1058/1280 | Difference: 1.02171155374367
Epoch: 24 | Batch: 800 | CrossEntropy-loss: 0.46583 | Correct: 1081/1280 | Difference: 1.0211119210204505
Epoch: 24 | Batch: 900 | CrossEntropy-loss: 0.47530 | Correct: 1087/1280 | Difference: 1.0035417945139113
Epoch: 24 | Batch: 1000 | CrossEntropy-loss: 0.47131 | Correct: 1080/1280 | Difference: 0.9899495500526141
Epoch: 24 | Batch: 1100 | CrossEntropy-loss: 0.50070 | Correct: 1051/1280 | Difference: 0.9717683789336973
Epoch: 24 | Batch: 1200 | CrossEntropy-loss: 0.49186 | Correct: 1071/1280 | Difference: 0.9907921718768155
Epoch: 24 | Batch: 1300 | CrossEntropy-loss: 0.46109 | Correct: 1100/1280 | Difference: 1.0079854428380108
Epoch: 24 | Batch: 1400 | CrossEntropy-loss: 0.47629 | Correct: 1071/1280 | Difference: 0.9700835296302396
Epoch: 24 | Batch: 1500 | CrossEntropy-loss: 0.46797 | Correct: 1084/1280 | Difference: 0.9972037441341166

Epoch: 24 | Testing Accuracy: 421317/504607 (83.494%) | Historical Best: 83.494% 

Epoch: 25 | Batch: 000 | CrossEntropy-loss: 0.47925 | Correct: 1072/1280 | Difference: 1.0375549334957967
Epoch: 25 | Batch: 100 | CrossEntropy-loss: 0.45249 | Correct: 1084/1280 | Difference: 1.040218810749535
Epoch: 25 | Batch: 200 | CrossEntropy-loss: 0.42605 | Correct: 1112/1280 | Difference: 0.9247278217444633
Epoch: 25 | Batch: 300 | CrossEntropy-loss: 0.41770 | Correct: 1118/1280 | Difference: 0.9860700614048478
Epoch: 25 | Batch: 400 | CrossEntropy-loss: 0.44142 | Correct: 1108/1280 | Difference: 0.9744630874616661
Epoch: 25 | Batch: 500 | CrossEntropy-loss: 0.40900 | Correct: 1119/1280 | Difference: 0.8942331303128273
Epoch: 25 | Batch: 600 | CrossEntropy-loss: 0.43588 | Correct: 1117/1280 | Difference: 0.9132826937410433
Epoch: 25 | Batch: 700 | CrossEntropy-loss: 0.45403 | Correct: 1112/1280 | Difference: 0.897455609532251
Epoch: 25 | Batch: 800 | CrossEntropy-loss: 0.42853 | Correct: 1114/1280 | Difference: 0.9329101325809872
Epoch: 25 | Batch: 900 | CrossEntropy-loss: 0.45438 | Correct: 1102/1280 | Difference: 0.9192166554168901
Epoch: 25 | Batch: 1000 | CrossEntropy-loss: 0.40330 | Correct: 1131/1280 | Difference: 0.9337961141947762
Epoch: 25 | Batch: 1100 | CrossEntropy-loss: 0.43603 | Correct: 1124/1280 | Difference: 0.9478199769859403
Epoch: 25 | Batch: 1200 | CrossEntropy-loss: 0.45591 | Correct: 1117/1280 | Difference: 0.9256160015678571
Epoch: 25 | Batch: 1300 | CrossEntropy-loss: 0.41501 | Correct: 1139/1280 | Difference: 0.91240241462426
Epoch: 25 | Batch: 1400 | CrossEntropy-loss: 0.40802 | Correct: 1118/1280 | Difference: 0.9112699377667339
Epoch: 25 | Batch: 1500 | CrossEntropy-loss: 0.41683 | Correct: 1135/1280 | Difference: 0.9209441975134791

Epoch: 25 | Testing Accuracy: 443594/504607 (87.909%) | Historical Best: 87.909% 

Epoch: 26 | Batch: 000 | CrossEntropy-loss: 0.43148 | Correct: 1123/1280 | Difference: 0.9484873234632545
Epoch: 26 | Batch: 100 | CrossEntropy-loss: 0.44774 | Correct: 1116/1280 | Difference: 0.9402270851135645
Epoch: 26 | Batch: 200 | CrossEntropy-loss: 0.40279 | Correct: 1138/1280 | Difference: 0.9342970414195096
Epoch: 26 | Batch: 300 | CrossEntropy-loss: 0.44119 | Correct: 1119/1280 | Difference: 0.9267463836056262
Epoch: 26 | Batch: 400 | CrossEntropy-loss: 0.41179 | Correct: 1133/1280 | Difference: 0.9158673940762402
Epoch: 26 | Batch: 500 | CrossEntropy-loss: 0.41929 | Correct: 1140/1280 | Difference: 0.9282774875008389
Epoch: 26 | Batch: 600 | CrossEntropy-loss: 0.42277 | Correct: 1121/1280 | Difference: 0.9170475401988933
Epoch: 26 | Batch: 700 | CrossEntropy-loss: 0.42633 | Correct: 1121/1280 | Difference: 0.9114130798573317
Epoch: 26 | Batch: 800 | CrossEntropy-loss: 0.43399 | Correct: 1119/1280 | Difference: 0.8841144779957102
Epoch: 26 | Batch: 900 | CrossEntropy-loss: 0.43437 | Correct: 1124/1280 | Difference: 0.9031995902678785
Epoch: 26 | Batch: 1000 | CrossEntropy-loss: 0.41737 | Correct: 1133/1280 | Difference: 0.9176131437051142
Epoch: 26 | Batch: 1100 | CrossEntropy-loss: 0.42645 | Correct: 1126/1280 | Difference: 0.9234745134336627
Epoch: 26 | Batch: 1200 | CrossEntropy-loss: 0.41830 | Correct: 1146/1280 | Difference: 0.945938635288031
Epoch: 26 | Batch: 1300 | CrossEntropy-loss: 0.42824 | Correct: 1117/1280 | Difference: 0.9500350535316415
Epoch: 26 | Batch: 1400 | CrossEntropy-loss: 0.44064 | Correct: 1114/1280 | Difference: 0.9408480514569139
Epoch: 26 | Batch: 1500 | CrossEntropy-loss: 0.43041 | Correct: 1131/1280 | Difference: 0.9195274715249808

Epoch: 26 | Testing Accuracy: 444662/504607 (88.120%) | Historical Best: 88.120% 

Epoch: 27 | Batch: 000 | CrossEntropy-loss: 0.42785 | Correct: 1122/1280 | Difference: 0.883278892202409
Epoch: 27 | Batch: 100 | CrossEntropy-loss: 0.41850 | Correct: 1127/1280 | Difference: 0.9169757988970981
Epoch: 27 | Batch: 200 | CrossEntropy-loss: 0.43904 | Correct: 1123/1280 | Difference: 0.9395737959508845
Epoch: 27 | Batch: 300 | CrossEntropy-loss: 0.43387 | Correct: 1124/1280 | Difference: 0.9361751647851512
Epoch: 27 | Batch: 400 | CrossEntropy-loss: 0.42361 | Correct: 1129/1280 | Difference: 0.9596495370096859
Epoch: 27 | Batch: 500 | CrossEntropy-loss: 0.46577 | Correct: 1118/1280 | Difference: 0.9149693091153273
Epoch: 27 | Batch: 600 | CrossEntropy-loss: 0.43190 | Correct: 1128/1280 | Difference: 0.9518888840925337
Epoch: 27 | Batch: 700 | CrossEntropy-loss: 0.40952 | Correct: 1133/1280 | Difference: 0.8990565246486566
Epoch: 27 | Batch: 800 | CrossEntropy-loss: 0.43718 | Correct: 1112/1280 | Difference: 0.9354490312919203
Epoch: 27 | Batch: 900 | CrossEntropy-loss: 0.42839 | Correct: 1129/1280 | Difference: 0.8983707082334896
Epoch: 27 | Batch: 1000 | CrossEntropy-loss: 0.43185 | Correct: 1127/1280 | Difference: 0.9065877777126486
Epoch: 27 | Batch: 1100 | CrossEntropy-loss: 0.45090 | Correct: 1119/1280 | Difference: 0.8989212931905844
Epoch: 27 | Batch: 1200 | CrossEntropy-loss: 0.43131 | Correct: 1117/1280 | Difference: 0.9452652923720445
Epoch: 27 | Batch: 1300 | CrossEntropy-loss: 0.41788 | Correct: 1130/1280 | Difference: 0.9291376679490256
Epoch: 27 | Batch: 1400 | CrossEntropy-loss: 0.43544 | Correct: 1142/1280 | Difference: 0.9296600822971518
Epoch: 27 | Batch: 1500 | CrossEntropy-loss: 0.43756 | Correct: 1129/1280 | Difference: 0.9659135337967465

Epoch: 27 | Testing Accuracy: 444222/504607 (88.033%) | Historical Best: 88.120% 

Epoch: 28 | Batch: 000 | CrossEntropy-loss: 0.44792 | Correct: 1117/1280 | Difference: 0.9414654685678188
Epoch: 28 | Batch: 100 | CrossEntropy-loss: 0.42849 | Correct: 1126/1280 | Difference: 0.9645626049028057
Epoch: 28 | Batch: 200 | CrossEntropy-loss: 0.41734 | Correct: 1123/1280 | Difference: 0.9447640454485227
Epoch: 28 | Batch: 300 | CrossEntropy-loss: 0.44152 | Correct: 1127/1280 | Difference: 0.9555549894254285
Epoch: 28 | Batch: 400 | CrossEntropy-loss: 0.41699 | Correct: 1149/1280 | Difference: 0.9137616102591279
Epoch: 28 | Batch: 500 | CrossEntropy-loss: 0.44325 | Correct: 1118/1280 | Difference: 0.9024189139039083
Epoch: 28 | Batch: 600 | CrossEntropy-loss: 0.38741 | Correct: 1162/1280 | Difference: 0.9461030893874877
Epoch: 28 | Batch: 700 | CrossEntropy-loss: 0.38694 | Correct: 1154/1280 | Difference: 0.88271928231858
Epoch: 28 | Batch: 800 | CrossEntropy-loss: 0.39764 | Correct: 1156/1280 | Difference: 0.923278238385562
Epoch: 28 | Batch: 900 | CrossEntropy-loss: 0.44286 | Correct: 1131/1280 | Difference: 0.9364182014804716
Epoch: 28 | Batch: 1000 | CrossEntropy-loss: 0.44200 | Correct: 1129/1280 | Difference: 0.8742534267104133
Epoch: 28 | Batch: 1100 | CrossEntropy-loss: 0.43954 | Correct: 1121/1280 | Difference: 0.9385389984105088
Epoch: 28 | Batch: 1200 | CrossEntropy-loss: 0.42412 | Correct: 1132/1280 | Difference: 0.9464262509099041
Epoch: 28 | Batch: 1300 | CrossEntropy-loss: 0.44124 | Correct: 1121/1280 | Difference: 0.9384347038390549
Epoch: 28 | Batch: 1400 | CrossEntropy-loss: 0.43591 | Correct: 1125/1280 | Difference: 0.9104722710593857
Epoch: 28 | Batch: 1500 | CrossEntropy-loss: 0.41334 | Correct: 1143/1280 | Difference: 0.9210215566489737

Epoch: 28 | Testing Accuracy: 446249/504607 (88.435%) | Historical Best: 88.435% 

Epoch: 29 | Batch: 000 | CrossEntropy-loss: 0.45799 | Correct: 1104/1280 | Difference: 0.9334505249887555
Epoch: 29 | Batch: 100 | CrossEntropy-loss: 0.41020 | Correct: 1137/1280 | Difference: 0.9068316736120844
Epoch: 29 | Batch: 200 | CrossEntropy-loss: 0.46438 | Correct: 1110/1280 | Difference: 0.902364431542262
Epoch: 29 | Batch: 300 | CrossEntropy-loss: 0.41269 | Correct: 1135/1280 | Difference: 0.9334244358369993
Epoch: 29 | Batch: 400 | CrossEntropy-loss: 0.42737 | Correct: 1121/1280 | Difference: 0.9203409063342204
Epoch: 29 | Batch: 500 | CrossEntropy-loss: 0.44076 | Correct: 1120/1280 | Difference: 0.919822023781038
Epoch: 29 | Batch: 600 | CrossEntropy-loss: 0.41448 | Correct: 1146/1280 | Difference: 0.9520800356029684
Epoch: 29 | Batch: 700 | CrossEntropy-loss: 0.41309 | Correct: 1149/1280 | Difference: 0.9093051199692218
Epoch: 29 | Batch: 800 | CrossEntropy-loss: 0.43850 | Correct: 1130/1280 | Difference: 0.893130189010769
Epoch: 29 | Batch: 900 | CrossEntropy-loss: 0.45844 | Correct: 1109/1280 | Difference: 0.901601623228963
Epoch: 29 | Batch: 1000 | CrossEntropy-loss: 0.39335 | Correct: 1153/1280 | Difference: 0.9601089812637705
Epoch: 29 | Batch: 1100 | CrossEntropy-loss: 0.43253 | Correct: 1120/1280 | Difference: 0.8633763684463174
Epoch: 29 | Batch: 1200 | CrossEntropy-loss: 0.40791 | Correct: 1151/1280 | Difference: 0.914212223117757
Epoch: 29 | Batch: 1300 | CrossEntropy-loss: 0.41399 | Correct: 1130/1280 | Difference: 0.9259485899824116
Epoch: 29 | Batch: 1400 | CrossEntropy-loss: 0.39876 | Correct: 1154/1280 | Difference: 0.9399398673223912
Epoch: 29 | Batch: 1500 | CrossEntropy-loss: 0.40584 | Correct: 1138/1280 | Difference: 0.9373668493985886

Epoch: 29 | Testing Accuracy: 446499/504607 (88.485%) | Historical Best: 88.485% 

Epoch: 30 | Batch: 000 | CrossEntropy-loss: 0.38505 | Correct: 1140/1280 | Difference: 0.9228299955631902
Epoch: 30 | Batch: 100 | CrossEntropy-loss: 0.38651 | Correct: 1153/1280 | Difference: 0.8515295199437799
Epoch: 30 | Batch: 200 | CrossEntropy-loss: 0.36603 | Correct: 1160/1280 | Difference: 0.8726415552210409
Epoch: 30 | Batch: 300 | CrossEntropy-loss: 0.37974 | Correct: 1151/1280 | Difference: 0.8728431633113971
Epoch: 30 | Batch: 400 | CrossEntropy-loss: 0.35357 | Correct: 1171/1280 | Difference: 0.8807851378855197
Epoch: 30 | Batch: 500 | CrossEntropy-loss: 0.39798 | Correct: 1152/1280 | Difference: 0.8578334823286426
Epoch: 30 | Batch: 600 | CrossEntropy-loss: 0.34915 | Correct: 1175/1280 | Difference: 0.8895134749312985
Epoch: 30 | Batch: 700 | CrossEntropy-loss: 0.36265 | Correct: 1171/1280 | Difference: 0.8868600294889474
Epoch: 30 | Batch: 800 | CrossEntropy-loss: 0.35471 | Correct: 1168/1280 | Difference: 0.9016271391341624
Epoch: 30 | Batch: 900 | CrossEntropy-loss: 0.38178 | Correct: 1157/1280 | Difference: 0.8613436205166237
Epoch: 30 | Batch: 1000 | CrossEntropy-loss: 0.38015 | Correct: 1171/1280 | Difference: 0.8504406080130406
Epoch: 30 | Batch: 1100 | CrossEntropy-loss: 0.35231 | Correct: 1176/1280 | Difference: 0.8841019730583803
Epoch: 30 | Batch: 1200 | CrossEntropy-loss: 0.37090 | Correct: 1170/1280 | Difference: 0.8710048959337392
Epoch: 30 | Batch: 1300 | CrossEntropy-loss: 0.40568 | Correct: 1147/1280 | Difference: 0.8535662845732789
Epoch: 30 | Batch: 1400 | CrossEntropy-loss: 0.38224 | Correct: 1156/1280 | Difference: 0.8732822906246638
Epoch: 30 | Batch: 1500 | CrossEntropy-loss: 0.37062 | Correct: 1167/1280 | Difference: 0.8641421400110396

Epoch: 30 | Testing Accuracy: 456416/504607 (90.450%) | Historical Best: 90.450% 

Epoch: 31 | Batch: 000 | CrossEntropy-loss: 0.38524 | Correct: 1167/1280 | Difference: 0.8896798656209954
Epoch: 31 | Batch: 100 | CrossEntropy-loss: 0.36423 | Correct: 1173/1280 | Difference: 0.8688940542760261
Epoch: 31 | Batch: 200 | CrossEntropy-loss: 0.37659 | Correct: 1170/1280 | Difference: 0.8807613435012701
Epoch: 31 | Batch: 300 | CrossEntropy-loss: 0.39124 | Correct: 1147/1280 | Difference: 0.8809212579474338
Epoch: 31 | Batch: 400 | CrossEntropy-loss: 0.38592 | Correct: 1160/1280 | Difference: 0.8799707423266794
Epoch: 31 | Batch: 500 | CrossEntropy-loss: 0.39679 | Correct: 1148/1280 | Difference: 0.8869022521811281
Epoch: 31 | Batch: 600 | CrossEntropy-loss: 0.39143 | Correct: 1153/1280 | Difference: 0.8863328115984048
Epoch: 31 | Batch: 700 | CrossEntropy-loss: 0.36572 | Correct: 1170/1280 | Difference: 0.864963556860752
Epoch: 31 | Batch: 800 | CrossEntropy-loss: 0.35959 | Correct: 1165/1280 | Difference: 0.8651546431616225
Epoch: 31 | Batch: 900 | CrossEntropy-loss: 0.35972 | Correct: 1162/1280 | Difference: 0.883355823696432
Epoch: 31 | Batch: 1000 | CrossEntropy-loss: 0.38049 | Correct: 1159/1280 | Difference: 0.8740240236583255
Epoch: 31 | Batch: 1100 | CrossEntropy-loss: 0.38231 | Correct: 1156/1280 | Difference: 0.8662550724271159
Epoch: 31 | Batch: 1200 | CrossEntropy-loss: 0.36377 | Correct: 1173/1280 | Difference: 0.8679142697060825
Epoch: 31 | Batch: 1300 | CrossEntropy-loss: 0.37650 | Correct: 1172/1280 | Difference: 0.8821930316131119
Epoch: 31 | Batch: 1400 | CrossEntropy-loss: 0.36990 | Correct: 1181/1280 | Difference: 0.867901601109888
Epoch: 31 | Batch: 1500 | CrossEntropy-loss: 0.37224 | Correct: 1167/1280 | Difference: 0.8619861891811479

Epoch: 31 | Testing Accuracy: 457314/504607 (90.628%) | Historical Best: 90.628% 

Epoch: 32 | Batch: 000 | CrossEntropy-loss: 0.40352 | Correct: 1145/1280 | Difference: 0.8635887221024964
Epoch: 32 | Batch: 100 | CrossEntropy-loss: 0.36167 | Correct: 1177/1280 | Difference: 0.8594704148463811
Epoch: 32 | Batch: 200 | CrossEntropy-loss: 0.37833 | Correct: 1158/1280 | Difference: 0.8537081720742951
Epoch: 32 | Batch: 300 | CrossEntropy-loss: 0.38520 | Correct: 1156/1280 | Difference: 0.8779144084636001
Epoch: 32 | Batch: 400 | CrossEntropy-loss: 0.37490 | Correct: 1136/1280 | Difference: 0.8940473961550011
Epoch: 32 | Batch: 500 | CrossEntropy-loss: 0.37838 | Correct: 1167/1280 | Difference: 0.8556497068813677
Epoch: 32 | Batch: 600 | CrossEntropy-loss: 0.37251 | Correct: 1160/1280 | Difference: 0.8638995846483926
Epoch: 32 | Batch: 700 | CrossEntropy-loss: 0.38408 | Correct: 1150/1280 | Difference: 0.8741448714344705
Epoch: 32 | Batch: 800 | CrossEntropy-loss: 0.37299 | Correct: 1168/1280 | Difference: 0.8730980259640854
Epoch: 32 | Batch: 900 | CrossEntropy-loss: 0.39097 | Correct: 1147/1280 | Difference: 0.8984925354692734
Epoch: 32 | Batch: 1000 | CrossEntropy-loss: 0.36678 | Correct: 1161/1280 | Difference: 0.865507080492183
Epoch: 32 | Batch: 1100 | CrossEntropy-loss: 0.36522 | Correct: 1152/1280 | Difference: 0.8743052456774946
Epoch: 32 | Batch: 1200 | CrossEntropy-loss: 0.37242 | Correct: 1163/1280 | Difference: 0.912741643784262
Epoch: 32 | Batch: 1300 | CrossEntropy-loss: 0.37547 | Correct: 1155/1280 | Difference: 0.8517812538810843
Epoch: 32 | Batch: 1400 | CrossEntropy-loss: 0.38982 | Correct: 1151/1280 | Difference: 0.8758848084942444
Epoch: 32 | Batch: 1500 | CrossEntropy-loss: 0.34712 | Correct: 1168/1280 | Difference: 0.844616298177648

Epoch: 32 | Testing Accuracy: 457437/504607 (90.652%) | Historical Best: 90.652% 

Epoch: 33 | Batch: 000 | CrossEntropy-loss: 0.36534 | Correct: 1178/1280 | Difference: 0.8881532718404955
Epoch: 33 | Batch: 100 | CrossEntropy-loss: 0.34068 | Correct: 1178/1280 | Difference: 0.8571594724563125
Epoch: 33 | Batch: 200 | CrossEntropy-loss: 0.37269 | Correct: 1164/1280 | Difference: 0.8815078514733047
Epoch: 33 | Batch: 300 | CrossEntropy-loss: 0.36913 | Correct: 1169/1280 | Difference: 0.8827823753346106
Epoch: 33 | Batch: 400 | CrossEntropy-loss: 0.39112 | Correct: 1141/1280 | Difference: 0.8748625500467424
Epoch: 33 | Batch: 500 | CrossEntropy-loss: 0.40281 | Correct: 1149/1280 | Difference: 0.8843701823183253
Epoch: 33 | Batch: 600 | CrossEntropy-loss: 0.37089 | Correct: 1158/1280 | Difference: 0.8808342124014827
Epoch: 33 | Batch: 700 | CrossEntropy-loss: 0.39096 | Correct: 1152/1280 | Difference: 0.8698878974191544
Epoch: 33 | Batch: 800 | CrossEntropy-loss: 0.37644 | Correct: 1163/1280 | Difference: 0.8561271515325914
Epoch: 33 | Batch: 900 | CrossEntropy-loss: 0.39524 | Correct: 1154/1280 | Difference: 0.8670689238388246
Epoch: 33 | Batch: 1000 | CrossEntropy-loss: 0.37092 | Correct: 1167/1280 | Difference: 0.8712673420635221
Epoch: 33 | Batch: 1100 | CrossEntropy-loss: 0.35068 | Correct: 1169/1280 | Difference: 0.856538870064471
Epoch: 33 | Batch: 1200 | CrossEntropy-loss: 0.36895 | Correct: 1171/1280 | Difference: 0.866004564661157
Epoch: 33 | Batch: 1300 | CrossEntropy-loss: 0.36848 | Correct: 1172/1280 | Difference: 0.9198672815446239
Epoch: 33 | Batch: 1400 | CrossEntropy-loss: 0.34945 | Correct: 1172/1280 | Difference: 0.8728276532105231
Epoch: 33 | Batch: 1500 | CrossEntropy-loss: 0.38178 | Correct: 1144/1280 | Difference: 0.8891272780802739

Epoch: 33 | Testing Accuracy: 456310/504607 (90.429%) | Historical Best: 90.652% 

Epoch: 34 | Batch: 000 | CrossEntropy-loss: 0.37901 | Correct: 1160/1280 | Difference: 0.8871155069948838
Epoch: 34 | Batch: 100 | CrossEntropy-loss: 0.35550 | Correct: 1177/1280 | Difference: 0.8697368541269779
Epoch: 34 | Batch: 200 | CrossEntropy-loss: 0.37011 | Correct: 1180/1280 | Difference: 0.87464067162373
Epoch: 34 | Batch: 300 | CrossEntropy-loss: 0.36281 | Correct: 1183/1280 | Difference: 0.888473910573362
Epoch: 34 | Batch: 400 | CrossEntropy-loss: 0.37904 | Correct: 1160/1280 | Difference: 0.8582701263525528
Epoch: 34 | Batch: 500 | CrossEntropy-loss: 0.39092 | Correct: 1168/1280 | Difference: 0.8490148858949457
Epoch: 34 | Batch: 600 | CrossEntropy-loss: 0.37711 | Correct: 1162/1280 | Difference: 0.8968913688421909
Epoch: 34 | Batch: 700 | CrossEntropy-loss: 0.38081 | Correct: 1166/1280 | Difference: 0.8561904780636905
Epoch: 34 | Batch: 800 | CrossEntropy-loss: 0.36524 | Correct: 1164/1280 | Difference: 0.8721107854582922
Epoch: 34 | Batch: 900 | CrossEntropy-loss: 0.35768 | Correct: 1176/1280 | Difference: 0.913503842424238
Epoch: 34 | Batch: 1000 | CrossEntropy-loss: 0.36668 | Correct: 1160/1280 | Difference: 0.8626851050021052
Epoch: 34 | Batch: 1100 | CrossEntropy-loss: 0.38308 | Correct: 1157/1280 | Difference: 0.8880129213979102
Epoch: 34 | Batch: 1200 | CrossEntropy-loss: 0.38991 | Correct: 1154/1280 | Difference: 0.886293328742587
Epoch: 34 | Batch: 1300 | CrossEntropy-loss: 0.35231 | Correct: 1185/1280 | Difference: 0.8941966162572023
Epoch: 34 | Batch: 1400 | CrossEntropy-loss: 0.36154 | Correct: 1175/1280 | Difference: 0.8995364657590733
Epoch: 34 | Batch: 1500 | CrossEntropy-loss: 0.37934 | Correct: 1151/1280 | Difference: 0.8680309526647007

Epoch: 34 | Testing Accuracy: 457345/504607 (90.634%) | Historical Best: 90.652% 

Epoch: 35 | Batch: 000 | CrossEntropy-loss: 0.41599 | Correct: 1132/1280 | Difference: 0.8622308221601
Epoch: 35 | Batch: 100 | CrossEntropy-loss: 0.35689 | Correct: 1169/1280 | Difference: 0.8010034648697258
Epoch: 35 | Batch: 200 | CrossEntropy-loss: 0.35816 | Correct: 1171/1280 | Difference: 0.7835861344695237
Epoch: 35 | Batch: 300 | CrossEntropy-loss: 0.38606 | Correct: 1162/1280 | Difference: 0.8132408082292146
Epoch: 35 | Batch: 400 | CrossEntropy-loss: 0.34213 | Correct: 1180/1280 | Difference: 0.8541540455335118
Epoch: 35 | Batch: 500 | CrossEntropy-loss: 0.34204 | Correct: 1182/1280 | Difference: 0.8386114091253181
Epoch: 35 | Batch: 600 | CrossEntropy-loss: 0.35363 | Correct: 1168/1280 | Difference: 0.7949931989446225
Epoch: 35 | Batch: 700 | CrossEntropy-loss: 0.36322 | Correct: 1175/1280 | Difference: 0.8038498564867064
Epoch: 35 | Batch: 800 | CrossEntropy-loss: 0.34549 | Correct: 1176/1280 | Difference: 0.8349247394043339
Epoch: 35 | Batch: 900 | CrossEntropy-loss: 0.31561 | Correct: 1186/1280 | Difference: 0.8492658522609825
Epoch: 35 | Batch: 1000 | CrossEntropy-loss: 0.34694 | Correct: 1173/1280 | Difference: 0.8371003885385909
Epoch: 35 | Batch: 1100 | CrossEntropy-loss: 0.33907 | Correct: 1181/1280 | Difference: 0.7939087936710465
Epoch: 35 | Batch: 1200 | CrossEntropy-loss: 0.36520 | Correct: 1167/1280 | Difference: 0.8255715632211936
Epoch: 35 | Batch: 1300 | CrossEntropy-loss: 0.32004 | Correct: 1190/1280 | Difference: 0.8206958117324762
Epoch: 35 | Batch: 1400 | CrossEntropy-loss: 0.35218 | Correct: 1175/1280 | Difference: 0.8361360605802675
Epoch: 35 | Batch: 1500 | CrossEntropy-loss: 0.30604 | Correct: 1195/1280 | Difference: 0.8263992935850848

Epoch: 35 | Testing Accuracy: 463535/504607 (91.861%) | Historical Best: 91.861% 

Epoch: 36 | Batch: 000 | CrossEntropy-loss: 0.35640 | Correct: 1165/1280 | Difference: 0.8182554166088947
Epoch: 36 | Batch: 100 | CrossEntropy-loss: 0.38539 | Correct: 1161/1280 | Difference: 0.8301128601960913
Epoch: 36 | Batch: 200 | CrossEntropy-loss: 0.34514 | Correct: 1182/1280 | Difference: 0.8040020767560324
Epoch: 36 | Batch: 300 | CrossEntropy-loss: 0.35098 | Correct: 1171/1280 | Difference: 0.8292326009126272
Epoch: 36 | Batch: 400 | CrossEntropy-loss: 0.35584 | Correct: 1164/1280 | Difference: 0.8442624422914337
Epoch: 36 | Batch: 500 | CrossEntropy-loss: 0.34031 | Correct: 1176/1280 | Difference: 0.8585539482460832
Epoch: 36 | Batch: 600 | CrossEntropy-loss: 0.32786 | Correct: 1178/1280 | Difference: 0.8023073586794998
Epoch: 36 | Batch: 700 | CrossEntropy-loss: 0.32770 | Correct: 1178/1280 | Difference: 0.8152191129707458
Epoch: 36 | Batch: 800 | CrossEntropy-loss: 0.32460 | Correct: 1183/1280 | Difference: 0.8144437660751992
Epoch: 36 | Batch: 900 | CrossEntropy-loss: 0.34599 | Correct: 1180/1280 | Difference: 0.8303221356681276
Epoch: 36 | Batch: 1000 | CrossEntropy-loss: 0.31170 | Correct: 1191/1280 | Difference: 0.8461191671480884
Epoch: 36 | Batch: 1100 | CrossEntropy-loss: 0.33310 | Correct: 1174/1280 | Difference: 0.8155451842496576
Epoch: 36 | Batch: 1200 | CrossEntropy-loss: 0.34320 | Correct: 1174/1280 | Difference: 0.8274544540284837
Epoch: 36 | Batch: 1300 | CrossEntropy-loss: 0.34301 | Correct: 1179/1280 | Difference: 0.8430858424775473
Epoch: 36 | Batch: 1400 | CrossEntropy-loss: 0.37165 | Correct: 1167/1280 | Difference: 0.8246011486297278
Epoch: 36 | Batch: 1500 | CrossEntropy-loss: 0.35633 | Correct: 1178/1280 | Difference: 0.8614528379142959

Epoch: 36 | Testing Accuracy: 463008/504607 (91.756%) | Historical Best: 91.861% 

Epoch: 37 | Batch: 000 | CrossEntropy-loss: 0.35305 | Correct: 1172/1280 | Difference: 0.8226432409976879
Epoch: 37 | Batch: 100 | CrossEntropy-loss: 0.34485 | Correct: 1167/1280 | Difference: 0.8321435382339674
Epoch: 37 | Batch: 200 | CrossEntropy-loss: 0.34518 | Correct: 1175/1280 | Difference: 0.8329123257729267
Epoch: 37 | Batch: 300 | CrossEntropy-loss: 0.32768 | Correct: 1188/1280 | Difference: 0.8343885174756783
Epoch: 37 | Batch: 400 | CrossEntropy-loss: 0.32921 | Correct: 1188/1280 | Difference: 0.7809110210961088
Epoch: 37 | Batch: 500 | CrossEntropy-loss: 0.32208 | Correct: 1186/1280 | Difference: 0.8073547374228033
Epoch: 37 | Batch: 600 | CrossEntropy-loss: 0.36550 | Correct: 1160/1280 | Difference: 0.8301524307226856
Epoch: 37 | Batch: 700 | CrossEntropy-loss: 0.37733 | Correct: 1174/1280 | Difference: 0.8389976890815377
Epoch: 37 | Batch: 800 | CrossEntropy-loss: 0.33316 | Correct: 1181/1280 | Difference: 0.8303126455096985
Epoch: 37 | Batch: 900 | CrossEntropy-loss: 0.35373 | Correct: 1161/1280 | Difference: 0.8203444344922696
Epoch: 37 | Batch: 1000 | CrossEntropy-loss: 0.33597 | Correct: 1176/1280 | Difference: 0.8128770705624434
Epoch: 37 | Batch: 1100 | CrossEntropy-loss: 0.33065 | Correct: 1178/1280 | Difference: 0.8478086723494203
Epoch: 37 | Batch: 1200 | CrossEntropy-loss: 0.34280 | Correct: 1186/1280 | Difference: 0.8220315351557466
Epoch: 37 | Batch: 1300 | CrossEntropy-loss: 0.33564 | Correct: 1178/1280 | Difference: 0.8267985090868212
Epoch: 37 | Batch: 1400 | CrossEntropy-loss: 0.33350 | Correct: 1180/1280 | Difference: 0.82191062475774
Epoch: 37 | Batch: 1500 | CrossEntropy-loss: 0.35873 | Correct: 1180/1280 | Difference: 0.8177409162725356

Epoch: 37 | Testing Accuracy: 463731/504607 (91.899%) | Historical Best: 91.899% 

Epoch: 38 | Batch: 000 | CrossEntropy-loss: 0.34701 | Correct: 1178/1280 | Difference: 0.8288776287770937
Epoch: 38 | Batch: 100 | CrossEntropy-loss: 0.33211 | Correct: 1184/1280 | Difference: 0.8340658873312073
Epoch: 38 | Batch: 200 | CrossEntropy-loss: 0.35780 | Correct: 1159/1280 | Difference: 0.8251427043174399
Epoch: 38 | Batch: 300 | CrossEntropy-loss: 0.32656 | Correct: 1185/1280 | Difference: 0.8313252131789157
Epoch: 38 | Batch: 400 | CrossEntropy-loss: 0.34630 | Correct: 1165/1280 | Difference: 0.7872742940633534
Epoch: 38 | Batch: 500 | CrossEntropy-loss: 0.32050 | Correct: 1192/1280 | Difference: 0.8156383464542427
Epoch: 38 | Batch: 600 | CrossEntropy-loss: 0.31107 | Correct: 1190/1280 | Difference: 0.7906692153949106
Epoch: 38 | Batch: 700 | CrossEntropy-loss: 0.36640 | Correct: 1177/1280 | Difference: 0.8252467182264716
Epoch: 38 | Batch: 800 | CrossEntropy-loss: 0.33575 | Correct: 1181/1280 | Difference: 0.8256480519677929
Epoch: 38 | Batch: 900 | CrossEntropy-loss: 0.34653 | Correct: 1181/1280 | Difference: 0.8484580153286047
Epoch: 38 | Batch: 1000 | CrossEntropy-loss: 0.37190 | Correct: 1172/1280 | Difference: 0.8137261169920902
Epoch: 38 | Batch: 1100 | CrossEntropy-loss: 0.35932 | Correct: 1166/1280 | Difference: 0.8005075028734256
Epoch: 38 | Batch: 1200 | CrossEntropy-loss: 0.35727 | Correct: 1164/1280 | Difference: 0.8352909587019214
Epoch: 38 | Batch: 1300 | CrossEntropy-loss: 0.32023 | Correct: 1179/1280 | Difference: 0.8421119130529822
Epoch: 38 | Batch: 1400 | CrossEntropy-loss: 0.34638 | Correct: 1169/1280 | Difference: 0.8197403530164304
Epoch: 38 | Batch: 1500 | CrossEntropy-loss: 0.34506 | Correct: 1186/1280 | Difference: 0.7978920355982656

Epoch: 38 | Testing Accuracy: 462042/504607 (91.565%) | Historical Best: 91.899% 

Epoch: 39 | Batch: 000 | CrossEntropy-loss: 0.31781 | Correct: 1182/1280 | Difference: 0.8087542381604074
Epoch: 39 | Batch: 100 | CrossEntropy-loss: 0.34009 | Correct: 1176/1280 | Difference: 0.8367897183990782
Epoch: 39 | Batch: 200 | CrossEntropy-loss: 0.35416 | Correct: 1164/1280 | Difference: 0.8353165373623956
Epoch: 39 | Batch: 300 | CrossEntropy-loss: 0.35170 | Correct: 1184/1280 | Difference: 0.8230011642370626
Epoch: 39 | Batch: 400 | CrossEntropy-loss: 0.36694 | Correct: 1167/1280 | Difference: 0.8123801713443362
Epoch: 39 | Batch: 500 | CrossEntropy-loss: 0.35294 | Correct: 1174/1280 | Difference: 0.855189877316933
Epoch: 39 | Batch: 600 | CrossEntropy-loss: 0.35662 | Correct: 1170/1280 | Difference: 0.8451689347089539
Epoch: 39 | Batch: 700 | CrossEntropy-loss: 0.34382 | Correct: 1178/1280 | Difference: 0.8202414383313171
Epoch: 39 | Batch: 800 | CrossEntropy-loss: 0.37592 | Correct: 1161/1280 | Difference: 0.8343204525092139
Epoch: 39 | Batch: 900 | CrossEntropy-loss: 0.35258 | Correct: 1183/1280 | Difference: 0.7973792233308384
Epoch: 39 | Batch: 1000 | CrossEntropy-loss: 0.36074 | Correct: 1169/1280 | Difference: 0.8174276440588022
Epoch: 39 | Batch: 1100 | CrossEntropy-loss: 0.34891 | Correct: 1173/1280 | Difference: 0.8467042084056554
Epoch: 39 | Batch: 1200 | CrossEntropy-loss: 0.33445 | Correct: 1168/1280 | Difference: 0.7954109396196473
Epoch: 39 | Batch: 1300 | CrossEntropy-loss: 0.32532 | Correct: 1186/1280 | Difference: 0.8380442232502455
Epoch: 39 | Batch: 1400 | CrossEntropy-loss: 0.34968 | Correct: 1175/1280 | Difference: 0.8239108349420542
Epoch: 39 | Batch: 1500 | CrossEntropy-loss: 0.36143 | Correct: 1158/1280 | Difference: 0.786174187037441

Epoch: 39 | Testing Accuracy: 463972/504607 (91.947%) | Historical Best: 91.947% 

Epoch: 40 | Batch: 000 | CrossEntropy-loss: 0.33486 | Correct: 1174/1280 | Difference: 0.8645673939703208
Epoch: 40 | Batch: 100 | CrossEntropy-loss: 0.33795 | Correct: 1186/1280 | Difference: 0.817542133547832
Epoch: 40 | Batch: 200 | CrossEntropy-loss: 0.33650 | Correct: 1175/1280 | Difference: 0.847190102452398
Epoch: 40 | Batch: 300 | CrossEntropy-loss: 0.31245 | Correct: 1210/1280 | Difference: 0.8006280730329434
Epoch: 40 | Batch: 400 | CrossEntropy-loss: 0.34123 | Correct: 1182/1280 | Difference: 0.8684879239601421
Epoch: 40 | Batch: 500 | CrossEntropy-loss: 0.34798 | Correct: 1172/1280 | Difference: 0.8275536192634294
Epoch: 40 | Batch: 600 | CrossEntropy-loss: 0.33602 | Correct: 1184/1280 | Difference: 0.8196087893404254
Epoch: 40 | Batch: 700 | CrossEntropy-loss: 0.31391 | Correct: 1191/1280 | Difference: 0.8708249043969027
Epoch: 40 | Batch: 800 | CrossEntropy-loss: 0.34991 | Correct: 1168/1280 | Difference: 0.8254809398880077
Epoch: 40 | Batch: 900 | CrossEntropy-loss: 0.31912 | Correct: 1188/1280 | Difference: 0.8252786171126023
Epoch: 40 | Batch: 1000 | CrossEntropy-loss: 0.32819 | Correct: 1179/1280 | Difference: 0.846966494558395
Epoch: 40 | Batch: 1100 | CrossEntropy-loss: 0.33125 | Correct: 1179/1280 | Difference: 0.8491064996744434
Epoch: 40 | Batch: 1200 | CrossEntropy-loss: 0.29715 | Correct: 1196/1280 | Difference: 0.7843532606927089
Epoch: 40 | Batch: 1300 | CrossEntropy-loss: 0.28744 | Correct: 1204/1280 | Difference: 0.8004682855101887
Epoch: 40 | Batch: 1400 | CrossEntropy-loss: 0.29910 | Correct: 1197/1280 | Difference: 0.8255042995199874
Epoch: 40 | Batch: 1500 | CrossEntropy-loss: 0.31389 | Correct: 1195/1280 | Difference: 0.8319227843075164

Epoch: 40 | Testing Accuracy: 468956/504607 (92.935%) | Historical Best: 92.935% 

