compute003
5
/home/zihan/anaconda3/envs/exp/lib/python3.6/site-packages/gym/envs/registration.py:14: PkgResourcesDeprecationWarning: Parameters to load are deprecated.  Call .resolve and .require separately.
  result = entry_point.load(False)
4 2
# of episode :20, reward : 36.0, episode length: 36
# of episode :40, reward : 11.0, episode length: 11
# of episode :60, reward : 20.0, episode length: 20
# of episode :80, reward : 18.0, episode length: 18
# of episode :100, reward : 19.0, episode length: 19
# of episode :120, reward : 21.0, episode length: 21
# of episode :140, reward : 18.0, episode length: 18
# of episode :160, reward : 13.0, episode length: 13
# of episode :180, reward : 31.0, episode length: 31
# of episode :200, reward : 13.0, episode length: 13
# of episode :220, reward : 13.0, episode length: 13
# of episode :240, reward : 13.0, episode length: 13
# of episode :260, reward : 25.0, episode length: 25
# of episode :280, reward : 21.0, episode length: 21
# of episode :300, reward : 22.0, episode length: 22
# of episode :320, reward : 22.0, episode length: 22
# of episode :340, reward : 20.0, episode length: 20
# of episode :360, reward : 20.0, episode length: 20
# of episode :380, reward : 31.0, episode length: 31
# of episode :400, reward : 24.0, episode length: 24
# of episode :420, reward : 48.0, episode length: 48
# of episode :440, reward : 46.0, episode length: 46
# of episode :460, reward : 37.0, episode length: 37
# of episode :480, reward : 33.0, episode length: 33
# of episode :500, reward : 36.0, episode length: 36
# of episode :520, reward : 42.0, episode length: 42
# of episode :540, reward : 35.0, episode length: 35
# of episode :560, reward : 23.0, episode length: 23
# of episode :580, reward : 36.0, episode length: 36
# of episode :600, reward : 44.0, episode length: 44
# of episode :620, reward : 27.0, episode length: 27
# of episode :640, reward : 17.0, episode length: 17
# of episode :660, reward : 20.0, episode length: 20
# of episode :680, reward : 38.0, episode length: 38
# of episode :700, reward : 30.0, episode length: 30
# of episode :720, reward : 32.0, episode length: 32
# of episode :740, reward : 75.0, episode length: 75
# of episode :760, reward : 35.0, episode length: 35
# of episode :780, reward : 45.0, episode length: 45
# of episode :800, reward : 53.0, episode length: 53
# of episode :820, reward : 31.0, episode length: 31
# of episode :840, reward : 109.0, episode length: 109
# of episode :860, reward : 73.0, episode length: 73
# of episode :880, reward : 52.0, episode length: 52
# of episode :900, reward : 70.0, episode length: 70
# of episode :920, reward : 37.0, episode length: 37
# of episode :940, reward : 32.0, episode length: 32
# of episode :960, reward : 39.0, episode length: 39
# of episode :980, reward : 83.0, episode length: 83
# of episode :1000, reward : 30.0, episode length: 30
# of episode :1020, reward : 42.0, episode length: 42
# of episode :1040, reward : 134.0, episode length: 134
# of episode :1060, reward : 136.0, episode length: 136
# of episode :1080, reward : 111.0, episode length: 111
# of episode :1100, reward : 93.0, episode length: 93
# of episode :1120, reward : 128.0, episode length: 128
# of episode :1140, reward : 232.0, episode length: 232
# of episode :1160, reward : 359.0, episode length: 359
# of episode :1180, reward : 53.0, episode length: 53
# of episode :1200, reward : 69.0, episode length: 69
# of episode :1220, reward : 235.0, episode length: 235
# of episode :1240, reward : 148.0, episode length: 148
# of episode :1260, reward : 166.0, episode length: 166
# of episode :1280, reward : 137.0, episode length: 137
# of episode :1300, reward : 145.0, episode length: 145
# of episode :1320, reward : 185.0, episode length: 185
# of episode :1340, reward : 19.0, episode length: 19
# of episode :1360, reward : 49.0, episode length: 49
# of episode :1380, reward : 129.0, episode length: 129
# of episode :1400, reward : 152.0, episode length: 152
# of episode :1420, reward : 224.0, episode length: 224
# of episode :1440, reward : 392.0, episode length: 392
# of episode :1460, reward : 144.0, episode length: 144
# of episode :1480, reward : 110.0, episode length: 110
# of episode :1500, reward : 216.0, episode length: 216
# of episode :1520, reward : 270.0, episode length: 270
# of episode :1540, reward : 87.0, episode length: 87
# of episode :1560, reward : 384.0, episode length: 384
# of episode :1580, reward : 500.0, episode length: 500
# of episode :1600, reward : 335.0, episode length: 335
# of episode :1620, reward : 500.0, episode length: 500
# of episode :1640, reward : 255.0, episode length: 255
# of episode :1660, reward : 207.0, episode length: 207
# of episode :1680, reward : 351.0, episode length: 351
# of episode :1700, reward : 412.0, episode length: 412
# of episode :1720, reward : 218.0, episode length: 218
# of episode :1740, reward : 160.0, episode length: 160
# of episode :1760, reward : 298.0, episode length: 298
# of episode :1780, reward : 152.0, episode length: 152
# of episode :1800, reward : 127.0, episode length: 127
# of episode :1820, reward : 130.0, episode length: 130
# of episode :1840, reward : 500.0, episode length: 500
# of episode :1860, reward : 467.0, episode length: 467
# of episode :1880, reward : 139.0, episode length: 139
# of episode :1900, reward : 192.0, episode length: 192
# of episode :1920, reward : 282.0, episode length: 282
# of episode :1940, reward : 485.0, episode length: 485
# of episode :1960, reward : 161.0, episode length: 161
# of episode :1980, reward : 289.0, episode length: 289
# of episode :2000, reward : 238.0, episode length: 238
# of episode :2020, reward : 116.0, episode length: 116
# of episode :2040, reward : 282.0, episode length: 282
# of episode :2060, reward : 244.0, episode length: 244
# of episode :2080, reward : 377.0, episode length: 377
# of episode :2100, reward : 364.0, episode length: 364
# of episode :2120, reward : 500.0, episode length: 500
# of episode :2140, reward : 452.0, episode length: 452
# of episode :2160, reward : 500.0, episode length: 500
# of episode :2180, reward : 337.0, episode length: 337
# of episode :2200, reward : 120.0, episode length: 120
# of episode :2220, reward : 500.0, episode length: 500
# of episode :2240, reward : 417.0, episode length: 417
# of episode :2260, reward : 184.0, episode length: 184
# of episode :2280, reward : 383.0, episode length: 383
# of episode :2300, reward : 500.0, episode length: 500
# of episode :2320, reward : 500.0, episode length: 500
# of episode :2340, reward : 500.0, episode length: 500
# of episode :2360, reward : 500.0, episode length: 500
# of episode :2380, reward : 500.0, episode length: 500
# of episode :2400, reward : 500.0, episode length: 500
# of episode :2420, reward : 452.0, episode length: 452
# of episode :2440, reward : 500.0, episode length: 500
# of episode :2460, reward : 500.0, episode length: 500
# of episode :2480, reward : 51.0, episode length: 51
# of episode :2500, reward : 340.0, episode length: 340
# of episode :2520, reward : 500.0, episode length: 500
# of episode :2540, reward : 469.0, episode length: 469
# of episode :2560, reward : 500.0, episode length: 500
# of episode :2580, reward : 500.0, episode length: 500
# of episode :2600, reward : 500.0, episode length: 500
# of episode :2620, reward : 500.0, episode length: 500
# of episode :2640, reward : 500.0, episode length: 500
# of episode :2660, reward : 500.0, episode length: 500
# of episode :2680, reward : 500.0, episode length: 500
# of episode :2700, reward : 228.0, episode length: 228
# of episode :2720, reward : 423.0, episode length: 423
# of episode :2740, reward : 500.0, episode length: 500
# of episode :2760, reward : 500.0, episode length: 500
# of episode :2780, reward : 415.0, episode length: 415
# of episode :2800, reward : 500.0, episode length: 500
# of episode :2820, reward : 500.0, episode length: 500
# of episode :2840, reward : 256.0, episode length: 256
# of episode :2860, reward : 500.0, episode length: 500
# of episode :2880, reward : 94.0, episode length: 94
# of episode :2900, reward : 500.0, episode length: 500
# of episode :2920, reward : 500.0, episode length: 500
# of episode :2940, reward : 358.0, episode length: 358
# of episode :2960, reward : 500.0, episode length: 500
# of episode :2980, reward : 500.0, episode length: 500
/home/zihan/anaconda3/envs/exp/lib/python3.6/site-packages/gym/envs/registration.py:14: PkgResourcesDeprecationWarning: Parameters to load are deprecated.  Call .resolve and .require separately.
  result = entry_point.load(False)
4 2
# of episode :20, reward : 10.0, episode length: 10
# of episode :40, reward : 17.0, episode length: 17
# of episode :60, reward : 19.0, episode length: 19
# of episode :80, reward : 11.0, episode length: 11
# of episode :100, reward : 13.0, episode length: 13
# of episode :120, reward : 22.0, episode length: 22
# of episode :140, reward : 12.0, episode length: 12
# of episode :160, reward : 28.0, episode length: 28
# of episode :180, reward : 13.0, episode length: 13
# of episode :200, reward : 13.0, episode length: 13
# of episode :220, reward : 17.0, episode length: 17
# of episode :240, reward : 12.0, episode length: 12
# of episode :260, reward : 29.0, episode length: 29
# of episode :280, reward : 17.0, episode length: 17
# of episode :300, reward : 43.0, episode length: 43
# of episode :320, reward : 25.0, episode length: 25
# of episode :340, reward : 24.0, episode length: 24
# of episode :360, reward : 76.0, episode length: 76
# of episode :380, reward : 33.0, episode length: 33
# of episode :400, reward : 30.0, episode length: 30
# of episode :420, reward : 12.0, episode length: 12
# of episode :440, reward : 50.0, episode length: 50
# of episode :460, reward : 53.0, episode length: 53
# of episode :480, reward : 25.0, episode length: 25
# of episode :500, reward : 15.0, episode length: 15
# of episode :520, reward : 32.0, episode length: 32
# of episode :540, reward : 19.0, episode length: 19
# of episode :560, reward : 39.0, episode length: 39
# of episode :580, reward : 114.0, episode length: 114
# of episode :600, reward : 160.0, episode length: 160
# of episode :620, reward : 74.0, episode length: 74
# of episode :640, reward : 50.0, episode length: 50
# of episode :660, reward : 60.0, episode length: 60
# of episode :680, reward : 62.0, episode length: 62
# of episode :700, reward : 79.0, episode length: 79
# of episode :720, reward : 19.0, episode length: 19
# of episode :740, reward : 47.0, episode length: 47
# of episode :760, reward : 67.0, episode length: 67
# of episode :780, reward : 65.0, episode length: 65
# of episode :800, reward : 34.0, episode length: 34
# of episode :820, reward : 65.0, episode length: 65
# of episode :840, reward : 14.0, episode length: 14
# of episode :860, reward : 80.0, episode length: 80
# of episode :880, reward : 63.0, episode length: 63
# of episode :900, reward : 51.0, episode length: 51
# of episode :920, reward : 27.0, episode length: 27
# of episode :940, reward : 22.0, episode length: 22
# of episode :960, reward : 74.0, episode length: 74
# of episode :980, reward : 80.0, episode length: 80
# of episode :1000, reward : 41.0, episode length: 41
# of episode :1020, reward : 47.0, episode length: 47
# of episode :1040, reward : 46.0, episode length: 46
# of episode :1060, reward : 96.0, episode length: 96
# of episode :1080, reward : 43.0, episode length: 43
# of episode :1100, reward : 51.0, episode length: 51
# of episode :1120, reward : 87.0, episode length: 87
# of episode :1140, reward : 44.0, episode length: 44
# of episode :1160, reward : 29.0, episode length: 29
# of episode :1180, reward : 43.0, episode length: 43
# of episode :1200, reward : 61.0, episode length: 61
# of episode :1220, reward : 50.0, episode length: 50
# of episode :1240, reward : 65.0, episode length: 65
# of episode :1260, reward : 122.0, episode length: 122
# of episode :1280, reward : 71.0, episode length: 71
# of episode :1300, reward : 48.0, episode length: 48
# of episode :1320, reward : 73.0, episode length: 73
# of episode :1340, reward : 84.0, episode length: 84
# of episode :1360, reward : 136.0, episode length: 136
# of episode :1380, reward : 126.0, episode length: 126
# of episode :1400, reward : 71.0, episode length: 71
# of episode :1420, reward : 255.0, episode length: 255
# of episode :1440, reward : 166.0, episode length: 166
# of episode :1460, reward : 124.0, episode length: 124
# of episode :1480, reward : 123.0, episode length: 123
# of episode :1500, reward : 128.0, episode length: 128
# of episode :1520, reward : 90.0, episode length: 90
# of episode :1540, reward : 26.0, episode length: 26
# of episode :1560, reward : 124.0, episode length: 124
# of episode :1580, reward : 321.0, episode length: 321
# of episode :1600, reward : 136.0, episode length: 136
# of episode :1620, reward : 439.0, episode length: 439
# of episode :1640, reward : 173.0, episode length: 173
# of episode :1660, reward : 500.0, episode length: 500
# of episode :1680, reward : 157.0, episode length: 157
# of episode :1700, reward : 133.0, episode length: 133
# of episode :1720, reward : 280.0, episode length: 280
# of episode :1740, reward : 164.0, episode length: 164
# of episode :1760, reward : 222.0, episode length: 222
# of episode :1780, reward : 479.0, episode length: 479
# of episode :1800, reward : 151.0, episode length: 151
# of episode :1820, reward : 460.0, episode length: 460
# of episode :1840, reward : 179.0, episode length: 179
# of episode :1860, reward : 118.0, episode length: 118
# of episode :1880, reward : 211.0, episode length: 211
# of episode :1900, reward : 147.0, episode length: 147
# of episode :1920, reward : 298.0, episode length: 298
# of episode :1940, reward : 282.0, episode length: 282
# of episode :1960, reward : 261.0, episode length: 261
# of episode :1980, reward : 143.0, episode length: 143
# of episode :2000, reward : 286.0, episode length: 286
# of episode :2020, reward : 281.0, episode length: 281
# of episode :2040, reward : 248.0, episode length: 248
# of episode :2060, reward : 189.0, episode length: 189
# of episode :2080, reward : 489.0, episode length: 489
# of episode :2100, reward : 329.0, episode length: 329
# of episode :2120, reward : 138.0, episode length: 138
# of episode :2140, reward : 304.0, episode length: 304
# of episode :2160, reward : 191.0, episode length: 191
# of episode :2180, reward : 333.0, episode length: 333
# of episode :2200, reward : 500.0, episode length: 500
# of episode :2220, reward : 79.0, episode length: 79
# of episode :2240, reward : 463.0, episode length: 463
# of episode :2260, reward : 247.0, episode length: 247
# of episode :2280, reward : 500.0, episode length: 500
# of episode :2300, reward : 193.0, episode length: 193
# of episode :2320, reward : 309.0, episode length: 309
# of episode :2340, reward : 276.0, episode length: 276
# of episode :2360, reward : 441.0, episode length: 441
# of episode :2380, reward : 162.0, episode length: 162
# of episode :2400, reward : 446.0, episode length: 446
# of episode :2420, reward : 500.0, episode length: 500
# of episode :2440, reward : 357.0, episode length: 357
# of episode :2460, reward : 412.0, episode length: 412
# of episode :2480, reward : 500.0, episode length: 500
# of episode :2500, reward : 435.0, episode length: 435
# of episode :2520, reward : 500.0, episode length: 500
# of episode :2540, reward : 500.0, episode length: 500
# of episode :2560, reward : 492.0, episode length: 492
# of episode :2580, reward : 305.0, episode length: 305
# of episode :2600, reward : 36.0, episode length: 36
# of episode :2620, reward : 500.0, episode length: 500
# of episode :2640, reward : 253.0, episode length: 253
# of episode :2660, reward : 500.0, episode length: 500
# of episode :2680, reward : 500.0, episode length: 500
# of episode :2700, reward : 379.0, episode length: 379
# of episode :2720, reward : 487.0, episode length: 487
# of episode :2740, reward : 329.0, episode length: 329
# of episode :2760, reward : 500.0, episode length: 500
# of episode :2780, reward : 493.0, episode length: 493
# of episode :2800, reward : 500.0, episode length: 500
# of episode :2820, reward : 500.0, episode length: 500
# of episode :2840, reward : 458.0, episode length: 458
# of episode :2860, reward : 500.0, episode length: 500
# of episode :2880, reward : 500.0, episode length: 500
# of episode :2900, reward : 500.0, episode length: 500
# of episode :2920, reward : 500.0, episode length: 500
# of episode :2940, reward : 500.0, episode length: 500
# of episode :2960, reward : 500.0, episode length: 500
# of episode :2980, reward : 500.0, episode length: 500
/home/zihan/anaconda3/envs/exp/lib/python3.6/site-packages/gym/envs/registration.py:14: PkgResourcesDeprecationWarning: Parameters to load are deprecated.  Call .resolve and .require separately.
  result = entry_point.load(False)
4 2
# of episode :20, reward : 17.0, episode length: 17
# of episode :40, reward : 10.0, episode length: 10
# of episode :60, reward : 15.0, episode length: 15
# of episode :80, reward : 11.0, episode length: 11
# of episode :100, reward : 12.0, episode length: 12
# of episode :120, reward : 11.0, episode length: 11
# of episode :140, reward : 30.0, episode length: 30
# of episode :160, reward : 82.0, episode length: 82
# of episode :180, reward : 19.0, episode length: 19
# of episode :200, reward : 24.0, episode length: 24
# of episode :220, reward : 25.0, episode length: 25
# of episode :240, reward : 20.0, episode length: 20
# of episode :260, reward : 22.0, episode length: 22
# of episode :280, reward : 29.0, episode length: 29
# of episode :300, reward : 61.0, episode length: 61
# of episode :320, reward : 45.0, episode length: 45
# of episode :340, reward : 70.0, episode length: 70
# of episode :360, reward : 29.0, episode length: 29
# of episode :380, reward : 16.0, episode length: 16
# of episode :400, reward : 63.0, episode length: 63
# of episode :420, reward : 22.0, episode length: 22
# of episode :440, reward : 30.0, episode length: 30
# of episode :460, reward : 78.0, episode length: 78
# of episode :480, reward : 36.0, episode length: 36
# of episode :500, reward : 45.0, episode length: 45
# of episode :520, reward : 43.0, episode length: 43
# of episode :540, reward : 70.0, episode length: 70
# of episode :560, reward : 62.0, episode length: 62
# of episode :580, reward : 39.0, episode length: 39
# of episode :600, reward : 60.0, episode length: 60
# of episode :620, reward : 27.0, episode length: 27
# of episode :640, reward : 44.0, episode length: 44
# of episode :660, reward : 43.0, episode length: 43
# of episode :680, reward : 83.0, episode length: 83
# of episode :700, reward : 42.0, episode length: 42
# of episode :720, reward : 67.0, episode length: 67
# of episode :740, reward : 84.0, episode length: 84
# of episode :760, reward : 51.0, episode length: 51
# of episode :780, reward : 44.0, episode length: 44
# of episode :800, reward : 41.0, episode length: 41
# of episode :820, reward : 65.0, episode length: 65
# of episode :840, reward : 115.0, episode length: 115
# of episode :860, reward : 71.0, episode length: 71
# of episode :880, reward : 41.0, episode length: 41
# of episode :900, reward : 57.0, episode length: 57
# of episode :920, reward : 40.0, episode length: 40
# of episode :940, reward : 53.0, episode length: 53
# of episode :960, reward : 114.0, episode length: 114
# of episode :980, reward : 126.0, episode length: 126
# of episode :1000, reward : 51.0, episode length: 51
# of episode :1020, reward : 86.0, episode length: 86
# of episode :1040, reward : 107.0, episode length: 107
# of episode :1060, reward : 46.0, episode length: 46
# of episode :1080, reward : 156.0, episode length: 156
# of episode :1100, reward : 155.0, episode length: 155
# of episode :1120, reward : 109.0, episode length: 109
# of episode :1140, reward : 190.0, episode length: 190
# of episode :1160, reward : 169.0, episode length: 169
# of episode :1180, reward : 107.0, episode length: 107
# of episode :1200, reward : 130.0, episode length: 130
# of episode :1220, reward : 123.0, episode length: 123
# of episode :1240, reward : 159.0, episode length: 159
# of episode :1260, reward : 121.0, episode length: 121
# of episode :1280, reward : 198.0, episode length: 198
# of episode :1300, reward : 248.0, episode length: 248
# of episode :1320, reward : 146.0, episode length: 146
# of episode :1340, reward : 361.0, episode length: 361
# of episode :1360, reward : 111.0, episode length: 111
# of episode :1380, reward : 152.0, episode length: 152
# of episode :1400, reward : 210.0, episode length: 210
# of episode :1420, reward : 500.0, episode length: 500
# of episode :1440, reward : 249.0, episode length: 249
# of episode :1460, reward : 237.0, episode length: 237
# of episode :1480, reward : 500.0, episode length: 500
# of episode :1500, reward : 66.0, episode length: 66
# of episode :1520, reward : 161.0, episode length: 161
# of episode :1540, reward : 460.0, episode length: 460
# of episode :1560, reward : 213.0, episode length: 213
# of episode :1580, reward : 279.0, episode length: 279
# of episode :1600, reward : 48.0, episode length: 48
# of episode :1620, reward : 414.0, episode length: 414
# of episode :1640, reward : 238.0, episode length: 238
# of episode :1660, reward : 252.0, episode length: 252
# of episode :1680, reward : 500.0, episode length: 500
# of episode :1700, reward : 500.0, episode length: 500
# of episode :1720, reward : 219.0, episode length: 219
# of episode :1740, reward : 286.0, episode length: 286
# of episode :1760, reward : 272.0, episode length: 272
# of episode :1780, reward : 230.0, episode length: 230
# of episode :1800, reward : 381.0, episode length: 381
# of episode :1820, reward : 500.0, episode length: 500
# of episode :1840, reward : 500.0, episode length: 500
# of episode :1860, reward : 337.0, episode length: 337
# of episode :1880, reward : 500.0, episode length: 500
# of episode :1900, reward : 117.0, episode length: 117
# of episode :1920, reward : 482.0, episode length: 482
# of episode :1940, reward : 500.0, episode length: 500
# of episode :1960, reward : 479.0, episode length: 479
# of episode :1980, reward : 500.0, episode length: 500
# of episode :2000, reward : 500.0, episode length: 500
# of episode :2020, reward : 500.0, episode length: 500
# of episode :2040, reward : 500.0, episode length: 500
# of episode :2060, reward : 316.0, episode length: 316
# of episode :2080, reward : 288.0, episode length: 288
# of episode :2100, reward : 500.0, episode length: 500
# of episode :2120, reward : 500.0, episode length: 500
# of episode :2140, reward : 467.0, episode length: 467
# of episode :2160, reward : 500.0, episode length: 500
# of episode :2180, reward : 500.0, episode length: 500
# of episode :2200, reward : 494.0, episode length: 494
# of episode :2220, reward : 249.0, episode length: 249
# of episode :2240, reward : 292.0, episode length: 292
# of episode :2260, reward : 500.0, episode length: 500
# of episode :2280, reward : 500.0, episode length: 500
# of episode :2300, reward : 449.0, episode length: 449
# of episode :2320, reward : 500.0, episode length: 500
# of episode :2340, reward : 470.0, episode length: 470
# of episode :2360, reward : 211.0, episode length: 211
# of episode :2380, reward : 500.0, episode length: 500
# of episode :2400, reward : 309.0, episode length: 309
# of episode :2420, reward : 432.0, episode length: 432
# of episode :2440, reward : 188.0, episode length: 188
# of episode :2460, reward : 500.0, episode length: 500
# of episode :2480, reward : 500.0, episode length: 500
# of episode :2500, reward : 500.0, episode length: 500
# of episode :2520, reward : 500.0, episode length: 500
# of episode :2540, reward : 475.0, episode length: 475
# of episode :2560, reward : 500.0, episode length: 500
# of episode :2580, reward : 500.0, episode length: 500
# of episode :2600, reward : 176.0, episode length: 176
# of episode :2620, reward : 500.0, episode length: 500
# of episode :2640, reward : 500.0, episode length: 500
# of episode :2660, reward : 500.0, episode length: 500
# of episode :2680, reward : 404.0, episode length: 404
# of episode :2700, reward : 500.0, episode length: 500
# of episode :2720, reward : 500.0, episode length: 500
# of episode :2740, reward : 500.0, episode length: 500
# of episode :2760, reward : 500.0, episode length: 500
# of episode :2780, reward : 500.0, episode length: 500
# of episode :2800, reward : 500.0, episode length: 500
# of episode :2820, reward : 500.0, episode length: 500
# of episode :2840, reward : 500.0, episode length: 500
# of episode :2860, reward : 500.0, episode length: 500
# of episode :2880, reward : 233.0, episode length: 233
# of episode :2900, reward : 282.0, episode length: 282
# of episode :2920, reward : 320.0, episode length: 320
# of episode :2940, reward : 500.0, episode length: 500
# of episode :2960, reward : 500.0, episode length: 500
# of episode :2980, reward : 500.0, episode length: 500
