compute002
5
/home/zihan/anaconda3/envs/exp/lib/python3.6/site-packages/tensorboard/compat/tensorflow_stub/dtypes.py:541: FutureWarning: Passing (type, 1) or '1type' as a synonym of type is deprecated; in a future version of numpy, it will be understood as (type, (1,)) / '(1,)type'.
  _np_qint8 = np.dtype([("qint8", np.int8, 1)])
/home/zihan/anaconda3/envs/exp/lib/python3.6/site-packages/tensorboard/compat/tensorflow_stub/dtypes.py:542: FutureWarning: Passing (type, 1) or '1type' as a synonym of type is deprecated; in a future version of numpy, it will be understood as (type, (1,)) / '(1,)type'.
  _np_quint8 = np.dtype([("quint8", np.uint8, 1)])
/home/zihan/anaconda3/envs/exp/lib/python3.6/site-packages/tensorboard/compat/tensorflow_stub/dtypes.py:543: FutureWarning: Passing (type, 1) or '1type' as a synonym of type is deprecated; in a future version of numpy, it will be understood as (type, (1,)) / '(1,)type'.
  _np_qint16 = np.dtype([("qint16", np.int16, 1)])
/home/zihan/anaconda3/envs/exp/lib/python3.6/site-packages/tensorboard/compat/tensorflow_stub/dtypes.py:544: FutureWarning: Passing (type, 1) or '1type' as a synonym of type is deprecated; in a future version of numpy, it will be understood as (type, (1,)) / '(1,)type'.
  _np_quint16 = np.dtype([("quint16", np.uint16, 1)])
/home/zihan/anaconda3/envs/exp/lib/python3.6/site-packages/tensorboard/compat/tensorflow_stub/dtypes.py:545: FutureWarning: Passing (type, 1) or '1type' as a synonym of type is deprecated; in a future version of numpy, it will be understood as (type, (1,)) / '(1,)type'.
  _np_qint32 = np.dtype([("qint32", np.int32, 1)])
/home/zihan/anaconda3/envs/exp/lib/python3.6/site-packages/tensorboard/compat/tensorflow_stub/dtypes.py:550: FutureWarning: Passing (type, 1) or '1type' as a synonym of type is deprecated; in a future version of numpy, it will be understood as (type, (1,)) / '(1,)type'.
  np_resource = np.dtype([("resource", np.ubyte, 1)])
Epoch: 01 | Batch: 000 | CrossEntropy-loss: 1.35170 | Correct: 496/1280
Epoch: 01 | Batch: 100 | CrossEntropy-loss: 1.24394 | Correct: 758/1280
Epoch: 01 | Batch: 200 | CrossEntropy-loss: 1.14781 | Correct: 724/1280
Epoch: 01 | Batch: 300 | CrossEntropy-loss: 1.05813 | Correct: 789/1280
Epoch: 01 | Batch: 400 | CrossEntropy-loss: 0.97117 | Correct: 843/1280
Epoch: 01 | Batch: 500 | CrossEntropy-loss: 0.87287 | Correct: 912/1280
Epoch: 01 | Batch: 600 | CrossEntropy-loss: 0.82790 | Correct: 902/1280
Epoch: 01 | Batch: 700 | CrossEntropy-loss: 0.77188 | Correct: 926/1280
Epoch: 01 | Batch: 800 | CrossEntropy-loss: 0.75051 | Correct: 914/1280
Epoch: 01 | Batch: 900 | CrossEntropy-loss: 0.69693 | Correct: 922/1280
Epoch: 01 | Batch: 1000 | CrossEntropy-loss: 0.67123 | Correct: 932/1280
Epoch: 01 | Batch: 1100 | CrossEntropy-loss: 0.62868 | Correct: 1014/1280
Epoch: 01 | Batch: 1200 | CrossEntropy-loss: 0.61748 | Correct: 1023/1280
Epoch: 01 | Batch: 1300 | CrossEntropy-loss: 0.62869 | Correct: 992/1280
Epoch: 01 | Batch: 1400 | CrossEntropy-loss: 0.60560 | Correct: 999/1280
Epoch: 01 | Batch: 1500 | CrossEntropy-loss: 0.59601 | Correct: 1017/1280

Epoch: 01 | Testing Accuracy: 406170/504607 (80.492%) | Historical Best: 80.492%

Epoch: 02 | Batch: 000 | CrossEntropy-loss: 0.54039 | Correct: 1035/1280
Epoch: 02 | Batch: 100 | CrossEntropy-loss: 0.55034 | Correct: 1020/1280
Epoch: 02 | Batch: 200 | CrossEntropy-loss: 0.52942 | Correct: 1043/1280
Epoch: 02 | Batch: 300 | CrossEntropy-loss: 0.48722 | Correct: 1061/1280
Epoch: 02 | Batch: 400 | CrossEntropy-loss: 0.50826 | Correct: 1039/1280
Epoch: 02 | Batch: 500 | CrossEntropy-loss: 0.49601 | Correct: 1061/1280
Epoch: 02 | Batch: 600 | CrossEntropy-loss: 0.49063 | Correct: 1037/1280
Epoch: 02 | Batch: 700 | CrossEntropy-loss: 0.45120 | Correct: 1073/1280
Epoch: 02 | Batch: 800 | CrossEntropy-loss: 0.49001 | Correct: 1036/1280
Epoch: 02 | Batch: 900 | CrossEntropy-loss: 0.49016 | Correct: 1035/1280
Epoch: 02 | Batch: 1000 | CrossEntropy-loss: 0.50336 | Correct: 1036/1280
Epoch: 02 | Batch: 1100 | CrossEntropy-loss: 0.45219 | Correct: 1072/1280
Epoch: 02 | Batch: 1200 | CrossEntropy-loss: 0.47769 | Correct: 1046/1280
Epoch: 02 | Batch: 1300 | CrossEntropy-loss: 0.43334 | Correct: 1069/1280
Epoch: 02 | Batch: 1400 | CrossEntropy-loss: 0.44903 | Correct: 1064/1280
Epoch: 02 | Batch: 1500 | CrossEntropy-loss: 0.45829 | Correct: 1050/1280

Epoch: 02 | Testing Accuracy: 413861/504607 (82.016%) | Historical Best: 82.016%

Epoch: 03 | Batch: 000 | CrossEntropy-loss: 0.43758 | Correct: 1069/1280
Epoch: 03 | Batch: 100 | CrossEntropy-loss: 0.48090 | Correct: 1046/1280
Epoch: 03 | Batch: 200 | CrossEntropy-loss: 0.44955 | Correct: 1065/1280
Epoch: 03 | Batch: 300 | CrossEntropy-loss: 0.42704 | Correct: 1067/1280
Epoch: 03 | Batch: 400 | CrossEntropy-loss: 0.46372 | Correct: 1052/1280
Epoch: 03 | Batch: 500 | CrossEntropy-loss: 0.42407 | Correct: 1074/1280
Epoch: 03 | Batch: 600 | CrossEntropy-loss: 0.42384 | Correct: 1060/1280
Epoch: 03 | Batch: 700 | CrossEntropy-loss: 0.43338 | Correct: 1057/1280
Epoch: 03 | Batch: 800 | CrossEntropy-loss: 0.45822 | Correct: 1045/1280
Epoch: 03 | Batch: 900 | CrossEntropy-loss: 0.43099 | Correct: 1063/1280
Epoch: 03 | Batch: 1000 | CrossEntropy-loss: 0.43282 | Correct: 1052/1280
Epoch: 03 | Batch: 1100 | CrossEntropy-loss: 0.45753 | Correct: 1043/1280
Epoch: 03 | Batch: 1200 | CrossEntropy-loss: 0.42186 | Correct: 1052/1280
Epoch: 03 | Batch: 1300 | CrossEntropy-loss: 0.42089 | Correct: 1061/1280
Epoch: 03 | Batch: 1400 | CrossEntropy-loss: 0.39463 | Correct: 1075/1280
Epoch: 03 | Batch: 1500 | CrossEntropy-loss: 0.43684 | Correct: 1048/1280

Epoch: 03 | Testing Accuracy: 420114/504607 (83.256%) | Historical Best: 83.256%

Epoch: 04 | Batch: 000 | CrossEntropy-loss: 0.40553 | Correct: 1068/1280
Epoch: 04 | Batch: 100 | CrossEntropy-loss: 0.37126 | Correct: 1077/1280
Epoch: 04 | Batch: 200 | CrossEntropy-loss: 0.38982 | Correct: 1076/1280
Epoch: 04 | Batch: 300 | CrossEntropy-loss: 0.39041 | Correct: 1077/1280
Epoch: 04 | Batch: 400 | CrossEntropy-loss: 0.37985 | Correct: 1072/1280
Epoch: 04 | Batch: 500 | CrossEntropy-loss: 0.39487 | Correct: 1080/1280
Epoch: 04 | Batch: 600 | CrossEntropy-loss: 0.39394 | Correct: 1082/1280
Epoch: 04 | Batch: 700 | CrossEntropy-loss: 0.38916 | Correct: 1080/1280
Epoch: 04 | Batch: 800 | CrossEntropy-loss: 0.37761 | Correct: 1074/1280
Epoch: 04 | Batch: 900 | CrossEntropy-loss: 0.37398 | Correct: 1085/1280
Epoch: 04 | Batch: 1000 | CrossEntropy-loss: 0.35665 | Correct: 1094/1280
Epoch: 04 | Batch: 1100 | CrossEntropy-loss: 0.33218 | Correct: 1108/1280
Epoch: 04 | Batch: 1200 | CrossEntropy-loss: 0.37551 | Correct: 1075/1280
Epoch: 04 | Batch: 1300 | CrossEntropy-loss: 0.33876 | Correct: 1103/1280
Epoch: 04 | Batch: 1400 | CrossEntropy-loss: 0.34679 | Correct: 1085/1280
Epoch: 04 | Batch: 1500 | CrossEntropy-loss: 0.35873 | Correct: 1095/1280

Epoch: 04 | Testing Accuracy: 425387/504607 (84.301%) | Historical Best: 84.301%

Epoch: 05 | Batch: 000 | CrossEntropy-loss: 0.34699 | Correct: 1096/1280
Epoch: 05 | Batch: 100 | CrossEntropy-loss: 0.34109 | Correct: 1099/1280
Epoch: 05 | Batch: 200 | CrossEntropy-loss: 0.36152 | Correct: 1084/1280
Epoch: 05 | Batch: 300 | CrossEntropy-loss: 0.36736 | Correct: 1082/1280
Epoch: 05 | Batch: 400 | CrossEntropy-loss: 0.39220 | Correct: 1056/1280
Epoch: 05 | Batch: 500 | CrossEntropy-loss: 0.34160 | Correct: 1110/1280
Epoch: 05 | Batch: 600 | CrossEntropy-loss: 0.35563 | Correct: 1089/1280
Epoch: 05 | Batch: 700 | CrossEntropy-loss: 0.33283 | Correct: 1108/1280
Epoch: 05 | Batch: 800 | CrossEntropy-loss: 0.35667 | Correct: 1081/1280
Epoch: 05 | Batch: 900 | CrossEntropy-loss: 0.34285 | Correct: 1103/1280
Epoch: 05 | Batch: 1000 | CrossEntropy-loss: 0.30917 | Correct: 1113/1280
Epoch: 05 | Batch: 1100 | CrossEntropy-loss: 0.37989 | Correct: 1068/1280
Epoch: 05 | Batch: 1200 | CrossEntropy-loss: 0.35464 | Correct: 1098/1280
Epoch: 05 | Batch: 1300 | CrossEntropy-loss: 0.34482 | Correct: 1095/1280
Epoch: 05 | Batch: 1400 | CrossEntropy-loss: 0.33111 | Correct: 1108/1280
Epoch: 05 | Batch: 1500 | CrossEntropy-loss: 0.33897 | Correct: 1106/1280

Epoch: 05 | Testing Accuracy: 437985/504607 (86.797%) | Historical Best: 86.797%

Epoch: 06 | Batch: 000 | CrossEntropy-loss: 0.33624 | Correct: 1106/1280
Epoch: 06 | Batch: 100 | CrossEntropy-loss: 0.34609 | Correct: 1082/1280
Epoch: 06 | Batch: 200 | CrossEntropy-loss: 0.33219 | Correct: 1116/1280
Epoch: 06 | Batch: 300 | CrossEntropy-loss: 0.33028 | Correct: 1110/1280
Epoch: 06 | Batch: 400 | CrossEntropy-loss: 0.32466 | Correct: 1097/1280
Epoch: 06 | Batch: 500 | CrossEntropy-loss: 0.31688 | Correct: 1107/1280
Epoch: 06 | Batch: 600 | CrossEntropy-loss: 0.33224 | Correct: 1097/1280
Epoch: 06 | Batch: 700 | CrossEntropy-loss: 0.30594 | Correct: 1120/1280
Epoch: 06 | Batch: 800 | CrossEntropy-loss: 0.31973 | Correct: 1111/1280
Epoch: 06 | Batch: 900 | CrossEntropy-loss: 0.32688 | Correct: 1108/1280
Epoch: 06 | Batch: 1000 | CrossEntropy-loss: 0.34718 | Correct: 1083/1280
Epoch: 06 | Batch: 1100 | CrossEntropy-loss: 0.31492 | Correct: 1098/1280
Epoch: 06 | Batch: 1200 | CrossEntropy-loss: 0.32230 | Correct: 1119/1280
Epoch: 06 | Batch: 1300 | CrossEntropy-loss: 0.31167 | Correct: 1121/1280
Epoch: 06 | Batch: 1400 | CrossEntropy-loss: 0.32487 | Correct: 1114/1280
Epoch: 06 | Batch: 1500 | CrossEntropy-loss: 0.34132 | Correct: 1100/1280

Epoch: 06 | Testing Accuracy: 440567/504607 (87.309%) | Historical Best: 87.309%

Epoch: 07 | Batch: 000 | CrossEntropy-loss: 0.30331 | Correct: 1120/1280
Epoch: 07 | Batch: 100 | CrossEntropy-loss: 0.29114 | Correct: 1127/1280
Epoch: 07 | Batch: 200 | CrossEntropy-loss: 0.29997 | Correct: 1114/1280
Epoch: 07 | Batch: 300 | CrossEntropy-loss: 0.30254 | Correct: 1137/1280
Epoch: 07 | Batch: 400 | CrossEntropy-loss: 0.31901 | Correct: 1117/1280
Epoch: 07 | Batch: 500 | CrossEntropy-loss: 0.32564 | Correct: 1096/1280
Epoch: 07 | Batch: 600 | CrossEntropy-loss: 0.30432 | Correct: 1126/1280
Epoch: 07 | Batch: 700 | CrossEntropy-loss: 0.27696 | Correct: 1125/1280
Epoch: 07 | Batch: 800 | CrossEntropy-loss: 0.29299 | Correct: 1129/1280
Epoch: 07 | Batch: 900 | CrossEntropy-loss: 0.32688 | Correct: 1108/1280
Epoch: 07 | Batch: 1000 | CrossEntropy-loss: 0.33073 | Correct: 1105/1280
Epoch: 07 | Batch: 1100 | CrossEntropy-loss: 0.29898 | Correct: 1116/1280
Epoch: 07 | Batch: 1200 | CrossEntropy-loss: 0.29275 | Correct: 1137/1280
Epoch: 07 | Batch: 1300 | CrossEntropy-loss: 0.31288 | Correct: 1108/1280
Epoch: 07 | Batch: 1400 | CrossEntropy-loss: 0.30813 | Correct: 1116/1280
Epoch: 07 | Batch: 1500 | CrossEntropy-loss: 0.29104 | Correct: 1133/1280

Epoch: 07 | Testing Accuracy: 444075/504607 (88.004%) | Historical Best: 88.004%

Epoch: 08 | Batch: 000 | CrossEntropy-loss: 0.29256 | Correct: 1121/1280
Epoch: 08 | Batch: 100 | CrossEntropy-loss: 0.27632 | Correct: 1140/1280
Epoch: 08 | Batch: 200 | CrossEntropy-loss: 0.28298 | Correct: 1119/1280
Epoch: 08 | Batch: 300 | CrossEntropy-loss: 0.30562 | Correct: 1120/1280
Epoch: 08 | Batch: 400 | CrossEntropy-loss: 0.28403 | Correct: 1135/1280
Epoch: 08 | Batch: 500 | CrossEntropy-loss: 0.28542 | Correct: 1112/1280
Epoch: 08 | Batch: 600 | CrossEntropy-loss: 0.28613 | Correct: 1119/1280
Epoch: 08 | Batch: 700 | CrossEntropy-loss: 0.29689 | Correct: 1145/1280
Epoch: 08 | Batch: 800 | CrossEntropy-loss: 0.29677 | Correct: 1114/1280
Epoch: 08 | Batch: 900 | CrossEntropy-loss: 0.28358 | Correct: 1126/1280
Epoch: 08 | Batch: 1000 | CrossEntropy-loss: 0.26067 | Correct: 1140/1280
Epoch: 08 | Batch: 1100 | CrossEntropy-loss: 0.27430 | Correct: 1137/1280
Epoch: 08 | Batch: 1200 | CrossEntropy-loss: 0.28554 | Correct: 1136/1280
Epoch: 08 | Batch: 1300 | CrossEntropy-loss: 0.25814 | Correct: 1145/1280
Epoch: 08 | Batch: 1400 | CrossEntropy-loss: 0.28087 | Correct: 1133/1280
Epoch: 08 | Batch: 1500 | CrossEntropy-loss: 0.28039 | Correct: 1136/1280

Epoch: 08 | Testing Accuracy: 448005/504607 (88.783%) | Historical Best: 88.783%

Epoch: 09 | Batch: 000 | CrossEntropy-loss: 0.27000 | Correct: 1150/1280
Epoch: 09 | Batch: 100 | CrossEntropy-loss: 0.25824 | Correct: 1142/1280
Epoch: 09 | Batch: 200 | CrossEntropy-loss: 0.26958 | Correct: 1142/1280
Epoch: 09 | Batch: 300 | CrossEntropy-loss: 0.30208 | Correct: 1112/1280
Epoch: 09 | Batch: 400 | CrossEntropy-loss: 0.26408 | Correct: 1140/1280
Epoch: 09 | Batch: 500 | CrossEntropy-loss: 0.25836 | Correct: 1156/1280
Epoch: 09 | Batch: 600 | CrossEntropy-loss: 0.25419 | Correct: 1153/1280
Epoch: 09 | Batch: 700 | CrossEntropy-loss: 0.26350 | Correct: 1141/1280
Epoch: 09 | Batch: 800 | CrossEntropy-loss: 0.27588 | Correct: 1128/1280
Epoch: 09 | Batch: 900 | CrossEntropy-loss: 0.26432 | Correct: 1144/1280
Epoch: 09 | Batch: 1000 | CrossEntropy-loss: 0.25662 | Correct: 1165/1280
Epoch: 09 | Batch: 1100 | CrossEntropy-loss: 0.26475 | Correct: 1148/1280
Epoch: 09 | Batch: 1200 | CrossEntropy-loss: 0.25001 | Correct: 1141/1280
Epoch: 09 | Batch: 1300 | CrossEntropy-loss: 0.24060 | Correct: 1145/1280
Epoch: 09 | Batch: 1400 | CrossEntropy-loss: 0.25555 | Correct: 1148/1280
Epoch: 09 | Batch: 1500 | CrossEntropy-loss: 0.23389 | Correct: 1155/1280

Epoch: 09 | Testing Accuracy: 452599/504607 (89.693%) | Historical Best: 89.693%

Epoch: 10 | Batch: 000 | CrossEntropy-loss: 0.27510 | Correct: 1142/1280
Epoch: 10 | Batch: 100 | CrossEntropy-loss: 0.25976 | Correct: 1150/1280
Epoch: 10 | Batch: 200 | CrossEntropy-loss: 0.24097 | Correct: 1155/1280
Epoch: 10 | Batch: 300 | CrossEntropy-loss: 0.24347 | Correct: 1157/1280
Epoch: 10 | Batch: 400 | CrossEntropy-loss: 0.23994 | Correct: 1148/1280
Epoch: 10 | Batch: 500 | CrossEntropy-loss: 0.25869 | Correct: 1138/1280
Epoch: 10 | Batch: 600 | CrossEntropy-loss: 0.26757 | Correct: 1130/1280
Epoch: 10 | Batch: 700 | CrossEntropy-loss: 0.25657 | Correct: 1132/1280
Epoch: 10 | Batch: 800 | CrossEntropy-loss: 0.23429 | Correct: 1154/1280
Epoch: 10 | Batch: 900 | CrossEntropy-loss: 0.24371 | Correct: 1144/1280
Epoch: 10 | Batch: 1000 | CrossEntropy-loss: 0.23689 | Correct: 1144/1280
Epoch: 10 | Batch: 1100 | CrossEntropy-loss: 0.24198 | Correct: 1153/1280
Epoch: 10 | Batch: 1200 | CrossEntropy-loss: 0.25058 | Correct: 1147/1280
Epoch: 10 | Batch: 1300 | CrossEntropy-loss: 0.24520 | Correct: 1155/1280
Epoch: 10 | Batch: 1400 | CrossEntropy-loss: 0.21835 | Correct: 1168/1280
Epoch: 10 | Batch: 1500 | CrossEntropy-loss: 0.24022 | Correct: 1168/1280

Epoch: 10 | Testing Accuracy: 456092/504607 (90.386%) | Historical Best: 90.386%

Epoch: 11 | Batch: 000 | CrossEntropy-loss: 0.25667 | Correct: 1146/1280
Epoch: 11 | Batch: 100 | CrossEntropy-loss: 0.24313 | Correct: 1152/1280
Epoch: 11 | Batch: 200 | CrossEntropy-loss: 0.23776 | Correct: 1174/1280
Epoch: 11 | Batch: 300 | CrossEntropy-loss: 0.23776 | Correct: 1174/1280
Epoch: 11 | Batch: 400 | CrossEntropy-loss: 0.23397 | Correct: 1162/1280
Epoch: 11 | Batch: 500 | CrossEntropy-loss: 0.22226 | Correct: 1166/1280
Epoch: 11 | Batch: 600 | CrossEntropy-loss: 0.22394 | Correct: 1171/1280
Epoch: 11 | Batch: 700 | CrossEntropy-loss: 0.21699 | Correct: 1164/1280
Epoch: 11 | Batch: 800 | CrossEntropy-loss: 0.22426 | Correct: 1175/1280
Epoch: 11 | Batch: 900 | CrossEntropy-loss: 0.24453 | Correct: 1168/1280
Epoch: 11 | Batch: 1000 | CrossEntropy-loss: 0.23767 | Correct: 1177/1280
Epoch: 11 | Batch: 1100 | CrossEntropy-loss: 0.22549 | Correct: 1169/1280
Epoch: 11 | Batch: 1200 | CrossEntropy-loss: 0.21885 | Correct: 1172/1280
Epoch: 11 | Batch: 1300 | CrossEntropy-loss: 0.24620 | Correct: 1147/1280
Epoch: 11 | Batch: 1400 | CrossEntropy-loss: 0.21679 | Correct: 1179/1280
Epoch: 11 | Batch: 1500 | CrossEntropy-loss: 0.23038 | Correct: 1173/1280

Epoch: 11 | Testing Accuracy: 460708/504607 (91.300%) | Historical Best: 91.300%

Epoch: 12 | Batch: 000 | CrossEntropy-loss: 0.23315 | Correct: 1161/1280
Epoch: 12 | Batch: 100 | CrossEntropy-loss: 0.23048 | Correct: 1175/1280
Epoch: 12 | Batch: 200 | CrossEntropy-loss: 0.19903 | Correct: 1185/1280
Epoch: 12 | Batch: 300 | CrossEntropy-loss: 0.21616 | Correct: 1171/1280
Epoch: 12 | Batch: 400 | CrossEntropy-loss: 0.21663 | Correct: 1180/1280
Epoch: 12 | Batch: 500 | CrossEntropy-loss: 0.22536 | Correct: 1176/1280
Epoch: 12 | Batch: 600 | CrossEntropy-loss: 0.21948 | Correct: 1166/1280
Epoch: 12 | Batch: 700 | CrossEntropy-loss: 0.20887 | Correct: 1183/1280
Epoch: 12 | Batch: 800 | CrossEntropy-loss: 0.21689 | Correct: 1178/1280
Epoch: 12 | Batch: 900 | CrossEntropy-loss: 0.24226 | Correct: 1165/1280
Epoch: 12 | Batch: 1000 | CrossEntropy-loss: 0.20805 | Correct: 1177/1280
Epoch: 12 | Batch: 1100 | CrossEntropy-loss: 0.22517 | Correct: 1184/1280
Epoch: 12 | Batch: 1200 | CrossEntropy-loss: 0.21222 | Correct: 1173/1280
Epoch: 12 | Batch: 1300 | CrossEntropy-loss: 0.22845 | Correct: 1157/1280
Epoch: 12 | Batch: 1400 | CrossEntropy-loss: 0.22121 | Correct: 1177/1280
Epoch: 12 | Batch: 1500 | CrossEntropy-loss: 0.21859 | Correct: 1167/1280

Epoch: 12 | Testing Accuracy: 464314/504607 (92.015%) | Historical Best: 92.015%

Epoch: 13 | Batch: 000 | CrossEntropy-loss: 0.24372 | Correct: 1160/1280
Epoch: 13 | Batch: 100 | CrossEntropy-loss: 0.22548 | Correct: 1163/1280
Epoch: 13 | Batch: 200 | CrossEntropy-loss: 0.19515 | Correct: 1190/1280
Epoch: 13 | Batch: 300 | CrossEntropy-loss: 0.21387 | Correct: 1186/1280
Epoch: 13 | Batch: 400 | CrossEntropy-loss: 0.20988 | Correct: 1180/1280
Epoch: 13 | Batch: 500 | CrossEntropy-loss: 0.22400 | Correct: 1172/1280
Epoch: 13 | Batch: 600 | CrossEntropy-loss: 0.19365 | Correct: 1191/1280
Epoch: 13 | Batch: 700 | CrossEntropy-loss: 0.21740 | Correct: 1179/1280
Epoch: 13 | Batch: 800 | CrossEntropy-loss: 0.19491 | Correct: 1186/1280
Epoch: 13 | Batch: 900 | CrossEntropy-loss: 0.21380 | Correct: 1186/1280
Epoch: 13 | Batch: 1000 | CrossEntropy-loss: 0.19994 | Correct: 1202/1280
Epoch: 13 | Batch: 1100 | CrossEntropy-loss: 0.21541 | Correct: 1174/1280
Epoch: 13 | Batch: 1200 | CrossEntropy-loss: 0.21298 | Correct: 1176/1280
Epoch: 13 | Batch: 1300 | CrossEntropy-loss: 0.24212 | Correct: 1161/1280
Epoch: 13 | Batch: 1400 | CrossEntropy-loss: 0.20117 | Correct: 1198/1280
Epoch: 13 | Batch: 1500 | CrossEntropy-loss: 0.20258 | Correct: 1174/1280

Epoch: 13 | Testing Accuracy: 469172/504607 (92.978%) | Historical Best: 92.978%

Epoch: 14 | Batch: 000 | CrossEntropy-loss: 0.20001 | Correct: 1198/1280
Epoch: 14 | Batch: 100 | CrossEntropy-loss: 0.20928 | Correct: 1171/1280
Epoch: 14 | Batch: 200 | CrossEntropy-loss: 0.21543 | Correct: 1182/1280
Epoch: 14 | Batch: 300 | CrossEntropy-loss: 0.19632 | Correct: 1195/1280
Epoch: 14 | Batch: 400 | CrossEntropy-loss: 0.20948 | Correct: 1193/1280
Epoch: 14 | Batch: 500 | CrossEntropy-loss: 0.20673 | Correct: 1195/1280
Epoch: 14 | Batch: 600 | CrossEntropy-loss: 0.21570 | Correct: 1181/1280
Epoch: 14 | Batch: 700 | CrossEntropy-loss: 0.17162 | Correct: 1208/1280
Epoch: 14 | Batch: 800 | CrossEntropy-loss: 0.18929 | Correct: 1204/1280
Epoch: 14 | Batch: 900 | CrossEntropy-loss: 0.20485 | Correct: 1183/1280
Epoch: 14 | Batch: 1000 | CrossEntropy-loss: 0.17218 | Correct: 1213/1280
Epoch: 14 | Batch: 1100 | CrossEntropy-loss: 0.20332 | Correct: 1198/1280
Epoch: 14 | Batch: 1200 | CrossEntropy-loss: 0.20605 | Correct: 1190/1280
Epoch: 14 | Batch: 1300 | CrossEntropy-loss: 0.19473 | Correct: 1193/1280
Epoch: 14 | Batch: 1400 | CrossEntropy-loss: 0.18366 | Correct: 1203/1280
Epoch: 14 | Batch: 1500 | CrossEntropy-loss: 0.18604 | Correct: 1196/1280

Epoch: 14 | Testing Accuracy: 471014/504607 (93.343%) | Historical Best: 93.343%

Epoch: 15 | Batch: 000 | CrossEntropy-loss: 0.19680 | Correct: 1200/1280
Epoch: 15 | Batch: 100 | CrossEntropy-loss: 0.18764 | Correct: 1200/1280
Epoch: 15 | Batch: 200 | CrossEntropy-loss: 0.20046 | Correct: 1200/1280
Epoch: 15 | Batch: 300 | CrossEntropy-loss: 0.19911 | Correct: 1191/1280
Epoch: 15 | Batch: 400 | CrossEntropy-loss: 0.19238 | Correct: 1208/1280
Epoch: 15 | Batch: 500 | CrossEntropy-loss: 0.16974 | Correct: 1206/1280
Epoch: 15 | Batch: 600 | CrossEntropy-loss: 0.18177 | Correct: 1195/1280
Epoch: 15 | Batch: 700 | CrossEntropy-loss: 0.20585 | Correct: 1194/1280
Epoch: 15 | Batch: 800 | CrossEntropy-loss: 0.18029 | Correct: 1214/1280
Epoch: 15 | Batch: 900 | CrossEntropy-loss: 0.17854 | Correct: 1196/1280
Epoch: 15 | Batch: 1000 | CrossEntropy-loss: 0.19053 | Correct: 1200/1280
Epoch: 15 | Batch: 1100 | CrossEntropy-loss: 0.17010 | Correct: 1204/1280
Epoch: 15 | Batch: 1200 | CrossEntropy-loss: 0.18375 | Correct: 1197/1280
Epoch: 15 | Batch: 1300 | CrossEntropy-loss: 0.18721 | Correct: 1183/1280
Epoch: 15 | Batch: 1400 | CrossEntropy-loss: 0.18579 | Correct: 1199/1280
Epoch: 15 | Batch: 1500 | CrossEntropy-loss: 0.20066 | Correct: 1190/1280

Epoch: 15 | Testing Accuracy: 473174/504607 (93.771%) | Historical Best: 93.771%

Epoch: 16 | Batch: 000 | CrossEntropy-loss: 0.19203 | Correct: 1202/1280
Epoch: 16 | Batch: 100 | CrossEntropy-loss: 0.19623 | Correct: 1198/1280
Epoch: 16 | Batch: 200 | CrossEntropy-loss: 0.17908 | Correct: 1209/1280
Epoch: 16 | Batch: 300 | CrossEntropy-loss: 0.18946 | Correct: 1189/1280
Epoch: 16 | Batch: 400 | CrossEntropy-loss: 0.19908 | Correct: 1193/1280
Epoch: 16 | Batch: 500 | CrossEntropy-loss: 0.18493 | Correct: 1205/1280
Epoch: 16 | Batch: 600 | CrossEntropy-loss: 0.18092 | Correct: 1202/1280
Epoch: 16 | Batch: 700 | CrossEntropy-loss: 0.17639 | Correct: 1212/1280
Epoch: 16 | Batch: 800 | CrossEntropy-loss: 0.19958 | Correct: 1198/1280
Epoch: 16 | Batch: 900 | CrossEntropy-loss: 0.17886 | Correct: 1204/1280
Epoch: 16 | Batch: 1000 | CrossEntropy-loss: 0.16360 | Correct: 1212/1280
Epoch: 16 | Batch: 1100 | CrossEntropy-loss: 0.18301 | Correct: 1198/1280
Epoch: 16 | Batch: 1200 | CrossEntropy-loss: 0.18023 | Correct: 1199/1280
Epoch: 16 | Batch: 1300 | CrossEntropy-loss: 0.17445 | Correct: 1214/1280
Epoch: 16 | Batch: 1400 | CrossEntropy-loss: 0.17134 | Correct: 1208/1280
Epoch: 16 | Batch: 1500 | CrossEntropy-loss: 0.17172 | Correct: 1215/1280

Epoch: 16 | Testing Accuracy: 475492/504607 (94.230%) | Historical Best: 94.230%

Epoch: 17 | Batch: 000 | CrossEntropy-loss: 0.18417 | Correct: 1194/1280
Epoch: 17 | Batch: 100 | CrossEntropy-loss: 0.18714 | Correct: 1202/1280
Epoch: 17 | Batch: 200 | CrossEntropy-loss: 0.16974 | Correct: 1203/1280
Epoch: 17 | Batch: 300 | CrossEntropy-loss: 0.15596 | Correct: 1214/1280
Epoch: 17 | Batch: 400 | CrossEntropy-loss: 0.15590 | Correct: 1218/1280
Epoch: 17 | Batch: 500 | CrossEntropy-loss: 0.17795 | Correct: 1199/1280
Epoch: 17 | Batch: 600 | CrossEntropy-loss: 0.17674 | Correct: 1207/1280
Epoch: 17 | Batch: 700 | CrossEntropy-loss: 0.17674 | Correct: 1210/1280
Epoch: 17 | Batch: 800 | CrossEntropy-loss: 0.19255 | Correct: 1191/1280
Epoch: 17 | Batch: 900 | CrossEntropy-loss: 0.17305 | Correct: 1212/1280
Epoch: 17 | Batch: 1000 | CrossEntropy-loss: 0.17386 | Correct: 1205/1280
Epoch: 17 | Batch: 1100 | CrossEntropy-loss: 0.17322 | Correct: 1214/1280
Epoch: 17 | Batch: 1200 | CrossEntropy-loss: 0.15886 | Correct: 1212/1280
Epoch: 17 | Batch: 1300 | CrossEntropy-loss: 0.17605 | Correct: 1198/1280
Epoch: 17 | Batch: 1400 | CrossEntropy-loss: 0.16615 | Correct: 1207/1280
Epoch: 17 | Batch: 1500 | CrossEntropy-loss: 0.17399 | Correct: 1202/1280

Epoch: 17 | Testing Accuracy: 477478/504607 (94.624%) | Historical Best: 94.624%

Epoch: 18 | Batch: 000 | CrossEntropy-loss: 0.17890 | Correct: 1198/1280
Epoch: 18 | Batch: 100 | CrossEntropy-loss: 0.14799 | Correct: 1220/1280
Epoch: 18 | Batch: 200 | CrossEntropy-loss: 0.17157 | Correct: 1207/1280
Epoch: 18 | Batch: 300 | CrossEntropy-loss: 0.16785 | Correct: 1222/1280
Epoch: 18 | Batch: 400 | CrossEntropy-loss: 0.16036 | Correct: 1210/1280
Epoch: 18 | Batch: 500 | CrossEntropy-loss: 0.15729 | Correct: 1218/1280
Epoch: 18 | Batch: 600 | CrossEntropy-loss: 0.16553 | Correct: 1206/1280
Epoch: 18 | Batch: 700 | CrossEntropy-loss: 0.15339 | Correct: 1224/1280
Epoch: 18 | Batch: 800 | CrossEntropy-loss: 0.17955 | Correct: 1199/1280
Epoch: 18 | Batch: 900 | CrossEntropy-loss: 0.16037 | Correct: 1215/1280
Epoch: 18 | Batch: 1000 | CrossEntropy-loss: 0.19093 | Correct: 1188/1280
Epoch: 18 | Batch: 1100 | CrossEntropy-loss: 0.16916 | Correct: 1217/1280
Epoch: 18 | Batch: 1200 | CrossEntropy-loss: 0.16635 | Correct: 1213/1280
Epoch: 18 | Batch: 1300 | CrossEntropy-loss: 0.14555 | Correct: 1224/1280
Epoch: 18 | Batch: 1400 | CrossEntropy-loss: 0.17778 | Correct: 1197/1280
Epoch: 18 | Batch: 1500 | CrossEntropy-loss: 0.14640 | Correct: 1218/1280

Epoch: 18 | Testing Accuracy: 478739/504607 (94.874%) | Historical Best: 94.874%

Epoch: 19 | Batch: 000 | CrossEntropy-loss: 0.15367 | Correct: 1216/1280
Epoch: 19 | Batch: 100 | CrossEntropy-loss: 0.16381 | Correct: 1216/1280
Epoch: 19 | Batch: 200 | CrossEntropy-loss: 0.18248 | Correct: 1208/1280
Epoch: 19 | Batch: 300 | CrossEntropy-loss: 0.14984 | Correct: 1224/1280
Epoch: 19 | Batch: 400 | CrossEntropy-loss: 0.15276 | Correct: 1224/1280
Epoch: 19 | Batch: 500 | CrossEntropy-loss: 0.15011 | Correct: 1212/1280
Epoch: 19 | Batch: 600 | CrossEntropy-loss: 0.14942 | Correct: 1221/1280
Epoch: 19 | Batch: 700 | CrossEntropy-loss: 0.15234 | Correct: 1224/1280
Epoch: 19 | Batch: 800 | CrossEntropy-loss: 0.16073 | Correct: 1217/1280
Epoch: 19 | Batch: 900 | CrossEntropy-loss: 0.14131 | Correct: 1228/1280
Epoch: 19 | Batch: 1000 | CrossEntropy-loss: 0.15520 | Correct: 1217/1280
Epoch: 19 | Batch: 1100 | CrossEntropy-loss: 0.16004 | Correct: 1206/1280
Epoch: 19 | Batch: 1200 | CrossEntropy-loss: 0.13371 | Correct: 1227/1280
Epoch: 19 | Batch: 1300 | CrossEntropy-loss: 0.15900 | Correct: 1219/1280
Epoch: 19 | Batch: 1400 | CrossEntropy-loss: 0.14759 | Correct: 1220/1280
Epoch: 19 | Batch: 1500 | CrossEntropy-loss: 0.15566 | Correct: 1222/1280

Epoch: 19 | Testing Accuracy: 480611/504607 (95.245%) | Historical Best: 95.245%

Epoch: 20 | Batch: 000 | CrossEntropy-loss: 0.15497 | Correct: 1225/1280
Epoch: 20 | Batch: 100 | CrossEntropy-loss: 0.17251 | Correct: 1208/1280
Epoch: 20 | Batch: 200 | CrossEntropy-loss: 0.16011 | Correct: 1216/1280
Epoch: 20 | Batch: 300 | CrossEntropy-loss: 0.17248 | Correct: 1198/1280
Epoch: 20 | Batch: 400 | CrossEntropy-loss: 0.15422 | Correct: 1210/1280
Epoch: 20 | Batch: 500 | CrossEntropy-loss: 0.14307 | Correct: 1227/1280
Epoch: 20 | Batch: 600 | CrossEntropy-loss: 0.17007 | Correct: 1215/1280
Epoch: 20 | Batch: 700 | CrossEntropy-loss: 0.16611 | Correct: 1216/1280
Epoch: 20 | Batch: 800 | CrossEntropy-loss: 0.14822 | Correct: 1221/1280
Epoch: 20 | Batch: 900 | CrossEntropy-loss: 0.15031 | Correct: 1226/1280
Epoch: 20 | Batch: 1000 | CrossEntropy-loss: 0.15765 | Correct: 1222/1280
Epoch: 20 | Batch: 1100 | CrossEntropy-loss: 0.17228 | Correct: 1218/1280
Epoch: 20 | Batch: 1200 | CrossEntropy-loss: 0.16551 | Correct: 1213/1280
Epoch: 20 | Batch: 1300 | CrossEntropy-loss: 0.14838 | Correct: 1221/1280
Epoch: 20 | Batch: 1400 | CrossEntropy-loss: 0.16209 | Correct: 1214/1280
Epoch: 20 | Batch: 1500 | CrossEntropy-loss: 0.15649 | Correct: 1215/1280

Epoch: 20 | Testing Accuracy: 482429/504607 (95.605%) | Historical Best: 95.605%

Epoch: 21 | Batch: 000 | CrossEntropy-loss: 0.16977 | Correct: 1208/1280
Epoch: 21 | Batch: 100 | CrossEntropy-loss: 0.13265 | Correct: 1227/1280
Epoch: 21 | Batch: 200 | CrossEntropy-loss: 0.14308 | Correct: 1225/1280
Epoch: 21 | Batch: 300 | CrossEntropy-loss: 0.14437 | Correct: 1211/1280
Epoch: 21 | Batch: 400 | CrossEntropy-loss: 0.15960 | Correct: 1208/1280
Epoch: 21 | Batch: 500 | CrossEntropy-loss: 0.15050 | Correct: 1217/1280
Epoch: 21 | Batch: 600 | CrossEntropy-loss: 0.14154 | Correct: 1222/1280
Epoch: 21 | Batch: 700 | CrossEntropy-loss: 0.15288 | Correct: 1223/1280
Epoch: 21 | Batch: 800 | CrossEntropy-loss: 0.12989 | Correct: 1236/1280
Epoch: 21 | Batch: 900 | CrossEntropy-loss: 0.15405 | Correct: 1220/1280
Epoch: 21 | Batch: 1000 | CrossEntropy-loss: 0.15236 | Correct: 1224/1280
Epoch: 21 | Batch: 1100 | CrossEntropy-loss: 0.13351 | Correct: 1223/1280
Epoch: 21 | Batch: 1200 | CrossEntropy-loss: 0.13009 | Correct: 1228/1280
Epoch: 21 | Batch: 1300 | CrossEntropy-loss: 0.15691 | Correct: 1221/1280
Epoch: 21 | Batch: 1400 | CrossEntropy-loss: 0.16457 | Correct: 1208/1280
Epoch: 21 | Batch: 1500 | CrossEntropy-loss: 0.14363 | Correct: 1226/1280

Epoch: 21 | Testing Accuracy: 482477/504607 (95.614%) | Historical Best: 95.614%

Epoch: 22 | Batch: 000 | CrossEntropy-loss: 0.15123 | Correct: 1219/1280
Epoch: 22 | Batch: 100 | CrossEntropy-loss: 0.15322 | Correct: 1218/1280
Epoch: 22 | Batch: 200 | CrossEntropy-loss: 0.14040 | Correct: 1223/1280
Epoch: 22 | Batch: 300 | CrossEntropy-loss: 0.12664 | Correct: 1228/1280
Epoch: 22 | Batch: 400 | CrossEntropy-loss: 0.15478 | Correct: 1222/1280
Epoch: 22 | Batch: 500 | CrossEntropy-loss: 0.13934 | Correct: 1231/1280
Epoch: 22 | Batch: 600 | CrossEntropy-loss: 0.14908 | Correct: 1226/1280
Epoch: 22 | Batch: 700 | CrossEntropy-loss: 0.12844 | Correct: 1233/1280
Epoch: 22 | Batch: 800 | CrossEntropy-loss: 0.14685 | Correct: 1227/1280
Epoch: 22 | Batch: 900 | CrossEntropy-loss: 0.14434 | Correct: 1228/1280
Epoch: 22 | Batch: 1000 | CrossEntropy-loss: 0.16070 | Correct: 1204/1280
Epoch: 22 | Batch: 1100 | CrossEntropy-loss: 0.12883 | Correct: 1230/1280
Epoch: 22 | Batch: 1200 | CrossEntropy-loss: 0.15527 | Correct: 1218/1280
Epoch: 22 | Batch: 1300 | CrossEntropy-loss: 0.14885 | Correct: 1213/1280
Epoch: 22 | Batch: 1400 | CrossEntropy-loss: 0.14572 | Correct: 1222/1280
Epoch: 22 | Batch: 1500 | CrossEntropy-loss: 0.14163 | Correct: 1226/1280

Epoch: 22 | Testing Accuracy: 483498/504607 (95.817%) | Historical Best: 95.817%

Epoch: 23 | Batch: 000 | CrossEntropy-loss: 0.13396 | Correct: 1224/1280
Epoch: 23 | Batch: 100 | CrossEntropy-loss: 0.13813 | Correct: 1227/1280
Epoch: 23 | Batch: 200 | CrossEntropy-loss: 0.13144 | Correct: 1234/1280
Epoch: 23 | Batch: 300 | CrossEntropy-loss: 0.14289 | Correct: 1222/1280
Epoch: 23 | Batch: 400 | CrossEntropy-loss: 0.14986 | Correct: 1223/1280
Epoch: 23 | Batch: 500 | CrossEntropy-loss: 0.13275 | Correct: 1222/1280
Epoch: 23 | Batch: 600 | CrossEntropy-loss: 0.13514 | Correct: 1230/1280
Epoch: 23 | Batch: 700 | CrossEntropy-loss: 0.13041 | Correct: 1224/1280
Epoch: 23 | Batch: 800 | CrossEntropy-loss: 0.13823 | Correct: 1228/1280
Epoch: 23 | Batch: 900 | CrossEntropy-loss: 0.14667 | Correct: 1205/1280
Epoch: 23 | Batch: 1000 | CrossEntropy-loss: 0.14336 | Correct: 1228/1280
Epoch: 23 | Batch: 1100 | CrossEntropy-loss: 0.13995 | Correct: 1223/1280
Epoch: 23 | Batch: 1200 | CrossEntropy-loss: 0.13117 | Correct: 1229/1280
Epoch: 23 | Batch: 1300 | CrossEntropy-loss: 0.15660 | Correct: 1210/1280
Epoch: 23 | Batch: 1400 | CrossEntropy-loss: 0.12576 | Correct: 1230/1280
Epoch: 23 | Batch: 1500 | CrossEntropy-loss: 0.14583 | Correct: 1226/1280

Epoch: 23 | Testing Accuracy: 484039/504607 (95.924%) | Historical Best: 95.924%

Epoch: 24 | Batch: 000 | CrossEntropy-loss: 0.13366 | Correct: 1223/1280
Epoch: 24 | Batch: 100 | CrossEntropy-loss: 0.13762 | Correct: 1227/1280
Epoch: 24 | Batch: 200 | CrossEntropy-loss: 0.13026 | Correct: 1237/1280
Epoch: 24 | Batch: 300 | CrossEntropy-loss: 0.14586 | Correct: 1223/1280
Epoch: 24 | Batch: 400 | CrossEntropy-loss: 0.14317 | Correct: 1226/1280
Epoch: 24 | Batch: 500 | CrossEntropy-loss: 0.14903 | Correct: 1216/1280
Epoch: 24 | Batch: 600 | CrossEntropy-loss: 0.11293 | Correct: 1240/1280
Epoch: 24 | Batch: 700 | CrossEntropy-loss: 0.15730 | Correct: 1211/1280
Epoch: 24 | Batch: 800 | CrossEntropy-loss: 0.15613 | Correct: 1221/1280
Epoch: 24 | Batch: 900 | CrossEntropy-loss: 0.15820 | Correct: 1214/1280
Epoch: 24 | Batch: 1000 | CrossEntropy-loss: 0.15427 | Correct: 1217/1280
Epoch: 24 | Batch: 1100 | CrossEntropy-loss: 0.14301 | Correct: 1230/1280
Epoch: 24 | Batch: 1200 | CrossEntropy-loss: 0.11043 | Correct: 1234/1280
Epoch: 24 | Batch: 1300 | CrossEntropy-loss: 0.14090 | Correct: 1228/1280
Epoch: 24 | Batch: 1400 | CrossEntropy-loss: 0.13029 | Correct: 1219/1280
Epoch: 24 | Batch: 1500 | CrossEntropy-loss: 0.13133 | Correct: 1226/1280

Epoch: 24 | Testing Accuracy: 484702/504607 (96.055%) | Historical Best: 96.055%

Epoch: 25 | Batch: 000 | CrossEntropy-loss: 0.12959 | Correct: 1233/1280
Epoch: 25 | Batch: 100 | CrossEntropy-loss: 0.13986 | Correct: 1230/1280
Epoch: 25 | Batch: 200 | CrossEntropy-loss: 0.14276 | Correct: 1213/1280
Epoch: 25 | Batch: 300 | CrossEntropy-loss: 0.14843 | Correct: 1223/1280
Epoch: 25 | Batch: 400 | CrossEntropy-loss: 0.12715 | Correct: 1226/1280
Epoch: 25 | Batch: 500 | CrossEntropy-loss: 0.12686 | Correct: 1235/1280
Epoch: 25 | Batch: 600 | CrossEntropy-loss: 0.12419 | Correct: 1239/1280
Epoch: 25 | Batch: 700 | CrossEntropy-loss: 0.14308 | Correct: 1218/1280
Epoch: 25 | Batch: 800 | CrossEntropy-loss: 0.13263 | Correct: 1225/1280
Epoch: 25 | Batch: 900 | CrossEntropy-loss: 0.13974 | Correct: 1226/1280
Epoch: 25 | Batch: 1000 | CrossEntropy-loss: 0.12893 | Correct: 1231/1280
Epoch: 25 | Batch: 1100 | CrossEntropy-loss: 0.12115 | Correct: 1236/1280
Epoch: 25 | Batch: 1200 | CrossEntropy-loss: 0.12323 | Correct: 1237/1280
Epoch: 25 | Batch: 1300 | CrossEntropy-loss: 0.15164 | Correct: 1218/1280
Epoch: 25 | Batch: 1400 | CrossEntropy-loss: 0.12887 | Correct: 1234/1280
Epoch: 25 | Batch: 1500 | CrossEntropy-loss: 0.10117 | Correct: 1241/1280

Epoch: 25 | Testing Accuracy: 484585/504607 (96.032%) | Historical Best: 96.055%

Epoch: 26 | Batch: 000 | CrossEntropy-loss: 0.12247 | Correct: 1229/1280
Epoch: 26 | Batch: 100 | CrossEntropy-loss: 0.12740 | Correct: 1231/1280
Epoch: 26 | Batch: 200 | CrossEntropy-loss: 0.11574 | Correct: 1231/1280
Epoch: 26 | Batch: 300 | CrossEntropy-loss: 0.12202 | Correct: 1235/1280
Epoch: 26 | Batch: 400 | CrossEntropy-loss: 0.13568 | Correct: 1220/1280
Epoch: 26 | Batch: 500 | CrossEntropy-loss: 0.12880 | Correct: 1227/1280
Epoch: 26 | Batch: 600 | CrossEntropy-loss: 0.11765 | Correct: 1240/1280
Epoch: 26 | Batch: 700 | CrossEntropy-loss: 0.12141 | Correct: 1236/1280
Epoch: 26 | Batch: 800 | CrossEntropy-loss: 0.12363 | Correct: 1236/1280
Epoch: 26 | Batch: 900 | CrossEntropy-loss: 0.12772 | Correct: 1234/1280
Epoch: 26 | Batch: 1000 | CrossEntropy-loss: 0.13227 | Correct: 1233/1280
Epoch: 26 | Batch: 1100 | CrossEntropy-loss: 0.12256 | Correct: 1230/1280
Epoch: 26 | Batch: 1200 | CrossEntropy-loss: 0.13309 | Correct: 1225/1280
Epoch: 26 | Batch: 1300 | CrossEntropy-loss: 0.13116 | Correct: 1221/1280
Epoch: 26 | Batch: 1400 | CrossEntropy-loss: 0.11101 | Correct: 1244/1280
Epoch: 26 | Batch: 1500 | CrossEntropy-loss: 0.13464 | Correct: 1224/1280

Epoch: 26 | Testing Accuracy: 484981/504607 (96.111%) | Historical Best: 96.111%

Epoch: 27 | Batch: 000 | CrossEntropy-loss: 0.12965 | Correct: 1236/1280
Epoch: 27 | Batch: 100 | CrossEntropy-loss: 0.13852 | Correct: 1228/1280
Epoch: 27 | Batch: 200 | CrossEntropy-loss: 0.11076 | Correct: 1234/1280
Epoch: 27 | Batch: 300 | CrossEntropy-loss: 0.12634 | Correct: 1233/1280
Epoch: 27 | Batch: 400 | CrossEntropy-loss: 0.12684 | Correct: 1223/1280
Epoch: 27 | Batch: 500 | CrossEntropy-loss: 0.13059 | Correct: 1229/1280
Epoch: 27 | Batch: 600 | CrossEntropy-loss: 0.12573 | Correct: 1227/1280
Epoch: 27 | Batch: 700 | CrossEntropy-loss: 0.10929 | Correct: 1247/1280
Epoch: 27 | Batch: 800 | CrossEntropy-loss: 0.12338 | Correct: 1239/1280
Epoch: 27 | Batch: 900 | CrossEntropy-loss: 0.12441 | Correct: 1237/1280
Epoch: 27 | Batch: 1000 | CrossEntropy-loss: 0.12719 | Correct: 1232/1280
Epoch: 27 | Batch: 1100 | CrossEntropy-loss: 0.12514 | Correct: 1230/1280
Epoch: 27 | Batch: 1200 | CrossEntropy-loss: 0.15092 | Correct: 1225/1280
Epoch: 27 | Batch: 1300 | CrossEntropy-loss: 0.13115 | Correct: 1227/1280
Epoch: 27 | Batch: 1400 | CrossEntropy-loss: 0.12389 | Correct: 1230/1280
Epoch: 27 | Batch: 1500 | CrossEntropy-loss: 0.13401 | Correct: 1224/1280

Epoch: 27 | Testing Accuracy: 485606/504607 (96.234%) | Historical Best: 96.234%

Epoch: 28 | Batch: 000 | CrossEntropy-loss: 0.11681 | Correct: 1239/1280
Epoch: 28 | Batch: 100 | CrossEntropy-loss: 0.13385 | Correct: 1225/1280
Epoch: 28 | Batch: 200 | CrossEntropy-loss: 0.13053 | Correct: 1237/1280
Epoch: 28 | Batch: 300 | CrossEntropy-loss: 0.10642 | Correct: 1242/1280
Epoch: 28 | Batch: 400 | CrossEntropy-loss: 0.12316 | Correct: 1231/1280
Epoch: 28 | Batch: 500 | CrossEntropy-loss: 0.12526 | Correct: 1229/1280
Epoch: 28 | Batch: 600 | CrossEntropy-loss: 0.12364 | Correct: 1232/1280
Epoch: 28 | Batch: 700 | CrossEntropy-loss: 0.11510 | Correct: 1237/1280
Epoch: 28 | Batch: 800 | CrossEntropy-loss: 0.10992 | Correct: 1244/1280
Epoch: 28 | Batch: 900 | CrossEntropy-loss: 0.12666 | Correct: 1226/1280
Epoch: 28 | Batch: 1000 | CrossEntropy-loss: 0.10959 | Correct: 1243/1280
Epoch: 28 | Batch: 1100 | CrossEntropy-loss: 0.11559 | Correct: 1232/1280
Epoch: 28 | Batch: 1200 | CrossEntropy-loss: 0.13219 | Correct: 1226/1280
Epoch: 28 | Batch: 1300 | CrossEntropy-loss: 0.12185 | Correct: 1227/1280
Epoch: 28 | Batch: 1400 | CrossEntropy-loss: 0.12016 | Correct: 1239/1280
Epoch: 28 | Batch: 1500 | CrossEntropy-loss: 0.12474 | Correct: 1229/1280

Epoch: 28 | Testing Accuracy: 485913/504607 (96.295%) | Historical Best: 96.295%

Epoch: 29 | Batch: 000 | CrossEntropy-loss: 0.12761 | Correct: 1232/1280
Epoch: 29 | Batch: 100 | CrossEntropy-loss: 0.14264 | Correct: 1219/1280
Epoch: 29 | Batch: 200 | CrossEntropy-loss: 0.10835 | Correct: 1234/1280
Epoch: 29 | Batch: 300 | CrossEntropy-loss: 0.13158 | Correct: 1232/1280
Epoch: 29 | Batch: 400 | CrossEntropy-loss: 0.11223 | Correct: 1237/1280
Epoch: 29 | Batch: 500 | CrossEntropy-loss: 0.12924 | Correct: 1234/1280
Epoch: 29 | Batch: 600 | CrossEntropy-loss: 0.13757 | Correct: 1224/1280
Epoch: 29 | Batch: 700 | CrossEntropy-loss: 0.10538 | Correct: 1239/1280
Epoch: 29 | Batch: 800 | CrossEntropy-loss: 0.10996 | Correct: 1243/1280
Epoch: 29 | Batch: 900 | CrossEntropy-loss: 0.14660 | Correct: 1214/1280
Epoch: 29 | Batch: 1000 | CrossEntropy-loss: 0.12210 | Correct: 1232/1280
Epoch: 29 | Batch: 1100 | CrossEntropy-loss: 0.10360 | Correct: 1249/1280
Epoch: 29 | Batch: 1200 | CrossEntropy-loss: 0.11388 | Correct: 1238/1280
Epoch: 29 | Batch: 1300 | CrossEntropy-loss: 0.13632 | Correct: 1221/1280
Epoch: 29 | Batch: 1400 | CrossEntropy-loss: 0.11878 | Correct: 1229/1280
Epoch: 29 | Batch: 1500 | CrossEntropy-loss: 0.10735 | Correct: 1235/1280

Epoch: 29 | Testing Accuracy: 485870/504607 (96.287%) | Historical Best: 96.295%

Epoch: 30 | Batch: 000 | CrossEntropy-loss: 0.12024 | Correct: 1236/1280
Epoch: 30 | Batch: 100 | CrossEntropy-loss: 0.12037 | Correct: 1236/1280
Epoch: 30 | Batch: 200 | CrossEntropy-loss: 0.11806 | Correct: 1233/1280
Epoch: 30 | Batch: 300 | CrossEntropy-loss: 0.11528 | Correct: 1235/1280
Epoch: 30 | Batch: 400 | CrossEntropy-loss: 0.12326 | Correct: 1233/1280
Epoch: 30 | Batch: 500 | CrossEntropy-loss: 0.13667 | Correct: 1221/1280
Epoch: 30 | Batch: 600 | CrossEntropy-loss: 0.12372 | Correct: 1237/1280
Epoch: 30 | Batch: 700 | CrossEntropy-loss: 0.12838 | Correct: 1222/1280
Epoch: 30 | Batch: 800 | CrossEntropy-loss: 0.11505 | Correct: 1236/1280
Epoch: 30 | Batch: 900 | CrossEntropy-loss: 0.13992 | Correct: 1219/1280
Epoch: 30 | Batch: 1000 | CrossEntropy-loss: 0.09897 | Correct: 1240/1280
Epoch: 30 | Batch: 1100 | CrossEntropy-loss: 0.11494 | Correct: 1231/1280
Epoch: 30 | Batch: 1200 | CrossEntropy-loss: nan | Correct: 661/1280
Epoch: 30 | Batch: 1300 | CrossEntropy-loss: nan | Correct: 672/1280
Epoch: 30 | Batch: 1400 | CrossEntropy-loss: nan | Correct: 651/1280
Epoch: 30 | Batch: 1500 | CrossEntropy-loss: nan | Correct: 684/1280

Epoch: 30 | Testing Accuracy: 259943/504607 (51.514%) | Historical Best: 96.295%

Epoch: 31 | Batch: 000 | CrossEntropy-loss: nan | Correct: 656/1280
Epoch: 31 | Batch: 100 | CrossEntropy-loss: nan | Correct: 671/1280
Epoch: 31 | Batch: 200 | CrossEntropy-loss: nan | Correct: 691/1280
Epoch: 31 | Batch: 300 | CrossEntropy-loss: nan | Correct: 635/1280
Epoch: 31 | Batch: 400 | CrossEntropy-loss: nan | Correct: 655/1280
Epoch: 31 | Batch: 500 | CrossEntropy-loss: nan | Correct: 646/1280
Epoch: 31 | Batch: 600 | CrossEntropy-loss: nan | Correct: 662/1280
Epoch: 31 | Batch: 700 | CrossEntropy-loss: nan | Correct: 664/1280
Epoch: 31 | Batch: 800 | CrossEntropy-loss: nan | Correct: 636/1280
Epoch: 31 | Batch: 900 | CrossEntropy-loss: nan | Correct: 648/1280
Epoch: 31 | Batch: 1000 | CrossEntropy-loss: nan | Correct: 648/1280
Epoch: 31 | Batch: 1100 | CrossEntropy-loss: nan | Correct: 669/1280
Epoch: 31 | Batch: 1200 | CrossEntropy-loss: nan | Correct: 684/1280
Epoch: 31 | Batch: 1300 | CrossEntropy-loss: nan | Correct: 665/1280
Epoch: 31 | Batch: 1400 | CrossEntropy-loss: nan | Correct: 643/1280
Epoch: 31 | Batch: 1500 | CrossEntropy-loss: nan | Correct: 657/1280

Epoch: 31 | Testing Accuracy: 259943/504607 (51.514%) | Historical Best: 96.295%

Epoch: 32 | Batch: 000 | CrossEntropy-loss: nan | Correct: 652/1280
Epoch: 32 | Batch: 100 | CrossEntropy-loss: nan | Correct: 631/1280
Epoch: 32 | Batch: 200 | CrossEntropy-loss: nan | Correct: 649/1280
Epoch: 32 | Batch: 300 | CrossEntropy-loss: nan | Correct: 663/1280
Epoch: 32 | Batch: 400 | CrossEntropy-loss: nan | Correct: 684/1280
Epoch: 32 | Batch: 500 | CrossEntropy-loss: nan | Correct: 671/1280
Epoch: 32 | Batch: 600 | CrossEntropy-loss: nan | Correct: 656/1280
Epoch: 32 | Batch: 700 | CrossEntropy-loss: nan | Correct: 663/1280
Epoch: 32 | Batch: 800 | CrossEntropy-loss: nan | Correct: 647/1280
Epoch: 32 | Batch: 900 | CrossEntropy-loss: nan | Correct: 646/1280
Epoch: 32 | Batch: 1000 | CrossEntropy-loss: nan | Correct: 642/1280
Epoch: 32 | Batch: 1100 | CrossEntropy-loss: nan | Correct: 669/1280
Epoch: 32 | Batch: 1200 | CrossEntropy-loss: nan | Correct: 681/1280
Epoch: 32 | Batch: 1300 | CrossEntropy-loss: nan | Correct: 663/1280
Epoch: 32 | Batch: 1400 | CrossEntropy-loss: nan | Correct: 676/1280
Epoch: 32 | Batch: 1500 | CrossEntropy-loss: nan | Correct: 682/1280

Epoch: 32 | Testing Accuracy: 259943/504607 (51.514%) | Historical Best: 96.295%

Epoch: 33 | Batch: 000 | CrossEntropy-loss: nan | Correct: 670/1280
Epoch: 33 | Batch: 100 | CrossEntropy-loss: nan | Correct: 654/1280
Epoch: 33 | Batch: 200 | CrossEntropy-loss: nan | Correct: 693/1280
Epoch: 33 | Batch: 300 | CrossEntropy-loss: nan | Correct: 651/1280
Epoch: 33 | Batch: 400 | CrossEntropy-loss: nan | Correct: 651/1280
Epoch: 33 | Batch: 500 | CrossEntropy-loss: nan | Correct: 642/1280
Epoch: 33 | Batch: 600 | CrossEntropy-loss: nan | Correct: 661/1280
Epoch: 33 | Batch: 700 | CrossEntropy-loss: nan | Correct: 663/1280
Epoch: 33 | Batch: 800 | CrossEntropy-loss: nan | Correct: 646/1280
Epoch: 33 | Batch: 900 | CrossEntropy-loss: nan | Correct: 631/1280
Epoch: 33 | Batch: 1000 | CrossEntropy-loss: nan | Correct: 680/1280
Epoch: 33 | Batch: 1100 | CrossEntropy-loss: nan | Correct: 661/1280
Epoch: 33 | Batch: 1200 | CrossEntropy-loss: nan | Correct: 634/1280
Epoch: 33 | Batch: 1300 | CrossEntropy-loss: nan | Correct: 670/1280
Epoch: 33 | Batch: 1400 | CrossEntropy-loss: nan | Correct: 634/1280
Epoch: 33 | Batch: 1500 | CrossEntropy-loss: nan | Correct: 650/1280

Epoch: 33 | Testing Accuracy: 259943/504607 (51.514%) | Historical Best: 96.295%

Epoch: 34 | Batch: 000 | CrossEntropy-loss: nan | Correct: 677/1280
Epoch: 34 | Batch: 100 | CrossEntropy-loss: nan | Correct: 658/1280
Epoch: 34 | Batch: 200 | CrossEntropy-loss: nan | Correct: 680/1280
Epoch: 34 | Batch: 300 | CrossEntropy-loss: nan | Correct: 658/1280
Epoch: 34 | Batch: 400 | CrossEntropy-loss: nan | Correct: 648/1280
Epoch: 34 | Batch: 500 | CrossEntropy-loss: nan | Correct: 668/1280
Epoch: 34 | Batch: 600 | CrossEntropy-loss: nan | Correct: 689/1280
Epoch: 34 | Batch: 700 | CrossEntropy-loss: nan | Correct: 666/1280
Epoch: 34 | Batch: 800 | CrossEntropy-loss: nan | Correct: 618/1280
Epoch: 34 | Batch: 900 | CrossEntropy-loss: nan | Correct: 644/1280
Epoch: 34 | Batch: 1000 | CrossEntropy-loss: nan | Correct: 624/1280
Epoch: 34 | Batch: 1100 | CrossEntropy-loss: nan | Correct: 652/1280
Epoch: 34 | Batch: 1200 | CrossEntropy-loss: nan | Correct: 652/1280
Epoch: 34 | Batch: 1300 | CrossEntropy-loss: nan | Correct: 658/1280
Epoch: 34 | Batch: 1400 | CrossEntropy-loss: nan | Correct: 659/1280
Epoch: 34 | Batch: 1500 | CrossEntropy-loss: nan | Correct: 657/1280

Epoch: 34 | Testing Accuracy: 259943/504607 (51.514%) | Historical Best: 96.295%

Epoch: 35 | Batch: 000 | CrossEntropy-loss: nan | Correct: 648/1280
Epoch: 35 | Batch: 100 | CrossEntropy-loss: nan | Correct: 670/1280
Epoch: 35 | Batch: 200 | CrossEntropy-loss: nan | Correct: 687/1280
Epoch: 35 | Batch: 300 | CrossEntropy-loss: nan | Correct: 667/1280
Epoch: 35 | Batch: 400 | CrossEntropy-loss: nan | Correct: 693/1280
Epoch: 35 | Batch: 500 | CrossEntropy-loss: nan | Correct: 658/1280
Epoch: 35 | Batch: 600 | CrossEntropy-loss: nan | Correct: 625/1280
Epoch: 35 | Batch: 700 | CrossEntropy-loss: nan | Correct: 643/1280
Epoch: 35 | Batch: 800 | CrossEntropy-loss: nan | Correct: 658/1280
Epoch: 35 | Batch: 900 | CrossEntropy-loss: nan | Correct: 667/1280
Epoch: 35 | Batch: 1000 | CrossEntropy-loss: nan | Correct: 623/1280
Epoch: 35 | Batch: 1100 | CrossEntropy-loss: nan | Correct: 626/1280
Epoch: 35 | Batch: 1200 | CrossEntropy-loss: nan | Correct: 675/1280
Epoch: 35 | Batch: 1300 | CrossEntropy-loss: nan | Correct: 632/1280
Epoch: 35 | Batch: 1400 | CrossEntropy-loss: nan | Correct: 665/1280
Epoch: 35 | Batch: 1500 | CrossEntropy-loss: nan | Correct: 651/1280

Epoch: 35 | Testing Accuracy: 259943/504607 (51.514%) | Historical Best: 96.295%

Epoch: 36 | Batch: 000 | CrossEntropy-loss: nan | Correct: 637/1280
Epoch: 36 | Batch: 100 | CrossEntropy-loss: nan | Correct: 665/1280
Epoch: 36 | Batch: 200 | CrossEntropy-loss: nan | Correct: 658/1280
Epoch: 36 | Batch: 300 | CrossEntropy-loss: nan | Correct: 690/1280
Epoch: 36 | Batch: 400 | CrossEntropy-loss: nan | Correct: 675/1280
Epoch: 36 | Batch: 500 | CrossEntropy-loss: nan | Correct: 698/1280
Epoch: 36 | Batch: 600 | CrossEntropy-loss: nan | Correct: 669/1280
Epoch: 36 | Batch: 700 | CrossEntropy-loss: nan | Correct: 676/1280
Epoch: 36 | Batch: 800 | CrossEntropy-loss: nan | Correct: 646/1280
Epoch: 36 | Batch: 900 | CrossEntropy-loss: nan | Correct: 640/1280
Epoch: 36 | Batch: 1000 | CrossEntropy-loss: nan | Correct: 633/1280
Epoch: 36 | Batch: 1100 | CrossEntropy-loss: nan | Correct: 645/1280
Epoch: 36 | Batch: 1200 | CrossEntropy-loss: nan | Correct: 667/1280
Epoch: 36 | Batch: 1300 | CrossEntropy-loss: nan | Correct: 670/1280
Epoch: 36 | Batch: 1400 | CrossEntropy-loss: nan | Correct: 651/1280
Epoch: 36 | Batch: 1500 | CrossEntropy-loss: nan | Correct: 650/1280

Epoch: 36 | Testing Accuracy: 259943/504607 (51.514%) | Historical Best: 96.295%

Epoch: 37 | Batch: 000 | CrossEntropy-loss: nan | Correct: 675/1280
Epoch: 37 | Batch: 100 | CrossEntropy-loss: nan | Correct: 641/1280
Epoch: 37 | Batch: 200 | CrossEntropy-loss: nan | Correct: 659/1280
Epoch: 37 | Batch: 300 | CrossEntropy-loss: nan | Correct: 662/1280
Epoch: 37 | Batch: 400 | CrossEntropy-loss: nan | Correct: 677/1280
Epoch: 37 | Batch: 500 | CrossEntropy-loss: nan | Correct: 653/1280
Epoch: 37 | Batch: 600 | CrossEntropy-loss: nan | Correct: 643/1280
Epoch: 37 | Batch: 700 | CrossEntropy-loss: nan | Correct: 663/1280
Epoch: 37 | Batch: 800 | CrossEntropy-loss: nan | Correct: 627/1280
Epoch: 37 | Batch: 900 | CrossEntropy-loss: nan | Correct: 655/1280
Epoch: 37 | Batch: 1000 | CrossEntropy-loss: nan | Correct: 658/1280
Epoch: 37 | Batch: 1100 | CrossEntropy-loss: nan | Correct: 639/1280
Epoch: 37 | Batch: 1200 | CrossEntropy-loss: nan | Correct: 625/1280
Epoch: 37 | Batch: 1300 | CrossEntropy-loss: nan | Correct: 646/1280
Epoch: 37 | Batch: 1400 | CrossEntropy-loss: nan | Correct: 666/1280
Epoch: 37 | Batch: 1500 | CrossEntropy-loss: nan | Correct: 655/1280

Epoch: 37 | Testing Accuracy: 259943/504607 (51.514%) | Historical Best: 96.295%

Epoch: 38 | Batch: 000 | CrossEntropy-loss: nan | Correct: 636/1280
Epoch: 38 | Batch: 100 | CrossEntropy-loss: nan | Correct: 630/1280
Epoch: 38 | Batch: 200 | CrossEntropy-loss: nan | Correct: 664/1280
Epoch: 38 | Batch: 300 | CrossEntropy-loss: nan | Correct: 709/1280
Epoch: 38 | Batch: 400 | CrossEntropy-loss: nan | Correct: 642/1280
Epoch: 38 | Batch: 500 | CrossEntropy-loss: nan | Correct: 631/1280
Epoch: 38 | Batch: 600 | CrossEntropy-loss: nan | Correct: 641/1280
Epoch: 38 | Batch: 700 | CrossEntropy-loss: nan | Correct: 659/1280
Epoch: 38 | Batch: 800 | CrossEntropy-loss: nan | Correct: 671/1280
Epoch: 38 | Batch: 900 | CrossEntropy-loss: nan | Correct: 647/1280
Epoch: 38 | Batch: 1000 | CrossEntropy-loss: nan | Correct: 700/1280
Epoch: 38 | Batch: 1100 | CrossEntropy-loss: nan | Correct: 619/1280
Epoch: 38 | Batch: 1200 | CrossEntropy-loss: nan | Correct: 654/1280
Epoch: 38 | Batch: 1300 | CrossEntropy-loss: nan | Correct: 657/1280
Epoch: 38 | Batch: 1400 | CrossEntropy-loss: nan | Correct: 657/1280
Epoch: 38 | Batch: 1500 | CrossEntropy-loss: nan | Correct: 694/1280

Epoch: 38 | Testing Accuracy: 259943/504607 (51.514%) | Historical Best: 96.295%

Epoch: 39 | Batch: 000 | CrossEntropy-loss: nan | Correct: 660/1280
Epoch: 39 | Batch: 100 | CrossEntropy-loss: nan | Correct: 662/1280
Epoch: 39 | Batch: 200 | CrossEntropy-loss: nan | Correct: 666/1280
Epoch: 39 | Batch: 300 | CrossEntropy-loss: nan | Correct: 662/1280
Epoch: 39 | Batch: 400 | CrossEntropy-loss: nan | Correct: 646/1280
Epoch: 39 | Batch: 500 | CrossEntropy-loss: nan | Correct: 654/1280
Epoch: 39 | Batch: 600 | CrossEntropy-loss: nan | Correct: 673/1280
Epoch: 39 | Batch: 700 | CrossEntropy-loss: nan | Correct: 662/1280
Epoch: 39 | Batch: 800 | CrossEntropy-loss: nan | Correct: 690/1280
Epoch: 39 | Batch: 900 | CrossEntropy-loss: nan | Correct: 672/1280
Epoch: 39 | Batch: 1000 | CrossEntropy-loss: nan | Correct: 678/1280
Epoch: 39 | Batch: 1100 | CrossEntropy-loss: nan | Correct: 656/1280
Epoch: 39 | Batch: 1200 | CrossEntropy-loss: nan | Correct: 674/1280
Epoch: 39 | Batch: 1300 | CrossEntropy-loss: nan | Correct: 683/1280
Epoch: 39 | Batch: 1400 | CrossEntropy-loss: nan | Correct: 645/1280
Epoch: 39 | Batch: 1500 | CrossEntropy-loss: nan | Correct: 688/1280

Epoch: 39 | Testing Accuracy: 259943/504607 (51.514%) | Historical Best: 96.295%

Epoch: 40 | Batch: 000 | CrossEntropy-loss: nan | Correct: 641/1280
Epoch: 40 | Batch: 100 | CrossEntropy-loss: nan | Correct: 665/1280
Epoch: 40 | Batch: 200 | CrossEntropy-loss: nan | Correct: 670/1280
Epoch: 40 | Batch: 300 | CrossEntropy-loss: nan | Correct: 683/1280
Epoch: 40 | Batch: 400 | CrossEntropy-loss: nan | Correct: 632/1280
Epoch: 40 | Batch: 500 | CrossEntropy-loss: nan | Correct: 656/1280
Epoch: 40 | Batch: 600 | CrossEntropy-loss: nan | Correct: 643/1280
Epoch: 40 | Batch: 700 | CrossEntropy-loss: nan | Correct: 689/1280
Epoch: 40 | Batch: 800 | CrossEntropy-loss: nan | Correct: 658/1280
Epoch: 40 | Batch: 900 | CrossEntropy-loss: nan | Correct: 702/1280
Epoch: 40 | Batch: 1000 | CrossEntropy-loss: nan | Correct: 675/1280
Epoch: 40 | Batch: 1100 | CrossEntropy-loss: nan | Correct: 637/1280
Epoch: 40 | Batch: 1200 | CrossEntropy-loss: nan | Correct: 617/1280
Epoch: 40 | Batch: 1300 | CrossEntropy-loss: nan | Correct: 669/1280
Epoch: 40 | Batch: 1400 | CrossEntropy-loss: nan | Correct: 650/1280
Epoch: 40 | Batch: 1500 | CrossEntropy-loss: nan | Correct: 629/1280

Epoch: 40 | Testing Accuracy: 259943/504607 (51.514%) | Historical Best: 96.295%

