compute003
4
[33mWARN: gym.spaces.Box autodetected dtype as <class 'numpy.float32'>. Please provide explicit dtype.[0m
(1, 60, 50) 3
Box(1, 60, 50)
/home/zihan/anaconda3/envs/exp/lib/python3.6/site-packages/gym/envs/registration.py:14: PkgResourcesDeprecationWarning: Parameters to load are deprecated.  Call .resolve and .require separately.
  result = entry_point.load(False)
[33mWARN: gym.spaces.Box autodetected dtype as <class 'numpy.float32'>. Please provide explicit dtype.[0m
/home/zihan/anaconda3/envs/exp/lib/python3.6/site-packages/gym/envs/registration.py:14: PkgResourcesDeprecationWarning: Parameters to load are deprecated.  Call .resolve and .require separately.
  result = entry_point.load(False)
Process Process-3:
Traceback (most recent call last):
  File "/home/zihan/anaconda3/envs/exp/lib/python3.6/multiprocessing/process.py", line 258, in _bootstrap
    self.run()
  File "/home/zihan/anaconda3/envs/exp/lib/python3.6/multiprocessing/process.py", line 93, in run
    self._target(*self._args, **self._kwargs)
  File "/home/zihan/Soft-Decision-Tree/image_based_envs/mp_lsdt_ppo_gae_discrete_cnn.py", line 198, in run
    model.train_net()
  File "/home/zihan/Soft-Decision-Tree/image_based_envs/mp_lsdt_ppo_gae_discrete_cnn.py", line 142, in train_net
    loss.mean().backward()
  File "/home/zihan/anaconda3/envs/exp/lib/python3.6/site-packages/torch/tensor.py", line 107, in backward
    torch.autograd.backward(self, gradient, retain_graph, create_graph)
  File "/home/zihan/anaconda3/envs/exp/lib/python3.6/site-packages/torch/autograd/__init__.py", line 93, in backward
    allow_unreachable=True)  # allow_unreachable flag
RuntimeError: CUDA out of memory. Tried to allocate 972.00 MiB (GPU 0; 10.92 GiB total capacity; 5.75 GiB already allocated; 187.50 MiB free; 958.35 MiB cached)
[33mWARN: gym.spaces.Box autodetected dtype as <class 'numpy.float32'>. Please provide explicit dtype.[0m
/home/zihan/anaconda3/envs/exp/lib/python3.6/site-packages/gym/envs/registration.py:14: PkgResourcesDeprecationWarning: Parameters to load are deprecated.  Call .resolve and .require separately.
  result = entry_point.load(False)
Process Process-1:
Traceback (most recent call last):
  File "/home/zihan/anaconda3/envs/exp/lib/python3.6/multiprocessing/process.py", line 258, in _bootstrap
    self.run()
  File "/home/zihan/anaconda3/envs/exp/lib/python3.6/multiprocessing/process.py", line 93, in run
    self._target(*self._args, **self._kwargs)
  File "/home/zihan/Soft-Decision-Tree/image_based_envs/mp_lsdt_ppo_gae_discrete_cnn.py", line 198, in run
    model.train_net()
  File "/home/zihan/Soft-Decision-Tree/image_based_envs/mp_lsdt_ppo_gae_discrete_cnn.py", line 123, in train_net
    delta = td_target - self.v(s)
  File "/home/zihan/Soft-Decision-Tree/image_based_envs/mp_lsdt_ppo_gae_discrete_cnn.py", line 87, in v
    x = self.in_layer1(x)
  File "/home/zihan/anaconda3/envs/exp/lib/python3.6/site-packages/torch/nn/modules/module.py", line 493, in __call__
    result = self.forward(*input, **kwargs)
  File "/home/zihan/anaconda3/envs/exp/lib/python3.6/site-packages/torch/nn/modules/container.py", line 92, in forward
    input = module(input)
  File "/home/zihan/anaconda3/envs/exp/lib/python3.6/site-packages/torch/nn/modules/module.py", line 493, in __call__
    result = self.forward(*input, **kwargs)
  File "/home/zihan/anaconda3/envs/exp/lib/python3.6/site-packages/torch/nn/modules/activation.py", line 99, in forward
    return F.relu(input, inplace=self.inplace)
  File "/home/zihan/anaconda3/envs/exp/lib/python3.6/site-packages/torch/nn/functional.py", line 943, in relu
    result = torch.relu(input)
RuntimeError: CUDA out of memory. Tried to allocate 338.00 MiB (GPU 0; 10.92 GiB total capacity; 2.25 GiB already allocated; 187.50 MiB free; 21.03 MiB cached)
slurmstepd: error: *** JOB 218137 ON compute003 CANCELLED AT 2020-06-18T11:19:33 ***
/home/zihan/anaconda3/envs/exp/lib/python3.6/multiprocessing/semaphore_tracker.py:143: UserWarning: semaphore_tracker: There appear to be 3 leaked semaphores to clean up at shutdown
  len(cache))
